226251.00000
645971.00000
636884.00000
957070.00000
766904.00000
1636014.00000
1358450.00000
1394185.00000
1477448.00000
880333.00000
95350.00000
727960.00000
198212.00000
655192.00000
204826.00000
409867.00000
594457.00000
1917122.00000
47608.00000
671534.00000
962584.00000
985474.00000
576348.00000
942033.00000
576956.00000
359647.00000
33033.00000
410485.00000
932741.00000
1177689.00000
532048.00000
347162.00000
1004616.00000
1199376.00000
21480.00000
2048033.00000
803332.00000
17403.00000
497628.00000
891855.00000
461565.00000
1759318.00000
206979.00000
2459009.00000
731603.00000
634782.00000
699534.00000
994819.00000
1243748.00000
310097.00000
402805.00000
887886.00000
102382.00000
781901.00000
1197658.00000
111681.00000
799070.00000
546130.00000
600188.00000
176482.00000
326255.00000
471032.00000
909407.00000
48565.00000
175399.00000
982361.00000
669204.00000
1668884.00000
448723.00000
580732.00000
1879445.00000
1509357.00000
855586.00000
116874.00000
658669.00000
202320.00000
670092.00000
583021.00000
787493.00000
828463.00000
1449271.00000
920563.00000
491282.00000
290101.00000
1721957.00000
1542769.00000
727523.00000
606835.00000
522973.00000
215246.00000
1013222.00000
393884.00000
235276.00000
948041.00000
715394.00000
541366.00000
767720.00000
1242037.00000
309712.00000
2870061.00000
