76.45 206.58
46.66 133.39
37.76 198.09
40.70 60.63
55.04 138.63
46.84 202.24
30.21 245.91
62.03 121.19
81.20 172.52
79.31 250.95
73.63 174.91
38.65 114.16
21.83 265.61
63.27 122.88
27.63 212.56
41.03 220.31
34.88 67.93
58.24 218.59
71.56 277.59
15.21 295.98
44.59 91.74
61.29 251.10
19.73 264.81
32.20 171.32
43.66 115.86
54.63 103.33
42.65 131.12
47.83 217.96
34.66 175.09
72.23 269.07
26.49 191.60
48.11 144.01
24.51 269.57
77.07 279.74
80.29 309.44
45.11 135.96
56.04 236.05
32.93 157.65
42.39 141.96
60.21 211.18
43.80 202.74
32.90 142.21
55.33 233.15
24.07 255.25
50.12 210.63
24.24 196.42
80.81 308.16
65.76 115.14
55.28 130.15
74.86 308.61
22.56 107.65
39.67 216.71
19.51 231.32
32.29 185.26
39.05 182.32
73.83 158.68
60.57 140.20
85.32 519.40
20.91 276.34
37.86 206.20
86.56 401.49
44.30 144.56
51.54 156.31
71.91 149.17
80.82 243.50
65.85 216.33
55.57 143.51
73.30 262.05
46.84 214.19
42.61 87.74
42.94 222.38
53.12 193.82
39.15 205.72
69.23 200.30
31.78 142.33
68.55 190.72
67.88 188.07
28.39 214.66
77.62 148.40
28.37 198.05
63.66 73.58
60.35 219.37
73.49 304.05
22.81 161.92
32.74 214.07
73.09 313.02
86.05 433.16
44.29 209.99
30.81 229.54
29.84 124.12
45.06 210.31
35.08 212.12
47.48 122.78
43.78 68.26
45.67 141.73
82.44 311.88
32.11 208.64
40.05 203.46
44.71 198.80
48.67 154.92
