Shawn   Eric    Tiffany Grace   Rea     Cici   
Happy   Zero    Steve   Salex   Jason   Simon  
Jasmine Shirley Willian Zalex   Cindy   Selina 
Cathy   Jimmy   Alice   Cadenza Jessica Emily  
Shea    Lalex   Chole   Paul    Aron    Angle  

Cathy   Shea    Zero    Happy   Alice   Chole  
Selina  Cindy   Shawn   Eric    Shirley Jasmine
Simon   Jason   Cadenza Paul    Rea     Cici   
Aron    Grace   Willian Steve   Jimmy   Angle  
Jessica Tiffany Zalex   Salex   Lalex   Emily  

Shirley Paul    Zero    Shawn   Jason   Simon  
Jasmine Cadenza Happy   Eric    Chole   Alice  
Lalex   Jimmy   Selina  Cindy   Angle   Emily  
Zalex   Jessica Cici    Tiffany Cathy   Salex  
Willian Aron    Rea     Grace   Shea    Steve  

Chole   Happy   Zero    Cadenza Emily   Angle  
Alice   Eric    Shawn   Paul    Rea     Cici   
Willian Zalex   Jason   Simon   Aron    Jessica
Lalex   Salex   Selina  Jasmine Tiffany Cathy  
Jimmy   Steve   Cindy   Shirley Grace   Shea   

Zero    Shawn   Jasmine Cici    Jason   Simon  
Eric    Happy   Shirley Rea     Lalex   Jimmy  
Steve   Salex   Selina  Cindy   Aron    Jessica
Zalex   Emily   Cathy   Alice   Cadenza Grace  
Willian Angle   Shea    Chole   Paul    Tiffany

Rea     Cici    Lalex   Jimmy   Zero    Happy  
Simon   Jason   Shea    Cathy   Eric    Shawn  
Salex   Steve   Selina  Cindy   Angle   Emily  
Aron    Willian Chole   Paul    Grace   Shirley
Jessica Zalex   Alice   Cadenza Tiffany Jasmine

Jimmy   Lalex   Simon   Jason   Shawn   Happy  
Jessica Aron    Cici    Rea     Zero    Eric   
Willian Zalex   Tiffany Grace   Cindy   Selina 
Angle   Chole   Paul    Shirley Steve   Shea   
Emily   Alice   Cadenza Jasmine Salex   Cathy  

Shirley Paul    Tiffany Grace   Eric    Happy  
Jasmine Cadenza Selina  Cindy   Shawn   Zero   
Jessica Aron    Jason   Simon   Alice   Chole  
Zalex   Cathy   Emily   Steve   Rea     Lalex  
Willian Shea    Angle   Salex   Cici    Jimmy  

Steve   Shirley Jasmine Jessica Zero    Eric   
Salex   Chole   Alice   Aron    Happy   Shawn  
Emily   Angle   Selina  Cindy   Shea    Cathy  
Grace   Cici    Willian Cadenza Simon   Lalex  
Tiffany Rea     Zalex   Paul    Jason   Jimmy  

Angle   Emily   Jason   Cindy   Zero    Happy  
Salex   Steve   Simon   Selina  Eric    Shawn  
Willian Zalex   Jasmine Shirley Alice   Chole  
Cici    Jimmy   Paul    Jessica Grace   Shea   
Rea     Lalex   Cadenza Aron    Tiffany Cathy  

Grace   Jessica Steve   Emily   Shawn   Zero   
Tiffany Aron    Salex   Angle   Happy   Eric   
Jimmy   Lalex   Shea    Cathy   Zalex   Willian
Cadenza Chole   Cici    Simon   Cindy   Jasmine
Paul    Alice   Rea     Jason   Selina  Shirley

Cici    Zero    Eric    Jimmy   Lalex   Cindy  
Rea     Happy   Shawn   Zalex   Willian Selina 
Jason   Simon   Alice   Chole   Jessica Aron   
Shea    Angle   Salex   Shirley Tiffany Paul   
Cathy   Emily   Steve   Jasmine Grace   Cadenza

Happy   Eric    Cathy   Paul    Cadenza Jasmine
Zero    Shawn   Shea    Cindy   Selina  Shirley
Angle   Emily   Jason   Simon   Jessica Aron   
Rea     Steve   Lalex   Willian Grace   Chole  
Cici    Salex   Jimmy   Zalex   Tiffany Alice  

Willian Jasmine Shirley Eric    Happy   Salex  
Zalex   Grace   Tiffany Shawn   Zero    Steve  
Cici    Rea     Cathy   Shea    Simon   Jason  
Alice   Lalex   Angle   Selina  Aron    Paul   
Chole   Jimmy   Emily   Cindy   Jessica Cadenza

Steve   Salex   Shea    Happy   Shawn   Cadenza
Chole   Alice   Cathy   Zero    Eric    Paul   
Grace   Tiffany Shirley Jasmine Zalex   Willian
Simon   Selina  Angle   Cici    Jimmy   Aron   
Jason   Cindy   Emily   Rea     Lalex   Jessica

Jessica Lalex   Emily   Happy   Zero    Rea    
Aron    Jimmy   Angle   Eric    Shawn   Cici   
Cadenza Paul    Salex   Steve   Jasmine Shirley
Simon   Grace   Selina  Shea    Willian Chole  
Jason   Tiffany Cindy   Cathy   Zalex   Alice  

Eric    Happy   Willian Zalex   Cathy   Jason  
Zero    Shawn   Angle   Emily   Shea    Simon  
Aron    Jessica Chole   Alice   Salex   Steve  
Lalex   Selina  Shirley Cici    Cadenza Grace  
Jimmy   Cindy   Jasmine Rea     Paul    Tiffany

Jessica Aron    Zero    Shawn   Emily   Steve  
Rea     Cici    Happy   Eric    Angle   Salex  
Cathy   Shea    Jimmy   Lalex   Willian Zalex  
Cadenza Jasmine Cindy   Chole   Simon   Grace  
Paul    Shirley Selina  Alice   Jason   Tiffany

Angle   Simon   Eric    Zero    Cadenza Shirley
Emily   Jason   Shawn   Happy   Paul    Jasmine
Alice   Chole   Jimmy   Lalex   Cindy   Selina 
Cici    Jessica Shea    Grace   Willian Steve  
Rea     Aron    Cathy   Tiffany Zalex   Salex  

Simon   Shawn   Happy   Aron    Cathy   Steve  
Jason   Eric    Zero    Jessica Shea    Salex  
Cadenza Paul    Alice   Chole   Willian Zalex  
Lalex   Rea     Selina  Jasmine Emily   Grace  
Jimmy   Cici    Cindy   Shirley Angle   Tiffany

Happy   Eric    Aron    Chole   Shea    Selina 
Shawn   Zero    Jessica Alice   Cathy   Cindy  
Zalex   Willian Simon   Jason   Emily   Angle  
Steve   Paul    Grace   Rea     Jimmy   Jasmine
Salex   Cadenza Tiffany Cici    Lalex   Shirley

Zero    Shawn   Salex   Steve   Aron    Jessica
Happy   Eric    Paul    Cadenza Cathy   Shea   
Shirley Jasmine Simon   Jason   Jimmy   Lalex  
Rea     Cindy   Tiffany Angle   Willian Chole  
Cici    Selina  Grace   Emily   Zalex   Alice  

Zalex   Willian Zero    Happy   Jimmy   Lalex  
Aron    Jessica Eric    Shawn   Jason   Simon  
Paul    Cadenza Grace   Tiffany Shirley Jasmine
Cindy   Angle   Cici    Alice   Cathy   Steve  
Selina  Emily   Rea     Chole   Shea    Salex  

Shea    Jasmine Happy   Eric    Paul    Cadenza
Cathy   Shirley Shawn   Zero    Angle   Emily  
Zalex   Willian Jason   Simon   Grace   Tiffany
Steve   Jimmy   Chole   Aron    Cici    Selina 
Salex   Lalex   Alice   Jessica Rea     Cindy  

Cathy   Eric    Shawn   Simon   Steve   Salex  
Shea    Zero    Happy   Jason   Jimmy   Lalex  
Shirley Jasmine Emily   Angle   Paul    Cadenza
Alice   Jessica Willian Cici    Grace   Cindy  
Chole   Aron    Zalex   Rea     Tiffany Selina 

Eric    Shawn   Angle   Zalex   Shea    Cathy  
Zero    Happy   Emily   Willian Salex   Steve  
Aron    Jessica Selina  Cindy   Simon   Jason  
Tiffany Rea     Shirley Alice   Lalex   Paul   
Grace   Cici    Jasmine Chole   Jimmy   Cadenza

Alice   Chole   Lalex   Jimmy   Cathy   Shea   
Eric    Happy   Cadenza Paul    Shirley Jasmine
Shawn   Zero    Jessica Aron    Tiffany Grace  
Emily   Jason   Selina  Zalex   Cici    Steve  
Angle   Simon   Cindy   Willian Rea     Salex  

Happy   Eric    Shirley Jasmine Cindy   Selina 
Zero    Shawn   Jessica Aron    Zalex   Willian
Alice   Chole   Cathy   Shea    Jason   Simon  
Emily   Grace   Rea     Salex   Cadenza Jimmy  
Angle   Tiffany Cici    Steve   Paul    Lalex  

Happy   Eric    Angle   Emily   Alice   Chole  
Zero    Shawn   Steve   Salex   Shea    Cathy  
Grace   Jimmy   Jason   Cici    Zalex   Cadenza
Tiffany Lalex   Simon   Rea     Willian Paul   
Aron    Jessica Cindy   Selina  Shirley Jasmine

Jasmine Shirley Eric    Zero    Emily   Angle  
Jason   Simon   Happy   Shawn   Chole   Alice  
Salex   Rea     Tiffany Selina  Cadenza Zalex  
Steve   Cici    Grace   Cindy   Paul    Willian
Jimmy   Lalex   Cathy   Shea    Jessica Aron   

Lalex   Cindy   Shawn   Eric    Salex   Steve  
Jimmy   Selina  Zero    Happy   Angle   Emily  
Willian Jasmine Paul    Alice   Jessica Cici   
Zalex   Shirley Cadenza Chole   Aron    Rea    
Tiffany Grace   Simon   Jason   Shea    Cathy  

Steve   Shawn   Happy   Jason   Grace   Tiffany
Salex   Eric    Zero    Simon   Zalex   Willian
Alice   Emily   Jasmine Paul    Jessica Selina 
Chole   Angle   Shirley Cadenza Aron    Cindy  
Jimmy   Lalex   Rea     Cici    Cathy   Shea   

Shawn   Eric    Cathy   Angle   Selina  Cindy  
Zero    Happy   Shea    Emily   Shirley Jasmine
Jason   Zalex   Cici    Alice   Lalex   Aron   
Simon   Willian Rea     Chole   Jimmy   Jessica
Grace   Tiffany Paul    Cadenza Steve   Salex  

Paul    Cadenza Cici    Rea     Happy   Eric   
Angle   Emily   Salex   Steve   Shawn   Zero   
Grace   Aron    Cindy   Jasmine Zalex   Cathy  
Tiffany Jessica Selina  Shirley Willian Shea   
Alice   Chole   Jason   Simon   Jimmy   Lalex  

Zalex   Willian Aron    Jessica Happy   Zero   
Jason   Simon   Jasmine Shirley Shawn   Eric   
Cathy   Steve   Chole   Cici    Lalex   Paul   
Shea    Salex   Alice   Rea     Jimmy   Cadenza
Angle   Emily   Grace   Tiffany Selina  Cindy  

Salex   Lalex   Rea     Cici    Shawn   Zero   
Steve   Jimmy   Alice   Chole   Happy   Eric   
Selina  Shea    Cadenza Emily   Jason   Zalex  
Cindy   Cathy   Paul    Angle   Simon   Willian
Jasmine Shirley Grace   Tiffany Aron    Jessica

Jessica Tiffany Grace   Willian Happy   Shawn  
Aron    Salex   Steve   Zalex   Eric    Zero   
Lalex   Jason   Shirley Shea    Paul    Cindy  
Jimmy   Simon   Jasmine Cathy   Cadenza Selina 
Chole   Alice   Cici    Rea     Emily   Angle  

Paul    Cadenza Cathy   Emily   Shawn   Happy  
Shirley Jasmine Shea    Angle   Zero    Eric   
Cici    Jason   Zalex   Grace   Steve   Alice  
Rea     Simon   Willian Tiffany Salex   Chole  
Selina  Cindy   Jessica Aron    Jimmy   Lalex  

Selina  Shirley Cici    Alice   Eric    Zero   
Cindy   Jasmine Rea     Chole   Shawn   Happy  
Salex   Zalex   Emily   Grace   Simon   Cathy  
Steve   Willian Angle   Tiffany Jason   Shea   
Aron    Jessica Lalex   Jimmy   Paul    Cadenza

Steve   Happy   Shawn   Rea     Cici    Paul   
Salex   Eric    Zero    Grace   Tiffany Cadenza
Shea    Chole   Jimmy   Emily   Aron    Selina 
Cathy   Alice   Lalex   Angle   Jessica Cindy  
Willian Zalex   Jason   Simon   Jasmine Shirley

Happy   Zero    Alice   Cadenza Paul    Emily  
Shawn   Eric    Chole   Salex   Steve   Angle  
Jasmine Tiffany Jimmy   Willian Cindy   Cathy  
Shirley Grace   Lalex   Zalex   Selina  Shea   
Simon   Jason   Rea     Cici    Aron    Jessica

Shirley Emily   Angle   Eric    Happy   Jimmy  
Jasmine Alice   Chole   Shawn   Zero    Lalex  
Aron    Cadenza Zalex   Cathy   Salex   Cici   
Jessica Paul    Willian Shea    Steve   Rea    
Jason   Simon   Selina  Cindy   Tiffany Grace  

Selina  Cindy   Shirley Happy   Eric    Simon  
Aron    Jessica Jasmine Zero    Shawn   Jason  
Cadenza Cici    Lalex   Willian Chole   Steve  
Paul    Rea     Jimmy   Zalex   Alice   Salex  
Grace   Tiffany Shea    Cathy   Angle   Emily  

Lalex   Cathy   Angle   Happy   Eric    Jessica
Jimmy   Shea    Emily   Shawn   Zero    Aron   
Chole   Shirley Simon   Rea     Willian Grace  
Alice   Jasmine Jason   Cici    Zalex   Tiffany
Paul    Cadenza Selina  Cindy   Steve   Salex  

Shawn   Eric    Aron    Jessica Rea     Cadenza
Happy   Zero    Emily   Angle   Cici    Paul   
Chole   Shirley Zalex   Jimmy   Selina  Jason  
Alice   Jasmine Willian Lalex   Cindy   Simon  
Cathy   Shea    Tiffany Grace   Salex   Steve  

Alice   Chole   Eric    Happy   Zalex   Lalex  
Emily   Angle   Zero    Shawn   Willian Jimmy  
Simon   Shirley Shea    Selina  Paul    Grace  
Jason   Jasmine Cathy   Cindy   Cadenza Tiffany
Jessica Aron    Steve   Salex   Rea     Cici   

Shea    Cindy   Happy   Eric    Grace   Cadenza
Cathy   Selina  Shawn   Zero    Tiffany Paul   
Aron    Angle   Rea     Steve   Alice   Simon  
Jessica Emily   Cici    Salex   Chole   Jason  
Willian Zalex   Jimmy   Lalex   Shirley Jasmine

Shea    Zero    Shawn   Grace   Chole   Lalex  
Cathy   Eric    Happy   Tiffany Alice   Jimmy  
Salex   Jessica Simon   Paul    Willian Rea    
Steve   Aron    Jason   Cadenza Zalex   Cici   
Cindy   Selina  Jasmine Shirley Angle   Emily  

Eric    Zero    Jasmine Rea     Cadenza Cindy  
Happy   Shawn   Shirley Cici    Paul    Selina 
Salex   Simon   Alice   Jimmy   Cathy   Jessica
Steve   Jason   Chole   Lalex   Shea    Aron   
Angle   Emily   Willian Zalex   Tiffany Grace  

Happy   Eric    Willian Zalex   Cathy   Shea   
Zero    Shawn   Emily   Angle   Tiffany Grace  
Steve   Salex   Cici    Rea     Shirley Jasmine
Jimmy   Lalex   Cindy   Selina  Aron    Jessica
Alice   Chole   Simon   Jason   Paul    Cadenza

Emily   Angle   Happy   Zero    Lalex   Jimmy  
Cindy   Selina  Eric    Shawn   Zalex   Willian
Jasmine Shirley Steve   Salex   Jason   Simon  
Shea    Cathy   Chole   Alice   Rea     Cici   
Cadenza Paul    Tiffany Grace   Jessica Aron   

Tiffany Simon   Shawn   Happy   Cathy   Shea   
Grace   Jason   Eric    Zero    Emily   Angle  
Jasmine Shirley Salex   Steve   Willian Zalex  
Jimmy   Lalex   Aron    Jessica Rea     Cici   
Cadenza Paul    Alice   Chole   Selina  Cindy  

Emily   Shawn   Happy   Rea     Salex   Steve  
Angle   Eric    Zero    Cici    Jimmy   Lalex  
Cindy   Selina  Willian Zalex   Jasmine Shirley
Aron    Jessica Tiffany Grace   Paul    Cadenza
Chole   Alice   Shea    Cathy   Simon   Jason  

Shawn   Happy   Simon   Willian Steve   Salex  
Zero    Eric    Jason   Zalex   Alice   Chole  
Shirley Jasmine Jimmy   Lalex   Aron    Jessica
Cathy   Shea    Selina  Cindy   Paul    Cadenza
Tiffany Grace   Rea     Cici    Angle   Emily  

Grace   Tiffany Chole   Alice   Happy   Zero   
Simon   Jason   Jasmine Shirley Shawn   Eric   
Shea    Cathy   Jimmy   Lalex   Cadenza Paul   
Jessica Aron    Steve   Salex   Rea     Cici   
Angle   Emily   Willian Zalex   Selina  Cindy  

Jason   Simon   Cadenza Paul    Zero    Eric   
Cindy   Selina  Alice   Chole   Happy   Shawn  
Jasmine Shirley Rea     Cici    Emily   Angle  
Salex   Steve   Tiffany Grace   Jimmy   Lalex  
Aron    Jessica Shea    Cathy   Willian Zalex  

Cadenza Chole   Jimmy   Lalex   Happy   Eric   
Paul    Alice   Simon   Jason   Shawn   Zero   
Willian Zalex   Cici    Rea     Selina  Cindy  
Jessica Aron    Shea    Cathy   Shirley Jasmine
Salex   Steve   Angle   Emily   Tiffany Grace  

Jimmy   Jason   Simon   Angle   Zero    Happy  
Lalex   Cathy   Shea    Emily   Eric    Shawn  
Rea     Cici    Grace   Tiffany Alice   Chole  
Shirley Jasmine Cindy   Selina  Aron    Jessica
Cadenza Paul    Steve   Salex   Willian Zalex  

Selina  Cindy   Paul    Cathy   Eric    Shawn  
Angle   Emily   Cadenza Shea    Happy   Zero   
Steve   Salex   Aron    Jessica Chole   Alice  
Rea     Cici    Zalex   Willian Jasmine Shirley
Lalex   Jimmy   Grace   Tiffany Jason   Simon  

Paul    Grace   Steve   Selina  Shawn   Zero   
Cadenza Tiffany Salex   Cindy   Eric    Happy  
Willian Zalex   Shea    Cathy   Shirley Jasmine
Alice   Chole   Jessica Aron    Jason   Simon  
Cici    Rea     Angle   Emily   Lalex   Jimmy  

Steve   Zero    Eric    Jasmine Shirley Tiffany
Salex   Happy   Shawn   Angle   Emily   Grace  
Simon   Jason   Willian Zalex   Cindy   Selina 
Cadenza Paul    Cici    Rea     Cathy   Shea   
Jessica Aron    Jimmy   Lalex   Alice   Chole  

Zero    Happy   Tiffany Jason   Simon   Cathy  
Shawn   Eric    Grace   Steve   Salex   Shea   
Jasmine Shirley Paul    Cadenza Selina  Cindy  
Jessica Aron    Chole   Alice   Willian Zalex  
Lalex   Jimmy   Rea     Cici    Emily   Angle  

Angle   Salex   Steve   Happy   Zero    Selina 
Emily   Shirley Jasmine Shawn   Eric    Cindy  
Willian Zalex   Simon   Jason   Alice   Chole  
Jimmy   Lalex   Aron    Jessica Shea    Cathy  
Cici    Rea     Grace   Tiffany Cadenza Paul   

Paul    Cadenza Cici    Happy   Zero    Lalex  
Jason   Simon   Rea     Eric    Shawn   Jimmy  
Steve   Salex   Jessica Aron    Willian Zalex  
Selina  Cindy   Shea    Cathy   Emily   Angle  
Chole   Alice   Jasmine Shirley Tiffany Grace  

Shirley Cici    Jessica Eric    Happy   Steve  
Jasmine Rea     Aron    Shawn   Zero    Salex  
Lalex   Jimmy   Selina  Cindy   Shea    Cathy  
Simon   Jason   Paul    Cadenza Willian Zalex  
Angle   Emily   Tiffany Grace   Chole   Alice  

Eric    Happy   Angle   Emily   Salex   Jimmy  
Shawn   Zero    Shirley Jasmine Steve   Lalex  
Zalex   Willian Simon   Jason   Cindy   Selina 
Cici    Rea     Cathy   Shea    Cadenza Paul   
Alice   Chole   Aron    Jessica Grace   Tiffany

Salex   Steve   Eric    Shawn   Chole   Selina 
Tiffany Grace   Zero    Happy   Alice   Cindy  
Jimmy   Lalex   Emily   Angle   Shirley Jasmine
Aron    Jessica Willian Zalex   Cathy   Shea   
Cici    Rea     Simon   Jason   Paul    Cadenza

Angle   Zalex   Eric    Shawn   Grace   Jessica
Emily   Willian Happy   Zero    Tiffany Aron   
Alice   Chole   Paul    Cadenza Steve   Salex  
Simon   Jason   Jasmine Shirley Cici    Rea    
Shea    Cathy   Lalex   Jimmy   Selina  Cindy  

Cici    Eric    Shawn   Chole   Shirley Emily  
Rea     Zero    Happy   Alice   Jasmine Angle  
Willian Zalex   Jason   Simon   Selina  Cindy  
Tiffany Grace   Paul    Cadenza Lalex   Jimmy  
Salex   Steve   Aron    Jessica Cathy   Shea   

Eric    Shawn   Tiffany Cathy   Chole   Jessica
Zero    Happy   Grace   Shea    Alice   Aron   
Paul    Cadenza Lalex   Jimmy   Angle   Emily  
Steve   Salex   Rea     Cici    Zalex   Willian
Shirley Jasmine Jason   Simon   Cindy   Selina 

Shawn   Eric    Shirley Jasmine Shea    Cathy  
Happy   Zero    Rea     Cici    Zalex   Willian
Simon   Jason   Paul    Cadenza Salex   Steve  
Alice   Chole   Emily   Angle   Selina  Cindy  
Lalex   Jimmy   Jessica Aron    Tiffany Grace  

Jimmy   Lalex   Happy   Eric    Chole   Alice  
Cadenza Paul    Shawn   Zero    Simon   Jason  
Willian Zalex   Cindy   Selina  Cathy   Shea   
Steve   Salex   Rea     Cici    Jessica Aron   
Tiffany Grace   Jasmine Shirley Emily   Angle  

Simon   Jessica Zero    Shawn   Angle   Emily  
Jason   Aron    Happy   Eric    Selina  Cindy  
Cathy   Shea    Cadenza Paul    Willian Zalex  
Salex   Steve   Rea     Cici    Shirley Jasmine
Alice   Chole   Grace   Tiffany Jimmy   Lalex  

Zalex   Eric    Happy   Shirley Chole   Alice  
Willian Zero    Shawn   Jasmine Jessica Aron   
Tiffany Grace   Simon   Jason   Lalex   Jimmy  
Steve   Salex   Emily   Angle   Cathy   Shea   
Rea     Cici    Selina  Cindy   Cadenza Paul   

Shawn   Happy   Grace   Selina  Alice   Chole  
Eric    Zero    Tiffany Cindy   Angle   Emily  
Jasmine Shirley Jimmy   Lalex   Steve   Salex  
Aron    Jessica Cadenza Paul    Willian Zalex  
Rea     Cici    Jason   Simon   Cathy   Shea   

Cadenza Paul    Lalex   Jimmy   Cici    Rea    
Zero    Shawn   Emily   Angle   Selina  Cindy  
Happy   Eric    Jason   Simon   Willian Zalex  
Shea    Cathy   Aron    Jessica Jasmine Shirley
Grace   Tiffany Alice   Chole   Salex   Steve  

Happy   Eric    Grace   Tiffany Willian Zalex  
Zero    Shawn   Steve   Salex   Cadenza Paul   
Shea    Cathy   Rea     Cici    Cindy   Selina 
Jessica Aron    Alice   Chole   Emily   Angle  
Simon   Jason   Jasmine Shirley Lalex   Jimmy  

Shawn   Eric    Cadenza Paul    Selina  Cindy  
Happy   Zero    Grace   Tiffany Jimmy   Lalex  
Zalex   Cici    Alice   Shea    Simon   Jason  
Willian Rea     Chole   Cathy   Shirley Jasmine
Steve   Salex   Emily   Angle   Jessica Aron   

Selina  Cindy   Zero    Eric    Tiffany Grace  
Simon   Jason   Happy   Shawn   Shea    Cathy  
Paul    Steve   Angle   Chole   Lalex   Jimmy  
Cadenza Salex   Emily   Alice   Jasmine Shirley
Rea     Cici    Willian Zalex   Jessica Aron   

Zalex   Aron    Shawn   Happy   Shea    Cathy  
Willian Jessica Zero    Eric    Chole   Alice  
Selina  Jasmine Steve   Lalex   Tiffany Grace  
Cindy   Shirley Salex   Jimmy   Cici    Rea    
Cadenza Paul    Angle   Emily   Jason   Simon  

Jimmy   Shawn   Eric    Paul    Angle   Emily  
Lalex   Happy   Zero    Cadenza Willian Zalex  
Selina  Jason   Shirley Chole   Salex   Steve  
Cindy   Simon   Jasmine Alice   Rea     Cici   
Aron    Jessica Tiffany Grace   Shea    Cathy  

Happy   Eric    Rea     Shea    Salex   Steve  
Shawn   Zero    Cici    Cathy   Simon   Jason  
Zalex   Jessica Emily   Shirley Jimmy   Lalex  
Willian Aron    Angle   Jasmine Alice   Chole  
Cadenza Paul    Tiffany Grace   Cindy   Selina 

Eric    Zero    Jimmy   Lalex   Alice   Chole  
Shawn   Happy   Salex   Steve   Cathy   Shea   
Rea     Cici    Zalex   Willian Emily   Angle  
Jessica Aron    Selina  Cindy   Grace   Tiffany
Shirley Jasmine Cadenza Paul    Jason   Simon  

Emily   Angle   Zero    Eric    Aron    Jessica
Paul    Cadenza Shawn   Happy   Cici    Rea    
Cindy   Selina  Salex   Steve   Chole   Alice  
Shirley Jasmine Grace   Tiffany Cathy   Shea   
Jason   Simon   Jimmy   Lalex   Zalex   Willian

Jimmy   Tiffany Shawn   Eric    Emily   Angle  
Lalex   Grace   Happy   Zero    Chole   Alice  
Paul    Cadenza Jessica Aron    Willian Zalex  
Salex   Steve   Jasmine Shirley Cici    Rea    
Selina  Cindy   Shea    Cathy   Simon   Jason  

Jessica Shawn   Happy   Shirley Shea    Cathy  
Aron    Zero    Eric    Jasmine Willian Zalex  
Salex   Steve   Cadenza Paul    Chole   Alice  
Selina  Cindy   Jason   Simon   Emily   Angle  
Tiffany Grace   Cici    Rea     Jimmy   Lalex  

Eric    Happy   Alice   Aron    Cathy   Shea   
Shawn   Zero    Chole   Jessica Shirley Jasmine
Rea     Cici    Steve   Salex   Lalex   Jimmy  
Jason   Simon   Emily   Angle   Willian Zalex  
Cadenza Paul    Grace   Tiffany Selina  Cindy  

Shea    Cathy   Cindy   Selina  Grace   Tiffany
Zero    Happy   Chole   Alice   Shirley Jasmine
Shawn   Eric    Salex   Steve   Paul    Cadenza
Simon   Jason   Jimmy   Lalex   Emily   Angle  
Aron    Jessica Rea     Cici    Zalex   Willian

Eric    Shawn   Emily   Angle   Grace   Tiffany
Happy   Zero    Steve   Salex   Simon   Jason  
Alice   Chole   Shirley Jasmine Cathy   Shea   
Cindy   Selina  Jessica Aron    Jimmy   Lalex  
Zalex   Willian Cadenza Paul    Rea     Cici   

Zero    Happy   Shea    Cathy   Willian Zalex  
Shawn   Eric    Paul    Cadenza Lalex   Jimmy  
Rea     Chole   Grace   Tiffany Emily   Angle  
Cici    Alice   Shirley Jasmine Jason   Simon  
Selina  Cindy   Aron    Jessica Steve   Salex  

Jason   Simon   Paul    Cadenza Selina  Cindy  
Angle   Emily   Zalex   Willian Cathy   Shea   
Zero    Shawn   Jasmine Shirley Jimmy   Lalex  
Happy   Eric    Cici    Rea     Jessica Aron   
Steve   Salex   Alice   Chole   Grace   Tiffany

Rea     Jessica Jasmine Shirley Zalex   Willian
Cici    Aron    Emily   Angle   Simon   Jason  
Eric    Shawn   Paul    Cadenza Jimmy   Lalex  
Zero    Happy   Salex   Steve   Chole   Alice  
Shea    Cathy   Grace   Tiffany Selina  Cindy  

Simon   Jason   Shirley Jasmine Emily   Angle  
Shawn   Zero    Salex   Steve   Tiffany Grace  
Eric    Happy   Alice   Chole   Shea    Cathy  
Cadenza Paul    Lalex   Jimmy   Rea     Cici   
Zalex   Willian Jessica Aron    Selina  Cindy  

Zero    Happy   Steve   Salex   Zalex   Willian
Shawn   Eric    Selina  Cindy   Cadenza Paul   
Lalex   Jimmy   Emily   Angle   Cici    Rea    
Alice   Chole   Tiffany Grace   Jasmine Shirley
Jessica Aron    Shea    Cathy   Simon   Jason  

Shirley Eric    Happy   Simon   Salex   Steve  
Jasmine Zero    Shawn   Jason   Cathy   Shea   
Alice   Cindy   Grace   Lalex   Zalex   Willian
Chole   Selina  Tiffany Jimmy   Rea     Cici   
Paul    Cadenza Aron    Jessica Emily   Angle  

Happy   Shawn   Tiffany Jasmine Jason   Simon  
Zero    Eric    Grace   Shirley Angle   Emily  
Cici    Zalex   Jessica Jimmy   Shea    Cathy  
Rea     Willian Aron    Lalex   Alice   Chole  
Cadenza Paul    Cindy   Selina  Steve   Salex  

Happy   Eric    Cici    Jessica Chole   Alice  
Zero    Shawn   Rea     Aron    Willian Zalex  
Jasmine Emily   Shea    Cindy   Simon   Jason  
Shirley Angle   Cathy   Selina  Jimmy   Lalex  
Cadenza Paul    Grace   Tiffany Steve   Salex  

Shirley Jasmine Zalex   Simon   Cadenza Paul   
Aron    Jessica Willian Jason   Shea    Cathy  
Eric    Shawn   Steve   Angle   Grace   Tiffany
Zero    Happy   Salex   Emily   Cindy   Selina 
Lalex   Jimmy   Cici    Rea     Alice   Chole  

Jessica Tiffany Willian Jimmy   Rea     Cici   
Aron    Grace   Zalex   Lalex   Cindy   Selina 
Shawn   Happy   Simon   Steve   Paul    Cadenza
Eric    Zero    Jason   Salex   Alice   Chole  
Angle   Emily   Cathy   Shea    Jasmine Shirley

Salex   Steve   Alice   Shea    Jason   Simon  
Zero    Happy   Chole   Cathy   Jasmine Shirley
Eric    Shawn   Aron    Willian Angle   Emily  
Rea     Cici    Jessica Zalex   Paul    Cadenza
Cindy   Selina  Jimmy   Lalex   Tiffany Grace  

Eric    Happy   Lalex   Willian Aron    Jessica
Shawn   Zero    Jimmy   Zalex   Rea     Cici   
Emily   Angle   Simon   Shea    Tiffany Grace  
Paul    Cadenza Jason   Cathy   Salex   Steve  
Alice   Chole   Shirley Jasmine Cindy   Selina 

Willian Eric    Shawn   Chole   Alice   Selina 
Zalex   Zero    Happy   Tiffany Grace   Cindy  
Shirley Emily   Cici    Simon   Salex   Cathy  
Jasmine Angle   Rea     Jason   Steve   Shea   
Aron    Jessica Paul    Cadenza Jimmy   Lalex  

Eric    Happy   Tiffany Willian Zalex   Cadenza
Shawn   Zero    Grace   Jimmy   Lalex   Paul   
Shea    Emily   Rea     Simon   Alice   Steve  
Cathy   Angle   Cici    Jason   Chole   Salex  
Jessica Aron    Selina  Cindy   Shirley Jasmine

Jessica Salex   Steve   Shawn   Zero    Jimmy  
Aron    Willian Zalex   Happy   Eric    Lalex  
Cadenza Chole   Shea    Simon   Shirley Grace  
Paul    Alice   Cathy   Jason   Jasmine Tiffany
Selina  Cindy   Angle   Emily   Rea     Cici   

Shea    Cathy   Simon   Shawn   Happy   Shirley
Cici    Rea     Jason   Eric    Zero    Jasmine
Salex   Emily   Aron    Willian Chole   Jimmy  
Steve   Angle   Jessica Zalex   Alice   Lalex  
Selina  Cindy   Paul    Cadenza Grace   Tiffany

Simon   Steve   Grace   Zero    Eric    Paul   
Jason   Salex   Tiffany Shawn   Happy   Cadenza
Aron    Cindy   Angle   Cathy   Cici    Zalex  
Jessica Selina  Emily   Shea    Rea     Willian
Jimmy   Lalex   Alice   Chole   Shirley Jasmine

Eric    Happy   Jasmine Shirley Paul    Salex  
Zero    Shawn   Tiffany Grace   Cadenza Steve  
Cici    Aron    Cathy   Emily   Cindy   Alice  
Rea     Jessica Shea    Angle   Selina  Chole  
Lalex   Jimmy   Jason   Simon   Zalex   Willian

Selina  Cindy   Happy   Zero    Jason   Cici   
Aron    Jessica Shawn   Eric    Simon   Rea    
Tiffany Steve   Willian Cadenza Chole   Emily  
Grace   Salex   Zalex   Paul    Alice   Angle  
Shirley Jasmine Cathy   Shea    Jimmy   Lalex  

Jason   Cathy   Shawn   Happy   Lalex   Shirley
Simon   Shea    Zero    Eric    Jimmy   Jasmine
Paul    Angle   Selina  Willian Aron    Alice  
Cadenza Emily   Cindy   Zalex   Jessica Chole  
Rea     Cici    Grace   Tiffany Steve   Salex  

Tiffany Shawn   Eric    Jimmy   Willian Steve  
Grace   Happy   Zero    Lalex   Zalex   Salex  
Aron    Selina  Paul    Rea     Chole   Angle  
Jessica Cindy   Cadenza Cici    Alice   Emily  
Shirley Jasmine Simon   Jason   Cathy   Shea   

Shawn   Zero    Paul    Jimmy   Angle   Jasmine
Happy   Eric    Cadenza Lalex   Emily   Shirley
Alice   Cathy   Aron    Grace   Willian Simon  
Chole   Shea    Jessica Tiffany Zalex   Jason  
Cici    Rea     Cindy   Selina  Steve   Salex  

Shea    Zero    Eric    Alice   Chole   Cici   
Cathy   Shawn   Happy   Angle   Emily   Rea    
Willian Lalex   Tiffany Cadenza Paul    Shirley
Zalex   Jimmy   Grace   Jason   Simon   Jasmine
Jessica Aron    Cindy   Selina  Salex   Steve  

Zero    Shawn   Selina  Zalex   Willian Salex  
Eric    Happy   Cindy   Emily   Angle   Steve  
Rea     Tiffany Jasmine Lalex   Jimmy   Simon  
Cici    Grace   Shirley Shea    Cathy   Jason  
Cadenza Paul    Alice   Chole   Aron    Jessica

Shawn   Happy   Cathy   Jason   Simon   Cadenza
Eric    Zero    Shea    Willian Zalex   Paul   
Alice   Jessica Rea     Shirley Jasmine Selina 
Chole   Aron    Cici    Grace   Tiffany Cindy  
Salex   Steve   Jimmy   Lalex   Emily   Angle  

Zalex   Willian Aron    Steve   Salex   Emily  
Grace   Tiffany Jessica Cici    Rea     Angle  
Happy   Zero    Selina  Shea    Cathy   Jimmy  
Shawn   Eric    Cindy   Simon   Jason   Lalex  
Chole   Alice   Cadenza Paul    Shirley Jasmine

Lalex   Jasmine Willian Jessica Aron    Paul   
Jimmy   Shirley Zalex   Angle   Emily   Cadenza
Happy   Shawn   Simon   Rea     Cici    Salex  
Eric    Zero    Jason   Shea    Cathy   Steve  
Chole   Alice   Tiffany Grace   Selina  Cindy  

Jasmine Shirley Jessica Lalex   Jimmy   Zalex  
Shawn   Zero    Aron    Salex   Steve   Willian
Eric    Happy   Grace   Cadenza Paul    Emily  
Jason   Simon   Tiffany Selina  Cindy   Angle  
Shea    Cathy   Rea     Cici    Chole   Alice  

Zero    Shawn   Jimmy   Rea     Cici    Paul   
Eric    Happy   Lalex   Willian Zalex   Cadenza
Jason   Simon   Cindy   Chole   Alice   Grace  
Shea    Cathy   Selina  Salex   Steve   Tiffany
Aron    Jessica Emily   Angle   Shirley Jasmine

Happy   Zero    Cathy   Shea    Alice   Tiffany
Shawn   Eric    Rea     Cici    Chole   Grace  
Paul    Jimmy   Salex   Jason   Aron    Angle  
Cadenza Lalex   Steve   Simon   Jessica Emily  
Zalex   Willian Jasmine Shirley Selina  Cindy  

Jessica Aron    Happy   Shawn   Jason   Salex  
Cindy   Selina  Zero    Eric    Simon   Steve  
Jasmine Paul    Shea    Cici    Chole   Emily  
Shirley Cadenza Cathy   Rea     Alice   Angle  
Willian Zalex   Lalex   Jimmy   Tiffany Grace  

Willian Angle   Happy   Shawn   Salex   Jessica
Zalex   Emily   Eric    Zero    Steve   Aron   
Cindy   Shirley Jason   Tiffany Cadenza Rea    
Selina  Jasmine Simon   Grace   Paul    Cici   
Lalex   Jimmy   Chole   Alice   Shea    Cathy  

Lalex   Shawn   Zero    Willian Simon   Jessica
Jimmy   Happy   Eric    Zalex   Jason   Aron   
Tiffany Emily   Steve   Paul    Alice   Cici   
Grace   Angle   Salex   Cadenza Chole   Rea    
Shea    Cathy   Cindy   Selina  Shirley Jasmine

Eric    Shawn   Jimmy   Simon   Zalex   Emily  
Zero    Happy   Lalex   Jason   Willian Angle  
Grace   Cathy   Cindy   Cadenza Jasmine Rea    
Tiffany Shea    Selina  Paul    Shirley Cici   
Chole   Alice   Aron    Jessica Salex   Steve  

Happy   Zero    Zalex   Willian Alice   Cadenza
Shawn   Eric    Cici    Rea     Chole   Paul   
Jason   Simon   Shea    Cathy   Shirley Tiffany
Selina  Cindy   Lalex   Jimmy   Jasmine Grace  
Steve   Salex   Angle   Emily   Jessica Aron   

Alice   Chole   Zero    Shawn   Aron    Jimmy  
Tiffany Grace   Eric    Happy   Jessica Lalex  
Simon   Jason   Shirley Jasmine Cadenza Selina 
Willian Zalex   Cathy   Shea    Paul    Cindy  
Angle   Emily   Cici    Rea     Steve   Salex  

Shirley Cindy   Zero    Happy   Grace   Lalex  
Jasmine Selina  Shawn   Eric    Tiffany Jimmy  
Aron    Jessica Cici    Rea     Shea    Zalex  
Simon   Jason   Chole   Alice   Cathy   Willian
Cadenza Paul    Angle   Emily   Steve   Salex  

Paul    Zero    Happy   Chole   Jessica Jasmine
Cadenza Eric    Shawn   Alice   Aron    Shirley
Cindy   Selina  Salex   Steve   Jimmy   Cici   
Simon   Jason   Angle   Emily   Lalex   Rea    
Cathy   Shea    Tiffany Grace   Willian Zalex  

Happy   Eric    Steve   Simon   Lalex   Willian
Zero    Shawn   Salex   Jason   Jimmy   Zalex  
Angle   Emily   Selina  Cindy   Alice   Cadenza
Jessica Aron    Cathy   Shea    Chole   Paul   
Rea     Cici    Shirley Jasmine Grace   Tiffany

Cadenza Paul    Lalex   Jimmy   Shea    Jasmine
Shawn   Zero    Willian Zalex   Cathy   Shirley
Eric    Happy   Cindy   Selina  Salex   Alice  
Cici    Rea     Jason   Simon   Steve   Chole  
Tiffany Grace   Jessica Aron    Emily   Angle  

Eric    Zero    Cathy   Shea    Shirley Jason  
Shawn   Happy   Cadenza Paul    Jasmine Simon  
Zalex   Willian Emily   Angle   Cici    Jessica
Salex   Steve   Jimmy   Lalex   Rea     Aron   
Grace   Tiffany Selina  Cindy   Alice   Chole  

Shawn   Happy   Cindy   Selina  Simon   Shea   
Eric    Zero    Willian Zalex   Jason   Cathy  
Lalex   Emily   Jessica Aron    Cici    Jasmine
Jimmy   Angle   Salex   Steve   Rea     Shirley
Cadenza Paul    Tiffany Grace   Alice   Chole  

Steve   Salex   Willian Zalex   Angle   Selina 
Jasmine Shirley Paul    Cadenza Emily   Cindy  
Shawn   Zero    Jason   Simon   Chole   Cathy  
Eric    Happy   Lalex   Jimmy   Alice   Shea   
Cici    Rea     Aron    Jessica Tiffany Grace  

Jason   Salex   Cindy   Selina  Jimmy   Willian
Simon   Steve   Paul    Cadenza Lalex   Zalex  
Eric    Happy   Jessica Aron    Alice   Angle  
Zero    Shawn   Jasmine Shirley Chole   Emily  
Tiffany Grace   Cathy   Shea    Rea     Cici   

Paul    Cadenza Shirley Jasmine Cici    Grace  
Zero    Happy   Cindy   Selina  Rea     Tiffany
Shawn   Eric    Jimmy   Lalex   Zalex   Shea   
Salex   Steve   Simon   Jason   Willian Cathy  
Jessica Aron    Chole   Alice   Emily   Angle  

Happy   Shawn   Cathy   Shea    Lalex   Cindy  
Zero    Eric    Tiffany Grace   Jimmy   Selina 
Shirley Jasmine Steve   Salex   Alice   Willian
Angle   Emily   Aron    Jessica Chole   Zalex  
Jason   Simon   Rea     Cici    Paul    Cadenza

Emily   Zero    Happy   Chole   Selina  Jimmy  
Angle   Shawn   Eric    Alice   Cindy   Lalex  
Jasmine Aron    Shea    Rea     Salex   Jason  
Shirley Jessica Cathy   Cici    Steve   Simon  
Grace   Tiffany Willian Zalex   Paul    Cadenza

Happy   Zero    Shea    Shirley Grace   Angle  
Eric    Shawn   Cathy   Jasmine Tiffany Emily  
Rea     Paul    Willian Simon   Lalex   Chole  
Cici    Cadenza Zalex   Jason   Jimmy   Alice  
Salex   Steve   Aron    Jessica Cindy   Selina 

Eric    Happy   Shea    Rea     Tiffany Salex  
Zero    Shawn   Cathy   Cici    Grace   Steve  
Jimmy   Willian Chole   Jasmine Aron    Emily  
Lalex   Zalex   Alice   Shirley Jessica Angle  
Paul    Cadenza Jason   Simon   Cindy   Selina 

Jessica Aron    Shea    Zalex   Tiffany Chole  
Steve   Salex   Cathy   Willian Grace   Alice  
Eric    Happy   Shirley Emily   Selina  Cici   
Zero    Shawn   Jasmine Angle   Cindy   Rea    
Jimmy   Lalex   Paul    Cadenza Simon   Jason  

Aron    Chole   Cici    Lalex   Shea    Tiffany
Jessica Alice   Rea     Jimmy   Cathy   Grace  
Zero    Shawn   Steve   Jasmine Jason   Angle  
Happy   Eric    Salex   Shirley Simon   Emily  
Willian Zalex   Selina  Cindy   Paul    Cadenza

Cici    Rea     Chole   Cathy   Shirley Jessica
Eric    Zero    Alice   Shea    Jasmine Aron   
Shawn   Happy   Salex   Paul    Grace   Lalex  
Jason   Simon   Steve   Cadenza Tiffany Jimmy  
Emily   Angle   Willian Zalex   Cindy   Selina 

Happy   Eric    Angle   Jimmy   Aron    Shea   
Shawn   Zero    Emily   Lalex   Jessica Cathy  
Salex   Steve   Tiffany Zalex   Alice   Selina 
Paul    Cadenza Grace   Willian Chole   Cindy  
Jasmine Shirley Simon   Jason   Rea     Cici   

Happy   Shawn   Jason   Simon   Selina  Cindy  
Zero    Eric    Emily   Angle   Zalex   Willian
Paul    Cadenza Tiffany Grace   Jimmy   Lalex  
Shirley Rea     Cathy   Aron    Salex   Steve  
Jasmine Cici    Shea    Jessica Alice   Chole  

Emily   Angle   Shawn   Zero    Steve   Salex  
Willian Zalex   Eric    Happy   Jimmy   Lalex  
Paul    Cadenza Grace   Tiffany Jessica Aron   
Simon   Cathy   Alice   Selina  Rea     Cici   
Jason   Shea    Chole   Cindy   Shirley Jasmine

Willian Cindy   Happy   Zero    Cadenza Paul   
Zalex   Selina  Eric    Shawn   Chole   Alice  
Aron    Jessica Jason   Simon   Angle   Emily  
Cici    Steve   Jasmine Shea    Tiffany Grace  
Rea     Salex   Shirley Cathy   Lalex   Jimmy  

Steve   Happy   Zero    Jimmy   Alice   Chole  
Salex   Shawn   Eric    Lalex   Emily   Angle  
Cindy   Selina  Grace   Tiffany Willian Zalex  
Cadenza Jasmine Jason   Cici    Aron    Jessica
Paul    Shirley Simon   Rea     Shea    Cathy  

Zero    Happy   Alice   Aron    Lalex   Jimmy  
Eric    Shawn   Chole   Jessica Shea    Cathy  
Simon   Jason   Steve   Salex   Emily   Angle  
Cici    Selina  Paul    Zalex   Shirley Jasmine
Rea     Cindy   Cadenza Willian Grace   Tiffany

Cadenza Paul    Simon   Jason   Shirley Jasmine
Happy   Zero    Selina  Cindy   Zalex   Willian
Eric    Shawn   Rea     Cici    Cathy   Shea   
Jimmy   Aron    Emily   Steve   Chole   Alice  
Lalex   Jessica Angle   Salex   Grace   Tiffany

Happy   Eric    Lalex   Jimmy   Willian Zalex  
Shawn   Zero    Cindy   Selina  Chole   Alice  
Cadenza Paul    Jasmine Shirley Jason   Simon  
Cathy   Salex   Rea     Jessica Tiffany Grace  
Shea    Steve   Cici    Aron    Angle   Emily  

Shawn   Happy   Tiffany Grace   Shea    Cathy  
Zero    Eric    Willian Zalex   Cici    Rea    
Chole   Simon   Angle   Selina  Jimmy   Lalex  
Alice   Jason   Emily   Cindy   Paul    Cadenza
Jasmine Shirley Steve   Salex   Jessica Aron   

Angle   Emily   Zero    Happy   Cadenza Paul   
Simon   Jason   Eric    Shawn   Jasmine Shirley
Shea    Jessica Cici    Lalex   Zalex   Willian
Cathy   Aron    Rea     Jimmy   Tiffany Grace  
Cindy   Selina  Steve   Salex   Chole   Alice  

Paul    Cici    Happy   Eric    Simon   Jason  
Cadenza Rea     Shawn   Zero    Lalex   Jimmy  
Angle   Cindy   Shirley Alice   Cathy   Shea   
Emily   Selina  Jasmine Chole   Salex   Steve  
Jessica Aron    Grace   Tiffany Zalex   Willian

Simon   Eric    Shawn   Salex   Grace   Tiffany
Jason   Zero    Happy   Steve   Paul    Cadenza
Emily   Chole   Willian Cathy   Jimmy   Lalex  
Angle   Alice   Zalex   Shea    Jessica Aron   
Shirley Jasmine Cici    Rea     Cindy   Selina 

Eric    Shawn   Cici    Zalex   Shea    Cathy  
Zero    Happy   Rea     Willian Paul    Cadenza
Alice   Tiffany Steve   Jasmine Simon   Jason  
Chole   Grace   Salex   Shirley Emily   Angle  
Jimmy   Lalex   Aron    Jessica Cindy   Selina 

Happy   Eric    Cadenza Paul    Shea    Cathy  
Shawn   Zero    Grace   Tiffany Zalex   Willian
Cici    Rea     Shirley Jasmine Aron    Jessica
Selina  Cindy   Lalex   Jimmy   Alice   Chole  
Angle   Emily   Steve   Salex   Jason   Simon  

Salex   Steve   Zero    Shawn   Willian Zalex  
Angle   Emily   Eric    Happy   Chole   Alice  
Rea     Cici    Cathy   Shea    Jimmy   Lalex  
Cindy   Selina  Tiffany Grace   Aron    Jessica
Paul    Cadenza Jason   Simon   Jasmine Shirley

Cindy   Aron    Shawn   Eric    Salex   Steve  
Selina  Jessica Zero    Happy   Jimmy   Lalex  
Tiffany Grace   Willian Zalex   Angle   Emily  
Rea     Cici    Jasmine Shirley Chole   Alice  
Shea    Cathy   Simon   Jason   Paul    Cadenza

Zalex   Eric    Shawn   Lalex   Jasmine Shirley
Willian Happy   Zero    Jimmy   Angle   Emily  
Rea     Cici    Grace   Tiffany Selina  Cindy  
Cathy   Shea    Steve   Salex   Cadenza Paul   
Aron    Jessica Alice   Chole   Jason   Simon  

Shawn   Happy   Shea    Aron    Chole   Alice  
Eric    Zero    Cathy   Jessica Tiffany Grace  
Selina  Cindy   Salex   Steve   Jimmy   Lalex  
Jason   Simon   Cici    Rea     Cadenza Paul   
Emily   Angle   Jasmine Shirley Willian Zalex  

Shirley Jasmine Jason   Simon   Cindy   Selina 
Happy   Zero    Chole   Alice   Zalex   Willian
Eric    Shawn   Cadenza Paul    Tiffany Grace  
Cici    Rea     Emily   Angle   Lalex   Jimmy  
Aron    Jessica Shea    Cathy   Salex   Steve  

Eric    Zero    Jasmine Shirley Cindy   Selina 
Shawn   Happy   Salex   Steve   Cadenza Paul   
Cathy   Shea    Chole   Alice   Lalex   Jimmy  
Rea     Cici    Angle   Emily   Willian Zalex  
Simon   Jason   Aron    Jessica Grace   Tiffany

Zero    Happy   Selina  Cindy   Cathy   Shea   
Eric    Shawn   Willian Zalex   Alice   Chole  
Cadenza Tiffany Emily   Angle   Simon   Jason  
Paul    Grace   Jimmy   Lalex   Shirley Jasmine
Rea     Cici    Salex   Steve   Aron    Jessica

Selina  Cindy   Zalex   Willian Lalex   Jimmy  
Grace   Tiffany Shea    Cathy   Paul    Cadenza
Eric    Happy   Salex   Steve   Simon   Jason  
Zero    Shawn   Jessica Aron    Chole   Alice  
Rea     Cici    Angle   Emily   Jasmine Shirley

Tiffany Cindy   Jasmine Shirley Emily   Angle  
Grace   Selina  Steve   Salex   Cadenza Paul   
Eric    Shawn   Simon   Jason   Cathy   Shea   
Zero    Happy   Chole   Alice   Willian Zalex  
Cici    Rea     Jessica Aron    Jimmy   Lalex  

Emily   Angle   Steve   Salex   Paul    Cadenza
Eric    Happy   Shirley Jasmine Chole   Alice  
Shawn   Zero    Rea     Cici    Shea    Cathy  
Zalex   Willian Jason   Simon   Jimmy   Lalex  
Cindy   Selina  Grace   Tiffany Jessica Aron   

Zero    Eric    Willian Zalex   Shea    Cathy  
Happy   Shawn   Angle   Emily   Selina  Cindy  
Paul    Cadenza Jasmine Shirley Tiffany Grace  
Salex   Steve   Jason   Simon   Lalex   Jimmy  
Alice   Chole   Jessica Aron    Cici    Rea    

Salex   Shawn   Zero    Tiffany Jasmine Shirley
Steve   Eric    Happy   Grace   Zalex   Willian
Selina  Jimmy   Cathy   Cadenza Cici    Rea    
Cindy   Lalex   Shea    Paul    Jessica Aron   
Chole   Alice   Jason   Simon   Emily   Angle  

Eric    Zero    Jason   Shea    Cici    Rea    
Shawn   Happy   Simon   Cathy   Alice   Chole  
Lalex   Cindy   Grace   Paul    Emily   Angle  
Jimmy   Selina  Tiffany Cadenza Willian Zalex  
Salex   Steve   Shirley Jasmine Aron    Jessica

Shawn   Eric    Aron    Cici    Jason   Simon  
Happy   Zero    Jessica Rea     Zalex   Willian
Angle   Jimmy   Shirley Cathy   Selina  Cindy  
Emily   Lalex   Jasmine Shea    Chole   Alice  
Tiffany Grace   Steve   Salex   Cadenza Paul   

Emily   Angle   Jason   Cathy   Salex   Steve  
Jessica Aron    Simon   Shea    Alice   Chole  
Happy   Eric    Cadenza Tiffany Willian Zalex  
Shawn   Zero    Paul    Grace   Jimmy   Lalex  
Jasmine Shirley Selina  Cindy   Cici    Rea    

Alice   Tiffany Rea     Jimmy   Cindy   Selina 
Chole   Grace   Cici    Lalex   Emily   Angle  
Happy   Eric    Jasmine Salex   Paul    Cadenza
Shawn   Zero    Shirley Steve   Willian Zalex  
Jessica Aron    Shea    Cathy   Simon   Jason  

Paul    Cadenza Emily   Chole   Steve   Salex  
Zero    Happy   Angle   Alice   Shirley Jasmine
Shawn   Eric    Shea    Grace   Cindy   Selina 
Aron    Jessica Cathy   Tiffany Cici    Rea    
Jimmy   Lalex   Willian Zalex   Jason   Simon  

Happy   Zero    Grace   Shea    Jasmine Shirley
Shawn   Eric    Tiffany Cathy   Jason   Simon  
Cadenza Paul    Alice   Rea     Zalex   Willian
Emily   Angle   Chole   Cici    Selina  Cindy  
Jimmy   Lalex   Salex   Steve   Aron    Jessica

Salex   Steve   Paul    Cadenza Chole   Alice  
Happy   Eric    Tiffany Grace   Jessica Aron   
Zero    Shawn   Shea    Cathy   Shirley Jasmine
Rea     Angle   Jason   Simon   Lalex   Jimmy  
Cici    Emily   Selina  Cindy   Willian Zalex  

Happy   Shawn   Jasmine Shirley Salex   Steve  
Eric    Zero    Angle   Emily   Simon   Jason  
Cindy   Selina  Jimmy   Lalex   Rea     Cici   
Zalex   Jessica Grace   Tiffany Cadenza Paul   
Willian Aron    Shea    Cathy   Chole   Alice  

Cindy   Selina  Emily   Angle   Shea    Cathy  
Steve   Jessica Simon   Jason   Chole   Alice  
Salex   Aron    Lalex   Jimmy   Rea     Cici   
Happy   Eric    Cadenza Paul    Tiffany Grace  
Shawn   Zero    Willian Zalex   Jasmine Shirley

Cici    Rea     Cindy   Selina  Zalex   Willian
Tiffany Grace   Cadenza Paul    Shea    Cathy  
Jessica Aron    Simon   Jason   Salex   Steve  
Shawn   Zero    Jimmy   Lalex   Chole   Alice  
Eric    Happy   Angle   Emily   Jasmine Shirley

Cadenza Cindy   Aron    Jessica Willian Zalex  
Paul    Selina  Lalex   Jimmy   Alice   Chole  
Shea    Cathy   Cici    Rea     Angle   Emily  
Zero    Shawn   Shirley Jasmine Simon   Jason  
Eric    Happy   Tiffany Grace   Steve   Salex  

Happy   Zero    Alice   Chole   Emily   Angle  
Shawn   Eric    Cadenza Paul    Jessica Aron   
Cindy   Tiffany Shirley Jasmine Salex   Steve  
Selina  Grace   Jason   Simon   Cathy   Shea   
Willian Zalex   Lalex   Jimmy   Rea     Cici   

Jimmy   Lalex   Emily   Angle   Salex   Steve  
Cadenza Paul    Cici    Rea     Shirley Jasmine
Happy   Zero    Cathy   Shea    Selina  Cindy  
Eric    Shawn   Jason   Simon   Zalex   Willian
Alice   Chole   Tiffany Grace   Aron    Jessica

Lalex   Zalex   Cathy   Shea    Selina  Cindy  
Jimmy   Willian Rea     Cici    Paul    Cadenza
Happy   Zero    Shirley Jasmine Steve   Salex  
Shawn   Eric    Alice   Chole   Emily   Angle  
Aron    Jessica Simon   Jason   Tiffany Grace  

Chole   Alice   Zalex   Willian Simon   Jason  
Happy   Eric    Emily   Angle   Cindy   Selina 
Shawn   Zero    Aron    Jessica Jimmy   Lalex  
Shirley Jasmine Salex   Steve   Paul    Cadenza
Rea     Cici    Tiffany Grace   Cathy   Shea   

Eric    Shawn   Tiffany Grace   Emily   Angle  
Zero    Happy   Lalex   Jimmy   Jessica Aron   
Jason   Simon   Cathy   Shea    Salex   Steve  
Cici    Rea     Alice   Chole   Cindy   Selina 
Jasmine Shirley Paul    Cadenza Zalex   Willian

