9285
3961
1778
840
9226
6614
9096
5250
5237
4989
8186
7665
5753
8258
4651
9450
7342
93
4074
5888
1320
7404
6412
3522
7012
8610
3397
81
6016
8698
515
9762
5234
6965
1472
1660
8189
7486
1035
4545
8596
7988
3675
3997
2632
7197
7824
5149
3761
4570
9332
5407
1394
6409
3960
4066
2130
3280
7512
683
3375
3892
4414
5419
8558
9171
893
8366
1873
2576
168
7832
122
4587
4469
4514
6845
9433
5630
2913
6221
1124
5264
6705
3057
3775
2274
5451
2416
92
3006
1050
4289
2791
5934
2587
9490
8554
3459
3987
