8.199999832 20.100000000
12.408181819 18.319817229
17.043478261 9.694448161
9.799999832 17.100000000
8.199999832 17.200000000
6.499999881 15.500000000
15.628797469 15.597013879
5.079069768 12.500138452
12.815463918 14.597522455
10.833490566 19.782875407
9.499999916 10.600000000
16.704696133 16.923918801
14.799999832 19.600000000
8.736666667 19.524446500
13.261650486 20.656314176
11.099999881 15.500000000
11.899999832 20.200000000
13.899999832 18.700000000
15.837647059 18.000107997
19.599999832 20.200000000
12.299999881 13.300000000
6.683980583 17.145708068
9.799999881 14.900000000
14.183088236 17.240640875
6.427586207 17.660751408
12.943846154 5.544179153
8.299999832 17.800000000
12.481818182 18.414701726
1.399999881 15.600000000
8.099999832 18.000000000
8.799999832 17.500000000
12.199999832 16.400000000
6.599999832 19.700000000
3.599999832 17.600000000
7.093817205 20.998892330
13.362406016 15.367664023
15.299999832 18.400000000
10.097863248 17.378341598
4.801250000 9.360942878
7.297297298 18.517172651
12.099999832 19.200000000
2.199999881 13.100000000
9.743518519 20.888323988
7.899999832 19.600000000
16.499999881 15.000000000
12.050000000 16.309889638
13.599999832 19.400000000
6.499999958 4.000000000
15.099999832 18.400000000
12.999999881 11.400000000
10.699999916 10.800000000
9.499999832 20.100000000
4.446153847 7.071109652
8.061141305 15.824303309
9.868292683 17.543292248
6.681849316 17.207046601
1.299999832 17.800000000
4.399999832 19.700000000
12.299999832 18.400000000
8.500000000 18.117670932
7.299999881 15.800000000
15.479000000 19.926174771
12.499999832 17.100000000
12.379447853 18.581646867
14.394871795 20.495147034
0.499999881 14.100000000
6.999999832 19.100000000
8.399999881 15.200000000
8.129166667 19.808205809
14.443478261 5.798288647
7.637248323 19.219534723
8.199999832 19.200000000
15.778723405 15.733296632
5.299999832 20.000000000
11.703928572 11.737878903
16.299999832 19.500000000
11.899999995 0.700000000
15.147368421 19.288669474
14.388356165 17.936871758
4.799999832 18.200000000
18.299999941 6.700000000
7.821951220 2.702572199
10.699999832 18.700000000
18.799999832 18.700000000
1.099999832 17.500000000
11.499999832 19.000000000
17.799999941 7.300000000
7.418156425 18.854852673
9.294186047 2.698196872
6.750000000 20.361790196
18.499999958 4.700000000
10.536516854 13.986076013
8.499999832 19.800000000
8.864000000 20.020621769
15.999999832 19.000000000
2.699999832 19.300000000
4.099999832 19.700000000
9.356117022 15.824457914
10.435294118 16.569605726
10.244791667 20.952265342
12.399999832 17.600000000
11.799999832 16.800000000
11.399999916 10.800000000
19.599999832 19.800000000
0.999999916 10.300000000
2.399999832 19.100000000
9.400000000 10.143470806
11.437417219 14.523069433
16.599999881 14.900000000
8.299999832 18.800000000
12.806164384 16.955874552
4.338235295 19.855085069
9.399999832 18.200000000
6.899999832 18.600000000
7.399999832 17.900000000
6.241549296 14.786576788
11.899999881 12.200000000
12.803296704 16.478061002
13.999999979 2.000000000
2.599999832 18.900000000
11.038271605 19.155812915
7.599999832 18.400000000
7.399999881 12.600000000
3.999999832 19.700000000
11.300000000 18.277855454
17.899999832 19.500000000
1.792780749 19.204017203
2.099999916 8.900000000
12.512704918 19.065503930
6.699999881 11.700000000
12.499999832 20.100000000
16.033333334 3.169297153
12.399999832 16.900000000
1.799999832 19.600000000
7.475000000 14.500021552
14.799999832 18.300000000
7.799999832 17.200000000
6.499999832 19.700000000
0.999999832 19.300000000
17.946987952 18.066871517
6.799999881 12.400000000
14.299999832 18.200000000
6.113043479 16.045755111
11.122580646 9.251723129
9.743840580 21.015605871
18.799999832 18.000000000
9.299999881 12.800000000
16.199999832 19.600000000
6.799999958 5.200000000
3.899999832 19.300000000
8.653658537 18.525610519
14.399999832 16.300000000
13.199999916 10.900000000
16.100357143 15.768891169
16.134574469 15.300894275
6.199999832 16.700000000
0.499999916 11.000000000
10.609090910 14.258301917
13.038549619 16.943373285
3.899999832 19.200000000
19.999999941 6.000000000
11.109541985 18.697871440
15.908256881 14.159046588
8.299999881 13.700000000
17.599999881 15.400000000
17.534166667 19.515032685
12.299999832 18.100000000
6.099999832 19.800000000
8.942631579 4.892962355
15.499999832 18.100000000
15.399999832 17.600000000
16.211011905 18.731681587
16.799999916 8.800000000
8.028571429 17.301509902
2.232098766 14.769639972
11.456521740 17.618904716
13.499999832 16.600000000
7.999999832 16.900000000
9.099999832 18.700000000
18.181666667 17.524078752
13.999999832 19.900000000
18.299999832 17.900000000
6.199999832 18.900000000
18.799999832 16.500000000
7.999999941 6.100000000
1.799999832 19.500000000
6.310736197 19.824578658
7.699999881 13.900000000
3.655307263 20.089841167
12.645161291 20.133148101
9.499999832 19.600000000
9.971428572 4.878461618
8.774107143 7.124464322
17.999999832 19.700000000
8.986746988 18.700201203
6.799999832 18.200000000
8.542253522 18.736526337
19.299999832 17.100000000
8.299999832 17.200000000
15.349685535 15.641436767
4.514335665 17.771421505
2.499999832 16.500000000
11.199999832 16.400000000
17.999999832 16.500000000
8.499999832 20.000000000
12.600000000 0.000000000
4.681756757 18.600179681
16.499999832 19.700000000
8.143413174 9.861151244
7.999999832 16.600000000
5.999999832 19.600000000
16.899999832 16.800000000
7.179545455 19.372273069
12.599999916 8.900000000
9.658080809 18.666324121
12.199999881 12.800000000
8.499999832 19.700000000
2.906896552 15.300373423
7.423684211 12.024165707
5.799999986 1.700000000
10.634016394 17.998406388
16.999999832 19.700000000
9.102777778 20.230560132
14.985430464 19.556022777
10.899999832 18.000000000
0.399999832 20.100000000
16.206122449 18.017928620
0.749652778 19.910601416
10.215789474 7.386918512
12.209191177 8.175933788
9.039130435 12.408824380
19.599999881 15.800000000
16.599999832 19.500000000
1.199999832 18.300000000
3.099999832 17.100000000
11.444444445 13.467565060
9.899999832 19.200000000
9.526729560 13.576416289
11.872413794 17.987535981
9.671508380 19.537345031
6.292957747 18.453166269
5.895555556 3.904102938
10.799999832 17.900000000
8.552049181 19.527880555
6.823480663 20.594185978
7.343560607 20.464187209
6.099999832 18.900000000
9.699999832 18.900000000
1.799999916 10.900000000
10.480000000 8.994798497
14.231151833 20.607994859
15.244000000 17.886406459
19.499999832 19.800000000
13.591322315 20.332579628
6.799999941 7.300000000
9.608841464 20.970743677
7.699999832 19.400000000
7.299999832 17.700000000
11.299999832 20.000000000
9.367788462 13.939590791
11.899999832 18.500000000
4.699999832 16.700000000
8.472222223 19.819202093
10.799999979 2.500000000
10.699999832 19.100000000
3.499999916 9.500000000
-0.000000168 19.900000000
3.199999979 2.700000000
3.133235295 16.565143734
6.212946429 17.442225748
5.599999881 14.200000000
18.599999916 10.300000000
9.999999881 13.200000000
12.832911393 19.841812892
7.499999881 15.000000000
8.899999832 17.600000000
5.999999832 19.300000000
5.599999881 11.700000000
13.299999971 3.000000000
17.781730770 20.023254440
16.999999832 18.700000000
6.499999832 19.200000000
12.899999881 15.000000000
19.099999916 11.300000000
7.899999916 9.300000000
13.199999958 4.500000000
14.541935484 20.107745672
6.599999916 11.300000000
14.211363637 16.473632984
8.588571429 19.193142058
10.651250000 15.829367535
13.851282052 18.473718382
2.399999832 16.900000000
13.199999881 12.200000000
6.543055556 18.688058231
12.863492064 20.747879589
14.952542373 16.856303393
4.199999881 14.200000000
16.032727273 17.668281240
10.399999832 17.700000000
3.299999832 16.700000000
5.418478261 13.944927164
13.261240311 15.462924851
12.535000000 12.502808684
15.402515724 18.951595244
13.164583334 14.345005089
9.199999832 18.500000000
13.399999832 17.500000000
6.299999881 15.300000000
1.736363637 14.629995792
10.359039548 20.509173497
5.399999881 15.200000000
5.612068966 18.400959705
4.511650486 7.753110231
17.699999881 11.400000000
13.999999832 17.800000000
5.899999832 17.400000000
10.199999881 11.400000000
12.799999832 17.200000000
2.699999832 16.100000000
8.499999832 18.800000000
8.250000000 17.119068316
12.072262774 19.486756761
9.799999832 18.800000000
-0.000000168 17.200000000
15.599999832 19.800000000
15.099999881 14.400000000
15.199999832 18.200000000
10.699999916 10.800000000
4.099999916 10.600000000
10.211923077 20.081736532
2.799999832 18.600000000
11.334848485 19.416675179
14.181481482 16.928454305
15.762275450 19.271697107
10.920779221 20.358543708
3.799999832 16.600000000
1.499999881 14.500000000
11.099999881 12.800000000
8.199999832 17.900000000
15.499999881 14.500000000
10.999999881 13.900000000
9.299999832 19.800000000
11.899999832 18.500000000
2.599999832 19.100000000
6.199999832 20.200000000
8.799999881 12.500000000
2.244262296 19.400536374
14.240506330 11.940925065
10.603548388 17.265042427
17.003614458 17.501101888
12.299999832 16.600000000
19.599999881 13.300000000
14.676213593 19.410818792
8.184862386 13.214776611
7.599999881 15.900000000
7.499999832 19.600000000
11.932098766 13.421156809
11.499999832 18.500000000
1.819607844 18.710262261
7.991752578 5.528498424
7.699999832 20.000000000
11.699999832 20.100000000
11.299999832 20.000000000
12.290322581 19.162507836
9.899999832 19.300000000
11.399999881 15.600000000
18.499999832 16.600000000
4.699999832 18.500000000
6.850000000 20.358597692
3.161711712 18.813310585
4.799999832 16.000000000
14.899999832 18.100000000
7.599999881 15.400000000
15.799999832 20.200000000
7.299999832 18.200000000
12.471951220 19.799028220
5.516666667 16.986963956
16.199999832 16.000000000
5.363924051 11.255408161
9.608510639 4.375350209
5.599999986 1.900000000
15.224671053 18.777441764
16.799999832 19.400000000
8.499999881 14.300000000
5.505084746 20.035240785
2.499999881 13.700000000
5.073809524 17.603969256
8.555000000 12.577997655
11.439097745 20.223483206
11.599999832 19.400000000
5.808396947 10.818294244
6.852631579 18.011301469
14.699999832 19.500000000
9.218978103 13.416989813
12.963855422 18.423808730
9.099999832 17.600000000
5.499999881 13.800000000
5.199999832 16.200000000
8.599999832 17.400000000
18.699999881 12.700000000
4.999999881 14.200000000
10.937417219 18.890607254
10.037500000 19.682515242
17.499999941 6.700000000
12.542125985 20.327862918
9.594252874 19.512767077
3.966857143 19.056538770
9.299999881 14.900000000
11.847826087 11.563008125
10.839010989 8.620891115
12.399999971 3.500000000
14.399999881 15.800000000
7.797395834 19.557407658
17.999999881 14.900000000
7.599999832 16.700000000
10.699999832 19.200000000
7.423076924 20.499919180
13.142307693 17.438470446
12.799999881 13.900000000
15.799999832 17.400000000
13.079934211 20.609685894
12.499999832 16.400000000
14.099999832 19.900000000
5.099999881 12.800000000
5.699999881 13.600000000
9.388888889 18.825163748
15.799999832 19.500000000
12.695555556 5.259617411
3.387804879 20.019902352
4.299999832 19.200000000
1.499999881 14.500000000
6.699999832 20.000000000
5.650000000 19.800568174
11.471315790 17.827343919
7.556410257 14.360883573
14.199999832 17.300000000
12.999999832 19.400000000
10.974285715 16.221029686
5.999999916 10.800000000
8.387328768 20.177974131
16.675949368 4.842488240
12.499999881 15.200000000
19.699999916 8.700000000
4.999999881 13.300000000
9.599999941 6.200000000
2.599999832 18.800000000
10.099999832 18.800000000
16.899999832 19.300000000
12.444000000 20.772191411
5.770247934 16.574549121
9.399999832 18.000000000
10.799999832 19.900000000
16.199999881 14.500000000
10.199999881 14.200000000
3.570652174 19.358308866
10.499999832 16.600000000
9.425000000 18.706967285
11.730000000 11.141494514
5.707042254 19.907445532
18.491111112 19.602433837
13.318471338 20.354359706
6.494966443 12.901075283
9.399999832 18.600000000
19.899999881 14.600000000
13.199999832 18.800000000
11.099999941 7.700000000
3.999999832 19.700000000
17.266037736 20.021795262
1.675342466 19.847709362
4.999999832 16.300000000
17.199999916 9.500000000
7.699999832 16.500000000
4.499999832 19.800000000
12.637837838 18.151184142
11.799999832 19.600000000
10.799999832 18.300000000
7.499999881 13.800000000
12.099999881 12.900000000
9.200000000 17.578680269
16.699999832 19.000000000
13.744370861 17.694773667
2.299999958 5.200000000
13.799999832 19.300000000
1.099999941 6.100000000
17.799999832 19.500000000
6.299999881 15.400000000
15.399999832 16.500000000
13.299999832 19.700000000
2.316853933 17.524001288
1.299999832 20.000000000
16.000903615 15.449379084
14.205468750 19.630537401
13.803260870 16.255093175
7.211111112 20.520236925
13.654098361 6.149101660
7.999999832 18.400000000
9.999999832 19.600000000
16.233333334 17.127301143
9.499999832 19.400000000
15.899999971 3.800000000
9.099999881 14.400000000
9.099999881 15.300000000
15.299999881 15.500000000
15.903703704 20.337085601
6.080327869 19.616768340
4.858988765 20.127171442
18.499999881 15.800000000
6.499999832 19.200000000
4.186096257 19.157956718
3.613662791 18.812312289
16.799999832 19.500000000
3.914601770 19.104499329
11.099999916 11.100000000
2.499999832 18.300000000
2.917241380 4.116445658
6.890000000 14.516407958
12.999999832 19.300000000
11.199999941 7.800000000
18.699999881 13.700000000
6.199999832 18.800000000
12.099999916 8.400000000
15.299999832 19.000000000
9.575449102 16.036713242
0.599999881 13.300000000
9.499999881 13.100000000
15.460000000 19.816195397
9.099999832 16.400000000
4.199999958 5.000000000
9.999999832 17.100000000
5.899999881 12.500000000
4.453846154 18.908092879
11.900000000 19.502820309
12.691566265 19.407325627
10.199999832 19.900000000
7.899999832 20.100000000
11.399999958 4.300000000
8.278523490 20.548577038
11.199999832 16.600000000
3.499999832 17.800000000
9.799999832 16.100000000
15.299999832 19.200000000
3.599999832 20.100000000
9.699999941 7.100000000
4.099999881 12.900000000
17.199999832 19.100000000
9.092783506 18.217892262
12.117080746 14.752344160
3.526285715 18.548541863
14.355102041 14.410305819
9.957908164 14.995611136
10.499999832 19.700000000
14.389898990 12.422023494
16.376595745 17.401434121
10.465841585 16.600035144
14.365853659 20.358097691
7.425000000 18.434766747
19.299999832 18.500000000
10.354639176 12.190772912
15.799999832 17.700000000
5.553301887 18.808140338
12.207142858 21.521850548
11.050949368 15.365418213
3.699999832 18.000000000
9.999999832 19.600000000
19.699999832 16.700000000
5.617647059 16.200009612
6.799999832 19.400000000
14.350000000 15.799762656
11.549740933 15.667055219
18.954545455 10.551918082
5.905384616 18.004419066
18.099999832 17.500000000
5.819354839 10.600671940
10.199999832 19.300000000
9.149541285 9.804547495
10.799999832 19.800000000
11.999999832 17.800000000
9.499999832 19.300000000
14.399999881 14.600000000
6.199999881 15.800000000
4.711111112 7.985480651
17.399999916 10.500000000
6.799999832 19.700000000
13.399999832 19.400000000
3.799999832 19.700000000
4.868947369 17.134462535
12.544196429 17.875406782
12.699999832 17.700000000
14.799999881 15.200000000
17.599999832 19.200000000
14.699999995 0.700000000
8.199999916 10.400000000
11.599999881 13.900000000
7.199999881 15.500000000
6.299999832 18.000000000
14.696000000 14.716848032
17.936507937 20.023194474
2.999999881 13.600000000
8.299999881 15.500000000
13.999999832 19.300000000
3.319166667 17.117355735
16.599999832 18.500000000
10.543750000 18.408032596
8.738343559 11.871264901
15.199999881 11.600000000
0.999999832 16.800000000
7.099999832 18.100000000
8.499999832 18.400000000
8.799999832 16.900000000
9.128571429 19.486389808
20.199999832 16.200000000
6.339473685 20.359375967
19.999999832 19.200000000
10.644339623 17.551559732
7.920000000 19.052989267
11.120000000 19.305967989
4.899999832 18.800000000
1.730322581 15.503519375
9.999999832 19.400000000
7.699999832 19.400000000
10.999999832 19.200000000
6.699999881 15.900000000
6.499999832 19.200000000
16.696629214 16.491114738
11.399999881 13.900000000
11.103781513 18.359084419
4.299999958 5.600000000
3.599999832 16.500000000
11.799999832 19.800000000
0.899999916 9.200000000
14.821739131 16.941024133
5.199999832 18.300000000
4.399999958 4.500000000
19.999999832 19.000000000
11.318750000 18.221322717
4.499999832 18.300000000
1.799999958 5.100000000
10.364453125 7.241580099
8.076923077 20.077861752
7.038888889 19.050761464
17.499999832 18.400000000
11.216000000 19.950314684
9.799999958 4.900000000
4.202866243 19.400000212
13.299999832 18.600000000
4.699999832 16.900000000
0.399999881 15.700000000
8.999999832 16.300000000
17.699999832 16.700000000
4.080000000 16.588441759
10.293220339 15.984771732
13.699999958 5.200000000
3.280508475 6.803205146
15.693220339 18.502543440
5.399999832 19.700000000
7.799999832 18.200000000
19.199999832 19.800000000
9.623699422 10.514888197
10.009011628 14.876271485
8.752000000 19.622912730
10.299999832 18.800000000
1.699999832 18.500000000
10.799999832 18.900000000
8.799999916 8.000000000
3.683544304 19.472151940
