?1              2
?10             2
?10?2           1
?10?2?3         1
?10?2?3?8       1
?10?2?8         1
?10?3           1
?10?3?8         1
?10?6           1
?10?6?7         1
?10?6?7?8       1
?10?6?7?8?9     1
?10?6?7?9       1
?10?6?8         1
?10?6?8?9       1
?10?6?9         1
?10?7           1
?10?7?8         1
?10?7?8?9       1
?10?7?9         1
?10?8           2
?10?8?9         1
?10?9           1
?1?10           1
?1?10?2         1
?1?10?2?3       1
?1?10?2?3?8     1
?1?10?2?8       1
?1?10?3         1
?1?10?3?8       1
?1?10?8         1
?1?2            2
?1?2?3          2
?1?2?3?4        1
?1?2?3?4?5      1
?1?2?3?5        1
?1?2?3?8        1
?1?2?4          1
?1?2?4?5        1
?1?2?5          1
?1?2?8          1
?1?3            2
?1?3?4          1
?1?3?4?5        1
?1?3?5          1
?1?3?8          1
?1?4            1
?1?4?5          1
?1?5            1
?1?8            1
?2              2
?2?3            2
?2?3?4          1
?2?3?4?5        1
?2?3?5          1
?2?3?8          1
?2?4            1
?2?4?5          1
?2?5            1
?2?8            1
?3              2
?3?4            1
?3?4?5          1
?3?5            1
?3?8            1
?4              1
?4?5            1
?5              1
?50             1
?50?60          1
?50?60?70       1
?50?60?70?80    1
?50?60?70?80?90 1
?50?60?70?90    1
?50?60?80       1
?50?60?80?90    1
?50?60?90       1
?50?70          1
?50?70?80       1
?50?70?80?90    1
?50?70?90       1
?50?80          1
?50?80?90       1
?50?90          1
?6              1
?60             1
?60?70          1
?60?70?80       1
?60?70?80?90    1
?60?70?90       1
?60?80          1
?60?80?90       1
?60?90          1
?6?7            1
?6?7?8          1
?6?7?8?9        1
?6?7?9          1
?6?8            1
?6?8?9          1
?6?9            1
?7              1
?70             1
?70?80          1
?70?80?90       1
?70?90          1
?7?8            1
?7?8?9          1
?7?9            1
?8              2
?80             1
?80?90          1
?8?9            1
?9              1
?90             1
4