Case #1: IMPOSSIBLE
Case #2: IMPOSSIBLE
Case #3: IMPOSSIBLE
Case #4: IMPOSSIBLE
Case #5: IMPOSSIBLE
Case #6: 1 2 3 4 5 6 7 
Case #7: 1 2 3 4 5 7 6 
Case #8: 1 2 3 4 7 5 6 
Case #9: 1 2 3 4 6 7 5 
Case #10: 1 2 3 6 4 7 5 
Case #11: 1 2 3 7 6 4 5 
Case #12: 1 2 3 5 7 6 4 
Case #13: 1 2 5 3 7 6 4 
Case #14: 1 2 7 5 3 6 4 
Case #15: 1 2 6 7 5 3 4 
Case #16: 1 2 4 6 7 5 3 
Case #17: 1 4 2 6 7 5 3 
Case #18: 1 6 4 2 7 5 3 
Case #19: 1 7 6 4 2 5 3 
Case #20: 1 5 7 6 4 2 3 
Case #21: 1 3 5 7 6 4 2 
Case #22: 3 1 5 7 6 4 2 
Case #23: 5 3 1 7 6 4 2 
Case #24: 7 5 3 1 6 4 2 
Case #25: 6 7 5 3 1 4 2 
Case #26: 4 6 7 5 3 1 2 
Case #27: 2 4 6 7 5 3 1 
Case #28: IMPOSSIBLE
Case #29: IMPOSSIBLE
Case #30: IMPOSSIBLE
