6632
30
30
30
30
30
96424
96424
36733
55929
89247
55929
78432
58586
89247
58586
89247
30
45111
95290
95795
89247
30
89247
89247
96424
95795
95795
96424
95795
75237
96424
100117
100117
100117
100117
30
100117
96424
99902
96424
96424
96424
98503
96424
100117
100117
95290
29
30
30
30
72841
98503
72841
100117
100117
100117
98503
87980
100117
100117
98503
96424
87980
98503
96424
96134
98503
100117
99902
100117
100117
100117
100117
100117
100117
96424
100117
96134
99902
81576
99902
98503
100117
98503
100117
100117
100117
100571
30
100117
100571
100571
100571
100571
100571
100117
100571
100571
100571
100117
100251
96424
96639
92837
100571
100117
100571
100251
93944
95225
76084
82297
100251
100571
100571
100571
100571
96134
100571
100117
100251
100571
96134
30
95225
96134
96424
100571
96134
100571
100571
96424
100117
100251
100571
86087
100571
100571
100251
100251
100571
100251
98503
100571
96353
100571
100251
100571
30
100571
100251
100571
100571
100158
100251
100571
100571
100571
95795
100571
100571
96456
100571
100571
100571
100571
96620
100571
95225
100251
100251
100571
100571
96424
100571
76293
98271
89716
100571
100251
98271
100571
100251
97305
100571
100571
97305
96424
100571
100571
98271
100571
100251
100251
100571
100571
100158
100571
100251
100158
100117
100251
96199
100571
99913
100571
100251
97305
100571
100571
100571
100044
100251
100571
96620
100044
100251
100571
100571
100571
100571
100158
100571
100044
100571
100571
100571
100571
100044
100571
100571
100571
100571
100571
100251
100571
100044
100571
96188
100571
100571
100571
100571
100571
100251
100044
97305
100571
100571
100571
100571
100571
100044
100044
100044
100571
100571
100571
100571
88741
54154
100571
99902
100571
100251
100571
100571
100571
100251
100571
100571
99902
9344
100117
100251
100571
99197
100251
98503
100571
100251
100571
100571
30
100571
100571
100571
100571
100158
100571
100571
100571
100044
100569
100044
100571
100044
100569
100571
100571
100044
100044
100158
96353
100044
100571
100571
100569
99902
94080
96933
96199
100158
100571
100571
100571
99849
100571
100571
100569
100571
100569
100571
99654
100571
99654
100276
100571
100251
100571
100571
100571
100571
100571
100044
100571
100158
100276
100158
100569
92837
100571
100569
100571
100571
100571
100276
100569
100571
100571
100571
100571
100571
76293
100569
100571
100044
100571
100571
100158
100571
100571
100571
100117
100571
100571
100569
100276
100571
100571
100571
100571
100571
84266
100571
92455
100158
100571
100569
99654
100158
100571
100276
100571
84205
100276
100571
100571
100571
100044
96134
100571
100569
100571
95753
99654
100571
100571
100044
100571
100571
93944
100571
100571
30
100571
96639
100571
100571
100044
100158
100571
100571
87796
29
100571
100571
100569
100571
100044
100276
100569
100569
100044
100044
100276
100571
100571
100044
97278
96933
100571
100569
100571
100276
100276
100571
100571
100571
100571
100569
100571
100571
100571
100571
100571
100571
100571
100276
97352
100571
100276
100276
100571
96933
100571
100571
100569
100569
100571
100571
100571
100569
98503
100571
100571
100571
100571
100571
30
100571
99586
100571
100571
100571
100571
98271
100569
99741
100571
100251
100571
100571
100571
100571
100569
100571
100044
100569
100571
100571
100571
100044
100571
100571
100569
99654
100571
96620
100158
100571
100571
100569
99654
100571
100569
100569
100571
100569
100044
100276
100571
100276
100158
100569
100571
96424
100571
100571
100571
100571
100276
100569
99849
100571
100571
100571
100571
100571
99654
100571
100157
98271
100571
100571
100276
100571
100571
100571
100571
98898
100276
100044
100571
100276
100569
98503
93765
100569
100571
100571
100251
100571
100044
100571
100569
100571
100571
100571
100571
100571
100569
99654
100571
100158
100571
100571
100569
100571
30
100158
100276
100571
99849
86946
100044
100569
100569
100569
100569
99654
100571
98555
100044
100158
100571
100571
88990
100251
100044
100571
99849
100571
100571
100044
100569
100569
100571
100571
100569
100571
100571
100117
100044
100276
100571
100276
100571
100571
100571
100571
100044
100044
100571
100569
100571
100569
100571
100569
100044
100569
99849
100571
100571
100571
99902
100044
100571
100044
100189
99902
100571
100571
100571
96620
100571
100569
99849
100276
100571
100044
100569
100569
100571
100571
99654
100158
93384
100571
100158
100571
30
100571
100571
100571
100044
100571
100571
100276
100569
100189
100571
100569
100571
100044
96620
100571
100571
100361
100571
100571
100158
100569
100569
100571
98661
100571
100571
100569
100044
100571
100569
100571
100158
100571
100571
98043
100158
100571
100569
100044
100569
100571
100571
100158
100571
100571
100571
100044
100569
100276
100571
100569
100569
100044
99654
100361
100569
100571
100569
100571
100571
100571
100571
100571
100569
100569
100571
100571
100571
100571
100276
100044
100571
100571
100569
100044
100569
100044
100569
98661
100276
100571
100044
95382
100571
100276
100571
100571
100569
100571
100117
100158
98555
96620
100571
100571
100571
100571
74714
100569
100276
100571
100117
100571
100571
100571
100571
100571
100044
100276
100571
100569
100276
100571
100571
100571
100276
100569
100571
100571
100571
100571
100571
100571
100571
100361
100571
96933
100571
100571
100571
100158
100571
100571
99550
100571
95753
100044
100276
100571
100158
100571
100569
100571
100571
100571
100569
100571
100571
100361
100571
82558
79429
100569
100571
100571
100571
100571
99550
100571
100276
100571
100569
100571
100571
100571
100571
100571
100386
100386
100571
100276
100571
100571
100571
100090
100571
98661
100044
100571
100571
100044
100571
100569
100386
100569
94395
100569
100571
100571
100571
100569
100571
100569
100569
100571
100571
100571
100571
100571
100571
100571
100571
100569
100571
100569
100571
99654
100158
100044
100386
100276
100571
99654
100571
99550
100571
100571
100571
100571
95753
100571
100386
100571
100569
100090
100157
100571
100571
100044
100571
100571
100571
100571
100276
100569
100044
100117
100276
100386
100571
100044
100436
100569
100571
96896
100569
100571
100436
98503
100276
100386
100571
100571
100571
100571
98503
100571
100571
100571
100571
100571
100276
100571
100276
100571
100571
100276
100044
100571
100569
100386
100158
100571
100571
96933
100571
100044
87641
100537
99819
100571
100571
100569
100571
100158
100044
100571
100571
100569
100276
99654
100276
96933
100571
100044
100386
100571
100571
100569
100571
95753
100276
100571
100571
100569
100090
99246
100571
100571
100276
100571
98503
100571
100569
100569
99678
100571
100571
100276
100044
96893
100571
100571
100571
100571
100571
100571
100571
100571
100571
100276
100276
100571
100571
100044
100569
100571
100571
100571
100571
100276
100090
100569
100436
100571
100569
99819
100571
91829
100276
100158
100571
96858
100571
100276
100571
100158
100569
100571
100276
100276
100571
100386
100044
100571
100276
100571
100569
100569
100571
100571
100571
100386
97061
100386
100571
100044
100569
100571
100571
30
100571
100044
99819
100571
100571
100571
100571
100386
100571
100569
100436
100044
100571
100571
100571
100571
100220
100571
100571
100571
100386
100571
100571
100276
100569
100571
100571
100569
100276
100386
100569
100571
100571
100569
100571
100436
100220
100436
100569
99654
100276
100158
100571
100220
100571
100571
100571
100276
100090
100571
100571
100571
100537
100386
100571
100571
100571
100569
100569
100569
100571
100571
100386
100386
100571
100571
100569
99654
100569
100571
100220
100571
100569
100571
100386
100569
98661
100571
100569
100569
100569
100569
100220
100276
100571
100569
100571
100569
100571
100571
100571
100571
100571
99741
100571
100569
100276
100569
100571
100571
100571
100571
99741
100158
100220
100276
100571
100571
100571
100571
100571
100571
100571
100436
100537
100571
91277
100386
100571
100571
73586
100571
100537
100571
100571
100571
100158
100276
100571
100571
100158
100276
100571
100571
100276
100571
100571
100386
100571
100571
100537
100571
100571
100569
100571
100158
98661
100571
99654
100569
100571
100571
100571
100571
100569
30
100569
100044
100571
100571
100571
100436
100571
100220
100571
100386
100571
100569
99197
100571
100044
100044
96244
100044
100220
100571
100386
100571
100044
100571
100571
100436
100571
100220
100569
100571
100571
100569
100571
100386
100571
100571
100571
100571
100571
100571
100044
100571
100571
100436
99128
100220
99741
100571
100569
100569
100276
100276
100276
100220
100569
100569
100571
100571
100571
100571
100571
100569
100571
96134
100569
100571
100571
100571
100571
100571
100571
100571
99654
100571
100571
100569
100044
100158
100276
100569
100569
100569
95958
100569
100571
100571
100571
100571
100571
100571
100571
98271
100571
100571
100571
100571
100276
100276
100571
100571
100386
100569
100571
100571
100176
100569
99654
100571
100571
100571
100571
100386
100571
100569
99005
100571
100571
100386
100386
100386
100571
100220
100571
100571
100158
100571
100220
100436
100571
100571
100571
100569
100571
100571
100044
100571
100117
98661
100044
100571
100537
100571
100569
100571
99225
100276
100571
100571
100276
100569
100571
100571
100571
100571
100569
100569
99207
100044
100571
90224
100571
99441
100569
100569
100571
100571
100569
100386
100571
100436
100571
100220
99654
100571
100044
100571
100571
100571
100571
99654
100571
100436
100571
100571
100386
100276
100569
100044
100386
99654
100569
100569
99225
100571
100158
100571
100571
100220
100569
100571
100386
100569
100276
100571
100571
100276
100220
100220
100571
100276
100571
100571
100569
100569
100276
98194
100571
100571
100571
100571
100571
100571
100571
100571
100571
100571
97061
100571
100571
100571
100569
99207
100276
100276
100571
100569
100571
100571
100571
100386
100386
91981
100276
100571
100571
100158
97734
100176
100571
98503
100436
100386
100571
100569
100036
100569
100571
100386
100571
100569
100571
100571
100044
100571
100276
99654
100220
100569
100436
98799
100386
100569
100571
100569
100569
99906
98503
100569
100176
100571
100569
100571
100571
100571
100571
100571
100436
100571
100571
100571
100036
100276
100220
100571
100569
100571
100569
100571
100220
100569
100537
100220
96298
100276
100571
100220
100044
100571
100571
100036
100569
100571
100571
100571
100571
100569
57893
100571
100571
100571
100436
100158
100276
100571
100571
99197
100571
100158
100571
100276
100569
100571
100176
100569
98503
100251
100036
100571
100569
100571
100571
100220
100386
100571
100571
100571
100571
100571
100436
100569
100571
100571
100571
100220
100044
100571
100571
100571
100436
100569
100569
100386
100571
100571
100571
100571
100571
30
100276
100569
100220
100571
100571
100569
100571
100569
100571
100569
100571
100276
100571
100571
100571
100571
100571
100571
96424
100571
100386
100220
100571
99225
100436
99819
100569
100571
100537
100571
100571
100571
99225
100436
100276
100571
100220
99654
100569
100569
100044
100276
100571
100436
100571
100571
100571
100436
100569
100571
100571
100571
100571
100571
100436
100571
100571
100571
100571
100569
100571
100571
100571
100571
100386
100571
100569
100220
100276
100571
100571
100571
100571
100569
100569
100276
44173
100571
100571
100386
100291
100220
100571
100220
100571
95382
100276
100571
100569
100571
100386
100386
100291
100571
100571
100571
100571
100268
100571
100036
100571
100571
100569
100571
100276
100571
100386
100571
100571
100276
100571
100386
100571
100220
100571
100569
100571
30
100291
100569
100220
