30
30
105517
107801
105517
107801
107801
107801
105517
30
30
114436
114436
114436
114436
114436
114436
114436
30
92612
114436
114436
30
95525
114436
114436
105517
114436
114436
112912
114436
112912
112912
99412
105517
107801
113152
114436
114436
114436
114436
114436
114436
95884
113807
114079
114436
113152
112912
91784
114436
113152
114436
114436
114079
114079
114436
114436
114436
30
114436
114436
114436
114436
114436
113152
114436
114436
107801
101427
93855
114436
114436
114436
112912
101427
107629
112912
114436
112912
112912
114436
114436
114436
112912
114436
112912
112912
114436
114436
105745
66687
114436
112912
114436
30
114436
107832
110696
112912
107629
112912
113152
114079
114079
30
112912
30
107029
107832
113152
112912
114436
114436
104065
114436
106716
114436
113152
107832
99412
107801
114436
114436
113152
114436
106716
113152
114436
114436
112912
114436
114436
114436
104065
112912
114436
107801
114436
114436
114436
114436
110696
114436
106716
114436
114079
114436
114436
114436
114436
113152
114436
110696
114436
107832
114436
114079
107832
108024
114436
112912
106611
114436
112912
114436
114436
114436
91784
114436
88157
107832
114436
111893
111893
107801
114436
106716
114436
113152
114436
114436
112912
114079
110696
113152
112912
107801
112912
112912
114436
114436
113152
114436
114436
114436
112912
114436
114436
114436
114436
110682
106611
114436
107832
114436
114436
114436
114436
114436
113152
114436
114436
112326
114436
114079
106716
30
101709
114079
113152
114079
109850
114436
112912
112912
114436
111732
114436
111732
114436
111732
114436
114079
114436
107832
114436
113152
114436
112912
112912
111732
113807
114436
113152
114436
114436
113152
114436
111732
114436
114436
93642
110682
114436
110696
114436
112912
106716
114436
114436
113152
112912
106716
114436
114436
113152
114079
114436
113152
113152
98545
111663
114436
95525
114436
114436
114436
114436
114436
112912
114436
112912
114436
114436
112912
114436
112912
113152
113152
112912
114436
114436
112912
114436
114436
114436
114436
111893
114436
112912
112912
111625
114436
114436
113807
114436
114436
114436
114079
114436
114436
111732
112912
114436
114436
114436
114436
114436
108106
114436
112973
114436
107832
113152
114436
114436
111732
91099
111732
30
110682
114436
114436
114436
110696
111732
114436
113798
109850
114079
111732
114436
114436
114436
114436
114436
111732
114436
114436
114436
113807
112912
114436
114436
114436
114436
111819
112973
114207
114436
114436
114436
114436
111732
113798
113798
114436
114436
114436
114436
114436
114436
112973
114436
109097
114436
108106
112973
114436
114436
114436
113798
114436
114436
114296
109366
114296
114296
113387
114436
102355
96764
114436
114296
114436
114079
112912
114436
114436
114436
30
114436
111732
114436
113387
114436
114079
114436
114436
114436
114436
114207
114436
114436
114436
111663
114436
114436
114436
114436
114436
114436
110126
114436
111588
114436
114436
114436
114436
114436
114436
114207
114436
112912
114436
114436
114207
114436
112973
114436
114296
114207
114436
29
113807
114296
113387
30
112912
110298
110126
30
114296
108106
112973
114436
114436
114436
112912
114436
114296
114436
113807
112973
113387
112973
114436
113894
114436
112973
113798
114436
113387
114207
114207
114436
114207
114436
113894
114436
114296
114436
114436
114296
114296
114207
114436
114436
114436
114436
114436
113318
114207
114436
107514
113318
112912
114436
114436
114207
109154
114436
114436
114436
113387
113894
111732
114436
113318
114436
113318
114436
114436
114436
103472
114296
114436
114296
114436
113387
114436
110682
111732
109154
114436
114296
113318
114079
113318
114296
114296
114436
114296
113807
113318
105483
110682
114436
114436
113318
114436
114436
114436
114079
114436
114079
114436
114436
114436
114296
114079
114436
114436
113387
114436
113387
114436
108106
114436
114436
113318
114436
113318
113894
114436
114436
114436
114207
114436
30
114079
106716
114079
114436
114436
114436
114436
114436
114207
114436
114436
114436
114207
114436
113807
113318
113894
113318
114207
113894
114436
114436
114296
113894
114436
114436
114436
111663
114436
114436
113318
113318
114436
114436
114079
113318
114436
114436
113318
112912
114207
114436
114207
114436
113318
114436
114296
114436
114436
113387
113318
114436
114436
114436
114436
111588
114436
114436
114296
113387
114296
100428
114201
114201
114436
80849
114207
114436
113798
114296
114201
114436
114436
114436
114436
114436
114296
114201
110612
114201
114079
113318
114296
114201
114436
114201
113318
113798
114436
113387
114436
103802
114436
107299
114436
114201
114436
114436
114296
114207
114296
114296
114436
113894
114296
112912
114436
114436
112506
114436
114436
114436
114079
112912
114079
114436
114201
114436
113318
114296
114296
114436
114207
114436
114436
110207
114436
114207
114436
114436
111732
114436
114436
111588
114436
114201
114201
114436
114207
114436
114436
112506
113798
114296
114201
114436
114201
114436
114436
113318
114296
114436
111732
114436
114436
111732
114436
114436
113318
114436
109154
114201
113318
112912
113807
114436
114436
114436
114436
114201
114436
114079
114201
114296
114436
111732
114207
114296
114436
114296
113798
114079
114436
111732
114207
113318
113894
113318
114207
114436
114436
114436
114436
114296
114436
114436
113318
113387
114436
113854
114436
101192
114436
111588
114436
112912
114436
114436
111732
114436
114296
114436
114436
114436
114296
114460
114201
113318
114436
114201
112912
114079
50279
111732
114436
114436
110343
114436
114460
114460
114436
110343
114207
114436
114436
114436
114201
114436
114460
113387
114296
110696
114460
113318
113387
30
113854
111588
114296
114079
114436
114296
113318
114436
114201
114436
109154
114436
114079
113765
114201
114460
114436
114296
114436
114436
112326
111269
101336
114436
114436
114436
114460
114201
107196
114460
114296
114460
114436
114460
114436
114436
111732
114207
114201
114436
114201
113318
114436
114436
112912
114436
114436
114436
114201
114436
114436
76379
114201
114079
114436
113398
114460
114436
114436
114436
114207
114460
114460
112912
114436
114460
114436
114436
114436
114079
114436
86539
114436
114460
114460
114460
114201
114436
114460
114436
114079
114436
114436
114296
114436
114296
114436
114296
114460
114460
114460
114460
114460
114460
111317
114046
30
113318
114436
114436
111588
114436
113387
114436
114436
114201
114436
114436
114201
114436
114460
114296
114201
114201
107735
114436
114296
114436
114460
113318
114436
114460
114460
114460
114460
114436
114436
114436
114436
114436
114201
114201
114201
111732
114436
114296
114436
114207
114296
113318
114201
114436
114201
113854
111732
114296
113237
113807
114436
114460
114436
114296
112912
114436
114201
114460
114436
114460
112912
114436
112912
114436
112231
114460
114201
114436
114436
114436
114460
114460
114460
114296
114460
114460
91830
114296
114436
114436
114460
114436
110527
112912
114436
114296
113387
114460
114460
114201
114296
114296
95412
114460
112231
114436
112912
114460
112912
114296
114201
114460
114201
114436
114079
114436
114296
114296
114436
114460
114436
114460
114460
114460
113318
114436
113600
112912
114436
114436
114436
114460
114436
97866
112912
114436
112912
114436
114436
114207
113387
114460
114296
114201
114201
112912
114436
107196
114436
113600
114460
114460
114436
114436
99314
114296
112231
114436
114460
114460
114296
114436
113854
114436
114201
114436
112231
114201
113600
114079
112231
113387
114296
114436
114201
114296
114436
114436
114436
114436
114296
114296
114436
114436
114201
114296
114207
114296
114436
114436
114460
111732
114436
114296
114046
114436
114201
114436
114460
111732
112231
114436
114436
112231
114201
114201
114296
114460
114296
112231
114436
114460
114436
114460
114436
114460
106141
114201
114460
114436
114460
114460
114436
114436
114460
114460
114436
114283
114201
114436
114436
114460
114436
114296
114436
110343
114172
114436
114201
114460
114283
114436
110343
114436
114436
112231
114436
114436
111588
114436
114436
111317
114436
114436
114436
114172
114460
112231
114436
114460
113387
114436
114436
114296
114436
114296
114436
114436
114460
114436
114201
114436
114460
114201
114460
114460
114460
113600
114436
114201
114460
114436
114436
114296
114460
114460
114436
114436
114296
107299
114460
113600
114436
112231
114460
111588
114283
114436
114296
114296
114460
114436
114436
113600
114436
113600
110343
114201
114460
114201
114436
114283
114436
114460
114172
114436
112231
114460
114296
114436
114460
111337
114436
113387
114436
114283
114436
114436
114436
114172
114436
114436
114283
114436
114460
114172
114436
114460
114436
112231
114460
114172
114201
114460
114436
114436
110343
105369
114296
114201
114436
114436
114436
114436
114460
114436
114201
114046
112231
114172
114436
114460
114172
114201
114296
114460
114436
114436
114172
114201
114436
114460
114201
114172
113953
114436
114436
114436
114201
113953
114201
114436
114283
110527
114460
114296
114201
114460
109705
114172
114436
114436
114436
114436
114363
114436
109240
114283
114296
114283
114436
114201
114460
114436
111732
114436
114436
114363
114436
114436
114363
110202
114436
114460
114460
114201
113840
114283
114460
114296
114460
114436
114460
114460
114363
114436
114363
114436
114436
111588
114363
114363
114436
114436
114460
114363
114436
114460
114436
114460
114283
113953
114460
114436
114436
114172
114460
114436
114436
114079
114436
114079
110343
114436
114460
114436
114436
114460
114363
114363
114363
114363
114436
114436
114363
114436
114283
114436
114436
114460
114436
114436
114363
114363
114460
114296
114363
114363
114460
114296
113994
113953
113854
114436
114460
114436
114283
113994
114436
114436
114283
113994
114436
114436
114436
114363
110343
114363
114460
114363
114436
114296
114363
114363
114436
114436
114363
113854
114460
113841
114436
113854
114363
114363
114460
114363
114296
107834
114436
114460
114460
114363
114172
114436
114460
114436
114363
114436
114436
114363
114460
114436
114460
114436
113841
114436
114201
114436
114436
114436
113318
113994
114460
114460
114436
114436
114363
114363
114436
114460
114363
114436
113953
113994
114436
114460
114436
114436
114460
114436
113953
113452
114436
114436
114283
114363
114436
114296
113953
114436
114363
114201
114436
114363
114363
113467
114460
114363
114363
114436
114207
114436
114363
114436
114363
114436
114436
114363
114201
114436
114436
114436
114023
114460
114201
114460
113953
113841
114296
114436
113953
114436
114363
114436
114436
114283
114436
114436
110343
114363
114201
113953
114436
114296
114363
114363
114363
114460
113854
113994
114436
114363
114296
114460
113765
114363
114363
114283
114363
114363
114460
114460
114363
114201
114436
114436
114436
114460
114460
114363
114436
114436
113994
114363
114436
110343
114363
114436
113994
114436
114460
114460
114436
114436
114436
113953
114460
114436
114309
114460
114309
114460
114436
114363
114436
114436
114363
114363
114436
113994
114436
114460
114309
114436
114460
114460
114363
114436
114460
114436
105483
114460
114436
114436
114363
114296
114436
114436
114436
114436
114363
114436
114363
111732
114207
114460
114460
114296
114363
114296
114460
113994
113994
114363
114403
114436
114436
114363
113994
114436
114363
114436
114460
114386
114283
109340
114363
114296
114460
114363
114460
114172
114386
114363
111045
114460
114436
114460
114436
114436
114436
114363
114436
113994
114309
114386
114386
114436
114436
114460
114460
114460
114296
114436
114460
114460
114460
114363
114436
114386
114436
114460
114363
114460
114436
114436
113994
114363
114363
114363
114363
114436
114363
114460
113798
114296
114436
114436
114460
114309
114436
114436
114207
114363
114436
114436
114363
114460
114436
114363
114436
114436
114460
114436
114172
114460
114386
114436
114436
114296
114460
114363
114296
114460
114436
114436
114460
114436
114460
114172
114201
114363
114460
114460
114460
104199
114436
114460
106882
