0, 0: cntSt: 0 cnt1: 600 cntSpc: 1026 (0: 
0, 2: cntSt: 0 cnt1: 1 cntSpc: 3 (2: 
0, 4: cntSt: 2 cnt1: 1 cntSpc: 9 (4: 1 
0, 6: cntSt: 0 cnt1: 3 cntSpc: 9 (6: 1 
0, 8: cntSt: 0 cnt1: 1 cntSpc: 9 (8: 3 
0, 10: cntSt: 8 cnt1: 1 cntSpc: 27 (10: 1 1 
0, 12: cntSt: 6 cnt1: 3 cntSpc: 27 (12: 1 1 
0, 14: cntSt: 6 cnt1: 1 cntSpc: 27 (14: 3 2 
0, 16: cntSt: 2 cnt1: 1 cntSpc: 3 (16: 1 3 
0, 18: cntSt: 0 cnt1: 9 cntSpc: 27 (18: 1 1 
0, 20: cntSt: 0 cnt1: 1 cntSpc: 3 (20: 3 1 
0, 22: cntSt: 2 cnt1: 1 cntSpc: 27 (22: 1 2 
0, 24: cntSt: 0 cnt1: 3 cntSpc: 27 (24: 1 3 
0, 26: cntSt: 0 cnt1: 1 cntSpc: 27 (26: 3 3 
0, 28: cntSt: 26 cnt1: 1 cntSpc: 81 (28: 1 1 1 
0, 30: cntSt: 24 cnt1: 3 cntSpc: 81 (30: 1 1 1 
0, 32: cntSt: 24 cnt1: 1 cntSpc: 81 (32: 3 2 1 
0, 34: cntSt: 20 cnt1: 1 cntSpc: 3 (34: 1 3 1 
0, 36: cntSt: 18 cnt1: 9 cntSpc: 81 (36: 1 1 1 
0, 38: cntSt: 18 cnt1: 1 cntSpc: 3 (38: 3 1 2 
0, 40: cntSt: 20 cnt1: 1 cntSpc: 81 (40: 1 2 2 
0, 42: cntSt: 18 cnt1: 3 cntSpc: 81 (42: 1 3 2 
0, 44: cntSt: 18 cnt1: 1 cntSpc: 81 (44: 3 3 2 
0, 46: cntSt: 8 cnt1: 1 cntSpc: 9 (46: 1 1 3 
0, 48: cntSt: 6 cnt1: 3 cntSpc: 9 (48: 1 1 3 
0, 50: cntSt: 6 cnt1: 1 cntSpc: 9 (50: 3 2 3 
0, 52: cntSt: 2 cnt1: 1 cntSpc: 3 (52: 1 3 3 
0, 54: cntSt: 0 cnt1: 27 cntSpc: 81 (54: 1 1 1 
0, 56: cntSt: 0 cnt1: 1 cntSpc: 3 (56: 3 1 1 
0, 58: cntSt: 2 cnt1: 1 cntSpc: 9 (58: 1 2 1 
0, 60: cntSt: 0 cnt1: 3 cntSpc: 9 (60: 1 3 1 
0, 62: cntSt: 0 cnt1: 1 cntSpc: 9 (62: 3 3 1 
0, 64: cntSt: 8 cnt1: 1 cntSpc: 81 (64: 1 1 2 
0, 66: cntSt: 6 cnt1: 3 cntSpc: 81 (66: 1 1 2 
0, 68: cntSt: 6 cnt1: 1 cntSpc: 81 (68: 3 2 2 
0, 70: cntSt: 2 cnt1: 1 cntSpc: 3 (70: 1 3 2 
0, 72: cntSt: 0 cnt1: 9 cntSpc: 81 (72: 1 1 3 
0, 74: cntSt: 0 cnt1: 1 cntSpc: 3 (74: 3 1 3 
0, 76: cntSt: 2 cnt1: 1 cntSpc: 81 (76: 1 2 3 
0, 78: cntSt: 0 cnt1: 3 cntSpc: 81 (78: 1 3 3 
0, 80: cntSt: 0 cnt1: 1 cntSpc: 81 (80: 3 3 3 
0, 82: cntSt: 80 cnt1: 1 cntSpc: 243 (82: 1 1 1 1 
0, 84: cntSt: 78 cnt1: 3 cntSpc: 243 (84: 1 1 1 1 
0, 86: cntSt: 78 cnt1: 1 cntSpc: 243 (86: 3 2 1 1 
0, 88: cntSt: 74 cnt1: 1 cntSpc: 3 (88: 1 3 1 1 
0, 90: cntSt: 72 cnt1: 9 cntSpc: 243 (90: 1 1 1 1 
0, 92: cntSt: 72 cnt1: 1 cntSpc: 3 (92: 3 1 2 1 
0, 94: cntSt: 74 cnt1: 1 cntSpc: 243 (94: 1 2 2 1 
0, 96: cntSt: 72 cnt1: 3 cntSpc: 243 (96: 1 3 2 1 
0, 98: cntSt: 72 cnt1: 1 cntSpc: 243 (98: 3 3 2 1 
0, 100: cntSt: 62 cnt1: 1 cntSpc: 9 (100: 1 1 3 1 
0, 102: cntSt: 60 cnt1: 3 cntSpc: 9 (102: 1 1 3 1 
0, 104: cntSt: 60 cnt1: 1 cntSpc: 9 (104: 3 2 3 1 
0, 106: cntSt: 56 cnt1: 1 cntSpc: 3 (106: 1 3 3 1 
0, 108: cntSt: 54 cnt1: 27 cntSpc: 243 (108: 1 1 1 1 
0, 110: cntSt: 54 cnt1: 1 cntSpc: 3 (110: 3 1 1 2 
0, 112: cntSt: 56 cnt1: 1 cntSpc: 9 (112: 1 2 1 2 
0, 114: cntSt: 54 cnt1: 3 cntSpc: 9 (114: 1 3 1 2 
0, 116: cntSt: 54 cnt1: 1 cntSpc: 9 (116: 3 3 1 2 
0, 118: cntSt: 62 cnt1: 1 cntSpc: 243 (118: 1 1 2 2 
0, 120: cntSt: 60 cnt1: 3 cntSpc: 243 (120: 1 1 2 2 
0, 122: cntSt: 60 cnt1: 1 cntSpc: 243 (122: 3 2 2 2 
0, 124: cntSt: 56 cnt1: 1 cntSpc: 3 (124: 1 3 2 2 
0, 126: cntSt: 54 cnt1: 9 cntSpc: 243 (126: 1 1 3 2 
0, 128: cntSt: 54 cnt1: 1 cntSpc: 3 (128: 3 1 3 2 
0, 130: cntSt: 56 cnt1: 1 cntSpc: 243 (130: 1 2 3 2 
0, 132: cntSt: 54 cnt1: 3 cntSpc: 243 (132: 1 3 3 2 
0, 134: cntSt: 54 cnt1: 1 cntSpc: 243 (134: 3 3 3 2 
0, 136: cntSt: 26 cnt1: 1 cntSpc: 27 (136: 1 1 1 3 
0, 138: cntSt: 24 cnt1: 3 cntSpc: 27 (138: 1 1 1 3 
0, 140: cntSt: 24 cnt1: 1 cntSpc: 27 (140: 3 2 1 3 
0, 142: cntSt: 20 cnt1: 1 cntSpc: 3 (142: 1 3 1 3 
0, 144: cntSt: 18 cnt1: 9 cntSpc: 27 (144: 1 1 1 3 
0, 146: cntSt: 18 cnt1: 1 cntSpc: 3 (146: 3 1 2 3 
0, 148: cntSt: 20 cnt1: 1 cntSpc: 27 (148: 1 2 2 3 
0, 150: cntSt: 18 cnt1: 3 cntSpc: 27 (150: 1 3 2 3 
0, 152: cntSt: 18 cnt1: 1 cntSpc: 27 (152: 3 3 2 3 
0, 154: cntSt: 8 cnt1: 1 cntSpc: 9 (154: 1 1 3 3 
0, 156: cntSt: 6 cnt1: 3 cntSpc: 9 (156: 1 1 3 3 
0, 158: cntSt: 6 cnt1: 1 cntSpc: 9 (158: 3 2 3 3 
0, 160: cntSt: 2 cnt1: 1 cntSpc: 3 (160: 1 3 3 3 
0, 162: cntSt: 0 cnt1: 81 cntSpc: 243 (162: 1 1 1 1 
0, 164: cntSt: 0 cnt1: 1 cntSpc: 3 (164: 3 1 1 1 
0, 166: cntSt: 2 cnt1: 1 cntSpc: 9 (166: 1 2 1 1 
0, 168: cntSt: 0 cnt1: 3 cntSpc: 9 (168: 1 3 1 1 
0, 170: cntSt: 0 cnt1: 1 cntSpc: 9 (170: 3 3 1 1 
0, 172: cntSt: 8 cnt1: 1 cntSpc: 27 (172: 1 1 2 1 
0, 174: cntSt: 6 cnt1: 3 cntSpc: 27 (174: 1 1 2 1 
0, 176: cntSt: 6 cnt1: 1 cntSpc: 27 (176: 3 2 2 1 
0, 178: cntSt: 2 cnt1: 1 cntSpc: 3 (178: 1 3 2 1 
0, 180: cntSt: 0 cnt1: 9 cntSpc: 27 (180: 1 1 3 1 
0, 182: cntSt: 0 cnt1: 1 cntSpc: 3 (182: 3 1 3 1 
0, 184: cntSt: 2 cnt1: 1 cntSpc: 27 (184: 1 2 3 1 
0, 186: cntSt: 0 cnt1: 3 cntSpc: 27 (186: 1 3 3 1 
0, 188: cntSt: 0 cnt1: 1 cntSpc: 27 (188: 3 3 3 1 
0, 190: cntSt: 26 cnt1: 1 cntSpc: 243 (190: 1 1 1 2 
0, 192: cntSt: 24 cnt1: 3 cntSpc: 243 (192: 1 1 1 2 
0, 194: cntSt: 24 cnt1: 1 cntSpc: 243 (194: 3 2 1 2 
0, 196: cntSt: 20 cnt1: 1 cntSpc: 3 (196: 1 3 1 2 
0, 198: cntSt: 18 cnt1: 9 cntSpc: 243 (198: 1 1 1 2 
0, 200: cntSt: 18 cnt1: 1 cntSpc: 3 (200: 3 1 2 2 
0, 202: cntSt: 20 cnt1: 1 cntSpc: 243 (202: 1 2 2 2 
0, 204: cntSt: 18 cnt1: 3 cntSpc: 243 (204: 1 3 2 2 
0, 206: cntSt: 18 cnt1: 1 cntSpc: 243 (206: 3 3 2 2 
0, 208: cntSt: 8 cnt1: 1 cntSpc: 9 (208: 1 1 3 2 
0, 210: cntSt: 6 cnt1: 3 cntSpc: 9 (210: 1 1 3 2 
0, 212: cntSt: 6 cnt1: 1 cntSpc: 9 (212: 3 2 3 2 
0, 214: cntSt: 2 cnt1: 1 cntSpc: 3 (214: 1 3 3 2 
0, 216: cntSt: 0 cnt1: 27 cntSpc: 243 (216: 1 1 1 3 
0, 218: cntSt: 0 cnt1: 1 cntSpc: 3 (218: 3 1 1 3 
0, 220: cntSt: 2 cnt1: 1 cntSpc: 9 (220: 1 2 1 3 
0, 222: cntSt: 0 cnt1: 3 cntSpc: 9 (222: 1 3 1 3 
0, 224: cntSt: 0 cnt1: 1 cntSpc: 9 (224: 3 3 1 3 
0, 226: cntSt: 8 cnt1: 1 cntSpc: 243 (226: 1 1 2 3 
0, 228: cntSt: 6 cnt1: 3 cntSpc: 243 (228: 1 1 2 3 
0, 230: cntSt: 6 cnt1: 1 cntSpc: 243 (230: 3 2 2 3 
0, 232: cntSt: 2 cnt1: 1 cntSpc: 3 (232: 1 3 2 3 
0, 234: cntSt: 0 cnt1: 9 cntSpc: 243 (234: 1 1 3 3 
0, 236: cntSt: 0 cnt1: 1 cntSpc: 3 (236: 3 1 3 3 
0, 238: cntSt: 2 cnt1: 1 cntSpc: 243 (238: 1 2 3 3 
0, 240: cntSt: 0 cnt1: 3 cntSpc: 243 (240: 1 3 3 3 
0, 242: cntSt: 0 cnt1: 1 cntSpc: 243 (242: 3 3 3 3 
0, 244: cntSt: 242 cnt1: 1 cntSpc: 270 (244: 1 1 1 1 
0, 246: cntSt: 240 cnt1: 3 cntSpc: 272 (246: 1 1 1 1 
0, 248: cntSt: 240 cnt1: 1 cntSpc: 272 (248: 3 2 1 1 
0, 250: cntSt: 236 cnt1: 1 cntSpc: 3 (250: 1 3 1 1 
0, 252: cntSt: 234 cnt1: 9 cntSpc: 278 (252: 1 1 1 1 
0, 254: cntSt: 234 cnt1: 1 cntSpc: 3 (254: 3 1 2 1 
0, 256: cntSt: 236 cnt1: 1 cntSpc: 276 (256: 1 2 2 1 
0, 258: cntSt: 234 cnt1: 3 cntSpc: 278 (258: 1 3 2 1 
0, 260: cntSt: 234 cnt1: 1 cntSpc: 278 (260: 3 3 2 1 
0, 262: cntSt: 224 cnt1: 1 cntSpc: 9 (262: 1 1 3 1 
0, 264: cntSt: 222 cnt1: 3 cntSpc: 9 (264: 1 1 3 1 
0, 266: cntSt: 222 cnt1: 1 cntSpc: 9 (266: 3 2 3 1 
0, 268: cntSt: 218 cnt1: 1 cntSpc: 3 (268: 1 3 3 1 
0, 270: cntSt: 216 cnt1: 27 cntSpc: 296 (270: 1 1 1 1 
0, 272: cntSt: 216 cnt1: 1 cntSpc: 3 (272: 3 1 1 2 
0, 274: cntSt: 218 cnt1: 1 cntSpc: 9 (274: 1 2 1 2 
0, 276: cntSt: 216 cnt1: 3 cntSpc: 9 (276: 1 3 1 2 
0, 278: cntSt: 216 cnt1: 1 cntSpc: 9 (278: 3 3 1 2 
0, 280: cntSt: 224 cnt1: 1 cntSpc: 288 (280: 1 1 2 2 
0, 282: cntSt: 222 cnt1: 3 cntSpc: 290 (282: 1 1 2 2 
0, 284: cntSt: 222 cnt1: 1 cntSpc: 290 (284: 3 2 2 2 
0, 286: cntSt: 218 cnt1: 1 cntSpc: 3 (286: 1 3 2 2 
0, 288: cntSt: 216 cnt1: 9 cntSpc: 296 (288: 1 1 3 2 
0, 290: cntSt: 216 cnt1: 1 cntSpc: 3 (290: 3 1 3 2 
0, 292: cntSt: 218 cnt1: 1 cntSpc: 294 (292: 1 2 3 2 
0, 294: cntSt: 216 cnt1: 3 cntSpc: 296 (294: 1 3 3 2 
0, 296: cntSt: 216 cnt1: 1 cntSpc: 296 (296: 3 3 3 2 
0, 298: cntSt: 188 cnt1: 1 cntSpc: 27 (298: 1 1 1 3 
0, 300: cntSt: 186 cnt1: 3 cntSpc: 27 (300: 1 1 1 3 
0, 302: cntSt: 186 cnt1: 1 cntSpc: 27 (302: 3 2 1 3 
0, 304: cntSt: 182 cnt1: 1 cntSpc: 3 (304: 1 3 1 3 
0, 306: cntSt: 180 cnt1: 9 cntSpc: 27 (306: 1 1 1 3 
0, 308: cntSt: 180 cnt1: 1 cntSpc: 3 (308: 3 1 2 3 
0, 310: cntSt: 182 cnt1: 1 cntSpc: 27 (310: 1 2 2 3 
0, 312: cntSt: 180 cnt1: 3 cntSpc: 27 (312: 1 3 2 3 
0, 314: cntSt: 180 cnt1: 1 cntSpc: 27 (314: 3 3 2 3 
0, 316: cntSt: 170 cnt1: 1 cntSpc: 9 (316: 1 1 3 3 
0, 318: cntSt: 168 cnt1: 3 cntSpc: 9 (318: 1 1 3 3 
0, 320: cntSt: 168 cnt1: 1 cntSpc: 9 (320: 3 2 3 3 
0, 322: cntSt: 164 cnt1: 1 cntSpc: 3 (322: 1 3 3 3 
0, 324: cntSt: 162 cnt1: 81 cntSpc: 350 (324: 1 1 1 1 
0, 326: cntSt: 162 cnt1: 1 cntSpc: 3 (326: 3 1 1 1 
0, 328: cntSt: 164 cnt1: 1 cntSpc: 9 (328: 1 2 1 1 
0, 330: cntSt: 162 cnt1: 3 cntSpc: 9 (330: 1 3 1 1 
0, 332: cntSt: 162 cnt1: 1 cntSpc: 9 (332: 3 3 1 1 
0, 334: cntSt: 170 cnt1: 1 cntSpc: 27 (334: 1 1 2 1 
0, 336: cntSt: 168 cnt1: 3 cntSpc: 27 (336: 1 1 2 1 
0, 338: cntSt: 168 cnt1: 1 cntSpc: 27 (338: 3 2 2 1 
0, 340: cntSt: 164 cnt1: 1 cntSpc: 3 (340: 1 3 2 1 
0, 342: cntSt: 162 cnt1: 9 cntSpc: 27 (342: 1 1 3 1 
0, 344: cntSt: 162 cnt1: 1 cntSpc: 3 (344: 3 1 3 1 
0, 346: cntSt: 164 cnt1: 1 cntSpc: 27 (346: 1 2 3 1 
0, 348: cntSt: 162 cnt1: 3 cntSpc: 27 (348: 1 3 3 1 
0, 350: cntSt: 162 cnt1: 1 cntSpc: 27 (350: 3 3 3 1 
0, 352: cntSt: 188 cnt1: 1 cntSpc: 68 (352: 1 1 1 2 
0, 354: cntSt: 186 cnt1: 3 cntSpc: 70 (354: 1 1 1 2 
0, 356: cntSt: 186 cnt1: 1 cntSpc: 70 (356: 3 2 1 2 
0, 358: cntSt: 182 cnt1: 1 cntSpc: 3 (358: 1 3 1 2 
0, 360: cntSt: 180 cnt1: 9 cntSpc: 76 (360: 1 1 1 2 
0, 362: cntSt: 180 cnt1: 1 cntSpc: 3 (362: 3 1 2 2 
0, 364: cntSt: 182 cnt1: 1 cntSpc: 74 (364: 1 2 2 2 
0, 366: cntSt: 180 cnt1: 3 cntSpc: 76 (366: 1 3 2 2 
0, 368: cntSt: 180 cnt1: 1 cntSpc: 76 (368: 3 3 2 2 
0, 370: cntSt: 170 cnt1: 1 cntSpc: 9 (370: 1 1 3 2 
0, 372: cntSt: 168 cnt1: 3 cntSpc: 9 (372: 1 1 3 2 
0, 374: cntSt: 168 cnt1: 1 cntSpc: 9 (374: 3 2 3 2 
0, 376: cntSt: 164 cnt1: 1 cntSpc: 3 (376: 1 3 3 2 
0, 378: cntSt: 162 cnt1: 27 cntSpc: 94 (378: 1 1 1 3 
0, 380: cntSt: 162 cnt1: 1 cntSpc: 3 (380: 3 1 1 3 
0, 382: cntSt: 164 cnt1: 1 cntSpc: 9 (382: 1 2 1 3 
0, 384: cntSt: 162 cnt1: 3 cntSpc: 9 (384: 1 3 1 3 
0, 386: cntSt: 162 cnt1: 1 cntSpc: 9 (386: 3 3 1 3 
0, 388: cntSt: 170 cnt1: 1 cntSpc: 86 (388: 1 1 2 3 
0, 390: cntSt: 168 cnt1: 3 cntSpc: 88 (390: 1 1 2 3 
0, 392: cntSt: 168 cnt1: 1 cntSpc: 88 (392: 3 2 2 3 
0, 394: cntSt: 164 cnt1: 1 cntSpc: 3 (394: 1 3 2 3 
0, 396: cntSt: 162 cnt1: 9 cntSpc: 94 (396: 1 1 3 3 
0, 398: cntSt: 162 cnt1: 1 cntSpc: 3 (398: 3 1 3 3 
0, 400: cntSt: 164 cnt1: 1 cntSpc: 92 (400: 1 2 3 3 
0, 402: cntSt: 162 cnt1: 3 cntSpc: 94 (402: 1 3 3 3 
0, 404: cntSt: 162 cnt1: 1 cntSpc: 94 (404: 3 3 3 3 
0, 406: cntSt: 80 cnt1: 1 cntSpc: 81 (406: 1 1 1 1 
0, 408: cntSt: 78 cnt1: 3 cntSpc: 81 (408: 1 1 1 1 
0, 410: cntSt: 78 cnt1: 1 cntSpc: 81 (410: 3 2 1 1 
0, 412: cntSt: 74 cnt1: 1 cntSpc: 3 (412: 1 3 1 1 
0, 414: cntSt: 72 cnt1: 9 cntSpc: 81 (414: 1 1 1 1 
0, 416: cntSt: 72 cnt1: 1 cntSpc: 3 (416: 3 1 2 1 
0, 418: cntSt: 74 cnt1: 1 cntSpc: 81 (418: 1 2 2 1 
0, 420: cntSt: 72 cnt1: 3 cntSpc: 81 (420: 1 3 2 1 
0, 422: cntSt: 72 cnt1: 1 cntSpc: 81 (422: 3 3 2 1 
0, 424: cntSt: 62 cnt1: 1 cntSpc: 9 (424: 1 1 3 1 
0, 426: cntSt: 60 cnt1: 3 cntSpc: 9 (426: 1 1 3 1 
0, 428: cntSt: 60 cnt1: 1 cntSpc: 9 (428: 3 2 3 1 
0, 430: cntSt: 56 cnt1: 1 cntSpc: 3 (430: 1 3 3 1 
0, 432: cntSt: 54 cnt1: 27 cntSpc: 81 (432: 1 1 1 1 
0, 434: cntSt: 54 cnt1: 1 cntSpc: 3 (434: 3 1 1 2 
0, 436: cntSt: 56 cnt1: 1 cntSpc: 9 (436: 1 2 1 2 
0, 438: cntSt: 54 cnt1: 3 cntSpc: 9 (438: 1 3 1 2 
0, 440: cntSt: 54 cnt1: 1 cntSpc: 9 (440: 3 3 1 2 
0, 442: cntSt: 62 cnt1: 1 cntSpc: 81 (442: 1 1 2 2 
0, 444: cntSt: 60 cnt1: 3 cntSpc: 81 (444: 1 1 2 2 
0, 446: cntSt: 60 cnt1: 1 cntSpc: 81 (446: 3 2 2 2 
0, 448: cntSt: 56 cnt1: 1 cntSpc: 3 (448: 1 3 2 2 
0, 450: cntSt: 54 cnt1: 9 cntSpc: 81 (450: 1 1 3 2 
0, 452: cntSt: 54 cnt1: 1 cntSpc: 3 (452: 3 1 3 2 
0, 454: cntSt: 56 cnt1: 1 cntSpc: 81 (454: 1 2 3 2 
0, 456: cntSt: 54 cnt1: 3 cntSpc: 81 (456: 1 3 3 2 
0, 458: cntSt: 54 cnt1: 1 cntSpc: 81 (458: 3 3 3 2 
0, 460: cntSt: 26 cnt1: 1 cntSpc: 27 (460: 1 1 1 3 
0, 462: cntSt: 24 cnt1: 3 cntSpc: 27 (462: 1 1 1 3 
0, 464: cntSt: 24 cnt1: 1 cntSpc: 27 (464: 3 2 1 3 
0, 466: cntSt: 20 cnt1: 1 cntSpc: 3 (466: 1 3 1 3 
0, 468: cntSt: 18 cnt1: 9 cntSpc: 27 (468: 1 1 1 3 
0, 470: cntSt: 18 cnt1: 1 cntSpc: 3 (470: 3 1 2 3 
0, 472: cntSt: 20 cnt1: 1 cntSpc: 27 (472: 1 2 2 3 
0, 474: cntSt: 18 cnt1: 3 cntSpc: 27 (474: 1 3 2 3 
0, 476: cntSt: 18 cnt1: 1 cntSpc: 27 (476: 3 3 2 3 
0, 478: cntSt: 8 cnt1: 1 cntSpc: 9 (478: 1 1 3 3 
0, 480: cntSt: 6 cnt1: 3 cntSpc: 9 (480: 1 1 3 3 
0, 482: cntSt: 6 cnt1: 1 cntSpc: 9 (482: 3 2 3 3 
0, 484: cntSt: 2 cnt1: 1 cntSpc: 3 (484: 1 3 3 3 
0, 486: cntSt: 0 cnt1: 114 cntSpc: 130 (486: 1 1 1 1 
0, 488: cntSt: 0 cnt1: 1 cntSpc: 3 (488: 3 1 1 1 
0, 490: cntSt: 2 cnt1: 1 cntSpc: 9 (490: 1 2 1 1 
0, 492: cntSt: 0 cnt1: 3 cntSpc: 9 (492: 1 3 1 1 
0, 494: cntSt: 0 cnt1: 1 cntSpc: 9 (494: 3 3 1 1 
0, 496: cntSt: 8 cnt1: 1 cntSpc: 27 (496: 1 1 2 1 
0, 498: cntSt: 6 cnt1: 3 cntSpc: 27 (498: 1 1 2 1 
0, 500: cntSt: 6 cnt1: 1 cntSpc: 27 (500: 3 2 2 1 
0, 502: cntSt: 2 cnt1: 1 cntSpc: 3 (502: 1 3 2 1 
0, 504: cntSt: 0 cnt1: 9 cntSpc: 27 (504: 1 1 3 1 
0, 506: cntSt: 0 cnt1: 1 cntSpc: 3 (506: 3 1 3 1 
0, 508: cntSt: 2 cnt1: 1 cntSpc: 27 (508: 1 2 3 1 
0, 510: cntSt: 0 cnt1: 3 cntSpc: 27 (510: 1 3 3 1 
0, 512: cntSt: 0 cnt1: 1 cntSpc: 27 (512: 3 3 3 1 
0, 514: cntSt: 26 cnt1: 1 cntSpc: 85 (514: 1 1 1 2 
0, 516: cntSt: 24 cnt1: 3 cntSpc: 87 (516: 1 1 1 2 
0, 518: cntSt: 24 cnt1: 1 cntSpc: 87 (518: 3 2 1 2 
0, 520: cntSt: 20 cnt1: 1 cntSpc: 3 (520: 1 3 1 2 
0, 522: cntSt: 18 cnt1: 9 cntSpc: 93 (522: 1 1 1 2 
0, 524: cntSt: 18 cnt1: 1 cntSpc: 3 (524: 3 1 2 2 
0, 526: cntSt: 20 cnt1: 1 cntSpc: 91 (526: 1 2 2 2 
0, 528: cntSt: 18 cnt1: 3 cntSpc: 93 (528: 1 3 2 2 
0, 530: cntSt: 18 cnt1: 1 cntSpc: 93 (530: 3 3 2 2 
0, 532: cntSt: 8 cnt1: 1 cntSpc: 9 (532: 1 1 3 2 
0, 534: cntSt: 6 cnt1: 3 cntSpc: 9 (534: 1 1 3 2 
0, 536: cntSt: 6 cnt1: 1 cntSpc: 9 (536: 3 2 3 2 
0, 538: cntSt: 2 cnt1: 1 cntSpc: 3 (538: 1 3 3 2 
0, 540: cntSt: 0 cnt1: 27 cntSpc: 66 (540: 1 1 1 3 
0, 542: cntSt: 0 cnt1: 1 cntSpc: 3 (542: 3 1 1 3 
0, 544: cntSt: 2 cnt1: 1 cntSpc: 9 (544: 1 2 1 3 
0, 546: cntSt: 0 cnt1: 3 cntSpc: 9 (546: 1 3 1 3 
0, 548: cntSt: 0 cnt1: 1 cntSpc: 9 (548: 3 3 1 3 
0, 550: cntSt: 8 cnt1: 1 cntSpc: 58 (550: 1 1 2 3 
0, 552: cntSt: 6 cnt1: 3 cntSpc: 60 (552: 1 1 2 3 
0, 554: cntSt: 6 cnt1: 1 cntSpc: 60 (554: 3 2 2 3 
0, 556: cntSt: 2 cnt1: 1 cntSpc: 3 (556: 1 3 2 3 
0, 558: cntSt: 0 cnt1: 9 cntSpc: 66 (558: 1 1 3 3 
0, 560: cntSt: 0 cnt1: 1 cntSpc: 3 (560: 3 1 3 3 
0, 562: cntSt: 2 cnt1: 1 cntSpc: 64 (562: 1 2 3 3 
0, 564: cntSt: 0 cnt1: 3 cntSpc: 66 (564: 1 3 3 3 
0, 566: cntSt: 0 cnt1: 1 cntSpc: 66 (566: 3 3 3 3 
0, 568: cntSt: 32 cnt1: 1 cntSpc: 2 (568: 1 1 1 1 
0, 570: cntSt: 32 cnt1: 1 cntSpc: 2 (570: 1 1 1 1 
0, 572: cntSt: 32 cnt1: 1 cntSpc: 2 (572: 3 2 1 1 
0, 574: cntSt: 32 cnt1: 1 cntSpc: 2 (574: 1 3 1 1 
0, 576: cntSt: 32 cnt1: 1 cntSpc: 2 (576: 1 1 1 1 
0, 578: cntSt: 32 cnt1: 1 cntSpc: 2 (578: 3 1 2 1 
0, 580: cntSt: 32 cnt1: 1 cntSpc: 2 (580: 1 2 2 1 
0, 582: cntSt: 32 cnt1: 1 cntSpc: 2 (582: 1 3 2 1 
0, 584: cntSt: 17 cnt1: 1 cntSpc: 1 (584: 3 3 2 1 
0, 586: cntSt: 17 cnt1: 1 cntSpc: 1 (586: 1 1 3 1 
0, 588: cntSt: 17 cnt1: 1 cntSpc: 1 (588: 1 1 3 1 
0, 590: cntSt: 17 cnt1: 1 cntSpc: 1 (590: 3 2 3 1 
0, 592: cntSt: 8 cnt1: 0 cntSpc: 0 (592: 1 3 3 1 
0, 594: cntSt: 8 cnt1: 0 cntSpc: 0 (594: 1 1 1 1 
0, 596: cntSt: 6 cnt1: 0 cntSpc: 0 (596: 3 1 1 2 
0, 598: cntSt: 2 cnt1: 0 cntSpc: 0 (598: 1 2 1 2 
