96.3855421687
305.0000000000
15.6097560976
73.7500000000
IMPOSSIBLE
3.8787878788
142.5742574257
194.4615384615
411.4285714286
IMPOSSIBLE
68.8607594937
67.2820512821
65.4545454545
75.1515151515
32.2077922078
23.3333333333
IMPOSSIBLE
138.9473684211
5120.0000000000
40.0000000000
188.2352941176
122.5000000000
63.7104072398
285.0000000000
127.7777777778
560.0000000000
42.1052631579
65.0000000000
32.0000000000
322.8070175439
11.2280701754
142.2222222222
26.1224489796
131.5254237288
57.6744186047
70.4587155963
145.2307692308