30
136549
119676
136549
136549
158123
136549
158123
103872
158123
158123
158123
158123
158123
158123
158123
158123
103872
151193
158123
147714
155766
149498
158123
152087
158123
158123
155766
158123
149498
155766
158123
158123
155766
158123
155766
30
155766
157584
151930
152087
158123
158123
157584
158123
157584
158123
158123
30
158123
158123
149498
155766
158123
157274
157928
157928
158123
152863
157274
158123
158123
158123
158123
158123
158123
158123
30
30
148633
155766
103978
157584
158123
157928
157928
152087
158123
151930
158123
158123
157928
149972
158123
158123
151930
132693
147714
158123
151930
155766
158123
158123
158123
152087
157928
158123
138724
157274
30
157928
158123
157928
146370
151930
158123
151930
157928
158123
138724
157928
157274
158123
157928
157928
136549
155766
158123
158123
158123
158123
152087
155730
158123
158123
158123
152087
157274
158123
158123
158123
157928
157928
152087
157928
158123
155730
155766
158123
158123
151875
157928
157928
157928
157928
157928
158123
158123
158123
158123
158123
157928
157928
158123
158123
158123
157274
152087
158123
158123
158123
157928
157928
158123
158123
157928
158123
153918
158123
158123
158123
138724
148633
148633
155730
158123
158123
158123
153918
158123
157024
158123
158123
157928
157928
158123
158123
153470
157928
158123
157928
158123
158123
158123
157702
157928
157928
157928
158123
157928
157928
158123
157928
158123
157274
157928
158123
158123
152087
158123
158123
158123
157928
152087
157928
157928
154605
155730
151875
157024
152087
158123
158123
157928
157928
152087
156661
157702
157928
158123
158123
158123
157928
158123
157928
158123
158123
158123
155730
158123
157928
157928
152087
158123
158123
158123
158123
157024
157274
158123
157928
151193
151193
157928
157928
157928
149972
158123
157928
157928
158123
158123
158123
30
157274
157928
158123
156661
158123
158123
157928
157274
158123
153918
158123
158123
158123
158123
158123
157928
157928
157928
157928
158123
157928
153918
157928
158123
158123
158123
157274
158123
153918
157928
158123
158123
157274
152087
158123
158123
155730
158123
157928
158123
158123
157274
130709
157274
157274
157928
157702
137825
157024
157024
158123
158123
157928
156661
157928
158123
158123
158123
157928
157274
157928
158123
153940
158123
158123
157274
158123
158123
158123
157928
157928
157702
158123
158123
157928
158123
157024
158123
157274
157928
158123
157983
158123
154082
158123
158123
153940
156481
157928
158123
158123
158123
158123
158123
158123
158123
158123
158123
155589
157024
157928
158123
155589
157928
153940
158123
158123
158123
157928
157274
158123
158123
145664
158123
157928
157983
158123
155589
158123
157983
158123
156481
158123
147837
157928
153918
157928
154082
158123
158123
155589
158123
156481
158123
118359
158123
158123
158123
158123
158123
157928
151875
154605
157928
157274
157702
158123
157928
158123
158123
157274
155730
158123
158123
158123
157983
158123
146349
157983
155812
158123
157928
158123
156661
158123
158123
141374
157928
157983
157928
157928
158123
157928
158123
158123
158123
157928
158123
156481
157928
146700
158123
155730
149972
158123
158123
158123
158123
158123
158123
158123
158123
158123
157983
157274
157928
155812
158123
155589
158123
158123
158123
158123
153940
155730
158123
158123
158123
158123
158123
158123
157928
157702
157983
158123
158123
157274
157983
157928
151930
157167
157928
158123
158123
158123
157928
157928
158123
152894
157928
154686
157928
158123
155121
158123
158123
153940
158123
158123
158123
158123
154082
158123
158123
158123
157167
157167
158123
157024
158123
158123
158123
157928
157983
158123
158123
158123
157983
138711
157928
157167
30
153940
158123
156481
158123
158123
157928
158123
157983
158123
152894
154082
153940
158123
158123
157928
158123
157983
158123
158123
156661
158123
157024
157928
157983
158123
157274
157983
158123
158123
158123
153940
157928
157983
158123
158123
158123
157928
158123
154082
157702
158123
157983
157928
158123
157167
158123
157928
157167
158123
157167
151193
157702
158123
157983
158123
158123
157928
157167
158123
158123
158123
158123
157668
157928
152863
157928
158123
158123
158123
156661
158123
158123
157167
158123
158123
158123
157928
157983
157024
155766
157983
155121
30
158123
158123
158123
158123
157274
158123
157702
158123
158123
157983
157983
158123
157983
158123
157928
157983
155066
151875
158123
149972
157928
142310
157928
157024
153918
157928
158123
158123
158123
157024
157274
158123
157983
158123
158123
157928
126544
95177
157668
158123
158123
158123
158123
158123
158123
158123
155795
158123
157024
158123
158123
155730
157928
157928
157983
155795
157928
158123
158123
158123
157274
158123
157983
151875
158123
157702
158123
151193
148633
157274
157983
158123
157928
157983
158123
157928
158123
156481
158123
157928
135396
157928
157928
157983
157928
158123
158123
157274
157928
157702
158123
157702
157928
157983
157928
158123
158123
157928
157928
157983
157274
157274
158123
157928
158123
157928
155066
158123
151875
157983
158123
151875
158123
158123
158123
158123
158123
149739
157928
158123
158123
158123
157397
158123
158123
158123
158123
158123
157983
158123
158123
158123
158123
157928
158123
157928
157928
149739
157167
158123
158123
157024
158123
158123
157274
158123
158123
157397
157928
157928
158123
158123
157397
158123
152863
157983
158123
152863
153918
158123
158123
155795
157928
158123
157397
150572
154704
158123
157928
158123
158123
158123
157983
158123
151875
157024
157397
158123
157024
158123
30
158123
157928
157928
158123
158123
158123
158123
158123
157397
157983
155766
30
158123
158123
130192
157928
158123
157983
155730
158123
157712
157702
151193
157928
157928
154715
158123
158123
157702
157928
158123
158123
149739
153295
158123
157983
158123
158123
157928
157702
158123
157983
157983
158123
155795
158123
157712
157983
158123
157274
143404
157983
158123
158123
157928
158123
157702
158123
158123
158123
157397
157983
157983
157024
155730
158123
157928
157397
157928
158123
157928
149739
158123
158123
158123
158123
157928
157323
157928
157668
154704
157928
157983
157323
157983
158123
157983
158123
158123
157983
157983
155730
158123
157983
158123
158123
158123
151930
157397
158123
158123
157928
157397
157928
157024
157274
143072
158123
157928
157983
157928
157928
157397
157928
157274
157928
157983
157024
157983
158123
158123
158123
157928
155730
157323
157983
30
157397
157928
158123
158123
158123
157024
158123
156444
157274
157928
158123
157850
157712
158123
157983
157110
157274
157110
158123
158123
158123
157274
158123
156080
158123
157397
158123
157928
157397
157702
158123
158123
158123
158123
157928
157712
157928
158123
156444
157024
157928
157928
158123
158123
145459
158123
158123
158123
158123
157983
158123
158123
157983
157983
158123
157928
158123
157274
157928
157983
157668
156444
158123
158123
158123
158123
157167
156444
158123
154500
158123
157397
143389
158123
158123
156486
158123
157274
157983
158123
157928
157668
157323
158123
157274
158123
157928
158123
157397
158123
157928
158123
157397
157983
157928
157712
157928
158123
158123
157983
157983
157397
157928
157928
157110
157928
158123
157983
158123
156444
157928
158123
157928
158123
122942
158123
157928
157928
157702
158123
157928
158123
158123
158123
157024
158123
158123
158123
157024
158123
158123
158123
157983
158123
158123
158123
158123
157928
157928
157397
158123
152894
157712
158123
157928
157928
156444
158123
157397
158123
158123
157983
157668
158123
158123
157024
157928
158123
150572
157331
157928
157331
157983
157928
158123
158123
157928
158123
157983
158123
157331
157702
158123
157928
157712
158123
158123
157928
157675
158123
158123
157421
158123
158123
128902
158123
157668
157421
158123
158123
158123
158123
158123
155730
157397
157928
158123
158123
157928
157928
157712
158123
158123
158123
157702
157397
158123
158123
158123
157928
157928
157668
157397
158123
158123
157983
158123
155730
158123
158123
157928
157928
158123
149494
158123
157702
157928
158123
158123
157331
158123
158123
157397
158123
157983
157397
157928
158123
157983
157983
157983
157928
157983
157928
157983
158123
157397
158123
158123
158123
155730
158123
158123
158123
157331
157983
157060
158123
157928
157983
157668
157702
157584
157928
158123
157983
157928
157983
158123
156080
157983
157983
158123
158123
158123
157983
158123
157928
158123
158123
157928
158123
158123
158123
158123
157983
155929
158123
156486
157928
157983
158123
157397
157060
158123
157928
157983
158123
158123
30
158123
151193
157167
157024
157397
157928
158123
157024
157983
157983
158123
149739
155813
154871
158123
157110
158123
158123
158123
30
142301
158123
157421
156419
158123
158123
157702
157331
157928
158123
157110
157983
155730
157668
30
158123
158123
157928
157928
158123
158123
158123
155730
158123
158123
157024
158123
157928
157407
158123
158123
157675
158123
158123
158123
157407
157397
143300
157928
158123
158123
157983
158123
158123
155766
157928
157983
157397
158123
157983
157668
158123
158123
158123
158123
157421
158123
157421
158123
158123
158123
158123
158123
158123
157983
157928
158123
158123
158123
158123
158123
158123
157641
158123
157983
157675
157421
158123
156080
158123
157421
157110
158123
157928
158123
158123
157110
158123
158123
158123
158123
157983
158123
158123
157110
158123
158123
157928
157928
158123
157024
157928
157983
150711
158123
158123
157641
158123
157983
157712
157421
157928
158123
157983
157983
156129
158123
158123
158123
157928
157928
157761
158123
158123
157397
157761
157323
157928
157928
157928
153943
157928
157274
155503
158123
157641
158123
156129
158123
158123
157928
158123
158123
157397
158123
158123
152894
158123
158123
30
157761
157983
158123
157702
158123
157928
157983
157928
154500
158123
157928
158123
158123
157928
158123
157641
157702
157983
157668
157983
158123
156129
157641
157928
157983
157983
157421
157668
157983
158123
158123
157983
158123
157761
158123
158123
157983
158123
158123
157421
157983
157928
158123
158123
158123
158123
158123
158123
158123
158123
157928
157421
157928
157421
157983
157641
157167
158123
158123
158123
158123
157421
157928
158123
157761
157421
158123
156080
158123
156129
158123
157024
157641
156783
158123
157668
158123
158123
157110
158123
158123
158123
157274
157983
158123
151193
158123
157983
158123
158123
157641
157928
157702
158123
158123
157712
158123
157641
152145
158123
155503
158123
158123
158123
158123
157928
158123
158123
157110
158123
157397
152087
157928
157397
158123
158123
157983
158123
157928
157928
158123
157983
157641
158123
157421
157928
158123
158123
157983
157928
157983
158123
157641
158123
157928
157983
158123
158123
157761
157641
158123
157761
157983
157928
157983
158123
157928
157928
30
157761
158123
157761
158123
157928
150711
157928
157928
157928
158123
157983
158123
157983
157761
157702
157761
158123
157641
158123
158123
158123
157024
158123
157928
157928
157668
157983
158123
157928
157421
157331
157407
158123
156129
158123
157983
157928
158123
157983
157397
157641
157928
158123
147068
152145
158123
156080
158123
158123
157421
158123
157928
157928
158123
157421
158123
158123
157983
157983
157928
157983
158123
158123
157641
158123
157928
157983
158123
157928
157983
158123
158123
157110
157928
158123
157983
157983
158123
158123
157928
157928
158123
156129
157110
157983
157397
157928
157761
157641
158123
157024
155766
157983
157407
157928
157505
157983
158123
157407
158123
157641
157928
157983
158123
158123
158123
158123
153765
157928
158123
157761
157983
157421
157761
157928
158123
157712
157928
157983
158123
158123
158123
158123
158123
158123
158123
158123
157983
156129
158123
158123
157928
157928
158123
30
157928
158123
157397
158123
157983
157761
158123
158123
157928
157761
157983
157928
158123
158123
158123
157928
157983
158123
157641
158123
157397
158123
158123
157928
157110
157702
157983
158123
157928
157668
158123
157983
158123
157983
157928
157331
158123
158123
157928
157397
158123
157928
157761
157983
158123
157928
155503
157928
157928
152808
158123
158123
157928
157397
157407
158123
157761
158123
157928
157928
158123
157701
158123
158123
157928
158123
157641
158123
157983
157983
158123
158123
157928
157983
157928
157928
157928
157983
157641
158123
157983
30
157701
158123
157761
158123
157983
157686
157761
158123
158123
157421
158123
157983
158123
158123
158123
158123
158123
157928
157702
157686
157928
158123
156080
157983
157702
157712
158123
157928
156058
157003
158123
157983
157928
157928
158123
157928
158123
157983
157701
157983
157761
157701
157983
158123
158123
158123
157341
157421
154871
158123
157928
157397
157421
157928
158123
158123
157983
157983
157983
158123
158123
158123
158123
157928
157421
157167
158123
158123
157761
157641
157712
157761
158123
158123
157983
158123
157983
158123
158123
158123
157701
157928
157928
157761
157110
158123
157928
158123
157928
157641
156129
149932
158123
157983
158123
157983
158123
157983
158123
158123
156129
157584
157397
157701
158123
158123
157983
157983
157341
157983
157983
158123
158123
158123
157928
157983
157928
158123
158123
158123
157908
158123
157928
158123
158123
158123
157908
157928
157983
157686
157908
158123
158123
157928
157702
157701
157983
158123
157928
157167
158123
157983
158123
158123
158123
158123
157928
158123
158123
158123
158123
154500
157341
157928
157702
158123
157983
158123
158123
158123
158123
158123
157983
158123
158123
157983
157928
158123
157167
157983
158123
158123
158123
158123
158123
158123
157983
157228
158123
157928
157274
157908
158123
156418
158123
158123
158123
158123
157024
158123
157983
157928
158123
158123
157397
158123
157983
158123
158123
157983
157421
157702
156486
157761
158123
157928
158123
158123
157983
157908
157761
157983
158123
157983
157712
157064
158123
155481
157928
157908
158123
157761
158123
157526
158123
158123
158123
158123
157341
157702
157928
157983
157983
157928
157908
158123
158123
158123
158123
158123
158123
157928
157701
158123
158123
157983
157908
157928
157983
158123
156481
157908
157983
158123
157983
157421
157928
157908
158123
157928
158123
157421
158123
158123
157228
157850
158123
158123
157761
158123
158123
157421
158123
