15413
30
30
15722
15722
15722
15722
30
30
15722
14917
14917
8527
15722
15535
15535
15413
15722
14917
15722
15413
15722
13525
15722
15722
16381
11959
16381
8527
16381
16381
15263
15413
16381
15722
30
16408
16408
16408
16408
16408
16408
15263
16408
16408
16408
16561
16381
16561
16561
16408
16408
16561
16408
16408
14918
14459
16561
30
16196
16408
16408
15263
16408
16408
16381
15263
10440
30
30
16561
16408
15796
16196
16408
16408
16561
16196
16408
16561
16017
16436
16561
16436
16561
16561
16408
16408
15900
16436
16436
16408
16561
16561
16196
16408
16561
16408
16196
16196
16408
16408
30
16561
16677
16677
16677
16196
16677
16408
16408
16677
16408
16408
16677
16677
16408
15874
16677
16408
16196
16196
16677
16581
16408
16436
16408
15322
16677
16677
16416
15808
16677
16436
16561
16581
16677
15808
16677
16677
16677
16677
16119
16416
16677
15417
16677
14039
16416
16677
16677
16677
16416
16408
16319
16333
15679
16196
15660
16677
16416
16581
30
16677
16381
16561
16677
16196
30
30
16416
16416
16196
15679
16677
16677
16416
16381
16408
16716
15389
16416
16416
16716
16677
16677
14983
16716
16677
16677
16416
16017
16677
16677
16436
16716
15617
16017
16416
16677
16416
16307
16677
16408
13921
30
16716
16581
16716
16716
16677
15760
16196
16677
16677
16196
16677
16416
16677
15182
16677
16196
15679
16381
16581
16677
16677
15725
15796
16416
30
16333
16677
16581
16381
15808
16677
16581
16716
16416
16599
16436
16716
16677
16581
16677
16716
16716
16196
16716
16599
16677
15389
16599
16677
16677
16716
16017
16561
16677
16196
16307
16319
16677
16381
16677
16677
16561
16416
16561
16599
16677
16599
16196
16677
16599
16805
16196
16805
16805
16196
16805
16805
16599
16805
16196
16599
16805
16805
15796
16805
16408
16805
16805
16805
16726
16017
16805
16805
16726
16805
16416
16805
16805
16805
16805
16805
16805
16805
16805
16805
16599
16805
16805
16805
16599
16726
16196
16805
16805
16599
16677
16805
15783
16561
16599
16805
16599
16752
16752
16677
16319
16805
16805
16805
16333
16805
16385
16805
15796
16726
16805
16805
16805
16726
16805
16752
15760
16752
16752
16805
16599
16805
16752
16805
16805
16677
16805
16561
16805
16581
16805
16805
16805
16202
16805
16805
16805
16752
16726
16805
16805
16752
16805
16805
16805
16599
16805
13525
16805
30
16599
16805
16716
15760
16752
16561
16805
16416
16599
16752
16599
16752
16805
16677
16599
16599
16726
16805
16805
16752
16805
16805
16805
16653
16805
16805
16653
16599
30
16805
16653
16805
16270
16805
16805
16805
16333
15760
16716
16752
16726
16599
16421
16653
16726
16752
16805
16653
16599
16726
16805
16726
16805
16805
16775
16805
16805
16752
16805
16752
16805
16416
16805
16599
30
16805
16483
16805
16805
16805
16805
16805
16483
16319
16599
16805
16385
16677
16805
16805
16677
16752
16752
16805
16805
16726
16730
16730
16805
16805
16805
16752
16677
16730
16726
16752
16805
16653
16653
16752
16805
16775
16805
16805
16805
16805
16805
16730
16805
16752
16805
16752
16724
16805
16730
15433
16805
16805
16805
16677
16805
16805
16805
16805
16677
16611
15941
16677
16730
16805
16805
16752
16805
16805
16805
16416
16752
16805
16805
15725
16805
16805
16724
15710
16730
16805
16730
16805
16724
16805
16724
16805
16805
16611
16805
16805
16805
16805
16752
16805
16730
16805
16752
16805
16483
16632
16805
16677
16805
16805
16805
16730
16805
16716
16805
16677
16752
15760
30
16805
16724
16716
16805
16805
16730
16805
16196
16805
16726
16805
30
16805
16805
16752
16483
16730
16805
16805
16805
16716
16726
16730
16805
16726
16775
16752
16730
16805
16805
16752
15205
16805
16381
16805
16677
16805
16677
16805
16805
11050
16805
16805
16805
16724
16677
16726
16805
16730
16805
16730
16805
16178
16775
16805
16805
16421
16805
16805
16805
16805
16752
16730
16697
16805
16805
16805
16752
16805
16677
16752
16805
16805
16805
16730
16724
16805
16752
16716
16730
16805
16805
16775
16726
16632
16752
16775
16483
15796
16730
13996
16730
15854
16805
16805
16775
16730
16716
16805
16752
16805
16805
16730
16805
16730
16805
16775
16805
16752
16302
16632
16805
16408
16581
16805
16752
16805
16805
16752
16632
16805
16805
16483
16805
16805
16805
16196
16805
16805
16730
16805
16677
16716
16663
16724
16561
16779
16779
16805
16752
16805
16724
16724
16805
16779
16196
16805
16724
16805
16779
16779
16779
16805
16805
16632
16779
13530
16677
16561
16561
16805
15900
16716
16805
16561
14283
16805
16805
16752
16752
16779
24
16302
16805
16726
16805
16752
16805
16805
16716
16436
16775
16805
16677
16752
16730
16805
16779
16805
16805
16677
16319
16805
16224
16805
16775
16805
16632
16805
16805
16779
16677
16805
16483
16726
16805
16805
16805
16805
16594
16805
16805
16632
16805
16805
30
16677
16805
16779
16805
16726
16805
16752
16483
16677
16805
16805
16779
16805
16805
16017
16805
16716
16805
16726
16726
16483
16779
16805
16805
16805
16724
16805
16779
16805
16779
16779
16805
16805
16779
16805
16805
16805
16805
16805
16805
16724
16724
16726
16779
16726
16805
16805
16677
16805
16805
16805
16752
16805
16779
16805
16724
16805
16805
16724
16805
16581
16805
16805
16416
16805
16639
26
16663
16779
16805
16385
16805
16779
16677
16805
16805
16752
16805
16805
16805
16805
16677
16805
16677
16805
16632
16805
16724
16726
16779
15783
16805
16805
16805
16716
16779
16779
15168
16805
16779
16410
16805
16805
16677
16779
16805
16779
16805
16805
16779
16805
16805
16805
16302
16805
16805
16805
16319
16677
16805
16805
16805
16805
16805
16724
16779
16805
16599
15617
16805
16779
16385
16724
16805
16752
16677
16716
16561
16805
16775
16805
16805
16805
16805
16775
16805
16805
16805
16805
16775
16805
16726
11539
16805
16716
16805
16677
16196
16716
16805
16805
16805
16779
16779
16599
16805
16805
16752
16805
16805
16483
16805
16632
16726
16805
16805
16492
16752
16779
16805
16805
16805
16632
16805
16779
16752
16805
16779
16805
16611
16805
16805
16805
16724
16805
29
16779
16302
16779
16716
16767
16805
16779
16805
16561
16767
16805
16752
16483
16805
16805
16805
16805
16767
16805
16716
16767
16677
16805
16730
16779
16805
16805
16663
16779
16767
16805
16779
16805
16805
16805
16767
16779
16805
16805
16805
16805
16805
16639
16805
16790
16779
16805
16752
16805
16805
16805
16805
16790
16805
16767
16805
16805
16790
16805
16805
16805
16805
16611
16779
16634
16805
16805
16779
16805
16805
16805
16805
16483
16805
16779
16805
16779
16677
16752
16492
16779
24
16779
16178
16779
16767
15874
16790
16790
16805
16639
16805
16805
16805
16779
16779
16639
16767
16805
16724
16805
16779
16790
16805
16416
16752
16790
16779
16805
16805
16790
16805
16805
16677
16779
16767
16724
