26509
30
70556
45778
30
45778
68325
25850
78520
78520
78520
30
78313
70556
76297
78520
78313
78520
76297
75314
78520
78520
71635
78520
78520
78834
78442
78834
78442
30
78834
30
30
78834
65058
78834
78834
78442
78313
30
78520
78834
76710
78834
78834
78834
78442
78834
78258
78834
71635
78834
78834
78442
76710
61830
78834
78442
78442
78258
78834
76710
76710
78834
78834
78313
30
71635
78834
78834
78834
78834
78442
78442
78834
78442
71635
78834
78834
78834
47053
76710
50923
71635
78834
78834
78834
78834
78834
78834
78834
78834
78834
78834
30
78834
78834
78442
76710
78834
78834
75314
78834
75314
78834
78834
78834
71635
78442
78834
76174
79040
79040
76710
30
78442
79040
78442
76710
79040
41668
78834
78834
79040
76710
71635
78442
78442
77340
78442
78442
78834
73283
78834
71635
79040
78834
78834
79040
78834
79040
79040
78442
79040
76710
79040
78442
78834
79040
76583
76583
78834
78834
79040
78442
73283
78834
78442
49952
78834
78834
78834
79040
78834
78520
78834
78834
79040
79040
76710
78834
78442
78834
77551
77551
79040
52289
79040
78520
79040
78834
79040
79040
78834
78834
78510
78834
79040
78834
78834
78834
78834
78834
79040
78834
79040
78442
78442
79040
78834
78905
78442
78834
76710
78442
78834
78442
79040
78834
77551
76710
78834
78834
78834
79040
77551
78442
79040
78370
76710
79040
78442
78442
78905
79040
79040
79040
76710
78442
78442
71635
78442
78442
78905
78442
76710
61830
78370
78905
79040
78834
79040
78442
79040
79040
79040
78442
78905
76710
77551
78370
78834
79040
79040
78442
79040
78442
78442
78370
78905
78313
78905
79040
59176
77551
78905
78834
78905
79040
78905
78752
78442
78905
78905
62117
78834
79040
78905
78905
78905
78905
78905
78442
78690
78905
78442
79040
78905
78834
78834
79040
76710
79040
76710
79040
78905
78834
78905
74981
78834
69889
73328
79040
78905
77165
78905
78905
78442
79040
78905
78258
78690
79040
79040
77551
78905
79040
78905
79040
79040
78905
70231
78905
78752
77551
79040
78905
78442
78834
79040
78690
78905
79040
79040
79040
77274
79040
78834
79040
79040
78834
78690
78442
79040
79040
78690
78905
78905
77165
78834
77274
78905
78905
79040
79040
78905
79040
79040
78905
79040
77551
78905
78690
79040
78520
71635
78510
78905
78905
79040
78690
78510
78834
50276
78905
78690
79040
78442
78442
77840
78905
78442
79040
78905
78905
78690
78834
78021
78905
79040
79040
79040
78690
76288
78442
77840
79040
78905
76583
79040
78905
78905
78834
79040
78442
78905
76070
78442
79040
78905
79040
78690
78690
79040
78905
78905
78690
78690
79040
78834
78834
79040
78905
77340
78021
78905
78834
78834
79040
78905
78690
78662
78834
78662
78905
78690
79040
78834
78690
78510
77520
78905
78905
79040
78662
78662
79040
78442
78662
78690
74235
79040
79040
78442
78752
79040
78905
78510
69192
74694
78905
78690
79040
78834
78905
78905
78662
73067
78905
78905
79040
79040
79040
76403
79040
78905
78662
79040
77551
78905
79040
78662
78905
79040
79040
78662
79040
73067
78834
75684
79040
77340
73170
78690
78021
78905
79040
78442
77551
78834
78905
78905
78662
76403
79040
78983
78905
30
79040
79040
79040
79040
78834
77340
78690
77165
78905
77728
79040
79040
78983
78662
78834
79040
79040
78834
78905
74853
79040
77840
79040
78983
78752
78983
78662
78905
78690
79040
75684
79040
78905
78905
78905
76831
78442
76771
78905
77551
79040
78905
78834
78662
78662
79040
78690
78905
76831
77520
78983
79040
78662
78983
78662
79040
78662
78662
78834
78370
78905
78905
78905
78834
78905
79040
78905
79040
78905
78662
78690
79040
78662
79040
79040
78983
78905
78983
78905
78905
76577
78662
78690
78905
78983
78983
76577
79040
78690
79040
78834
79040
78752
78834
78983
78662
78662
79040
78834
79040
74981
78834
78662
79040
78662
79040
78905
79040
74981
78442
78834
74853
78983
78834
78905
78983
78905
78983
78021
78442
78834
78834
76403
33727
78662
78983
79040
78834
78690
78905
74853
78983
78662
79040
78905
79040
78690
79040
79040
78662
78983
78492
78834
76831
78983
79040
78442
78834
78834
79040
78383
42634
79040
78690
78690
78469
79040
78442
78834
78905
79040
79040
78370
79040
79040
79040
79040
79040
78690
78983
78905
79040
76782
78983
74853
78834
79040
78834
78834
78690
78690
78834
75730
72799
79040
79040
78905
79040
78192
77165
30
78690
78983
78834
78258
78905
78690
78834
78834
79040
78834
79040
78905
78905
78690
78192
78313
79040
74853
79040
79040
78834
78690
78983
78175
78690
78834
78690
78983
78905
79040
78905
77728
78690
79040
79040
76624
78905
78690
78258
78021
78983
78662
78834
79040
78905
78834
78834
78834
78690
78662
78662
78983
78983
78662
78690
78690
79040
78905
78983
78905
79040
79040
78186
78905
78983
78662
78971
79040
78971
78971
78905
78983
78834
78510
78983
78971
78662
78662
78971
76583
78186
78834
78971
77340
78971
78192
79040
78971
79040
78834
79040
78234
78971
78971
79040
78971
78662
78971
78971
78971
79040
79040
78971
78971
78192
79040
79040
78983
78905
79040
78971
78971
79040
78409
77728
79040
79040
78971
78971
78971
78971
78662
78971
79040
74981
78520
79040
78971
79040
78983
78971
78983
79040
76624
78971
78971
78409
78971
78971
78971
79040
78971
78186
78442
78971
79040
79040
78690
79040
78971
78971
78971
79040
79040
79040
79040
78971
78971
78905
78764
79040
78442
78983
78662
78905
78971
78971
78983
79040
75730
78971
78905
78662
78971
78662
79040
78258
79040
79040
79040
78971
79040
78983
78971
78971
78905
78971
78409
78971
78971
74482
78971
78971
78905
79040
78971
78520
78971
79040
78971
78971
78971
78662
78905
78905
78905
78662
78971
78442
79040
79040
79040
78971
79040
79040
78971
78905
78983
78662
78752
77728
78971
30
78905
78834
78983
79040
79040
78426
78175
78971
78971
78662
78971
78764
78192
78971
78971
79040
79040
79040
79040
78662
78662
78971
78971
78752
78971
78971
78983
78983
78983
78971
78971
78971
78971
78834
78971
78764
78971
78971
78492
78971
78904
78971
78971
78520
78971
78983
78971
78983
30
78983
78983
78764
78971
78983
78983
78752
78971
78971
78983
78383
78186
78508
78905
78992
78983
78983
78905
78690
78971
78971
78983
78409
78662
78662
78971
78192
78971
78662
78971
78983
78192
78905
78971
78983
78662
78971
78983
78834
78834
78992
78971
78983
78983
78971
78971
78971
78983
78192
78971
78904
78983
78971
78764
78971
78992
74694
78983
78905
78662
78905
78662
78983
78409
78971
78690
78764
78983
78752
78904
78971
78905
78971
78971
78834
78971
78971
78409
78983
78992
78971
78971
78764
78764
77842
78971
78971
78764
78662
78992
78971
78971
78971
30
78764
78971
78971
78971
78983
78971
78192
78971
78971
78971
78971
78983
78971
74853
78971
76564
78971
78971
78971
78905
78971
78983
78192
78971
78971
78905
78983
78662
78971
78971
78971
78971
78905
78983
78971
78905
78186
78983
78971
78983
78905
78983
78983
78971
78971
78971
78983
78971
78971
78971
78971
78971
78971
78905
78983
78983
78904
78764
78930
78983
78905
78983
78983
78983
78983
78983
78983
78690
78930
78983
78971
78905
78971
78971
78983
78992
78983
78983
78983
78971
78983
78192
78930
78764
78971
78983
78983
78930
78971
78930
78971
78409
78971
76099
78983
78971
78971
78983
78971
78930
78983
78983
78905
78983
75684
78905
78930
78983
76309
78992
78930
78983
78983
78971
78983
78983
78983
78258
78992
78834
78930
78905
78971
78971
78971
78983
78971
78983
78971
78764
78983
78971
78905
78971
78905
78983
78971
78971
78983
78186
78971
77520
78971
78971
78971
78983
78905
78983
78971
78971
78983
78971
78983
78983
78930
78971
78971
78983
78971
78930
78426
78983
78992
78930
78930
78930
78983
75617
78983
78383
78971
78930
78520
76187
78930
78510
78983
78442
78930
78442
78983
78983
78971
78971
78971
78971
78983
78983
78971
78983
78905
78186
78834
78442
78983
78992
78930
78983
78971
78983
78983
78971
78971
78971
78992
78983
74633
78930
78983
78983
78930
78971
78983
78426
78258
78904
78983
78834
78409
78930
78983
78834
78971
78971
78905
78971
76775
78764
78971
78971
76398
78983
78983
78905
78930
75684
76048
78930
78983
78971
78930
78520
78930
77896
78971
78930
78983
78983
78983
78983
78930
77255
78834
78971
78905
78983
78930
78983
78930
78764
78983
74798
78971
78971
78930
78983
78930
78971
78971
78930
78971
78983
78930
74694
78442
78930
78992
57253
78971
78992
78983
78983
78983
78971
78930
78971
78983
78834
78834
78992
78983
78930
78752
78426
78930
78971
78992
78971
78930
76676
78930
78983
75525
74247
78983
78905
78983
78992
78905
78930
78983
78971
78930
78971
78905
78983
78930
78690
78971
76005
78983
78971
78905
78971
78971
78971
73048
78752
78992
77520
78970
78971
78834
78971
78983
78983
78983
78971
78409
78983
78983
78021
78983
78983
78983
69699
78971
77520
51829
78971
78905
78971
78983
78971
78983
78988
78971
77255
78983
78988
78988
78983
78983
78988
78988
78834
78942
78988
78988
78983
78834
78971
78988
78988
78988
30
78905
78992
78983
78988
78192
78690
78988
66533
78988
78988
78905
78942
78988
78971
78904
78988
74981
78988
78905
78988
78942
78992
78970
78988
78988
78988
78942
78988
78370
78983
78988
78409
78942
78988
78992
78992
78983
78971
78971
78983
78983
78971
78988
78904
78834
78988
78983
78988
77054
78983
78988
78905
77199
78983
78988
78988
77896
78988
78983
78988
78983
78988
78905
78930
78971
78988
78988
78988
78983
78988
78905
78988
78988
78988
78992
55880
78988
78983
78971
78971
78988
78988
74525
78992
78971
78983
78942
78971
