37881
58904
58904
30
30
37881
57744
57744
59103
57365
59103
37881
59103
37881
59103
59103
57744
59103
30
59103
58904
59103
30
59103
58216
59103
59103
59103
56685
57365
49511
59103
58904
58216
30
59103
59103
58216
57365
57744
58904
58216
57744
58216
56685
59103
58904
59103
57693
57693
58216
58216
59103
59103
59103
57744
58216
51187
58340
59103
58340
59103
59103
25
55782
58340
59103
58340
57365
30
58340
58216
58340
57774
56422
59103
59103
59103
59103
59103
59103
58340
56416
58904
59103
59103
57365
58796
58796
59103
58340
59103
30
59103
59103
58796
59103
58340
58796
58340
58216
46415
59103
57365
58340
58340
58796
59103
59103
59103
58340
59103
59103
59103
58340
57365
59103
59103
58216
59103
58216
57365
58340
59103
59103
58340
58904
59103
47372
59103
59103
59103
57864
58796
58340
30
59103
59103
59103
57744
58340
55846
58796
59103
58340
57864
58216
59103
59103
59103
57480
59103
59103
59103
58746
58746
59103
58746
59103
58552
59103
59103
45993
56364
58904
59103
59103
58746
58552
59103
58552
59103
58552
59103
58340
58746
59103
58746
59103
58746
58796
59103
58340
58746
59103
57693
58340
59103
59103
58552
59103
58746
55467
59103
59103
57864
59103
59103
58552
59103
59103
58796
58746
59096
59103
58746
58904
58904
58216
59103
58216
58340
58796
58746
58796
59103
59103
58746
59103
58796
58746
59103
58552
59103
59103
58216
59103
59103
58746
58746
59103
42549
58552
58552
58746
58746
58552
58552
58552
58746
58796
59103
58199
59103
58199
30
58746
59103
57904
57744
58216
59103
50647
59103
58552
58199
59103
59103
58746
59103
58904
58746
59103
58796
58904
57864
58746
59103
58796
55782
50647
59032
59103
59096
30
59103
59103
59032
59103
58796
59103
59103
30
59032
58199
59103
57110
59103
59032
58552
59103
58746
59032
59032
59103
58340
59103
59032
59103
58746
58796
58746
59032
59103
59103
59103
59103
58904
59032
58904
59103
59032
59032
59032
59103
58746
59103
59032
59103
57864
59032
59103
58796
58746
59103
59103
59103
59103
59103
59103
59103
59078
59078
59103
58746
59078
59103
59078
59032
59103
59032
59103
59032
59078
59078
59103
59103
59103
59032
59103
59103
58340
59078
59103
59032
59103
59103
59103
57693
59103
59103
59103
59103
59103
59032
59103
59103
58199
59103
59103
59103
59078
59078
56364
58796
59078
59032
59078
58263
55782
57693
59032
58340
59103
59103
59078
58904
58216
59103
58797
59103
59032
59078
57693
59078
58746
59103
59103
59032
57864
57744
59103
59032
59103
59078
59032
59103
59103
59103
58199
59078
59103
59078
59103
59032
59078
56685
59078
59078
59103
58904
59103
59103
59078
59078
59078
59032
59103
59078
59103
59103
59078
59040
59032
59078
59103
59103
59103
59078
59103
59103
59078
59103
59032
59078
59032
59103
59103
59103
59078
59103
59103
59103
59032
58340
58739
59103
59078
59078
57744
59078
59103
59078
59096
59078
59103
59032
58199
59103
58552
59103
59103
59096
51537
59096
59032
58246
59078
59032
58904
59078
59103
59103
59103
58796
58319
59103
59103
59103
59103
56987
59103
57693
59032
59103
58904
59032
59103
59078
59103
57757
56685
59103
59103
59103
59078
59103
58552
59078
40692
59103
59078
59032
59103
59103
58246
59103
58746
59103
58199
59078
59103
59078
56615
59032
59103
58340
59078
59103
59103
58904
59078
59078
58739
59078
59078
56422
59103
59032
59103
59078
59078
58319
59103
59103
58739
59032
59103
58263
59078
59032
59078
59078
59078
59103
59032
58904
59032
59103
59103
59103
59103
59103
59103
59103
59078
59103
59103
59032
59103
59103
59078
59103
58263
58340
59078
58739
59103
59070
59078
59078
53198
59078
59078
59078
59103
58747
59103
59103
59103
59103
59103
59078
59103
59103
59078
59032
59096
59078
59103
59078
59096
59032
59032
59103
59032
59032
59103
59078
59078
59103
59032
59096
59103
59103
59103
59103
59103
59078
58263
59103
59078
58263
59078
59078
59103
59078
58739
