30
87649
30
30
30
100799
100799
100799
45742
100799
100799
101618
94854
100799
101618
100799
82895
101618
99099
87649
101618
82895
101618
30
99099
104855
82895
79675
30
104456
104855
105989
30
101618
105989
105989
104855
104456
105989
101618
104855
104855
101618
104855
104855
104855
104855
104456
45742
82069
104855
105989
104855
101618
105989
82895
105989
82895
101618
105989
82895
101618
101618
105989
105989
104855
105989
104855
105989
104855
45742
30
104855
105989
104855
105989
105988
104855
104855
105989
82069
53279
105989
104855
105989
105989
105988
105988
103428
104855
104855
104456
103428
105988
105989
104855
30
105988
105989
105988
103428
105988
30
30
105988
104855
105989
105989
105988
105988
103428
105989
105989
105989
104855
104855
104855
104855
105988
104855
105989
105989
105989
105989
105989
102793
105988
93549
104855
104855
105989
105988
104855
103428
105989
104855
105989
94480
105988
103428
104855
105989
105988
103559
105989
105988
104855
105989
104855
104855
95172
104855
105988
103428
105989
105988
105989
105988
93549
30
105988
103676
104855
104855
95172
105988
105314
105989
104456
104855
104855
103559
105989
105314
105989
105989
104855
103428
105989
105988
105989
105988
103428
100622
104855
105989
106162
105989
106162
104855
47297
103428
105989
105989
105989
104855
106162
98951
103559
106162
105520
105989
105988
105989
103676
93298
105989
106162
103428
104855
105989
106162
105989
106162
106162
105989
104416
106162
106162
22
100742
105520
106162
100742
106162
105989
106162
104700
102793
105989
104519
106162
106162
105988
105988
105989
105989
96703
106162
105520
106162
105988
105989
105989
105988
105988
105988
105989
95172
106162
100941
106162
105989
105520
105988
105823
106162
106162
105989
105520
106162
101854
105989
105520
105989
98186
106162
105989
105989
104416
105988
105989
105989
106162
105988
106162
106080
106080
105989
106162
105989
105989
105989
105989
105989
105989
106162
105989
106162
105988
105989
106080
105823
105989
105988
105823
106162
106162
105988
105988
106162
105989
97367
106162
103676
106162
106162
105988
106162
104416
100013
104456
106080
106162
106080
105989
106080
105989
106162
106080
104855
105988
105988
105314
106080
106080
105988
30
105989
105989
105989
104416
105989
106162
80560
105823
105823
106162
102793
106162
103676
104700
106162
106162
105823
105823
105988
106162
105988
105314
106080
106162
105989
106162
105988
105989
106080
104348
105989
105989
106162
106162
105989
105989
104700
106162
106162
106162
98951
106162
105520
103559
105988
103559
103589
105988
105989
106080
106162
106080
101854
102785
106162
106080
106162
103676
106162
106162
105823
105989
106162
104700
105989
106080
106162
105989
106162
106080
106162
105823
105988
106080
106162
106080
105520
105750
104700
105989
106080
106080
106080
106080
105823
105988
98186
105989
106162
105989
106162
105989
105989
106162
30
106162
106080
105988
105989
106080
105989
106080
106162
105070
105989
106080
106162
106162
106162
106080
106162
105989
105989
105988
106080
105989
103589
105989
105989
106162
105989
105988
106162
106162
105989
106162
106162
78568
106162
106162
105823
105520
106080
103428
105750
105498
105988
106162
106080
106162
105989
106162
106162
105988
105823
102793
105988
106162
105988
105989
105989
105989
106080
106162
106162
105989
105823
105520
105989
104416
106080
106162
106162
105165
106162
106162
106080
104348
105989
105989
106162
105988
106080
106080
105988
106080
105988
105823
106162
106162
105989
106080
105989
105988
105823
105989
106162
105988
105988
105989
106080
106162
106162
106080
106162
105988
105988
106162
103428
105989
96703
106162
98215
105049
105989
106080
106162
30
106080
105989
105989
106162
105988
106080
105989
106162
106162
106162
106162
106162
105989
106080
30
106162
105989
105988
105989
106162
106080
105989
28
86157
105989
105989
105520
