30
30
30
97516
30
30
30
30
30
48075
97516
48075
48075
100826
30
100826
48075
97516
30
103581
100826
100826
97516
98519
103581
87773
104241
104241
104241
100826
104241
104241
54320
100826
100826
100826
107476
107476
104041
58511
107476
107476
107476
107476
107476
98519
107476
107476
107476
104041
100826
107476
107476
97516
104527
30
102135
30
105230
107476
104241
107476
107476
104041
107476
107476
107476
100437
107476
107476
70150
107476
103581
107476
30
105230
105230
107476
104527
104241
55404
107476
107476
104241
104527
107476
107476
107476
63997
104527
104527
107476
107476
104241
107476
104241
107476
102094
30
107476
107476
104527
107476
104241
104527
107476
79044
107476
107476
104241
103581
30
107476
104241
94175
107476
30
105153
105987
105153
102135
107476
100437
107476
107476
107476
107476
105987
93908
107476
107476
105987
105230
107476
107476
107476
104041
105987
107476
102135
104828
105987
30
107476
105230
94175
107476
107476
107476
104828
107476
105153
106189
107476
107476
103789
107476
104828
107476
107476
107476
105987
106189
104215
30
107476
106189
107476
104828
104215
94175
107476
107476
105230
102947
107476
107476
107476
104828
105325
106189
107476
107476
107476
105325
105325
106189
31597
104828
104950
107476
106189
107476
94175
105325
107476
105325
107476
107476
107476
107476
104215
107476
107476
107476
107476
107476
106189
105987
104527
107476
107476
105987
107476
106189
107476
107476
107476
30
106189
106189
107476
105325
107476
106189
107476
107476
93846
106189
65320
106189
107476
105325
105325
93718
98019
104241
107476
107476
106189
107476
107476
104950
106189
107476
107476
107476
107476
107476
107476
107476
107476
104828
30
106189
107476
94175
107476
105325
104041
107476
107476
107476
107476
93718
98868
107476
107244
107476
107476
107476
107476
107476
107476
107476
107476
107476
105325
107476
106189
98019
105325
107476
104241
106189
107476
107244
72699
107476
106189
107476
107476
106189
105325
107476
107476
107476
107476
105987
105325
107476
107476
107476
107476
107476
106189
106189
107476
107476
107476
107476
107476
107476
107476
105325
107476
107476
104950
105325
107476
107476
105987
107476
102135
79638
107244
106189
107244
98909
107476
107476
105325
107476
106189
106189
102947
107244
107476
107476
107476
107476
105325
105987
105325
107476
107244
107476
107476
107476
104828
106189
107476
107476
107476
105325
107476
102135
106885
107476
107476
107476
107476
106189
104041
103789
107476
105325
107476
102135
107476
107476
107476
107476
107476
107476
107261
107476
107476
102135
107010
104950
107476
107476
105153
104041
106189
105153
107476
100167
107476
107476
107476
106189
107244
107476
107261
107476
107476
107476
107476
107476
75078
107476
107476
105325
103789
101330
107476
107010
107476
107476
107476
104527
107476
107010
107476
107476
106189
106189
106189
107476
106189
107010
106189
105987
107476
107010
107244
107244
107476
107476
107476
107010
107476
107476
107476
107476
104585
107476
104499
104950
106189
107244
107476
105153
107476
107261
106189
107476
107476
107476
107010
107476
107476
106189
104499
90782
105987
107476
104499
107010
107244
101360
107476
107476
107261
105230
107476
107261
107010
104950
107476
107476
107476
102135
104527
107010
107244
107476
107476
107476
107476
107476
107476
107476
94011
107476
107476
107476
107476
105987
107476
107476
107476
107476
105153
107476
107476
104828
107476
107476
107476
107476
107010
107476
107010
104950
104499
104950
107476
104527
105987
107476
107476
107476
95821
107010
107476
30
107244
107476
107244
107476
107476
104828
107010
107476
106189
107476
107476
