30
30
97524
30
97524
30
129015
88506
129015
129015
30
129015
129015
129015
129015
129015
129015
129015
88506
30900
129015
129015
129015
30
88506
88506
117418
125145
121592
129244
125145
129015
125145
129244
129244
111173
111173
129244
88506
125145
117418
114077
129244
125145
30
125145
129015
125145
30
111173
129015
114077
129244
129015
117605
129015
129015
111173
129244
107910
127406
115733
129015
117605
111173
111173
30
127406
129015
129015
94259
127870
127406
129244
129015
30
129015
129015
129015
129015
114077
129015
129244
30
115733
129015
127406
115733
88506
127870
127870
129244
127870
127406
129244
117605
129244
120798
127406
129015
129244
129015
129244
107910
127406
129015
129244
127870
129015
127870
127870
121913
127870
30
127406
127029
127029
127870
129015
127029
119769
129244
129219
127870
129219
129244
129015
129219
127029
129219
127029
129244
127870
127029
127029
129219
127029
129219
127029
127029
129219
129244
129219
129244
129219
129244
129244
129219
129219
102925
129219
127870
122997
129219
127029
129219
129219
127870
129219
122997
129219
129219
127870
129219
129219
129244
127870
127189
126944
129015
127029
129244
129244
126944
127406
108770
129219
129219
129244
129219
127406
127029
127029
127870
127870
129244
129219
127870
129219
121913
129219
127029
126944
127029
129244
123621
123621
127870
127870
127029
129219
129244
127189
129244
129219
30
127029
127870
129244
129219
127029
129219
129015
129219
129244
127189
127029
129219
129219
129219
127029
129219
129244
127870
127029
122997
129219
129219
127029
129219
125637
127029
120983
127029
129219
127406
127406
127870
129219
129219
97049
129219
129219
122997
129244
129244
129219
129219
129244
129219
129219
105378
129219
122997
129219
127870
127870
129219
115989
129015
129219
127870
127189
129219
129219
129244
128744
127870
129244
129219
127406
127870
129219
127870
129219
123621
129219
129219
125637
30
119914
124252
129244
129219
129219
129244
126944
129244
129219
129244
129219
126080
122484
129219
129219
129244
119769
129244
129219
129244
126080
129219
128096
129015
129219
129219
129219
129219
127029
129219
126080
126944
129244
128096
128096
129219
129219
127579
129219
128096
129244
127870
129219
129219
126944
127870
129219
127870
126080
129219
129244
125782
129244
129219
127029
129219
129219
127579
129219
127870
129015
129219
128096
129219
129219
127579
127870
126080
126944
127579
129244
129244
129219
129219
129219
128744
122484
128096
129219
129219
129219
129219
129219
129219
129219
129219
129219
129244
129219
129219
129219
126349
128096
129244
129219
129219
126944
125441
129219
129219
128096
129219
127579
129219
127579
127579
129219
129219
123999
129219
129219
129244
126936
129219
127579
128744
127870
129219
129219
125259
127579
128096
125782
129219
127870
129244
127579
129219
124312
126944
129219
129244
129219
128744
129219
129219
127579
129244
127029
129219
125147
127579
127579
123999
129219
129219
129219
129219
129219
129219
129219
127406
127579
129219
127579
128096
129244
127029
129244
122774
128744
127029
129219
129244
111038
128744
129219
129219
129244
127579
129219
129244
128096
129244
129219
129219
129244
129244
129219
127579
125147
129244
127579
127579
129219
127579
129219
126944
129219
125600
128096
129244
128096
128744
129219
129219
128096
125238
127579
126174
129219
129244
128096
128096
124288
129219
120254
129219
129219
129219
128744
127579
129219
127579
129219
129219
127406
129015
129244
126213
128854
128744
126936
129219
129219
129219
128854
129219
129219
129219
129219
129219
129219
129219
129219
126944
125139
129219
127579
129219
122597
127029
127579
127579
129219
129219
128744
127579
129219
127579
129219
129219
129219
128854
127608
129219
127608
129219
128854
129244
129244
129219
129219
126944
129219
128854
125238
30
128744
129219
117756
129244
129219
119769
127608
129219
129219
129219
129219
129219
127608
129244
127579
127189
129219
129244
129219
126213
129219
129244
114098
127870
128854
127870
129244
127608
129244
129219
127579
129219
129219
127870
127608
126944
127579
128744
129219
129244
111702
127608
129219
128744
127579
128854
129219
128744
127608
127326
129244
129244
127608
129219
129219
129244
100240
129219
129219
129219
128854
125600
128854
129219
129219
129015
127608
129219
129219
129244
129244
129219
129244
129219
129219
129244
129015
127870
127608
129219
127608
129244
128854
129219
127926
30
127926
129244
125145
129219
127926
129219
128854
128744
124312
129200
129244
129200
129219
127326
129219
129244
30
124312
129219
127579
129219
129244
129244
127926
129244
129244
127926
129200
129219
127870
129219
127926
126213
127608
129200
127326
30
129219
129219
127579
127608
127608
129200
129219
127608
129244
122421
129244
129219
129219
117531
128854
127926
129219
127926
129219
129244
127926
129219
129244
129219
129200
128744
126213
129219
129200
129244
129244
128854
127029
122795
129219
129244
127608
129128
129219
127189
129128
129219
111944
129219
129244
129128
127870
129244
129219
129244
129244
129200
129219
129219
129219
129219
129244
129219
129219
129219
129244
129200
129219
129219
129200
129219
129128
129128
129219
129244
129219
129244
129128
129200
129200
129200
129219
129200
129219
129244
123266
129128
129219
129128
129219
129244
129219
129200
128096
129244
129128
129219
129244
129219
129200
129219
129128
129219
129084
129219
129200
127926
129244
129200
129219
129015
129219
129015
129128
127926
129219
129219
129244
129219
129128
127326
129219
129244
129244
129244
128744
129200
129244
129219
127926
126472
129219
127926
126360
125637
127926
129219
127326
129128
129200
127346
129200
128304
129244
129244
129128
129084
129219
128744
129128
129219
129244
129219
129219
129219
129219
129128
129244
128304
129219
129244
129219
127926
129128
127926
129128
129219
127926
129200
129128
129244
129128
129128
129219
129015
128304
129219
129219
128304
128925
128854
128925
128744
129128
129128
129219
129128
129200
129219
129219
129128
129219
129128
127926
127926
127926
129200
128925
128304
129219
129219
129244
129244
129219
129244
129244
129128
129219
129219
129219
129219
129219
129219
127926
129219
129128
129219
129219
125797
129244
129244
129128
127326
129219
124856
129128
129219
129219
129244
129128
129244
129244
129128
129244
129219
129219
126584
129244
129128
129219
129219
129244
129244
129128
129244
129219
129244
127926
128925
129200
127926
129128
129219
129200
129244
129244
128304
129219
129244
129084
129128
129219
129097
129219
129219
129219
127926
129128
128529
128304
129015
129219
129219
129219
129219
129244
129219
129219
129219
129097
129219
129219
129244
128744
129219
129128
129128
129219
129244
84673
129200
129128
129219
129128
129219
129219
27
129219
129219
129200
129200
129244
129097
124481
128925
127926
129219
129244
129244
126584
129128
129128
129244
129128
128744
129219
129219
129219
127326
129244
129219
129219
129128
129219
129128
129244
129219
129219
129128
128744
90041
129219
127926
128925
129219
129200
129128
128304
129244
129219
129128
129097
129219
129219
127926
129128
129219
128411
129128
127326
129219
129128
129128
129219
129244
129244
125950
129200
129219
129219
127579
129219
129219
127926
129015
129219
129128
129244
123620
129219
128925
129219
128411
129244
129128
129219
128529
129128
129219
128854
128411
127926
129219
129244
129219
129219
129219
128411
129219
129244
129219
126349
129244
129219
128925
129097
127926
129219
129219
128635
128925
129200
129128
129244
128814
129128
129219
124312
129128
129128
129128
129219
129128
129128
127926
129244
123266
129219
129219
129128
129200
129219
127465
129244
129219
129128
129219
128925
129219
129128
129219
129219
129244
129128
123620
129128
129219
129219
129219
129244
128529
129219
129128
129097
129200
129200
129219
129200
127662
129244
129084
129219
128925
129200
129097
129084
129244
129244
129200
129128
129128
129244
115293
129219
129219
129244
128635
129244
129219
127926
127729
129219
129219
129200
129128
127926
129128
129219
129219
129244
128854
129219
129244
129219
129219
128925
129128
129219
129128
129219
129244
129128
129244
129219
129219
129219
129219
129219
129219
129219
129244
129128
129244
129244
129128
129219
128925
129015
129244
129128
128925
129097
129015
129200
129128
129128
129219
129219
129219
129128
129219
128814
129219
128854
129219
129219
129219
128186
129244
129219
129219
125833
129219
129084
129128
129244
129219
129128
128925
129128
129128
129219
125782
129219
129219
129219
129219
129219
128854
118828
129128
129219
129244
129084
128925
129200
129128
129219
129128
129219
129128
128635
129084
127926
128411
129244
129200
129200
129219
128925
127926
129128
128814
124288
129200
129128
129219
129244
128411
129200
129128
129219
129244
129219
129219
129219
128814
129219
129084
129219
129128
127926
129244
129219
128925
129244
127346
129244
126936
129200
129128
129128
129219
127662
129219
129219
125827
129128
129219
127029
129244
129219
129200
129219
129200
129219
129244
129128
127662
128814
129084
128704
129219
129219
127326
129244
129219
129219
129219
129128
129244
129219
129244
129219
128529
129244
128704
129128
129244
129219
129219
128304
129219
128704
127662
129219
127189
127926
129128
129200
129219
129244
129219
129219
129219
129219
127729
129200
129219
127926
125833
129244
129200
129219
129097
125822
129219
129219
129093
129128
129219
129128
129128
129128
128814
129244
129093
127729
129128
129244
128814
129219
129219
129244
129200
129244
129219
129244
129219
127029
129128
127926
128814
129219
129219
125827
129128
129128
129219
129219
129032
128814
129219
129093
123867
129128
129219
129244
129219
129128
127662
129219
129128
129219
129219
129219
129128
129244
129219
129200
129093
127029
129128
102144
129097
128989
129219
129093
129099
129244
129219
129219
129244
129244
129244
125070
129244
129219
129219
129200
129244
129219
129244
129244
129219
127029
129200
129219
129032
129219
129244
129244
129244
129219
129219
129128
127729
129128
129219
129219
129128
129128
129128
129128
129244
128814
129200
129219
129093
129128
129219
129128
129219
129219
129219
129128
124252
129244
127870
129219
126723
129244
127729
129219
129200
120654
129093
129128
129219
129219
129219
129128
129219
129219
129244
129219
129244
129244
129219
129097
128814
129244
129128
129015
129128
128814
129219
129244
129219
128814
129093
129097
129219
129219
129219
129128
128304
129244
129015
129200
129244
129128
129219
129128
129219
129219
129128
128989
129128
128814
126936
129219
129128
127406
127926
129244
129219
30
129244
128814
129219
129219
129200
129097
129093
129128
129128
128814
129219
129128
129219
129219
129128
129128
128925
129219
129219
127662
129093
129219
129128
129219
129219
128069
129128
127926
129219
129219
129219
129093
129084
121160
129128
129128
129128
128814
129128
120725
129128
129128
128854
129219
129128
129200
129219
129128
129219
129244
129244
129093
129219
129219
129219
129032
129219
129244
129219
124481
129219
129219
129219
129219
129244
129128
127326
129128
129244
129244
127189
128529
129244
129093
129244
129219
129219
129244
129128
129244
129219
128814
129128
129244
129219
129244
129219
129219
129200
129200
129244
128814
128814
127662
129219
129093
129128
129244
129093
129015
128925
129219
129200
127608
129219
129219
129219
129219
128069
129219
129128
129219
129032
129219
129219
129093
129200
129128
129128
129093
129244
129244
125950
129219
129128
129128
129219
129219
129244
129128
129219
129032
129219
129093
126936
129128
129219
128351
129244
129244
129093
129244
129093
128809
129093
129219
129219
129219
129219
129128
128809
129128
129244
129219
129128
129219
129219
128854
129244
129219
129219
129093
129219
126945
129244
125833
129093
129200
129128
129219
129128
129084
129219
129219
129219
129219
129244
129128
129244
129244
129128
129219
128854
129200
129128
129219
129093
129219
129219
129244
129219
129219
129244
129219
129244
128509
129219
128351
129244
129128
128704
129200
129200
129219
129032
129219
129219
127029
129244
129244
129015
129244
129219
129179
128509
128529
128854
129219
129219
129179
128814
129244
129244
129219
129219
129219
128809
129244
129179
128925
129219
129179
129128
129244
129244
129219
129015
129219
128814
129244
129200
129219
129219
129244
129219
127029
129219
128814
129179
129200
129244
129219
129219
129219
129128
129219
122464
129219
129219
129200
129244
129219
118719
129219
128814
129179
129128
129219
129179
129128
129219
129244
128925
129179
129219
129219
128744
129244
129219
127926
128925
127898
129200
129244
129219
129244
129244
129219
129244
129179
129219
129219
129179
129179
129179
129219
129219
129093
129128
129179
129244
129219
129244
129015
129219
129219
129128
129179
129219
129179
129200
129219
129097
129200
129219
129200
129219
129219
129244
128351
129219
129244
129097
129219
120368
129219
129219
129219
129219
124481
129032
129219
129219
129219
129219
129219
129219
129219
129128
129244
129179
129219
129015
129179
129200
129179
129084
126472
129179
129219
127729
129244
129219
129179
129244
125833
129219
129244
129219
124980
128925
129128
129219
129219
129219
129179
129179
129200
129128
129179
129244
128814
128917
129244
