30
66614
66614
71080
30
74506
74506
30
74506
30
30
65983
74506
71368
74506
65978
79652
79652
30
76238
76238
66614
76238
79652
74506
76238
79652
41617
79652
30
79652
66614
79652
79652
30
74506
79652
79652
76238
74506
79652
79652
65510
79652
76238
79652
74506
79652
79652
79652
76238
74506
74506
79652
30
76238
76238
79652
76238
74506
79652
77803
74491
81997
30
30
69476
79899
79667
6877
81997
81969
81997
79652
77803
79667
77803
79652
75426
79667
79667
81997
79667
77803
79899
30
81997
77803
81997
75426
70942
81997
77803
81997
77803
81997
74069
79667
79667
77803
81997
77803
79667
77803
82349
82349
79667
79667
81997
82349
81997
79667
79667
82349
81997
81997
79667
79667
79044
75779
82349
82349
81997
82349
82349
82349
80088
79667
79044
82349
75117
79899
79667
79667
79899
81997
80088
80088
79667
79044
77803
82349
79899
79667
74457
79667
77803
79044
82349
75426
82349
82349
81997
82349
82349
80088
82349
82349
81879
81337
71368
81337
81337
79667
79667
81997
79667
81997
79899
56723
79044
79667
81337
81337
79667
82349
82349
81337
79667
81997
79652
81337
82349
79899
81337
82349
69694
81321
81156
79667
82349
82349
81156
82349
82268
81574
81744
82349
75966
81744
81744
79667
82268
82268
81744
81744
81744
82268
82268
82349
79652
79667
82268
81969
82349
81006
81997
81997
52582
81156
30
82349
81321
81744
82349
81997
82268
82349
82349
81744
81997
82349
79667
66614
82268
81744
80088
81744
81337
75740
82349
79667
82268
81744
82349
82268
82349
81744
82349
81997
81744
82349
82349
81574
79667
81744
81006
81744
82268
82268
81744
82349
81156
76705
81140
82349
81997
82349
82349
82268
81156
81744
81997
82349
81744
82349
81997
81156
82268
81744
76238
82349
81997
81744
81744
82349
81744
81337
82268
81997
81997
82349
81744
79652
81997
80088
81997
81744
81337
81744
82349
81744
72664
82268
82349
81997
81744
81744
80088
82268
82148
82349
82349
80480
81744
82268
82349
79667
81744
81156
81321
81997
80480
82349
82268
82349
67245
81744
82268
82268
82349
82268
65398
82268
81997
82148
82148
82349
82349
81156
81997
82349
82148
82349
80088
82349
81321
81744
72664
81744
78602
82148
82349
81744
79667
82148
82349
69237
82148
82349
81997
82148
82268
82268
81997
82349
82268
82349
82268
81156
81997
82349
81006
82349
81997
82148
81006
82268
81997
82349
82349
82148
81997
82349
81744
81997
81337
82268
82148
82349
82349
73813
81997
82268
81744
81997
82268
82148
81997
81744
82268
82349
81744
81156
82349
82268
82268
82349
80480
82148
81744
82268
82349
82349
82268
82268
82148
82268
82148
82148
81744
54915
82268
82268
81744
81744
73813
81997
82349
82349
81744
82268
82268
81337
81744
82353
81586
82353
82148
79652
81744
82353
82148
82349
81744
82268
79652
82353
82349
79667
82349
81744
81997
81997
82268
81337
82353
82353
81337
82268
81744
81997
82268
81744
81744
81156
82268
81744
82268
82268
81997
81744
82268
82353
81997
81586
81744
81321
77914
82268
79667
78898
82148
82349
82349
82268
81997
82353
79652
81946
81997
82268
82268
81946
82148
82349
82268
79667
81997
82349
82148
81997
81946
81997
81946
82148
82268
82268
81946
81744
82268
82349
82268
82268
18630
82349
82148
82349
82148
82148
81744
81946
79667
81946
81997
82268
81946
81997
82268
82268
81744
82281
81946
82353
81744
82148
81946
82353
82268
82268
82148
82349
81599
82148
82349
82353
68970
82353
82268
82268
82353
81946
82148
81946
80772
82148
81744
82268
82148
81997
82268
81997
82268
81744
81946
81586
81574
82268
82353
82268
82268
81997
78602
79667
82268
81946
73813
82268
79652
81156
82349
82268
82349
82349
81946
82353
81946
79667
82268
82268
82353
82148
81946
82268
82349
82353
82349
82349
81744
82268
82353
82349
82148
82353
81946
82353
81744
82148
81321
81946
78344
81612
82353
82268
75117
82268
82148
80772
82148
82148
82268
81997
80088
82353
81997
82268
82268
82268
82353
81599
82353
81946
82349
81744
81946
79687
82148
82349
81946
82148
82349
81946
82349
81946
82268
82349
81946
81946
82148
81586
80480
81997
79667
82148
82353
79687
82268
82349
82268
81946
82268
79667
82353
82148
82268
81997
78891
82353
81946
82353
82349
81997
82349
81997
82268
82148
81997
81744
81744
82349
82148
81997
82349
79687
81997
82268
82349
81946
82349
82353
82148
82353
81612
82349
82268
82353
82349
81946
81744
82268
80480
82353
80088
82148
82268
81586
82349
82349
81997
81997
82353
82148
82268
82268
79687
82148
82349
81997
82268
82268
82268
82148
81997
81946
81946
81744
79687
81946
78864
82268
82148
81156
82349
82148
79687
82349
79667
81946
82148
81946
82148
82353
82268
81946
82353
82268
78522
82349
82034
77317
82268
82353
82353
81946
82349
81841
78864
82349
82148
80088
82353
82349
82353
82148
82349
82353
82349
79098
82268
81997
79667
81997
81997
82268
82353
82268
81997
82268
81946
76005
81946
82268
81946
82268
81997
82268
82353
82148
82268
82268
82268
82268
82353
81946
82268
82268
81997
82148
82268
82353
81997
82148
81997
82353
82148
81997
82349
52228
82268
82268
82353
81363
81997
82353
82353
82148
81586
82227
82268
81766
81766
82268
82353
82353
30
82053
82353
82268
82268
81946
82268
82053
82053
82053
82353
82268
82353
81997
82148
82268
82349
82353
81744
82053
81997
81946
82227
79687
82268
82268
82268
82268
81946
82349
82148
81997
82353
82268
82148
81744
82268
82148
82353
82268
82353
81766
81997
82349
81997
48700
81997
82349
82053
81586
82053
82349
81946
82353
81841
82268
82148
82148
81997
82053
82349
82053
81997
82268
82353
82268
82268
82353
81997
82268
82268
82268
82353
81946
82148
81946
82268
81946
81946
81997
82268
82053
78941
82353
82148
82268
82349
82349
79687
82148
82053
82053
82053
82148
81146
82349
82349
82053
82148
82053
82268
82053
82353
81946
82349
82148
82353
82349
81997
82349
81946
82353
82053
82353
82268
82268
82148
81574
82353
81997
82353
82268
82225
82268
82268
82353
78864
82148
82225
81173
81997
82225
82225
71080
82225
82225
82034
82148
81997
82225
82225
81946
82148
82349
82349
82353
82225
81997
79687
82349
82268
30
81946
82353
82225
81997
82225
82225
81997
82349
82268
80088
82053
82268
81766
82225
82353
82353
82053
82349
79687
82268
82268
79098
82268
81766
82349
82225
82349
82268
82225
79098
82353
82268
81586
82353
82349
79652
82349
82225
82349
82225
79881
82349
82268
82349
82353
82268
82268
82353
82353
82225
81766
82225
81766
82349
81586
82227
82353
82268
81946
81766
82053
82225
82268
81229
82268
82225
81841
82225
82268
82268
82268
82349
82225
82268
82268
82349
81946
81744
82268
82148
82053
82148
82225
82225
82225
82053
82225
81997
82268
82268
82225
82349
82225
82349
82225
82268
81946
82148
82353
81946
82353
82225
82268
82353
82349
82148
82225
81946
82349
79667
82225
82034
82353
81766
82148
81766
82225
82225
82148
82053
79687
82053
82353
82225
82225
79652
82353
82353
81946
82225
82268
82148
82349
82225
82225
81997
65786
82349
81946
82353
81946
79687
82225
82353
82225
82225
82353
82148
82268
81946
82353
82225
81841
82353
80023
82168
82349
81939
82268
82225
77873
82353
82268
82268
82353
82349
82148
80772
81946
82225
80088
82225
81946
82148
82225
79652
82349
82268
82225
82268
82268
82353
82353
82053
81997
81586
82268
82353
81574
81997
82349
82225
82225
74491
82225
82225
82353
82349
81997
82225
82303
82225
82225
82225
82303
82308
82308
82148
82227
81946
82353
82148
82148
82353
82308
82308
82353
82353
81997
82308
82308
81997
82308
82349
81946
81997
82353
82308
81766
81997
81766
82308
82308
82053
82349
82308
82349
82268
82308
82353
82308
82308
81946
82353
82268
80978
82349
82308
82308
82268
82308
82303
82349
82308
82308
82308
82303
82353
82308
81946
81946
82353
82168
82353
82349
79639
82308
82353
82308
82349
81369
81173
82308
82353
82308
82308
63395
82268
82308
82353
82349
29
82349
82308
82349
82308
82148
82308
82353
82308
82268
82308
82349
82308
82308
81766
82308
82353
82148
81586
82148
82268
81946
81841
82268
82308
82349
81599
82308
82308
82053
81997
82308
82353
82308
82308
81946
82308
82308
82268
82308
81766
82308
82349
82225
82349
82349
82148
82308
81586
82308
82308
81321
82308
82308
82308
82303
82308
82308
81369
82308
82308
82308
82308
81997
82225
82308
82225
82308
82308
82308
82349
81146
82303
82053
82353
82308
82308
82268
82303
82349
82268
81369
82308
81997
82308
82349
81997
82308
81140
80550
82349
82268
82308
82349
82349
82268
81997
82053
82308
82308
79639
82353
82349
82308
82308
82353
81997
82349
82053
82308
82303
82308
81997
81997
82308
82349
82148
82308
82349
81946
81997
82349
82308
82303
82308
82308
82053
82308
81946
82308
82308
82308
82308
81337
82148
82353
82308
81946
82053
82225
82308
82308
82349
79639
82353
81744
81841
82308
82353
82308
82349
81612
82353
82353
82281
81369
82353
82308
82303
82308
82308
82353
82268
82308
80759
82349
82353
81369
81997
82308
82353
82308
82308
81946
82268
82308
82308
81586
81369
81841
81997
82303
82303
80153
81620
82353
82308
81447
82308
81946
82349
82308
82308
80298
82353
82308
82308
82353
81997
82308
82308
82308
82308
82268
82308
81620
82349
81997
82308
82308
82268
82148
82303
82349
82303
82308
81946
81766
82268
82308
81997
30
82308
82268
81997
82349
82353
82308
82353
79687
82353
82353
82308
82353
81997
82268
82303
82308
82308
82349
82148
82353
82308
82308
80153
82148
82303
79687
12
82353
82148
81997
81997
82308
82268
82308
82053
82308
82349
81997
82308
82053
82303
82148
80550
78898
82308
47120
82353
82268
82308
82308
82308
81744
82349
82268
82349
82148
82303
82268
82308
82308
80233
82308
82308
80550
82308
81997
82308
82349
82308
81946
81997
82349
82148
82308
82349
82308
82303
81997
82353
82225
81997
82349
82308
82308
82308
82308
82225
82148
82308
82349
82353
82349
82349
81337
82308
82353
82353
82349
82308
81997
82308
82353
82308
82308
82353
82308
81766
82148
82308
82303
82308
78541
82308
82308
81337
81946
82303
82308
81841
82349
82308
82349
82308
82303
82349
82308
82210
82308
82303
82308
82268
82308
82308
82308
82308
82303
82353
82349
82349
82308
82308
82148
82353
82308
82308
82353
82349
81946
82308
82308
82349
82210
82353
82353
82210
82353
82353
82268
82349
82349
82349
82303
82353
82308
82308
82308
82148
82308
81997
82210
81997
82308
82303
82349
82308
82353
82349
81997
82308
82349
82308
82308
82349
82349
82353
82349
82295
82308
82349
82308
82353
82353
82353
82308
82308
82308
82308
82308
82353
81841
82349
82308
82308
82308
82308
82303
82349
81447
82295
82353
82353
82029
82308
82308
82308
82308
82308
82349
82268
82295
82148
82308
82349
30
82349
82308
82308
82308
82268
82308
81946
82349
82308
82295
82349
82353
82308
82308
82268
82308
82308
79266
82308
82303
82308
81447
82308
76187
82295
82349
82353
82308
82353
82349
82349
82210
82295
82268
81841
82308
82308
82308
82268
82308
82353
82295
77550
82308
82308
82029
82210
82308
78541
82349
82053
82308
