76164
rdrddddddrurddddrrddrrurdrdrrddddruurdrrddrrrdddddrrrdddrurdrrrddrdr

----------------------------------------------------------------------------------------maze----------------------------------------------------------------------------------------

████████████████████████████████████████████████████████████████████████████████████████████████████████████████████████████████████████████████████████████████████████████████████
██OP        ████████  ██    ████              ██                  ██          ██  ██    ██                      ██    ██    ██      ██    ██    ██  ██          ██      ██  ██    ██
██  ████  ██████████  ██████████████████████  ██████████████████████  ██████████████████████  ████  ██████████  ████  ████████████████  ████████████████  ██████████  ████  ████  ██
████████  ██████████  ████████████████  ████  ██████████████████████  ██████████████████████  ████  ██████████  ████  ████████████████  ████████████████  ██████████  ████  ████  ██
████████              ████████████████  ████  ██████████              ████        ████                    ████              ████              ████████    ████    ██              ██
██████████████  ██████████████████████  ████████████████  ████  ████  ████  ██████████  ████  ████████████████████████████  ████████████████  ██████████  ████  ██████████  ████  ██
██████████████  ██████████████████████  ████████████████  ████  ████  ████████████████  ████  ████████████████████████████  ████████████████  ██████████  ████  ██████████  ████  ██
████████              ████  ████        ██    ████                    ██████████        ████        ██            ██        ██████████        ████              ████  ████        ██
██████████████  ██████████  ████  ████████████████  ██████████  ████  ██████████████████████  ████  ████████████████  ████  ████████████████  ██████████████████████  ██████████████
██  ██████████  ██████████  ██████████████████████  ██████████  ████  ████  ████████████████  ████  ████████████████  ████  ████████████████  ██████████████████████  ██████████████
██                    ████  ████  ████              ████        ████        ████████████████              ██████████  ████  ██████████  ████        ██      ████████  ████        ██
██  ██████████  ██████████  ████████████████████████████  ████████████████  ████████████████  ████  ████  ██████████  ████████████████  ████  ██████████████████████  ██████████████
██  ██████████  ██████████  ██████████████████████████████████████████████  ██████████  ████  ████  ████  ██████████  ██████████  ██████████  ██████████████████████████████████████
██  ████    ██  ████        ████        ████        ████████    ████              ████                                      ████  ████  ████        ████  ████        ██████████  ██
██  ██████████  ██████████  ████  ████  ████  ████  ████████████████  ████████████████████████████  ██████████  ████  ██████████  ████  ██████████████████████  ████████████████  ██
██████████████  ██████████  ████  ████  ████  ████  ██████████  ████  ████████████████████████████  ██████████  ████  ██████████  ████  ████████████████████████████████████████  ██
██  ██████████                    ████  ████  ████  ████  ████  ████  ██████████  ████          ██  ██████████  ████  ████        ████  ██████████  ██████████  ████        ████  ██
██  ██████████  ██████████  ████████████████  ████  ████  ████  ████  ██████████  ████████████████████████████████████████████████████  ██████████████████████  ██████████  ████████
██████████████  ██████████  ████████████████  ████  ██████████  ████  ██████████  ██████████████████████  ████████████████████████████  ██████████████████████  ████  ████  ████████
██        ████              ████  ████        ████  ████    ██  ████  ████              ████  ██████████        ████        ████        ████  ████        ████  ████  ████  ████  ██
██  ██████████  ████  ████  ████  ██████████  ████  ████████████████████████████████████████  ██████████████████████  ████  ████  ████  ████  ████  ████  ████  ████  ████  ████  ██
██████████████  ████  ████  ████  ██████████  ████  ████████████████████████████████████████████████████████████████  ████  ████  ████  ████  ████  ████  ████  ████  ████  ████  ██
██    ████████                          ████  ████  ████              ████    ██████                                  ████        ████  ████              ████        ████  ████  ██
██████████████  ████  ████  ██████████  ██████████  ██████████  ████  ████  ██████████████████████  ████  ██████████████████████  ████  ████  ████████████████████████████  ████  ██
██████████████  ████  ████  ██████████  ██████████  ██████████  ████  ████  ██████████████████████  ████  ██████████████████████  ██████████  ████████████████████████████  ████  ██
██  ████  ████  ████  ████  ████        ████        ████        ████  ████  ████        ████  ████  ████  ████  ████████          ██████████  ████              ████        ████  ██
██  ████  ████████████████  ████  ████  ████  ████  ████  ████  ████  ██████████████████████████████████████████████████████████████████████  ████████████████  ████████████████  ██
████████  ████████████████  ████  ████  ██████████  ██████████  ████  ██████████████████████████████████████████████████████████████████████  ████████████████  ████████████████  ██
██              ████  ████  ████        ████    ██  ██████████  ████  ██          ██    ████  ██    ████  ████    ██  ██    ████                    ██    ████  ████              ██
████████  ████  ██████████  ██████████  ████  ████  ████████████████  ██████████████████████  ████  ██████████  ████  ██████████  ████████████████  ████  ████  ████  ██████████████
██  ████  ████  ██████████  ██████████  ██████████  ████████████████  ██████████████████████  ████  ████████████████  ██████████  ████████████████  ████  ████  ████  ██████████████
██                    ████              ████████    ████        ████        ████        ████  ████  ████    ██    ██        ████          ██              ████  ████  ████        ██
██  ████  ████  ██████████████████████  ████████████████████████████████████████████████████████████████  ████  ██████████  ████  ██████████  ████  ██████████  ████  ████  ████████
██  ████  ████  ██████████████████████  ████████████████████████████████████████████████████████████████  ████████████████  ████  ██████████  ████  ██████████  ████  ████  ████████
██              ████████    ████        ████  ████              ████              ██    ████    ██████    ████████          ████  ████  ████        ██████████        ████        ██
██  ████  ████████████████████████████  ████  ████  ████  ██████████  ██████████████████████  ██████████████████████  ████  ██████████████████████  ████████████████████████████████
████████  ████████████████████████████  ██████████  ████  ██████████  ████████████████████████████  ██████████  ████  ████  ██████████████████████  ████████████████████████████████
██              ████  ██████████                                ████  ████        ████  ████                                ████  ████  ████        ████  ████              ████  ██
████████  ████████████████████████████████████████  ████  ████  ██████████  ████  ████████████████  ██████████  ████  ██████████████████████  ████  ████  ████  ██████████  ████████
████████  ████████████████████████████████████████  ████  ████  ██████████  ████  ████████████████  ██████████  ████  ██████████████████████  ████  ████  ████  ██████████  ████████
██  ████  ████        ████                ██              ████                    ██    ████  ████  ████                          ████  ████  ████        ████  ████        ████  ██
██  ████  ████  ████  ████  ██████████████████████  ████████████████  ████  ████████████████████████████  ██████████████████████  ████████████████  ██████████  ██████████  ████  ██
██  ████  ████  ████  ████████████████████████████  ████████████████  ████  ████████████████████████████  ██████████████████████  ████████████████  ██████████  ██████████  ████  ██
██        ████  ████                          ████        ██████████  ████  ████  ████  ████        ████  ████████████████  ████                                            ████  ██
██  ████  ████  ████████████████  ████  ████  ████  ████  ████████████████  ████  ████  ████  ██████████  ██████████████████████  ████  ██████████  ██████████  ████████████████  ██
██  ████  ██████████████████████  ████  ████  ████  ████  ████████████████  ████  ████  ████████████████  ██████████████████████  ████  ██████████  ██████████  ████████████████  ██
██  ████                                ████  ████              ████  ████  ████        ████████                      ████  ████              ████  ██████████        ████        ██
██████████████████████████  ████  ████  ████████████████████████████  ████  ████  ████  ██████████████████████  ██████████  ████████████████████████████████████████  ████  ████████
██  ██████████████████████  ████  ████  ████████████████████████████  ████  ████  ████  ██████████████████████  ██████████  ████████████████████████████████████████  ████  ████████
██          ██  ██████████              ████        ████    ██                    ████              ████                ██  ████  ██████████  ████        ████  ████        ████  ██
████████████████████████████████  ████████████████  ████  ████████████████  ████  ████████████████  ████  ████  ██████████  ████  ████████████████  ██████████  ████  ██████████  ██
██  ████  ██████████████████████  ████████████████  ██████████████████████  ████  ████████████████  ████  ████  ██████████  ████  ████████████████  ██████████  ████  ██████████  ██
██  ████  ████        ████        ████        ████  ██████████  ██                        ██                    ████  ████        ████        ████  ████              ██████████  ██
██  ██████████  ████  ████  ██████████  ██████████████████████████████████  ████  ████████████████  ██████████████████████  ████  ████  ████  ████  ████████████████████████████████
██  ██████████  ████  ████████████████  ██████████████████████████████████  ████  ████████████████  ██████████████████████  ████  ██████████  ████  ████████████████████████████████
██              ████  ████  ██                                  ████        ████  ████        ████                    ████  ████  ████  ████  ████        ████        ██████████  ██
██████████████  ████  ████  ████████████████  ████  ████  ████  ████  ██████████████████████  ██████████████████████  ████  ████████████████  ████████████████  ████████████████████
██  ██████████  ██████████  ████████████████  ████  ████  ████  ████  ██████████████████████  ██████████████████████  ████  ████████████████  ████████████████  ████████████████████
██              ████  ████  ████              ████  ████  ████  ████  ████        ████  ████  ██████████  ████        ████  ████████████████        ████    ██  ████  ████        ██
██  ████  ████  ████  ████  ████  ████████████████  ████  ████  ██████████████████████  ████████████████  ████  ████  ██████████████████████████████████  ████  ██████████  ████████
████████  ████  ████████████████  ██████████  ████  ████  ████  ██████████████████████  ████████████████  ██████████  ██████████  ██████████████████████  ████  ██████████  ████████
██  ████              ████              ████  ████              ████████                ████        ████          ██  ████  ████  ██████████  ████                    ████  ████  ██
██  ████████████████████████████████████████  ██████████  ████  ██████████  ████████████████  ██████████  ██████████  ██████████████████████  ████  ████  ████  ████  ██████████████
████████████████████████████████████████████  ██████████  ████  ██████████  ████████████████  ██████████  ██████████  ████████████████  ████  ████  ████  ████  ████  ██████████████
████████    ██        ████  ████        ████  ██      ██  ████        ████  ████  ██████████                    ████              ████        ████        ████              ████████
████████  ████  ████  ████  ████  ██████████  ████████████████  ████████████████  ██████████  ██████████  ████  ████  ██████████  ████████████████  ██████████  ██████████  ████████
████████  ████  ████  ████  ████████████████  ████████████████  ████████████████  ██████████  ██████████  ████  ████  ██████████  ████████████████  ██████████  ██████████  ████████
██        ████  ████        ████              ████  ████  ████  ██████████                    ████        ████        ████  ████        ██    ████  ████  ████  ██████████        ██
██  ██████████  ████████████████  ████████████████████████████████████████  ████  ████  ██████████  ██████████  ████  ████████████████████████████████████████  ██████████  ████  ██
██  ██████████  ██████████████████████████████████████████████████████████  ████  ████  ██████████████████████  ████  ████████████████████████████████████████  ██████████  ████  ██
██  ████        ██████████  ████████    ████  ████              ████        ████  ████  ██████████  ████                                ████  ██    ████  ████        ████  ████  ██
██████████████████████████  ██████████████████████  ██████████  ████  ████  ████  ████  ████████████████  ██████████  ████  ██████████  ██████████  ████  ████  ████  ████  ████  ██
██  ████████████████  ████  ████  ████████████████  ██████████  ████  ████  ██████████  ████████████████  ██████████  ████  ██████████  ██████████  ████  ████  ████  ████  ████████
██        ████  ████  ████  ████  ████████      ██              ████  ████  ██████████        ██████████  ████        ████  ██████████        ████                                ██
██  ██████████████████████  ██████████████████████████████████████████████████████████████████████████████████████████████  ██████████  ██████████████████████  ████  ████  ████████
██████████████████████████  ██████████████████████████████████████████████████████████████████████████████████████████████  ██████████  ██████████████████████  ████  ████  ████████
██        ████  ████  ████  ██████████          ██        ████  ████              ████        ████  ████  ██████████        ████        ████        ██    ████  ████  ████        ██
██  ████████████████████████████████████████████████████████████████  ████  ██████████  ████████████████  ██████████  ██████████  ████  ████  ████  ██████████  ████████████████████
████████████████████████████████████████████████████████████████████  ████  ██████████  ████████████████  ██████████  ██████████  ████  ████  ████  ██████████  ████████████████████
██        ████        ████              ████        ████████    ████  ████        ████              ████  ████        ████  ████              ████                    ████  ██    ██
████████████████████  ████  ██████████████████████  ████████████████████████████████████████████████████  ████  ██████████  ████████████████  ██████████████████████  ██████████████
██  ████████████████  ████████████████████████████  ████████████████████████████████████████████████████  ████  ██████████  ████████████████  ██████████████████████  ██████████████
██  ██    ████                ████████  ██████████  ████  ██████████                          ██                ████                ██████                                  ████  ██
██████████████████████████████████████████████████  ████  ██████████  ██████████  ████  ████  ████████████████  ████  ████  ████████████████  ████  ████  ██████████  ██████████  ██
████████████████████████████████  ████████████████  ████  ██████████  ██████████  ████  ████  ████████████████  ████  ████  ████████████████  ████  ████  ██████████  ██████████  ██
████████  ██████████  ████  ████  ████                          ████                          ████          ██              ██████████  ████  ████  ████  ████  ████        ████  ██
████████  ██████████  ████  ████  ██████████  ████  ████  ████████████████  ██████████  ████████████████████████████  ████████████████████████████████████████  ██████████  ████████
████████  ██████████  ████  ████  ██████████  ████  ████  ████████████████  ██████████  ████████████████████████████  ██████████  ████████████████████████████  ██████████  ████████
██    ██  ████              ████          ██  ████  ████  ████    ██  ████        ████        ██████████  ██████████  ████  ████              ██████████  ████                  ED██
████████████████████████████████████████████████████████████████████████████████████████████████████████████████████████████████████████████████████████████████████████████████████

---------------------------------------------------------------------------------------answer---------------------------------------------------------------------------------------

████████████████████████████████████████████████████████████████████████████████████████████████████████████████████████████████████████████████████████████████████████████████████
██OP▒▒▒▒▒▒  ████████  ██    ████              ██                  ██          ██  ██    ██                      ██    ██    ██      ██    ██    ██  ██          ██      ██  ██    ██
██  ████▒▒██████████  ██████████████████████  ██████████████████████  ██████████████████████  ████  ██████████  ████  ████████████████  ████████████████  ██████████  ████  ████  ██
████████▒▒██████████  ████████████████  ████  ██████████████████████  ██████████████████████  ████  ██████████  ████  ████████████████  ████████████████  ██████████  ████  ████  ██
████████▒▒▒▒▒▒▒▒      ████████████████  ████  ██████████              ████        ████                    ████              ████              ████████    ████    ██              ██
██████████████▒▒██████████████████████  ████████████████  ████  ████  ████  ██████████  ████  ████████████████████████████  ████████████████  ██████████  ████  ██████████  ████  ██
██████████████▒▒██████████████████████  ████████████████  ████  ████  ████████████████  ████  ████████████████████████████  ████████████████  ██████████  ████  ██████████  ████  ██
████████      ▒▒      ████  ████        ██    ████                    ██████████        ████        ██            ██        ██████████        ████              ████  ████        ██
██████████████▒▒██████████  ████  ████████████████  ██████████  ████  ██████████████████████  ████  ████████████████  ████  ████████████████  ██████████████████████  ██████████████
██  ██████████▒▒██████████  ██████████████████████  ██████████  ████  ████  ████████████████  ████  ████████████████  ████  ████████████████  ██████████████████████  ██████████████
██            ▒▒      ████  ████  ████              ████        ████        ████████████████              ██████████  ████  ██████████  ████        ██      ████████  ████        ██
██  ██████████▒▒██████████  ████████████████████████████  ████████████████  ████████████████  ████  ████  ██████████  ████████████████  ████  ██████████████████████  ██████████████
██  ██████████▒▒██████████  ██████████████████████████████████████████████  ██████████  ████  ████  ████  ██████████  ██████████  ██████████  ██████████████████████████████████████
██  ████    ██▒▒████        ████        ████        ████████    ████              ████                                      ████  ████  ████        ████  ████        ██████████  ██
██  ██████████▒▒██████████  ████  ████  ████  ████  ████████████████  ████████████████████████████  ██████████  ████  ██████████  ████  ██████████████████████  ████████████████  ██
██████████████▒▒██████████  ████  ████  ████  ████  ██████████  ████  ████████████████████████████  ██████████  ████  ██████████  ████  ████████████████████████████████████████  ██
██  ██████████▒▒                  ████  ████  ████  ████  ████  ████  ██████████  ████          ██  ██████████  ████  ████        ████  ██████████  ██████████  ████        ████  ██
██  ██████████▒▒██████████  ████████████████  ████  ████  ████  ████  ██████████  ████████████████████████████████████████████████████  ██████████████████████  ██████████  ████████
██████████████▒▒██████████  ████████████████  ████  ██████████  ████  ██████████  ██████████████████████  ████████████████████████████  ██████████████████████  ████  ████  ████████
██        ████▒▒    ▒▒▒▒▒▒▒▒████  ████        ████  ████    ██  ████  ████              ████  ██████████        ████        ████        ████  ████        ████  ████  ████  ████  ██
██  ██████████▒▒████▒▒████▒▒████  ██████████  ████  ████████████████████████████████████████  ██████████████████████  ████  ████  ████  ████  ████  ████  ████  ████  ████  ████  ██
██████████████▒▒████▒▒████▒▒████  ██████████  ████  ████████████████████████████████████████████████████████████████  ████  ████  ████  ████  ████  ████  ████  ████  ████  ████  ██
██    ████████▒▒▒▒▒▒▒▒    ▒▒            ████  ████  ████              ████    ██████                                  ████        ████  ████              ████        ████  ████  ██
██████████████  ████  ████▒▒██████████  ██████████  ██████████  ████  ████  ██████████████████████  ████  ██████████████████████  ████  ████  ████████████████████████████  ████  ██
██████████████  ████  ████▒▒██████████  ██████████  ██████████  ████  ████  ██████████████████████  ████  ██████████████████████  ██████████  ████████████████████████████  ████  ██
██  ████  ████  ████  ████▒▒████        ████        ████        ████  ████  ████        ████  ████  ████  ████  ████████          ██████████  ████              ████        ████  ██
██  ████  ████████████████▒▒████  ████  ████  ████  ████  ████  ████  ██████████████████████████████████████████████████████████████████████  ████████████████  ████████████████  ██
████████  ████████████████▒▒████  ████  ██████████  ██████████  ████  ██████████████████████████████████████████████████████████████████████  ████████████████  ████████████████  ██
██              ████  ████▒▒████        ████    ██  ██████████  ████  ██          ██    ████  ██    ████  ████    ██  ██    ████                    ██    ████  ████              ██
████████  ████  ██████████▒▒██████████  ████  ████  ████████████████  ██████████████████████  ████  ██████████  ████  ██████████  ████████████████  ████  ████  ████  ██████████████
██  ████  ████  ██████████▒▒██████████  ██████████  ████████████████  ██████████████████████  ████  ████████████████  ██████████  ████████████████  ████  ████  ████  ██████████████
██                    ████▒▒▒▒▒▒▒▒▒▒▒▒▒▒████████    ████        ████        ████        ████  ████  ████    ██    ██        ████          ██              ████  ████  ████        ██
██  ████  ████  ██████████████████████▒▒████████████████████████████████████████████████████████████████  ████  ██████████  ████  ██████████  ████  ██████████  ████  ████  ████████
██  ████  ████  ██████████████████████▒▒████████████████████████████████████████████████████████████████  ████████████████  ████  ██████████  ████  ██████████  ████  ████  ████████
██              ████████    ████      ▒▒████  ████▒▒▒▒▒▒▒▒      ████              ██    ████    ██████    ████████          ████  ████  ████        ██████████        ████        ██
██  ████  ████████████████████████████▒▒████  ████▒▒████▒▒██████████  ██████████████████████  ██████████████████████  ████  ██████████████████████  ████████████████████████████████
████████  ████████████████████████████▒▒██████████▒▒████▒▒██████████  ████████████████████████████  ██████████  ████  ████  ██████████████████████  ████████████████████████████████
██              ████  ██████████      ▒▒▒▒▒▒▒▒▒▒▒▒▒▒    ▒▒▒▒▒▒▒▒████  ████        ████  ████                                ████  ████  ████        ████  ████              ████  ██
████████  ████████████████████████████████████████  ████  ████▒▒██████████  ████  ████████████████  ██████████  ████  ██████████████████████  ████  ████  ████  ██████████  ████████
████████  ████████████████████████████████████████  ████  ████▒▒██████████  ████  ████████████████  ██████████  ████  ██████████████████████  ████  ████  ████  ██████████  ████████
██  ████  ████        ████                ██              ████▒▒▒▒▒▒▒▒▒▒▒▒▒▒      ██    ████  ████  ████                          ████  ████  ████        ████  ████        ████  ██
██  ████  ████  ████  ████  ██████████████████████  ████████████████  ████▒▒████████████████████████████  ██████████████████████  ████████████████  ██████████  ██████████  ████  ██
██  ████  ████  ████  ████████████████████████████  ████████████████  ████▒▒████████████████████████████  ██████████████████████  ████████████████  ██████████  ██████████  ████  ██
██        ████  ████                          ████        ██████████  ████▒▒████  ████  ████        ████  ████████████████  ████                                            ████  ██
██  ████  ████  ████████████████  ████  ████  ████  ████  ████████████████▒▒████  ████  ████  ██████████  ██████████████████████  ████  ██████████  ██████████  ████████████████  ██
██  ████  ██████████████████████  ████  ████  ████  ████  ████████████████▒▒████  ████  ████████████████  ██████████████████████  ████  ██████████  ██████████  ████████████████  ██
██  ████                                ████  ████              ████  ████▒▒████▒▒▒▒▒▒▒▒████████                      ████  ████              ████  ██████████        ████        ██
██████████████████████████  ████  ████  ████████████████████████████  ████▒▒████▒▒████▒▒██████████████████████  ██████████  ████████████████████████████████████████  ████  ████████
██  ██████████████████████  ████  ████  ████████████████████████████  ████▒▒████▒▒████▒▒██████████████████████  ██████████  ████████████████████████████████████████  ████  ████████
██          ██  ██████████              ████        ████    ██            ▒▒    ▒▒████▒▒▒▒▒▒▒▒▒▒▒▒▒▒████                ██  ████  ██████████  ████        ████  ████        ████  ██
████████████████████████████████  ████████████████  ████  ████████████████▒▒████▒▒████████████████▒▒████  ████  ██████████  ████  ████████████████  ██████████  ████  ██████████  ██
██  ████  ██████████████████████  ████████████████  ██████████████████████▒▒████▒▒████████████████▒▒████  ████  ██████████  ████  ████████████████  ██████████  ████  ██████████  ██
██  ████  ████        ████        ████        ████  ██████████  ██        ▒▒▒▒▒▒▒▒        ██      ▒▒            ████  ████        ████        ████  ████              ██████████  ██
██  ██████████  ████  ████  ██████████  ██████████████████████████████████  ████  ████████████████▒▒██████████████████████  ████  ████  ████  ████  ████████████████████████████████
██  ██████████  ████  ████████████████  ██████████████████████████████████  ████  ████████████████▒▒██████████████████████  ████  ██████████  ████  ████████████████████████████████
██              ████  ████  ██                                  ████        ████  ████        ████▒▒▒▒▒▒▒▒▒▒▒▒▒▒▒▒▒▒▒▒████  ████  ████  ████  ████        ████        ██████████  ██
██████████████  ████  ████  ████████████████  ████  ████  ████  ████  ██████████████████████  ██████████████████████▒▒████  ████████████████  ████████████████  ████████████████████
██  ██████████  ██████████  ████████████████  ████  ████  ████  ████  ██████████████████████  ██████████████████████▒▒████  ████████████████  ████████████████  ████████████████████
██              ████  ████  ████              ████  ████  ████  ████  ████        ████  ████  ██████████  ████      ▒▒████  ████████████████        ████    ██  ████  ████        ██
██  ████  ████  ████  ████  ████  ████████████████  ████  ████  ██████████████████████  ████████████████  ████  ████▒▒██████████████████████████████████  ████  ██████████  ████████
████████  ████  ████████████████  ██████████  ████  ████  ████  ██████████████████████  ████████████████  ██████████▒▒██████████  ██████████████████████  ████  ██████████  ████████
██  ████              ████              ████  ████              ████████                ████        ████          ██▒▒████  ████  ██████████  ████                    ████  ████  ██
██  ████████████████████████████████████████  ██████████  ████  ██████████  ████████████████  ██████████  ██████████▒▒██████████████████████  ████  ████  ████  ████  ██████████████
████████████████████████████████████████████  ██████████  ████  ██████████  ████████████████  ██████████  ██████████▒▒████████████████  ████  ████  ████  ████  ████  ██████████████
████████    ██        ████  ████        ████  ██      ██  ████        ████  ████  ██████████                    ████▒▒            ████        ████        ████              ████████
████████  ████  ████  ████  ████  ██████████  ████████████████  ████████████████  ██████████  ██████████  ████  ████▒▒██████████  ████████████████  ██████████  ██████████  ████████
████████  ████  ████  ████  ████████████████  ████████████████  ████████████████  ██████████  ██████████  ████  ████▒▒██████████  ████████████████  ██████████  ██████████  ████████
██        ████  ████        ████              ████  ████  ████  ██████████                    ████        ████      ▒▒████  ████        ██    ████  ████  ████  ██████████        ██
██  ██████████  ████████████████  ████████████████████████████████████████  ████  ████  ██████████  ██████████  ████▒▒████████████████████████████████████████  ██████████  ████  ██
██  ██████████  ██████████████████████████████████████████████████████████  ████  ████  ██████████████████████  ████▒▒████████████████████████████████████████  ██████████  ████  ██
██  ████        ██████████  ████████    ████  ████              ████        ████  ████  ██████████  ████            ▒▒▒▒▒▒▒▒▒▒▒▒▒▒▒▒▒▒▒▒████  ██    ████  ████        ████  ████  ██
██████████████████████████  ██████████████████████  ██████████  ████  ████  ████  ████  ████████████████  ██████████  ████  ██████████▒▒██████████  ████  ████  ████  ████  ████  ██
██  ████████████████  ████  ████  ████████████████  ██████████  ████  ████  ██████████  ████████████████  ██████████  ████  ██████████▒▒██████████  ████  ████  ████  ████  ████████
██        ████  ████  ████  ████  ████████      ██              ████  ████  ██████████        ██████████  ████        ████  ██████████▒▒      ████                                ██
██  ██████████████████████  ██████████████████████████████████████████████████████████████████████████████████████████████  ██████████▒▒██████████████████████  ████  ████  ████████
██████████████████████████  ██████████████████████████████████████████████████████████████████████████████████████████████  ██████████▒▒██████████████████████  ████  ████  ████████
██        ████  ████  ████  ██████████          ██        ████  ████              ████        ████  ████  ██████████        ████      ▒▒████▒▒▒▒▒▒▒▒██    ████  ████  ████        ██
██  ████████████████████████████████████████████████████████████████  ████  ██████████  ████████████████  ██████████  ██████████  ████▒▒████▒▒████▒▒██████████  ████████████████████
████████████████████████████████████████████████████████████████████  ████  ██████████  ████████████████  ██████████  ██████████  ████▒▒████▒▒████▒▒██████████  ████████████████████
██        ████        ████              ████        ████████    ████  ████        ████              ████  ████        ████  ████      ▒▒▒▒▒▒▒▒████▒▒▒▒▒▒▒▒▒▒▒▒▒▒▒▒▒▒▒▒████  ██    ██
████████████████████  ████  ██████████████████████  ████████████████████████████████████████████████████  ████  ██████████  ████████████████  ██████████████████████▒▒██████████████
██  ████████████████  ████████████████████████████  ████████████████████████████████████████████████████  ████  ██████████  ████████████████  ██████████████████████▒▒██████████████
██  ██    ████                ████████  ██████████  ████  ██████████                          ██                ████                ██████                          ▒▒      ████  ██
██████████████████████████████████████████████████  ████  ██████████  ██████████  ████  ████  ████████████████  ████  ████  ████████████████  ████  ████  ██████████▒▒██████████  ██
████████████████████████████████  ████████████████  ████  ██████████  ██████████  ████  ████  ████████████████  ████  ████  ████████████████  ████  ████  ██████████▒▒██████████  ██
████████  ██████████  ████  ████  ████                          ████                          ████          ██              ██████████  ████  ████  ████  ████  ████▒▒▒▒▒▒▒▒████  ██
████████  ██████████  ████  ████  ██████████  ████  ████  ████████████████  ██████████  ████████████████████████████  ████████████████████████████████████████  ██████████▒▒████████
████████  ██████████  ████  ████  ██████████  ████  ████  ████████████████  ██████████  ████████████████████████████  ██████████  ████████████████████████████  ██████████▒▒████████
██    ██  ████              ████          ██  ████  ████  ████    ██  ████        ████        ██████████  ██████████  ████  ████              ██████████  ████            ▒▒▒▒▒▒ED██
████████████████████████████████████████████████████████████████████████████████████████████████████████████████████████████████████████████████████████████████████████████████████
