2: 3(1)
3: 4 8(2)
4: 5 10 15(3)
5: 6 12 18 24(4)
6: 7 14 21 28 35(5)
7: 8 16 24 32 40 48(6)
8: 9 18 27 36 45 54 63(7)
9: 10 20 30 40 50 60 70 80(8)
10: 11 22 33 44 55 66 77 88 99(9)
11: 12 24 36 48 60 72 84 96(8)
12: 13 26 39 52 65 78 91(7)
13: 14 28 42 56 70 84 98(7)
14: 15 30 45 60 75 90(6)
15: 16 32 48 64 80 96(6)
16: 17 34 51 68 85(5)
17: 18 36 54 72 90(5)
18: 19 38 57 76 95(5)
19: 20 40 60 80(4)
20: 21 42 63 84(4)
21: 22 44 66 88(4)
22: 23 46 69 92(4)
23: 24 48 72 96(4)
24: 25 50 75(3)
25: 26 52 78(3)
26: 27 54 81(3)
27: 28 56 84(3)
28: 29 58 87(3)
29: 30 60 90(3)
30: 31 62 93(3)
31: 32 64 96(3)
32: 33 66 99(3)
33: 34 68(2)
34: 35 70(2)
35: 36 72(2)
36: 37 74(2)
37: 38 76(2)
38: 39 78(2)
39: 40 80(2)
40: 41 82(2)
41: 42 84(2)
42: 43 86(2)
43: 44 88(2)
44: 45 90(2)
45: 46 92(2)
46: 47 94(2)
47: 48 96(2)
48: 49 98(2)
49: 50(1)
50: 51(1)
51: 52(1)
52: 53(1)
53: 54(1)
54: 55(1)
55: 56(1)
56: 57(1)
57: 58(1)
58: 59(1)
59: 60(1)
60: 61(1)
61: 62(1)
62: 63(1)
63: 64(1)
64: 65(1)
65: 66(1)
66: 67(1)
67: 68(1)
68: 69(1)
69: 70(1)
70: 71(1)
71: 72(1)
72: 73(1)
73: 74(1)
74: 75(1)
75: 76(1)
76: 77(1)
77: 78(1)
78: 79(1)
79: 80(1)
204
