2
1 2 1 
01
0
1-----------------------------------------------------------------------------------
3
1 2 3 1 
10
1
1
2-----------------------------------------------------------------------------------
2
1 1 2 
10
0
3-----------------------------------------------------------------------------------
2
1 2 1 1 1 1 
01010
0
4-----------------------------------------------------------------------------------
2
1 2 1 2 1 2 1 
1010
101
5-----------------------------------------------------------------------------------
4
1 2 3 1 2 3 4 
10
10
10
0
6-----------------------------------------------------------------------------------
3
1 2 1 1 2 1 2 3 
1010
110
0
7-----------------------------------------------------------------------------------
2
1 1 2 1 1 2 1 1 
101010
00
8-----------------------------------------------------------------------------------
1
1 
1
9-----------------------------------------------------------------------------------
1
1 1 
01
10-----------------------------------------------------------------------------------
