8.000
20.334
21.870
9.809
6.718
17.124
20.334
1.690
21.870
3.497
9.809
28.015
20.397
28.812
3.308
14.987
32.716
0.310
9.063
126.998
12.707
2.158
15.695
14.333
300.750
23.480
27.398
8.177
9.066
0.938
31.701
11.251
6.269
19.737
8.877
22.398
7.518
38.782
25.420
6.718
17.124
7.233
1.802
9.941
6.453
3.018
8.096
14.976
18.239
80.872
8.694
10.299
54.389
15.754
28.754
9.145
8.777
8.412
99.922
43.996
15.114
6.267
3.855
26.208
15.699
20.514
3.817
65.572
43.928
1.496
73.691
23.309
9.041
61.835
23.824
4.300
49.918
20.044
10.248
2.500
15.232
8.357
8.829
18.325
6.712
7.202
2.407
13.743
70.560
12.615
1.387
20.281
9.581
61.570
13.133
3.303
17.506
3.737
10.409
34.572
24.677
27.367
39.612
32.294
9.566
11.336
20.334
21.870
9.809
6.718
17.124
