20
15 1
1 2 3 1
3 2 10 2
3 4 4 1
5 4 1 2
4 6 6 2
7 4 5 1
8 4 9 2
7 9 2 1
10 8 2 1
9 11 10 1
10 12 3 1
11 13 8 1
14 12 10 2
15 2 1 1
9 2
1 2 3 1
2 3 10 1
4 3 3 1
5 3 5 2
6 3 10 1
7 6 8 1
8 7 10 1
9 2 1 2
15 16
1 2 2 1
3 2 1 2
4 3 10 2
5 4 1 2
4 6 9 2
7 4 3 1
8 6 6 2
7 9 6 2
10 8 5 2
9 11 8 2
11 12 7 1
12 13 4 1
13 14 7 1
15 2 1 2
7 11
1 2 8 1
2 3 9 2
3 4 2 2
3 5 10 2
5 6 5 2
2 7 3 2
15 2
1 2 4 1
2 3 4 2
2 4 3 2
5 3 10 2
6 4 4 1
7 6 8 1
8 7 6 1
7 9 6 2
7 10 7 2
8 11 1 1
10 12 4 2
13 11 1 2
14 13 6 2
15 2 7 1
13 13
1 2 8 2
3 2 9 1
4 3 6 2
5 3 1 1
6 3 5 1
7 3 4 2
8 5 8 1
9 6 3 1
6 10 2 2
8 11 1 2
12 11 2 2
2 13 5 1
11 10
2 1 4 2
2 3 5 1
4 2 3 1
3 5 8 1
6 4 1 1
7 4 10 2
8 7 5 1
9 8 6 2
10 9 9 1
2 11 5 1
12 13
2 1 10 2
3 2 9 1
4 3 10 1
5 3 6 1
6 4 9 2
7 5 1 2
8 6 1 1
7 9 4 2
10 8 8 2
11 10 10 2
12 2 10 2
6 5
2 1 5 1
2 3 6 2
4 3 2 2
4 5 1 1
2 6 8 2
8 14
2 1 7 2
2 3 7 2
4 3 9 2
5 3 9 2
6 5 10 1
5 7 7 1
2 8 7 2
16 3
1 2 3 2
3 2 8 2
3 4 10 2
5 3 7 1
6 5 2 1
5 7 1 1
5 8 7 1
9 7 2 2
7 10 10 2
11 8 5 2
8 12 2 2
13 11 7 1
14 12 1 1
15 14 5 2
16 2 1 1
15 9
1 2 6 2
2 3 3 2
2 4 3 1
2 5 8 1
6 4 1 2
4 7 9 1
5 8 4 1
5 9 9 1
10 9 6 1
9 11 9 1
12 9 3 2
13 12 7 1
13 14 2 1
2 15 9 2
11 7
1 2 5 1
3 2 3 2
2 4 8 1
3 5 7 2
6 4 4 2
5 7 9 2
8 6 3 2
9 7 9 1
9 10 2 2
11 2 8 2
6 20
1 2 5 2
2 3 8 2
4 3 7 2
5 4 6 1
2 6 9 2
7 10
1 2 3 1
3 2 2 2
4 2 1 2
4 5 8 1
4 6 3 1
2 7 4 1
7 2
2 1 9 2
2 3 3 2
4 3 7 1
5 3 6 1
4 6 2 2
7 2 2 2
12 20
1 2 9 1
3 2 6 1
2 4 3 2
4 5 2 1
4 6 5 2
6 7 3 2
7 8 2 2
9 8 1 2
10 9 2 2
9 11 6 1
2 12 8 2
8 18
2 1 10 2
2 3 9 2
4 3 3 2
3 5 10 1
6 5 1 1
7 6 4 1
8 2 8 2
7 1
1 2 5 1
3 2 1 1
3 4 10 1
4 5 4 1
5 6 3 2
7 2 9 2
16 17
2 1 8 2
2 3 10 1
4 2 9 2
5 2 5 2
6 5 3 1
5 7 9 2
7 8 2 2
9 7 6 2
7 10 3 1
11 8 6 2
9 12 10 2
13 10 4 2
14 11 1 1
15 12 9 1
2 16 7 2
