20
3
1 2
3 2
9
1 2
2 3
2 4
5 2
3 6
7 5
8 7
2 9
6
1 2
3 2
4 3
4 5
6 2
9
1 2
3 2
4 3
5 3
6 5
7 5
8 5
9 2
4
2 1
3 2
4 2
8
2 1
2 3
2 4
4 5
5 6
6 7
2 8
7
2 1
3 2
2 4
2 5
6 2
2 7
6
2 1
3 2
4 3
4 5
2 6
7
2 1
2 3
3 4
4 5
4 6
7 2
8
1 2
2 3
4 2
2 5
6 3
7 5
2 8
3
2 1
3 2
5
2 1
2 3
4 3
2 5
3
1 2
2 3
9
2 1
2 3
2 4
5 2
4 6
5 7
8 7
9 2
6
1 2
2 3
3 4
5 4
6 2
6
1 2
2 3
3 4
5 4
6 2
3
2 1
3 2
3
2 1
2 3
3
1 2
2 3
9
2 1
3 2
2 4
5 3
4 6
7 4
7 8
9 2
