43
18
37
35
55
12
0
0
7
8
0
66
22
0
14
33
0
65
0
0
13
28
10
27
58
0
7
0
12
0
0
0
23
40
16
0
50
0
0
0
8
34
46
12
21
19
0
0
0
53
12
0
0
0
70
0
11
0
39
11
0
0
3
0
55
0
0
35
42
4
0
29
0
14
36
32
13
8
22
0
11
0
17
61
0
0
19
33
0
6
5
0
0
5
12
0
25
0
0
64
0
0
39
11
12
6
45
0
23
0
27
49
0
0
0
47
24
37
0
0
9
0
0
0
0
51
0
2
0
0
49
62
0
0
15
59
11
0
0
0
0
17
20
0
17
34
5
5
15
0
0
40
28
0
5
41
14
29
50
0
72
22
0
13
5
24
0
13
0
0
18
0
0
0
39
29
37
22
11
0
39
0
51
0
17
7
52
0
12
17
23
24
0
33
29
0
0
0
0
3
0
0
1
0
0
11
11
0
0
5
0
0
0
58
10
0
37
0
48
37
7
10
0
0
0
7
59
0
58
0
31
31
0
39
8
5
0
0
51
8
0
0
0
1
41
0
28
28
0
0
0
5
49
0
15
38
3
0
41
0
0
0
0
59
0
0
0
0
21
28
7
34
20
0
0
45
59
19
3
51
14
58
45
0
24
0
2
36
40
17
0
0
56
39
37
0
8
27
0
55
0
0
35
0
9
0
36
9
18
0
4
63
0
2
23
0
48
0
0
0
0
44
0
32
4
43
0
42
38
39
0
0
0
19
0
30
14
3
22
0
0
0
0
41
0
40
0
54
0
0
25
0
0
0
0
17
3
24
49
42
47
49
17
17
2
0
0
9
33
0
56
15
0
0
17
45
10
56
0
0
46
33
0
54
1
0
0
22
11
5
0
6
48
23
35
0
22
0
0
0
0
10
8
0
0
0
44
0
23
0
0
0
0
0
0
25
25
0
0
0
7
0
40
0
16
4
55
0
0
35
0
9
0
44
0
18
13
44
34
0
51
0
23
26
30
26
0
0
0
10
0
0
71
0
0
0
0
62
21
25
37
59
0
0
32
41
10
0
0
10
35
0
0
18
4
11
71
0
0
0
50
41
11
6
0
63
5
15
70
54
0
15
12
17
0
39
0
7
0
14
16
20
28
26
64
0
19
0
0
0
0
18
0
0
0
0
55
0
0
13
0
6
74
0
9
34
0
35
0
53
16
2
16
0
0
0
0
21
14
0
14
26
28
16
57
44
13
60
8
18
30
51
6
0
20
0
4
7
0
0
51
34
0
11
0
33
40
16
37
0
10
0
16
62
0
20
59
5
21
44
0
11
0
36
48
0
24
63
0
0
0
0
13
0
60
2
0
1
25
3
21
0
16
7
49
38
0
25
0
40
69
55
0
0
52
0
0
19
0
21
65
0
0
21
0
0
0
0
0
48
48
0
5
34
0
28
0
9
14
0
34
0
75
0
64
1
0
0
0
55
35
0
37
51
0
17
57
10
10
0
12
11
0
0
24
3
3
33
0
-
44
0
23
12
6
47
0
0
33
0
27
51
0
19
49
56
0
24
-
32
0
7
37
0
23
0
0
0
0
0
7
0
39
0
13
45
20
0
1
0
5
14
5
0
0
4
0
21
28
6
0
54
8
51
0
0
37
10
0
27
0
42
0
0
26
16
0
50
0
44
53
0
0
0
0
31
0
0
47
52
0
0
0
39
0
12
46
0
0
0
0
13
0
0
0
0
0
0
26
0
0
10
0
0
0
0
18
5
14
0
32
21
0
0
46
0
8
14
24
65
0
33
28
39
0
0
40
22
0
62
19
12
5
0
0
0
45
0
48
0
26
0
21
50
23
30
18
42
25
59
0
11
0
0
0
0
0
0
31
0
0
27
28
0
12
0
0
2
0
33
25
0
0
43
24
45
0
0
0
0
0
0
0
16
0
0
0
33
31
35
0
0
16
8
42
8
0
0
0
0
0
12
1
0
18
0
0
52
0
34
18
41
27
0
26
0
0
20
0
0
0
37
0
0
26
27
0
5
0
19
0
26
0
0
4
0
0
10
42
37
16
0
0
0
34
0
0
0
30
12
45
36
21
11
11
0
0
0
0
16
11
0
0
0
18
0
0
0
14
0
0
0
7
23
32
0
0
0
12
0
11
0
18
32
17
39
0
51
0
0
36
0
0
60
48
0
35
0
0
0
0
0
71
35
15
0
58
0
0
33
9
37
9
19
0
20
24
32
40
54
0
0
27
58
48
0
10
0
0
0
19
0
0
0
31
4
27
12
0
24
0
0
0
0
16
18
25
30
45
30
12
49
58
0
9
52
42
0
16
8
7
0
5
0
5
10
0
0
27
19
8
0
9
0
18
0
30
36
25
24
0
25
12
0
18
48
32
14
0
13
21
31
0
0
19
21
20
0
26
0
13
6
0
9
0
24
0
36
17
0
29
11
5
10
46
0
39
0
7
3
0
0
0
0
26
0
10
4
0
60
0
4
0
0
24
0
0
0
0
0
0
11
20
26
17
11
0
6
37
14
49
0
0
0
0
41
14
67
0
0
35
0
22
2
43
26
0
0
12
0
1
1
10
0
0
19
32
15
0
7
21
0
0
54
0
2
14
7
31
21
0
21
0
24
0
2
33
41
59
25
0
46
0
40
11
30
40
15
0
19
28
0
0
0
20
0
0
0
46
17
0
11
9
0
0
21
20
0
18
11
13
21
0
46
53
0
0
16
16
35
12
10
61
0
53
44
11
11
14
41
0
54
32
20
16
0
9
29
0
0
0
0
14
25
20
0
63
24
48
0
10
0
14
0
10
0
23
0
6
10
0
35
10
26
53
7
28
49
0
7
0
31
0
10
18
11
52
39
31
44
56
25
14
0
41
30
0
15
0
26
53
50
0
7
43
0
12
0
0
24
0
40
0
0
36
0
23
11
0
0
6
37
56
0
36
0
0
54
11
9
0
17
25
10
0
29
51
8
59
2
0
15
0
61
0
0
0
38
0
0
27
0
0
0
3
18
57
0
11
7
62
5
58
0
0
0
0
0
4
-
0
36
0
45
32
0
0
31
0
30
0
3
0
0
16
0
0
9
0
44
0
6
14
4
16
0
0
23
26
64
68
0
0
37
0
0
0
0
0
0
35
28
7
5
0
0
5
0
29
28
0
0
42
0
0
0
0
0
0
5
23
0
0
10
0
0
5
0
3
7
0
31
0
0
6
0
0
44
22
0
68
49
14
43
54
42
21
0
15
0
4
22
0
0
55
0
0
0
0
0
12
15
13
0
0
0
0
24
15
2
14
17
0
27
0
0
0
0
12
0
0
0
0
0
38
69
0
38
25
10
0
11
27
22
0
0
0
0
0
0
39
66
17
10
32
0
0
33
0
0
0
14
0
0
0
0
0
0
0
0
0
14
0
13
50
18
0
0
36
18
11
10
0
0
0
0
44
18
7
37
42
0
36
0
28
37
0
0
8
0
16
0
0
13
0
0
0
0
11
31
28
3
37
0
17
16
45
0
12
0
11
29
49
0
40
0
0
3
7
0
29
3
47
3
0
0
29
0
43
0
0
15
35
27
14
0
0
0
0
0
0
0
0
37
0
21
13
19
0
37
52
44
35
28
0
0
11
5
0
66
38
60
41
12
0
0
24
49
15
0
0
25
0
0
60
70
29
38
0
0
9
0
53
0
53
54
0
9
0
39
0
41
0
43
0
7
49
0
0
12
0
41
44
26
18
35
5
0
50
14
0
27
47
38
15
7
9
25
14
16
0
4
0
13
0
4
0
0
10
33
0
0
0
23
0
-
15
0
0
39
9
0
13
33
0
0
53
0
15
16
4
26
0
21
44
0
0
25
46
0
0
13
0
42
0
0
0
0
41
2
4
2
7
0
0
47
25
23
0
0
17
0
0
0
0
13
0
0
17
18
0
0
0
0
52
0
0
0
49
19
59
0
20
0
0
4
0
28
23
17
28
47
0
0
39
0
42
0
12
16
36
56
9
33
58
13
0
0
41
61
0
19
0
34
0
0
0
16
0
32
10
0
33
0
0
0
0
22
50
22
20
0
43
0
57
58
0
11
2
0
46
35
34
0
0
52
0
0
23
0
41
9
0
0
0
18
0
0
0
59
11
71
0
0
28
0
0
0
0
24
15
17
0
0
4
12
0
4
39
64
22
40
19
24
0
0
4
16
12
0
0
0
12
37
8
21
0
28
0
20
0
0
0
2
0
0
0
0
70
0
45
36
0
0
7
0
0
0
46
42
0
20
13
0
17
0
0
28
11
59
0
21
0
0
0
0
45
0
38
51
0
19
27
21
27
0
35
21
21
0
41
9
0
0
45
0
0
0
40
38
0
0
33
25
55
19
55
0
0
51
0
0
0
16
14
3
0
26
0
34
54
0
9
0
40
0
0
0
12
35
0
35
43
0
6
60
0
0
0
0
0
54
11
33
0
7
31
28
45
13
0
0
0
0
31
0
53
0
0
70
45
0
20
5
43
0
0
16
23
23
8
24
0
0
0
15
13
46
10
41
0
16
13
61
15
29
15
7
0
9
47
0
74
0
10
0
0
73
0
0
38
10
4
19
0
0
0
39
4
0
29
30
0
0
65
51
0
54
54
16
7
11
0
24
0
0
11
0
9
8
0
0
56
0
19
24
52
0
37
0
0
48
0
0
0
13
54
0
0
39
0
23
0
0
0
19
0
26
0
41
58
0
6
50
0
16
46
19
0
48
0
0
0
12
0
7
0
44
38
0
0
42
0
0
22
0
48
58
10
0
17
0
37
0
19
31
19
23
0
0
52
0
43
27
0
0
52
0
33
17
0
0
24
15
0
0
13
0
30
25
14
0
0
12
10
18
30
17
0
0
15
6
33
0
11
-
