58 13 10 sum:81
20 sum:20
7 17 12 28 sum:64
3 24 sum:27
30 28 10 sum:68
36 31 32 sum:99
34 3 17 2 25 sum:81
28 4 51 sum:83
37 39 12 sum:88
20 7 16 15 3 sum:61
2 21 27 3 sum:53
28 sum:28
25 sum:25
39 2 sum:41
2 15 48 sum:65
52 sum:52
37 sum:37
4 2 8 5 sum:19
39 sum:39
5 2 1 4 6 7 3 sum:28
28 16 5 6 10 sum:65
16 11 37 5 7 6 9 sum:91
9 12 34 11 14 sum:80
17 40 14 11 sum:82
12 19 17 11 sum:59
14 13 60 sum:87
22 sum:22
1 5 23 sum:29
45 26 3 8 sum:82
39 25 20 15 sum:99
31 41 2 sum:74
3 sum:3
40 43 sum:83
16 31 sum:47
7 9 21 18 sum:55
14 4 18 54 sum:90
17 56 9 10 sum:92
15 sum:15
15 sum:15
9 17 3 sum:29
39 sum:39
19 30 33 sum:82
20 6 sum:26
34 10 sum:44
27 1 4 10 sum:42
57 31 sum:88
15 9 16 19 18 7 11 sum:95
12 sum:12
8 33 13 40 sum:94
47 11 5 7 19 sum:89
8 19 58 sum:85
1 20 49 2 sum:72
11 10 38 9 8 18 sum:94
12 8 32 6 sum:58
47 5 30 sum:82
48 11 41 sum:100
36 39 3 14 sum:92
24 18 36 9 sum:87
38 9 sum:47
30 sum:30
32 6 11 24 sum:73
50 8 27 sum:85
22 26 1 17 12 sum:78
4 sum:4
11 24 31 7 sum:73
20 3 18 10 sum:51
4 14 sum:18
1 31 sum:32
37 19 12 31 sum:99
39 sum:39
2 5 3 sum:10
51 sum:51
55 22 16 sum:93
35 18 28 3 sum:84
17 7 41 13 6 sum:84
56 sum:56
36 49 3 sum:88
28 7 49 sum:84
11 31 37 20 sum:99
17 42 19 sum:78
21 35 sum:56
34 sum:34
42 3 2 11 sum:58
51 sum:51
29 21 28 sum:78
53 15 sum:68
33 39 sum:72
51 5 1 6 7 sum:70
30 32 29 sum:91
36 29 34 sum:99
22 11 21 5 sum:59
37 2 sum:39
22 23 9 4 5 sum:63
23 19 22 10 sum:74
3 sum:3
1 34 44 6 sum:85
14 22 28 10 12 1 5 sum:92
8 24 sum:32
60 11 7 22 sum:100
3 24 7 sum:34
