30
30
30
30
30
7854
30
30
7854
11007
11023
11007
7854
10319
8046
11007
11007
11007
10335
30
10335
11007
10335
10915
11023
11007
11007
11007
11007
6564
9547
11007
10915
10915
11007
11023
10413
30
11007
30
30
11023
9894
6555
9894
11134
11134
11134
10413
10915
11178
11178
11007
11007
30
11007
10413
10915
11178
11007
11007
11178
10413
11023
3409
11178
10895
9419
11178
10895
11178
11007
11178
11185
9894
10895
11178
11178
9547
