30
30
30
67987
67987
30
67987
67987
67987
67987
61889
30
67987
67987
70404
67987
67987
67987
67987
70404
67314
47473
70404
67987
67987
67987
70404
67987
68441
67987
30
66821
70404
68441
67987
67314
52540
70404
70404
67987
70404
67987
68441
59399
70404
67987
59766
68441
67987
67987
67987
68441
66821
67602
67987
67602
60756
70404
68423
63503
68423
60756
67987
63503
67987
70404
70404
68441
68423
68441
67987
67987
68642
68642
70404
67314
70404
67987
68642
70404
70404
30
68642
70404
67602
68642
69581
30
68642
68756
70404
69581
68756
70404
68756
68441
68756
68756
69581
68756
68756
68756
68756
70404
52464
68756
67602
68756
68642
70404
68756
68756
68756
67602
70404
70819
70404
70404
70404
70404
67995
70404
70819
68423
70404
68423
70436
70404
70404
68642
68756
70404
70436
70436
70404
70359
70404
70436
70436
70819
70436
70436
70436
68423
70436
68756
70404
70436
67602
70819
70436
68756
70436
68423
70819
69279
70359
70359
70404
70359
70436
68756
70436
70436
68756
69279
70404
70404
70819
70359
69581
70404
68642
70404
68219
70436
58072
69279
70436
70436
68219
69686
70359
70436
70436
70436
70436
69279
65174
70359
70436
68233
70436
70359
70819
70359
59182
68756
69279
70436
70359
70404
70436
70819
70436
70436
69279
70359
70436
52333
70359
30
69279
70404
70436
70436
70436
70436
69279
69279
70263
30
70436
69279
70436
70404
30
70359
70263
65174
70359
70436
68423
70359
70404
70404
70359
70404
70436
70436
68785
70404
69279
70359
70436
70436
68785
70263
70359
70436
70436
70436
70359
70404
70436
70436
70436
70436
70404
70823
69380
70819
70823
69380
70823
70823
70823
70823
70436
69567
70823
65174
70048
70823
70823
70823
70823
70823
70823
70823
70436
70819
70823
70823
70404
70823
70823
70436
69567
70823
70823
30
70823
70436
70823
70823
70823
70823
69380
70823
70436
70359
70359
68357
70823
70823
70823
70823
70823
70823
70823
70823
68357
70823
70359
70819
70823
70823
70823
70436
63293
70823
70823
70823
70823
70823
70823
70823
70436
70359
70436
70823
69380
70184
70823
70823
70823
70823
70823
70823
70819
70436
70359
70823
70823
67602
70823
70946
70436
70823
70946
70404
70823
61539
70946
70359
70359
70823
70823
69279
70404
70823
70946
70436
70819
70946
70946
70823
69279
70823
70184
70048
70823
66142
70946
70946
70262
70946
69380
70823
63942
70946
70359
69380
70404
70823
70823
70946
70946
70823
70823
70946
70436
70823
70823
70823
70823
70823
70946
70823
70823
70823
70404
70946
70823
70823
70823
70823
70823
69380
70436
69279
70404
70823
70263
70946
70359
70823
70823
70404
70946
70436
63770
70088
70946
70823
70946
70946
70823
70088
70823
70436
70946
30
70823
70823
70823
69896
70404
68642
62753
70946
70436
70505
70823
70823
70823
62528
70404
70436
70404
70263
70184
70184
70505
70184
70823
70946
70823
70505
70946
70184
70505
70823
70823
70823
70946
70823
70359
69150
70823
70823
70946
70946
70404
70823
70823
70823
62753
70823
25
70184
70946
70946
70823
70823
69311
70184
70184
70946
70823
70823
70946
70946
70823
70505
70184
70823
70823
70823
70823
70823
70436
70946
70505
70823
70823
70823
70823
70823
70823
70823
70823
70823
70946
70946
70946
70359
70946
70823
70823
70946
70946
68785
70946
70946
68423
70184
70823
70823
70823
69279
70823
70823
70823
70823
70505
70823
70359
70946
70505
67864
70359
70048
70946
70823
70359
70823
70823
70823
70823
70823
70946
70823
70946
70946
70823
70946
70946
70436
69369
69380
70184
70823
70823
70946
70404
70823
70946
70823
70823
70946
70823
70048
70823
70823
70823
70823
70946
70823
70946
70505
70823
70946
70823
70823
70946
70823
70946
70946
70823
70404
70946
70436
70774
70823
70823
70404
70823
70823
70562
70946
30
70404
70823
70404
70823
70823
70436
70184
70823
70946
68357
70184
70823
70562
70404
70946
69311
70774
70946
70823
70404
70823
62275
70404
70946
70823
70823
70823
70946
70823
70823
70823
70404
70774
58656
70505
69140
70823
70774
70774
70404
70184
70823
70946
70823
53684
70823
70823
70774
70946
70946
70823
70946
70946
70774
70946
69021
68954
70184
70946
70823
70774
70946
70184
70946
70562
70823
70823
70404
70823
70774
70946
70823
70946
40269
67607
70823
70823
70774
70946
70823
69380
70404
70217
70823
70774
70946
70823
70774
70217
70263
70946
70823
70823
70774
70823
70823
70946
70184
70823
70823
70823
70823
70823
69380
70823
70823
70946
68776
55772
70823
70823
70823
70946
70823
68561
70562
70823
70217
70823
70946
70823
70946
69279
70137
70823
70823
70946
70946
70137
70823
70946
69380
70946
70823
70404
70823
70946
65896
70946
70774
70048
70946
70946
70823
70823
70823
70774
70562
70946
70404
69380
70823
63939
70823
70505
70823
70823
70823
70946
70946
70823
70823
70823
70823
70823
70823
70263
70184
70774
70774
70823
70774
70823
70217
70774
70774
70562
70823
70263
70819
70404
70823
69559
70946
70263
70823
70946
70823
65174
70184
70823
70946
70774
70823
70946
70823
70946
70946
70774
70505
70823
70774
70823
70404
70823
70946
70946
70946
70562
70774
70823
70774
70946
70823
70946
70823
70774
68210
70946
70823
70823
66680
70823
70823
70562
70823
70946
70946
70823
70823
70823
70823
70823
69279
70823
70946
70562
70946
70823
70823
70946
70946
70774
70946
70946
70562
70946
70774
70946
70774
70436
70823
69380
70404
70823
70823
70137
70505
70774
70823
70823
70823
70946
70774
70946
70823
70946
70823
70823
70364
70946
70364
67864
70823
70774
70823
30
70946
70823
70823
70946
70823
70359
54965
70436
70823
70823
68642
70823
70946
70823
70774
70543
70823
70823
70774
70774
70543
70823
70364
70823
27
70946
70823
70543
70436
70823
66513
68776
70823
70774
70823
70774
68210
70823
68642
70505
70543
70823
70774
70823
70823
70823
70404
70543
70946
70823
70774
70823
70823
70184
70946
70946
70823
70774
70946
70184
70774
70823
70823
69385
70946
70946
70946
70823
70562
70774
70823
70823
70823
70774
70774
70774
70543
70543
70823
70774
70823
70543
70823
70946
70774
70823
70823
70774
70823
70946
68741
70823
30
70823
68210
70562
70774
70946
70823
70823
70823
70823
70823
70436
70823
70946
70946
