30
30
30
30
155087
155087
155087
155087
128313
155087
155087
135521
155087
91735
153375
155087
139505
164942
135521
164942
151522
155087
155087
131854
30
164942
151522
155087
164942
80964
155087
155087
155087
164942
151522
131854
137243
155087
164942
30
167257
155087
164942
30
164942
111510
155087
167257
167315
167315
158529
167315
164942
167315
167315
167315
167315
167315
167315
167315
167315
161571
164942
161571
167315
167315
167315
151522
167257
167315
167315
166066
167315
167180
158529
164942
167315
167315
167180
167180
167257
167315
167315
167315
167180
122306
168539
167315
168539
167180
167315
167315
164942
167257
168539
158015
167315
168539
168539
168539
168539
167315
164942
168539
166066
167257
167315
168539
167315
168539
161571
168539
168539
167315
168539
168539
98265
167315
167257
168539
155192
167315
167315
168539
168539
30
30
168539
168539
167315
30
168539
157312
168539
168539
167315
167180
167257
168539
166066
168539
163216
157923
168539
168539
168539
168539
167315
167315
167315
167315
30
168844
167180
163216
168844
167180
163216
138422
158556
166220
161571
168844
167180
168844
167180
168844
168539
168539
166220
167180
168844
168844
168844
167180
168844
168539
168539
168844
168539
168844
168539
166066
167315
168539
168844
162308
167257
168539
168539
168844
141394
167180
168844
168844
168844
168539
168844
164942
168844
167401
168539
168844
166066
163551
163551
168844
163216
166066
168539
168844
168844
168844
168844
168539
166220
167257
168539
161571
168844
166066
168539
166066
159151
168539
161571
168844
168539
168539
168539
168844
167180
168844
168844
168844
168844
168539
128674
168539
167180
168844
153744
151221
168539
167401
158683
168844
168844
157312
168539
166066
168844
167257
30
167401
168844
168539
168539
167315
167315
168539
168539
168844
153375
168844
167401
168844
168844
168539
168539
168844
168539
167180
168539
168844
167180
168539
167315
168844
168844
168844
168539
168539
167180
168844
166066
168539
168539
168889
168889
168889
168904
167180
168889
168889
168539
168539
167180
168539
167180
166905
168889
167315
168889
168889
168889
168904
168904
161571
168904
168889
168889
168889
168904
167180
168889
168539
168844
168539
168904
168889
167180
168889
168904
168889
168844
168904
168844
168904
168904
136042
157894
168889
168889
168889
168904
168889
168889
168539
168904
168904
162308
168952
168952
166066
168952
168952
168952
166066
168952
168889
122749
168952
166066
168889
162308
168952
168889
168889
168889
168889
168889
92629
168952
166829
168844
168889
168952
168952
166367
168889
168952
168952
168952
168844
160906
168952
168952
168889
168952
168889
157894
168889
168952
168952
168952
168952
168952
168904
168889
168889
168952
168889
168889
168952
168952
167180
168952
168952
168539
166220
169076
169076
169076
169076
169076
169076
167180
168844
169076
169076
166829
167167
168952
169076
169076
169076
167180
168952
168952
168952
169076
168889
169076
169076
169076
168952
169076
169076
169076
169076
168952
169076
167180
169076
169076
167180
168844
166905
168539
167257
166729
169076
167180
168952
169076
169076
169076
168889
168952
168539
158529
167180
169076
169076
167180
169076
168889
169076
169076
169076
166905
166829
168844
169076
168952
168952
169076
168952
169076
168952
167180
166729
169076
169076
158347
168952
169076
168952
168952
169076
169076
160319
167180
169076
169076
169076
169076
168904
168952
169076
168889
168952
168952
168952
169076
150340
169076
166066
168952
168539
167180
169076
169076
168952
169076
169076
169076
168952
168952
168855
169076
169076
169076
169076
169076
169076
168952
169076
169076
169076
168952
169076
169076
169076
169076
167198
169076
168539
168855
169076
168952
169076
168539
168952
168952
168889
168855
168952
169076
169076
169076
169076
168904
166829
168889
30
168904
168952
167180
169076
169076
168952
169076
169076
169076
169076
168952
169076
169076
168952
168952
168889
169076
167180
169076
166829
169076
169076
169076
169136
168952
168539
167180
169136
169136
168952
169136
168952
147622
169136
166829
168952
167481
169136
167992
169136
169136
169136
169136
166729
169136
167180
167315
166829
169136
168952
169136
169021
169136
166829
169136
168855
168952
168889
167180
169021
168998
167481
167180
167180
169136
169136
169021
169136
169136
167180
168952
156965
168889
169076
169021
169136
169136
169021
167180
167180
167180
169136
168952
169021
169136
169136
169136
168952
168952
169136
128249
169136
169021
169136
169136
169136
169136
169136
169136
167180
169136
168297
168855
169136
169136
169136
168622
169021
168952
169136
169136
169136
169021
169136
169136
163551
168998
169136
169136
168904
169136
169136
169136
168952
169136
168952
168998
169021
169136
169136
169136
169136
168952
167180
168952
167198
169021
168844
169136
169136
169136
169076
169136
166729
169136
169136
169136
169136
168952
169136
169136
169136
168952
169021
169136
169021
169021
169076
169021
169136
169136
169021
169021
169021
167180
168539
169136
169136
169136
167180
164207
169021
166729
168539
167180
168844
169021
169136
169136
169136
169021
168855
169021
169136
169021
169136
169136
168539
169136
169021
166829
169136
169021
169136
128249
169076
168952
166729
169136
167180
169136
169021
169021
169136
168998
167180
168998
160388
168952
169136
167180
169136
169076
168889
167180
155818
168952
169076
169136
169136
168844
169021
168539
168952
168297
169021
168952
169136
168952
169136
169136
169136
169136
169076
168998
159918
166829
168844
167180
169136
169021
168952
169136
169136
169136
169136
169136
169136
169136
169136
169136
169136
169136
168952
169136
169136
169136
169136
169136
169136
169021
163960
168297
169136
169136
169021
168952
169136
169136
168844
169021
169136
168539
169136
169136
169136
169136
169021
169039
169136
169136
169021
169021
169021
169136
168539
161550
147622
168297
169136
165230
169136
168889
169076
169136
139738
169021
169021
169136
169136
168952
169021
169076
168952
169076
169039
168952
169021
169021
167180
169136
167481
169136
168952
168889
169136
169039
167180
169136
169136
169136
168952
169021
168952
169021
169021
169136
168855
169136
169136
169136
169136
169136
169136
169021
168952
169076
169136
169136
169136
169136
169136
169039
169136
168855
169021
169136
169136
169136
166151
169136
169136
169136
169021
156961
169136
169136
169136
169136
169021
168844
166829
169136
169136
168539
169039
121642
168622
155818
169136
169136
168622
168170
166401
169136
168844
168952
169136
169136
169136
169136
168297
169136
169021
169021
169136
166729
169039
169136
169136
168952
169021
169136
168952
169136
169136
169136
169021
169021
169136
169136
169136
158390
30
169136
168855
169136
169136
164390
169021
169136
169136
169021
168842
169076
168952
167180
169021
169021
169136
169021
169136
169136
167992
168889
167180
169136
166829
169136
163960
169136
169021
169136
168889
169021
169136
169136
167180
169136
169021
167253
168952
167253
169021
167253
169136
168904
169136
168952
169039
169136
169076
169136
168855
169136
169076
169136
168539
169136
169136
169136
168889
169021
169021
168889
169136
168855
169136
169136
169021
169021
168539
169136
169136
169136
169021
169136
166829
168952
169136
168539
168844
169136
169076
168952
169136
169021
169136
169136
169039
167253
169136
155818
168855
168952
168952
167253
168539
168952
168952
169039
169136
168952
168952
169136
168855
169136
168952
169136
169136
169136
169021
169136
168297
169136
169076
166872
167253
169136
169136
169021
169136
169136
169136
169136
30
168952
168579
167253
169039
169136
169136
169136
169021
169136
169136
169136
169136
169136
169136
167180
168498
168498
169136
169136
168170
169136
168952
169021
168952
168952
169136
169136
169136
167253
169136
166401
167180
169136
156965
168952
166151
167253
168622
169021
30
169076
169136
169136
169076
169136
165230
168952
168889
169136
168952
169021
167253
169021
169136
169136
169021
168952
169136
166066
168952
168579
169136
169136
169136
161149
169136
169021
167253
169021
168844
169136
169021
169136
169136
169039
169136
169136
169136
169136
168844
169136
169021
167180
169136
167253
169136
30
168952
169136
169136
169136
169136
169136
169021
169076
169136
169021
168184
169136
169136
167253
169136
169136
169039
168952
155625
168855
169136
168952
169136
169136
169136
169136
168952
167253
169136
169021
169136
168539
168952
169076
169136
169136
169021
168844
169136
168952
169039
168855
169136
169021
168889
169039
169136
167563
169136
168952
166894
168952
169136
169021
168952
137887
169021
168579
168170
168579
169136
168844
166829
168952
169021
169039
167253
169136
169039
169136
168579
169136
169136
168498
168952
169039
168855
169136
169136
168855
169021
169136
169021
167180
125675
169136
169136
168579
169136
168889
169136
168579
167376
168855
169136
169021
168952
156965
169136
169136
169076
169136
143052
155043
168952
169076
169136
169136
167253
169136
169136
168952
169021
169136
168889
169021
169136
169136
169136
166905
169136
169136
169039
168889
169136
169136
169136
167253
169021
169021
