30
4650
30
6462
6521
6521
6968
6474
30
29
6521
6735
6968
4650
30
6735
6968
6735
6735
6735
30
6462
6735
6735
6521
6521
30
3689
6521
4601
6735
6462
6462
7483
7968
30
7483
6521
26
7968
7322
7915
7968
7483
7968
7968
7915
7968
7283
7968
7803
7915
7915
7915
7968
7915
7483
7675
6649
30
7803
7968
7915
7915
7915
7968
7675
7915
7915
7483
7500
5903
7968
30
7675
7915
7675
7968
7915
7948
7142
7968
7948
7675
7675
7915
7968
7915
30
7968
7142
7500
7968
7948
7675
7915
7675
7948
7948
7948
7974
7974
7963
7974
7974
7974
7974
7974
7937
7974
7974
7968
7974
7500
7974
7974
7974
7974
6522
7963
7963
7974
7974
7974
7974
7675
7974
7974
7974
7974
7974
6311
7968
7915
7974
7963
7630
7075
7974
7500
7937
7968
7974
7968
7500
7612
7974
7974
7974
7974
7963
7974
7974
7612
7974
7974
7968
7974
7974
7075
7612
7948
7948
7968
7963
7612
7974
7974
7974
7974
7974
7968
7963
7974
7963
7963
7974
7963
7749
7968
7963
7974
7974
7974
7968
7974
7974
7968
7749
7963
7974
7749
7963
7974
7974
7963
7974
7974
7968
7963
7974
7974
7974
7963
7974
7974
7974
30
7974
7974
7948
7974
7963
7963
7974
7500
7974
7974
7799
7948
7948
7974
7963
7799
7915
6999
7963
7974
7974
7948
7974
7974
7675
7974
7974
7974
7963
7963
7974
7948
7968
7971
7974
7974
7963
7974
7974
7974
7974
7971
7974
7974
7971
7974
7968
7974
7974
7948
7963
7948
7974
7963
7974
7799
7974
7974
7749
7925
7974
7974
7708
7803
7974
7445
7974
7974
7937
7974
7974
7963
7974
7974
7974
7974
7971
7974
7825
7971
7974
7974
7799
7963
7948
7963
7974
7799
7925
7948
7974
7963
7963
7963
7974
7708
7974
7963
7974
7974
7974
7963
7226
7948
7974
7971
7948
7974
7974
7749
7963
7974
7971
7971
7974
7971
7974
7799
7937
7974
7974
7974
7974
7768
7556
7937
7974
7974
7968
7974
7974
7974
7991
7968
7937
7974
7948
7974
7974
7991
7799
7971
7974
7937
7974
7974
7974
7937
7974
7937
7925
7974
7937
7968
7974
7974
7968
7968
29
7974
7974
7974
7930
7974
7905
7974
7974
7974
7948
7974
7974
7974
7974
7937
7968
7937
7974
7974
7974
7974
7937
7974
7974
7937
7925
7930
7974
7708
7930
7974
7937
7968
7930
7483
7915
7974
7948
7930
7974
7974
7930
7974
7974
7937
7974
7971
7974
7974
7974
7968
7768
7974
7974
7974
7974
7974
7974
7974
7991
7930
7974
7974
7937
7974
7971
7937
7799
7974
7974
7974
7971
7974
7974
7974
7937
7966
7974
7975
6913
7975
7839
7937
7968
7937
7966
7975
7975
7975
7975
7975
7975
7937
7930
7937
7968
7975
7974
7975
7974
7975
7975
7975
7975
7568
7937
7975
7975
7975
7974
7937
7975
7975
7975
7975
7975
7975
7966
7745
7384
7974
7975
7975
6763
7975
7974
7966
7975
7966
7930
7968
7975
7974
7833
7833
7966
7975
7975
7966
7937
7966
7930
7975
7966
7975
7966
7975
7974
7975
7975
7975
7974
7966
7909
7975
7968
7948
4678
7937
7839
7863
7975
7975
7930
7975
7975
7490
7975
7974
7975
7966
7975
7975
7937
7975
7975
7397
7966
7975
7975
7974
7975
7975
7975
7968
7974
7975
7974
7966
7839
7975
7968
7975
7975
7968
7974
7966
7975
7974
7975
7966
7975
7975
7975
7975
7966
7975
7975
7975
7966
7384
7975
7937
7975
7925
7975
7975
7974
7975
7975
7966
7975
7974
7974
7974
7909
8000
8000
7975
7975
7968
8000
7937
8000
7974
7975
8000
7975
7968
7909
8000
8000
8000
7937
7975
8000
8000
8000
7937
7975
7975
7925
7778
7975
7937
7975
8000
7282
7968
8000
8000
8000
8000
8000
8000
7905
8000
7960
8000
8000
7968
7968
7975
8000
8000
8000
8000
7948
7925
8000
7968
7975
8000
8000
7702
8000
7839
8000
7968
8000
7960
8000
8000
7968
7909
7975
7975
7798
8000
7987
8000
7966
8000
8000
8000
7975
8000
8000
7975
7975
7987
7688
8000
8000
8000
7975
7975
8000
8000
7975
8000
8000
8000
8000
8000
8000
8000
8000
7975
7968
8000
7865
8000
7975
8000
7987
7975
7975
8000
8000
7798
8000
7879
7879
7975
8000
8000
7509
7975
8000
8000
8000
8000
7960
8000
7975
8000
8000
8000
8000
7960
7966
7975
7975
8000
8000
7975
7991
8000
8000
7800
8000
8000
8000
8000
8000
8000
8000
8000
7925
7968
7966
8000
8000
8000
8000
8000
7987
7987
8000
8000
7987
7975
8000
7975
8000
8000
7863
8000
7974
7863
7879
7987
7987
7987
8000
8000
7968
7863
25
8000
8000
8000
7974
7803
8000
7975
8000
7987
7960
8000
7975
8000
7987
7922
7983
8000
7975
8000
7987
7983
8000
8000
8000
8000
8000
8000
7975
8000
8000
8000
7960
8000
7975
8000
8000
8000
8000
8000
8000
8000
8000
8000
7987
7975
8000
8000
7975
7975
7987
8000
8000
7960
8000
8000
7975
7975
8000
8000
7975
7975
8000
8000
7809
7522
7960
8000
7975
8000
7863
7987
7975
7879
7968
8000
7987
7925
8000
8000
7975
8000
7922
8000
7901
8000
8000
8000
8000
8000
7987
7968
8000
7960
7987
8000
7960
7960
7778
8000
7968
7975
7745
7905
8000
7968
7975
7974
7975
8000
8000
8000
30
7960
5409
8000
8000
8000
8000
8000
7960
8000
7975
8000
8000
7968
7968
8000
8000
7966
8000
8000
7960
7968
8000
7987
7987
7975
8000
8000
8000
7987
8000
8000
7675
7968
8000
8000
7975
8000
8000
8000
7901
7975
7975
7960
7975
7991
8000
7975
8000
7975
7745
7975
7975
7975
7879
7968
8000
8000
5790
8000
7987
7975
8000
8000
8000
8000
7975
8000
7987
8000
8000
8000
8000
8000
7975
7975
8000
7968
8000
8000
8000
8000
7975
8000
8000
6466
7948
8000
8000
8000
8000
8000
8000
8000
7983
8000
8000
8000
7987
8000
8000
8000
7968
8000
8000
8000
7911
7901
7522
7983
7987
8000
8000
7987
8000
8000
7975
8000
8000
7960
8000
8000
8000
8000
8000
