30
30
30
30
30
191635
191635
191635
183409
183409
191635
30
191635
191635
171870
191635
191635
127368
183726
183726
191635
183409
183726
171870
191635
167873
191635
183726
191635
183726
183726
191635
191635
191635
185230
185230
157192
185230
183409
183726
191635
191635
30
191635
171870
191635
191635
185211
191635
184717
191635
191635
183726
181120
184717
191635
179961
191635
184717
191635
185230
185230
191635
185230
184717
185211
179961
132071
185211
185230
160449
157842
191635
185230
185230
191635
193836
191635
193836
193836
193836
191635
193836
191635
194516
194516
191635
181878
194516
194516
185230
194516
185211
194516
194516
191635
191635
185211
184717
193836
183726
179961
194516
194516
185211
194516
183726
194516
194516
194516
194516
194516
194516
194516
183726
193836
194516
194516
194516
194516
194516
191635
194516
191635
193836
192504
194516
194516
192504
193836
194516
194516
194516
194516
194516
194516
179961
193836
192504
194516
194516
194516
194516
194516
184717
193836
194516
180386
194516
194516
191635
194516
194516
191635
183726
193836
194516
193836
194915
191635
194915
194516
193836
191082
194915
191635
194516
192504
194915
194915
194915
194516
185211
177951
194915
194588
194588
188153
194915
191635
193836
193836
194516
194915
194915
180683
194915
194915
191635
191635
194588
194588
194915
194588
194588
191635
194915
159772
194588
188153
194588
194915
192641
194588
194915
30
194915
191082
194588
194516
194915
194915
194588
187914
194588
194588
194588
194915
194516
194915
194915
194516
194915
194915
194915
194915
188153
194915
194915
194588
194915
194588
194588
179961
194588
194915
194516
30
192641
194994
194994
194994
192022
194994
194516
194588
184260
194994
188939
194994
194516
194915
194994
193836
194994
192641
194588
194994
194994
145832
194588
194994
194994
192022
194915
194994
194915
194915
194516
194588
194994
194994
194994
194994
194915
194994
194588
194915
183726
184260
194994
194994
194516
183726
194994
194588
194994
192022
194516
187914
187914
194994
194588
194994
194994
194915
194994
194588
194994
194994
142170
194994
194915
194994
194915
194588
194588
194994
194915
194994
194588
194516
194516
194994
194588
193787
194588
194994
194994
194994
194994
194588
194915
194588
194994
191029
194516
179805
194994
192641
194994
194994
194994
192022
194516
194994
194994
194994
194516
194516
192022
194994
192641
194588
193787
194994
194994
194994
190026
194994
194915
194588
194994
187914
194994
194994
194516
194994
194588
194994
194994
194588
194994
194994
194994
194994
194994
171748
194994
194994
194588
194915
187914
194915
194915
194915
194994
194588
194994
192641
192641
193787
194588
194994
194915
191029
194915
194915
194994
194588
184260
194994
194516
194994
194915
194994
192641
194994
194994
187914
194994
194994
192203
193787
194915
194994
194994
194516
194994
194516
193836
194994
30
191350
194994
194994
194915
194994
194994
193787
194588
194994
193787
194994
194994
194588
194994
194994
194994
179961
194588
194994
194994
191082
30
194516
194994
194516
194994
194516
194994
194994
194994
194994
194994
194516
191635
194516
194994
194994
194994
194994
194994
194994
182669
194994
194994
194994
194915
194994
194994
193787
191394
194588
194994
194588
194588
194994
194516
194915
194915
194994
194915
194994
194994
194915
194994
194994
194994
192641
194588
194588
193787
194994
194588
194994
194994
191394
194994
194994
193836
194915
194994
194588
194994
194516
194994
194994
194994
194994
194588
194915
194994
194915
194994
194994
194516
194588
194994
194994
194588
194994
194994
194588
194994
193240
194516
194915
194588
194994
177402
194994
194915
194915
194205
194994
194994
185963
175673
192504
194994
194994
194994
192022
192504
194994
194994
194994
194994
194994
194994
194516
194588
194994
194994
194994
194994
194588
194588
194588
194994
194205
192022
194588
194994
194588
194994
194588
194994
194994
194588
194994
194994
194994
193787
194994
194994
194994
194994
194994
192504
194994
194994
193890
194588
194579
194994
194588
194994
194205
193787
195009
194516
194588
194994
192196
194994
194994
194994
194994
192196
180386
194994
193787
194588
194994
194994
192411
194579
194994
194915
194994
194994
194994
194994
193307
194588
194994
193307
194994
194588
193890
195009
194516
194915
194915
195009
194994
194994
194994
194588
194915
185211
195131
195009
194588
194994
195131
195131
194516
195131
194994
195131
194588
195131
193836
194994
195131
194915
195009
195131
194994
194915
194588
192196
194994
195131
194579
195131
195131
194994
186153
194994
192022
195131
195131
194588
195131
195131
195131
195131
194205
194994
195131
194915
186184
194994
194915
189568
195131
194915
193598
195131
193836
195131
194915
195131
194994
195131
194994
186897
194994
195131
195131
195131
186897
195131
195131
195131
194915
195131
195131
194994
194915
195131
195131
195131
194994
194994
195131
192196
195131
195131
195131
194516
194915
194915
194588
194994
195131
195131
181558
194588
195131
194915
194579
195131
195131
194994
195131
195131
172601
195131
194994
194994
194994
194588
195131
195131
195131
192504
189490
195131
194994
194994
194588
194588
195131
192022
171421
194915
194915
195131
194588
195131
195131
195131
195131
195131
195131
194915
191394
194915
195131
195131
195131
195131
194994
194994
195131
194994
191635
192196
195131
186897
194588
194994
195131
195131
194994
195131
194915
195131
194588
195131
194915
192720
195131
195131
194994
194994
194915
195131
195131
194205
194994
195131
195131
195131
195131
195131
195131
195131
193240
194915
194994
195131
193730
194994
195131
195131
194994
188153
195131
195131
194994
194915
186897
194516
194994
195131
194205
195131
193698
195131
195131
194994
195131
195131
195131
195131
194915
194994
194915
193943
194994
194994
194994
192196
194994
193730
194588
195131
193943
195131
195131
193836
194994
195131
195009
194915
195131
195131
188153
194994
194994
195131
194915
194915
195131
195131
195131
195131
195131
186717
195131
192203
192196
195131
195131
195131
194994
195131
195131
195131
194994
194994
195131
195131
195131
194516
194994
195131
194588
195131
194994
195131
194915
194915
194915
194579
187914
194516
194915
195131
195009
194588
195131
189572
195131
195131
194588
194579
194994
194588
194994
195131
195131
195131
177364
194588
195131
194915
195131
195131
195131
195131
185787
194994
186717
195131
195131
30
193094
195131
194915
194994
195131
195131
195131
194588
194915
195131
195131
192196
195131
195131
195131
194994
194205
194994
194994
195131
194994
195131
194579
195131
194579
194915
195131
195131
195131
194994
195131
195131
195131
193740
195009
194994
194994
195131
195131
195131
195131
194994
195131
195131
195131
195131
193094
194588
195131
195131
194915
195152
194915
195152
194516
195152
194588
195131
194994
194994
195131
188833
193943
194994
194994
194994
194994
195152
195152
194915
195152
193890
195152
194994
194579
195152
194579
195152
194994
195131
194994
194994
194994
195152
194915
194994
194915
195152
194915
195152
195152
194994
195152
194994
194915
194994
192641
195131
195152
193059
192196
195152
194994
194994
195131
195152
193740
195152
194994
195131
195152
194994
179466
195152
194994
195152
194579
195131
195152
195131
194915
194994
195131
195131
195152
191870
178248
195152
195152
195152
192720
195152
195152
192994
195152
193903
194994
187914
194915
195131
194579
194915
195152
194994
194205
195152
194994
194994
194994
195152
194994
194915
194205
195152
195152
195152
195131
195152
194205
194994
195131
195131
194994
195152
194915
194994
195131
193240
195131
195152
195152
195152
195152
195152
195152
195152
194994
195131
193943
194994
195152
195152
195152
195152
192504
194994
194994
195152
194205
195131
195152
194915
195152
193094
194915
195152
195152
195152
195152
193240
195152
195152
194915
194588
195152
193094
195152
192720
195152
30
194994
194994
194994
194915
193903
194915
194994
194994
195131
194915
194915
195152
194994
195131
195152
193698
194994
195009
193698
194588
194588
195152
195152
194209
194209
195152
194516
195152
195152
195152
195152
195152
195131
194516
194994
195152
193903
195152
194209
194205
195152
195152
195152
150941
194994
194915
194994
195152
195152
195152
194994
191394
194994
195131
195131
194915
194994
195131
195131
195152
194994
195152
195009
195152
194994
194516
195152
195131
195131
193094
195152
195131
30
192504
195152
195152
185211
194915
189572
195152
194588
193903
194994
195131
195131
195152
194915
194915
195152
194205
194994
191154
194994
195131
195152
193097
194994
194994
194516
195152
195131
195152
195131
195152
194209
195152
194994
195152
194516
195152
195152
194209
195152
195152
192022
194915
179371
193890
195152
195152
195152
194209
193903
194994
194994
195152
195152
195009
192641
194588
195009
195131
194915
194588
170680
194915
194588
195152
29
194915
194209
194994
195152
195152
193903
195131
195152
194915
193943
195152
194994
195131
194915
194915
195152
195131
195131
194994
194579
194205
194588
194915
194915
195152
195152
194516
195152
194994
195131
195152
194516
194803
195131
195152
195152
181533
195152
194994
193903
195152
194915
194994
195152
195009
195131
195152
193059
195131
195152
194994
195152
194205
195152
195152
193903
192022
195131
195152
194994
193890
195152
195152
195152
30
194994
195152
195152
191870
194516
195009
195131
195152
192641
194994
195152
194915
195152
195152
193598
195131
195131
194803
194994
195152
193903
194994
195152
194994
195131
195131
195152
192504
192602
195152
194994
195131
195152
195152
195152
188153
195131
194994
195152
195152
194915
194205
194803
195131
125858
195131
194994
195152
194994
194994
193094
195152
195152
191154
193943
194994
195152
194205
195131
194994
195152
194994
195152
195152
193730
194915
195152
194994
194994
193836
195152
194915
192196
194994
194915
195152
195152
194994
195152
194588
195152
194994
194915
195152
195152
194803
194803
195131
194516
195152
195152
195152
195152
194994
195152
195152
195152
181699
194994
194994
194994
195152
195152
195131
195131
168273
195152
195152
195152
195131
195131
187221
193730
194994
194915
195131
194803
195152
195152
195152
194915
194994
195131
194994
194915
195152
194205
195131
194994
193167
195152
195152
194994
193443
195152
195131
195152
195131
195152
195131
194994
194994
194915
195103
195152
195152
194915
195131
193598
195131
194994
195152
195131
194593
194915
195152
195152
194915
195152
194803
194915
195103
195152
192504
195131
195131
194915
195131
195131
192959
195152
195131
195152
195152
195152
194895
179098
195152
195152
193698
195152
194994
195152
194994
195131
191350
193730
194209
194994
195152
195152
192196
195131
194895
195152
194994
194994
194994
194895
195152
195152
194915
195152
188103
195152
195152
195152
195131
195103
195152
195152
195152
173601
195152
194915
195131
192641
195152
194994
195152
195131
195131
194915
194915
194994
195131
195152
194994
195152
195152
195152
194994
195152
194915
195152
194994
192720
194516
195131
188153
195152
194994
195152
195152
195152
195152
195131
195131
195131
194994
194994
194994
195152
195131
194209
194803
194994
195152
195009
195152
195152
195152
195131
195131
194895
194915
195152
194994
195103
195152
195152
188754
194994
195152
195152
193903
195152
194915
195152
194994
195152
195103
193167
195152
195152
187054
195131
195131
195131
195103
195152
195131
195152
195152
193903
194803
194994
195131
195152
195131
194994
195131
195152
193903
195152
194915
195152
195152
195131
195152
193903
195152
195152
195152
195103
194915
194516
192641
195152
195131
194994
195103
195103
195152
177951
195152
195131
195103
195152
195152
195131
195152
193836
195152
195152
195131
195152
195152
194915
195009
194994
195131
195131
195152
195131
194994
195009
195131
195152
194994
195152
195103
195152
195131
195152
30
194593
195152
195152
194994
195152
195152
195009
195131
195152
194994
195152
194994
