30
52129
30
52129
70340
52129
30
30215
70340
70081
70340
70340
69128
30
70081
70081
70081
70340
70081
70081
70340
70081
70340
30
66783
70340
70081
70340
69128
70340
70340
70411
70081
69128
70411
70411
70411
67017
70340
70081
70516
70411
69128
70516
70516
69128
69128
70516
70516
61107
70411
70411
70038
70516
69128
70516
70418
70081
70043
70516
70516
70081
70418
70081
67017
70516
70418
70516
69128
70516
69128
70043
70516
70418
70081
70516
70516
30
70043
66783
70081
70516
70081
70516
70516
70418
69952
70043
70418
70516
70516
70418
70043
70081
65348
70516
70418
70516
70516
69214
70418
70433
70433
70516
70081
67984
70516
67533
70433
70516
70433
70516
66174
56216
70433
70516
70038
70433
69740
70433
70704
66783
70704
70043
70704
69214
70704
70704
70704
70704
30
70704
70516
70704
70704
70704
66042
70043
70043
70043
70704
70704
70043
70433
70704
70704
69329
67984
65348
70043
70704
70704
68234
68234
70704
70516
69952
67984
70704
70704
30
70433
66571
70043
70038
70704
70704
70038
70704
70433
69740
70516
70704
70418
70704
69481
70704
70516
70704
70704
70516
70043
70704
70516
70704
70704
69481
70491
70704
66783
70704
70981
70704
70704
70704
67984
70516
70981
68876
70704
63646
70981
70704
70981
70981
70704
69481
70704
70981
70704
70038
70981
70704
70704
63102
67984
70981
70981
70981
70981
70704
70516
70981
69642
70418
70981
70516
70043
70981
70981
70981
70704
70704
70981
70981
70981
69642
70704
70981
71239
71239
70516
71239
70516
71239
71239
71239
71239
69740
70516
41330
69642
71239
21
70979
71239
69642
71239
71239
70038
71239
35157
71239
71239
71239
66042
71239
68896
71239
71239
67603
70704
30
71239
70038
70979
71239
66526
71239
70979
71239
71239
71239
71239
69214
70981
70981
70979
69377
71239
70981
71239
71239
30
70089
71239
70704
71239
70981
70979
71239
70704
71239
71239
66432
71239
71239
70981
71239
69740
70089
70043
70038
71239
71239
71239
71239
71239
71239
70038
70981
71239
71239
71239
71239
71239
68409
71239
71239
71239
71239
71239
71239
71239
70704
71239
70981
71239
71239
70126
70979
70126
70981
71239
71239
71239
71239
71239
70979
71239
70126
71239
71239
70704
71239
71239
71239
68896
48947
70089
71239
71239
71239
71239
70981
70979
71239
61814
66632
71239
70038
71239
71239
70126
70491
71239
70979
70418
70979
71239
70981
71239
71239
70981
66884
70418
71239
70979
71239
71239
38755
70979
71239
71239
71239
69433
70981
66783
71239
70981
70038
71239
70704
71239
70981
70981
70774
64924
71239
71239
30
71239
70774
70981
71239
71239
70981
71239
70418
71239
71239
70979
71239
65790
61137
70979
71239
71239
71239
71239
70418
67278
71239
70287
70979
71239
71239
70979
71239
71239
70774
70081
69574
70981
71239
70516
71239
71239
70704
70981
70979
70981
70981
71239
70043
70774
71239
71239
70981
70979
69275
69275
70979
71239
70981
70418
71239
71239
70981
70981
70592
71239
71239
70981
71239
70979
71239
70592
29
71239
69128
70981
67984
71239
70850
71239
71239
70516
70979
71239
69275
70418
70979
71239
71239
63370
71239
67613
70981
70979
70979
69275
71239
71239
70418
70850
70850
70979
71239
70043
71239
71239
70979
71239
70592
71239
70979
71239
70850
70704
70418
71239
67613
71239
70981
70126
71239
71239
71239
71239
71239
71239
70592
71239
71239
71239
71239
71239
70979
71239
71239
69433
71239
71239
70418
71239
70981
71239
66331
70979
70979
71239
70981
70850
71239
70979
71239
70287
71239
70418
71239
71239
71239
70979
70981
70043
70592
71239
71239
70981
70592
71239
70981
69659
71239
69275
71239
71239
70126
70592
70981
71239
71239
71239
70979
70979
71239
71239
71239
71239
71239
70979
70979
70979
71239
70089
71239
70418
70704
70981
70637
71239
70979
70637
70979
70081
70981
70979
71239
71239
71239
70979
70081
71239
71239
70981
70592
70981
70979
71239
69574
70981
30
71239
71239
71239
70981
71239
71239
70979
71239
71239
70979
70981
70850
70979
70981
70981
71239
71239
71239
71239
71239
70979
70704
71239
71239
71239
70979
71239
71239
71239
70979
70850
70704
70637
71239
70850
71239
63303
71239
71239
70979
30
70981
71239
71239
70850
70637
71239
71239
71239
71239
71239
71239
69141
71239
71239
71239
70979
70981
71239
70774
70850
70981
71239
70979
69642
71239
71239
70979
71239
71239
71239
70979
70981
71239
71239
71239
70287
71239
71239
71239
71239
71239
70979
71239
70979
70979
71239
71239
71239
71239
70637
70983
68397
70704
69574
70637
70983
70981
71239
71239
71239
70850
71239
71239
70850
70983
71239
71239
70983
70850
70981
70981
71239
63275
70287
71239
70637
71239
71239
69315
71239
71239
70981
71239
71239
70287
70704
71239
71239
70418
70516
70637
69957
71239
70981
71239
70981
70981
71239
71239
70850
70983
71239
70418
71239
70981
70043
71239
70704
70983
71239
70983
70287
71239
71239
71239
70850
71239
71239
71239
70850
71239
71239
70983
71239
71239
71239
70850
71239
70850
70983
70983
69659
71239
69329
71239
71206
70287
71239
70418
70983
70126
70983
70983
71239
71239
71239
68272
71239
71239
70295
71239
71239
71206
71239
71239
71206
65370
70637
71206
71239
71239
71239
70704
70983
71239
69642
70983
71239
71239
70516
71206
71239
69783
71239
71239
71239
71239
71239
69433
71239
70850
70983
71239
70637
70983
71239
71206
70418
71239
70983
70983
70983
70983
70983
71206
70983
71239
71239
70850
70983
66632
70850
71239
70704
70983
71239
71239
70983
71239
71206
70983
71239
71239
71239
71206
71239
71239
71239
71239
71239
71239
71239
71239
70704
70287
71206
69836
71239
71239
71239
71206
70983
70983
71239
71239
71206
69574
71239
71206
71239
71239
71239
70295
71206
71239
70983
70983
70850
71239
71239
70801
71239
71206
71206
71239
71239
71239
70637
70704
71239
71239
70983
71239
71239
70637
71239
70637
71239
71239
71206
70516
70637
71239
71239
70295
71239
71239
70983
71206
71239
70983
70637
71206
71206
71239
63646
71239
70983
71239
55158
71239
71206
71239
71239
71206
71239
71239
71239
70774
70704
71239
69574
71239
70979
70038
71239
71239
71239
71239
71206
70983
71239
71206
71239
71239
71239
71239
71239
70983
71239
71239
71239
71239
70983
71239
70983
71239
71239
71239
70801
71239
71239
30
71206
71239
71239
71239
71206
71239
70983
71239
70433
71239
71206
71239
70983
71206
71239
71239
60936
71239
71239
71239
71239
71239
71239
70983
71239
68066
70449
70850
71239
70983
70801
71239
71206
70704
70637
70983
71239
71239
71239
69836
71239
71239
70801
71206
30
70801
71239
70983
71239
71239
70983
69836
71239
71239
71239
69783
70983
70287
70983
70981
71239
70850
70038
70983
70983
70983
71206
71239
70637
71239
70983
71206
71239
71206
70983
68409
71239
71239
69659
71239
71239
71239
71239
70983
70850
70983
71239
71239
71239
71206
71206
71239
70850
70722
70433
71239
71239
70438
71206
70983
70979
71239
70722
70850
70637
70983
70801
70043
71239
71239
71239
71239
70801
71239
71206
70983
71206
71239
71239
71239
70983
71239
71239
71239
71206
71239
71239
71239
70983
71239
71239
71239
70983
70981
71239
71239
69881
71239
71239
70979
70983
70983
71239
71239
71206
70983
71239
71206
71239
70983
71239
71239
70801
71239
71206
70722
71239
71239
70637
70411
71239
70704
70979
71206
71239
71239
71206
71239
71239
71239
71239
70850
71206
71239
71239
71239
69846
71239
71239
70926
69846
70801
70287
71239
71239
71239
70926
71206
70801
71239
71239
69377
70850
71239
71239
70983
71239
71239
71239
69693
71239
70983
69846
71239
70704
71239
71239
71239
71239
71239
70418
71239
70979
71239
70704
30
71206
70089
71239
71239
71239
28907
71239
71239
70850
70983
71206
70081
71206
71239
71206
71239
71239
71239
71239
71239
70983
71239
70983
71239
70983
71239
70704
71239
71239
70637
69518
70801
71239
70637
71239
71239
70983
70704
71239
71239
71239
70774
71206
71239
71239
71239
71239
71239
71239
70981
71239
70983
71239
71239
70983
71239
70983
71239
70850
69659
70592
71239
70126
71239
70983
71239
71239
71239
71239
70801
71206
70801
71239
66809
71239
70983
70850
71206
69846
70983
71239
70850
71239
71239
70983
70850
71239
70981
70418
70983
71206
71239
71239
69659
71239
71239
71239
71239
71239
70704
71239
70926
71239
70491
71239
71239
71239
70295
71239
70850
71206
71239
71239
71239
71239
70983
71239
71206
70983
70801
71239
59643
71239
71239
71239
70983
71239
71206
71239
70926
71239
71239
71239
71239
71239
71206
71239
71206
70983
55158
71206
71239
70295
70295
71239
70801
70983
71239
70449
70801
71239
70801
71239
71239
71239
71206
71206
71239
71239
71206
71239
70983
70801
70981
70983
70881
71239
71239
71239
70983
69783
70983
71239
71206
71239
71239
71206
71239
71239
70295
70983
71239
71239
71206
70983
71239
70983
70983
71239
71239
71239
71239
71239
71239
71239
70829
71239
71206
71206
70983
70637
70161
70926
70926
70043
71239
70983
71239
70881
70983
71239
71239
71239
70983
71239
71239
71239
70983
71239
71239
71239
71206
71239
71206
71239
71239
71239
70983
71239
71206
71239
71239
71239
70983
45692
70983
70637
70801
71206
71239
69957
71239
70983
71239
71239
71206
71239
71239
71239
70983
70983
71239
71239
71239
70981
71206
71206
70983
67533
70981
71239
70637
70983
70881
70592
71239
71239
71239
70983
71239
70449
71239
71206
71239
70983
71239
70983
70983
71239
71239
71239
70983
71206
71239
71239
70881
66561
71206
70926
70983
71239
70983
71239
71239
71239
69223
70981
71239
70983
71206
71239
70592
70983
71239
71239
70983
70983
70983
70983
71239
71239
71239
71239
70983
71239
71239
71206
70983
70983
69223
70926
71239
70983
71239
71239
71239
70983
71239
70801
71239
71239
70881
70829
71239
71239
71206
70881
71239
71239
71206
71239
70983
70704
71239
71239
71239
71239
70983
70295
71239
71206
70983
71239
70926
70983
70704
71206
71239
71239
70926
70983
71239
71239
70983
71239
70881
70704
71239
71239
71239
71206
71239
71239
71239
71239
69836
70637
71166
71239
71239
71239
71239
71239
71166
71239
71239
71166
71239
71166
70829
71239
71239
71166
71206
71166
71239
71239
70877
71239
71239
57914
71239
71166
71239
71239
71206
71239
71239
71239
70801
71166
71239
71166
71239
71166
71239
71239
71239
71239
71239
71206
70850
71166
70981
71206
71239
71239
71239
71239
71239
71239
70926
71239
71166
71239
71239
71239
71239
71239
69693
71239
71239
70451
70829
71239
71239
71206
70926
71239
71206
71239
70979
70881
71239
71206
70881
70637
71239
71239
70829
71239
71239
71206
71239
71239
71239
71206
71239
70637
71239
70433
71239
65880
71239
62283
71166
70592
70877
71206
71239
71045
71239
71239
71239
11
71239
71239
70801
71206
71166
71239
71239
71157
70881
71206
71239
71239
71239
71239
71239
71239
71239
71239
71166
69433
71206
71239
71157
71239
71166
71166
71166
71045
71239
71166
70637
71239
69358
71166
71166
70267
71239
70850
71239
71239
71166
71239
70801
70926
70267
70877
71239
71166
70451
71239
71166
71045
70704
70926
71239
71239
71239
70704
69377
71239
71166
71239
71239
66561
71239
71239
71166
71206
71166
71239
71239
71239
71239
71239
71239
71206
71166
71239
71166
71166
71157
62283
69946
70801
71239
71166
71239
71239
70267
71239
71157
71239
53568
71239
71239
71166
71166
71239
71239
71239
70981
71239
70801
71239
71239
70723
71239
71206
71166
70981
71166
71239
71239
71166
71166
71239
71239
71239
71206
71166
71206
71157
71045
71239
71239
70933
71239
70801
71166
71239
71239
68397
71045
71239
71166
70801
71045
71166
71206
70850
71206
70933
71206
71166
71166
70981
70411
71166
70850
70801
71206
71239
71239
71239
71239
71239
71239
71239
71239
71239
70926
71239
71239
71239
71239
71239
71239
71239
70267
71239
70881
71166
71239
70933
71239
70801
69007
71206
71166
71045
71239
71206
71239
71239
71166
71239
71239
71239
71206
70704
71239
71239
71239
71239
71166
70801
71239
71239
71166
71239
71239
71239
70926
71166
71206
71239
71239
71206
71239
71239
70981
69317
70801
71166
71239
71206
71166
71166
71206
71239
71239
71239
71239
70981
69377
71239
71239
71239
70926
66561
71045
71239
71166
71239
71239
70411
71239
71239
71239
70881
71206
70877
71239
71239
71239
71206
70267
71239
71239
71239
71045
70704
71206
69783
71239
71239
71239
71239
71166
71239
71239
71185
71045
71239
71239
71166
70877
69836
71239
71239
71239
71166
71166
71239
71045
71045
71239
71206
71239
71239
71045
71206
71166
71166
71166
71206
71166
69992
71166
71206
70801
71239
71206
71239
71157
71239
71166
71239
71239
71239
71239
47178
71239
70801
71239
71239
71045
70081
71206
71239
71239
71166
70933
71239
71239
71239
71166
71166
71157
71166
71239
70038
71239
71239
69836
71239
70267
71239
70704
70592
71239
70933
71239
71239
71239
71239
71239
71239
71206
71206
71239
71239
71239
71239
71239
71239
70801
71239
71239
71239
71239
71239
71045
71239
71239
71206
71239
71166
71206
71239
70933
70877
71239
71239
71239
71239
71239
71045
70801
70881
71206
71239
