30
30
153988
30
153988
30
144850
93408
153988
144850
153988
144850
30
144850
153988
139011
144850
153988
144850
153988
153988
144850
144850
144850
144850
153988
153988
153988
139260
30
153988
144850
153085
153988
144850
153085
144850
153988
153085
153988
95987
153988
153085
153085
153988
153085
153988
30
153988
144880
144850
153085
153988
153988
139344
153988
153988
153988
138300
153988
101393
153988
153988
153988
151549
153988
153085
153085
144850
153988
153085
153085
139591
146629
153988
153085
153085
146629
153988
146629
153988
144880
30
153988
124451
153988
153988
153988
145053
151549
153988
153988
153085
146629
144073
153988
153988
144880
153988
153988
153988
153085
153988
153988
153988
143396
147792
144850
153085
146629
109231
153988
148283
30
144073
30
153988
153085
96662
153085
153085
153085
153988
153085
146629
153988
153988
153085
153988
153988
153988
153085
153988
153085
153988
147792
139011
153988
150459
153434
153988
146629
153085
151549
151549
146629
153988
153988
153434
153988
153988
151549
153434
153085
153085
153434
147792
147792
143126
153988
153988
153988
153988
153988
153434
153085
145053
151549
153988
153988
153988
153988
153085
153988
153988
153988
153085
152525
153434
153988
153988
153988
153988
153988
153085
153085
153988
153434
153085
153085
153988
153085
153085
153854
153434
151549
147975
153988
147975
152525
153988
153988
153434
153988
147975
153988
151549
151549
152525
153085
153988
147792
153434
153085
153085
153988
152525
30
148631
153434
153988
153988
147975
152525
153085
30
153988
151549
147975
153988
153085
153434
137137
148442
147792
152846
153988
153085
153988
153988
153988
153434
147792
152525
152846
153988
153085
153988
153988
153988
153988
152846
153988
153988
153988
153988
152846
153988
147792
153816
153988
153816
153816
153816
153988
153816
147792
153085
153085
153988
153988
125236
153816
153657
153988
153816
30
153816
153988
153434
153657
153988
153988
153988
153085
147792
153854
30
148631
148631
153988
153085
153988
153988
153085
153085
153816
153988
153988
153434
153816
153988
153854
150459
153988
153657
153816
153988
153657
153988
153434
153657
153988
153085
153988
145938
153816
154423
154423
154423
153599
153816
154423
154423
153816
154423
153434
153816
153085
153816
154423
153816
153988
152846
30
126904
154423
153816
153988
153657
153816
154423
145965
154423
153988
145965
153657
153816
