30
77409
30
82466
30
30
100575
21678
114128
119801
119801
100575
119801
66292
66777
119801
114128
47649
30
119948
114128
114128
119801
114128
86111
120187
120187
120187
86111
77409
120187
120187
25945
114128
120187
89856
119948
119948
120187
30
120187
120187
119801
120187
114128
120187
110991
119948
97447
119801
121666
120187
119801
119801
121666
121666
121666
121666
121666
121666
124801
97447
121666
124366
97447
121666
114128
119801
121094
124366
124801
121666
127398
127398
127398
127398
30
127398
127398
100789
127398
127398
122056
124366
127398
127398
124366
127398
104625
120187
127398
125967
124801
127398
127398
127398
127398
127398
127398
120187
124366
127398
121094
122625
127398
124366
127398
127398
127398
127398
125798
127398
125798
114128
125798
125798
127398
127398
120187
30
125967
125798
122056
119801
127398
121666
127398
127398
121666
113758
119801
124801
127398
127398
125798
127398
124801
127398
121666
121094
120187
30
127398
125967
127398
127398
127398
100789
127398
125798
125798
121666
125798
122625
105518
120187
127398
121094
119072
119801
125798
126760
127398
127398
124366
127398
83636
127398
125343
125798
126760
113384
127398
30
125343
121094
126760
127398
125798
29
123976
126760
127398
127398
127398
127398
76439
107974
127398
125798
121094
127398
127398
126760
124366
127398
125798
125798
124366
127398
126760
127398
126760
