30
30
30
71613
115669
115669
115669
130105
30
30
130105
44600
130105
130105
130105
100875
130105
30
130105
52563
116896
130105
130447
30
130447
130447
113342
106574
130447
126274
130447
131605
131605
131605
112650
100545
131605
132425
130447
132425
130447
127521
130447
131605
132425
132425
130105
132425
130447
132425
101791
132425
132425
130105
132425
126274
127521
108960
132425
132425
132425
131605
132425
132425
132425
132425
130447
132425
132425
130447
131605
132425
132425
130447
131605
130447
132425
132425
127521
107132
132425
130447
130031
130447
130447
130031
127521
132425
131605
130447
132425
130447
132425
131605
130447
131605
130447
130447
131605
103164
130447
130105
131605
116896
130447
83468
130447
30
131605
30
132425
132425
106574
131605
131962
131962
130447
118122
131962
129951
132425
132425
132425
131962
131605
131962
132425
131962
132688
132688
131962
132688
130031
119148
132688
131962
132688
131605
131962
132688
126326
131962
132195
132688
131962
130105
132688
132688
132688
132688
131962
131962
132195
131962
131962
131605
132688
130031
132425
132688
132688
132688
130105
132688
128936
130031
132688
132688
132688
132688
132688
125618
130031
132688
132398
131962
132398
132688
132688
131605
132688
132688
132688
132688
132688
132688
132688
130697
131132
131962
132688
131429
130697
132398
119242
132688
132425
132398
132398
132688
132398
132688
132688
132398
132688
120409
30
132688
130697
132398
132688
132195
132425
132398
132398
132688
130697
129244
132398
132398
132688
118494
132688
132425
112142
121324
132688
132688
131962
132398
30
132688
119148
132398
131429
133299
132398
133299
133299
119148
133299
130697
133299
131962
132398
132425
132425
133299
133299
132398
133299
132398
129244
133299
132398
131605
133299
133299
132398
132195
133299
123897
124096
124670
133299
132398
133299
133299
132425
132398
133299
132398
133299
133299
133299
133299
133299
133299
133299
132398
131048
132398
131048
131962
133299
133299
133299
131962
132398
131962
133299
133299
131605
133299
119148
30
133299
132398
123897
132398
132398
107931
133299
133299
133299
133299
133299
133299
132195
133299
133299
131962
131429
132425
133299
133299
133299
133299
129951
133299
132398
133299
133299
132022
133299
132022
132425
130031
30
133299
133299
131605
132398
132398
131429
133299
132398
133299
132398
133299
133299
131429
133299
132398
130767
133299
132398
133299
122180
132195
132022
133299
132398
129796
132022
133299
132398
133299
133299
130697
121123
132398
133299
133299
133299
133299
132398
132398
132425
132398
132195
133299
126932
132425
133299
133299
132398
133299
133299
133299
133299
130697
122931
133299
108960
133299
132398
132022
133299
132398
133299
130697
133299
131962
133299
133299
131962
131048
132022
127039
133299
132195
132398
131605
128120
133299
131048
132398
133299
119253
133299
133299
133299
131048
133299
133299
131048
130697
133299
133299
131605
132398
133299
133299
132398
131962
133299
133179
133299
85999
133299
133299
133299
131325
131962
132398
127781
133299
133299
131605
132398
132398
129796
133299
132398
131605
132398
133299
132398
133299
133299
133299
119242
131605
133299
131962
133299
133299
132398
132398
132398
127781
132398
132398
133299
133299
132022
131605
133299
133299
129951
132352
133299
133299
131740
133179
133299
133299
132022
133179
131048
130697
132947
132947
133179
132947
132022
133299
133299
132425
133299
132398
133179
131048
133179
133299
131962
133299
133299
133299
133299
132947
133299
130031
132947
132688
132947
132947
132688
132947
133299
132022
50196
133299
132947
133299
132947
132947
132947
133179
133179
133299
133299
132947
133299
133299
132947
132947
132947
133299
132398
130697
132022
132398
132947
131962
132947
133299
133299
132947
133299
133299
132947
132947
133299
133299
133299
132022
133299
132425
131605
132947
133299
132398
133299
133299
130697
133299
133299
133299
130697
30
132947
133299
132947
130031
133299
131962
132947
132947
132947
133179
131962
132688
133299
133299
133179
131962
133179
133299
133299
133299
133299
133299
132947
132947
133179
132398
133299
133299
131962
132947
127039
132688
133299
133299
132947
133179
132947
131962
133299
133299
133299
132947
132947
133299
133299
133179
133179
132947
132947
132947
132195
133299
133299
133299
133299
132398
129244
133299
133179
132947
132947
131429
30
133299
132947
131605
132352
133299
132947
133299
131840
132947
132947
133179
133299
132398
133299
131962
131962
133299
133299
133299
132947
132947
133299
130697
132947
133299
131840
131391
131840
133299
132398
133299
132947
132947
131605
132947
133299
133299
132947
132947
130697
132022
132425
132947
133299
132947
133299
133299
132947
133179
133299
130198
132425
131740
133299
133299
133299
132947
132947
133179
133299
132022
132947
133299
133179
130767
133299
133299
133299
132947
132398
133299
127781
132398
133299
133299
133299
133299
131429
132947
132947
132947
132947
132947
131962
132947
133299
133299
132947
130198
127839
132022
132947
133299
133299
133299
132352
133299
132947
131142
131140
133299
132947
133299
133299
133299
124296
131740
133299
132947
133299
133179
131587
132947
133299
130767
132947
133299
133299
132947
133299
132947
133299
131962
130311
131605
131142
133299
133299
132425
132398
128257
133299
133299
133299
132022
133299
122931
133299
132398
132398
132947
133299
133299
131142
131962
133299
133299
133299
133299
132947
133299
132947
132947
133299
133299
132195
133299
132947
131740
133213
133299
133299
132022
128483
133299
132947
133213
133299
133299
133179
131740
132816
132947
132398
133299
132425
132022
133213
133213
122931
133299
133299
132947
133299
133299
133299
133299
133299
133299
133299
133299
133213
131605
133299
133299
132947
132947
132947
132022
133179
133299
133299
133299
133179
133213
132947
133213
131391
133213
133213
131962
133299
133213
131142
133213
133179
133299
132947
133299
133299
133299
132947
133299
132425
133299
133299
133299
133299
133299
129935
133299
133299
133299
133299
133299
133213
132947
133299
131208
133213
133299
133299
132947
132947
133299
133299
127781
132398
133299
133299
132947
133299
131429
131605
133299
133299
132947
132398
132947
132947
133299
133213
131605
133299
133299
132947
133299
132398
133213
133299
133299
133299
133299
124914
132425
133299
132352
132947
132022
133299
132947
133299
133299
133299
133299
133299
132947
133213
133299
133213
133213
133179
132022
126870
133299
133299
133299
131140
132947
129951
133299
132947
133213
132947
133299
133299
131962
133299
132947
133213
132425
133299
133213
133299
130767
132195
133213
133299
133299
132947
133299
132947
133213
132398
30
133213
133179
132022
131962
132947
133213
131391
133299
132398
132947
133213
132947
133213
133213
130697
133299
133299
133299
132443
132443
126274
133213
133299
133299
131391
133299
132195
132947
133299
133299
133299
133299
133299
133179
133299
133213
133299
131391
127926
131325
133299
124667
133213
132947
129307
132061
130697
131142
133213
131429
133299
133299
133179
132195
133213
133299
132947
133299
133213
130301
132443
133213
133299
133213
133179
132443
133299
133299
132947
133299
133299
133299
132195
133299
133299
133299
133213
133213
131142
133299
133299
132443
133213
133213
133299
133213
132947
132947
133299
132443
132947
133179
133213
132947
133299
133299
133213
132061
133299
132947
133213
119881
133299
133213
133299
133299
132443
133299
132947
133299
133299
133299
132947
133299
133299
124717
133299
133299
133299
132947
132947
132947
133299
133213
131391
132698
133299
132443
132698
129796
133299
133299
133299
133299
122931
132947
132698
132743
133299
133299
132698
132947
133213
133299
130483
133299
132947
133299
133299
133299
133213
129307
133299
132443
133299
133299
132947
130780
132947
129527
132947
133213
133299
132743
133299
133299
133187
133299
133299
132947
133299
133299
133299
133299
133213
133213
132443
133299
133299
133299
133213
133213
133299
132443
133213
133213
133299
133213
133299
127781
133299
132443
133213
131429
133299
132443
133299
133299
133213
133213
132443
133299
132947
131605
133299
133299
133187
133213
131391
133299
133299
132698
132947
132947
133299
132947
133299
133299
131740
133299
133299
133213
133299
132947
133213
133299
133299
133299
133213
133299
133213
132947
132698
132947
133213
133213
132947
133213
133299
132947
133299
133213
133299
133299
130697
126870
130780
132443
133299
133299
133299
133299
132698
131142
132865
133299
133299
133299
132947
133299
132947
133299
133299
133213
133299
131962
133299
133299
132865
133299
133299
129221
133299
133299
133213
133299
132947
132947
133299
132816
113628
133299
132743
133299
133299
133299
133299
133213
132947
133299
131429
133299
132947
132398
133213
132947
133299
133299
133299
133299
131391
133299
132947
132947
133299
133299
132947
133213
133213
132947
133299
133299
133213
133299
131391
133299
133299
133299
133299
133299
131605
133299
133299
133299
133299
132947
133213
133299
133299
133187
129951
133213
128120
133187
132698
133213
132057
133299
133299
133213
133299
132443
133213
133213
133299
133213
133299
133213
133299
133299
132865
133299
133299
133299
133213
132947
133299
133213
132743
133213
132743
132947
133213
133213
131605
133299
132398
125545
133213
132947
133299
132698
133213
132947
133299
133299
133179
131321
132057
133213
132947
133299
133213
133213
129663
133299
133299
132698
133299
132743
133299
133213
132947
133299
132947
133299
133299
132443
132947
132947
132865
132743
132443
133299
132947
133213
133299
133299
133299
133299
132259
133213
133299
132115
133299
133299
133213
132947
133299
133299
133187
133213
133299
133213
133187
133213
133213
133299
133299
133299
133213
133299
133299
133213
133299
133299
133213
132947
133213
132947
132947
132865
133187
133299
133187
131587
133299
133213
133299
132865
133299
133213
132832
133213
133299
133213
133299
132865
133299
133187
133299
133213
132735
132259
132947
133299
133299
133187
132698
126322
132259
133299
133299
132947
133299
133179
133299
132425
133187
133299
133299
132947
133299
132743
132698
132876
132816
132057
133299
133187
133299
133299
133213
133299
133299
133213
132865
133299
133299
133213
133299
133299
133299
132972
132947
132972
133213
133299
132876
133299
133213
133299
131391
132972
133299
