30
115505
135104
112049
115505
135104
135104
135104
115505
115505
135104
83314
135104
135104
133974
135104
83314
135104
83314
133974
133974
135104
135104
135104
126952
126952
135104
122283
135104
135104
135104
81492
83314
128155
135104
133974
128155
135104
135104
135104
133974
135104
30
135104
126952
135104
128155
135104
130930
135104
135104
109304
135104
130930
135104
135104
135104
100940
133974
133974
130584
135104
135104
133974
128155
135104
133974
129889
130697
130584
135104
135104
135104
135104
133974
135104
133974
135104
135104
135104
135104
130221
135104
130615
135104
130584
130221
135104
135104
135104
131807
133974
133974
131807
131807
130615
125107
135104
135104
135104
121382
131807
121382
121382
135104
135104
130584
133974
117437
131896
135104
131896
122283
135104
133974
133974
133974
131896
132071
131896
129853
30
133974
135104
135104
130221
126998
135104
130221
86773
130584
130221
135104
135104
86773
134252
135351
135351
135104
135104
122283
119624
135104
135351
135351
135104
135104
135104
134252
133974
133974
135351
135351
135351
135351
135351
135351
135351
135104
135351
135104
135104
135104
135351
135351
124957
133974
133974
135351
30
135104
130809
135104
135104
131354
135104
135104
135351
131896
134252
135351
105688
135104
133974
134252
135104
135351
135351
135351
135351
135351
135351
99245
135351
132893
135351
135351
30
135351
130221
135351
135104
135351
135104
130615
135351
135351
135351
124832
132893
133974
135104
30
135104
135104
135351
135104
135351
122283
30
135351
134905
130024
135351
131896
135351
130809
135104
133974
118766
133974
135351
131896
134258
135104
135351
135351
135351
134252
135104
135351
135351
135104
135351
135351
135351
135104
135351
128711
135351
135104
122283
135351
135496
134252
135496
135496
135496
134258
135496
135496
135496
135496
135496
135351
134252
134252
135496
135104
135104
130615
135496
135496
135496
135496
135104
135496
135496
135496
135496
30
135496
135496
135496
135351
135351
132071
135496
128711
135496
121669
135496
135496
130809
135496
135496
135104
135104
135104
135104
135496
135496
131423
135496
135352
135496
135496
134905
135496
135496
135496
135496
135496
135496
135352
135496
135104
131896
135496
135496
135496
135496
135496
135104
135496
135104
130492
135496
135496
30
135496
128535
131896
132029
135496
135496
135351
135496
135496
135104
134237
130492
135496
135496
135496
135496
135496
135104
135496
135352
135104
135496
132933
135496
135496
135496
135104
135352
87509
135496
135496
135496
135352
135496
135104
135104
135352
135104
135496
131423
131896
134905
134237
135104
135496
134237
134252
135104
135496
130492
135496
135104
135496
135496
135496
135352
135104
135496
135496
133765
133765
135496
135496
135104
135496
135496
135496
123639
135496
135352
135496
135496
135496
135496
135496
135352
133765
134905
133253
135496
135496
135104
135496
134252
135496
135496
134258
135496
135104
133253
135104
135496
134905
135496
135496
134905
135496
130697
135496
133765
135496
135496
135496
135496
135496
135496
135104
135104
135104
135496
135104
133253
135104
135496
135496
135351
127358
135496
135104
135496
135104
134173
135104
131896
135496
135496
135496
135496
134905
135352
134173
123703
135496
135104
135104
135496
135352
135496
134237
121544
135496
135496
135496
135496
30
135496
135496
135496
135496
133765
134173
135496
135496
135496
135104
135352
135352
135496
132029
135104
135104
134258
133706
135496
135352
135104
132933
132136
135496
135496
135352
135352
135496
134237
135104
130024
135496
126567
135496
135496
135496
135104
134905
134237
135352
134173
132087
135104
135496
135352
133765
135496
135496
135352
135352
135496
135104
135496
135496
135352
135352
135496
132029
135352
135352
135496
135352
135496
134237
135496
134258
135496
135104
134258
135352
135496
135496
135496
131423
135496
133765
135104
135352
135352
132071
133253
135351
135104
134252
135496
135496
135496
135352
132750
135496
135496
133765
132750
135104
135496
135496
118766
135496
132933
135352
135496
133974
135351
135496
135496
135496
135496
123703
134905
135104
135496
135104
134258
134258
135496
135496
135104
134252
135496
135104
135496
135496
133974
135496
135496
135104
135496
135496
135496
135104
135104
135496
134173
135496
135496
132096
135496
135352
135496
135496
133219
134409
135496
132795
135496
134173
134409
135496
134252
135496
135496
135496
135104
135496
135042
135496
135496
134905
135496
135104
135352
135042
135496
134409
135496
135104
135496
135496
133219
30
135496
135104
135496
135496
135496
135104
132893
135104
135104
134026
134409
135352
135042
135496
135496
135496
135265
134252
135352
135351
132994
135265
135496
135352
135496
135265
135496
135496
135496
135496
135496
134173
135265
135496
135496
130620
135351
134252
134409
135496
135496
129991
134905
135496
135104
123703
132750
135265
135330
124480
135330
135496
135496
135330
135496
135496
135496
135352
135496
135351
135272
134409
135496
135496
135496
135330
135496
135496
135496
135265
135496
132893
135330
135330
134173
135496
135352
135330
135104
135496
135496
135496
134409
135496
135104
133818
135272
135496
135496
135265
135496
135496
134905
135352
135496
134905
100614
135496
135496
134173
127408
135496
135104
135351
135496
134905
135496
132893
135496
135104
134905
134173
135352
134173
135496
135496
135330
135496
135104
135496
133608
134237
135265
