30
30
30
30
30
106124
112779
112779
112779
77737
112779
96948
30
106124
96948
112779
112410
112779
112410
112410
112779
96948
30
95270
112779
112410
112779
88297
30
112410
112779
112410
102059
112779
112410
96948
30
108224
112779
107973
112410
112410
106124
112779
112779
112410
112410
102059
112410
106124
106124
106124
112779
112779
112779
112779
112410
95270
112410
120055
112779
30
122525
112557
120055
122525
122525
122525
119286
122525
122525
106124
122525
119286
112779
122525
122525
122525
107973
106124
110746
122525
122525
122525
112410
122525
122525
119286
76536
122525
106124
122525
122525
119286
122525
122525
122525
119286
110746
119286
120055
122525
30
122525
122525
122525
122525
122525
122525
122155
122525
108224
122525
122525
120055
111489
108224
122525
30
108224
122525
120055
122525
122525
122525
122525
122525
120055
122525
122525
122525
113730
30
113730
122540
110746
120055
122525
119330
119330
122522
122525
122525
122525
121121
122525
122525
119215
122540
108799
122540
69357
122522
30
122525
122525
121121
121121
122540
122525
121121
121121
119330
119330
118281
122525
121093
122525
122522
121121
119330
120055
108799
122883
122525
122522
122155
122883
122525
119330
122525
122883
122883
122525
122525
122883
122883
121121
122883
123155
122883
122525
122883
122525
111489
122883
122883
122883
122525
120055
122525
122883
108224
122883
122525
113818
122540
119727
122883
122883
122883
122883
122525
122883
122883
121792
122525
120817
122883
106197
123013
123013
123013
123013
122995
119727
121792
123013
123013
122883
123013
122883
122995
122522
122995
123013
123013
123013
121121
122883
123013
122883
121792
123013
122883
123013
123013
122995
122883
122883
122995
123013
112779
122522
30
119727
119727
123013
123013
122155
123013
123155
123013
119727
122883
30
122883
123013
123013
122995
122522
121792
123013
122883
123037
122995
123037
123037
123037
123037
122883
123037
123037
123037
123037
123037
29
122883
123037
123013
119727
122883
123037
123037
123037
123037
123013
123037
122883
123037
122235
122883
119727
122883
123013
123037
123037
123037
123037
121093
122995
123037
123037
123037
123037
123037
122995
122235
123013
122995
123037
122235
123037
123127
123037
123127
122883
123127
123127
123127
123127
94649
123127
123037
122883
123013
123037
123037
123127
123037
123037
121792
123013
123127
123013
123037
94617
123127
123127
123037
116644
122235
30
30
123037
117811
122883
121792
123037
123013
123037
123037
119727
118102
123127
123037
123037
123127
123037
123037
123013
123037
123037
123037
113818
123013
123013
122995
123127
123013
123037
123037
123037
122883
123013
122540
122883
123013
122995
123127
123127
123037
123037
123037
123037
123037
123037
123127
120817
119286
123037
123127
123127
123127
123127
123013
123013
123127
123013
123037
123037
123037
123037
123037
123155
120021
120817
123037
123127
123013
123013
123037
122883
123037
123127
96955
123037
123127
123127
112454
30
108799
123037
123037
122883
122883
123127
123013
122155
123127
123127
123037
123127
123037
121121
122883
123013
123037
122235
123127
123037
122995
123037
122235
123037
122883
122522
123127
123037
123037
122235
123037
123127
123013
123127
123037
123037
123127
123013
123037
123127
123127
122728
123037
123037
123013
122996
122728
123037
123013
123127
122996
123037
122235
112098
119636
123127
123037
122540
123013
123037
123127
122995
122235
123037
123127
123127
123127
123037
122883
123013
123127
123013
122996
123013
123127
123127
123037
123013
123127
122996
123127
123127
123037
122996
123127
123127
123127
123037
123127
123127
123127
123127
122996
119673
123127
123127
123037
123013
123037
122996
123037
123037
123127
123037
123037
123155
123013
123037
123037
122540
100404
123037
123013
123127
123127
123037
123127
115183
123037
123127
123084
123084
123127
123127
30
123127
123127
123127
123127
123037
123037
123037
123127
123084
122815
123084
123037
123127
121093
123127
123127
119562
122995
123037
123084
123037
123013
122995
123127
123127
123037
123127
119727
30
123127
123013
123084
123127
122525
123084
113818
123127
123084
123127
123127
121121
123127
123127
123037
123127
123037
123127
123127
123127
123127
123127
111383
123127
123037
123127
123127
123127
123037
123084
123084
122728
123013
73701
123084
123084
123037
123037
122728
123084
123155
123127
121121
123013
123084
123127
123084
123037
123084
123013
123037
123037
123127
123013
123127
123037
123127
122996
122815
117654
122995
123037
123084
123037
123013
123127
123084
123127
123155
104370
123037
123127
123127
123127
122724
123084
122995
122235
123037
122728
30
123084
122995
123127
123127
123013
123013
123127
120909
122728
123127
123037
123013
123127
123084
122235
123037
123127
122235
123084
123037
123127
123037
123037
123127
123037
122728
117041
123084
122995
123127
123127
123037
123037
123084
123127
122728
123127
123084
123127
123127
123127
123037
123127
123127
123013
122728
123127
123037
117041
123037
123037
115481
123037
123084
123084
123013
123037
119362
123127
123084
122728
123127
122540
123037
123127
122995
123084
122995
123084
123127
123127
123037
123127
123013
123127
123127
123013
122995
123127
116644
122235
123037
119362
123084
122728
123127
123037
123037
122235
123037
123013
123127
123127
123013
123127
123127
123127
123037
123013
123013
123013
123127
115481
120909
123037
123127
123013
123127
123037
122995
123127
123127
123127
122724
123084
123127
123037
123084
123037
123037
123037
123084
122540
122995
123084
123084
123037
123127
123037
123127
123013
123084
123127
123037
123127
123084
123084
123037
123127
123013
123127
123084
122525
123037
123127
123127
123084
123084
123084
120909
123084
123127
123127
123037
123084
123084
123037
123127
123013
123127
123013
122728
30
123037
123127
123127
123084
123037
123127
123127
123127
123127
122728
123127
123084
123127
123037
123013
123084
123037
123084
121130
122724
123037
123037
123037
123127
123127
122728
121792
83286
123084
123013
30
123037
123127
123127
123037
123037
123127
122995
123013
122866
123084
121121
122728
123013
122724
123127
123084
123084
123127
122995
123037
123127
123037
123037
121093
123084
123013
123127
123037
123127
123084
123127
123127
123037
121883
123037
122995
123037
123127
123127
123127
123127
123127
123084
123127
123037
122724
123127
123013
123127
123084
121987
123084
122995
123037
121987
123037
123084
123127
123084
123084
123127
123127
123084
123084
112850
123084
123084
123127
123127
123037
123084
123037
121121
123127
123084
123084
122972
123127
123127
123084
123127
122724
123084
122235
123084
123013
123127
123127
122995
123127
123127
123084
123084
122883
123037
123127
123037
123037
123013
123127
123037
123037
123127
123084
122972
123127
123127
123127
123127
123127
115481
122996
123127
123127
122322
119286
123127
123127
123155
121987
123037
123127
123127
123037
122972
123084
123013
123084
123037
123127
123127
123127
123013
123037
122972
123084
123084
123037
123084
123037
123037
123084
123084
123127
123037
123037
118990
123037
123084
110746
123127
123037
122995
123127
123084
123037
123037
123127
123084
122235
122322
123037
123084
123084
123127
123127
120726
123127
123037
123084
123084
123127
123127
122322
123037
123084
123127
123013
122322
122883
123127
123037
123084
123084
123127
122972
123084
122995
123127
123127
123037
123037
123084
123013
123037
123084
122724
119727
122235
123084
119020
122322
123084
123084
121792
123127
123127
122883
123037
123127
123127
123084
123127
122972
122522
123084
123037
123037
123127
95603
123084
122995
123127
123084
122728
123127
123084
122995
123037
123037
123037
123037
123037
123037
123127
123127
123037
123013
123037
123127
123127
123084
123013
123037
123127
123084
123037
120817
122866
123037
112850
122882
123084
123127
123084
123084
123084
123127
123084
123127
123084
123127
123084
123037
119636
123084
123084
119727
123084
119873
123037
119127
123127
123127
123037
119636
123037
123013
123013
123155
123084
123127
123127
122728
123127
123127
123127
123127
123127
123084
123127
123037
123127
121820
123127
123084
123037
123037
122866
123037
123084
123127
123037
118102
123084
123127
123037
123127
123127
123127
122972
123037
123013
123037
122583
123127
123037
123155
123084
123084
123037
122322
123127
123013
123037
123013
123037
123037
123013
123084
122866
123037
123127
123037
123013
123037
123127
123127
121093
122866
122972
122995
122882
123084
123127
122583
123127
122724
123037
123084
123127
123084
123037
122540
123013
122972
123155
122724
123084
121820
123127
123127
123127
122995
123037
123084
123084
123037
123127
122995
123084
116314
123037
123084
123084
123127
123084
123127
123084
123037
123084
123013
123127
123037
123127
123037
122995
123084
122235
122577
123127
123127
121820
123084
123084
123127
123013
123037
122322
123155
123037
123127
121093
122995
123084
123084
121093
123084
123127
123084
123037
123037
123127
122724
122583
123037
123037
122883
123127
123127
123084
122322
123013
123037
123084
123037
123037
123127
123037
122322
122549
123013
123037
123127
123037
123037
122322
123037
123127
123084
123037
122724
123127
123037
122995
123084
123127
123127
123127
123013
123127
123084
123127
122995
123127
123127
123127
123037
123037
123037
123013
123084
122995
123084
122724
123084
123084
123037
123127
123037
123127
123084
121121
123013
123127
123084
123127
122883
123013
123084
123127
123037
123127
123037
123155
123127
123037
123084
123013
123084
123084
123127
122791
123037
123127
123084
123127
123084
123084
123013
123127
123084
123084
123127
123127
123127
123084
123084
123037
123084
123127
119286
122972
123127
122972
123127
123127
123084
123127
123084
123013
123037
30
119286
123084
121093
123127
123127
122791
123127
123084
123037
123127
123013
123037
123084
122866
123127
123084
123037
123084
123127
123084
123127
121820
123155
123037
123084
122995
120824
123084
123127
123084
122972
123127
123127
123127
123084
123127
123084
123037
123084
123127
123127
123037
123013
123084
116526
123127
123037
123037
123127
123037
123127
122540
123037
123127
123127
123084
123084
123084
121883
123084
123127
123084
123037
122995
123084
123084
123127
123037
123127
123013
122724
123037
123084
123084
123084
121820
123037
123127
122996
123084
123127
120817
122791
123037
123127
123037
123127
123084
123037
123037
123084
122791
122972
123127
123127
123037
123037
123155
123127
123037
118719
122996
123037
123127
