79043
82905
30
30
82905
30
76912
79043
82905
79043
79043
30
76912
30
82905
82905
30
80380
56082
79043
82905
80380
30
80380
30
76063
68943
76063
82905
76912
82905
85401
76063
76718
76718
82189
85401
82189
82905
85401
79828
85401
82905
82905
84850
85401
85401
85401
76912
72562
85401
85401
85401
85029
35334
85401
85401
82905
85401
82905
85401
85401
85401
81807
81807
85976
85976
85976
85401
85976
85401
79043
81807
81807
85976
85976
85401
76718
85401
85401
84972
85976
85976
85401
81807
81807
85401
85976
82905
85029
85401
85976
85976
85401
80561
81807
80561
85976
85976
80561
84850
85401
85029
85976
85401
84972
85976
85976
84197
85976
85976
85976
85976
85976
85976
82189
85401
85976
84397
85401
30
85401
85401
85976
85401
85976
81807
84397
82189
85401
85976
84397
85401
84850
85401
85401
85976
84397
30
85401
85401
84397
84197
85976
85401
85401
84972
85401
85976
85976
85976
84397
85976
80561
76718
84197
85976
82189
85976
80327
85401
85401
85976
85029
85976
85976
85401
85976
84197
66622
85976
85401
85976
85029
85401
85401
85976
66622
84197
76718
85976
84197
85976
85401
80867
80380
85401
84197
85976
72254
85976
85029
85976
85401
84850
85976
85401
85976
85976
85401
85976
76926
85976
85401
84397
85976
85976
84397
84397
85976
85976
85932
85976
84197
84197
85976
85401
85401
85932
76488
85976
85401
84397
83699
85976
85976
84197
85976
85976
85976
85932
85976
85976
85499
85976
85932
85976
85499
85976
83699
85932
85499
85499
85976
85976
85976
85932
85976
85932
83349
81392
85499
84397
85499
85932
85499
85976
85976
85499
85499
85976
85029
85976
84569
84197
85976
85401
85401
83315
85976
85976
81807
85976
85401
85976
85932
85932
30
85932
85401
85401
85499
85976
85932
85976
85976
85976
84397
85976
85932
85976
85932
85401
85932
85976
85029
85976
84397
85401
85499
85499
85976
85499
85499
80380
85499
85932
76774
85976
85976
85976
85401
84197
85499
85499
85976
84569
85976
85976
85401
85499
79043
85976
85976
85976
85499
85976
85401
83315
85976
85932
85976
85932
83315
84397
85976
85976
84197
85932
85976
84569
85932
85976
85499
85976
84397
85499
84397
84972
83855
85932
62696
85932
85499
85932
75183
84649
85976
85401
85932
65586
85401
85932
85932
85499
85976
29
85401
85932
85976
85499
85932
85976
85401
85976
85976
85401
84569
85932
85579
85029
85579
85029
85932
85932
85976
85976
85932
85579
85976
85976
85976
85401
85976
83291
85401
30
85401
85932
85401
85976
85976
85499
85932
85401
85029
85976
85579
85976
85976
85976
84972
76063
83855
85976
85029
81807
85976
85579
85499
85401
85499
85976
85579
85499
66139
85932
85976
85932
85976
85932
85976
85499
85976
85932
85579
85976
85976
85411
83699
85976
85499
85579
85976
72970
85976
85411
85932
85976
85411
85976
85932
85976
57281
85932
85976
85411
85579
85499
85976
85976
85579
65586
85499
85932
85258
85579
85499
85976
85976
85401
85579
85976
85401
85976
85976
85976
85932
83567
85976
85976
85579
85932
85932
85579
85628
85579
85029
77540
85976
85401
85976
85579
85932
85976
85411
85401
85401
85976
83855
85932
85579
85976
67929
85976
85411
85932
85976
85499
85976
85411
83526
85976
85976
85499
85499
85579
85976
85976
85499
85932
85499
85976
85411
85579
85976
85579
85932
85976
85976
85976
85579
85976
85752
85579
81934
85976
85579
85976
85976
85976
85976
85976
85029
85976
85932
85932
85976
85976
85499
85752
85932
85976
85976
85401
85976
85411
85976
85579
85976
85579
85976
85932
85976
85976
85976
85579
85579
85579
84972
85579
85258
85579
85932
85976
85628
83592
85565
85401
85932
85499
85628
85976
85565
85976
85932
85401
85976
85976
85258
85976
85565
85976
85579
61470
85258
85976
85579
85976
85932
85565
85976
85976
85499
85579
85029
85565
85976
85932
85976
83855
85752
79270
85932
85565
85579
85976
85499
85976
85258
84325
85932
85579
85932
85976
85932
85932
83592
85932
85976
85932
85932
85932
85932
85029
83592
85976
85411
85976
85029
85976
85976
85976
85401
85932
85976
85579
85976
85976
85976
85752
85499
85976
85565
85976
85932
85976
85932
85976
85752
85976
85976
80843
85499
85976
85258
85932
83592
85752
85499
85932
84846
85976
85976
85976
85579
85976
85976
85932
85499
85976
85579
85932
85932
85499
85499
85976
83315
85976
85976
85579
85401
85565
85976
85976
85579
85932
85565
85029
85579
85976
85976
85579
85976
85565
85976
84972
85976
85976
85976
85752
85976
85976
85565
85401
85976
85565
85976
85401
85932
85976
85976
85976
85579
85976
85579
83882
84815
83592
85579
85976
85932
85579
85976
85932
85579
85976
85976
85932
85628
85029
83291
85579
79228
85932
85628
85565
83291
85976
85932
85579
85976
85565
85976
85932
85258
85976
85932
85976
85932
85565
85976
85976
85565
85401
85976
85579
85565
85976
85499
85976
85932
85029
84105
85702
85258
85922
85976
85752
85932
85976
85579
85976
85932
85976
85258
85976
80460
83349
85565
85976
85976
85976
85401
85976
85932
85766
85976
85932
85565
81493
85932
85922
84377
85766
85976
85423
85976
85976
85702
85702
85766
85579
85976
85976
85976
85766
85976
85565
85766
85976
85976
85976
85702
85976
85976
85766
85976
85976
85702
85976
85932
85932
85976
85565
85976
85401
85702
85976
85976
85976
85702
84062
85976
85976
85976
85976
85766
85565
85766
85423
85976
85922
85976
85766
85258
85976
85976
85976
85976
85565
85976
85976
85766
85932
85976
85932
85932
85932
85976
85766
85766
85766
85579
85976
85766
85976
85976
85579
85976
85565
85258
85922
85702
85976
85932
85702
85976
85766
75762
85658
85976
85579
85565
85976
85976
85702
85401
85932
84972
85579
85579
85565
85976
85976
85401
85766
85976
85423
85976
85579
85658
85495
85766
85976
85976
81810
85401
85976
85122
85976
85401
85932
85932
85932
85579
85976
85702
85976
85976
85932
85976
85579
85932
85565
85976
85922
85565
85976
85976
85499
85922
85565
85579
85702
85932
85565
85565
85976
85976
85932
85702
85976
85702
85976
85766
81243
85976
85702
85565
85401
85976
85976
85976
85976
85702
85932
85932
85932
85976
85976
75762
85932
85976
85976
85976
85976
85932
85932
85976
85976
85976
85565
85922
85658
85922
85766
85766
85976
85766
85565
85122
85976
85702
85932
85976
85766
85423
85976
85702
85932
85752
85702
85976
85976
85976
85976
85766
85702
85932
85766
86017
85976
85976
85258
85922
85922
85976
85976
85932
85976
85976
85565
86017
30
85932
85976
85565
85565
85258
85423
85976
86017
85932
85932
85976
85976
85932
85565
85702
85976
85976
85702
85579
85976
86017
86017
85976
85976
85932
85932
85423
86017
85922
85976
85976
85976
85976
85976
86017
85976
85401
85579
85766
86017
86017
85976
85565
85932
85976
85922
85976
85922
85976
85565
85976
85932
85401
85932
85932
85976
85976
85976
85658
85976
85976
85702
85976
86017
85423
85932
85702
86017
85423
85976
85423
85976
85565
85565
85976
85976
85922
85932
85976
85932
85702
85976
85922
85932
86017
85932
85932
85976
85932
76482
85976
85976
86017
86017
85922
85932
85565
85702
85423
85423
85423
85495
85976
85976
85976
85976
85932
75561
84972
85922
85579
85922
85579
85565
85565
85932
85976
85702
85565
85976
30
85579
85976
85932
86017
85932
85932
85976
85401
85932
85976
85976
85702
85658
85766
85976
86017
85579
86017
85976
85976
85976
85976
85976
85976
85976
85932
86017
79088
85029
85932
85932
86017
85766
84956
85976
84967
85976
85579
85976
85495
85702
85702
85423
85976
85976
84972
86017
85725
83321
85579
85579
85976
85976
85932
85922
71084
85702
85976
85976
85565
85976
85922
85579
85976
85976
85922
85976
85423
85702
85579
85976
79590
85579
86017
85932
85976
85976
85766
86017
86017
85423
85922
85976
85401
85976
85579
85932
85976
85932
85702
82254
85976
85976
85658
85922
85976
85702
85976
85976
85565
85565
85976
85976
85976
85922
86017
85976
85976
85932
85976
85932
86017
85922
85565
85976
85976
85702
85579
84258
85976
85976
86017
85579
85932
85565
85976
86017
85766
85976
85976
85932
85932
85976
85932
85976
85565
85565
85702
86017
86017
85976
85976
85932
85565
85932
85976
85976
85258
85579
85579
85976
85702
85932
85932
85565
85122
85976
85922
84569
85976
86017
86017
85932
85702
85579
84595
85725
85725
85976
85976
79270
85579
85976
86017
85579
85565
85976
85702
85976
85932
85579
85932
85579
85976
85565
83855
86017
85976
85976
85932
85976
85128
85766
86017
85702
85702
85976
85702
86017
85565
85579
85702
85922
85976
85976
85976
85932
85976
86017
85932
85932
85766
85976
85203
85976
85565
85976
85976
85579
85976
85976
83066
85976
85932
85702
85976
85976
84812
85702
85702
85976
85748
85932
85653
85976
85565
85932
85932
85976
85976
85653
85976
82254
85976
85976
85976
85976
85976
85922
85031
85702
85976
85748
85258
85976
85922
85932
85932
86017
85702
86017
85976
85932
85976
85426
85976
85976
85653
85579
85976
85653
85830
85658
85702
85361
85932
85976
85426
85976
85653
85976
86017
85976
85932
85702
85932
85976
86017
85702
86017
85976
85702
86017
85932
85976
85976
85932
85565
85579
85932
85932
85702
85122
85976
85976
84967
85830
85932
85976
85976
85653
85976
85976
86017
85932
85976
85565
85976
85653
85976
85976
86017
85976
85976
85932
82254
85830
85932
85932
85932
85976
85932
86017
85653
85702
85976
85702
86017
85568
86017
85565
85976
85932
85976
85932
85702
85932
85976
85830
85702
85830
85976
84275
85932
85830
85976
85830
85658
85702
85976
85725
85932
85976
85658
85922
85932
85932
84325
85458
85579
85932
85970
85122
85932
85976
85932
85970
85653
86017
85579
86017
85653
85976
85922
85932
85970
85976
85565
85653
85653
85976
85970
85702
85976
86017
85932
85976
85976
85702
85976
85039
85976
86017
85976
85579
85970
85970
85976
85970
85976
86017
85702
85976
30
85976
85932
85976
85970
85702
85932
85830
85932
85970
85970
85976
85401
85970
85976
86017
85976
85932
85568
85932
85976
85976
85932
85932
85702
85970
85976
85970
85976
85932
85932
85932
85976
86017
85653
86017
85932
85922
85976
85122
85922
85932
85976
85748
85970
85976
86017
85568
86017
85653
85830
86017
85932
86017
85976
85976
85932
85458
85932
85976
85976
85702
85976
84894
85653
85653
86017
84967
85976
85891
86017
85976
86017
85891
85976
69898
85891
85976
85976
85891
85976
86017
85579
85653
85976
85976
86017
85970
85932
85970
85677
86017
85970
85976
29
85922
85976
84595
85830
85932
85677
85677
85976
85976
85976
86017
86017
85976
85891
85976
85932
85653
85970
85891
85976
85976
86017
85970
86017
85976
85970
85677
86017
86017
84265
86017
85702
85891
85970
85932
84377
85702
85970
86017
85122
85658
85891
85677
86017
86017
85932
85976
85702
85932
85976
85039
85677
85568
85976
85932
85932
86017
83599
85976
85677
85677
86017
85932
85976
85976
85932
85932
85932
85932
85677
85976
85891
85976
85976
85932
85704
79910
85976
85891
85976
85976
85976
85976
85579
85891
85976
85976
85891
85932
85976
85677
85976
85702
85976
85891
85976
86017
85976
85970
85922
85568
85970
85702
85970
85932
85976
85891
85976
86017
85677
85976
85426
85805
85976
85932
85976
85976
85891
85970
85932
85891
86017
85970
85976
85976
85891
85970
86017
85976
85677
85970
85932
85970
85805
85891
85976
85932
85932
85805
86017
85458
85932
85932
85490
85976
85970
85568
85932
86017
85805
85970
85922
85976
85805
85970
85976
85970
85568
85976
85932
85932
84875
85976
85976
85970
85970
85976
85375
85891
86017
85976
86017
85805
85922
85970
85970
86017
85932
85976
85970
85932
85970
86017
86017
85976
85922
85932
85976
85805
85976
85568
85932
85976
85976
85932
85976
85976
85976
85579
85891
85932
85976
85805
85970
86017
85628
85932
85976
77666
85932
85976
85579
85426
85922
85976
85976
85805
85653
86017
85976
85970
85805
85805
85976
85677
85976
85891
85805
86017
85976
85970
85658
85495
85805
85568
85970
85932
85932
85970
85805
85677
85970
85932
85857
85976
84815
85568
85976
85658
86017
86017
85579
86017
85976
85976
85568
