30
95362
95362
138716
30
30
138716
138716
30
30
30
138716
30
30
138716
30
176197
30
30
156474
176197
177429
177429
177429
177429
180946
177429
95362
180946
30
177429
177429
30
177429
152259
177429
177429
180946
177429
180946
167251
180946
180946
177429
180946
180946
177429
180946
180946
177429
177429
163394
177429
95362
177429
177429
167251
177429
180946
180946
177429
180946
61831
180208
30
180946
180946
180946
177429
180946
178293
180208
180946
180208
177429
30
180946
180946
180946
178293
180946
180946
180946
178293
180946
30
180208
180208
167251
117837
180946
180208
180208
180946
180208
180208
178293
178657
180946
178293
175001
180208
180946
180946
180208
178293
180946
178293
180208
170381
175001
180946
180208
180946
180208
180946
160807
180946
180208
166288
178293
177858
152259
180946
180208
178293
175001
180208
169799
30
180208
180208
180208
178293
180946
175001
180946
175001
180946
178293
178293
180946
180946
178669
178669
180946
170381
180208
180208
180208
178657
169799
180946
178669
180946
180946
180208
178293
180208
180946
178311
180946
113471
180946
180946
180946
170381
169799
180946
180208
167251
180946
180208
180946
180946
178293
170381
180946
180208
178293
178293
180208
180550
180550
180550
180550
178293
180550
180550
180550
180550
180550
180946
178311
180946
180550
180702
180702
180946
180702
178293
180946
178293
180946
180208
180946
180946
180208
178657
180702
178311
180946
180946
180702
180208
180702
180946
180946
178293
180702
180702
180946
180702
30
180946
180946
180946
180702
180946
180946
178293
180702
180946
180702
180946
180702
170381
177837
170381
180946
180702
167120
180702
180208
180946
180550
178293
177837
180946
180702
180550
180702
180946
180702
180208
180946
180702
180946
180946
180702
180702
180946
180946
180946
178657
180946
180702
180702
180946
180946
30
178657
180702
180702
178669
180702
177837
180702
180946
180946
180702
180946
180946
178293
178610
180946
176479
180702
180550
180946
180702
180946
180946
83204
180702
180702
180946
180946
180946
180702
180946
156325
180702
180946
180946
178293
180946
180702
180946
180208
180702
180946
178311
180946
180702
180702
180550
175001
178311
180702
180702
180946
180702
180946
178657
176641
180702
180702
180208
110986
180946
179119
180946
175880
180702
166288
180946
178669
180946
178293
150984
180946
180946
180702
180946
177656
178293
178293
180702
180702
180946
180946
180946
171150
180921
180946
180946
180921
180921
30
181323
181323
180921
180921
181323
181323
176947
175001
180921
178293
181323
179289
180702
180921
180921
181323
181323
178669
180921
178311
181323
181323
176947
181323
181323
179289
180702
167251
169959
181323
180702
178293
181323
180702
181323
180921
181323
178311
181323
181323
181323
178657
181323
180921
181323
181323
180921
180921
180702
180702
181323
180921
181323
180921
181323
180921
180921
152657
181323
177837
181369
180921
180921
180921
180702
181323
180921
181369
180702
180921
180208
181323
180921
180702
181323
178773
181323
180921
181369
178610
181369
181323
178773
180702
180208
178773
180921
181369
132715
181369
181323
181369
178311
180702
180702
180702
178773
181369
180921
181323
180702
180702
181323
180921
179119
181369
181323
181369
181369
181369
181323
180921
180702
181323
180702
159408
180921
180702
162151
178773
180921
180921
180702
180921
180702
177858
180921
181369
180921
181323
181369
180702
180702
178773
181369
180921
175001
180921
180921
175125
179289
180702
180921
178293
181369
180285
180702
178311
180702
180702
180702
181369
180921
177100
178773
179289
181369
178773
180921
180702
180550
180208
181369
180550
178773
178773
181369
180921
181323
180285
181369
181323
178773
180921
181369
180702
180921
181369
180702
180702
180702
180921
178773
181369
181323
159883
181369
180702
181323
179289
181323
180702
181323
181369
180208
180550
180702
177429
180550
178293
181369
180921
176947
181323
181369
179289
181323
180208
181369
181369
180702
180702
180921
180921
180921
180921
180702
178773
166743
180702
181369
180921
181369
180702
181369
177100
180921
180921
181369
181323
181323
180921
180702
180702
181369
179326
175460
180921
178773
180921
180921
180285
181323
178292
181369
179326
181323
181369
180702
181369
30
180921
179289
180702
181323
178727
181323
179289
181323
178292
181369
154655
181369
180702
180921
181323
30
180921
181323
181323
181369
181369
180921
180921
181369
176448
180921
180921
181369
181323
181369
181323
180921
179289
181369
181323
180208
180208
181369
181369
180591
179326
181369
181315
181369
181369
180921
180921
181369
180921
181323
180702
181369
181323
181323
180921
178773
180921
181369
180921
180921
180921
181315
180702
180702
180550
180702
180702
180921
181369
180921
181369
181323
167196
180921
180921
181323
181369
178727
181369
180921
181323
181369
180702
181369
181323
181315
180921
180591
180921
179539
180921
181369
180921
181369
180702
181315
179326
181323
178293
178926
180702
181315
180921
181369
180702
181369
181369
181323
181369
180921
181323
180285
180921
181323
181323
180921
178773
181369
157975
180702
180702
181323
181323
180208
181369
179539
181315
180702
181323
181369
181369
180702
181369
179539
181369
181323
180550
180285
181323
181369
180921
180550
181323
180702
181323
181323
180702
181323
180702
180208
181369
180702
181315
181369
180921
181323
181323
179119
181323
177656
180921
181369
180921
181315
181369
180702
181369
181323
180702
181369
180702
180702
181369
180583
180921
180702
181323
180702
181315
181323
181323
181323
178773
177858
181369
181369
180921
181323
181315
181369
180550
180702
180921
180921
180702
180583
162160
180921
180921
180702
181369
181315
180702
180702
181441
181369
181441
180702
178773
181441
181361
181369
181441
181361
181441
181361
181361
181361
180583
181408
181369
180702
181361
181441
181361
181361
181441
180702
181361
181361
181361
181361
181361
181441
181361
173383
181441
181323
181369
181441
181361
176609
30
181441
180550
181441
181369
181408
181361
179539
181441
175613
181441
181441
181441
181369
181361
181361
181441
181369
181369
181361
181369
181441
179740
181369
181408
181315
181441
181441
181441
181441
181441
181441
181369
180583
181441
181361
181441
181323
181441
180702
181441
181361
180702
173991
180583
180702
181361
181441
180702
178773
181441
159408
181441
181361
181441
175460
181369
181441
181369
181441
181441
181441
181361
176790
179740
181441
181361
180702
176947
181441
181441
181441
181361
181361
181361
181361
181441
179982
181441
179982
181369
181361
181441
181361
181441
181369
181441
180702
180702
181441
181361
181361
181361
181441
179740
181369
181441
181369
181441
180946
181361
181369
181369
181361
181323
181361
181369
181369
180702
181441
181369
181441
167504
181441
181441
180208
180550
181361
179740
181441
181441
181441
178926
180702
181369
181361
181361
178727
181369
180702
181361
181361
181369
181361
181441
181361
181369
181441
173482
181441
181361
181369
178727
181369
181441
181361
176790
181441
181323
181441
180921
181441
181441
181361
181369
181441
180583
181441
181441
176947
181361
180921
177837
179982
176609
181441
180208
180208
180550
181441
181441
180702
180702
181369
181369
181369
181361
181408
181315
181441
181441
181361
181369
181441
181323
181369
181441
181361
180550
181441
181441
181369
181441
181441
176947
180702
181369
181369
181441
181369
181361
181369
181441
181369
181369
181441
181441
181441
181361
181369
180285
181361
181315
181441
181369
180702
181441
181441
181441
180583
181323
181361
152466
178292
181441
177956
181361
29
181361
181441
181441
181441
181441
179982
157197
181361
181441
181441
180702
180702
181361
174668
181441
163335
181361
181369
181369
181369
180702
181369
180921
181315
181441
181408
180702
181369
181361
181441
181361
181369
181441
180801
181361
181441
181369
181323
179988
181441
181441
181361
181369
181226
180665
180702
180801
181441
181369
181369
178292
181441
181441
181441
181361
181361
181361
181361
181323
181361
181441
181441
181441
181441
181369
181369
180702
181369
181441
180702
181369
181441
181369
180801
180702
181369
181369
181369
179982
181369
180702
181441
181361
181441
181369
181369
181361
181441
181226
181369
180550
180702
176609
180208
181369
181369
181408
180702
180137
180702
181361
180702
181441
181441
181369
181441
181441
181441
181369
181441
30
181441
181441
181361
181441
181361
181212
181441
181441
179982
181441
180702
181441
181369
181441
178256
181369
181441
181441
181441
181361
181212
181361
181441
181323
181441
181361
181441
180702
181369
181369
181441
180702
181361
181361
181369
181361
181441
181441
180137
181441
180591
181441
181361
181212
181408
181441
181441
181361
181369
180801
180583
181361
181369
181441
181323
178225
181323
181369
181441
181408
181212
181361
181369
181323
181441
181441
181441
181441
181369
181441
181361
180921
180550
181369
181441
181441
181369
181441
181408
181369
181441
181361
181369
181361
181212
181441
180583
181361
181361
181369
181361
181361
181361
181441
181212
181369
181441
181369
181369
180702
181361
181441
181441
181441
181315
181441
181408
181369
181369
181361
181369
181441
180702
181361
181441
181441
181369
181323
180702
181361
181441
181441
178926
181441
181212
181369
181361
181441
181441
181408
181369
181441
181361
181361
181361
179462
181361
181441
181441
181441
181361
180702
181315
181226
180550
181315
181369
181361
181361
181361
180702
181369
181369
181212
181441
181361
180702
181369
181441
181361
179982
181212
181361
180672
181408
179365
180924
181441
181369
181441
181315
181212
181369
181441
154442
181369
180783
180672
181212
181361
181369
181369
176646
180921
181441
181441
181441
181361
181369
181441
181441
181323
30
181361
181361
181441
181361
180745
181441
181369
181441
180921
181361
181361
181212
181369
181361
181441
181441
180921
181323
181361
181361
181361
181441
181361
181441
180137
181361
181441
180745
181361
181441
181369
181408
181441
181441
181441
181369
181361
181441
181441
181361
181441
168753
181361
181369
181441
181441
181226
181441
181441
181369
181361
181212
181369
181441
181226
181441
181315
181441
181369
181369
180745
180745
181441
181441
181369
181441
181441
180702
181323
181441
181361
181361
181441
180745
181441
181441
180745
29
181369
181212
181369
181361
181441
181369
181369
180550
181441
176235
181323
181441
181441
181441
181441
181369
181369
181408
181369
181361
176947
181441
181212
181315
181369
181441
181441
180884
181441
175478
181361
181323
181369
181369
181441
180884
181441
181441
181408
181441
181441
181441
181369
181441
181441
181369
181369
181361
180702
181361
181361
181441
181369
169275
180745
181369
181369
180137
180591
181441
181441
181441
181441
181369
179982
181441
181212
181441
181441
181441
181441
181441
181441
181323
181441
181369
181441
181441
181369
181441
181361
181441
181361
181441
181441
181441
178993
181361
181441
181441
181361
180550
181361
179365
181441
181441
181441
180745
181361
180921
181361
181212
181441
181441
181212
181441
180591
181369
181212
181441
181441
181369
180946
181441
181441
181212
181441
181361
181361
181441
181369
181361
181441
181361
181441
181361
170491
181369
181369
181441
181315
181441
180702
181408
181323
181441
181441
181369
181323
181361
181441
181361
181369
181361
180702
181361
180208
181369
181361
181441
180702
181441
181323
179462
181361
181361
181441
180884
181441
181361
181323
181441
180702
180702
181369
181441
180783
179293
181361
180137
181441
181361
181212
181361
122467
181369
181441
181361
181441
181441
181361
181369
181369
181212
181441
181212
181369
181441
181361
181369
181441
176875
178292
180884
180049
181323
181369
181212
178926
181369
181369
181441
181441
181361
181369
181441
181212
181369
181361
181369
181441
181361
181369
181441
181441
169275
181361
181369
181441
181361
181226
181369
181315
180702
181441
181369
181441
181441
180550
181441
181441
181369
181323
181369
181441
180884
180745
181441
181369
155770
181441
181361
181369
181441
181441
181441
179462
181369
181441
181441
181361
181441
181441
181369
181441
181441
181323
181361
181361
180884
181441
181408
181369
181369
180745
181369
181441
181441
180702
181361
180884
178311
181441
181361
181441
181441
181361
181441
181441
180745
180702
181408
181441
181361
181441
181361
181212
181441
181369
181441
181441
181441
181369
181441
181441
181441
178196
181212
180256
181323
181361
181369
181441
181369
181441
181441
181441
181226
181369
181441
181369
181361
181369
181315
181441
181323
181441
181441
181361
181369
181369
181441
181315
181361
181369
181441
181369
181212
181441
180803
181361
181441
181441
181361
181361
180745
181361
177656
181369
181441
181441
181441
181441
181441
180745
181441
180745
181361
181441
181441
181226
181441
180147
180884
181441
181369
178292
181441
181369
181369
30
181441
180745
181441
181441
181361
181361
181361
181441
181212
181369
180702
181441
181361
181369
181441
181441
181361
171255
181441
181369
181441
181369
181361
181361
181441
181361
181441
181441
181441
181441
181369
181441
181361
180884
181361
181441
181369
181441
175149
181441
181441
181369
181369
181441
181212
181361
181441
180745
181361
181441
181361
181361
181441
181441
181441
181361
181361
181441
181361
181361
181441
179162
181323
180921
180803
181369
181441
181361
181441
181226
180921
181369
181369
181369
181361
181441
181441
181441
181441
180745
181441
181441
181441
181369
181441
180702
181361
181369
181441
181441
181441
181441
181361
179293
181441
181441
180784
181369
181361
181441
181441
181361
181441
181369
181212
181361
181441
181361
181369
181323
181369
181441
181441
180745
181361
181441
180745
181369
181441
180702
181441
181441
181441
180745
181441
181361
180921
181441
181441
181369
181441
181212
181212
181408
181441
181361
181369
181361
181369
181369
181369
180618
181369
181441
181369
181361
181369
180884
181441
181441
181441
181441
180784
181369
181441
179982
181369
181441
181369
181369
181441
181441
180137
181369
181369
181441
181441
181369
181441
181441
180147
181441
181369
181441
181369
181212
181369
181441
181441
181408
181369
181226
178926
181361
181408
181361
181361
181361
181441
181361
181361
181361
180745
181369
180924
180784
181441
181369
181369
181441
181369
181361
181441
181369
181293
181441
178196
181212
181441
181369
181212
181361
181361
181361
181323
180745
181441
181361
181323
181369
181369
181441
181361
181441
181369
181441
181361
181441
181369
181361
181441
181441
181441
181369
181361
181361
181441
181361
181315
181361
181226
181441
181323
181441
181361
181441
181441
181441
181361
181369
181361
179162
180745
181441
181441
181369
181212
179982
181369
181441
181441
181361
181361
181212
181361
181361
181369
181441
181369
180702
181441
181441
181361
181361
181441
181369
181441
181408
181441
181441
181441
181441
181369
181441
181441
181361
181226
181441
181369
181441
181441
181293
181361
181293
181369
180702
181369
181369
181441
181369
180884
181441
181441
181441
181361
181212
181369
181369
176448
181369
181212
178292
181361
181369
180550
181441
181369
181315
181441
181441
181441
181369
181361
181369
181361
180884
180884
181441
180784
164431
181369
181293
181361
181369
181361
181441
181441
168229
181441
181315
181441
181369
181369
181212
181441
181441
181441
181361
181369
180702
180884
181441
181361
181361
180784
181441
181361
181361
181361
180064
181441
177751
181361
181212
181369
181361
181361
181441
181361
180884
181361
181441
181441
180884
180784
181369
181361
181369
181369
180803
178164
181361
181441
180745
181441
181441
181441
181441
178588
181441
181361
181369
179162
181441
181369
180702
181441
181212
181441
181441
180745
181441
181369
180702
181441
181361
181369
181441
181441
181408
180921
181441
181361
180784
181361
181212
180745
181369
181212
180745
181369
181323
181441
181361
181361
181408
180921
181441
181361
181301
181369
181361
181441
181441
181361
181441
181361
180784
181361
180884
181369
181361
181441
180583
181212
181323
180745
181369
181361
181441
181369
181369
181323
181441
181301
181361
181441
181212
181369
181361
181441
181361
181369
181212
180784
181441
181361
181361
181369
181441
181369
181441
181441
181408
181369
181361
181441
181441
181082
181441
181369
181212
181082
181361
181441
181441
180745
181441
181212
180745
181212
181361
181441
181361
181369
181369
181369
181361
181082
181441
181361
181441
181441
180801
181361
181369
180745
181441
181212
181441
181441
181369
180784
181369
180921
181361
180784
180702
181441
181441
181441
181441
181212
180064
181441
181361
181441
181441
181408
181226
181361
181361
181323
181441
181441
181441
181441
181361
181441
180946
181369
181082
181361
181361
181369
181408
181369
181361
180745
177656
181441
181441
181361
181369
181369
181315
181441
181408
