30
30
12969
12969
30
14071
14071
7006
11108
12367
14071
14071
30
14071
14071
11108
12279
14303
14303
12969
30
14303
10187
30
12969
12459
14303
14303
12367
14303
12969
12367
11637
14071
12367
12367
12459
10187
12367
13952
14303
14303
14303
14303
14303
14303
14071
14303
13952
14389
14389
13952
12539
14303
14303
13952
13337
12459
13775
13337
12279
13952
13952
14071
11987
14455
14455
14427
14427
14427
13952
13952
13952
14303
14455
30
14427
14455
14455
14427
14052
14427
30
13952
14427
13952
14427
14427
12459
13952
14427
13981
11835
14427
14427
13981
14071
12459
14455
14427
14427
14427
14427
14303
14303
14455
14455
14427
14427
14455
14346
11987
14455
13981
14427
14427
14427
14303
13952
14427
14427
12070
14427
14427
14427
14455
14427
14455
14427
12459
14427
13981
13981
14427
14427
14218
14427
14455
14218
14427
14427
14455
14427
14427
14427
14455
14427
14427
14455
13775
13775
13978
14218
14446
13941
12459
14455
14427
14455
14455
14416
14427
14455
14218
14446
13981
14427
14427
14427
14427
13516
14218
13661
14446
14427
14218
14446
14427
13981
14446
14427
14455
13432
14427
14455
13601
12110
14427
14218
14446
14218
30
13206
14427
14346
14218
14455
14446
13952
14427
14455
14446
14427
12159
14446
14303
14427
14446
14412
14427
14427
14446
14427
14449
12110
14412
14449
14416
14446
13601
14455
14416
14449
14449
14449
14449
14449
14449
14449
14455
14449
14427
13981
13952
14427
14455
13981
14427
14449
14449
14449
14449
14455
14449
14427
14455
14449
14449
11761
14427
13981
14449
13952
14427
12279
14449
14449
14446
14427
14449
14449
14303
14449
14449
14455
14427
14303
14427
14273
14449
14504
14504
14504
14427
14427
12824
14449
14303
14504
14504
14449
14504
14504
14449
14455
14427
14412
14446
14504
14416
14003
14346
14504
14504
14504
14504
14455
14504
14504
14416
14416
14455
12657
13978
14504
14504
14449
14273
14504
14427
14504
14504
14416
14504
14504
14303
14504
14504
14504
14504
14504
14504
14504
14446
14449
14446
14504
14504
14455
14504
14504
14455
14416
14455
13667
14504
14455
14416
14504
14449
14504
14446
14504
14504
14234
14504
14455
12159
14455
13978
14449
14449
14427
14449
14449
14427
14504
14449
14210
14504
14427
14504
6230
14504
13973
14515
14504
14515
14449
14515
14504
14455
14515
14303
14515
14362
14515
13952
14416
14449
14515
11835
14515
14455
14427
14515
14416
14515
14515
14515
14210
14346
14003
14515
14515
28
13952
14515
14455
12923
14515
14455
14446
14515
14515
14515
14515
14515
14515
14515
14515
14515
14515
14504
14427
14515
14515
14455
14515
14515
14515
14515
14427
14515
14273
14515
14446
13675
14504
14515
14515
14515
14515
14515
14515
14515
14504
14472
14515
14472
14472
14362
14515
14515
14472
14515
14515
14472
14515
14472
14515
14515
14504
14416
14515
13506
14515
14416
14472
14416
14515
14515
14515
14446
14515
14455
14504
14515
14515
14515
14515
14393
14472
14472
14515
7430
14472
13242
14515
14472
30
14515
14472
14393
14515
14515
14515
14515
14472
14455
14515
14427
14449
14515
14515
14515
14515
14515
14515
14515
14472
14515
14515
14472
14515
14472
14515
14515
14472
14515
14449
13485
14515
14427
14446
14515
14273
14515
14515
14362
14455
14393
14515
14416
14416
14515
14504
14515
14393
14260
14455
14515
14515
14515
14427
14472
14515
14515
14515
14515
14472
14515
14446
13909
14515
13176
14472
14427
10385
14449
14515
14515
14260
14472
14472
14515
14504
14303
14472
14427
14425
14472
14515
14455
14515
14515
14515
14472
14515
14515
14303
14480
14449
14515
14319
14504
14472
14515
13176
14515
14504
14472
14319
14393
14249
14393
14504
14515
14515
14515
14515
14515
14515
14393
14515
14295
14515
11099
14480
14472
14446
14427
14515
14515
14515
14362
14472
13860
14446
14515
14449
14515
14446
14472
14472
14515
14319
14472
14515
14515
14515
14515
9828
14272
14480
14504
14455
14515
14515
14515
14472
14472
14515
14048
14427
14515
14082
14515
14472
14492
14205
14515
14492
14472
14515
14492
14472
14515
14515
14249
14472
14515
14480
14515
14515
14515
14515
14427
14393
14492
14480
14260
14480
14515
14492
14504
14515
8169
14515
14515
14515
14393
14480
14515
14515
14449
14515
14492
14205
14480
14515
14492
14449
14492
14492
14515
14472
14515
14515
14492
14472
14515
14515
14480
14515
14416
14492
14205
14480
14504
14480
14472
14393
14515
14515
14515
14515
14504
12698
14515
14492
13427
14480
14504
14515
14515
14515
14515
14303
14515
14480
14515
14455
14515
14472
14515
30
13048
14515
14515
26
14515
14515
14272
14515
14472
14515
14515
14282
14480
14515
14362
14492
14515
14515
14472
14515
14427
14515
14480
14515
14515
14515
14515
14472
14515
14416
14472
14515
14480
14205
14515
14480
14480
14480
14515
14515
14189
14515
14341
14515
14515
14515
14492
14515
14515
14504
14480
14303
14515
14472
14515
14393
14480
14515
14472
14272
14480
14472
14480
14492
14416
14425
14515
14427
14515
14515
14515
14515
14472
14515
14446
14515
14515
14416
14504
14303
14234
14515
14504
14472
14504
14472
14515
14393
14205
14515
14504
14480
14515
14515
14515
14515
14515
14480
14515
14515
14515
14480
14515
14492
14515
14515
14515
14515
14515
14480
13423
14416
14504
14472
14472
14234
14492
14515
14515
14341
14515
14480
14480
14515
14272
14515
14504
14320
14449
14480
14515
14515
14515
14478
14515
14504
14515
14515
14349
14515
14515
14471
14478
14416
14515
14478
14515
14515
14515
14515
14135
14478
14504
14515
14515
14504
13860
14515
14478
14515
8445
14515
14515
14478
14504
14515
14480
14478
14455
14071
14492
14480
14303
14515
14480
14455
14515
14504
14515
14515
14504
14478
14515
14515
14515
14515
14515
14449
14033
14492
14478
14260
14515
14425
14492
14416
14515
14412
14471
14515
14480
14472
14480
14480
14492
14515
14515
14492
14515
14515
14427
14515
14492
14515
14515
14492
14492
14515
14515
14492
14515
14515
14480
14504
14480
14515
14515
14515
14515
14515
14480
14478
14492
14480
14492
14515
14480
14515
14515
14515
14515
14478
14515
14492
14515
14515
14515
14515
14515
14260
14515
14478
14515
14515
14189
14427
14515
14260
14515
14515
14515
14478
14478
14494
14515
14515
14515
14515
14515
14478
14515
13852
14480
14471
14478
14515
14494
14515
14472
14471
14515
14393
14515
14416
14349
14515
13896
14494
14504
14515
14478
14515
14515
14455
14478
12816
14504
14515
14492
14515
14478
14515
14478
14515
14515
14425
14515
14480
14515
14515
14494
14455
14416
14480
14446
14515
14492
14515
14515
14515
14515
14515
14471
14478
14478
14515
14515
14515
14515
14515
14346
14449
14515
13657
14515
14455
14472
14515
14478
14492
14480
14515
14389
14515
14478
14480
14494
14471
14515
14515
14515
14478
14472
14515
14515
14515
14515
14478
14515
14168
14515
14515
14515
14478
14515
14472
14478
14416
14515
14478
14515
14515
14478
14515
14478
14515
14515
14416
14494
14492
14515
14504
14515
14515
14478
14515
14515
14515
14494
14478
14480
14492
14494
14515
14393
14504
14515
14515
14480
14515
14509
14492
14494
14471
14515
14515
14515
14515
14509
14515
14515
14515
14515
14509
14515
14515
14478
14515
14515
14515
14515
14515
14471
14515
14492
14480
14480
14471
14509
14140
14515
14478
14480
14492
14480
14515
14515
14393
14515
14515
14449
14492
14509
14515
14168
14393
14471
14480
14515
14515
14515
14494
14509
14494
14515
14494
14515
14515
14515
14515
14455
14515
14509
14480
14515
14515
14393
14515
14478
14515
14480
14515
14260
14515
14478
14416
14509
14492
14515
14515
14515
14515
14478
14515
13896
14515
14478
14515
14515
14515
14472
14515
14515
14478
14515
14515
14515
14515
14509
14480
14307
14471
14480
14509
14515
14478
14515
9686
14515
14515
14515
14494
14515
14515
14515
14515
14515
14515
14515
14415
14480
14515
14504
14515
14509
14515
14168
14515
14449
14472
14393
13979
14515
14515
14478
14515
14472
14515
14515
13686
14472
14478
14480
14492
14478
14509
14388
14515
14477
14515
14478
14515
14515
14492
14480
14509
14515
14393
14515
14509
14260
14515
14492
14509
14320
14412
14515
14515
14494
14478
14515
14427
14351
14515
14515
14515
14515
14492
14515
14480
14492
14478
14515
14515
14515
14480
14480
14515
14515
14509
14515
14492
14515
14509
14515
14515
14509
14492
14509
14480
14515
14515
14515
14515
14427
14515
14480
14478
14509
14515
14472
14515
14480
14492
14509
14515
14494
14515
14515
14295
14515
14446
14449
14504
14515
14515
14480
13852
14477
14509
14515
14515
14480
14515
14478
14515
14515
14509
14515
14515
11295
14480
14142
14478
14480
14471
14515
14480
14515
14515
14515
14515
14515
14515
14515
14494
14515
14515
14515
14515
14142
14494
14515
14480
14478
14515
14478
14515
14515
14425
14515
14492
14480
14478
14378
14509
14509
14449
14515
14472
14515
14515
14515
14515
14472
14515
14515
14480
14509
14472
14472
14515
14515
14515
14378
14515
14515
14509
14471
14471
14509
14515
14480
14393
14480
14509
14480
14515
14515
14480
14515
14509
14478
14515
14492
14515
14393
14515
14416
14206
14515
14515
14477
14515
14509
14515
14480
14515
14393
14515
14515
14449
14515
14471
14494
14484
14494
14472
14515
14455
14515
14515
14492
14515
14515
14449
14515
14135
14478
14515
14480
14515
14515
14480
14515
14504
14515
14515
14515
14515
14320
14509
12661
14449
14515
14509
14515
14494
14480
14515
14515
14421
14449
14515
14135
14515
14515
14515
14515
14515
14393
14515
14509
14515
14515
14421
14515
14478
14509
14515
12667
14509
14260
14453
14515
14515
14515
14515
14391
14472
14515
14515
14478
14515
14478
14515
14515
14515
14515
14449
14515
14509
14515
14471
14515
14515
14515
14478
14515
14515
14515
14480
14515
14494
14469
14480
14484
14515
14515
14515
14509
14494
14453
14478
14449
14515
14515
14515
14478
14515
14480
14449
14509
14478
14515
14515
14515
14509
14478
14515
14478
14515
14515
14509
14515
14515
14361
14480
14515
14515
14480
14515
14477
14515
14515
14515
14480
14515
14515
14478
14494
14515
14515
14509
14480
14480
14480
14480
13852
14515
14393
14307
14515
14478
14515
14494
14515
14515
14494
14515
14515
14478
14509
14478
14515
14472
14494
14455
14509
14515
14515
14515
14515
14515
14515
14515
14509
14135
14515
14515
14515
14493
14515
14515
14515
14514
14478
14514
14515
14472
14515
14509
14478
13675
14478
14514
14515
14378
14514
14478
14515
14515
13134
14515
14515
14514
14515
14471
14515
14515
14515
14515
14421
14514
14514
14509
14515
14514
14515
14509
12451
14479
14140
14515
14472
14479
14515
14260
14480
14514
14514
14515
14515
14515
14515
14455
14480
14515
14515
14515
14509
14515
14493
14479
14514
14515
14478
14514
14493
14477
14515
14472
14515
14515
14362
14395
14509
14515
14515
14515
14480
14515
14515
14515
14515
14515
14494
14480
14515
14494
14515
14515
14421
14515
14515
14515
14493
14480
14515
14515
14472
14471
14515
14514
14515
14515
14515
14479
14478
14515
14471
14472
14515
14509
14388
14515
14391
14514
14509
14471
14515
14480
14515
14515
14472
14514
13731
14515
14453
14514
14515
14515
14515
14515
14515
14492
14515
14515
14478
14479
14478
14449
14479
14515
14471
14395
14515
14515
14509
14515
14509
14423
14472
14480
14480
14515
14509
14479
14515
14493
14514
14395
14515
14515
14446
14479
14514
14515
14434
14509
14472
14515
14421
14421
14478
14123
14492
13909
14509
14480
14515
14514
14479
14515
14515
14515
14515
14493
14515
14310
14514
14509
14515
14480
14515
14478
14479
14504
14515
14481
14515
14472
14492
14479
14492
14492
14515
14514
14480
14480
14515
14515
14515
13427
14492
14515
14509
14515
14515
14515
14515
14515
14515
14514
14515
14479
14515
14515
14515
14515
14515
14455
14446
14509
14509
14493
14515
14472
14515
14492
14472
14515
14515
14509
14479
14136
14515
14515
14509
14480
14509
14515
14493
14480
14515
14515
14493
14467
14515
14514
14480
14515
14434
14514
14515
14479
14509
14493
14514
14515
14472
14449
14492
14515
14515
14515
14515
14515
14515
14515
14509
14493
14472
14478
14515
14515
14480
14515
14515
14515
14515
14515
14480
14515
14480
14515
14493
14515
14494
14493
14515
14480
14515
14480
14479
14514
14509
14509
14515
14494
14515
14515
14481
14325
14515
14515
29
14480
14515
14515
14493
14515
14515
14509
14509
14515
14515
14509
14515
14509
14515
14509
14515
14492
14515
14515
14515
14492
14493
14515
14515
14480
14514
14480
14515
14472
14481
14493
14509
14515
14509
14515
14515
14493
14515
14515
14492
14472
14515
14515
14515
14478
14509
14509
14515
14479
14479
14492
14515
14514
14515
14515
14515
14515
14515
14515
14492
14515
14514
14493
14515
14515
14515
14480
14515
14515
14515
14515
14515
14135
14515
14515
14421
14515
14514
14493
14515
14479
14493
14412
14515
14480
14515
14515
14480
14515
14514
14480
14492
14480
14515
14509
14509
14515
14514
14515
14515
14480
14515
14515
14480
14515
14515
14472
14514
14515
14478
14515
14479
14515
14515
14509
14421
14445
14515
14427
14515
14493
13655
14515
14515
14479
14509
10398
14515
14515
14481
14515
14515
14515
14515
14515
14515
14515
14481
14480
14515
14515
14492
14481
14479
14515
14478
14514
14515
14515
14515
14515
14515
14479
14509
14515
14515
14478
14515
14472
14480
14480
14509
14515
14494
14515
14493
14514
14515
14515
14479
14514
14472
14514
14515
14515
14467
14479
14515
14514
14515
14480
14307
14349
14515
14515
14515
14515
14478
14514
14515
14515
14515
14515
14514
14111
14492
14515
14509
14479
14509
14514
14434
14515
14480
14420
14509
14515
14479
14515
14515
14493
14509
14515
14515
14515
14515
14514
14515
14509
14472
14479
14515
14515
14434
14515
14515
14515
14515
14515
14515
14515
14492
14515
14515
14515
14509
14515
14515
14480
14480
14515
14509
14515
14515
14515
14480
14515
14515
14421
14515
14515
14515
14474
14480
14509
14515
14479
14494
14515
14480
14515
14509
14515
14515
14515
14492
14434
14515
14509
14515
14480
14492
14515
14515
14481
14492
14472
14515
14515
14480
14515
14494
14509
14480
14515
14472
14504
14515
14515
14515
14515
14515
14515
14480
14479
14515
14480
14515
14478
14515
14515
14493
14515
14494
14480
14515
14515
14515
14480
14509
14515
14480
14515
14493
14515
14509
14493
14515
14515
14480
14492
14515
14509
14515
14515
14509
14494
14492
14515
14515
14494
14509
14515
14515
14515
14515
14515
14515
14480
14515
14515
14492
14509
14515
14492
14494
14515
14492
14493
14515
14480
14509
14515
14515
14515
14479
14515
14498
14480
14480
14515
14498
14498
14515
14515
14479
14349
14515
14494
14469
14515
14480
14515
14515
14515
14509
14515
14492
14361
14515
14515
14515
14515
14515
14515
14515
14515
14479
14493
14479
14515
14515
14480
14479
14498
14492
14509
14393
13617
14515
14515
14480
14515
14509
14509
14515
14515
14480
14412
14515
14493
14515
14492
14362
14515
14479
14515
14509
14515
14515
14515
14515
14515
14509
14472
14515
14480
14480
14479
14515
14515
14515
14480
14509
14515
14515
14480
14480
14515
14498
14455
14509
14515
14478
14515
14436
14494
14509
14515
14515
14509
14515
14515
14515
14492
14472
