30
52927
30
52927
52927
52927
52927
30
52927
52927
50832
52927
52927
55211
57101
57101
57101
57101
51799
55211
55211
57101
57101
57101
57101
57101
41492
48994
30
55942
57101
55942
57101
57101
30
57101
55942
55942
57101
57101
30
57101
57101
55942
56368
57101
57101
57101
56368
57101
56210
56210
57101
57101
56210
52927
57101
57101
57101
56210
56210
56210
57101
57101
55942
57101
57101
57101
56210
56210
57101
57101
41492
57101
51799
57101
56210
56210
56368
48753
57101
50017
48753
57101
56571
56368
57101
57101
56571
56210
56571
57101
56210
57101
57101
57101
57101
57101
55401
56368
56571
56210
57101
57101
55942
56368
56210
55942
56571
57101
57101
53657
56210
57101
57101
57101
55942
57101
47499
57101
57101
57101
57658
55942
57101
56010
56210
51993
30
57101
56571
57658
56210
56368
57101
56010
50839
55680
51993
56571
56368
56010
56010
56010
56210
55363
57101
56368
57101
56571
57101
30
56368
56368
56368
57101
57859
57859
57101
56210
56571
57101
56010
56010
56210
57101
55942
56210
57370
57101
57370
57370
57370
57859
57101
57859
56368
57859
30
57101
57370
57101
55089
57859
56571
56368
56210
57101
57859
57101
57101
52197
57101
57101
57370
57370
57370
56010
57859
57859
57101
57859
56368
57370
57101
57370
57370
43511
56368
50332
56368
57866
57866
55650
57866
40761
57370
55401
57866
57866
57866
57866
57866
57101
56368
56368
57370
57866
57859
57866
56368
57866
57370
57866
56368
57866
57370
57370
54974
57866
56940
57866
57866
57866
57866
56571
55975
57370
57866
57866
56940
52927
57101
57859
57866
56940
57866
57866
57866
57866
56571
57370
57866
57370
57866
57866
57866
51366
55401
30
56210
57866
57370
57866
57370
57866
56010
57866
57866
57866
57370
53963
56940
57866
57928
57866
56571
57866
57866
50832
57370
57859
57370
57370
54125
57859
57866
57928
56940
56940
57866
57866
57866
56010
57866
56368
57866
56010
57866
57101
57928
57866
58042
57866
50839
58042
55680
55650
57866
57866
57370
58042
51799
56210
57866
57866
57101
56571
57866
56808
58014
56808
57928
57866
57370
57866
57370
56940
57285
58042
56808
58014
57370
56808
56368
56571
57866
57866
58014
58014
30
58042
58014
58014
57866
57370
55650
57581
56010
57866
56808
58014
58042
58014
57866
58014
58014
57866
57866
57370
53657
58014
57866
57581
57370
57370
58014
57866
53592
57370
58042
57866
56368
56808
58014
56014
55089
57370
57370
58042
57866
57370
57866
50129
56808
56940
57859
57866
57866
57866
57866
58014
58014
57866
56808
56940
58014
58042
58042
57866
57866
57370
57866
58014
57866
57866
58014
58042
57703
58042
57866
57703
57866
55211
57703
58014
57866
58014
57866
58014
55302
58014
56396
57866
58014
57866
57866
58042
57286
56034
58014
57967
57703
57967
57967
58014
56940
57967
58014
57967
45276
57967
58014
58014
57967
57967
57967
56808
57967
57967
57866
57967
57370
57967
57967
57967
58014
57370
57866
56704
57967
58014
57866
57866
56210
57824
57866
57967
57967
57866
58042
57824
57967
58042
57967
57967
57967
58014
57866
57286
57703
57824
57824
58042
57824
57967
57866
57824
57866
58042
57967
58014
57790
57967
57967
57703
57101
57790
53809
57967
58042
57703
57967
57866
43945
57703
58042
58014
57967
58014
58014
56368
57286
58014
57967
57866
58042
57824
30
57824
57967
57824
57967
57967
57601
56808
57824
57054
58042
57967
57967
57866
