30
155802
30
145131
155802
161790
162960
158630
30
165539
165539
165539
113035
165539
30
158630
158630
158630
161790
161790
165539
88448
160096
161790
30
165539
165539
163429
163429
162603
162603
30
160096
145131
163429
30
163429
163429
160096
30
165539
124871
163429
124871
163429
160096
160096
163429
119234
163429
165539
162603
165539
160096
163429
163429
163429
163429
165539
163429
163429
163429
149410
163429
155802
103356
165539
161790
163429
165539
163429
142226
30
162321
163429
163429
166207
166207
165539
153372
166207
166207
162603
166207
165539
166207
166207
166207
160096
166207
166207
166207
160096
147553
165539
153880
149410
166207
165539
166207
166207
166207
162321
30
30
162321
162603
151826
162603
160096
166207
166207
166207
166207
153880
166207
166207
166207
166207
166207
166207
166207
159110
162603
166207
165539
166097
146477
166097
30
30
166207
166207
166097
166207
137014
166207
166207
162321
166207
166097
166097
166207
162321
166207
166207
148399
165539
166207
165539
163429
128648
30
162321
162321
166207
166207
163429
166097
166207
166207
166207
166207
166207
166207
166207
162321
30
166207
166097
162321
166207
166207
166097
166207
166207
30
166207
166097
166207
166207
166207
139878
166207
166207
166207
166207
166207
166207
166207
166207
160096
166207
166207
166207
166097
166207
166207
166097
158492
161790
166097
155802
166097
137663
166207
163429
166097
166207
166207
165539
166097
166207
166097
163386
149410
166207
159447
166097
166207
166207
166097
162321
166207
166207
162321
166207
162321
166207
166207
166207
166207
166097
160096
166207
166097
166207
166097
166207
166207
162960
165926
166207
166097
166097
166066
166207
162757
166207
155802
165926
151734
166207
166207
166097
166207
166207
166207
166207
166207
166207
166207
165539
166207
145213
123804
166207
166207
166207
166207
166207
165539
166207
166207
166207
166097
166207
160096
166207
166066
166207
166097
166207
166207
166097
166207
166207
166207
166207
165539
165539
166207
159212
166207
166207
166207
165539
162757
166207
82200
166207
159212
166207
166207
161794
166207
166207
166097
30
165539
166207
166097
163949
166207
166097
166207
166207
58835
149524
166207
165539
166207
166207
166207
166207
162960
166207
161774
166207
164911
163949
166097
166207
166207
166207
159212
166066
166207
165539
165539
166097
166207
166097
166207
166207
166207
166207
166207
166207
166097
166207
166207
166097
166207
166207
166207
166097
166207
166207
166097
144132
166207
163609
166207
166097
166207
166207
166207
166009
162757
166207
166207
166009
166097
166097
166207
166207
166207
165539
165790
164303
166207
166207
166207
166207
165539
166097
165520
166097
166207
166207
166207
166207
166097
166207
166207
166207
166066
166097
166097
165926
166097
166207
166009
166097
166207
166097
166207
166207
166066
166207
166097
166207
166207
166207
166097
166207
166207
166207
166207
166207
165539
165520
166207
166066
166097
166207
165539
149524
166207
164911
166207
166097
166097
165539
159212
160096
166097
166097
166207
166207
165539
166207
166207
166207
166207
166097
166207
165520
166097
158492
162622
165926
30
165539
166207
166207
124871
166207
165146
166207
166207
166097
166097
166207
166207
166207
165926
166207
165520
166207
166207
165520
166207
166207
165926
166207
164911
166097
166207
166207
166207
154896
166207
165539
165539
166009
166207
166207
166207
166066
165240
144920
166207
166207
166207
166097
166207
149273
166097
166207
166066
166207
166207
166207
166097
166207
163609
166207
166097
166207
30
166207
166009
166009
165520
166097
166207
166207
166207
165926
166207
161921
166097
166207
165539
166207
160096
159048
166207
166207
166207
166207
165539
166097
166207
166097
166207
166097
166207
166097
157150
166207
166097
165520
166207
166097
166207
166207
30
166207
166097
162603
166097
165926
159212
161774
165926
166207
166097
166207
166207
165539
166066
166207
166097
166207
165520
166207
166097
166097
166097
166207
166097
166207
166066
166207
165926
166207
166207
166097
165520
165520
166207
160183
163236
166207
166066
166009
166009
165520
166097
166097
166207
160183
166097
166097
166207
166207
166207
166066
145213
166207
157150
166207
166066
159212
166097
166207
166207
166207
166097
166097
166066
166066
166097
166097
166207
166097
166009
166207
166207
30
165520
166097
166207
166066
166207
165539
166207
166207
166207
166207
166097
164988
166207
165539
165539
166207
166066
150463
165539
166207
165539
166207
166207
166207
166097
166009
166009
166207
166207
166097
166207
166097
166207
165539
166207
166207
166097
166097
166207
166097
162250
153206
