30
11045
30
11045
11045
11045
11045
30
17094
19003
19003
19003
30
16814
16814
30
19003
19003
30
11119
19003
10770
19003
19003
16814
19248
19003
16462
19248
19003
19003
19003
19003
18162
18162
19003
19248
19248
19003
19003
19003
30
14603
19003
19003
30
19248
19003
18884
19896
19248
15220
30
30
19896
19003
18884
19003
19896
19896
19896
19896
15220
19896
18823
18884
19896
19896
30
19896
19248
19003
17094
18884
19896
19896
30
19003
19896
19003
19003
19003
15220
19896
29
19896
19704
19896
17978
19704
10908
19896
19663
19896
14869
19761
19003
19896
19289
19289
19896
19896
19896
19279
17389
19896
19896
19896
19289
19896
30
19289
19896
19289
19896
30
19896
19896
19896
19761
19704
19896
19896
19896
19095
19896
19289
19896
19896
19896
19289
18736
19889
19896
19289
19095
19896
19896
15368
19896
19896
19704
19896
19896
18445
19896
17978
19896
19896
19896
19896
19896
19896
19896
19608
19896
19760
19232
19896
19896
19896
19896
19896
19896
19608
19896
18445
19889
19889
19896
19761
19896
19896
19896
19896
19608
19704
19896
19608
19896
19896
19896
19370
19896
19608
19370
19889
19896
19003
19896
19608
19896
19896
18736
19608
19896
19896
19896
19896
19896
19704
19704
18823
19896
19889
19896
18041
19289
19896
19896
19896
19896
19896
19889
19896
19896
19896
19896
19896
19896
19370
30
19889
19896
19608
19406
19896
19889
19896
19608
19370
19289
19896
19370
19896
19370
19896
19889
19896
19406
19896
19896
19896
19896
19760
19896
19889
19370
19608
19896
19889
18695
19095
19608
19896
19889
18041
19896
19896
18884
19704
19608
19896
19896
19896
19608
19896
19896
19896
19704
19608
19896
10908
19289
19896
19896
19896
19370
19896
19608
19889
19608
19896
19896
19896
19021
19896
19608
19889
19896
19608
19896
19889
19896
19896
19896
19896
19896
19704
19896
19889
19896
19428
19095
18445
19608
19896
19896
19896
19896
19896
19896
19889
19896
19896
19896
19896
19760
19896
19896
19608
19608
19608
19389
19896
19608
19896
19896
18504
19896
19608
19608
19896
19370
19704
19337
19896
19896
19896
19896
19389
19896
19608
19889
19095
19889
19896
19337
19704
19896
19896
19889
19889
19896
19896
19896
19889
19896
19896
19608
19896
19896
19889
15804
19761
19095
19896
19896
19608
19896
19896
19428
19896
19896
19608
19704
18695
19896
19896
19889
19896
19608
19896
17493
19896
19896
19896
19428
19279
19896
19896
19896
19896
30
19608
19003
19704
19896
19896
19761
19896
19896
19896
19896
19896
19896
17903
19647
19896
19896
19896
19721
19896
30
19337
19896
19608
19896
18510
19889
19896
17502
19433
19896
19608
19896
19889
19370
19889
19608
19608
19896
19608
19889
19889
19889
19896
19896
19370
19608
19896
18945
19896
19896
19896
19608
19889
19896
19095
19889
19896
19896
19896
19320
19896
19896
19896
19896
19896
19896
19734
19889
19896
19525
19896
19889
19896
19896
19889
19896
19896
19896
19761
19889
19896
19896
19608
19896
19428
19704
19896
19896
19666
19896
19600
19896
19896
19896
19608
19896
19896
19896
19896
19896
19896
19428
19889
19666
19608
19896
19666
19608
19666
19721
19896
19896
19896
19896
19896
19896
19896
19760
19889
19896
19279
19889
19896
19666
19896
19428
19889
19896
19734
19896
19251
19889
19896
19896
19896
16057
19889
19889
19896
19896
19896
19896
19739
19734
19251
19896
19896
19896
19889
19666
19370
19889
19608
19896
19889
19896
19896
19739
19896
19896
19889
19896
19896
19889
19704
19889
19704
19896
19896
19896
19889
19896
19896
19896
19739
19896
19704
19896
17888
19896
19896
19896
19734
19896
19896
19896
19896
19734
19896
16218
19760
19889
19896
19896
19889
19731
19896
19896
19739
19889
19889
19896
19889
19896
19739
19896
19889
19896
19896
19896
19896
19896
19731
19739
19666
19896
19731
19896
19896
19896
19721
19896
19896
19896
19617
19896
19896
19896
19617
19896
19896
19889
19739
19889
19896
19739
19704
19896
19370
19896
19739
19896
19896
19739
19731
19889
19889
11422
19896
19739
19896
19721
19896
19896
19608
19896
19896
19251
19896
19896
19896
19739
19896
19761
19704
19896
19428
19739
19617
19896
19896
19889
19896
19739
19896
19889
19896
19896
19896
19889
19739
19896
19896
19889
19896
19896
19896
19896
19896
19739
19896
19896
19617
19896
19889
19896
19896
19734
19522
19896
19889
19889
19896
19896
19889
19896
19896
19896
19751
19889
19896
19896
19896
19739
19896
19760
19896
19896
19896
19289
19896
19608
19760
19896
19896
19896
19889
19896
19896
19704
19751
19889
19896
19734
17476
18504
19896
