92763
76399
30
92763
92763
92763
46740
30
76399
102361
106742
102361
87226
106742
106742
106742
106742
30
114698
92763
102361
106742
30
114698
30
114698
114698
106742
114698
114698
30
30
114698
114698
106742
114698
114698
102361
30
109681
109681
106742
114698
106742
114698
114698
109681
114698
114698
112875
114698
114698
114698
114698
109681
112875
114698
112875
106742
112875
112875
109681
112875
114698
99930
112875
76399
99930
30
114698
30
99930
112875
114698
114400
114698
114698
114698
114698
114698
114698
112875
77630
114698
112875
112875
109681
59149
114698
108734
114698
109681
114400
30
114698
102361
112875
114698
114698
106183
114400
112875
114400
114698
30
114698
114698
114698
30
114698
114698
109681
114698
114698
108734
113919
114698
108734
113919
114698
114698
114698
62392
114698
114400
113919
114698
114698
114698
114698
106742
113624
114698
114698
114698
114223
113919
113919
114698
113919
114698
114698
113919
114698
114698
113919
114400
110632
114698
114698
114698
109145
114400
82743
114698
114698
114698
113919
114698
106183
114698
104061
114400
113237
114698
113624
113919
104067
114698
113237
113237
114400
114698
113919
114698
114698
114223
114638
114698
114698
106742
30
114698
114638
114698
114698
114698
111632
114400
114638
114698
113624
114698
113919
114698
114698
29
114223
114400
114698
114698
114698
113237
114223
114698
112031
114698
114223
113624
114638
114698
114698
104034
114400
114698
114698
114698
114698
101777
114400
114400
114400
114698
114698
115310
114698
115310
114698
115310
114400
111828
88805
114698
115310
114758
115310
115310
115310
114758
101777
115310
114758
113919
114698
113919
115310
114758
114698
115310
113919
114698
115310
115310
30
113237
114698
114698
115310
115310
30
115310
115310
115310
114638
92925
115310
113237
114758
115310
115310
115310
115310
114698
30437
115310
115310
115310
114698
115310
114758
87971
114698
115310
114758
115310
109324
115310
115310
115310
113617
115310
115310
112875
114638
114454
115310
114454
114454
115310
114454
115310
114698
115310
114698
114758
114758
115310
114758
114758
114698
115310
113237
114400
114698
115310
115310
115310
114425
114758
114698
114400
115310
114698
114425
114454
115310
114454
115310
114425
114400
115310
114698
114425
114698
114454
114698
114638
114638
114400
86570
115310
114758
114698
115310
114425
114758
114638
114425
115310
114400
115310
115310
114698
115310
115310
114400
112875
114758
115310
115310
114425
114758
115310
115083
115083
115083
115310
115310
114698
114698
115310
113624
115310
115310
114454
111828
114758
114698
114758
115083
115310
114758
115083
109650
87971
114698
115310
114698
115083
115083
114698
115083
115083
114698
115310
114698
111828
114758
115310
104821
114698
114698
115310
115310
115083
115310
115083
115174
113919
115310
115174
114425
115083
114425
115174
115310
111828
115310
115174
115310
114425
115083
115083
29
115174
30
114400
115310
115310
114425
29
115310
114698
115174
115174
115083
113207
115310
115174
115310
115310
114698
115310
115083
113372
115310
112031
115310
115174
115310
115174
114425
30
115174
115083
115310
114425
115174
113919
114425
115174
115174
