9694
30
9694
1822
8976
8976
9791
9726
30
9726
9726
9694
30
9726
9694
9726
9726
9726
9791
8976
9791
9726
9726
8337
9694
9730
9403
9730
9791
9403
9730
9730
9694
9791
9730
4914
8337
9730
9791
8370
9726
9726
9726
9791
9726
30
9726
9726
9081
9081
9730
9791
8976
9730
9726
9730
9081
9726
8573
9791
9730
9726
9403
9405
9480
9694
9730
9726
9730
9730
9726
9791
9726
9791
9791
9791
8881
9500
8383
9405
9790
9790
8506
9791
9405
9791
9726
9726
9500
9694
9726
9726
9500
9726
9790
30
9730
9179
9791
9791
30
9726
9730
9405
9726
9405
9730
9790
9726
9694
9791
9726
9726
9726
9791
9726
9791
9726
9790
9791
8383
9726
9791
9790
9791
8370
9726
9726
9730
9730
9726
9730
9791
9726
9694
9480
9405
9726
9308
9694
9730
9031
9791
9730
9726
9694
9791
9791
9726
9612
9726
9726
9726
9726
7425
9726
4914
9726
9694
9726
9694
9705
9730
9726
9726
9726
9694
9694
9790
9726
9308
9210
9694
9500
9687
9791
9500
9730
9694
9308
9726
9791
9726
9730
9726
9730
9694
9726
9726
9726
9726
9612
9730
9726
9791
9726
9730
9374
9685
9705
9790
9730
9730
30
9730
9685
9791
9726
9730
9730
9685
9685
9726
9730
9726
9308
9726
9730
9726
9726
9790
9475
5344
9726
8780
9726
9791
