30
30
36840
36840
36840
36840
13676
36840
36840
36840
30
36840
46615
46615
31252
44681
46615
39561
46615
30
37436
30
16803
30
46615
46615
37436
46615
46615
46615
46615
30
41740
46615
46615
45937
43528
43528
46615
46483
46615
43418
46483
41740
37793
46483
46615
43418
29
46615
45937
39573
46615
46483
46869
46615
46869
43642
43418
41740
46615
46615
46615
46869
43642
43642
46615
46615
46615
46615
46615
41740
43418
42029
46615
46869
44681
46615
46615
46869
44681
43642
46869
43725
46615
46615
46615
46615
43642
45937
30
46615
43725
46483
46615
46615
30
46615
46699
46699
46699
46869
46615
46483
43725
46483
46615
43528
46483
46699
46699
46699
46615
43642
46615
46699
46699
46483
45810
43642
46699
46615
46869
45810
46483
45810
45810
46483
46615
45810
46869
46615
46699
46869
46699
46483
45810
46853
46483
43289
46853
45005
43394
30
28390
45810
46699
46853
46483
46615
46699
45810
46699
45005
46869
46869
46732
46615
45223
45062
46869
45810
46732
46732
46615
45810
46869
46615
45810
46615
45810
46483
46615
45223
46732
46869
46732
46732
45810
45810
46732
46732
46732
46869
43725
46653
46615
46869
46653
46653
46732
46869
45223
46732
46869
45810
45810
46653
46615
46869
46732
46869
46653
46732
46732
46653
46653
43418
46653
46653
46732
46653
44460
46732
45810
38684
45810
46732
46732
46732
46732
46653
45223
46732
45876
46653
46732
42474
44565
46732
46732
46732
42848
42082
46732
45876
46732
46732
46653
43531
46653
46251
46869
46869
46653
46853
46732
46732
46869
46653
46615
46653
43725
45876
46899
46899
46653
46615
46653
46899
45876
46899
46899
44681
46899
46899
46869
46732
43642
46869
46899
46510
46899
46899
46899
46899
46899
46869
46899
46853
46853
46510
46732
46899
45005
46732
46899
46732
46732
46899
44565
46899
46653
46899
46251
46653
46899
46899
46899
46869
45810
46732
44460
46615
46653
46899
46899
46621
46653
46510
46869
42029
46899
46899
45937
46316
46899
46899
46653
46251
46899
46899
45810
45876
46899
46853
46510
46696
46653
45876
45876
45005
46653
46653
46899
46696
46923
46899
46899
46696
45005
46696
46251
45876
46923
46869
44460
46899
45033
46899
46899
46899
46923
46869
46923
46510
46899
46732
46510
46899
46899
46732
46899
46699
46251
46899
45876
46653
46732
46899
46696
46899
46732
46899
30
46899
46899
46899
46899
45854
46615
46510
46899
46899
46899
46732
46696
46899
46899
46899
46869
46899
46510
46899
46732
46621
46899
46899
46899
46732
46899
46923
46869
46510
46899
39732
46732
46479
46899
46899
46899
46696
46899
46732
46653
46899
46899
45223
44565
46923
32695
46899
44565
45846
46510
46899
46510
46510
46899
43827
46899
46696
46251
46899
46732
46899
46615
46899
46899
46899
46732
46899
46696
46899
46899
46899
46853
46732
46869
46696
46899
46615
46732
46251
39214
46899
46899
46899
46923
27939
46653
46732
46899
46546
46546
46696
46899
46899
46869
46899
30
46899
44901
46899
46732
46899
46923
46899
46899
46899
46732
46923
45518
46923
46899
46653
46899
46732
46732
46510
46923
46899
46732
46696
46899
46298
46899
46899
46732
46899
46899
46899
46899
46899
46696
46899
46732
46899
46899
44460
46899
46899
46899
46899
46899
46899
46899
46899
46899
46732
46923
46479
46899
46510
46899
46899
46899
46899
46899
46696
46899
46899
46546
46899
46899
46899
46699
46732
46923
46899
46869
46732
46853
46899
46732
46899
46653
46653
46696
46546
46899
46899
35190
46899
46899
46899
46899
46899
46251
46546
43697
46653
46732
46869
46653
46899
46899
46899
46732
46923
46869
46732
46899
46923
46732
46899
46923
46853
46923
46546
46546
46899
46899
46696
46615
46899
46899
45983
46899
46899
46869
46899
24754
46653
46899
46899
46899
46696
46923
46851
46899
46732
46653
46732
46899
46899
46696
46899
46899
46298
46923
46615
46732
46510
46923
46732
46899
46696
46899
46851
46923
46732
46899
46853
46732
46899
45983
46696
46510
46923
46899
46869
46546
46899
46732
46696
43798
46696
46899
46546
46899
46899
46732
46899
46732
46923
46899
46546
46899
46923
46899
45983
46510
46899
46899
46546
46298
46732
30
46653
46923
46546
46899
46696
46923
46899
45721
46773
46899
46899
46899
46899
46851
44563
46851
46899
46899
46899
46899
46899
46899
46773
46899
46851
46899
46899
46899
46899
46510
46899
46773
46899
46869
46546
46899
46899
46899
46899
46899
46899
46773
46899
46853
46899
46899
46899
46899
46899
46899
46853
46773
46773
46899
46899
46899
46899
46773
46598
46869
45983
46899
46899
46644
46899
45185
46696
46773
46899
45567
46546
46656
46899
46899
46899
46899
46899
46899
46510
46546
46899
46899
44237
45983
46899
46773
46899
46899
46510
46699
46899
44209
46899
46869
46869
46773
46899
46899
46899
46853
46773
46899
46696
46696
46899
46899
46899
46696
46546
46899
46899
43289
46899
46773
46869
46773
46899
46899
46773
46899
46546
46656
46899
46899
30
46696
44901
46899
45937
43798
46923
46644
46899
46899
46773
46869
46773
46899
46656
46869
46546
46923
46899
46923
46899
46853
46899
46851
46773
46899
46899
46869
45937
46546
45983
46851
46899
46899
46899
46899
46869
46696
46546
46899
46899
46899
46899
46869
46899
46899
46656
46899
46899
46899
46899
46899
46546
46899
46899
46923
46923
45983
46899
46598
46699
46656
46899
46899
45284
46899
46853
46709
46923
46546
46923
46851
46851
46546
46899
45983
46899
46899
46546
46853
46899
46494
46696
46899
46899
46899
46899
46773
46656
46546
46899
46899
46899
46899
46899
46494
46923
46899
46899
46899
46773
46899
45937
46773
46899
46899
46494
46899
46899
46546
46899
45841
46899
46437
46546
23218
46546
46773
45983
46899
46899
46853
46923
46923
46773
46869
46899
46773
46773
46709
46899
46899
46656
46899
46899
46644
30
34254
45721
46899
46869
46696
46899
46923
46709
46899
46899
46899
46923
46899
46923
46289
46923
46899
40953
46923
46289
46869
46546
46899
46656
45983
46899
46899
46923
46923
46899
46899
46298
46899
46696
46923
46869
46899
38104
46899
46753
46899
46656
46773
46773
46899
46899
46899
46923
46656
46709
46899
46546
46494
46773
46546
46699
46869
46851
46899
45005
45983
46510
46709
46899
46899
46289
46773
46899
46899
46869
46899
46709
46773
46773
46899
46899
46869
46899
46899
46699
46899
46899
46899
46696
46773
46869
46923
46899
46773
46923
46899
46644
46773
46709
46923
46899
46899
46899
46644
46899
46899
46773
46709
46899
46899
46644
46899
46899
46899
46899
46298
46899
46899
46899
46753
46899
46644
46853
46546
46899
46773
46773
46773
46869
46899
46773
46899
46709
46899
46621
46510
46709
45170
46899
46869
46289
46615
46773
46773
46773
46899
46773
46899
46899
46899
36840
46923
46899
46899
46773
46923
46899
46899
46753
46289
46853
46899
46923
46899
46732
46753
46644
46899
46773
46899
46773
46773
46696
46899
46899
46853
46869
46656
46923
33876
46899
46899
46899
46899
44369
46732
46624
46546
46773
46899
46923
46899
46744
46899
46899
46899
46869
46899
46851
46899
46899
46899
46899
46510
46709
44643
46773
46899
46899
46773
46546
46502
46899
46899
46899
46709
46899
46899
46899
46546
46696
46923
46899
46753
46899
46773
46899
46899
46923
46709
46899
46773
46899
46899
46899
46899
46899
46899
46546
46546
46546
46773
46869
46773
46899
46899
46899
46899
46899
46360
46773
46709
46502
46899
46899
46851
46631
46899
46899
46899
46773
46899
46899
46899
46744
46899
46899
46510
46631
46899
46899
46502
46923
46899
46546
46899
46899
46899
46289
46773
46709
46899
46853
46773
46899
46656
46899
46899
46899
46631
46851
46923
46923
46899
46744
46744
46899
46899
46899
46853
46773
46923
46899
46899
46899
46502
46899
46899
46773
46773
46773
42106
46709
46899
46753
46753
46899
46899
46479
46869
46656
46502
46923
46899
46923
46709
46899
46899
46899
46899
46899
46899
46851
46631
46899
46899
46899
46853
46923
46510
46644
46899
46899
45907
46899
46773
46502
46853
46923
46899
46899
46869
46899
46753
46546
46899
46923
46899
46709
46899
46631
46656
46923
46899
46696
46773
46899
46631
46644
46899
46923
46656
46773
46869
46653
46869
46899
46899
46869
46631
46899
46899
46546
46899
46899
46869
46709
46546
46773
43358
46899
46631
46899
46773
46753
46899
46510
46546
46899
46773
46653
46732
46899
46899
38731
46899
46899
46644
46773
46869
46773
46773
46696
46869
46899
46696
46899
46753
46899
46773
46869
46744
46899
46923
46773
46510
46899
46923
46899
46899
46289
46853
46899
46773
46753
46899
46767
46631
46853
46767
46656
46767
30
46869
46923
46899
46656
46767
46899
46869
45951
46899
46899
46494
46923
46644
46899
46767
46510
46773
46899
46289
46773
46899
46479
46546
46767
46869
46899
46773
46631
46899
46779
46923
46899
46899
46899
46510
46767
46853
46773
46779
46767
46773
46899
46510
46899
46773
46899
46221
46899
46899
46899
46744
46899
46709
46899
23
46899
46899
46899
46773
46869
46767
46899
46899
46899
45983
46773
46899
46753
46899
46899
46923
46899
46899
46899
46899
46899
46899
46869
46899
46869
46899
46899
46753
46899
46779
46779
46899
46899
30
46779
46899
46899
46773
46899
40876
46899
46779
45771
46899
46899
46899
46899
46779
46744
45127
46779
46899
45907
46899
46779
46899
46779
46899
46510
46899
45103
46899
46869
46899
46899
46851
46923
46923
46899
46779
45284
46899
46899
46869
46779
46853
46923
46779
46899
46899
46773
46773
46899
46899
46631
46899
46773
46773
46899
45347
46899
46899
46899
46779
46899
46899
46289
46779
46899
46923
46899
46767
46510
46899
46899
46899
46773
46502
46744
46853
46663
46853
46899
46779
46899
46899
46899
46899
46663
28
46899
46899
46289
45747
46869
46899
46812
45955
46773
46773
46899
46899
46631
46753
46899
46744
46899
46923
46899
46510
46767
46289
46767
46502
46899
46773
46663
46899
46853
46696
46899
46899
46899
46767
46899
46899
46767
46767
46773
45539
46767
46899
46899
46812
46899
46779
46471
46767
46779
46899
46899
45841
46773
46812
46767
46779
46899
46773
46767
46744
45935
46767
46510
46899
46899
46546
45983
46753
46773
46899
46853
46899
46899
46899
46923
46923
46923
46899
46853
46899
46899
46773
46899
46502
46899
46773
46767
46869
46899
46767
46779
46510
46899
46812
46773
46812
46779
46767
46899
46899
46899
46899
46923
46812
46923
46899
46753
46923
46899
46899
46899
46869
30
46899
46899
46899
46899
46899
46631
46899
46899
46899
46899
46869
46923
46779
46899
30
46767
46899
46923
46779
46899
46812
46709
46899
46899
46812
46767
46869
46899
46812
46773
46812
46851
46767
46851
46899
46812
46899
46899
46812
46869
46899
46899
46899
46773
46899
46899
46767
46899
46923
46812
46899
46779
46779
46923
46899
46767
46899
46899
46767
46767
46779
46812
46767
46773
46767
46773
46899
46779
46899
46773
46899
46899
46899
46899
46779
46479
46494
46899
30
46767
46779
46899
46899
46899
46899
46812
46812
46899
46631
46899
46899
46289
46923
46779
46773
46773
46899
46767
46812
46899
46923
46899
46773
46442
46899
46851
46696
46923
46812
46899
46899
46899
46899
46899
46779
30
46767
46899
46899
46694
46773
43126
46869
46899
46899
46899
46899
46773
46845
46694
46899
46767
45061
46298
46899
46923
46699
46899
46845
46869
46845
46899
46289
46899
46845
46899
46899
46869
46923
46324
46899
46773
46845
46631
46845
46773
46899
43934
46899
46923
46899
46631
46663
45271
46899
46732
46899
46631
46663
46923
46899
46899
46923
46899
46899
46899
46845
46899
46531
46869
46899
46773
46773
46773
46899
46845
46694
46753
46696
46899
46779
46899
46923
46546
46899
46845
46767
46773
46899
46899
46899
46694
46899
46773
46899
46773
46773
46899
46744
46899
46510
46899
46899
46289
46899
46663
46767
45966
46899
46899
46767
46899
46923
46899
46899
46923
46899
46899
46899
46899
46531
46899
46899
46899
46773
46845
46899
46899
46899
46899
46899
46845
46767
46845
46899
46812
46899
46744
46644
46923
46899
46773
46899
46812
45033
46753
46845
46899
46851
46899
46899
46899
46694
46899
46767
46899
46899
46899
46869
46663
46773
46899
46899
46845
46899
46869
46899
46289
46845
46899
46899
46899
46923
46923
46899
46899
46899
46744
46510
46845
46899
46510
46899
46899
46767
46845
46899
46899
46694
46767
46877
46923
46767
46869
46869
46744
46773
45907
46845
46471
46923
46923
46899
46877
46899
46899
46845
46899
46899
46899
46923
46899
46899
46744
46899
46899
46899
46923
46767
46899
46845
46913
46869
46923
46779
46773
46773
46913
46877
46913
46694
46913
30
46899
46923
46869
46899
46913
46773
46869
46899
46923
46913
46899
46913
46696
46773
46899
46913
46913
46845
46913
46923
46877
46899
46899
46877
46877
46913
46531
46913
46913
46899
46663
46744
46877
46913
46923
46869
46899
46913
46899
46913
46913
46899
46913
46913
46877
46899
46899
46877
46913
46899
46626
46531
46877
46913
46779
46899
46899
46899
46899
46869
46899
45927
46877
46913
46631
46877
46913
46899
46913
46899
46753
46848
46877
46899
46877
46899
46877
46899
46773
46913
46913
46869
46923
45927
46899
46913
45802
46531
46869
46913
46913
46869
46760
46753
46760
46913
46913
46913
46913
45983
46877
46913
