30
30
132236
30
153363
30
132236
30
150632
155764
153363
153363
155764
155764
151214
30
30
155764
153363
155764
30
140126
155764
155764
153363
153363
136700
151214
151214
30
139304
145177
156980
151214
156980
136700
155764
145177
155764
151214
151214
156980
156980
156980
151214
153363
156980
156980
153363
153363
156980
155764
156980
155764
156980
155764
151214
153363
156980
155764
155764
156980
156980
156980
30
154125
151214
144071
155764
156980
154125
154125
154125
151214
154125
151214
156980
30
156980
156980
156980
156980
155764
154125
156980
150143
154125
156980
154125
151619
156980
144071
156980
156980
156980
156980
156980
156980
156980
154650
155764
156980
155764
156980
156980
156980
156980
151619
155764
155764
151619
156980
154782
156980
154650
148719
156980
156980
156980
156251
156980
156251
156980
156251
154814
156980
156251
151619
156251
154125
156251
156251
154782
154125
156980
156980
156980
154782
156980
156750
156750
151619
156980
156750
153416
30
156980
156784
154125
154125
155764
154814
156980
154573
156784
156980
156980
156784
154814
156784
156980
156784
156980
154782
156784
156980
156980
156980
148719
154782
156784
156750
156784
155334
156784
155334
154782
156980
86863
147395
156980
156980
156980
156980
156980
156980
156784
156980
155334
156980
156980
156980
156163
156980
38478
154573
154125
156980
156980
156251
148719
136036
155334
155334
147395
132236
157460
157460
157460
156980
136292
154125
155764
156980
157460
154125
155511
157460
157460
157460
156251
157460
144071
157460
150020
144071
157460
155334
155334
154782
156784
157460
157460
157460
154125
154782
157460
154125
154650
157460
156784
155764
157460
157460
157460
156750
156980
157460
156784
157460
157460
131452
157460
157460
157280
157460
157460
157460
157280
157280
154573
157460
156784
157460
156251
30
157460
157280
157460
157460
157280
156784
157460
157280
157280
157460
157460
156980
157280
157460
157460
156784
157460
157280
155334
157460
155532
156980
157460
157460
156784
156784
157460
155334
156784
157460
157460
155956
157460
156784
157460
155334
157280
157280
157280
151782
157460
157460
30
157460
157280
149311
157460
157280
157280
157280
157460
157280
157460
157460
157280
142698
157460
157460
157460
157280
157280
155532
156980
157460
157460
151782
157460
156750
157883
157460
157883
157883
157883
157883
157883
157460
156980
157883
157460
156784
156251
155334
156980
155942
157460
155764
157460
157460
156251
157883
157883
157883
157883
157460
157883
157883
157883
157879
157883
157460
157883
157883
157883
30
102861
157460
157883
157883
157460
157460
157883
155956
157460
157883
156980
157879
157883
157883
157460
157879
157883
157460
157879
157883
157883
157883
157883
157014
157883
157460
157883
157883
157883
155956
157883
157460
157883
157883
157883
157883
157883
157293
157460
157883
157883
157883
157883
157883
155362
157883
157883
157883
157460
157883
157293
157879
157883
157879
157883
155352
157460
157460
156980
157883
157883
157883
157879
157883
156980
151990
157883
157460
157879
157460
157879
157883
157460
157883
157293
157460
157883
157460
157883
157883
156980
151990
157460
157883
157460
157883
157460
157460
156750
157460
155362
157879
157883
157460
157883
157460
157341
157883
157879
157883
157883
155362
157460
156163
157460
157883
155000
157883
157883
157883
157460
157460
157883
157460
156352
157883
157883
157293
151990
157883
156352
157460
157883
157280
157883
156784
157460
157883
157883
157883
157460
156980
157883
157460
138195
157879
157883
156980
157883
157460
157883
157883
156750
157460
157883
153975
157883
157883
157460
157883
157883
156980
157460
157280
151990
157460
157460
157883
157883
157883
157883
157883
157883
157883
157014
157879
157883
157280
157280
157460
157014
157883
157883
156980
157883
157883
157883
157883
157883
157883
157883
157883
157883
157883
157883
157460
157883
157883
157883
155532
157883
157883
157883
157460
157460
157883
157293
157280
157883
155352
157883
157883
157883
157883
157460
157460
155956
157883
157200
157883
157460
157460
154782
157883
154573
151990
157883
157883
157883
157883
157460
157883
157879
157341
157293
157460
157879
157883
157460
157460
157014
157883
157014
153199
157883
157883
157200
157883
157883
157460
157879
157883
157460
157341
151990
157883
157883
157883
155362
156784
157883
157293
157460
157460
157879
144071
157879
155764
157460
157883
156980
157460
157460
157293
157883
154573
157883
157883
157883
157883
157460
157883
157883
157280
157879
157883
157341
157335
157883
156784
157293
157883
157883
157883
157883
156980
157883
155805
157883
157879
157883
157335
157335
157883
157883
157879
157014
157460
157883
157883
157883
157883
157460
157341
157335
157460
156352
157335
157460
157335
157883
157341
157460
157883
157883
154573
157883
157883
157883
157014
157883
155805
157883
157883
157883
157883
157883
157883
157883
157014
157883
157879
157883
156464
157335
157460
157460
157883
156980
157460
149527
157014
157883
157293
157883
157883
157879
157883
157883
157280
157883
157293
157883
157335
157883
157883
157883
157883
157335
157879
157883
157879
157883
157460
157883
157883
157883
157879
157883
157460
157335
157883
157883
157883
157460
157883
156980
157879
157879
157883
155805
157883
157883
157883
157883
157883
157460
157460
157883
157883
157883
156163
157460
157879
157883
157883
157160
154573
157879
157883
156750
157335
157293
157460
157883
157883
157341
157883
157460
157883
157460
157879
157883
157883
157879
154768
157883
157883
157460
157879
157883
157883
157460
157200
157883
157883
156352
157883
157293
157460
157014
157883
157883
157883
157460
157883
157460
157883
157883
157883
155362
157883
157879
157160
157014
157883
157879
157460
157160
157883
155805
157883
157883
157341
157879
157883
157460
157293
157580
157883
157879
157883
157460
157293
155805
157293
157014
157883
157460
157460
157280
157883
157200
157883
157883
157280
157883
156464
157883
157879
151990
157460
157883
157883
157460
157460
157883
148532
157883
157335
157879
157883
157883
157883
156980
151990
157883
157341
157883
151990
157293
157879
155805
157460
157460
157460
157460
157883
157160
157335
157883
157460
155764
155764
154782
157293
157014
30
157460
157460
157460
154401
157580
157883
157883
157883
156464
157883
157883
157341
157460
157460
157460
157883
157883
156980
157883
156750
157335
157341
157883
157335
156750
157883
157883
154573
157160
157883
154820
157460
157883
157200
157879
157883
157335
157883
157335
157014
157883
157293
157883
157883
157883
157883
157341
157883
157883
157460
157335
157883
157883
157883
157883
157883
157879
157883
157293
156784
157883
157883
157883
156167
157883
157883
30
155764
157883
157460
157883
156980
157883
157460
157335
157460
157883
157883
157883
157883
153344
157883
157293
157460
157460
157883
157883
157883
157460
157460
157883
156464
157883
157883
157883
157883
157879
157883
157460
157460
157335
157883
157014
157883
157460
157883
157460
157460
157335
157879
156980
157883
157341
157883
157883
157883
157883
157460
157460
156784
157335
157460
155577
156784
157293
157883
157883
157460
157883
157460
157883
157883
157883
157883
157883
156750
157883
157460
147493
157883
155956
155577
157883
157883
157460
157460
157335
157883
157293
157883
156464
157460
156980
157883
157335
157883
157883
157883
156464
157460
157883
157460
157460
157883
156980
157280
156464
156464
157883
157883
157883
157883
147157
154782
157883
157883
154573
157883
157883
157460
157460
157883
30
157883
157460
157460
157460
157883
155764
157883
157883
157335
157883
142749
157883
157883
157883
157883
157293
157883
157883
157883
157883
157580
152159
156980
157879
157883
155334
157460
157460
157883
157460
157460
154401
157883
157879
154573
157883
157335
157335
157883
144198
157460
157883
157883
157883
157883
157883
157460
157883
157883
157460
157460
157460
157883
157293
157460
157293
157883
157580
155577
157293
157335
157460
157293
122102
156167
140311
157335
157883
157883
132204
156123
157014
157883
156857
157883
157335
157883
157883
157879
157883
157883
157460
157883
157883
157883
157460
157883
157460
157460
157883
157460
155805
157883
157883
157883
157883
157883
157883
157883
157460
157883
157460
157883
157883
157883
157883
155764
157293
157883
157883
157014
157879
157014
157883
157014
157883
157460
157879
157460
157293
157460
156784
157460
30
157883
157335
157883
157883
157280
157460
157014
157883
157293
157883
157879
155334
157883
157460
157883
157883
157883
157460
157879
156980
157460
157883
156750
157460
157883
156784
157883
157883
155805
157460
157460
157542
157883
157141
157293
156857
157341
157883
156980
155352
157883
156750
156980
157460
157883
157883
157883
157580
157883
157542
157883
157883
157542
157883
157460
30
157883
157335
157883
157883
157542
157883
154573
157542
157883
157542
151990
157542
157542
157460
157883
157293
157542
157883
157883
157883
157542
157883
157883
156353
157883
157883
156784
157335
157293
157883
157293
157542
157335
157141
157883
157293
155805
157293
157879
157280
157883
157883
157879
157879
157293
157542
157883
157883
157883
157879
157883
157883
157335
157883
157460
157542
157883
157883
157883
157883
156353
157542
157460
157460
155750
157542
157883
157883
155638
157542
157335
155750
157460
157883
157293
156980
157460
157883
155805
157883
157879
157460
157883
157879
157883
157293
157883
157883
157883
157883
157014
157883
157460
157335
157460
157542
157542
157460
157460
156980
157883
157542
157460
157883
157335
156352
157883
156980
157460
157883
157883
157879
157883
157460
157341
157883
157351
157883
157883
157883
157542
157883
157883
157883
157879
157460
157883
157883
155806
157883
157293
157883
157883
157335
157542
156980
157883
157293
157879
157883
157883
157580
157883
157883
157542
156980
157883
157014
157879
157460
157883
157883
157335
157883
157883
157460
156980
157883
157883
157883
157883
157883
157883
141830
157341
156340
157883
157460
157542
156750
156464
157883
156636
157883
157542
157883
157293
157883
157542
157883
157883
155806
157460
157883
157883
30
157542
157883
157883
157542
157542
157883
157542
157879
157293
157883
157879
156980
157879
157883
157883
157883
157883
157293
157542
157542
157883
157542
157460
157542
157335
157460
157883
157883
156636
157460
157883
157095
157883
157883
157542
157883
157883
157883
157883
157883
157542
157883
157460
157883
156857
157280
156857
157883
157335
157341
157883
157542
157883
157883
157460
157883
157883
157883
157883
157160
157879
157883
155000
157879
157883
156980
157542
157883
157542
157883
157542
157883
156464
157883
