30
30
30
30
30
30
40587
131649
131649
131649
135166
112745
135166
117706
41116
135166
131649
135166
135166
135166
125011
135166
131649
30
135286
135166
131649
30
114286
135166
131649
135166
135286
135286
135166
135286
30
127705
135286
114286
30
125011
135286
131649
135286
135286
135286
135166
125011
135286
135166
117706
138686
138686
30
135166
138686
138686
137187
138686
138686
138686
138686
138686
138686
124924
138686
131649
131649
138686
138686
135286
138686
137187
125011
135286
29
124924
138686
30
131649
138686
137187
138686
135286
138686
138686
30
138686
137187
138686
135286
137187
137617
137627
131649
137187
131649
138686
123577
138686
30
138686
137617
131649
138686
137627
138686
138686
137627
137627
135129
137627
138686
137627
137187
137187
137187
138686
138686
138686
138686
125011
137617
138686
137617
138686
131649
137627
137617
138686
138686
138686
138686
138686
135286
138686
138686
138686
137187
138686
137617
125011
120413
126758
138686
131649
138686
138686
138686
138686
131649
137627
137187
138686
136093
138686
138686
138686
122536
138686
137187
138686
135286
138686
135129
131649
138686
137187
138686
138686
137627
137617
134248
138686
137627
138686
135129
138686
138686
134248
137617
138686
131942
137627
138686
115529
137617
30
137627
138686
138686
137617
137617
138732
138732
138732
135129
136093
135129
138686
138686
138686
138686
138732
137627
138686
138732
136093
137627
138686
138686
138732
138732
138686
137617
135550
138686
134248
138686
138732
30
138732
134248
138686
138686
138686
138732
138732
138732
138686
138686
138686
138732
135550
138686
137187
138732
138732
103284
138686
138732
134248
137059
137627
138732
138732
138686
138686
138732
134248
138732
137627
138732
138732
138732
138732
137187
138686
138732
138686
138732
138686
138686
137059
137059
137627
138686
138732
138686
135550
137617
137627
138732
138471
135082
138686
135129
138686
137187
138732
134248
137627
138732
137187
137329
138732
138686
137329
138686
138732
135550
138686
138686
138686
138686
138686
137329
136093
138732
138686
137187
138732
137627
136710
138732
138732
138686
138732
138732
138686
136710
138686
138732
138686
138732
138686
138732
138686
138471
136710
137627
137329
138732
138732
138732
137627
138732
138686
138686
137329
138732
138732
138686
138732
138686
30
138686
138686
138686
138686
137627
137329
137187
137627
138732
137877
138686
138732
120006
134248
137627
138686
137627
124969
138732
136564
138686
29
137329
138732
138732
137617
138732
138471
138732
138686
138732
138686
138732
137329
137627
137627
138732
132991
137627
137329
137329
138732
138732
137617
138732
138686
138732
136556
138732
137329
137627
138732
138732
138732
138732
138491
138686
137627
137329
137627
135550
138732
137627
137627
138686
138686
137627
137329
138686
137059
137627
137627
138686
138686
138686
137329
138686
138686
138686
138732
138686
138686
138732
138732
138686
114763
138732
134248
137627
138686
138732
137329
137627
135459
137329
127705
137329
138491
138526
138526
138526
137329
138686
138686
138332
138686
138686
138732
138526
138526
138526
87666
138491
137620
138732
138686
138686
138732
138732
138732
138732
138732
138526
138686
138686
118447
138732
138732
138686
138686
138732
138732
138526
136988
138686
138732
134248
138332
138526
138686
138732
138732
138526
138526
138526
138732
133556
138686
138526
138686
137329
134248
138732
138526
138491
138686
138526
134248
138526
138732
138526
138732
138686
138732
138686
137329
138732
138491
138686
136274
138732
138686
138686
138686
135564
138732
138732
138732
138732
138732
138732
138732
138686
138526
138732
138686
138732
138526
138526
138686
138332
138686
137329
138732
138732
138526
135550
137877
138732
138686
138686
138686
138732
138686
138686
138526
138732
136710
136221
138526
138526
138732
138732
138732
138526
138686
138332
138526
119665
138686
138526
138332
138686
138686
138686
122536
138526
137877
138686
138686
138686
138526
138732
30
136710
138686
138732
137627
138732
138732
138686
138732
137329
138526
138686
138608
135459
138526
138686
138732
138732
138526
136274
136278
138294
138732
138526
138686
138604
138732
138526
138332
120435
137059
138686
138526
138608
137059
138686
136274
138732
137627
108857
138686
138686
138732
138686
138732
138526
138686
138732
138732
138686
138604
138686
138635
138686
138686
132826
138732
138732
138732
138635
138732
134248
138294
138732
138732
138732
138686
138686
138686
138686
138526
138686
138608
138732
138732
138732
137059
138526
136988
137187
138686
138635
138686
138526
138686
138732
138635
138686
138604
138294
138686
138732
138732
138686
138686
138686
138732
137322
138332
138732
138635
138491
138491
137606
138732
138732
138635
138686
138686
138294
138732
138635
138686
138332
138526
138686
137187
138686
138686
138686
138686
138686
138732
138686
138686
138686
138686
138635
138526
138635
138732
138732
138732
138635
138319
138604
138732
134248
136710
138635
138686
138686
137617
134716
138732
138635
138732
138526
136710
138732
138635
124659
138732
138526
138635
138732
138686
138608
138686
138732
138604
138732
132991
120006
138526
138732
137627
138686
138319
138732
138686
138635
138635
138635
138332
138732
138732
138732
138332
138491
138635
138686
138732
138686
138686
138686
138332
138686
138686
135564
138604
138732
138686
138686
137920
138732
138294
138686
138686
138526
138732
137877
138732
138604
138686
138686
137617
138732
138732
138686
138635
138635
138732
138635
138635
138686
138686
138319
138546
138732
138635
138604
138686
138686
138635
138635
138604
138546
138732
138526
138686
138608
138686
138635
138686
138686
138526
138686
138732
138526
138686
138732
138526
136988
138686
138732
138732
138635
138686
138732
138635
137617
138635
138635
138635
137627
138732
138491
136710
138319
138604
138635
138732
138686
138686
138526
138686
138526
138732
138732
138732
132045
138686
138686
138686
138686
138491
138686
138332
136710
138732
138732
138686
138686
138526
138686
138635
138686
138526
138686
138526
138319
138526
138732
138686
138732
138526
136437
138332
137329
138635
138686
138686
138732
138686
138635
132045
138732
138526
138635
138686
138608
136221
136274
138294
138294
138686
138635
135445
138732
138526
138332
138686
138732
138732
138732
138332
138686
137620
138686
138732
138732
138635
138635
138686
138732
138732
138686
138526
138635
138686
138635
138319
138686
136274
138686
138686
138294
138686
138604
131226
138635
138686
138686
138732
138732
112763
138635
138732
138294
138732
136941
138732
138686
138686
138526
135445
138732
138686
138732
138686
138635
136710
138686
138732
138732
138732
138635
138732
138732
138604
138635
138732
138686
137187
138526
138686
138635
138686
138732
138732
138635
138686
138686
138732
138604
138732
138604
138604
138732
135550
138491
131770
138686
138686
138635
138686
138732
138635
138491
138686
138732
138526
138608
138732
138732
138686
138491
138635
138732
138526
138686
138526
138635
138732
138635
138526
138635
138686
138686
138732
138732
138686
138732
138635
138686
138635
138686
138732
138732
138526
138686
138732
138732
135445
135129
137338
138732
134935
138732
137338
138332
138732
138732
138635
138686
138686
138635
138732
138635
138526
138526
138686
138686
138491
138686
138294
138635
138635
138732
135911
138608
138686
138491
138732
138732
138686
138319
138732
137338
135445
138526
138635
138732
138686
138732
138686
138732
138332
138686
138526
138732
138526
138686
138294
138686
138732
138686
138686
138526
138732
138686
138635
138526
137637
138686
138491
138732
138635
138686
137187
138732
138732
138686
138635
133964
138732
138635
138732
138686
138635
138635
138686
138686
138686
138526
138635
138604
138635
138635
138686
138732
138332
138732
138686
138732
138732
138635
138732
138732
138686
135543
138686
138732
138732
138732
138686
138635
138686
138732
138686
138732
138686
138635
138686
138686
135550
135459
138294
138686
138604
138635
138732
138686
136274
138686
138635
138686
130648
138686
138526
138732
138732
138732
138686
138686
134998
132425
138526
138686
138277
136710
138686
138635
138686
138732
137338
138635
138686
136274
138686
138294
138732
138526
138732
138686
138732
138635
138686
138732
138732
138732
138732
138635
138635
138294
138526
138686
138686
138732
138732
138686
138294
138635
138686
138635
138686
137637
138526
138635
138686
138526
138732
138732
138526
138277
138332
138732
138604
138732
138732
138686
138732
135459
138732
138732
138526
138319
138686
138608
138686
137885
138686
138686
135408
138686
138686
138732
138686
138635
138686
138732
138686
138732
138635
138686
138732
138686
138732
138732
138635
138686
138732
138686
138526
138526
138732
138686
137877
138732
138732
138635
138732
137637
138635
138686
138686
138635
135543
138686
138526
138732
138686
138732
138686
138686
138319
138526
138686
138635
138604
138732
138732
138686
138526
138686
138732
138332
138526
138332
138686
138732
138635
138526
138686
138732
138732
137591
138526
138686
138526
138686
138319
138686
138332
138635
96844
138635
138491
138686
138526
128680
138635
138526
138686
138732
138686
138686
138526
138526
138526
138732
138732
138604
138319
138732
138732
138686
137338
138686
138635
138732
137877
138635
138732
138635
138635
138686
137978
138732
138732
137637
138686
138526
138686
138686
83123
138686
137338
138526
138526
138732
137617
138526
138604
138526
138526
138635
138686
138526
138635
138686
138491
138686
138491
137314
138686
138635
138732
138686
138635
138732
138732
138732
138686
138526
138686
138635
138732
138686
138491
138732
138608
138635
138732
138635
138686
138529
138526
138686
138294
138635
138732
138732
138732
138732
138686
138332
138732
138732
138635
138732
138732
138686
138732
138732
138635
138732
138686
137492
138332
138635
138732
138732
138686
135550
138732
138732
138732
138686
138686
138635
138686
138732
138526
138686
138732
138686
138526
138732
138319
138732
138686
138686
138526
138732
138732
138732
138635
138686
138732
138732
138635
138732
138732
138526
138732
138635
138294
138635
135286
138491
138635
138686
138732
136131
138491
138686
136941
138732
138526
138686
138686
138686
138732
138732
138732
138604
138604
138732
138686
138732
138635
138732
138732
138732
138686
138294
138319
138732
138635
138732
138526
138686
138464
138732
135543
138526
138635
138635
138635
138686
138686
138732
138635
138526
138732
138604
138526
138686
138635
138319
138277
138732
136278
138732
138491
138759
138604
138526
138732
137637
138759
138759
138759
138759
138732
138491
138732
138319
138686
137877
138608
138759
138732
137991
138759
138759
138759
138732
138732
138759
138759
138464
138332
138759
138759
138759
98070
138732
138526
130461
138732
138464
138319
138759
138294
138759
138759
138759
138759
138759
138686
138686
138759
138732
138759
138732
138491
138604
138732
138759
138732
138732
138526
138759
138732
138759
138759
138759
138732
138732
138759
138759
138759
138759
138759
138319
138759
138759
138759
138354
135459
138686
138332
138686
138759
138732
138354
138526
137032
138732
138686
137338
138319
138732
138759
138759
138519
138526
138759
138732
138686
138604
138604
138759
138732
138759
138526
138759
138732
138759
138732
109759
138686
137338
135550
138319
138732
138759
138319
138759
138732
138759
138732
138759
138686
137215
138608
138686
138732
138759
138526
138526
138759
138686
138491
138759
138759
138294
138759
138759
138759
134260
138732
138526
138759
138759
138526
138686
138759
138732
138732
138759
138759
137444
138526
138759
138732
138759
135550
138759
138464
138759
138759
138354
138759
138732
138759
138759
138759
138732
138759
138759
138526
138759
138732
138759
138759
138686
138759
138519
138759
138732
138670
138759
138759
138759
138759
138686
138759
138732
138519
138759
138759
138759
138686
138759
30
138759
138759
138732
138526
138670
138759
138759
138759
138732
138759
138759
138759
138686
138759
138732
138759
138464
138759
138526
138354
138759
138759
138732
138759
138759
138686
138732
138759
138759
138759
138686
138732
138759
138526
138759
138759
138759
138759
138686
138686
138686
138759
138759
138608
138759
138759
138759
138759
138686
138759
138686
138732
138759
138759
138759
138759
138759
138759
138732
138759
138732
138759
138686
138759
138759
138759
138686
138759
138759
138519
138759
138759
138732
138759
137471
138759
138759
138759
138759
138732
138759
138491
138759
138759
138759
138732
138759
138686
138732
138519
138759
138354
138759
138686
138759
138686
138759
138319
138686
138759
138519
138491
137004
138759
138670
138759
138759
138491
138759
138759
138759
138759
138732
138759
138759
138526
138759
138759
138759
138759
138491
138608
138759
138732
138732
138759
138732
138526
138686
138732
138759
138526
138759
138759
138491
133556
138759
138759
138759
138759
138491
138686
138759
138732
138759
138732
138732
138670
138686
138759
138759
138686
138464
138686
138757
138759
138526
138757
138759
138526
138759
138354
137471
138759
138670
138759
138732
138526
138526
138759
138759
138732
138759
138519
138757
138759
138759
137338
