30
70179
30
93087
93087
30
30
97863
97863
97863
30
97863
30
97863
93087
29
87060
73242
101371
76501
76501
30
30
30
101371
101371
101371
87060
101371
101371
30
30
101371
100651
101371
106521
106521
105720
106521
93087
100700
105720
106521
106521
106521
105720
106521
106521
105720
106521
104347
106521
106521
105720
105720
93891
30
103553
105720
105720
106521
105720
106521
103553
104347
106521
106521
97863
105720
105720
106521
106521
105720
30
103553
106521
106521
103553
103553
83952
105720
106521
30
104347
105720
101998
104347
106521
105720
105720
105720
106657
106657
88475
106657
101998
106657
104347
106657
107840
107840
107840
107840
106657
104347
103553
103553
108249
108249
106657
83952
106521
108249
107840
106521
106521
103553
101998
106745
106745
108249
108249
83952
99893
107749
108249
107840
108249
101371
108249
100700
108249
108249
106745
108249
106745
100629
100629
106657
106657
108249
30
101371
76863
98738
106745
108249
106657
100629
108249
101998
106745
106521
106521
100629
106521
106521
108249
107840
108249
98291
30
106657
105132
108281
106745
79598
108281
106745
108281
108281
103331
106745
108281
108281
108281
106745
106745
83952
106745
108281
108281
107871
93973
108281
106657
106745
107871
107871
106745
108281
106521
108281
103331
76326
108281
108281
108281
103795
108281
108281
105632
108281
108281
108281
103331
108281
108281
30
107840
108281
108281
108281
107871
107840
106818
98738
108281
108281
108281
107871
108281
108281
108281
108281
107871
107840
108281
108281
107871
106818
108281
107871
108281
108281
106745
107840
107871
103331
102955
106818
108281
108281
107871
108281
108281
108281
108281
108281
107871
107871
108281
108281
108281
108281
108281
108281
108281
107871
108281
102955
107871
108281
107840
106657
108281
108281
107871
106745
108281
108281
107331
108281
107331
107871
108281
108281
106026
100651
107871
103834
108281
106026
108281
103056
107871
107871
106818
108281
108281
108281
107508
107840
107871
108281
108281
107871
103795
108281
107871
107508
108281
108281
30
107871
80741
107840
107508
108281
108281
107871
103348
108281
108281
107871
108281
101998
107871
107871
106745
108281
107871
108281
108281
108281
107871
108281
107871
105290
107840
98713
107871
108281
108281
107840
107871
105132
107871
108281
107508
108281
108281
107871
106026
108281
107871
108281
108281
108281
107871
107871
103834
107331
107980
108281
108281
107871
108281
108281
106745
106745
108281
103834
108281
83031
105290
108281
107871
108281
108002
108281
107980
108281
105132
108002
108281
108281
108281
107980
106745
108002
108281
107871
107840
107871
107980
107980
107871
104590
108281
108281
108281
95846
107980
108002
108002
107871
106026
107508
108281
108002
108281
108281
108281
108281
107871
108249
107980
107840
108281
108281
108281
107871
108281
107840
106818
108281
106745
108281
107871
107980
108281
108281
106657
108281
108281
107508
108281
107840
108281
107980
108281
108002
108281
108281
108002
107980
108281
107871
106745
108281
108281
108281
107871
108281
108281
108281
108281
107871
108281
108281
107980
107840
108281
108281
105226
108002
108281
108281
108281
108281
108281
108281
108281
106657
108281
107871
108002
108281
107871
108002
108281
107871
107980
108002
107871
106745
108002
108281
108281
106745
108281
30
108281
107682
108281
105195
107871
108281
108281
107980
106448
108281
108002
108002
106745
107871
101210
108281
108281
108281
108002
108281
108002
107871
108281
108281
108281
108232
108281
108232
108281
104849
104849
108281
108281
103834
108281
108281
107980
108281
108002
105281
108281
107871
107871
108281
108002
106745
108002
108281
108281
100134
108281
107331
107871
108281
107125
107980
107840
107980
108281
108281
108002
108002
107682
107742
107980
107682
108281
108002
108281
107742
107871
108281
108281
107871
108002
108281
108232
108281
108281
108281
108281
108281
108002
108281
108281
108281
108281
30
108281
106448
107871
108281
108281
107871
108002
108002
107840
107871
105589
107980
108232
108281
105589
108002
107980
107682
108002
108281
108002
105195
105589
108281
107125
108281
108281
107980
105951
107980
108281
107980
108281
108281
107682
106745
105632
108281
108002
107871
108249
107980
107535
108281
108281
106705
108232
108281
108281
108281
108281
108281
108281
108232
107871
107125
108281
106818
108002
103795
108080
108080
108281
108281
107125
108232
108281
107980
107742
107331
108080
107840
107980
108281
107331
107871
108281
84449
108002
108281
107980
108281
107980
107871
108281
108281
108281
108080
108080
108281
108281
108281
108281
108281
108080
108281
107742
108281
108281
107871
105951
108281
108281
108281
108281
107980
108002
107871
108281
107682
107125
108281
107980
108281
108281
108002
108232
108281
108281
108281
107980
108281
108281
101671
108281
108281
108281
107097
108281
108281
107980
105290
107980
108232
108080
108281
107871
108281
106145
106839
108281
108281
108281
108281
105589
107871
107840
108281
108281
108281
107980
107682
108080
108281
108080
107871
107682
107980
107871
107871
107840
107980
97567
108281
107840
108080
108281
108281
107871
108080
108002
108080
108232
107980
108232
108281
108281
107742
108281
108080
108281
108080
108232
108281
107682
107871
108232
107840
108281
108080
108080
108281
108281
107871
106745
108281
108080
107125
108281
108232
106657
108281
107742
108281
108281
108281
108281
108281
108080
108232
108232
107980
108281
108281
108281
108080
107125
108080
105177
107980
108281
108281
108080
108281
108281
108281
108281
108281
108281
108080
107980
108002
106448
107125
108281
108281
104790
108281
107871
108281
108080
41098
107871
108080
108281
108281
107392
108281
108080
108281
108281
108281
108281
107980
107980
108080
99814
108281
107742
108281
107871
105188
107871
103056
108281
108281
108281
108281
108281
108080
108281
108281
108281
108080
108232
107742
108080
108281
108281
108095
108281
108232
108281
108080
108281
108232
107742
108281
108281
107980
108281
108095
107350
108095
108232
108095
107980
108281
107980
108095
108281
108095
108281
108281
108232
108281
108281
107097
30
108095
108281
108281
108281
108281
108232
103703
108281
108095
108095
108281
108095
108281
107980
107980
108095
108281
108080
107621
108281
108095
108232
107871
108095
108281
108232
108281
108095
106818
108281
108095
108281
108281
108281
30
108281
108281
108095
108281
108095
108095
108281
108281
108281
108095
107980
108095
108281
108281
108281
108281
108281
108281
108080
107980
107682
108095
108095
108232
108232
107682
108095
108281
108080
107980
107742
107682
108002
108281
108281
108178
108281
108180
108281
108281
108180
107682
108047
106839
108180
108180
108281
108281
106839
108180
108281
108178
108180
108232
108281
108281
108180
108281
108180
108281
108180
108080
108180
107682
108180
106965
108281
108281
108002
108281
108281
108281
108232
108232
108180
108281
108281
108180
107607
108281
108281
106448
108180
108232
108281
108080
108281
108180
108281
108281
108281
108281
108361
108180
108361
108080
81703
107682
108232
108281
108281
107980
108281
108281
108232
108180
108180
108281
108180
108281
108281
107607
108281
108281
107682
108281
108361
108281
108281
108178
108281
107980
108281
107939
108080
108281
108281
108281
108180
108180
108180
107980
108281
108180
108281
108361
108281
108361
108361
107326
108281
108095
108361
108281
108281
104790
97567
108281
107673
108002
108080
108080
108281
108180
107742
108080
108281
108281
107607
108281
108080
108180
108047
108281
108281
108361
108178
108361
108180
108281
108232
108281
108281
108002
108232
108281
108281
108080
108361
108281
108002
108281
108361
108361
108281
108281
108180
108281
108281
108281
108180
106898
108180
108180
108281
108281
108080
108281
108281
108281
108080
107607
108281
108180
108281
108281
108178
108178
108281
108180
108180
108281
108232
108180
108361
108180
108361
108180
108178
107939
108232
108281
108281
108178
108281
108281
108281
108180
108178
108281
108180
108178
108361
107682
108361
108281
107980
108002
108281
108281
108361
108232
108281
108281
108180
107350
108080
108281
108281
108361
108281
108281
108281
108281
108281
108281
108180
107052
107980
108281
108047
108281
105226
102493
108180
108178
108281
106896
108361
107682
108414
108281
108414
108414
108281
108414
108281
30
108249
108414
108281
108281
108414
108281
108414
108002
107579
108232
108080
105589
108414
108414
108281
108178
107980
108414
108414
108281
108414
108281
108281
108281
108180
108180
105589
108414
108414
108180
108232
108414
106839
108180
108414
108047
108232
108414
108281
108281
108414
108232
107840
108002
108281
108281
106965
108281
108281
108281
108178
108281
108249
108414
108414
108414
108281
107607
108281
108281
108281
108281
108414
108281
108249
108281
108281
108281
108232
108414
108281
108414
108414
108414
108414
107840
108180
108080
108180
108414
108249
108180
108232
108414
108281
108281
108414
108180
107980
103027
108232
108414
108414
108414
101230
108414
108414
108232
108414
108180
108232
107682
108361
108281
108414
105839
108414
108414
108281
108414
108281
108281
108414
108414
108414
108232
108180
108281
108180
108414
108361
102873
108281
108281
108414
108281
108414
108080
108281
108281
108414
108281
104721
107326
108232
108180
108180
108281
108281
107980
108281
108281
108414
108281
108281
108080
107607
108232
108414
105239
108414
108281
108281
108080
108281
108414
108414
108281
107607
108414
108178
108281
108281
108281
108281
108281
108281
108414
108414
107591
108281
108281
108414
108414
108232
108281
108414
108080
108281
108281
102429
108180
108180
107607
108281
108414
108414
108281
108180
108281
108180
108180
108414
108180
108414
108281
108249
108281
104264
108281
