9366
30
29641
30
29641
30
28564
28019
29724
28564
30
28564
29641
27113
30
31917
29724
27982
30329
30329
30
23127
16759
30
30532
29798
30532
29798
31917
30329
29798
31917
19416
32101
32101
32089
32101
29798
31835
30
32101
31917
32101
32101
31917
31917
30
32101
25133
31917
30899
31917
32089
25661
32101
32101
31917
31917
32089
29641
27113
32101
32101
32101
31917
29641
30
32101
32101
32101
29798
31917
32101
32089
32101
32101
32101
32101
32089
31917
29097
31917
32089
32089
31917
32101
31917
32101
30532
32089
32106
32106
32106
32106
31835
32101
31917
32101
31835
32089
32106
32106
32106
32106
32106
32106
32101
32106
32106
32106
30
32106
32106
32106
32106
32101
31931
32106
32106
32101
32106
32106
32101
32106
30329
30812
21284
31917
32089
32106
31931
32106
32089
32106
31917
32062
32106
30812
31835
31931
32106
32106
32106
32106
32106
32106
29182
32106
32106
32101
30
32106
32106
32062
32101
32106
32089
20042
32106
31931
32062
32106
32106
32089
32106
30573
30899
32106
32106
32101
32106
32101
32106
32101
31917
32101
20581
32106
27320
32106
32089
32101
31835
32106
32106
32106
32106
32106
32106
32106
32106
32106
32101
32106
32101
32106
32101
31957
32062
30
31917
32089
32106
32106
32101
30812
32106
32101
31835
32106
32106
32101
32106
32106
32106
31687
32101
32106
32106
32089
32106
32106
32055
32055
32055
32106
32106
32106
32106
32101
32101
32106
32106
32062
11164
31835
32106
32062
31381
32106
32101
32106
32106
31728
32106
32106
32106
32106
32106
27345
32106
32106
32106
31917
32055
32106
32101
32055
32106
32106
30573
32106
32101
31855
31835
32101
32106
32055
32106
32106
32106
32106
32101
32106
31917
32106
31957
32106
32106
31835
31443
30812
32106
32106
32106
32101
32101
32106
31855
32106
32106
31931
31835
32106
32106
31855
32106
32106
32106
32106
32062
31336
32106
32101
32062
32101
31228
32106
32106
32101
32089
32089
32089
32106
32101
32106
31855
32106
32106
32062
30
32106
31810
32106
31917
32106
32055
32106
32106
32106
32106
32106
32106
32106
28564
32106
32106
32101
32055
32106
32106
31381
31406
31855
31728
31218
32106
32106
32106
32106
31957
32106
32106
13254
32106
32106
31957
32106
31855
32106
32055
31855
32062
32089
32106
32106
32101
32106
31855
32106
32101
30463
32106
31917
32101
32106
31381
31917
32089
30616
32062
32062
32101
32062
32106
32106
31957
32106
32106
30483
31917
32101
32106
32106
31406
32101
31228
32106
32101
32106
32106
32106
32106
32089
32106
32055
32062
32106
31687
32106
32089
32089
31917
31258
31957
32106
32106
32055
32106
31931
32101
32101
32106
32055
32106
32089
31728
30297
32055
32106
32101
32101
32106
31698
32106
31917
32106
32106
32106
32062
31258
32106
32062
32101
31855
32106
32101
32106
32062
32106
32089
32106
32106
32106
32106
32106
32106
32055
32106
31218
31336
32055
32089
32106
32106
13520
32106
31381
30245
31381
31218
32101
32055
32106
32062
30483
32089
31728
32106
32106
32106
32106
32106
32106
32106
31665
32106
32106
32101
32055
32106
32106
31957
32106
32106
32062
32106
31029
32106
32106
29261
32106
32106
32055
32106
32055
32089
32106
32106
31029
32140
31665
32101
32106
32106
32106
32106
32106
32106
32101
32089
31406
32106
32106
32106
31889
32101
32106
32106
32101
32062
31957
28580
29572
32106
31855
32089
32118
32106
32101
32055
32089
32118
32106
32106
32118
32101
32118
32106
31698
32118
32101
32106
31889
32106
32106
32106
32101
32032
31687
32106
32106
32032
32089
31698
32118
32032
32106
32101
32032
32118
32032
32118
31336
32118
32101
32118
32106
32140
32118
32118
31917
32106
29261
32118
31957
32118
31957
32118
32118
32118
32106
32106
32106
32055
32106
32101
32106
32118
32118
32106
32118
32106
31029
32106
32106
32106
32101
32032
32106
32118
32118
32106
32055
31917
32101
31855
32118
32101
32118
32106
30297
32118
32118
30826
31917
32118
32118
32106
32106
32118
32118
32106
32118
32118
32106
32055
32118
32101
32118
32118
31931
32106
32106
31726
32106
32106
32106
32106
32118
32101
32106
31855
30888
32089
32118
32118
32118
32118
32118
32106
32106
31889
32106
31917
32106
31835
32106
32106
32106
32106
32055
32118
32055
32118
32106
32118
32118
31889
31935
31855
32101
31917
32055
30635
32106
32101
32106
32101
32106
32118
32118
31855
32106
31931
31381
32101
32118
32101
32118
32055
32118
29804
32106
32106
32118
32118
32106
32101
32101
32118
32118
32106
32118
32106
32118
32118
32118
32118
31336
32140
32055
32055
32106
32032
32106
32101
32106
32118
32118
32106
32106
32032
32032
31855
32118
31917
31428
31665
31835
32118
32101
32106
31889
31917
32118
32118
32055
32106
31889
31917
32106
32118
32106
32118
32118
32118
32106
32118
30135
31728
30888
32101
32032
32106
32140
32106
32089
32140
32106
32106
32106
32101
32118
32118
32118
32118
31957
32118
32118
32118
32118
31728
32118
32118
32118
32055
32055
32106
32032
32106
30
32118
31855
32118
32118
32118
32106
32118
32118
32118
32101
32106
32106
32118
32106
32106
32118
32106
32106
32118
32106
32106
31855
32106
32118
32101
32106
32101
32101
32101
30
32118
32118
32118
32101
32106
32106
32089
32106
31917
32118
32118
32106
32055
32106
31855
31728
32118
32101
32106
32140
32118
32089
32101
31889
30
32118
32118
32062
32106
32055
32118
32106
32118
32106
32106
32118
32106
32118
31664
32101
32118
32106
32055
32101
32106
32106
32118
32106
32118
32106
32055
31381
32101
32118
31801
32118
32106
32089
32101
32055
32106
32118
32101
32101
32106
29394
32118
32118
32118
31957
32118
32106
32106
32101
32106
32106
32118
32106
32106
32106
32106
32106
31810
32106
31957
32118
32055
32118
32101
32055
32032
32101
32106
32118
32101
30
32118
32101
31687
32118
32118
31788
32106
32101
31788
32101
32101
32101
30463
31801
31965
31406
32106
32106
32118
31965
32118
32101
32106
31687
32118
31450
32106
32055
32106
26969
31917
32101
32106
30
31931
32106
32118
31965
32118
32106
32106
31917
32106
32032
32106
32118
31728
32118
32106
32106
30970
32118
32106
32106
32118
32118
32101
32106
32106
32118
32118
32106
30934
32118
32106
32106
31965
32118
30812
32106
32101
32106
32101
32106
32118
32101
32101
31889
30463
31728
32106
31665
32101
31145
32140
32118
32118
31619
32118
31965
32118
32106
32106
32055
32101
32190
32106
32106
32106
32101
32106
32106
32106
32101
31965
32106
32190
32190
32106
32190
32106
32106
32190
32190
32190
32101
31917
32106
32190
32190
32157
32106
32106
32106
32106
32190
32101
32055
32190
32106
32190
32157
32190
31917
32157
30
32106
32106
32190
32106
31664
32190
32190
32190
32190
32106
32101
32106
30832
32153
32153
32153
32190
31619
32153
32153
31917
32190
32157
31664
32157
32089
32153
32190
32157
32106
32190
32118
32153
32157
32153
32055
32190
30832
32190
32190
32190
32118
32153
32190
32153
32190
32032
32106
32190
32190
32190
32157
32153
32153
32190
32153
32106
32190
32153
32190
32153
31726
32153
32190
32157
32153
32190
32106
32153
32190
32106
31428
32190
32118
32153
32157
31428
31965
32101
32153
31889
32153
32153
32106
32190
32190
31326
32106
32153
32190
32190
31917
32089
31446
29626
32190
32157
32055
32153
32153
31664
32101
31336
32190
32153
32153
32190
32190
32190
32186
32153
32153
32190
32153
32186
32153
30
32157
32186
32186
32106
32153
32157
32190
32153
32190
32186
32190
32190
32055
32106
32186
32106
32153
32190
32190
32186
31889
32055
32190
29835
32153
32157
31028
32153
32106
32190
32190
32106
30970
32159
31665
32186
31889
32186
32159
32186
32159
32186
32186
32190
32190
32106
32190
32190
32186
32159
32159
32186
32159
32186
32159
32032
31665
32186
32186
31894
