30
1915
1915
30
30
2558
2558
2457
30
2457
2183
2558
2457
30
2457
2457
2558
1867
2558
2457
2558
1867
2457
1908
1908
2457
2457
1908
30
2457
2457
1908
2457
2457
1410
2457
2555
2457
2555
30
2456
2555
2558
2535
1347
2558
2555
2227
2555
2535
2457
2555
2555
2558
2535
2457
2555
2535
30
1910
2558
2338
2535
2555
2555
2555
2457
2338
2555
2535
2555
2535
2555
2535
2558
30
2535
2535
2558
2555
2457
2457
2555
2555
2535
2535
2535
2535
2457
2555
2558
2555
2558
1640
2296
1263
2348
2535
30
2535
2555
2457
2420
2562
2522
2555
2555
2429
2555
2558
2522
2558
2562
2555
2535
2555
2267
2555
2348
2429
2562
2555
2558
2555
2562
2562
2562
2522
2555
2562
2562
2562
2420
2457
2429
2558
2535
2411
2522
2558
2562
2522
2429
2463
2562
2338
2562
2562
26
2562
30
1672
2535
2562
2558
2522
2555
2535
2535
2535
30
29
2429
2555
2555
2562
2495
2555
30
2555
2463
2535
2420
2522
30
2555
2242
2555
2548
28
2557
2429
2562
2562
2548
2548
2562
2555
2557
2557
2555
2562
2562
2555
2420
2562
2557
2457
2557
2557
2558
2555
2457
30
2558
2562
2562
2429
2555
2562
2555
2548
2470
2557
2557
30
2557
2562
2548
2557
2557
2555
2557
2562
2558
2555
2557
1431
2548
2555
2562
2562
2562
2557
2555
2417
2296
2562
2562
2557
2562
2417
2548
2528
2202
2528
2562
2548
2296
2562
2562
2558
2548
2523
2557
2349
2557
2558
2557
2551
2463
2445
2555
2548
2555
2178
2557
2557
2555
2555
2557
2555
2558
2548
2548
2558
2555
2557
2557
2562
2562
2555
2398
2557
2558
2555
2548
2562
2558
2555
2562
2555
2562
2562
2528
2555
2551
2555
2562
2557
2557
2562
2516
2555
2555
2548
2562
2557
2548
2424
2558
2424
2562
2557
2557
2557
2339
2196
2562
2562
2548
2555
2548
30
2557
30
2548
2528
2562
2558
2557
2557
2557
2555
2548
2562
2562
2562
2558
2528
2557
2557
2548
2548
2502
2557
2555
2557
2558
2562
2528
2548
2562
2557
2558
2558
2535
2555
2548
2558
2557
2555
2557
2557
2528
2558
2562
2548
2443
2482
2562
2557
2557
2557
2557
2509
2557
2555
2562
2557
2562
2557
2390
2558
2557
2528
2557
2555
2557
2557
2558
2557
2548
2557
2558
2557
2558
2451
2555
2562
2557
2478
2482
2548
2548
2555
2557
2559
2548
2555
2557
2443
2523
2555
2548
2548
2555
2548
2562
2528
2562
2562
2562
2548
2509
2272
2548
2555
2557
2548
2523
2555
2559
2548
2555
2557
2562
2562
2559
2562
2514
2558
2558
2555
2559
2562
2540
2555
2562
2557
2528
2557
2555
2410
2514
2552
2548
2514
2559
2562
2442
2559
2557
2555
2555
2562
2548
2555
2557
2562
2557
2557
2557
2559
2555
2562
2528
2548
2552
2559
2562
2555
2558
2559
2562
2555
2557
2548
2557
2559
2548
2558
2555
2445
2548
2445
2528
2557
2555
2557
2564
2555
2548
2390
2548
2523
2410
2564
2555
2555
2558
2562
2564
2555
2523
2558
2548
2555
2451
2564
2564
2558
2558
2558
2564
2548
2564
2564
2564
2564
2564
2548
2564
2516
2564
2548
2555
2278
2523
2564
2559
2548
2555
2555
2555
2412
2564
2183
2558
2550
2535
2564
2559
2558
2558
2555
2548
2564
2564
2555
2564
2564
2555
2558
2564
2555
2564
2550
2564
2564
2555
2564
2564
2558
2564
2562
2550
2564
2558
2564
2564
2564
2564
2548
2564
2564
2564
2564
2564
2555
18
2564
2564
2564
2555
2564
2564
2564
2559
2564
2562
2558
2552
2550
2548
2564
2523
2562
2558
2564
2558
2564
2564
2555
2548
2558
2564
2550
2564
2524
2564
2555
23
2555
2562
2558
2564
2564
2548
2564
2555
2564
2564
2523
30
2552
2564
2564
2281
2521
2558
2562
2564
2555
2555
2564
2564
2514
2558
2564
2558
2558
2552
2564
2564
2564
2564
2558
2564
2563
2563
2563
2564
2548
2564
2563
2523
2563
2514
2564
2564
2563
2548
2564
2564
2564
2564
2564
2550
2563
2564
2558
2564
2564
2562
2558
2562
2564
2564
2514
2564
2564
2562
2564
2563
2558
2563
2523
2548
2564
2564
2563
2297
2557
2564
30
2564
2557
2550
2558
2564
2564
2564
2564
2563
2564
2555
2564
2563
2564
2564
2564
2564
2563
2564
2467
2562
2531
2564
2557
2563
2563
2563
2563
2521
2524
2555
2559
2562
919
2407
2564
2550
2563
2564
2563
2564
2564
2564
2564
2555
2496
2564
2555
2559
2564
2563
2564
2558
2564
2564
2564
2563
2555
2548
2562
2564
2519
2552
2555
2564
2563
2555
2564
2548
2389
2564
2564
2564
2564
2555
2562
2564
2550
2564
2563
2327
2555
2562
2562
2562
2563
2563
2564
2563
2564
2563
2562
2564
2563
2558
2558
2467
2563
2559
2564
2563
2559
2564
2555
2563
2563
2564
2564
2563
2564
2558
2564
2564
2555
2531
2564
2564
2555
2563
2563
2424
2563
2564
2564
2563
2564
2564
2563
2563
2564
2138
2564
2564
2297
2562
2563
2564
2564
2563
2564
2563
2564
2563
2564
2564
2563
2564
2427
2557
2563
2555
2564
2562
2563
2564
2555
2564
2564
2564
2558
2563
2564
2564
2564
2563
2564
2564
2564
2564
2427
2555
2555
2564
2550
2564
2564
2563
2563
2564
2563
2564
2535
2501
2563
2563
2562
2563
2564
2562
2564
2563
2564
2502
2564
2548
2563
2564
2558
2531
2564
2563
2563
2564
2564
2564
2558
2564
2475
2564
2564
2564
2564
2562
2563
2555
2555
2564
2564
2559
2564
2564
2564
2563
2564
2564
2552
2564
2564
2563
2564
2162
2564
2555
2564
2562
2564
2563
2564
2564
2564
2555
842
2564
2562
2564
2564
2564
2564
2564
2555
2555
2563
2563
2427
2558
2564
2564
2516
2552
2564
2563
2564
2564
2562
2563
2558
2563
2562
2564
2564
2564
2564
2564
2564
2564
2562
2564
2563
2562
2557
2564
2564
2558
2557
2564
2564
2564
2564
2563
2564
2564
2564
2564
2563
2564
2563
2563
2564
2564
2564
2564
2564
2563
2564
2555
2563
2563
2564
2553
2564
2564
2564
2562
2564
2564
2564
2564
2563
2090
2564
2558
2564
2563
2447
2553
2564
2562
2564
2563
2564
2563
2563
2562
2564
2522
2563
2564
2411
2564
2558
2563
2564
2564
2564
2564
2564
2521
2563
2563
2564
2411
2564
2564
2563
2555
2563
2564
2361
2564
2563
2563
2564
2564
2562
2564
2102
2559
2564
2557
2564
2562
2562
2563
2354
2564
2562
2555
2564
2553
2564
2562
2564
2564
2564
2564
2564
2562
2564
2564
2562
2562
2564
2562
2555
2562
2564
2562
2562
2562
2562
2564
2548
2562
2467
2564
2564
2562
2545
2564
2564
2564
2564
2562
2564
2562
2564
2562
2564
2562
2562
2548
2441
2562
2564
2562
2564
2564
2558
2564
2564
2559
2562
2562
2562
2559
2555
2564
2562
2564
2562
2557
2564
2564
2487
2557
2564
2564
2558
2562
