72430
30
105486
105486
105486
46223
72430
72430
30
30
105486
127645
127645
125034
127645
102458
125034
72430
135138
30
102458
137819
107072
127645
30
137819
30
137819
30
61093
137504
53583
102458
137819
137819
119675
137504
138626
119675
138626
138626
138626
120404
138626
138626
138626
138626
137504
134113
134113
30
138626
30
126055
134063
134113
138626
30
134113
134113
30
138626
130680
138177
138626
141454
141454
141454
30
130680
134063
134113
141454
141454
127709
138177
28571
134113
71905
138626
30
127709
141454
138177
141454
141454
30
130680
102426
134063
141454
127709
90837
141454
119675
138177
141454
141454
141454
30
134113
127709
138177
141454
141454
141454
135780
30
141454
141454
141454
135780
141454
141454
130680
30
141454
30
135780
136756
119675
136756
141454
136756
141454
141454
138626
141454
119675
141454
135433
141454
141454
141454
141454
141454
141454
134113
138626
137958
126055
119675
141454
30
135780
141454
141454
137504
141454
138177
134113
135780
141454
141454
141454
127709
141454
126055
141454
141454
141454
141454
129200
141454
130680
141454
141454
134063
141454
141454
138626
138431
141454
141454
137958
141454
141454
141454
141454
141454
117740
136406
141454
141454
141454
141454
139430
141454
138626
141454
130869
134113
141454
138431
141454
141454
141454
137958
141454
136756
134113
141454
138431
30
141454
141454
141454
141454
134845
141454
141454
141454
138626
141454
141454
141454
141454
141454
141454
140650
141454
138431
141454
141454
141454
141454
138431
141454
135780
134113
141454
141454
140650
140650
129200
134113
141454
141454
140650
140650
141454
140650
141454
140650
141454
138177
141454
141454
141454
141454
139277
141454
141454
140650
135780
141454
141454
141565
141565
139430
141565
141539
134063
141539
139430
136577
141565
141565
141565
141565
141539
130674
141539
138431
141454
130680
141539
139430
141454
141565
141565
141539
141565
141539
141565
134845
141539
141565
141539
141565
141565
141565
30
141565
139430
141565
141539
141565
141454
141539
141539
141565
141565
141454
127886
141565
141565
141565
141454
122158
141565
141247
138177
141565
140650
139430
121557
141539
141565
141565
141539
141565
138177
141454
30
136406
30
141539
141565
141565
141565
141565
116443
141539
141539
137819
141565
141565
139430
141565
141454
139430
141565
141565
141565
141539
141565
141247
141565
141565
141565
141565
141539
140650
140544
141454
141539
140650
141565
141565
139881
141539
94848
138177
141539
138177
141565
141565
141565
141565
141565
141565
30
141565
141565
141539
141539
140544
141565
141565
30
141454
141565
141565
141565
141539
136509
141565
141565
138177
141565
141565
140544
141565
141539
141565
141565
140650
141565
141539
141539
141565
141565
141565
141565
141539
141539
141539
141565
141565
136577
139881
141565
141565
130044
90878
141565
141565
141565
141565
140544
141728
141728
141565
141728
141728
141728
131088
141728
141728
141565
141728
136325
140544
140544
140544
141728
141728
141565
141565
141728
141565
141565
140544
141728
141565
141565
141565
141728
141565
141565
141728
141728
140035
138431
141565
141565
141728
141728
141565
141728
141565
141539
141565
140071
140544
141454
141565
140544
141565
141565
141565
141728
141728
137958
141728
141728
141728
134113
141728
141454
141565
141565
141728
141565
140544
140650
141728
140544
141728
141565
141565
141565
141728
141728
130044
140544
141454
141728
141247
141565
141728
141565
141565
140650
141565
141565
141565
140544
141565
140544
139881
139881
140650
141454
138435
141565
140544
140544
141565
141728
140544
141565
141728
141454
141565
121557
141728
140544
140650
141728
141728
141728
141728
140650
141539
141454
141728
141454
141565
141728
140544
139727
141565
141454
141728
139430
138177
141565
141454
141565
141728
140544
140650
140146
141565
141454
136406
141565
141454
141565
141565
141565
141728
141728
141565
141728
140650
141728
141454
141728
141565
139430
139430
141565
141454
141728
140650
141728
141565
141728
141565
136406
141728
141728
141728
141565
141728
138177
140206
141454
140650
141454
141565
141565
141565
132795
140650
140544
141728
141565
141728
141728
141565
141565
141728
141728
141728
141728
139727
139727
141565
140650
141565
121954
141454
140650
141565
141728
140650
141565
141565
141177
141565
141728
141565
30
140650
139430
141177
141177
141177
141177
141728
141539
141565
141454
141728
141565
141565
141565
141565
110650
141728
30
141565
140544
139430
141728
141565
141728
141728
141565
137500
141454
141565
136575
141177
141728
140146
141454
141565
141728
141728
141565
141728
141565
141728
140650
141728
136575
132359
140650
141177
140169
141728
141728
30
141728
141565
141565
141728
141728
141539
141565
141565
140650
141454
141565
141565
139881
138431
141177
141565
141454
141177
141177
141177
141728
141454
141565
141565
140544
140650
141728
141565
141539
141177
141565
141565
141565
141728
141565
141565
139653
141565
135643
139881
141565
141728
141565
141728
141728
141845
141454
141565
141845
138177
141565
141845
141728
141845
141845
141565
141845
141728
141609
141845
141845
141845
141728
141845
141845
141565
141565
141565
141565
135440
109496
141565
136325
141845
140921
141728
141728
141539
141845
141845
108198
141728
140544
141565
139277
141845
141845
141565
141845
141454
141728
141565
141728
141728
141565
141728
141845
141845
139727
141539
140921
141728
141845
141454
141845
141845
141565
140650
141565
141728
141845
141565
141845
141845
141728
141565
140921
141845
136823
139396
141845
141845
141565
141845
140015
141728
141565
141728
141177
141845
141565
141728
141728
141454
141845
141565
141565
139653
141845
141845
141845
141845
141728
140921
141565
141845
141728
141728
141565
141728
141845
141565
141845
141454
141728
141845
141539
141845
141565
138602
141728
141845
141845
141845
140544
141565
141845
138431
141454
141728
141845
141845
141609
141177
140921
141845
141845
141845
141728
141728
141565
141728
141845
141565
141845
140921
141539
140921
141728
141454
141565
139396
141565
141845
141845
138602
138167
141845
141565
139087
141845
139881
128137
141845
141728
141845
141845
141845
141565
137500
141845
141565
141728
141565
141845
141845
141845
141728
139727
141845
141845
140921
141599
141728
141845
140921
141728
141565
141845
141845
141526
141728
141845
141565
141845
141845
141845
141565
141068
141845
141565
141845
141845
141845
141491
141565
141845
141177
141845
141565
141845
141728
141565
141845
141565
141454
141177
141845
141491
141845
141565
141845
141539
141565
141845
141565
141845
141728
141565
141728
141845
141728
141845
141454
141728
141845
141728
141728
141845
141565
141845
141845
141845
141728
141728
141565
141491
141728
141565
139653
141539
141845
141845
141728
141845
141491
139396
141565
141728
141845
140921
136351
141845
141491
141845
141491
141728
141728
141845
141491
139881
141728
141565
141845
141728
141845
141491
141845
141845
141845
141728
141565
141539
141565
141728
141845
141845
141565
141728
141728
139881
139727
141845
141491
141845
141491
141728
134454
139653
122221
141845
141728
141845
141845
141845
141565
141565
141454
132359
141728
141845
141728
141728
138041
141728
141728
141728
141565
141491
141728
141728
141845
141845
141845
141177
141565
141068
141845
141728
141491
141845
138602
141728
141454
141565
140921
141845
141728
141565
141491
141728
141728
141845
141845
141565
141177
141845
141845
141539
141728
141491
139881
141177
141845
141845
141565
141845
141565
141728
141845
141845
141539
141845
141845
141728
141845
141177
141728
141565
141845
141728
141565
141845
141845
141728
141845
141539
141177
141539
141728
141845
141408
139653
141845
141565
141845
141845
141845
141539
141609
141845
140004
139881
141728
141728
141845
141565
141845
141845
141491
134113
141565
141408
141845
139881
141845
141565
130165
141845
141565
138177
141539
141845
141845
141845
141728
141491
141491
141728
141845
138602
141845
141845
138177
141845
141565
141728
141845
141177
141728
141728
141845
140015
141845
141845
141177
141491
141728
141845
141454
141845
141728
141728
141728
141845
141565
141565
141845
141454
141728
141565
141491
140624
141539
141728
141845
141764
141764
141845
141565
141285
141728
141764
141764
141764
141845
141845
141491
141845
141845
141764
141845
141845
141565
141845
141539
141491
141845
141491
141845
141845
141565
141565
141454
141845
141728
141454
141491
141845
141845
141845
141845
141565
141728
141728
141565
138177
140921
141565
141565
141845
141764
141845
141845
140624
141565
141764
141177
141845
141764
141845
141845
141764
141764
141845
141285
141491
139015
141845
141491
141728
141845
141728
141764
141565
140624
141565
141845
141845
141764
141454
