92920
92920
135077
105052
135077
135077
30
123719
138062
123719
138062
138062
137773
138062
138062
138062
138062
30
138062
138062
137773
30
138062
138062
138062
117175
138062
138062
140807
138062
30
140807
128622
128622
30
30
138062
140807
138062
140807
140807
140807
138062
140807
137616
140807
140807
137773
30
140807
137773
140807
140807
129416
138062
140807
140807
140807
129287
140807
138062
140807
129416
140807
140807
138531
138531
140807
30
140807
138531
140807
138531
138531
104113
86456
140807
140807
140807
107634
140807
140022
140807
104113
140022
140807
140022
140807
140022
129416
140022
129416
102958
140807
140022
140022
140807
138312
140807
140022
140807
140022
140807
30
123719
140022
140807
138312
140807
140807
140022
140807
140022
140807
140807
140807
134249
140022
128622
140807
137616
140807
140807
140022
140807
140807
140022
140807
104113
140022
111019
140807
134249
140022
129416
30
130133
134249
140807
140807
140807
140807
140807
140022
138312
140807
140807
140807
140807
140807
140807
131798
131798
140807
140471
140807
140807
131798
30
114453
140471
140807
140471
140807
140022
138312
140807
140807
140807
140807
140471
134810
140807
134810
136282
134779
140807
140807
140807
134810
30
140022
140022
140807
140807
138430
140807
138312
140807
140807
123779
140807
140807
134810
30
102604
140022
140807
140022
140807
140807
140022
140022
140807
140807
134249
114453
140807
140807
140022
140022
140807
140807
136282
140022
136282
138531
138531
138312
135417
140807
140807
134249
140807
140807
140807
140807
140807
140807
140807
140807
140471
138531
140807
87506
137773
140022
140807
140807
140807
140022
30
139072
131798
140022
134810
138312
140807
137773
140471
140807
140807
140807
140807
140022
140807
140022
140022
138312
140807
140807
134249
138312
134810
134810
140022
140022
138531
141156
141156
138430
131462
124020
141156
141156
30
30
140022
140022
141156
141156
140022
140022
138312
141156
140022
135320
140022
140471
128752
134249
140022
138312
141156
140471
140471
140022
134810
141156
134249
118689
138312
140022
141156
141156
140022
141156
140022
141156
141156
112213
141156
123719
141156
141156
134810
141156
140022
141156
141156
134810
141156
141156
141156
127607
140471
141156
134810
141156
141156
138312
137219
30
138430
84441
140022
138312
141156
138312
141067
140022
139072
134810
141156
141067
141156
141067
141156
137804
140022
141156
141156
135529
141156
140807
140471
134810
141156
141067
140471
141156
141156
141067
141067
140402
141156
141067
141156
141067
141067
141156
140022
134810
141156
141156
141156
141156
141156
141156
141067
140022
141156
141156
141067
130589
140807
141156
137773
141067
140022
141067
141067
141156
141067
141067
141156
141067
141156
141156
140471
141067
140807
140402
141067
30
141156
141156
141156
141156
140022
141156
141156
141156
141746
140022
141156
141156
141156
141156
141156
140022
140022
138070
141156
140022
141156
141067
141156
140022
139854
141156
141067
141067
140022
141067
141156
141156
141156
140206
141156
141156
137201
141156
141156
141156
140471
141156
141156
140022
112647
141067
141156
138531
131770
141156
141156
141156
139854
141156
141156
141067
141156
140022
140206
141156
141156
136458
141156
134810
141156
140402
141067
141156
139854
141067
141156
141156
140563
139854
141259
141259
141259
141259
141259
131798
141259
141259
141156
141156
140807
141156
133895
141259
139854
139854
141259
141259
141259
140402
141259
136116
141156
141259
141259
139854
141259
140807
141067
141156
141259
141259
141156
139854
141259
134810
141259
140402
141156
141259
141259
140807
140471
141259
141156
141156
141259
140206
141259
141156
141259
141259
141259
141156
141259
140022
141259
30
66230
137773
140402
138312
141259
141259
140563
141259
141259
141259
141259
141156
141067
141259
141259
136119
141259
140402
141156
30
141156
140807
141156
141259
141259
141259
141746
141156
141259
141156
141156
141067
141156
141259
141259
141156
141067
141259
141067
141156
141259
141156
137773
141259
141259
141259
141259
140022
141259
112213
141259
140402
141375
141375
141156
141156
141156
141375
140197
139854
140728
141156
141375
141156
141375
141375
141375
141156
140471
140728
136458
141375
141375
141156
141375
141375
140807
141375
141375
141156
140807
141375
141375
141156
141156
140402
141156
141375
141156
141375
141156
141375
141067
141375
141156
141156
141375
141156
141375
141375
141156
141375
140471
141375
141375
141067
140402
141375
140728
141375
141156
140807
140471
140471
138635
136119
141375
141375
141375
141375
141156
141375
141375
140563
141375
140471
136670
141375
141156
141375
141375
141375
141375
140728
141156
140022
140402
141156
140807
141156
141375
141375
141156
141375
137616
140728
141375
141375
140471
141156
30
141156
141156
141156
141767
141767
140728
141156
141375
141375
141767
141767
141259
138635
141067
141767
141156
141767
141767
141156
140022
141375
141156
141375
141156
140206
141767
140471
141767
141375
141156
141767
141767
140022
140471
141767
141156
138635
141259
141767
139854
141767
141767
140807
140022
140471
141767
140807
141767
30
141767
141745
140402
141745
141767
141375
140471
141156
141767
141375
141767
141767
141156
141767
141067
141767
140471
141767
141767
141767
140402
141767
140402
141767
141745
141767
141767
141767
140402
141156
139266
141767
141767
140807
141767
138635
141156
141767
141767
140471
141767
141156
141156
141767
141745
141767
141767
141767
141767
141767
141156
140402
141156
141767
141767
141767
140402
141745
30
141375
141156
140193
141767
140807
140807
141767
141767
141156
141767
140471
141767
141767
141767
141767
141767
141745
140807
141767
141156
141745
141767
141767
141767
140471
141767
141767
141767
141767
141767
141259
141767
141767
141767
141767
141767
141767
141767
141767
141767
141156
141156
141745
140471
141156
138026
141156
141767
141767
141767
141767
141767
141767
141745
141767
140807
141767
141767
141767
30
141156
141746
137773
141767
141767
141767
141156
141767
141156
141745
141767
138070
140402
141767
140728
141745
141767
141745
141156
141767
141745
141767
141767
141767
140402
134881
141156
139574
141156
141156
141767
141767
141767
141767
141767
141767
141767
141767
141767
141745
141156
141767
141767
136670
141767
141767
141767
141767
141767
141767
141767
141745
141745
141767
141767
141767
141745
141156
141767
141767
140807
141767
141767
140234
141745
141767
140807
141767
141745
141745
141767
141156
141156
141767
141767
140471
141767
141745
141767
141767
141375
140022
124572
141767
141767
141767
141767
141767
141745
140471
141767
140471
141156
140807
141767
141767
141767
141767
141767
141767
141767
141767
140402
141767
140807
141156
141767
138635
141767
141767
141745
138303
141767
141156
141767
141767
141767
141767
140728
141767
141767
141767
141767
130662
139266
137270
141745
141767
141767
141767
140563
140278
141767
140206
141608
141745
141767
141767
141767
141767
141625
141608
139266
141745
141767
140402
141767
141767
141745
141608
141767
141767
141767
141767
141608
141767
139266
141767
141767
138070
141767
141625
141230
141608
141745
141538
130322
141767
141767
141625
141745
141767
141767
141067
141767
141767
141230
141767
141745
141745
141767
141230
140234
141767
141767
141230
141608
141608
141767
141767
136670
141608
141767
141767
141745
141767
141538
141767
141767
141767
141625
141767
141608
141767
141745
141608
141538
141767
141538
141745
141767
141767
141767
141608
141767
141767
141767
141608
141767
138635
141767
141608
141767
141608
141767
141767
141767
141767
141767
141767
141767
141745
141767
141608
141745
140728
141767
141625
141767
141625
141767
141608
141375
141067
141767
141767
140661
141608
141767
141230
140728
141767
141767
141745
141625
141767
141745
141608
141767
141767
141767
141767
141767
141767
140728
141608
141608
141767
141767
141767
141767
141767
141767
141608
141767
141608
141767
141767
141767
141767
141767
141767
141745
141625
141767
141608
141625
141767
141230
140563
141767
141767
141767
141767
141538
141608
141767
141767
141745
140728
141625
141746
140728
141767
141608
141745
140728
141767
141608
141767
141538
141767
141608
140807
141608
141156
138088
141767
141767
141767
137468
141767
141767
141608
141767
139574
141608
141767
141767
141767
138439
141767
141625
141230
141767
141608
141767
141538
141745
141767
141767
141767
141767
141538
141767
141767
141608
141608
141067
141767
141767
141608
139249
141767
141767
141538
141767
141767
141230
141767
141745
141767
141767
141230
141767
141625
141767
141767
141767
141767
141608
140728
141745
141767
141767
141767
125191
141767
141608
141557
141745
140234
141767
141767
141767
140815
141767
141608
141608
141608
133559
141608
141608
141745
141767
141745
141767
141538
141608
141608
141767
141767
140563
141767
141608
141625
141745
141608
141745
141745
141625
141608
141767
141316
141767
141608
140815
141767
141767
141767
141767
141538
141767
141745
140497
141608
141767
141767
141767
141767
141767
141767
126445
140728
141745
141767
141767
141230
141608
141767
141767
141538
141767
141767
141631
140776
140222
141230
141230
141767
141608
141767
141625
141230
141767
141625
140402
141538
134810
141743
138241
141608
141767
141631
141608
141743
141767
141767
141767
141538
141767
141767
141767
141767
141631
141767
141767
96112
141767
140193
141745
141767
141745
141745
139374
141745
138635
141745
141767
141631
141767
141767
141767
141767
141745
141767
141767
141767
141631
141631
141538
140815
140234
141767
141767
140807
141767
141767
141767
141767
141767
141745
140471
141767
141767
141767
141767
141767
141608
141767
141608
141745
141745
141767
141767
141767
141767
140563
141767
122495
141767
141767
141767
141745
141767
141631
141631
141767
141767
141767
141631
141631
141767
141767
141631
140776
141767
141767
141767
141608
141767
141745
141767
133559
141745
141767
141631
132143
141767
141767
141767
141767
141767
141767
141230
141745
141767
141767
141230
141745
141767
141767
141767
141767
141625
140278
141767
141767
141631
140815
135702
141608
141230
141745
141767
141767
141538
141631
141631
141767
141746
141746
141743
141608
141631
141767
141538
141538
141230
141745
141230
141767
141767
141767
141767
141631
141538
141745
141230
141625
141631
141767
141767
141767
141767
141767
141767
141745
141767
141743
138088
141767
141767
141767
141670
141767
141631
141767
141670
141767
141767
137270
141767
141608
141767
141745
141767
141745
141767
137425
141670
141670
141670
141743
141670
141670
141670
141767
141745
141767
141767
141767
141767
141767
138312
141670
141631
141230
141767
141745
141767
141767
141230
138026
141767
141670
140815
141745
141767
141767
141767
141767
141767
141088
141767
141670
141745
141745
138382
141767
141767
141631
141767
141670
141767
141745
141631
141767
