30
30
30
23333
30
30
23333
17714
23333
23333
24334
21925
23333
21925
24334
21504
23349
24334
24334
23333
24334
21504
17714
21504
23333
24334
21504
23333
24334
24334
21504
22286
24334
24334
22286
22294
30
22294
30
24334
23349
30
24334
15650
23333
23976
23333
23333
23349
22294
24334
24334
22294
24334
24334
23976
24334
24334
24334
23333
30
23976
23976
23976
24334
23976
24786
24786
23111
23976
11988
21813
24116
24786
22921
24786
20039
24786
23111
24786
23111
23111
24786
24786
22033
24334
23621
24583
23594
24583
23111
21084
30
24583
23111
24583
24786
14867
24786
24786
24786
23110
24786
24116
23111
23111
24583
24786
24786
24786
24334
22921
23110
24786
24786
7917
23899
24786
24786
24116
23899
23899
24786
30
24786
23899
24583
24786
24786
23705
24334
24786
24786
23899
24873
24873
23705
23899
24786
23899
24786
23899
23594
24786
30
24873
24873
23899
23737
24786
24786
24116
23899
24786
24334
24873
24786
24786
24786
24873
23899
23705
23899
24786
24116
18769
24786
22311
24375
24583
24786
24116
24583
24786
30
24191
24583
24786
23899
24191
24583
23594
23110
24786
24786
24873
24402
24873
24583
24873
23899
24873
24873
23899
24873
24644
24786
24375
24644
24786
24644
23747
24873
23111
24873
24786
24771
24873
24786
24873
23111
24873
24853
24873
24853
24853
24375
24853
24786
24751
24853
24853
24853
24853
24853
24751
24786
24853
23899
24660
24873
24751
23705
24140
23899
24853
24853
24873
24853
24771
24771
24475
23712
24375
24853
24771
30
24853
24853
24853
24853
24853
24853
24786
24853
24771
24771
24475
24853
24786
24786
23111
24853
24853
23712
24751
24786
24660
24853
24853
24786
24751
24853
23899
24853
24752
24873
24853
24402
24771
24751
12985
24832
24853
24873
24771
24475
30
24786
23712
24752
24853
24853
24116
23778
30
24752
24853
24751
24786
24853
24853
19172
24771
24752
24771
24873
24375
24853
24853
24771
24873
21925
24853
24873
24771
24752
24771
24660
24873
24786
24853
24786
24853
24771
24873
24752
24853
24509
24853
24402
24752
22294
24853
24644
24375
24873
24786
24771
24375
24786
24140
24853
24853
24853
24752
24873
24337
24873
24853
24853
24771
24873
24375
23581
24873
24786
24786
24853
20970
24752
24375
24751
24853
24489
24853
24751
24786
24751
24771
24786
24873
22777
24873
24853
24786
24853
24873
24853
24771
24752
24751
24873
24873
24660
24771
23705
24751
24873
24786
24853
24853
24771
24509
24853
24375
24751
24853
24873
24752
24771
24771
24873
24853
24853
24644
24771
23899
24853
24873
24853
24873
24853
24873
24786
24873
23594
24751
24873
24164
24771
24853
24873
24771
24853
24752
24853
24873
24164
24853
24853
24853
24853
24873
24771
24853
24873
24853
24873
24644
24786
24786
24853
24771
24509
24873
24853
24873
24771
24873
24771
24786
24751
24853
24402
24786
24786
24853
24853
24375
24786
24853
24873
24853
24853
24623
24873
24752
24771
24853
24771
24853
24853
24751
24873
24786
24873
24873
24191
24771
24771
24771
24786
24509
24853
24853
24751
24623
24272
24853
24853
24623
24786
23807
24853
24853
24873
24771
24873
24873
24853
24481
24853
24832
24853
24116
24771
24853
24375
24853
24873
24786
24873
24873
24873
24853
22513
24853
24873
24853
24751
24752
24576
24853
24751
24873
24853
24752
24853
24751
24771
24853
24337
24752
24771
24853
24786
24853
24771
24853
24771
24752
24853
23705
24786
24853
24751
24873
24873
24751
24873
24644
24751
24751
24771
24873
24786
24853
24853
24853
24873
24771
23763
24786
24873
24771
24853
24853
24832
24702
24786
24649
24873
24853
24873
24786
24771
24771
24751
24771
24784
24784
24873
24786
24784
24853
24784
24784
24660
24873
24784
24853
24786
24751
24873
24873
24786
24751
24853
24853
24786
30
24853
24786
24873
24853
24873
24853
24784
24853
24853
24853
24702
22294
24853
24873
24576
24786
24853
24853
24786
24786
24853
24644
24784
24853
24873
24873
24853
24751
24784
24784
24853
24853
24786
24853
24786
24853
24853
24784
24873
24702
24853
24853
24623
24784
24853
24873
24784
24873
24853
24853
24853
24751
24853
24784
24786
24873
24853
24873
24702
24623
24784
24853
24873
21214
24853
24853
24873
24771
24873
24751
24752
24873
24786
24853
24644
24853
24853
24853
24873
24853
24873
24784
24853
24873
24873
24853
24853
24873
24784
24784
24784
24873
24786
24784
24853
24613
24784
24853
24853
24853
24873
24763
24853
24873
24786
24771
24873
24786
24702
24751
24853
24784
24644
24873
24853
24853
24771
24853
24873
24771
24873
24786
24853
24853
24853
24751
24873
24873
24853
24853
24786
24853
24853
24751
24784
24853
24853
24853
24784
24784
24853
24751
24853
24853
24784
24784
24786
24786
24873
24853
24873
24853
24853
24751
24853
24853
24784
24873
24853
24840
24751
24873
24784
24784
24873
24853
24840
24873
24832
24653
24771
24853
24653
24873
24873
24786
24751
24786
22219
24853
24799
24799
23594
24853
24853
24832
24873
24786
24873
24853
24649
24873
24853
24771
24873
24771
24853
24786
24786
24799
24873
24873
24786
24784
24786
24873
24853
24784
24751
24873
24784
14050
24752
24702
24853
24853
24873
24873
24853
24832
24853
24878
24771
24873
24878
24623
24878
24878
24878
23110
24878
24786
24873
24878
24878
24873
24878
24751
24878
24786
24853
24878
24853
24751
24878
24878
24786
24693
24853
24878
24878
24853
24786
24853
24878
24853
24752
24876
24878
24853
24799
24792
24786
24853
24853
24786
24853
24853
24853
24873
24878
24878
24853
24752
23705
24878
24878
24878
24878
24878
24878
24876
24878
24878
24878
23199
24876
24853
24878
24644
24878
24878
24878
24878
24878
24853
24751
24853
22447
24853
24878
24873
24878
24853
24878
24786
24853
24653
24853
24786
24878
21913
24878
24878
24786
24878
24191
24853
24878
22447
24878
24853
24658
24878
24853
24786
24786
24878
24792
24878
24878
24878
24878
24876
24873
17683
24165
24878
24876
24878
24878
24853
24878
24878
24878
24878
24803
24853
24878
24878
24878
24751
24751
24191
24786
24878
24853
24878
24853
24751
24878
24876
24786
24878
24853
24876
24165
24878
24853
24878
24784
24786
24784
24876
24876
24878
24702
24878
24853
24878
24878
24878
24853
24853
24878
24878
24751
24878
24786
24878
24878
24878
24878
24878
24876
24878
24878
24878
24853
24853
24832
24799
24853
24784
24878
24878
24878
24878
24878
24878
24878
24786
24876
24878
24853
24878
24784
24672
24878
24786
24799
24878
24878
24878
24799
24878
24878
24832
24876
24660
24878
24878
24853
24878
24853
24878
24878
24878
24878
24832
24878
24853
24873
24876
24878
24786
24878
24873
24786
24878
24853
24878
24876
24873
24786
24853
24878
24876
24769
24644
24853
24873
24769
24878
24878
24878
24853
24853
24771
24853
24164
24853
24876
24876
24702
24853
24783
24878
24853
24786
24769
24876
24576
24786
24878
24878
24873
24832
24878
24878
24702
24878
24878
24878
24853
24878
24853
24878
24786
24878
24853
24878
24656
24876
24878
24853
24878
24878
24876
24878
24878
24873
22294
24878
24769
24873
24799
24878
30
24853
24878
24878
24853
24878
24876
24878
24853
24876
24784
24878
24783
24878
24878
23807
24853
24853
24853
24478
24703
24878
24878
24878
24878
24853
24878
24878
24878
24786
24703
24878
24786
24876
24878
24853
24876
24853
24878
24853
24786
24832
24751
24878
24878
24878
23807
24878
24878
24878
24799
24853
24853
24752
24878
24878
24878
24878
24853
24878
24876
24853
24853
24878
24876
24878
24878
24878
24878
24853
24853
24878
24876
24786
24771
24832
24853
24853
24878
24702
24853
24853
24878
24878
24878
24832
24186
24878
24786
24878
24792
24799
24878
24771
24878
24786
24878
24853
24878
24878
24658
24751
24783
24783
24878
24878
24878
24878
24792
24878
24873
24853
24876
24878
24853
24878
23810
24878
24784
24878
24786
24878
24786
24786
24853
24878
24878
24878
24769
24853
24786
24853
24878
24876
24878
24878
24783
24878
24878
24752
24786
24878
24751
24878
24853
24876
24878
24878
24786
24878
24853
24878
24878
24878
24878
24878
24878
24878
24853
24878
24786
24878
24853
24853
24853
24878
24853
24853
24878
24799
24878
24878
24786
24876
24876
24878
24878
24878
24644
24878
24878
24853
24878
24878
18638
24878
24878
24853
24853
24783
24853
24644
24672
24878
24876
24784
24878
24786
24876
24873
24878
24853
24878
24878
24878
24878
24784
24876
24876
24878
23949
24878
24878
24876
24878
24878
24878
24832
24878
23946
24853
24878
24853
24873
24876
24763
24878
24878
24876
24876
24116
24878
24853
24878
24878
24878
24878
24873
24783
24853
24799
24313
27
24878
24878
24853
24878
24853
24878
24878
24644
24878
24878
24878
24878
24658
24878
24478
24853
24876
24878
24878
24878
24853
24878
24475
24702
24832
24878
24792
24751
24656
24853
24878
24878
24878
24878
24784
24853
24783
24878
24878
24878
24878
24876
24878
24878
24878
24878
24878
24878
24853
24878
24786
24799
24878
24786
24769
24878
24878
24878
24853
24878
24853
24878
30
24644
24853
24878
24878
24878
24878
24857
24752
24786
24853
24878
24878
24799
24878
24878
24853
24853
24878
24876
24853
24876
24878
24079
24786
24876
24702
24878
24656
24878
24878
24878
24853
24644
24786
24853
24853
24876
24876
24853
24878
24878
24853
24878
24853
24853
24784
24878
24878
24878
24853
24878
24878
24853
24878
24878
24876
24878
24878
24876
24876
24876
24878
24878
24878
24878
24620
24786
24878
24878
24699
24853
24786
24832
24786
24878
24878
24864
24878
24878
24853
24878
24878
24878
24878
24878
24878
24864
24853
24853
24878
24878
24864
24786
24783
24751
24864
24876
24878
24878
24878
24658
19883
24878
24878
24878
24864
24853
24864
24853
24864
24878
24878
24878
24864
24786
24853
24853
24878
24620
24140
24878
24878
24644
24853
30
24876
24878
24864
24786
24783
24878
24878
24878
24878
24799
24864
24853
24853
24878
24853
24878
24876
24878
24853
24878
24876
24876
24853
24876
24853
24864
24878
24878
24878
24878
24878
24751
24876
24783
24878
24878
24853
24853
24783
24784
24878
24878
24878
24864
24864
24878
24873
24878
24658
24853
24878
24783
24878
24864
24878
24878
24878
24878
24878
24878
24878
24878
24878
24853
24335
24876
24878
24864
24864
24792
24878
24878
24878
24876
24079
24786
24786
24878
24864
24853
24878
24864
24644
16358
24783
24218
24878
24864
24878
24722
24878
24878
24703
24853
24878
24658
24878
24878
24786
24864
24864
24786
24878
24864
24799
24878
24878
24864
24864
24191
24562
24878
24878
24878
24853
24878
24878
24876
24786
24878
24878
24873
24864
24644
24878
24876
24878
24878
24864
24878
24853
24876
24771
24878
24878
24853
24878
24864
24878
24878
24878
24864
24864
24878
24876
24878
24832
24769
24792
24878
24878
24878
24878
24878
24878
24878
24878
24878
24864
24832
24562
24853
24878
24780
24876
24780
24878
24878
24878
24853
24878
24853
24878
24876
24878
24864
24878
24878
24878
24786
24878
24786
24876
24786
24876
24864
24878
24878
24864
24878
24853
24853
24853
24878
24878
24878
24853
24878
24878
24878
24878
24832
24878
24658
24876
24876
24853
24878
24878
24878
24878
24784
24873
24878
24878
24878
24287
24878
24876
24832
24864
24878
24878
24878
24878
24853
24878
24878
24878
24878
24853
24873
24876
24864
24878
24864
24878
24864
24848
24876
24672
24878
24127
24878
24878
24848
24848
24878
24853
24853
24848
24780
24878
24864
24878
24832
24878
24798
24853
24878
24848
24876
24864
24878
24878
24853
24864
24878
24864
24873
24878
24864
24876
24853
24853
24878
24873
24878
23807
24864
24878
24864
24878
24878
24878
24783
24878
22565
24878
24876
24786
24853
24798
24878
24876
24783
24876
24878
24873
24876
22447
24853
24878
24878
24878
24864
24878
24864
24878
24848
24799
24878
24878
24848
24848
24864
24848
24878
24878
24832
24798
24876
24878
24878
24848
24878
24848
24878
24878
24864
24873
24878
24876
24848
24864
24876
24876
24878
24864
24876
24878
24878
24658
24876
24878
24848
24878
24864
24864
24878
24878
24784
24878
24853
24878
24878
24878
24878
24878
24878
24878
24878
24876
24848
24878
24878
24857
24848
24864
23807
24876
24475
24876
24878
24780
24878
24878
24878
24878
24864
24864
24878
24853
24751
24878
24878
24832
24876
24799
24878
24878
24853
24878
24864
24853
24873
24864
24784
24878
24799
24853
24792
24878
24853
24876
24878
24848
24853
24878
24848
24864
24878
24876
24878
24878
24878
