30
83132
30
83132
30
88939
92866
92866
92866
93744
92866
30
91439
92866
30
93744
93744
92866
92866
77914
92866
92866
65719
92866
93744
92866
92866
83210
77914
91439
75148
92866
92866
87786
92866
91439
93744
93744
91439
93744
92866
91439
93744
65719
87786
72023
91439
90192
92866
93744
93744
92866
93744
77914
93744
92866
92866
92866
89740
92866
87986
92866
93744
93744
92866
93744
30
30
93744
92866
92866
93744
93744
92866
49670
88898
93744
92866
92866
92866
92866
30
92866
93744
83620
92866
93744
93744
92866
93746
77914
92866
92866
91439
92866
89740
91439
91439
93746
91439
79389
88898
93744
92866
68253
93907
93401
92866
93401
93907
92866
93401
92866
93907
92866
91439
93401
93401
30
93907
92866
82628
93907
93907
93401
30
93907
93907
93907
88741
91473
92866
30
93907
93907
92866
92866
90192
93907
93907
93907
93744
92866
93907
30
93401
93401
89498
93401
93401
92866
92866
93401
92866
30
93746
93744
93907
93869
93907
93907
93744
93907
93869
93907
93907
93907
93744
93869
93869
92866
93869
93907
90879
92866
93401
93744
93869
87645
93401
91473
93907
93401
93869
92866
93744
93401
93744
92794
92866
93401
93907
93907
93401
92794
93401
92866
93744
93907
93869
93869
89740
93981
93981
94125
93981
93981
88024
93981
93869
92866
93869
93981
92866
92450
93869
94125
93869
89740
92866
93981
93981
93744
89897
94125
93981
91439
93981
94125
93744
93981
88898
93981
94125
93981
92450
88943
93869
93981
94125
93869
93869
92470
93162
66010
91439
92866
94125
94125
93746
94125
94039
91439
93981
94125
94125
92866
93981
94125
94125
94039
92866
93869
93981
93981
62480
94039
92470
94125
93746
93981
93869
93162
92866
94125
94039
94125
94039
91473
94125
94039
92866
94125
93981
94039
94125
91439
94125
93981
92866
92470
89897
93981
93981
90192
93981
94039
92450
94039
92866
93981
94039
94125
81713
94039
94125
92866
92866
93981
94125
91717
94125
94125
93981
94125
94039
93981
94039
93744
92866
92470
94039
30
92866
94125
94125
93981
93746
94125
94039
91133
94125
93981
94125
94125
92470
93869
93981
93981
92811
92866
93162
94125
94039
91717
89897
92811
93981
94039
93162
93869
93981
94125
94125
94125
93981
93981
94125
93981
94125
93869
91717
93981
93981
94125
93871
94125
93981
93694
93981
93869
93981
89897
93869
93981
94125
94039
94125
92866
94125
93981
94039
94125
91473
94039
89897
68149
94125
93871
93871
93981
94059
94125
94039
88943
62480
94039
93981
93869
94039
94039
92866
94039
93869
94125
94039
90879
94125
94125
93869
93869
94125
93869
94125
94125
94125
93981
93871
94125
93401
93981
93594
93981
93869
94125
94039
93869
91133
94125
94039
91717
94125
93401
94039
93871
93869
93869
94125
93981
93871
93871
94039
92866
94039
93981
94125
92866
91717
93869
93869
93981
93981
94125
94125
94125
94039
94125
90227
94039
93981
93871
93441
94039
93981
93869
94125
94039
93981
92866
94125
93981
93903
92395
93162
93871
94039
93981
93871
93871
93869
93871
93981
94125
93981
94125
93981
93869
93981
93903
93981
94039
92984
93981
93903
93981
93981
93981
94125
93903
93981
92866
93981
93162
93903
93903
94125
93903
93869
93981
93981
94125
93981
93871
94125
93869
92866
94125
94125
93981
94125
30
93907
94039
94039
90839
94125
93903
94039
94125
94039
77286
93981
93871
93869
93981
94125
93981
93869
93903
94125
94125
93981
94125
93903
94039
93981
94125
93869
93981
93981
93903
93871
94125
94039
94125
94039
92375
92866
93981
94039
93746
93981
94125
94039
93869
93903
94125
94125
94059
93594
93981
93869
93744
94039
30
93981
93981
92866
94039
93981
93903
93903
93871
93871
87818
94039
93871
92866
93871
94125
92866
94039
93871
88898
93981
93981
94125
94125
94125
93869
93339
93339
94039
94125
94125
94039
93981
93869
93981
93903
82628
93981
93339
94125
93981
94125
94125
94125
92866
94125
93903
94039
94039
94125
94125
94125
94125
93903
93981
94125
94039
93981
94039
93903
93903
94125
89457
93981
94125
93744
93981
94039
93871
93903
94039
94125
93871
94125
94125
93903
93903
93594
93903
93871
93981
94125
93981
93871
92395
94039
93339
94125
94039
93981
93356
93871
92395
93339
94039
93981
94125
93981
94125
94125
93613
94125
93903
93903
94059
93871
93981
94125
93903
93339
93981
94039
93981
93981
93903
94039
93981
94125
94125
94039
92659
93981
94039
93162
94125
93869
93869
94125
94125
94039
93613
94039
94125
93903
94125
94039
94125
94125
94125
94125
93903
94039
94125
93871
93981
93903
94125
93613
93981
94039
93981
93981
93613
94125
93871
93613
94125
94125
94125
93981
93871
93871
94039
94125
93903
94039
93869
93869
94125
93903
93871
93871
93981
94125
94039
94125
94125
94125
93903
94125
94039
94125
94039
94125
94039
94125
93981
93981
93981
93981
93903
93869
94039
94125
88024
93981
94039
94125
94125
94125
94125
93871
93981
30
93962
94125
93871
94125
93903
94125
93339
93981
93903
93903
93981
94125
94039
94125
94125
84000
94136
94125
93869
93871
92325
93903
94136
94136
93871
94136
94136
94125
94136
93903
93871
94136
94125
94136
94136
93981
94125
94136
93871
94136
94136
94136
93869
93981
93871
93869
94136
94070
93871
94136
93356
94136
94136
93869
94136
94136
87647
94136
93871
94136
93613
93871
93339
94136
94136
94136
94136
94136
94136
94136
81713
94136
94136
93871
93339
94136
94136
93871
94136
94136
94136
94136
93903
94136
93613
93903
94136
94136
94136
94136
93339
94136
94136
94136
94136
94136
93613
94136
93871
94136
93903
94125
93837
94136
94125
93339
94136
93788
94136
92450
93962
94136
93903
94121
94136
92399
94136
93981
94136
94121
93871
94121
94125
94121
94136
94125
94136
94136
94136
94136
94121
94121
94136
94039
94125
94136
94136
91972
94070
94136
94136
94125
94136
94136
94136
94121
93871
94136
94136
93981
94136
93613
94136
94136
93903
94136
94125
94136
94136
94136
94125
94121
94136
94136
94121
94121
94125
94136
94121
94136
94121
93871
94136
94136
94136
92450
94136
94136
93788
94121
94136
93339
94136
94136
94136
93465
94121
94121
94136
94136
94121
94136
94136
91967
94136
94121
94121
93871
94136
93403
94136
94121
94121
94125
94121
91601
93981
94136
93871
94136
94121
94125
93613
94121
94136
93869
94136
94136
94136
94136
94136
94121
93653
93788
94121
94125
93871
93871
94121
94136
92077
92866
94136
94121
93339
94136
94136
94121
94136
94136
94136
94136
94125
94039
94136
93162
91439
94136
94136
94121
93694
94039
93441
94136
94121
94136
94121
93871
93837
93871
94136
94136
94136
94121
94136
94136
94136
94136
93981
94136
94136
94136
94121
94039
94121
94136
94136
94136
93871
94136
94136
94136
94136
94136
94136
94136
94136
94121
94121
94136
93981
94136
93962
94136
93871
94136
94136
93729
94136
94121
93788
94136
94136
94121
94136
94136
94136
94136
94136
93746
94136
94039
94136
94039
94136
94121
94136
93871
94136
89897
93837
94125
94136
93871
94136
94136
94136
94136
89720
94121
94121
94136
94121
94136
94136
90722
94136
94121
93869
94136
94121
94121
94136
94136
94136
94121
93871
94121
92858
94136
94136
94136
94121
94136
94125
94136
92375
94136
94136
93339
94121
94136
94136
94039
94136
94136
94136
93871
94039
94136
94136
94136
94121
94136
94136
94136
93653
94125
94125
94136
94121
94121
94136
94039
94136
94136
94136
93871
94136
94136
93871
94136
94136
94136
94136
94136
93903
94136
94039
94121
94121
94121
93783
94136
94125
94039
94136
94125
94121
93903
94136
94125
94121
94121
94136
94121
94121
94136
94136
94121
93981
94136
94121
94136
94121
94136
94136
94136
94121
93869
94136
94136
94039
94039
94121
94125
94039
94136
94121
93837
94136
94136
94136
94121
94136
94136
94121
94136
94136
93871
93981
94136
94136
94121
92450
94136
94121
94136
94121
94136
94125
93903
94136
93339
94121
94121
94039
94136
93653
94121
93981
94136
94136
94136
94136
94136
93962
93981
93837
94136
94136
94121
93871
94136
94039
94136
92395
94136
94136
94136
94125
94125
94121
94136
93871
93447
94136
94136
90882
93339
94136
93903
91160
94136
94136
94121
94136
93339
94136
93871
93871
94121
94136
30
94136
93962
94125
94136
94136
93981
94136
94039
94121
94121
93729
94121
93903
94136
88319
94121
94136
94136
94121
93903
94121
94136
94121
93465
94125
93871
94121
94125
94136
94136
94121
93871
94136
94136
94121
94136
94136
94136
94136
94136
94136
90722
94136
94136
94136
94136
94136
93981
93729
93869
94136
94121
67677
94121
94136
94136
94136
94121
94121
94121
94136
94136
92659
94136
94136
93871
94136
94136
94136
94136
94136
90722
94039
94136
93903
93837
94326
94121
94121
94136
94136
94326
94326
94121
94326
93769
94121
94326
94039
94326
94121
94326
93871
94326
94136
93871
94136
94136
94136
30
94326
94326
94121
94136
94326
94121
93903
94070
93871
93339
93871
94326
94121
93871
94136
94326
94326
94121
94326
94136
94121
94326
93981
94326
94121
94136
94121
94136
94121
94326
94136
94136
94326
94039
94326
94326
94136
93903
94326
93465
93339
94326
93981
91791
94326
94326
94136
94121
94121
93869
93903
94070
94326
94326
92866
92866
94121
94136
94136
93903
94326
94326
94326
94136
94326
94136
94326
94136
94326
94136
94326
94121
94136
94326
92077
93903
94326
94136
94136
94326
94136
94326
94136
94136
94121
94326
92858
93339
94326
88692
94326
93903
93788
94326
93788
94326
94326
94326
94136
94136
94136
94326
94326
93339
94136
94121
94136
94121
94326
29
94326
94326
94136
94121
94136
93903
94326
94136
94136
94136
93783
93869
94136
94326
94121
94121
94121
94121
94136
94326
94125
94136
93403
94121
94121
94136
94326
93871
94326
94326
94326
94326
92077
94121
94121
94326
94326
94326
93871
94326
94136
94136
94039
94136
94121
84915
94326
94121
93613
94326
94121
94326
94121
94121
94039
94326
94326
94326
94326
94070
94326
94136
94136
94136
94326
94121
94136
94121
94136
94121
93871
94121
94326
93903
94326
94326
93871
94136
94136
94067
94121
93783
94326
91868
94136
93981
94136
94121
94326
94136
93903
94121
94326
94136
94326
93981
94121
94136
94136
91988
94136
94136
94326
93869
94326
94326
94326
94121
94326
94136
94121
94326
93788
94121
94067
94136
94136
94136
94121
94326
94136
94326
93903
94121
94326
94326
94326
94136
94067
93981
94136
93772
94326
94121
94136
93903
94326
93981
94326
90531
89142
94121
94136
94326
94136
94121
93871
94121
94039
94136
94326
94326
94136
94326
94121
94121
94067
93899
93871
93871
94121
94121
94136
94121
94121
94120
94136
94121
94039
94121
94136
93653
94121
94326
94121
94326
94326
94121
94121
94121
93613
94326
94136
94121
93613
92395
93871
94121
94326
94136
84000
94136
94121
94136
94121
94288
94136
94121
93903
94136
94136
94121
94288
94326
94326
94326
94326
94121
94326
94326
94136
77366
94326
94136
94326
94121
94326
94121
92755
93871
93981
94326
94121
93772
94326
94121
94136
90132
94136
94326
94288
94121
92395
94136
94121
94326
94136
93903
94326
94326
94121
94326
94288
94121
94326
94288
94326
94067
94288
94288
93871
94326
94067
94326
94326
91543
94121
94121
94121
93903
94326
93746
94121
94288
94121
94121
94136
94121
94136
94326
94288
93871
94136
94136
94326
94326
93871
93403
94326
94326
94288
93903
94136
94288
94121
94121
93903
94136
94326
94326
94288
94136
94136
93903
94288
94288
94136
94326
93903
94326
94136
94326
94136
94326
94121
94288
94136
93871
94067
94326
94125
94288
94326
93869
94288
94121
94288
93208
94125
94326
93903
94326
94136
94326
93864
94067
94326
94236
94326
