43718
43718
43718
43718
43718
43718
30
30
43718
30
20948
43718
36710
36710
36710
30
36710
46226
36710
44975
30
44975
46226
37266
46226
40466
44975
40466
46226
46226
37266
49127
49127
40466
49127
49127
47134
49127
49127
44975
30
49127
37266
43718
37266
37507
49733
49733
49733
30
49733
39391
49733
49733
47134
49127
46226
49733
49738
49738
49738
49738
49738
49738
49738
49738
43718
49738
49738
49738
49738
49738
49733
47134
49954
49954
47134
49733
49733
30
38477
47134
49954
49954
49954
49733
49733
49954
46226
49954
49127
49127
49331
49733
49954
49954
30
49866
49954
49127
49954
49954
49954
30
49127
38477
38477
49738
49954
49733
23164
49954
49127
49954
49733
49954
49866
30
49954
49738
49954
49954
49127
30
49954
49733
49954
49954
49954
49738
49127
49954
49866
49954
49954
45999
49954
49866
49733
49738
49954
49733
49954
49954
49866
46226
49954
49954
49954
49733
49954
49733
49954
49954
49954
49954
48324
49954
45009
48531
29087
48324
49738
49733
49733
49127
49954
49866
49954
49954
49954
49733
49738
49954
49733
49866
49866
49954
49954
49738
49954
49954
49127
49733
16909
49733
49866
49954
25119
49738
49954
49954
49733
49713
49954
49954
49954
49504
49954
49866
49954
30
49954
49954
49954
49738
49954
49954
49738
33498
49954
49954
49954
49954
49954
49866
49504
49954
49954
49954
49733
48531
49954
49738
45999
48531
49954
49738
49954
49738
45751
49954
49954
49954
49954
34581
49733
43576
49954
49733
49954
49866
49127
49292
49733
49954
49733
49954
49733
49733
49733
49738
49954
49954
37656
49738
49954
49954
49954
49866
49733
49954
49713
48563
49127
49954
49733
41344
49127
49954
49954
49954
49954
49954
49954
49504
49866
49733
49954
49954
49954
49954
48563
49733
49954
49866
47754
49738
47500
49954
49954
49954
48700
49954
49733
49733
49738
49713
49954
48832
48531
49738
49954
49954
49713
49954
49954
46469
49954
49866
49866
49954
49954
49165
49635
49954
49954
49954
48832
49947
49947
49866
49954
49947
49954
49954
49954
49947
49947
48832
49866
49954
49947
49866
49954
49738
49954
49954
49954
48584
49954
49954
49866
49954
49954
49954
49954
49954
49733
49866
49954
49733
49733
49954
49954
49954
49713
49733
49954
49954
49389
49954
49954
48584
49954
49947
49954
47537
48531
49954
49954
49866
45751
49733
49165
49733
49866
49947
49954
49954
49947
45999
49165
49713
49947
49954
49954
49947
49954
49631
49954
49738
48832
49954
40122
49947
49954
49954
49631
45751
49954
49954
49954
48563
49954
49954
49954
49947
34751
48584
48531
49954
49954
49954
49866
49866
49738
49954
49954
49954
45751
49738
49954
47646
49954
49954
49954
49738
49954
49954
49947
49947
49954
49733
49954
49947
48871
49954
49954
49954
49954
49947
49947
49954
49954
49733
49954
48584
49947
30
49954
49947
49954
49954
49954
49947
49954
49954
49738
49954
49954
49954
49733
49947
49292
49738
46339
49738
49954
43576
49954
49954
44130
49954
49866
49947
49947
49954
49954
49954
49954
49954
49954
49954
43531
48958
49738
49947
49947
49954
49954
49954
45751
49954
45751
49954
49733
49954
49733
49954
49954
49954
47271
49954
49738
49749
49738
48494
49954
49954
49954
49733
49954
49954
49947
49866
49954
45488
49954
49954
49866
49954
49165
49866
49866
49947
49954
49738
49954
49954
49504
49954
49954
49738
49954
49866
49954
49738
49572
48531
49947
49954
49954
49947
49733
49738
49954
49866
49954
49947
49572
49572
49738
49954
49954
49947
48937
48501
49947
49954
49866
49954
48700
49955
49954
49954
49954
49955
49954
48593
49954
49954
38349
49738
49954
49954
49866
49572
49954
49955
49165
49955
49955
49954
49954
49954
49954
49954
49954
49713
49954
49954
49954
49955
49954
49954
49954
49954
49713
49954
43689
49954
49954
49955
49827
49955
49954
49955
49954
49954
49955
49954
49955
49954
43451
49955
49955
49955
49866
49955
49955
49954
49954
49954
30
49866
48252
49738
49954
49954
49954
49954
49733
49955
49955
49127
49954
49947
49955
49954
49749
49954
49713
49954
49738
49504
49733
49955
49954
49954
44441
49955
49866
49954
49866
49954
49713
49954
49572
49504
49733
49954
49954
49947
49954
49955
49631
49827
49127
49954
49827
49713
49954
49954
49866
49827
49955
49915
49127
47220
49954
49954
49733
49955
49954
49738
49954
49955
49954
49954
49954
49954
49866
49738
49947
49954
49954
49954
49954
30
49954
49954
49866
49954
49866
49866
49572
49954
49954
49572
49954
49955
49954
49954
49572
49866
49955
49955
49738
49955
49738
49954
49749
49954
49954
49954
49866
49954
49954
49947
49955
49955
49915
49955
49955
49915
49866
49733
49947
49955
49954
49738
49955
49954
49954
49954
49713
47001
49504
49954
49954
49947
49955
49955
49954
49954
49954
47331
48593
49954
49954
49866
49955
49954
49954
33631
49954
49954
49749
49955
49954
49733
49866
49243
49954
49954
49292
49954
49165
49572
49955
49954
49954
49915
49738
49866
49954
49955
49955
49866
49955
49733
49955
49954
49954
49954
49331
49955
49954
48832
49955
49572
49541
49955
49954
49866
49954
49947
49954
49955
49866
49572
49866
49947
49954
49955
49243
49954
49947
49955
49572
49866
49954
49866
49954
49955
49954
47156
49954
49954
49954
49738
49954
49954
49954
49954
49733
49954
49866
46674
49738
49866
49954
49738
49947
49954
49954
49954
49954
49955
49733
46674
49955
49954
49954
49947
49954
49954
49954
49955
49954
49389
49954
49733
49738
49733
49954
49866
49954
49572
49955
47500
49954
49954
49954
49572
49954
49954
49954
49738
49954
49954
49954
49738
24402
49954
49954
49955
49954
49866
49955
49738
49954
49955
49954
49866
49954
49955
49954
49955
49866
49954
49955
49954
49955
49954
49947
49955
49954
49947
49954
49827
49738
49954
49954
49955
48979
49713
49955
49955
49955
49572
49866
49955
49954
49955
49827
49954
49572
49749
49749
49954
49631
49954
49866
49954
49954
49947
49954
49376
49866
49955
49954
49572
49733
48501
49955
49955
49955
47486
49955
49733
49947
49954
49954
49954
49955
49955
49879
49954
40204
49954
49955
49954
46922
49954
49733
49543
49954
49954
49954
49738
49955
49954
49954
49572
49954
49955
49954
49955
49955
49954
49954
47537
49955
49954
49954
49572
49947
49955
49954
49376
49954
49947
49787
49954
49879
49543
49955
49954
49955
49955
49954
49955
49955
49243
49879
49954
49947
49954
49879
49954
49954
49915
49955
49879
49827
49954
49954
49954
49954
49188
49955
49954
49954
49954
49954
49749
49955
49635
49954
49955
49954
49733
49955
49954
49733
49879
49954
49954
49866
49936
49955
49738
49866
49954
49955
49879
49954
49954
49915
49543
47331
49733
47665
49955
49954
48531
49955
49936
49954
49954
49879
49954
49954
49954
49954
49955
49955
49955
49955
49954
48380
49955
49955
49954
49879
49954
49915
49738
49879
44157
49879
49954
49947
49954
49955
49749
49955
49947
49954
49738
49954
49879
49879
49954
49936
49955
49936
49955
49954
49954
49955
49955
49955
49955
49936
49954
49955
49738
49955
49954
49733
49376
49936
49947
49936
49954
49936
49954
49954
49188
49954
49955
49955
49936
49955
49955
49954
49188
49955
49954
49955
49954
49955
49936
49879
49955
49947
49936
49879
49955
49955
49954
47853
49954
49954
49947
49954
49954
49936
49954
49954
49954
49936
49947
49954
49947
49955
49866
49954
49954
49738
49827
49955
49936
49954
49955
49954
49955
49733
49947
49955
49954
48380
49936
48938
49936
49936
49955
49954
49733
49955
49954
49954
49749
49955
49936
49955
49389
49738
49955
49955
49947
49954
49947
49955
49954
49879
49954
49954
49954
49936
49955
49733
49936
49955
49947
47220
47889
49955
49954
49879
49738
49954
49733
49955
49955
49936
49954
49954
49954
49947
49954
49955
49954
49936
49955
49954
49955
49954
49879
49955
49879
49955
49955
43559
49539
49955
49954
48937
49954
49947
49936
49539
49733
49947
49543
49936
49954
49733
49955
49955
49954
49954
49543
49955
49955
49955
49947
49879
49954
49955
49954
49954
49936
49955
49954
49954
49955
49879
49954
49954
49954
49954
49954
49955
49936
49954
49947
49954
49955
49954
49827
49954
49954
49955
49954
49955
49954
49955
49955
49954
49733
49879
49936
49954
49936
49955
49955
49898
49954
49936
49954
49954
45751
49955
49879
49954
49954
49955
49954
49954
49954
49955
49955
49954
49954
49954
49955
49954
49954
48896
49866
49955
49955
49947
49936
49955
30
49713
49954
49898
49955
49954
49936
49954
49936
49955
43160
49955
49954
48979
49954
49954
49866
49954
49954
49936
49572
49954
49936
49954
49955
49376
49955
49954
49954
48977
49389
48871
49936
49954
49955
49936
49733
49955
49738
49955
49543
49879
49954
49954
49954
49954
49954
49954
49954
49955
49955
49543
49499
49955
49499
49955
49954
49954
49954
49954
49954
49898
49955
49954
49866
49954
49954
49879
49733
49954
49954
49898
49936
49955
49954
49955
49898
49954
49499
49936
49906
49906
49954
49954
49738
49539
48937
49985
49954
49985
49985
49954
49127
49936
49936
49954
49955
49936
49954
49985
49749
49954
49954
49985
49749
47657
49954
49985
49955
49954
49738
49985
49787
49985
49954
49749
49936
49985
49955
49954
49955
49954
49955
49985
49504
49985
49539
47080
49985
49955
49985
49936
49985
49985
49955
49985
49866
49936
49985
49936
49936
49898
49936
49936
46673
49954
49985
49985
49936
49906
49985
49985
49936
49985
49985
49879
49954
49954
49954
49985
49898
47974
49936
49985
49936
49954
49543
49543
49954
49749
49985
49915
49243
49985
49955
49954
49985
49985
49954
49955
49985
49955
49985
49985
49954
49543
49985
49954
49936
34562
49985
49985
49985
49985
49954
49955
49955
49985
49955
49985
49985
49866
49848
49954
49985
49955
49543
49954
49936
49985
49906
49898
49985
49955
49985
49936
49738
49955
49985
49985
49985
49985
49955
49985
49985
49954
49954
49985
49985
49954
49954
49936
49376
49954
49955
49936
49985
49954
49955
49954
49955
49954
49954
49985
49955
16
49955
49733
49879
49954
49954
49955
49954
49936
49954
49738
49985
49936
49985
49985
49031
49954
49985
49985
49954
49954
49955
49955
49543
49955
49955
49188
49936
49713
49985
49954
49955
49915
49955
49543
49631
49985
49936
49985
49985
49985
49954
49985
49936
49985
49985
49954
49955
49985
49985
49955
49955
49985
49954
49954
49985
49985
47439
49985
49985
49985
49954
49955
49955
49879
49985
49954
49898
49915
49955
49954
49906
49954
49906
49985
49985
49936
49738
49738
49985
49954
49955
49985
49955
49985
49985
49738
49879
49985
49543
49954
49985
49936
49955
49955
49985
49985
48871
49985
49955
49936
49985
49738
49985
49955
49936
49954
49985
49954
49936
49985
49954
49955
49954
49985
49879
48798
49985
49985
49954
49985
49733
49955
49985
49954
49985
49954
49936
49955
49675
49939
49955
49985
49955
49985
49955
49985
49985
49939
49954
49955
49955
49543
49955
49954
49954
49954
49985
49936
49936
47406
49955
49955
49915
49954
49954
49936
49954
49985
49847
49389
49985
49985
49954
49955
49733
49985
49954
49955
49955
49898
49985
49985
49955
49985
49936
49955
49955
49985
49955
49954
49622
49954
49936
49936
49955
49866
49955
49985
49985
49954
49954
49879
49117
49954
49985
49955
49985
49985
49985
49954
49936
49847
49954
49955
49954
49847
49954
49954
49955
49954
49985
48977
49954
49985
49985
49985
49954
49955
49954
49985
49954
49985
49955
49955
49954
49906
49389
49936
49954
49955
49955
49936
49985
49954
49954
49954
49985
49985
49936
49955
49915
49985
49879
49936
49733
49954
49866
49733
49985
49504
49898
49985
49985
49955
49985
49955
49543
49936
49631
49955
49954
49954
49955
49954
49985
49985
49954
49985
49906
49847
49936
49954
49985
49955
49985
49879
49985
49954
49955
49954
49954
49936
49955
49954
49985
49954
49955
49954
48380
49954
49985
49985
49848
49985
49985
49955
49985
49954
49936
49954
49847
49985
49954
49954
49954
49936
49954
49955
49954
49331
49955
49985
49985
49954
49954
49954
49954
49936
49954
49955
49985
49954
49985
49936
49955
49915
49954
49936
49898
43266
49954
49879
49936
49960
49915
48531
49985
49733
49954
49960
49936
49985
49960
49847
49985
49960
49955
49960
49985
49985
49960
49879
49960
49898
49960
49960
49985
45666
49955
48166
49847
49985
49985
49960
49985
49960
49985
49985
49898
49936
49954
49898
49906
49985
49738
49985
49848
49906
48501
45633
49960
49898
49954
49985
49960
49985
49898
49906
48175
49985
49985
49985
49906
49898
49954
49985
49955
49960
49847
49985
49985
49985
49955
49985
49985
49985
49985
49985
49985
49985
49960
49985
49906
49738
49622
49985
49733
49985
49985
49985
49960
49960
49960
49985
49960
49960
49985
49955
49960
49960
49960
49985
49954
49960
49939
49955
49904
48905
49848
49955
49960
49936
49960
49866
49960
49898
49960
49955
49985
49985
49733
49985
49733
49960
49960
49985
49985
49955
48979
49738
49985
49243
49955
49631
49675
49985
49960
49954
49906
49985
49985
49960
49985
49960
49347
49960
49906
48508
49960
49906
49955
49960
49955
49848
49985
49960
49960
49985
49985
49954
49906
49955
49960
49960
49985
49960
49960
49985
49955
49954
49733
49985
49960
49955
49960
49898
49847
49985
49960
49915
49939
49985
49738
49960
49960
49955
45633
49960
49936
49960
49165
49960
49347
49985
49954
49713
49955
49954
49955
49960
49960
49960
49985
49985
49904
49960
49960
49713
49985
49960
49954
49960
49848
49955
49985
49960
49955
49847
49713
49347
49954
49985
49960
49848
49960
49985
49848
49960
49985
49985
49955
49954
49985
49960
49960
49985
49960
49960
49738
49985
49960
49985
49955
49960
49985
49866
49955
49954
49960
49939
49906
49960
49960
49847
49960
49906
49985
49985
49985
49960
49906
49960
49985
49960
49960
49954
49738
49960
49347
49985
49904
49954
49347
49960
49985
49985
49955
49960
49954
49985
49985
49960
49960
49985
49960
49955
49880
49960
49955
49985
49960
49960
49960
49960
49985
49944
49906
49733
49954
49906
49985
49985
49713
49906
48095
49960
49936
49960
49985
49733
49985
49904
49960
48501
49985
49985
49985
49960
49985
48240
49954
49960
49985
49675
49960
49960
49985
49960
49954
49960
49613
49904
49985
49954
49960
49960
49960
49613
49880
49960
49389
49960
49985
49985
49960
49960
49960
49960
49954
49955
49985
49960
49167
49866
49955
49960
49960
49960
49906
49906
49960
49960
49960
49906
49960
49985
49960
49955
49879
49985
49985
49985
49960
49985
49954
49960
49954
49939
49985
49985
49985
49960
49985
49985
49985
49985
49960
49985
49985
49960
49955
49985
49396
49985
49847
49985
49955
49904
49939
49955
49960
49898
49960
49909
49985
49985
49960
49985
49960
49960
49909
49955
49960
49389
49713
49985
49985
49985
49960
49936
49960
49985
49960
49954
49985
49985
49847
49960
49985
49960
49985
49985
49738
49960
49985
49960
49960
49954
49985
49985
49960
49985
49985
49960
49960
49985
49960
49960
49909
49954
49955
49749
49985
49960
49985
49955
49985
49985
49955
49985
49985
49864
49955
49960
49985
49985
49960
49960
49985
49960
49960
49939
49985
49960
49613
49954
49955
49960
49960
49954
49954
49954
49960
49985
49985
49985
49960
49960
49955
49985
49985
49960
49906
49955
49960
49985
49960
49902
49347
49960
49985
49985
49960
49906
49960
49902
49960
49906
49960
49954
49955
49898
49939
49955
49985
49608
49955
49955
49985
49960
49985
49954
49985
49960
49985
49985
49985
49847
49954
49960
49985
49733
49985
49960
48936
49985
49985
49909
49985
49960
49960
49985
49985
49960
49960
49902
49955
49985
49955
49955
49985
