30
30
30
23818
23818
30
30
23818
11601
30
23818
30
22306
30
22306
23818
24293
21686
24293
24293
24293
24293
21686
21686
18472
24293
30
24293
24293
24293
19860
23574
24293
23818
23574
24293
24293
18472
23818
24293
24293
18209
24293
24293
24293
23818
23574
6672
24293
24293
24293
24293
30
24293
23574
24309
15718
30
24200
30
23574
24293
24037
24293
30
24293
24037
24293
24293
24293
23818
23818
24293
30
23574
24037
24293
24293
24293
24293
24020
24037
24293
24293
23684
24293
24173
24037
24293
23111
24293
24037
24037
23574
24293
24293
24293
24293
20193
24293
30
24293
24293
24293
24293
24037
24173
30
24293
24293
24293
23454
23684
24293
24173
30
24293
23818
24200
24293
24293
24293
24293
24293
23665
24037
24293
24200
23393
24293
24293
24037
24293
24293
24200
24037
24293
24037
24293
24293
23684
24293
30
24293
24293
24293
24293
24293
24293
24200
23665
24200
23818
23574
23818
24293
24020
24293
30
24037
24293
24173
23665
24020
24293
24173
24293
24200
24293
24200
23818
23818
23703
24293
24173
24037
24037
24293
24293
24037
24173
24173
22652
24293
24037
24200
24293
23501
24293
24168
24037
24293
23595
24200
24173
24293
24230
24293
24293
24293
24293
24293
24293
24293
24315
24020
24020
24173
24315
24173
24293
24315
24037
24315
24315
24293
24315
23070
24293
24315
24293
24315
23818
24315
23574
24298
24298
24298
24315
23574
24315
24315
24298
24309
24298
24298
24315
24315
24298
24315
24298
24315
24315
24315
23818
24173
24293
24315
24315
24315
24315
24298
23438
24315
23595
24230
24315
24298
24173
24143
23818
24315
24173
23289
24298
24298
24034
24315
24020
19609
23255
24315
24315
24168
24034
24298
24293
24315
24315
24298
23818
24298
24315
24315
24034
22792
24315
24293
23595
24315
24298
19609
24173
24315
23501
24200
23804
23703
24315
30
24315
24298
24315
24293
24315
24298
24315
24034
24298
24298
23703
30
24020
24020
24315
24230
24315
23703
23595
24315
24298
24315
24020
24315
24298
24293
24298
24298
24298
23111
24298
24298
24315
24173
24293
24298
24315
23589
24298
24298
30
24020
24143
21612
24173
24298
24315
24315
24315
24315
24298
24034
24173
24315
24293
24298
23595
24315
24298
24298
24173
24315
24315
24315
24315
24315
24173
24315
24298
23818
23607
24298
24315
24298
24315
23502
24315
24298
24315
24293
24298
24293
24143
24143
24315
24315
24315
24020
24315
24020
24315
24315
24315
24315
21612
24298
24315
24315
24315
24315
24315
24008
24315
24315
24315
24315
24315
24315
24315
24315
24315
24315
24315
24173
24173
24315
24298
24298
23703
24298
24173
24293
24315
24020
24298
24298
24315
24315
24315
24315
24293
24298
24315
24315
24315
24315
24315
24168
24034
24298
24315
24298
24173
24315
24173
24298
22275
24315
24315
24293
24315
24298
24298
24315
24020
24230
24293
24315
24315
24315
24315
24315
24315
24298
24230
24298
24315
23595
24230
24315
18279
24298
24298
24143
24298
24315
24298
23930
24293
24315
23930
24315
24034
24034
24315
24315
23255
24315
24293
24315
24315
24143
24298
24298
24315
24315
23603
23600
24309
