65449
124394
65449
30
65449
30
124394
129294
129294
129294
124483
70501
129294
128410
129294
129294
129294
128410
30
131227
128410
30
117773
131227
124217
128410
128410
129294
132563
129294
105512
132563
128410
129294
132563
129294
132563
129294
129294
128410
100099
132563
132563
128410
129294
132563
132314
132563
129294
131227
132314
124217
132314
30
132314
132563
132563
132314
132563
132314
129294
131227
132314
124217
128410
132563
131227
128410
132245
132563
131122
132314
132563
132314
131227
115770
132314
132563
132314
132314
131122
68750
132314
132563
131640
88315
132563
131227
132245
132314
131640
113541
132314
132563
126783
133949
126783
133949
120851
132314
120851
132314
120851
120851
132314
131484
132314
133949
132314
132314
30
132245
129294
132314
133949
120851
133840
133840
133949
131484
120851
133949
133840
131484
115770
134237
134237
129271
129271
134237
134237
131484
134237
134237
132314
134237
133949
132245
134237
133949
134237
132245
129271
129271
129271
120851
134237
132245
129271
134237
134237
134237
134237
134237
134237
134237
134237
134237
133949
134237
134237
90159
134237
133949
134251
89212
130126
134251
120851
131484
133949
134251
134251
30
130821
132245
134237
134251
134251
134237
134237
130126
134251
134237
134251
132245
132563
134251
134251
134251
30
134251
134251
129012
126783
134251
134251
133544
131122
109046
134251
134251
134251
134237
134251
134251
134251
134237
134251
131484
131580
134251
134251
126761
134251
134251
131484
134251
124217
129271
133949
134251
30
134251
134251
134237
134251
134251
128753
134251
134237
131146
134251
134251
131484
133949
134251
133949
133949
134237
124044
132245
134251
134251
134237
30
134251
134237
134251
134251
134251
134251
132245
133014
134237
134237
134251
134251
129686
134251
134251
134251
134251
134251
133949
129012
134237
132245
134251
131146
30
134251
134251
134251
103955
134251
134251
134251
134251
132314
129271
134237
134251
132245
131484
133949
133949
133014
130830
134251
134237
134251
126761
133949
132245
134251
133014
134251
133014
134251
134251
133949
134251
134251
133949
131484
134251
134251
120335
130830
132245
134251
130830
126065
134251
131580
131146
133949
131484
133949
132563
134251
133014
134251
131146
134237
134251
134251
134237
134251
132314
134251
134251
134237
134251
132631
134251
134251
133949
134251
133949
134251
133757
134251
133757
134237
134251
134251
133014
134251
133014
131122
134251
134251
134237
134251
134237
134251
133757
133014
131484
133014
115770
134251
134237
129271
134251
133757
134251
134237
132245
129271
134251
134251
130126
134237
134251
134251
134251
134251
134237
134251
133757
134251
133757
130821
131640
133757
133757
133757
134251
131484
134251
129271
134237
134251
133100
131227
134237
134251
134251
134251
133949
131484
134251
131484
134251
134251
132245
134251
133757
134251
133757
133949
132245
131146
134251
133949
134251
134251
134251
134251
134251
134251
134251
133014
134251
134237
134251
134251
133757
134251
134251
134251
134251
134251
134251
134251
134251
134251
133949
133757
131446
133757
132538
133744
133757
133949
132538
134251
134251
134251
134251
120445
134251
134251
134237
134251
131580
133014
134237
134251
133757
134251
134251
133100
132538
131395
132538
134251
14047
134251
134251
130821
133757
133757
133949
125521
134251
130860
133949
134251
133757
134251
134251
133949
134237
134251
133949
134251
134251
55572
133949
132100
134237
132538
134251
134251
134251
134251
134251
127625
133949
134251
133949
134251
134251
134251
134251
134237
134251
134251
134251
133744
132796
133757
132245
132538
134251
134251
134251
133226
134251
133744
134251
134251
134251
133014
134251
134251
133757
133744
132538
134251
30
134237
133014
133744
134251
132314
133100
134251
132538
133949
134251
30
134251
132245
134251
134251
134251
134251
133014
134251
133744
133757
134251
133949
133757
134251
134237
134237
134251
133949
130126
134251
134251
134251
134251
133744
134251
134251
134251
133757
134237
133949
134251
134251
134237
134251
134251
134237
133949
133949
133757
134251
129431
134251
134251
134251
133949
133100
129431
134251
134251
134251
134251
134251
134251
134251
134251
129431
133014
133757
134251
134237
134251
134251
133724
133724
134251
134251
134251
134237
134251
134251
134251
117836
133724
133949
133757
134237
134251
134251
133757
134251
129271
134251
134237
134251
133724
134251
129271
133949
134251
134251
134251
132245
134251
133014
133757
133949
134251
134237
134251
134251
134237
134251
134251
134251
134251
134251
133014
134251
134251
134251
134251
133100
133949
134251
134251
134237
134251
98709
134251
134251
134251
133949
133014
133757
134237
134251
134251
133724
134251
133757
133757
134251
134115
133949
133724
134251
134251
133949
134251
134251
134237
134251
133724
134251
131395
134251
134237
134251
133949
133757
134237
134251
132538
131146
134251
133724
133653
134251
133757
134251
134251
134251
134251
134251
134251
134251
129534
134251
133757
134251
131812
133949
133949
134251
133724
134251
133949
133724
134251
134251
134251
134251
133014
134237
134251
130843
129586
133949
133949
134251
134251
133840
126983
134251
134251
133305
133949
134237
133757
133744
134251
134251
134251
133014
128935
133949
133949
134251
133744
131146
134251
134251
134251
131112
134251
134251
133757
134251
134251
133100
131812
133949
134251
134251
134251
131619
134251
134251
133757
133949
133014
134251
134237
134251
134251
133744
134251
134251
133757
134251
134251
129431
133014
134251
134251
134251
133724
134251
134251
134237
134237
134251
134237
134251
133949
133757
133757
134251
134251
133744
134251
133949
134251
133757
134251
134251
134251
134251
134251
134115
133949
132374
133949
133305
134251
133724
130410
133757
134251
134237
133757
133653
134251
134251
134237
134251
134251
133757
134251
134251
30
133744
133949
134251
134251
133100
134251
134251
134237
134251
133949
134251
133757
134237
134251
134251
133757
132748
133949
134251
134251
133949
133544
133653
134251
133949
134251
134251
133744
134251
134251
134251
134237
133949
134251
134251
134251
30
134251
134251
125036
134251
133014
134251
133724
134115
133757
134251
134251
134251
134251
134251
134251
134251
134237
134237
133724
133949
134251
134251
134251
134251
131917
133757
133653
133949
134237
134251
133724
134115
133757
134251
130185
133724
134251
134251
133014
134251
134251
134251
133949
134251
133757
133757
121742
134115
134251
130512
133949
134251
134251
133100
134251
134251
129431
134237
131395
134251
134251
133724
134251
133949
132245
133014
134251
134251
134237
134251
133757
134251
134237
134237
134251
134251
133757
130185
132631
134237
134251
134251
130015
134251
134251
134237
134237
134251
134237
134251
133757
133949
133744
134237
133949
133014
133757
133949
134251
134251
133724
130905
134237
134251
133757
134251
134251
134251
134251
132639
134251
133744
134251
134115
133949
134251
134251
134251
133100
134251
134251
133757
134237
134237
134251
133949
134237
134251
134251
134115
134251
133949
134251
134251
134237
134251
134251
129431
134251
116704
134251
134115
132538
134115
134251
134237
132374
133949
134251
134251
134251
133757
134237
134251
134115
133100
134251
134115
134251
134251
134251
134251
67440
133014
134251
134115
132631
134251
134237
134251
134251
133949
133724
131619
133757
134251
132631
132432
133100
134251
134251
134251
134251
134251
133757
134251
134251
134237
133014
134251
132748
134251
133014
134251
133757
134251
134251
134251
133949
133757
131917
134251
133757
134251
134251
134251
134251
134251
131812
134251
134115
134251
134251
134237
134251
134251
133949
134251
134251
134237
134251
134251
131395
134251
133724
134251
132748
131812
134251
134251
134251
134251
134251
133757
134251
134251
133949
134115
134237
133757
134251
134251
134251
30
134251
133757
134251
134251
134251
133757
133724
131818
133949
134251
134251
133724
134237
134251
134251
134251
134237
125732
134251
134251
133744
133757
133757
134251
134251
133949
134251
134251
132314
134251
134251
134251
133724
134251
134237
134251
134251
133757
134251
134237
134237
134251
134251
134251
134251
134237
134115
132430
134251
133757
134251
134251
129586
134251
134251
133949
134237
132563
134115
134237
134251
120447
134237
134251
134251
126095
133744
134251
133757
133949
133757
132639
134251
133100
133757
133724
129431
132305
134251
134251
134251
134251
134251
134251
134251
134237
133305
134251
134115
134251
134251
133949
134237
134251
134251
133949
133744
134251
130060
133014
134251
134251
133744
133100
134251
132748
134251
134251
133744
134251
134251
133724
134251
132748
126095
131812
134115
134237
133014
134251
131146
133949
133949
134251
134251
134251
133744
133757
133744
134251
134251
134251
132748
134251
134237
133757
133949
134251
130856
134251
134251
134251
132639
134237
133949
133014
134251
134251
134251
134251
132748
124572
134251
134237
134237
134251
134251
133757
134251
134251
134251
133757
129431
132245
133949
134251
133949
133757
134251
133014
134251
133724
133949
134251
133757
134251
134251
134251
134251
133757
134251
133724
134251
133724
133724
134251
134251
134237
134251
133757
133757
133014
133949
134251
134237
133724
133949
134251
132748
134251
133949
134251
134251
133724
134115
132568
134251
133014
134251
134251
134251
134251
133949
134251
133744
134251
133013
130185
134251
133744
134251
134251
134251
134115
132748
134237
133724
133757
132748
134251
134237
134251
134251
134251
134251
132748
134251
134251
133305
134251
134251
134251
133757
134251
134251
133014
132305
134251
131898
129012
134251
132748
133949
134237
134251
133949
134251
133949
133949
134251
133949
134237
133744
134251
125729
134251
133757
133653
129012
133757
133757
130502
134251
134251
111184
134237
134251
133949
134237
134251
134251
134237
134251
134237
134251
134251
134237
134251
133014
133949
134251
133757
134251
134237
133100
130843
133757
134251
134251
134237
134251
134251
134251
134237
134251
134251
134115
133757
134251
133949
133724
134251
