5601
9469
9469
9469
8295
9469
9469
30
9469
8406
9469
9269
30
9469
30
9540
7177
9269
9825
9540
9825
9540
9825
9540
9825
9269
30
9825
30
9848
9469
3343
9825
9659
30
9659
9231
9677
9825
9677
9825
9469
9677
9540
9540
9659
9677
6049
8888
9825
9677
9659
9825
8888
9825
9848
9659
9469
9677
9677
9677
9677
8888
9911
9911
9911
9911
9677
9848
9575
9659
9021
9848
9677
9264
9825
9677
9677
9825
9911
9575
9911
9540
9825
9911
9469
9911
9911
9677
9469
9911
9677
9911
9911
8888
9911
9911
9848
9825
9911
8804
9811
9677
9911
30
9575
9911
9911
9677
9469
9911
9677
9659
9892
9677
9911
9911
9677
9911
9911
9911
9469
9598
9677
9677
9911
9848
9848
9540
9677
9677
9911
9575
9677
9892
9677
9911
9659
9469
9540
9911
9911
9911
9825
9911
9911
9911
9677
9811
9598
9892
9911
9547
9911
9911
9659
9677
9911
9911
6543
9911
9892
9911
9911
9911
9911
9656
9911
9911
9911
9911
9659
9677
9659
9025
9911
9911
9911
9911
9892
9677
9911
9825
9911
30
9677
9811
9911
9911
9911
9547
9911
9892
8888
9677
9911
9677
9911
9656
9911
9911
9911
9911
9677
9677
9677
9219
9656
9021
9911
9911
9911
9723
9656
9659
9911
9911
8888
9723
9892
9723
9723
9911
9540
9723
9911
9716
9911
9911
9911
9911
29
9911
9911
9911
9911
9723
9911
9723
9723
9911
9723
9911
9911
9911
9911
9723
9777
9911
9716
9911
9777
9911
9216
9911
9723
9811
9911
9911
9911
9723
9723
9911
9911
9911
9575
9911
9911
9911
9911
9911
9848
9911
9892
9911
9811
9892
9911
9892
9911
9911
9911
9677
9911
9911
9911
9911
9911
8119
9911
9892
9911
8119
9911
9723
9911
9911
9911
9911
9785
9708
6894
9659
9659
9892
9708
9911
9911
9821
9911
9911
9911
9892
9825
9911
9892
9911
9911
9911
9911
9911
9911
9911
9821
9911
9777
9547
9911
9911
9839
9892
9839
9839
9575
9839
9911
9821
9821
9911
9656
9911
9821
9911
9911
9842
9821
9892
9892
9694
9911
9911
9821
9911
9821
9842
9911
9911
9911
9911
9911
9911
9821
9911
9848
9911
9911
9575
9911
9911
9911
9911
9839
9598
9575
9911
9911
9641
9821
9911
9777
9892
9911
9911
9911
9839
9839
9656
9911
9708
9911
9821
9839
9656
9911
9911
9892
9911
9821
9911
9839
9911
9659
9656
9821
30
9659
9054
9878
9821
29
9911
9852
9852
9878
9878
9878
9892
9911
9911
9911
9911
9911
9575
9911
9911
9911
9878
9821
9821
9656
9641
9911
9911
9911
9821
9911
9566
9911
9656
9911
9878
9892
9878
9878
9911
9878
9911
9911
9839
9911
9911
9852
9798
9911
9575
9911
9911
9892
9567
9656
9911
9911
9911
9878
9878
9878
7716
9911
9892
9821
9821
9911
9290
9821
9911
9641
9911
9785
9878
9825
9656
9911
9598
9911
28
9659
9892
9821
9911
9821
9911
9911
9878
9852
9723
9219
9911
9821
9911
9911
9821
9911
9911
9839
9852
9878
9911
9413
9892
9852
9911
9852
9264
9892
9892
9911
9878
9911
9892
9821
9911
9911
29
9656
9469
9575
9911
9911
9878
9911
9878
9911
9892
9852
9469
9821
9848
9892
9911
9575
9911
9878
9911
9892
9911
9878
9911
9878
9911
9911
9911
9911
9911
9911
9911
9878
9911
9708
8119
9771
9911
9911
9911
9911
9911
9911
9911
9911
9911
9842
9911
9911
9911
9911
9911
9911
9878
9911
9821
9911
9878
9771
9785
9702
9771
9878
9852
9911
9659
9911
9911
9821
9771
9892
9771
9911
9911
9878
9777
9821
9892
9911
9911
9911
9892
9821
9219
9878
9892
9892
9150
9892
9911
9911
9911
9911
9677
9911
9708
9911
9911
9892
9878
9911
9771
9842
9892
9878
9892
9911
9547
9878
9911
9821
9911
9911
8926
9911
9911
9911
9911
9892
9702
9911
9821
9771
9821
9892
9892
9892
9777
9911
9839
9821
9878
9911
9659
9821
9911
9892
9911
9821
9821
9911
9777
9878
9911
9911
9911
9911
9911
9911
9911
9911
9821
9892
9150
9911
9892
9659
9878
9911
9911
9878
9892
9911
9911
9852
9911
9598
9821
9911
9911
9911
9911
9771
9708
9878
9878
9811
9911
9708
9911
30
9911
9911
9641
9911
9892
9911
9878
9911
9911
9911
9911
9911
9659
9911
9911
9892
9911
9911
9911
9911
9911
9878
9911
9911
9911
9839
9911
9911
9911
9892
9900
9911
9911
9871
9900
9911
9911
9911
9900
9900
9911
9911
9878
9900
9878
9900
9900
9771
9900
9911
9911
9900
9892
9911
9911
9900
9878
9900
9911
9911
9911
9900
9900
9900
9892
9911
9575
9911
9842
9900
9900
9900
9900
9900
9771
9911
9911
9911
9911
9911
9911
9911
9713
9911
9911
9771
9771
9764
9911
9911
9713
9575
9911
9871
9911
9900
9911
9911
9892
9911
9900
9900
9892
9892
9770
9911
9911
9911
9900
9892
9825
9911
9911
9911
9900
9911
9892
9911
9900
9911
9911
9911
9911
9842
9911
9900
9900
9900
9911
9892
9818
9732
9911
9534
9911
9911
9900
9892
9852
9900
9911
9575
9911
9783
9771
9900
9911
9911
9900
9911
9911
9839
9892
9892
9878
9892
9911
9878
9900
9911
9911
9892
9911
9911
9911
9900
9900
9911
9911
9911
9842
9911
9911
9911
9911
9892
9842
9911
9911
9900
9911
9911
9900
9900
9911
9698
9900
9911
9911
9900
9911
9892
9911
9842
9911
9911
9871
9911
9911
9839
9785
9842
9911
9698
9852
9911
9900
9911
9911
9911
9911
9911
9900
9893
9911
9911
9911
9900
9911
9911
9823
9911
9911
9911
9900
9900
9900
9900
9902
9472
9547
9902
9911
9900
9900
9911
9900
9911
9911
9447
9900
9900
9823
9911
9893
9900
9911
9911
9911
9911
9911
9911
9900
9892
9783
9900
9902
9911
9911
9911
9911
9900
9911
9911
9785
9871
9900
9911
9902
9631
9911
9721
9783
9900
9911
9900
9878
9911
9911
9892
9900
9878
9911
9902
9902
9911
9871
9911
9911
9911
9892
9911
9900
9902
9900
9911
9900
9892
9900
9911
9911
9892
9911
9911
9911
9911
9911
9902
9911
9878
9900
9777
9825
9900
9911
9910
9911
9911
9777
9900
9900
9900
9911
9910
9871
9911
9911
9911
9911
9900
9911
9852
9823
9911
9771
9878
9911
9911
9911
9911
9911
9900
9911
9902
9911
9871
9902
9783
9911
9902
9902
9611
9910
9902
9902
9902
9892
9893
9911
9902
9911
9910
9911
9911
9834
9911
9842
9902
9902
9878
9911
9783
9834
9893
9871
9702
9911
9910
9911
9698
9902
9902
9911
9902
9911
9902
8902
9911
9911
9785
9911
9911
9911
9911
9911
9911
9878
9911
9842
9911
9534
9902
9911
9902
9878
9911
9911
9902
9878
9911
9911
9708
9771
9910
9910
9413
9902
29
9911
9911
9902
9902
9910
9911
9872
9911
9902
9910
9911
9902
9902
9911
9911
9911
9911
9902
9911
9902
9902
9878
9771
9842
9911
9911
9911
9878
9911
9534
9902
9911
9911
9911
9911
9910
9911
9910
9911
9911
9911
9911
9823
9910
9911
9876
9911
9770
9902
9911
9910
9777
9902
9911
9911
9910
9902
9902
9911
9911
9911
9911
9910
9911
9911
9911
9911
9911
9902
9911
9911
9911
9911
9902
9641
9910
9911
9911
9911
9902
9911
9902
9902
9871
9902
9876
9911
9878
9911
9783
9876
9902
9902
9911
9783
9911
9911
9900
9902
9911
9770
9910
9911
9911
9902
9911
9902
9911
9783
9900
9910
9902
9771
9834
9911
9902
9911
9878
9911
9911
9825
9911
9909
9911
9771
9911
9783
9911
9911
9911
9911
9902
9902
9902
9911
9911
9777
9909
9911
9876
9911
9902
9910
9825
9911
9911
9902
9911
9878
9902
9911
9911
9900
9838
9911
9902
9876
9909
9911
9911
9783
9911
9878
9911
9783
9910
9911
9902
9911
9834
9910
9825
9911
9783
9911
9770
9910
9910
9839
9785
9911
9909
9878
9503
9911
9911
9911
9902
9902
9911
9911
9346
9900
9910
9721
9911
9910
9911
9902
9910
9911
9902
9834
9911
9911
9911
9911
9902
9911
9911
9834
9871
9902
9911
9771
9902
9911
9911
9878
9911
9783
9910
9587
9732
9902
9911
9911
9878
9911
9911
9503
9823
9911
9911
9911
9472
9842
9911
9911
9902
9911
9910
9911
9910
9902
9910
9902
9911
9902
9911
9911
9911
9771
9764
9902
9878
9911
9911
9911
9910
9911
9902
9871
9911
9909
9911
9911
9872
9903
9770
9902
9842
9902
9902
9911
9911
9911
9842
9911
9910
9911
9911
9911
9911
9911
9902
9783
9911
9879
9783
9911
9911
9911
9902
9823
9911
9902
9902
9911
9910
9911
9771
9902
9911
9911
9910
9911
9911
9587
9911
9911
9911
9911
9771
9903
9911
9911
9911
9902
9911
9675
9902
9902
9876
9911
9911
9911
9911
9902
9911
9911
9911
9911
9910
9777
9911
9911
9911
9902
9911
9902
9910
9911
9675
9721
9911
9910
9911
9911
9911
9902
9911
9911
9911
9902
9783
9911
9911
9911
9911
9910
9911
9910
9902
9911
9911
9910
9902
9900
9910
9911
9876
9911
9909
9909
7218
9879
9911
9838
9911
9910
9838
9839
9902
9900
9902
9911
9807
9900
9910
9902
9911
9902
9911
9910
9909
9842
9900
9879
9911
9902
9872
9911
9902
9911
9911
9902
9902
9839
9902
9900
9807
9911
9911
9838
9910
9911
9770
9911
9900
9911
9902
9911
9910
9876
9911
9911
9911
9911
9911
9900
9911
9911
9475
9892
9911
4650
9911
9902
9872
9911
9911
9911
9911
9909
9876
9911
9879
9911
9902
9911
9911
9911
9911
9902
9902
9910
9902
9911
9871
9876
9911
9911
9876
9911
9911
9911
9911
9911
9807
9900
9876
9911
9902
9892
9807
9630
9909
9911
9911
9911
9902
9871
9675
9911
9911
9911
9911
9910
9902
9911
9910
9871
9911
9909
8888
9902
9902
9902
9911
9807
9910
9911
9911
9902
9911
9902
9871
9788
9902
9879
9911
9911
9911
9911
9871
9911
9902
9879
9911
9902
9911
9911
9842
9771
9911
9911
9911
9911
9834
9900
9903
9910
9911
9872
9842
9909
9911
9900
9911
9876
9902
9911
9911
9902
9911
9911
9902
9911
9911
9911
9902
9902
9911
9783
9911
9876
9909
9879
9911
9911
9911
9911
9911
9911
9910
9911
9902
9911
9911
9911
9882
9902
9911
9902
9876
9902
9911
9911
9688
9911
9911
9911
9911
9911
9876
9902
9910
9902
9902
9910
9910
9911
9807
9911
9902
9911
9879
9912
9912
9912
9879
9912
9910
9912
9871
9912
9910
9771
9912
9886
9912
9911
9910
9698
9909
9912
9912
9912
9842
9807
9912
9912
9902
9807
9058
9912
9912
9912
9910
9912
9688
9912
9912
9807
9912
9912
9902
9912
9912
9912
9688
9912
9902
9912
9902
9893
9912
9477
9902
9910
9912
9912
9807
9882
9902
9912
9688
9900
9910
9912
9902
9902
9807
9807
9902
9912
9903
9912
9912
3062
9771
9912
9912
9909
9909
9900
9807
9912
9912
9902
9912
9910
9912
9902
9912
9834
9902
9912
9912
9912
9912
9912
9902
9893
9902
9909
9912
9910
9912
9876
9912
9912
9912
9902
9912
9770
9910
9912
9912
9912
9912
9708
9912
9886
9807
9675
9902
9878
9902
9902
9912
9911
9902
9912
9872
9909
9912
9912
9893
9713
9912
9912
9912
9902
9834
9912
9912
9912
9842
9912
9912
9912
9821
9902
9912
9902
9902
9912
9893
9912
9902
9910
9910
9902
9882
9910
9912
9912
9912
9910
9900
9912
9909
9909
9912
9912
9792
9807
9912
9912
9879
9902
9902
9876
9807
9912
9912
9902
9912
9912
9834
9910
9912
9912
9783
9912
9886
9912
9882
9900
9912
9912
9912
9893
9780
9912
9902
9839
9902
9902
9912
9886
9902
9912
9912
9893
9912
9902
9912
9902
9838
9912
9910
9912
9912
9912
9838
9912
9910
9909
9912
9839
9886
9912
9910
9912
9912
9886
9909
9912
9912
9912
9912
9912
9879
9912
9900
9912
9902
9771
9912
9912
9912
9902
9900
9912
9909
9902
9910
9912
9902
9912
9902
9912
9792
9902
9909
9879
9912
9912
9902
9912
9912
9912
9902
9882
9902
9879
9912
9882
9912
9902
9912
9792
9912
9912
9910
9886
9886
9912
9878
9902
9912
9902
9902
9912
9902
9902
9834
9912
9902
9792
9910
9771
9912
9902
9912
9886
9902
9771
9910
9910
9876
9893
9879
9834
9912
9428
9912
9902
9823
9912
9910
9902
9699
9912
9912
9912
9912
9842
9732
9902
9910
9902
9902
9902
9886
9912
9912
9771
9886
9641
9912
9912
9912
9912
9902
9902
9912
9902
9912
9876
9912
9912
9771
9910
9912
9912
9912
9902
9902
9912
9902
9910
9912
9912
9912
9902
9912
9912
9910
9780
9893
9886
9912
9912
9912
9912
9911
9912
9912
9912
9902
9902
9902
9912
9912
9912
9910
9912
9882
9910
9912
9902
9912
9910
9902
9839
9912
9912
9912
9882
9902
9902
9783
9688
9909
9912
9912
9892
9842
9912
9912
9912
9882
9912
9912
9902
9912
9902
9909
9912
9912
9912
9912
9783
9902
9882
9472
9771
9429
9260
9912
9912
9912
9912
9912
9910
9910
9699
9912
9912
9900
9912
9903
9902
9902
9912
9910
9834
9910
9771
9902
9912
9912
9902
9879
9912
9893
9912
9902
9743
9912
9912
9912
9902
9809
9912
9900
9902
9912
9912
9912
9902
9902
9912
9912
9912
9912
9912
9878
9912
9878
9893
9902
9912
9912
9912
9912
9912
9878
9912
9912
9910
9910
9834
9708
9902
9903
9893
9912
9902
9912
9912
9909
9902
9912
9912
9902
9912
9902
9912
9910
9878
9840
9878
9902
9912
9823
9912
9912
9910
9912
9912
9912
9838
9912
9903
9912
9912
9900
9912
9912
9912
9912
9834
9912
9912
9910
9902
9902
9912
9912
9886
9912
9912
9912
9912
9912
9902
9910
9910
9912
9892
9910
9912
9902
9902
9912
9902
9912
9912
9912
9792
9809
9771
9912
9912
9912
9912
9912
9878
30
9912
9912
9912
9910
9882
9902
9912
9912
9912
9902
9912
9912
9912
9823
9842
9909
9912
9771
9912
9912
9910
9912
9912
9912
9882
9912
9882
9912
9902
9912
9902
9912
9912
9878
9912
9911
9902
9900
9910
9912
9909
9743
9902
9910
9902
9912
9882
9912
9900
9902
9912
9912
9088
9912
9912
9912
9902
9912
9912
9886
9912
9910
9842
9912
9912
9852
9912
9886
9912
9912
9912
9912
9912
9912
30
9910
9912
9902
9903
9902
9900
9902
9912
9912
9910
9912
9912
9902
9909
9909
9912
9912
9842
9882
9743
9902
9912
9902
9911
9587
9912
9902
9912
9902
9912
9912
9912
9912
9912
9909
9912
9912
9708
9912
9911
9912
8430
9912
9912
9902
9912
9912
9910
9902
9902
9912
9809
9912
9886
9842
9899
