30
30
74823
91618
91618
91618
30
91618
91618
91618
91618
30
90161
90161
80318
90161
91618
57972
66681
30
30
30
87442
90161
95208
95208
95208
90161
95208
30
95208
90161
96686
30
95208
90161
96686
96686
90161
30
96300
96686
80318
87442
77105
90161
87442
90161
90161
96300
71535
90161
96686
89268
95208
95208
96686
51761
77105
30
90161
87442
96686
90161
87015
96686
87442
90161
96686
96300
87442
95203
96300
96686
90161
96686
96300
96686
96686
96686
96686
95203
95208
95203
96686
77105
89268
96686
95203
96686
88747
95203
96300
95203
87442
96300
93121
95203
96686
95203
96686
95208
93121
96300
96686
96686
96686
82639
95203
88747
96686
95887
96686
96686
95203
93844
96300
96686
96686
96300
80318
95203
90161
96300
93121
96686
96686
96686
96686
80963
96686
93844
93005
30
96300
93844
95605
95605
96686
96686
95208
93005
96300
89268
96300
96686
96686
96300
96686
96686
96686
96686
96300
95605
96300
96300
95208
96300
95203
96686
96686
96686
95605
93121
95605
95605
82479
96300
95605
96300
95605
96686
96686
30
95203
92107
97635
91567
97635
97635
97635
97635
96300
97635
97635
96686
97635
97635
95605
97635
97928
95605
95203
97635
97928
34300
97635
96818
97928
97928
97928
96686
93121
97928
93839
97635
95605
97635
96686
95605
96300
96686
97928
97635
97928
97635
93844
97928
97635
93262
95605
96818
97635
93419
97635
96818
95605
97635
97635
96300
80963
96818
97635
96686
91567
97635
97635
97928
97928
97928
97928
97635
97635
97635
95605
97928
97928
97928
96686
97635
92107
79037
97928
97635
82180
97928
97635
96818
93839
97928
97635
96857
96300
96857
96212
97635
97694
97694
96818
97928
93121
97694
97694
76816
96857
97928
97635
97635
93419
96857
97694
96857
97635
97694
97928
97928
97928
30
97694
93844
97694
97635
97635
97694
96857
96857
97928
97635
97635
97635
97635
97635
30
96857
93419
97635
97635
97928
97635
96857
96212
97635
97928
96857
93262
95605
94648
96857
97635
96857
97635
93119
97928
96857
97635
96857
97928
96708
97928
96300
87188
97694
97635
97694
89268
97694
97150
97928
97635
96428
97694
97694
93844
97928
97694
97694
97635
97694
94648
97928
97694
97928
97928
97694
97928
94648
97635
97635
96857
97928
97694
97694
97635
94648
96300
97928
97150
97694
97635
97928
97928
97694
97150
97694
97694
97694
97150
97150
89268
97150
97635
94648
97635
97635
97635
97694
97928
96818
93567
97635
96818
97635
97150
97928
97694
97928
58832
89268
97928
97694
97928
97635
97635
97694
97150
94648
97635
97694
97928
97150
97694
97928
96857
97150
97928
97635
97694
90161
97694
90161
95906
97150
97928
96818
97694
96818
97635
97694
97635
97150
97694
95906
97150
97150
97150
97928
97928
97635
97635
97150
96857
97694
97150
97694
96818
97705
97928
93262
95906
97694
97635
97928
96818
97150
96708
97150
97928
97928
93844
97150
97928
96857
97150
97928
93262
97928
97635
89251
97150
97150
97694
97150
97635
96818
97694
97635
97150
88192
97694
97150
97928
97928
97928
97635
97635
97694
97928
97150
97150
95906
97694
97694
97928
93419
97635
97928
97635
97928
97150
97150
93419
95906
97150
97928
97928
97694
97694
90381
97694
97928
97928
90225
96818
97694
97694
97635
97694
90161
97635
95906
97928
95999
97694
30
30
97928
97928
97928
96428
97635
97694
97150
96300
97635
96745
95906
97928
97928
97635
96857
97928
97635
97928
97635
93262
97635
97928
97694
97694
96428
97635
97694
97694
97225
97635
93262
97635
97694
96708
97635
97928
97694
97270
97635
97635
96818
96300
97150
95203
97928
97928
97694
95906
96818
96300
97387
97694
97635
97694
97928
97694
97225
97928
97694
96818
97635
97270
96818
94648
97387
97635
97387
97635
97928
88192
97928
97225
97635
97387
97694
97694
97635
95999
97928
97635
97387
97928
97635
97928
97694
97225
97928
97635
97928
97694
97225
97635
97694
97635
97387
96212
97694
97387
88747
97928
97694
97694
97694
97694
97387
93610
97387
97225
97225
97387
97635
97694
97928
97694
97694
97387
97387
97270
97694
97635
97928
97387
97387
81171
97635
97635
97928
97928
97225
97928
97387
97387
94648
97635
97928
97387
97225
95999
97694
97928
97928
97225
97635
97928
97225
97694
97635
97694
95906
97635
97928
97635
97635
97694
97694
97635
97635
97694
97635
97635
97635
97635
97928
97387
97635
97928
97635
97225
97928
97225
97928
97270
97387
97928
97928
97928
97928
95808
97635
97387
97225
97635
97635
97635
97387
97928
94101
97635
97387
97387
97928
97635
97928
95605
97635
97635
97635
97928
97635
97635
97561
95906
97694
97635
97694
97635
97635
97225
96428
97928
97270
97387
97928
97225
97635
97635
97928
97225
97635
97635
97635
97928
97635
97225
97387
97635
97270
97635
97225
97635
97928
97694
97387
97387
97928
97635
97635
97387
97387
97694
97928
97270
97635
97635
97387
97225
97635
97225
97694
97270
97694
97694
96708
97928
90902
97694
97635
93262
95900
97694
97225
97928
97928
95906
97387
97635
97387
97635
97635
97387
97635
97928
97387
96708
97694
97928
97270
95402
97694
88148
97694
97635
97635
97635
97387
97694
97387
97270
97928
97635
97694
97635
97928
97635
97225
97225
97635
97387
97694
95906
97387
97635
97635
97387
92223
97635
97225
97928
97225
97928
97635
97387
97928
96300
97387
97635
97635
96857
97694
97635
97928
97635
97694
97928
97928
97928
97928
97694
97635
96818
97694
97635
97270
97928
97928
97270
97040
97694
97387
97694
97635
97928
97635
97635
97928
97635
97694
97635
97928
97635
97635
97694
97928
97225
97694
97928
97635
96745
95053
96708
97694
97225
97694
97635
97387
97635
97635
96300
97635
95529
97928
97694
97635
97387
97694
97635
97633
97620
97633
84497
97635
97633
97694
97633
97633
97633
96428
97635
96818
97633
97633
97633
97694
96752
97635
96818
97928
97561
97633
97633
90902
97633
97633
97635
97635
97928
97635
96300
97387
97635
94773
95999
97694
97270
97694
97694
97635
96818
97928
97633
97635
95808
97694
97694
97635
97635
97694
97635
97185
97694
97635
97387
97694
95906
97387
97635
97387
97694
96752
97150
97633
97635
97635
97928
93661
97633
97633
97928
95605
97694
97694
97387
97635
97387
97694
97635
97561
97633
97928
97633
92223
94815
97387
97635
97387
97635
97633
97635
97928
97635
97928
97694
97633
97635
97635
97633
97688
97387
97688
97928
97635
97928
97694
97633
97635
97694
97635
96459
97928
97928
97928
97694
97633
97928
97635
97633
97694
97688
97635
97635
97387
97928
97928
97635
97694
97387
97635
97635
97387
97694
97694
97635
97928
97270
97928
97928
97633
97635
97694
96818
97928
97635
97633
97387
97633
97635
97387
97635
97387
97688
97928
97694
97635
97635
97928
96818
97635
97635
97928
97694
97633
97387
97387
97928
97633
97635
97928
97694
97694
97635
97635
97635
97251
97635
97635
97635
97928
97387
97635
97688
97928
97635
97387
97688
96818
97633
97633
97635
96752
97928
97694
97270
97635
97694
97635
97694
97928
97633
97694
97694
97633
97225
97694
97635
96818
97928
97928
97928
97387
97694
97633
97694
97923
97928
97633
97923
97635
97928
97694
95906
95529
97633
97635
97928
97633
96674
97694
97635
97270
97694
97928
97633
97928
97928
97635
30
97928
97923
97928
97928
97633
97633
97633
97688
97688
97694
97633
97688
97633
97270
97633
97270
97633
97694
97633
97694
97635
97633
97694
97688
97928
97928
97928
96752
97633
97928
97633
97270
97270
97688
97633
97694
97928
97635
97387
97694
97633
97635
97928
97635
97633
97694
97635
97635
97387
97270
95846
97694
97928
97635
97635
97694
97694
97694
97635
97928
97928
97150
97694
97928
97633
97635
97928
97928
97694
97635
97928
97688
97694
97635
95900
97635
97688
97694
97561
97928
97694
97635
97928
97694
97694
97688
97635
96818
97635
96752
97633
97928
96818
97928
97635
97928
97635
95906
97635
95999
97635
97251
97635
97387
97270
97387
97923
97688
97633
97928
97635
97387
97633
97635
97694
97225
97694
97694
97561
97694
97928
97694
97270
97635
97270
97635
94262
97635
96747
97928
97635
97635
97928
97928
97928
97633
97635
97928
97694
97694
97694
97635
90057
97251
97633
97928
95906
97694
97635
97633
97688
97635
97633
97928
97928
97928
97635
96212
97694
97635
97928
97633
97928
97928
95644
97635
97635
97150
97387
97635
97928
97928
97928
97694
97694
97694
97635
97694
97635
97694
97635
95808
97694
97387
97928
97928
97694
96012
97635
97635
97866
97633
97866
97866
95999
97866
97866
97635
97928
97866
96857
97633
95138
97635
97866
97635
97928
97387
97928
97866
97866
97928
97387
97635
97866
95906
97633
97866
97866
97387
82479
97694
97866
95906
97633
97866
97387
97866
97387
97866
97866
97633
94773
97866
97866
97928
97866
97633
97633
97866
96752
95906
97387
97633
97633
97635
97923
97635
97635
97928
97866
97633
97928
97866
97635
97866
97928
97283
96387
97928
97387
97928
97635
97633
97866
97866
97633
97866
97866
97866
96212
97635
97225
97633
97633
97635
97635
97928
97866
97866
97928
95764
96752
97866
97866
97866
97866
95906
97387
97928
97866
97928
97633
97866
97866
97866
97635
97633
97928
97866
97866
97633
97928
97866
97866
97866
97866
97387
97928
97866
96818
97633
97387
95906
97866
97633
97633
97866
97866
97633
97633
97928
97633
97635
97866
97928
97928
97387
97633
97635
97866
97841
93569
97928
97866
97633
97928
97633
97928
97866
97866
97633
97561
97866
97928
97635
97928
97866
97866
97635
97633
97633
97928
97866
95644
97928
97635
97866
97387
97866
97928
97633
97928
96752
97633
97866
97633
97866
97928
97928
97866
96752
97841
97928
96745
97866
97866
97866
97387
97866
95529
97928
97633
97633
97635
96818
97866
97866
97387
95644
97633
97633
97635
97928
97633
97928
97866
97866
97928
97866
97928
97866
97283
97387
97928
97928
97387
97343
93649
97866
97633
97866
97866
97633
96752
97928
97635
97633
97866
97387
97866
97928
97635
97920
96752
97635
97450
97920
97920
95906
97920
97283
97928
97387
97928
97866
97866
97633
97920
97920
97866
97866
97920
97635
97920
97928
96818
97920
95138
97387
97928
97866
97866
97920
97841
97920
97920
97928
95900
97928
97920
97920
97633
97866
97866
97920
97633
97928
97920
97866
97920
97920
97920
97633
97633
97928
97928
97928
97928
97928
97920
97387
97841
97866
97928
97633
97849
91800
97849
97920
97920
97920
97920
97866
96818
97849
97387
97928
97866
97920
97920
97928
97379
97920
97866
97225
97920
97928
97635
97928
97928
97920
97849
97928
97866
97920
97387
97920
97920
97633
97920
97928
97866
97920
96012
97849
97866
97866
97849
96747
97920
97920
97920
97849
97920
97866
97836
97920
97920
97920
96818
96818
96857
97270
97849
97920
97928
97928
97849
97920
97849
97836
97920
97633
97920
97920
97928
97920
97920
97928
97849
97920
97928
97866
97928
97920
97694
97928
97920
97033
97866
97920
97920
97849
97849
97866
97836
97920
97928
97836
97849
97928
97928
97866
97928
97920
97920
97866
97836
97849
97920
97283
96818
97836
97920
97920
97920
97866
97150
97920
97849
97928
97866
97928
97928
97920
97920
97635
97283
97920
97866
97866
97928
97849
97836
97920
97866
97849
97928
97849
97836
97928
97635
97920
97920
97633
97928
95781
97928
97849
97928
97920
97920
97928
97920
97849
97849
97635
97928
84316
97920
96747
97920
97920
97920
97920
97920
97920
97849
97866
97920
97849
93379
97920
97841
97920
97920
97920
97920
97928
97866
97920
97849
97928
97928
97920
97866
97928
97920
97866
97920
97928
97928
97920
97920
97866
97928
97928
97920
97920
97849
97866
97920
97928
97849
97920
97920
97849
97920
97866
97920
97920
97837
97837
97635
97920
97920
97920
97928
93990
97920
97920
97359
97849
97849
93985
97920
97849
97849
97849
97928
97928
97928
89820
97920
97920
97920
97841
97920
97928
97866
97920
94628
97920
97928
97920
97928
97928
97920
97920
97920
97920
97920
97849
96207
97836
97928
97928
97920
97928
97920
97920
97920
97920
97859
97920
97928
97920
95679
97920
97920
97920
94102
97849
97920
97920
97635
97283
97558
96818
97558
97928
97920
97849
97849
97920
97928
97558
97859
97920
97920
97849
97920
97866
97920
97920
97920
97920
97920
97866
97859
97920
97558
97928
97849
97920
95906
97841
97928
97928
97920
97920
97837
97841
96207
97920
97920
97920
97920
97849
97920
97635
97928
97866
97866
95999
97841
97920
97928
97920
96818
97849
97859
97306
97928
97379
97859
97928
97920
97920
97928
97928
97920
97920
97920
97928
97859
97859
97859
97928
97928
97859
97859
97859
97920
97928
97866
97920
97920
97359
97920
97920
97928
97920
97920
97928
97920
97866
97928
97920
97920
97849
97859
97920
97920
97920
97928
97866
97866
97928
97859
97920
97928
97558
97920
97928
97859
97866
97849
74527
97920
97920
97866
97928
97920
97849
97859
97849
97920
97920
97920
97920
97928
97841
97866
97920
97928
97920
97920
97920
97928
97920
97849
97694
97859
97928
97859
97928
97920
97841
97849
97849
97866
97928
97928
97920
97920
97920
97920
97859
97928
97920
97920
97920
97920
97859
97920
97928
97928
97859
97920
97283
97866
97849
97859
97920
97920
97859
97859
97928
97928
97859
97859
97920
76279
97928
97920
97866
97928
97920
97920
97920
97928
97928
97859
97920
97920
97928
97920
97859
97928
97928
97928
97920
97859
97920
97928
97558
97859
97920
97920
97920
97920
97859
97859
97866
97928
97849
97866
97928
97859
97866
97928
97841
97920
97920
97920
97859
97849
97928
97928
97920
97694
97928
97928
97920
97928
97866
96428
97920
97920
97920
97920
97920
97928
97920
97928
97928
97928
97928
97837
97928
97359
97928
97920
97849
97920
97920
97698
97920
97920
97920
97920
97859
97859
97920
97849
97866
97859
97920
97698
97859
97920
97866
