10246
30
10246
10824
30
10874
30
30
10720
2633
10874
30
10246
10874
10824
30
10824
10246
10874
10246
10560
30
10720
10720
10874
10002
30
10874
10720
10874
10246
10824
10246
10720
10874
10720
11089
11089
11411
10002
10330
30
9959
11089
10246
11411
11186
11186
11186
7772
11186
30
11299
11023
11411
11299
11411
11411
11089
8253
11411
11023
11411
10874
11061
11411
11411
11299
11299
11411
11299
11411
10330
11186
11411
11411
11411
11061
11411
11411
11411
11299
11299
11411
11411
11411
11010
11411
11299
30
11411
11411
11411
11010
11089
11186
11411
11411
11411
11299
11455
11411
8733
11455
11455
11455
11411
11455
11455
11186
10351
11299
11186
11299
11455
11299
8992
11455
11299
11299
11455
11455
11455
11455
11186
11180
11455
11180
11186
11299
11186
11299
11299
11299
11455
11455
11089
11455
11455
11089
11186
11455
11455
11455
11455
11186
11455
11455
10824
11061
11455
11455
11455
11186
11455
11455
10002
11455
9722
11299
11096
11455
10735
11299
11299
11299
11455
11299
11455
11186
11455
11455
11020
11186
11061
11089
11455
11096
11411
11455
11455
11455
10534
11455
11186
11455
11299
11089
11455
11180
11186
10824
11299
10534
11455
11455
11236
11180
11285
11299
11455
11455
11455
11023
11455
11455
11186
11455
11184
11455
11299
11089
11285
10939
11455
11455
11107
11411
11455
11299
11455
11254
11299
11455
11299
11455
11455
11455
10720
11180
11299
11299
11411
11299
11455
11455
11299
10337
11455
11089
11186
11186
11299
11455
11186
11455
11455
11230
11299
11089
11455
11455
10939
11455
11455
11186
11455
11230
11455
11455
11411
11455
11455
11455
11299
11455
11305
11299
11285
11455
11186
11455
11089
11186
11455
11299
11186
11455
11455
11455
11455
11383
11455
11455
11180
11383
11455
11455
11186
11455
11455
11455
11089
11180
11089
11411
11411
11455
11455
11455
11089
11455
11096
11455
11455
11455
11186
11455
11455
11455
11455
11089
11186
11383
11411
11383
11383
11411
11383
11455
11455
11186
11455
11285
11462
10337
11089
11455
11186
11180
11455
11089
5223
11455
11383
11186
11186
11455
11455
11462
11462
11120
11462
11089
11462
11285
11462
11383
11383
11186
11089
11462
11010
11462
11462
11186
11462
11462
11383
11089
11455
8559
11455
11186
11462
11089
9722
11462
11383
11230
11180
10891
10534
11188
11455
11462
11180
11180
6422
11455
11383
11462
10534
11455
11186
11462
11462
11455
11186
11462
11186
11383
11089
11462
11462
11383
11462
11462
30
10918
11462
11383
11288
10918
11288
11288
11462
11462
11288
11383
11186
11462
11462
11455
11455
11462
11455
11462
11285
11455
11462
11180
11455
11455
11455
11455
11462
11462
11180
11455
11462
11455
11186
11462
11462
11455
11455
26
11462
11383
11462
11106
11455
11110
11462
11455
11455
11462
11462
11455
11313
11455
11462
11462
11455
11455
11455
11120
11288
11462
11383
11455
11383
11204
11455
11089
11455
11455
11288
11455
11455
11383
11236
11462
11455
10756
11462
11462
11455
11455
11462
11462
11089
11455
11285
11455
11325
11462
11462
11455
11462
11383
11462
11462
11455
11383
29
11462
11455
30
11462
11455
11462
11462
11089
11462
11462
11462
11462
11383
11462
11462
11325
11462
11266
11455
11455
11455
11358
11455
11455
11313
11285
11462
11325
11455
11325
11107
11455
11462
11462
11358
11462
11462
11462
11455
11455
11462
10330
11455
11455
11455
11462
11462
11455
11455
11462
11462
11471
11455
11471
11471
11462
11471
11285
11462
11230
11455
10918
11471
11383
11455
11383
11471
11455
11462
11455
11455
11471
11455
11204
11455
8754
11455
11358
11325
11471
11126
11462
11462
11455
11455
11471
11462
11462
11126
11471
11285
11462
11383
11471
11236
11462
11462
11471
11455
11471
11411
11471
11462
11462
11455
11471
11455
11313
11462
11462
11462
11455
11462
11455
11455
11455
11471
11455
11126
11455
6117
11313
11462
11230
11462
11471
11471
11462
11455
11455
11471
11462
11462
29
11455
11455
11455
11383
11462
11462
11462
11462
11455
11462
11250
11471
11462
11455
11462
11455
11471
11462
11471
10784
11383
11471
11383
11471
11462
11471
11471
11471
11471
11471
11471
11471
11455
11471
11455
11462
11471
11471
11313
11462
11471
11462
11462
11383
11462
11236
11089
11455
11455
11455
11462
11455
11471
11471
11462
11471
11455
11471
11462
11383
11462
11455
11462
11136
11462
11383
11285
11471
11462
11471
11462
11471
10784
11471
11471
11430
11462
11471
11471
11471
11471
11383
10302
11471
11383
11411
11471
11462
11455
11462
11471
11471
11313
11462
11383
11383
11285
11455
11471
11455
11383
11462
11471
11455
11471
11462
11471
11455
11455
11110
11462
11471
11471
11411
11471
11471
11462
11471
11313
11462
11455
11462
11471
11471
11471
11462
11471
11372
11462
11431
11462
11293
11455
11455
11471
11471
11471
11455
5396
11462
11471
11455
11455
11455
11455
11471
11471
11455
11471
11455
11471
11462
11462
11455
11462
11462
11462
11471
11372
11471
11455
11462
11455
11455
11471
11455
11462
11462
11471
11462
11358
11462
11462
11462
11431
11411
11287
11471
11462
11462
11462
11120
11462
11462
11462
11471
11471
11372
11455
11471
11462
10493
11455
11471
11372
11471
11462
11455
11462
11455
11462
11462
11462
11462
11462
11455
11462
11462
11383
11462
11471
11462
11471
11383
11455
11471
10412
11471
11383
11455
11462
11471
11471
11471
11462
11455
11471
11455
11455
11471
11471
11471
11462
11471
11471
11314
11462
9652
11471
11455
11462
11462
11372
11455
11462
11455
11462
11471
11471
11462
11184
11455
11455
11462
11455
11411
11294
11471
11471
11455
11313
11383
11462
11462
11318
11462
11471
11318
11471
11462
11471
11462
11455
11462
11462
11455
11471
11471
11471
11455
11471
11471
11430
11455
11471
11471
11294
11462
11455
11372
11462
11372
11462
11455
11096
11455
11471
11471
30
11471
11462
11455
11455
11471
11462
11254
11462
11455
11473
11471
11473
11471
11462
11471
11037
11471
11471
11471
11473
11431
11471
11471
11462
11462
11455
11455
11471
11471
11471
11455
11473
11473
11471
11455
11455
11471
11471
11455
11110
11423
11471
11473
11471
11423
11455
11471
11455
11455
11462
11462
11455
11455
11455
11455
11462
11455
11462
11455
11473
11455
11334
11471
11455
11462
11423
11462
11431
11455
11462
11455
11423
11455
11383
11462
11471
11471
11313
11473
11471
11471
11471
11471
11473
11383
11251
11357
11455
11471
11473
11471
11473
11473
11462
11163
28
10627
11462
11471
11455
11462
11014
11357
11462
11462
11473
10838
11358
11473
11462
11473
11471
11455
11423
11423
11462
11462
11455
11294
11462
11423
11471
11423
11471
11462
11462
11462
11462
11455
11423
11455
11462
11291
11462
11471
11471
11248
11473
11471
11462
11455
11471
11455
11455
11455
11473
11462
11462
11455
11473
11471
11473
11263
11462
11455
11473
11455
11383
11462
11471
11473
11471
11471
11471
11471
11471
11471
11471
11313
11462
11107
11296
11462
11455
11455
11462
11471
11471
11455
11455
11455
11471
11462
11471
11423
11462
11251
11462
11471
11471
11471
11471
11471
11318
11471
11423
11462
11455
11411
11471
11462
11471
11184
11254
11471
11471
11462
11455
11462
11358
11455
11471
11455
11462
8507
11471
11471
11471
11455
11462
11462
11471
11462
11471
11462
11473
11471
11455
11462
11471
11471
11423
11455
11010
11462
11423
11462
11455
11473
11462
11462
11471
11462
11471
11471
11462
11380
11455
11471
11423
11471
30
11462
11455
11471
11471
11455
11455
11455
11462
11471
11462
11462
11455
11473
11462
11455
11473
11471
11471
11431
9231
11462
11471
11455
11455
11471
11473
11318
11462
11455
11455
11455
11106
11462
11462
11471
11455
11462
11254
11471
11455
11473
11473
11462
11431
11473
11471
11462
11471
11411
11471
11471
11455
11471
11471
11462
11357
11473
11471
11423
11318
11462
11462
11471
11455
11455
11455
11471
11455
11473
11455
11263
11462
11293
11403
11455
11383
11423
11380
11473
11462
11455
11473
10679
11471
11471
11251
11462
11383
11473
11471
11471
11462
11471
11471
10516
11471
11228
11423
11473
11455
11455
11471
11471
11163
11423
11471
11455
11423
11471
10918
11462
11473
11462
11462
11462
11455
11471
11473
11462
11471
11455
11455
11462
11431
11462
11473
11473
11473
11455
11462
11462
11423
11462
11462
11471
11471
11473
11455
11423
11462
11358
11383
11455
11423
11423
11365
11471
11471
11455
11462
11403
11471
11471
11285
11462
11211
11462
11318
11293
11471
11471
11462
11455
11358
11380
10918
11455
11462
11358
11318
11471
11462
11455
11471
11462
11473
11455
11455
11471
11471
11431
11462
11471
11462
11471
11254
11473
11471
11473
11455
11471
11471
11462
11462
11455
11473
11455
11473
11120
11455
11462
11473
11471
11471
11473
11473
11357
11471
11471
11462
11471
11462
11471
11471
11462
11471
11471
11300
11471
11462
11455
11471
11462
11471
11418
11462
11471
11462
11380
11455
11473
11455
11462
11462
11471
11462
11462
11473
11471
11455
11462
11462
11462
11471
11455
11383
11120
11471
11473
11471
11380
11462
11462
11318
11462
11423
11455
11471
11462
11471
11471
11455
11473
11455
11254
11455
11471
11358
11471
11462
11455
11383
11455
11300
11455
11462
11462
11471
11455
11358
11462
11462
11473
11455
11471
11462
11455
11462
11462
11325
11471
11462
11462
11471
11462
11471
11473
11473
11471
11455
11473
11455
11473
11471
11455
11357
11471
11383
11455
11471
11471
11471
11471
11455
11462
11357
11471
11293
11471
11462
11471
11471
11455
11471
11455
11462
11462
11358
11455
11455
11294
11462
11462
11471
11455
11471
11462
11471
11358
11462
11455
10815
11423
11473
11462
11471
11471
11455
11423
11455
11455
11471
11471
11471
11473
11462
11462
11473
11455
11471
11458
11455
11462
11380
11455
11455
11471
11471
9975
11471
11455
11462
11358
11423
11471
11313
11471
11471
11358
11293
11294
11471
10921
11471
11455
11471
11473
11471
11462
11471
11471
11455
11254
11383
11471
11462
11358
11462
11471
11455
11455
11473
11309
11455
11383
11471
11471
11455
11455
11471
10319
11462
11471
11473
11462
11455
11394
11455
11423
11471
11462
11462
11471
11473
11471
11298
11473
11455
11462
11462
11473
11458
11471
11462
11462
11473
11473
11473
11254
11462
11383
11471
10874
11462
11455
11471
11471
11473
11462
11455
11471
11475
11475
11475
11462
11475
11014
11475
11473
11471
11475
11471
11462
11475
11462
11475
11471
11455
11475
11471
11227
11471
11475
11471
11401
11475
11471
11475
11475
11475
11475
11471
11471
11358
11471
11471
11462
11462
11471
11365
11300
11475
11473
11475
11475
11248
11455
11475
11475
11471
11401
11338
11471
11475
11455
11475
11455
11475
11358
11475
11475
11475
11475
11475
11383
11475
11455
11475
11380
11462
11475
11455
11471
11475
11473
11475
11475
11475
11475
11475
11471
11471
11475
11418
11475
11475
11471
11357
11473
11455
11458
11475
10604
11475
11455
11462
11383
11458
11455
11475
11475
11475
11455
11475
11471
11471
11475
11475
11473
11455
11475
11471
11455
11475
11462
11462
11475
11475
11366
11471
11475
11475
11462
11475
11475
11473
11089
11475
11475
11475
11462
11455
11475
11475
11475
11475
11475
11455
11475
11401
11475
11475
11475
11475
11475
11462
11401
11475
11471
11455
11475
11475
11475
11475
11309
11475
11462
11471
11462
11462
11471
11471
11462
11471
11475
11455
11475
11462
11475
11475
11475
11475
11475
11475
11418
11383
11455
11475
11462
11475
11475
11475
11148
11455
11475
11471
11475
11475
11462
11471
11418
11475
11473
11475
11462
11455
11475
11431
11475
11475
11475
11473
11471
11475
11475
11475
11258
11475
11473
11307
11380
11473
11462
11475
11473
11475
11475
11475
11473
11475
11475
11471
11475
11462
11475
11475
11462
11475
11462
11475
11475
11403
11358
11473
11455
11418
11471
11475
11471
5071
11455
11471
11475
11475
11455
11416
11475
11471
11475
11475
11475
11475
11475
11471
11471
11473
11473
11475
11471
11403
11475
11402
11475
11475
11455
11475
10721
11475
11475
11475
