30
30
74957
91274
30
30
74957
30
74957
74957
94273
74957
93491
93491
91274
93491
49712
93888
70658
93888
93888
49712
93491
30
57754
57754
93888
57754
93888
93491
57754
93491
23112
93491
88666
67695
70658
93888
93888
93491
67695
93491
93888
91274
93491
67695
30
30
93888
93888
93888
94273
93888
93888
93491
93491
91274
93491
91941
90025
93491
93491
93888
93491
93491
93491
93888
93888
94228
94228
72500
93888
93491
93888
94228
93888
30
93888
94228
93888
93888
91941
93491
93491
90025
93888
93491
93888
80160
93491
90025
30
81185
30
93491
93491
93491
93491
93491
94273
93888
30
94228
93888
93491
93888
73206
94228
78912
93888
93491
93888
93888
93888
93888
93491
93888
94273
81795
93888
90025
87366
55581
93491
93888
94346
93491
93888
93491
94346
93491
93491
94228
94228
93888
93888
94346
93491
94346
30
94175
94175
94346
93491
93491
82657
92600
94251
94251
94175
93888
93491
93491
94346
93888
94346
93430
94346
93491
73593
94251
94175
91274
93888
93491
94251
94251
94251
91274
94175
94346
93888
93491
94251
94251
93888
94251
91274
93888
92600
94346
91941
93491
93888
94175
93491
94251
93888
93888
94175
93491
30
94251
93430
91274
93888
94591
94591
93888
94591
73593
94591
93888
94591
93491
91941
94591
94591
93491
94591
90636
94591
80813
94591
94591
93491
93491
94591
94591
93888
91274
94591
94591
93340
94591
93491
94591
94591
94591
94591
88953
94346
94591
91509
94591
93734
93888
93734
93734
94591
93888
94591
93888
94591
94251
94591
93734
94273
94591
94591
93734
91941
94591
93888
94591
94591
94591
94346
94591
94591
93888
94251
94273
94591
93888
94591
94591
93734
84909
94648
94648
94591
94591
93340
94648
93430
94648
94591
94591
94591
30
94491
94591
94591
94648
94648
93340
93734
94491
93340
94591
94648
94648
93734
94251
94648
94648
94648
94251
94648
94648
94648
94591
94648
94591
94491
94648
94648
93342
94648
94591
94591
94648
94648
94591
93430
94591
94591
94273
94591
94591
93734
94648
94591
93491
94591
93491
94273
93237
91941
93342
94648
94648
94648
94591
94591
94648
30
94591
93734
94591
94591
93342
94648
94591
94591
94648
94591
93734
93491
94648
93734
94591
94591
94251
94648
93430
94648
93083
94591
94648
94648
94591
94648
94591
94648
94648
94591
94228
94591
94591
94591
94591
94648
94648
93734
91791
94648
94648
93430
94591
92889
94591
94591
94648
94648
94591
93734
94251
94648
93430
93430
94591
94491
93430
92996
94648
94648
94648
86888
94648
93992
94251
94591
94648
30
94591
94591
94591
94491
92889
93430
94591
94591
93992
91315
94648
94591
94591
93734
94648
92889
93734
94648
92996
94648
94591
94648
94591
94591
94491
94206
94648
94591
94648
92889
94648
94591
93992
94591
93734
94591
92889
92889
94648
94591
94648
94591
94648
94591
94648
94648
94648
94591
94648
94206
94175
94591
91791
93992
94591
94491
92508
94491
91274
94591
94591
93430
94491
94491
92962
93683
93342
90636
94251
94491
94273
94591
93734
94648
94648
94491
94648
92889
94251
94648
93734
94648
91274
93992
94648
94491
94591
94491
93888
94591
94648
93430
94491
94591
94648
93430
94591
94648
93734
93992
94648
94591
93992
94206
91941
94648
93992
94591
94648
94648
93789
94491
94648
94591
93734
94491
94648
94830
94591
94591
94591
94830
94830
94591
94562
94591
94228
94830
94830
94591
94491
94591
94830
94591
93897
94830
94648
94648
94830
94591
94830
94830
94830
92806
94830
94591
94591
94830
94830
94830
94591
94591
94830
94591
94591
93992
94591
94591
94591
94830
93992
94830
94830
94830
30
94591
94562
94562
94591
94562
94830
94591
94591
94648
94562
94273
94562
94591
94830
94491
94591
94591
94830
94830
94273
94830
93992
94830
94830
87972
94591
94206
94830
94491
94830
94830
94092
94591
93734
93616
94562
94830
94830
94591
92048
94591
91509
93683
94591
94591
94830
94830
94830
94830
94591
94830
94830
94830
94830
94648
94591
94830
93992
94491
94648
94491
94591
94591
94206
94830
94830
94830
94591
94830
94562
94830
94491
94562
94591
94830
94591
94830
94830
94591
94830
94591
94591
94648
94648
94830
94830
94830
94591
94830
94830
94830
94830
94830
94591
93734
94092
94591
94591
94175
94830
93992
94591
94830
94830
94830
94830
92215
94830
89824
94591
93430
94346
94830
94830
94562
94591
94591
94591
94830
94591
94830
94591
94830
94591
94591
94591
94591
94830
94491
94648
94591
94273
94830
94830
94591
94591
94562
94830
94591
94591
94830
94591
94591
94830
94346
94591
94830
94830
94591
89215
94562
94830
94830
94830
94830
94830
94830
94830
94830
94175
94163
94591
94346
94830
94591
94830
94830
94830
94830
94830
94175
94562
94591
94830
94830
94830
94562
94562
94830
94830
91274
94591
94830
94648
94830
92889
30
94092
94591
94830
94591
94830
94830
94830
94830
94491
93734
94830
94830
94491
94830
94591
94591
94830
94830
94562
94562
94163
94591
94830
94830
94830
94830
94830
94591
94288
94830
89509
94591
93346
93992
94591
94830
94830
94591
94830
91806
94591
94562
94591
94288
94830
94830
94830
93992
94273
94830
94830
94830
93342
94562
94830
94562
94591
94830
94830
92078
94175
94591
94591
94830
93734
94830
94830
94562
94163
94648
94830
94830
94591
94591
94830
94830
94830
94830
94830
94562
94591
94830
94206
93992
94591
90636
94648
94830
94491
94175
94830
94830
94830
94591
94830
94830
94830
94591
94591
94830
94591
93992
94591
