30
30
30
162418
162418
162418
30
30
157517
162418
157517
165431
157517
162520
63940
165431
79941
159694
162520
162520
163938
165431
162520
163938
165431
149076
163938
165431
165431
163938
162520
163938
165431
165445
162418
163938
149076
30
162520
163938
165445
161355
165445
165445
163938
165445
165445
165445
155087
165445
164096
165445
165445
165445
165445
163938
131892
165445
162520
122475
162722
30
144640
165445
163938
162520
163938
162520
163938
157517
162520
165445
163938
30
163938
165445
165445
165445
165445
165445
162520
30
163938
162520
163938
163938
144640
165445
163938
164096
162722
165445
165445
164096
165445
148769
165445
163938
162520
157517
165445
165445
165445
165445
162520
165445
163938
163938
163938
163938
165445
162418
162520
165445
163938
163938
165445
163938
163938
162513
165445
164096
161206
164096
165445
164096
165445
164096
164096
