30
30
30
42413
30
42413
30
40826
67149
67149
67149
36837
67149
30
67149
50540
57197
67149
45276
65834
67149
57197
65132
36837
57197
67149
67149
42413
65132
67149
67149
65132
58715
30
67149
65132
67149
65834
58715
25603
58715
67149
65132
62019
67149
67149
30
67149
67149
62019
30
65132
61121
65132
62019
65834
67531
67149
61121
42413
67531
67149
67531
67531
67149
67531
29
67531
57631
67531
67149
67531
67531
61121
67366
67040
67149
65132
65132
67531
66896
67366
67366
66896
67531
67366
67366
67531
61121
66184
67531
67531
67531
64289
67531
67366
67366
67366
67531
67531
67531
67618
61838
67531
67366
67366
67366
67618
67366
67618
67531
30
67366
67531
67366
66029
67366
67366
67366
67366
66219
67040
67366
67618
67366
30
67366
64689
67531
67618
67618
67618
34465
66219
67618
67149
67618
67618
66907
67366
67366
67618
67366
67366
67149
67149
67366
67149
67531
67618
52761
67366
30
66896
67618
67366
62812
67366
67389
67531
67618
67040
66896
61121
66029
67149
63788
67618
67366
67389
67389
61121
67531
67389
67389
67366
67366
67366
66219
67618
67531
67618
67389
67366
67618
67366
52698
67366
67618
66704
66704
67389
67618
67366
67149
67618
67618
67618
62812
67618
65081
67531
67618
67531
67618
67366
67618
67618
67389
67389
67366
67389
67366
67618
63179
67389
67618
58176
67366
67149
67389
67149
67618
67366
67531
67149
67531
67618
67366
67768
66896
67768
67618
67618
66910
67768
67618
67768
66184
67531
67618
67618
30
67618
67040
67768
67618
67618
67040
67768
67768
67149
67768
67768
67366
67531
67768
67768
67768
67618
67768
67618
67768
67768
67618
67618
67768
67531
64546
66184
51756
66896
67768
67366
67149
67618
67531
67768
67618
65081
67149
67768
67768
67768
67768
67768
67618
67366
62697
67366
67768
67768
67768
67618
67389
67768
67618
56440
67768
67768
67768
67531
67389
67531
67768
67768
67618
67768
67531
67389
67618
67531
67366
67768
67389
67040
67768
67768
67768
67768
67618
67768
67768
67618
67768
67768
67721
67366
67618
66910
67256
67721
67618
67618
64814
67040
67721
67618
67618
67768
67768
67768
67768
67768
67389
67366
67768
67768
67618
67768
67618
67768
50263
67768
67721
30
67721
67618
67768
67721
67618
67721
67531
67721
67721
67366
67768
67768
67366
59579
67389
67768
67768
30
67721
67768
67618
67389
67618
67618
67768
67768
67768
67618
67366
67768
67768
67768
67618
67768
67768
67721
67721
67040
66910
67768
67531
67366
67768
67768
67768
67366
67618
67366
67124
67768
67768
67531
67721
67366
67366
67618
64941
67366
67721
67531
67531
67768
66219
64941
67721
67721
66184
67618
63455
67389
67768
67618
67768
67721
67721
65149
67721
66118
67721
67768
67124
67618
67768
64556
67618
67618
67721
67768
67768
67531
67618
67040
67618
67618
67618
67721
67389
67768
67618
65149
67721
63027
67768
67768
67768
64814
67721
67768
67768
67768
67768
67721
67768
67768
67768
67721
67768
67531
67768
67768
67366
67618
67768
67721
67618
67721
67768
67618
67768
67768
67768
67768
67768
67721
67366
66608
67768
67153
67366
67721
67721
66608
67618
67768
67389
67721
67618
67618
67721
67618
67366
67768
67366
67531
67768
67768
67040
67721
67459
67768
67366
67768
67768
67721
67531
63549
67721
67768
67768
66910
67768
67618
67768
67768
67768
67618
67768
67768
67768
67768
62696
67768
67531
67768
67618
67768
67768
67768
67768
67768
67768
67768
67531
67618
67768
67768
63027
67768
67768
67768
67531
66608
67124
67366
67768
67618
67768
67721
67721
67768
67768
67618
67768
67768
67768
67768
67531
67531
67618
67721
67531
67768
67768
67618
67768
67124
67618
62083
67040
67618
67366
67768
67768
67768
67618
67366
67040
67531
67768
67618
67768
52139
67721
67768
30
67768
67768
67768
67768
67531
67768
67768
66094
67768
66999
67531
67721
66896
67768
67768
67768
67768
67721
67040
64158
67721
67618
67768
67618
67721
67721
67768
67768
67768
67153
67531
67459
67389
67768
67618
67721
67366
67768
67531
67618
67618
67531
67768
67721
67618
67366
66184
67768
67618
67721
67768
67768
67531
65149
67768
67618
67721
67366
67768
67060
67618
67768
67768
67721
67721
67459
67768
67366
67768
67768
67768
67768
67366
67366
67768
67531
67721
63071
67366
67768
67618
67618
67721
67768
67366
65134
67531
67618
67234
67366
67768
67531
67153
67531
67618
67768
67618
67531
66284
67768
67768
67768
67768
67531
67366
67366
67618
67531
67768
67531
67721
67721
67618
67721
67768
67618
62467
67768
67366
67618
67366
67234
67721
67721
67618
67366
67618
67234
67366
67618
67768
67768
67721
67618
67618
67768
67768
67060
67459
67768
67721
67366
67768
67768
67366
67768
67768
67618
67366
67768
67618
67531
67768
67618
67366
67618
67721
67768
67618
67768
67768
67768
67768
67768
67768
67768
67768
67721
67768
67768
67768
67721
67618
67768
67721
67768
67366
67721
67366
67768
67366
67709
67618
67721
67234
67531
67618
67531
67768
67531
67768
67618
67389
67768
67768
67768
66704
67768
67618
67768
67389
65467
67768
64174
67366
67768
67366
67768
67709
67721
67768
67768
67768
67618
67721
67721
67768
67389
67618
58271
67618
67768
67234
67768
67768
67721
67234
67768
67531
67721
67389
66219
67768
67768
67531
67768
67768
67618
67768
67618
67721
67618
67618
67618
67768
67618
65081
67768
67768
67366
67124
67721
67618
67768
67366
67234
66551
67721
67153
67721
67244
67768
67618
67618
67618
67366
67768
67721
67768
67768
67768
67721
67768
64556
67366
67618
67531
67768
67721
67768
67366
67768
67768
67768
67721
67768
67768
67531
67366
67768
30
67768
67768
67721
67768
66924
67618
67768
67721
67721
67149
67618
67768
67768
67721
67234
67618
67366
67768
66924
67768
67721
67040
67459
67768
67721
67768
67389
67366
67768
67366
67618
67721
67366
67768
65321
67721
67768
67618
67531
67531
67768
66246
67768
67721
67768
67234
67618
67721
67768
67768
67531
67618
67768
67768
67768
67709
67768
67234
67531
67768
67768
67768
67618
67768
63071
67768
67531
67531
67768
67721
67618
67768
67768
67768
67768
67244
67768
67389
67768
67768
67768
67234
67768
67721
67721
67234
67768
67768
67531
67366
67768
67768
67768
67618
67618
67721
67768
67768
67768
67768
67768
67366
67768
66910
67234
66924
67768
67768
67768
67768
67768
67721
65081
67768
67727
67366
67768
67721
67107
67768
67768
67618
67768
67768
67727
67721
67727
67768
67768
67768
67459
67618
67459
67768
67618
67768
67721
67721
67618
67531
67234
67768
67768
67768
67721
67618
67721
67721
67234
67768
67721
67602
67531
67618
30
67768
67721
67531
62108
67768
67618
67768
67768
67531
67768
67768
67768
30
67618
67721
67721
67768
67618
67768
67768
67768
67721
66924
67721
67727
67709
67618
67768
67618
67768
67618
67768
67768
67768
67721
67768
67531
67768
67768
67721
67709
67768
67768
67618
67602
67366
67531
67107
67602
67721
67768
67768
67459
67768
67618
67709
67768
67819
67819
67819
67768
67819
67321
67618
67768
67819
67618
67819
67819
67819
67618
67768
67819
67819
65682
67819
66896
67389
67819
67819
67819
67819
67618
67819
67709
66910
67819
67602
67060
63549
67819
67819
67768
67819
67819
67819
67709
67819
66094
64429
67819
67819
67819
67389
67819
67819
67819
67768
67819
67618
67819
67819
67819
67721
67819
67768
67819
67819
67768
67819
67819
67294
66924
67819
67819
67819
67819
67819
67768
67768
67819
67721
67819
67768
67768
67819
67819
67819
67531
67531
67819
67709
67819
67819
67819
67819
67819
67819
67727
67819
65979
30
67819
67618
67721
67721
67768
65032
67531
67459
67819
67768
67618
67819
67819
67819
67768
67819
67819
67819
67819
67819
67234
67366
67819
67819
67819
67768
67819
67819
67124
67819
67819
67768
58742
67768
67060
67709
66648
67819
67234
67768
67768
67531
67819
67768
67060
67819
67819
67107
67459
67819
67819
67768
67531
67531
67721
67819
67819
67819
67819
67060
67768
67819
67153
66924
67819
67768
67819
63455
67819
67531
67819
67819
67819
67234
67060
67819
63282
67768
67709
67234
67768
67602
67124
67768
67366
67819
67721
66998
67819
67819
67819
67618
67389
67819
67819
67819
54123
67819
67819
67618
67768
67819
67819
67060
67721
67819
67819
67819
67768
67618
67819
67819
67819
67819
67234
67768
67819
66924
67052
67819
67819
67434
67434
67618
67819
67618
67819
67768
67819
67107
67819
67819
67819
66896
65020
62756
67819
67618
67819
67819
67819
67819
67531
67819
67819
67819
67819
67618
67819
67819
67459
67819
65081
67819
67251
67819
65149
67819
67819
67819
67531
67819
67618
67819
67618
67768
67709
67618
67618
67234
67768
65149
67819
67060
66910
67819
67819
67819
67721
67060
67819
67819
67618
67819
67819
66924
65020
67709
67819
67819
50019
67819
30
67618
67819
67819
65081
67819
67819
67819
67819
67768
67251
67819
67819
67819
67819
67618
67768
67819
67768
67819
67819
67819
65432
67819
67832
67389
67618
67618
67294
67832
67234
67819
67768
67832
67832
67819
67832
67768
67832
67819
67832
67819
67060
67832
67819
30
67768
67709
67819
67531
67819
67819
67819
67819
67819
67234
67576
67819
67832
67819
67819
67819
67768
67576
66789
67832
67434
67459
67819
67832
67832
67618
67832
67819
67709
67832
67832
67768
67768
66219
67768
67832
67709
67768
67819
67060
67060
67721
67709
67819
67124
67832
67819
67819
67819
67832
67819
67832
66692
67819
67819
67768
67832
67819
67768
67234
67819
65081
67832
67721
67768
67709
67819
66648
67709
67531
67768
67819
67721
67768
67721
67768
67832
67721
67819
67768
67709
67832
67768
67819
67832
67832
67819
67819
67768
67618
67768
67531
67471
67234
67819
67819
67819
53912
67721
67819
67531
67819
67531
67768
67819
67149
67832
67819
67618
67531
67768
67721
67819
67819
67819
