30
30
30
30
30
30
30
30
37980
50267
26492
30
26492
50267
50267
50267
30
50267
30
30
30
50267
50267
50267
50267
30
50267
50267
30
50267
31290
50267
50267
50267
50267
30
50267
50267
31290
46902
42455
50267
42455
50267
30
46902
50267
41652
30
30
46012
49440
46902
50267
50267
41652
30
45983
30
50267
49687
50267
50267
46902
50267
45983
45983
44782
30
45983
50267
50267
47980
50267
49497
44782
49687
44717
45983
45983
50267
30
49497
50280
46279
46279
44717
45983
50280
47980
50413
50280
46279
50280
50280
30
50280
49497
36722
49551
50280
50280
49905
50280
45983
50280
49687
50413
50413
50413
49497
50280
50280
50267
48951
48951
50280
49551
50175
50280
50280
50413
50175
50267
50280
50175
49497
49687
50280
50280
48951
50280
50413
48951
50280
50175
50413
50175
47450
50280
46012
50280
50280
50175
47450
48459
49497
50175
50280
50280
37750
48459
50175
30
50280
50280
50175
48901
47450
50175
50403
50280
50280
50413
50280
48901
50175
50175
48647
30
50280
45510
50280
50280
50413
50280
50280
50280
47450
50194
50280
50280
50413
48901
50280
50175
50280
49497
50280
49551
50280
45510
49551
48745
50280
47450
50194
41515
50175
50280
50413
48951
49497
50280
49551
47450
50280
50280
30
50267
40729
50403
50280
47450
50280
50403
48459
50413
40699
50403
50280
50280
50280
49551
50280
46407
48901
41976
50017
50413
50280
50175
50017
50280
50280
50403
50413
28905
50280
48647
50267
50017
49254
50413
48872
50280
50280
50280
49088
50280
50413
50280
50403
37118
50403
50280
42360
50267
50280
50280
50280
50280
50280
50280
50413
50017
39872
39365
50017
50280
50175
50280
50175
50280
48901
40729
50280
50280
50175
50280
50280
50413
50175
48940
50267
50017
50280
50175
50280
41515
44717
50280
50280
50403
50017
50403
50175
50413
50413
50413
50280
50403
50280
50280
50280
50194
50280
50175
46012
50280
50413
50403
50280
50413
50280
46407
50403
50413
50413
48872
50017
50280
50280
50413
47867
50280
50017
50017
50280
50017
50403
30
50413
50413
50280
50280
50403
50175
49544
50017
50280
46965
50175
50280
50453
50017
50453
50175
50453
50017
47287
50453
50194
49480
48901
50453
50017
49254
49544
50280
50194
50413
49904
50453
50453
50453
50280
50453
50453
50453
50453
48940
50175
49904
50175
50453
50175
50453
50017
50453
50280
50453
49544
50453
50453
50453
49544
50453
50453
50453
50453
50413
49544
50017
50453
50453
50403
50453
50453
50453
50413
50453
50453
50453
49835
30
50453
50175
50453
50453
50453
50280
50017
50453
50453
50175
50175
50453
50453
50413
50175
50453
50017
49480
50453
50453
50453
50453
40729
50453
50280
49904
50453
50453
50413
50453
50175
49544
50017
50453
50175
49904
50453
49905
50453
50403
50413
50017
50453
50413
50403
50453
50017
50453
50453
50453
50017
46407
50453
50453
43155
50453
50453
50453
50175
49518
50453
50453
50453
50453
50453
50175
50453
50017
50453
50453
50453
50453
49518
49825
50453
50017
50413
48647
50453
50017
50453
49948
50453
50453
49518
50453
50453
50453
50453
50453
50017
29
50175
50453
50453
50453
50453
50453
49825
50453
50453
50280
50453
50453
50453
50453
49544
50453
50453
50453
50453
50453
50453
50453
50453
50403
50453
50280
50413
49825
50453
50017
50017
50453
50453
50413
50453
50374
49544
49518
49544
50403
50453
50175
50453
50453
50453
48541
50175
49518
50453
50453
50374
50453
50453
50413
50017
50453
50453
49904
49904
50453
49930
50453
49825
50453
50403
47891
50374
50453
50453
50453
50453
50453
50175
50453
50175
50453
50017
50374
50453
50453
50413
50453
50453
50445
46437
50453
50453
50453
50374
50374
50453
48940
50453
50453
50445
49905
50374
50453
50175
50403
50453
50453
50445
50374
50374
50374
50374
50453
49825
50453
50453
50453
50175
50413
50445
50453
50445
50445
50453
50453
50453
50453
50453
50175
50453
50453
50445
50453
50175
50453
50453
50453
49544
50453
50453
50453
50280
50445
50403
50453
50374
49825
50453
50453
50453
50280
50453
50445
50453
50453
50453
50453
50374
50453
50453
50445
50453
50453
50445
50453
50453
50445
49825
50175
50453
50453
46009
50453
50445
50453
50280
50445
46601
50017
50453
50175
50453
50453
50453
50453
50175
50374
50374
50453
50280
50194
50453
48940
49905
50445
50453
50453
50453
50453
50453
49088
50453
50175
50453
50403
50453
50453
50453
49714
50453
50453
50453
50453
50280
50374
50453
50175
50374
50374
50374
50445
50453
50453
50413
50453
50453
50453
50374
50453
50413
50453
50165
50453
50453
50374
50453
50453
50151
50453
50453
50413
50453
50374
50453
50033
50445
50453
50453
50445
50280
50453
50453
50453
50453
50453
50453
50445
50453
50453
49905
50453
50453
50453
50453
50374
50453
50445
50445
50453
50151
50453
50413
50380
50453
49904
50453
50453
50445
50453
50380
50453
50453
50445
50453
50175
50380
50374
50453
50413
50175
50076
50403
50453
50453
50413
49905
50453
50403
49825
50453
50453
50453
50453
50453
50453
50374
50403
50453
50380
50453
50380
50453
50380
49825
50445
50453
50453
50453
50380
50445
50413
50374
50453
50445
50413
50453
50453
50453
50453
50374
50453
50453
50453
50445
50403
50445
50453
50076
50453
50453
50445
50453
50453
50453
50453
50175
50453
50453
50453
50453
50453
50453
50380
50380
50453
50453
50380
50453
49518
50453
50413
50445
50445
50380
50380
50453
49551
50175
50374
49904
50445
50453
50175
50453
50453
50380
50453
48951
50380
50374
45323
50445
50453
50453
50453
50453
50380
50380
50374
47151
49551
50445
50413
50308
50403
50453
50453
50453
50380
49739
50453
50453
50374
50453
50453
50445
50380
50380
50445
50453
50374
50413
50413
50453
50453
50453
50453
48940
50453
50453
50403
50380
49581
50453
50445
50453
50453
50453
50380
50453
50453
50453
49905
50445
50445
50033
50453
50453
50445
50453
50175
50445
50453
50453
50374
50413
50151
50380
50445
50280
50453
50445
50453
50165
50076
50453
50374
50453
50453
50380
50380
50453
50453
49905
50403
50453
50453
50453
50453
50445
46902
50403
50453
50280
50380
50453
50453
50413
50380
50445
50374
50453
50453
50453
50445
50380
50403
50453
50453
50445
50445
50453
50453
50017
50445
50453
47562
50453
50413
50403
50374
50445
50445
50445
50453
50453
50453
50453
50445
50453
50380
50380
50175
50413
50453
50380
50453
50413
50445
50453
50453
50413
50453
49825
49785
50453
50453
50453
50453
50453
50453
50453
50396
50445
50396
50453
50133
50453
50453
50453
50374
50453
50396
50396
50396
50453
50453
50151
50453
50453
50453
50453
50453
50453
50453
50453
50453
49464
50396
50453
50453
50453
50453
50453
44261
50453
50453
50396
50413
50453
50033
50445
50453
50453
50453
50445
50308
50396
50280
50453
50445
50453
50453
50396
50453
50374
50445
50453
50453
50453
50308
50453
50453
50445
50453
49905
50453
50374
50453
50453
49581
50453
50453
50453
50453
50453
50445
50413
50396
50396
50453
45216
49960
50445
50175
50453
50445
50403
50453
50175
50453
50453
50453
50396
50453
50445
50033
50413
50453
50445
50453
50413
50413
50175
50374
50403
50453
50453
50453
50453
50453
50033
50453
50308
50453
50453
50413
50453
50453
50076
50453
50453
50453
50453
49960
50403
50413
50453
50453
50453
50453
50175
50453
50453
50453
50453
50453
50396
50453
50374
50453
50453
49960
50396
50453
50403
50453
50233
50453
50453
50413
50374
50453
50453
50453
50076
49904
50445
50453
50374
50453
50396
50445
50453
50453
50453
50453
50453
50396
50453
50453
50453
50453
50453
50445
50445
50453
50453
50175
50396
50380
50453
50453
50413
50396
50396
50453
50453
50076
50453
50380
50453
50453
50396
50453
50413
50396
50453
50133
50453
50308
50453
49820
49825
50453
50453
50453
50396
50445
50453
50453
50445
50453
50396
50033
50453
50453
50453
50453
50403
50453
50453
50453
50453
50445
50175
50413
50453
50453
50396
50396
50453
50453
50453
50175
50453
50453
50453
50445
50453
50413
50453
50453
50453
50445
49460
50453
50403
50396
