197877
30
147302
30
197877
197877
159295
190730
197877
197877
197877
30
197877
197877
181569
181569
196861
119692
190866
197877
188422
197877
30
197877
197877
190866
190866
181569
197898
197877
30
197877
182378
182378
197877
148384
181569
197898
181569
197898
197898
197898
190866
190866
172300
197877
182378
197898
197877
197877
30
197898
135007
197877
197898
197877
181569
196861
190866
181569
197877
196861
182763
197898
197877
197877
197898
197877
197877
190866
197877
190866
197877
197877
197898
180726
182763
182378
190866
197898
30
197877
197877
197898
182378
197877
30
190866
197898
197877
197877
197877
197877
181569
197877
190866
182771
197877
190866
174626
197898
131786
190866
197877
197877
164744
197877
181569
182771
197898
197877
30
169688
197898
197877
197877
197877
30
197898
197877
197877
190866
30
197877
190866
197877
197877
197877
197877
197877
197898
197898
190866
172300
197877
30
197877
180726
190866
181569
190866
197877
190866
197877
184791
178096
30
197877
197898
197877
197877
197898
197898
181569
197898
181569
197898
197101
30
196333
182763
197898
197877
147588
197898
180726
197101
190866
197877
103076
184791
182378
188757
197877
196861
160253
197877
196861
190866
197877
197877
188757
197898
196861
197877
197877
197898
197768
197249
197101
197877
176029
197101
197877
197898
197877
197877
197877
196333
197768
30
197898
197898
196333
197768
197877
197877
197481
192139
190391
197768
197898
197898
197898
197898
197898
196861
192194
192194
190391
189989
197877
192194
196861
197898
197877
30
197481
197768
197898
197898
196389
189989
116349
197768
197877
197877
197898
197249
197768
196389
197768
197898
197877
197768
197877
197877
197481
197898
196389
197877
197898
196861
197898
197877
197877
197877
197898
197877
196389
197877
197877
197877
197898
197877
197877
197877
197877
197898
197877
197898
197768
197877
197898
197898
197877
197877
197898
197877
197898
197877
197547
197768
197547
196389
197898
197898
196389
197898
197101
197101
197768
197877
197898
197768
30
197877
197898
197898
197898
197877
197877
197898
196389
197877
196389
197877
197877
197768
193595
192194
197768
196333
197898
197898
183710
197898
197768
197898
197877
197547
197898
198049
198049
196389
197877
197249
197877
197898
198049
198049
197877
196389
198049
188757
190866
198049
198049
197877
198049
198049
198049
197547
197877
197877
197877
197877
198049
198049
198049
198049
197877
197877
197547
197877
197877
197877
196389
197877
198049
198049
198049
197877
198049
198049
198049
197101
197877
198049
198049
192894
198049
198049
198049
198049
197547
198049
198049
196333
198049
197481
197547
197481
197288
197877
198049
197547
197877
198049
198049
197547
197547
190730
198049
195419
198049
198049
192194
198049
197877
196333
198049
198049
198049
198049
197877
198049
198049
197877
198049
198049
197898
198049
197101
197101
198049
127212
186037
197877
197877
197877
198049
198049
196333
197898
198049
196389
30
198049
198049
197898
198049
195419
198049
198049
198049
197937
197877
198049
198049
198049
197877
198049
198049
197249
183710
198049
198049
198049
198049
197877
198049
198049
198049
198049
198049
197898
191765
198049
198049
198049
197877
197101
198049
198049
197937
197898
198049
197937
198049
192505
198049
198049
198049
197547
198049
192194
198049
197877
198049
198049
197877
198049
198049
198049
197937
198049
198049
196333
198049
198049
197877
197937
197877
198049
198049
198049
197877
197877
198049
197877
198049
198049
194645
198049
197898
197877
198049
198049
195333
198049
198049
198049
197877
198049
198049
198049
198049
198049
197877
197937
198049
197877
195419
197898
198049
197877
198601
196333
197877
192194
198601
198049
191674
194645
198601
197898
198601
198049
196378
30
198601
198049
198601
198601
198049
198601
197288
197937
198601
198601
198601
198601
193595
198049
196389
198049
198601
198601
198049
198049
198049
198601
197288
198601
198601
198601
198601
197937
198049
197768
198049
198601
197768
197481
197898
197288
185412
198049
198601
198601
198601
196333
198601
197937
197937
191705
197877
197937
198601
197937
197288
198601
197877
198601
197288
198601
198601
198601
196378
198601
198601
198049
198601
198601
198601
197547
198049
198601
197288
198049
197898
198601
198601
198049
198601
198601
198601
198601
198601
198601
198601
128077
198601
198049
198601
198601
198601
198601
196378
198049
197898
197877
198049
197937
198601
198049
198601
197249
198601
194962
196378
198049
198049
198601
197249
198601
198601
198601
198601
198601
198601
197288
198049
198049
198601
198601
197898
198601
197898
198601
198049
198049
197937
198601
198601
198601
198049
198601
198049
198601
198601
198601
198601
198601
197877
198601
198601
198601
198601
198601
198601
194487
196333
198601
197288
197937
197898
194645
198601
197898
198601
198601
198601
196333
194645
198601
197877
198049
198601
197877
198049
198601
197481
198049
197898
193595
198601
189841
198601
198601
198601
168353
198049
198601
197768
197768
198049
197898
198601
198049
198601
198601
197898
197898
197768
197937
198601
198049
198601
198049
198601
198049
198601
198601
198049
198601
198185
198601
198601
198601
197288
193595
196333
197898
30
198049
198601
191705
198601
198049
198601
198601
198049
198601
198601
198601
196333
198601
198049
198601
198601
197898
197898
197481
198049
198049
198601
198185
197288
196378
198049
197768
197768
198601
197288
198601
198601
197288
198601
198049
198049
198049
198601
197768
198601
198601
197547
198185
198049
196378
198185
198601
196333
198049
197898
198601
198601
198601
198049
198185
196333
198601
198049
198049
197288
196378
198049
198601
198601
198185
198601
198601
198049
195335
197288
197898
198601
196333
198049
198049
198601
198601
198049
198185
198601
197877
198601
197898
198049
197898
197768
198601
198601
198049
198601
192873
198601
198049
198601
198601
198601
198601
198601
198601
198601
198049
198049
198049
198049
198601
198601
30
198601
197898
198049
198601
198049
198049
198601
198601
198601
195138
198185
198049
198049
198601
189841
198601
198601
198601
198601
198049
198601
198049
198049
197898
198601
198468
198185
198601
198601
198601
198601
197898
197898
198601
198049
197288
198049
198601
198601
197288
196333
198601
198601
158583
197588
189685
198601
198185
198049
197877
197898
198049
198601
197898
198049
198601
197898
197768
197768
198601
197547
198601
198601
197169
198601
198601
198049
192505
198601
198601
197288
196333
198049
196378
196333
198601
198601
198601
198468
198601
198601
197481
198601
170040
198601
198049
198601
198049
189841
198049
198049
197249
198601
197109
198601
198468
196159
198601
198601
198468
196208
198601
198601
198601
198049
198049
198601
198049
198601
198049
198049
190364
198601
197547
195335
198601
198468
89151
198601
198468
197547
198601
197768
197547
198601
198049
195708
197898
196159
198601
197481
198049
198049
197768
198601
198601
196333
197697
198049
164805
198049
198049
198601
196159
198049
195335
198601
198601
198601
198185
198601
198601
197288
198049
198601
198601
198601
198049
198601
30
198601
198049
197768
195011
198284
198601
198601
198049
198601
198601
198049
198284
198601
198284
198284
196333
198601
198601
198601
198601
197697
198601
197697
197249
198284
198284
198601
198049
198049
198284
198601
198284
198049
198601
197877
197269
198601
198601
198049
198284
195011
198468
197288
198601
197288
198601
198601
196389
198185
198601
186911
198601
197898
198049
198601
198601
198601
198284
197481
198601
198284
197481
198601
198601
197768
198049
197898
198601
198049
198601
198601
198468
198601
198601
198049
198601
197898
198049
198601
198601
198049
195335
198284
198601
193607
198468
198601
197898
197877
198601
198049
197768
197768
197249
198601
196333
198601
196378
196159
198601
198284
198601
198284
198601
198601
198049
198601
198601
198601
198284
198601
198601
198601
198601
198284
197768
198468
197547
198601
198049
195011
198601
198049
198284
198601
198601
198601
198601
198601
197768
198284
198601
198284
198601
198601
198049
197768
197288
198601
198049
198601
197266
198601
198601
198601
198284
198601
198185
197588
198601
196333
198601
198468
198284
197768
198284
197898
198601
197898
198601
198284
198049
198601
198601
198601
198049
198049
197898
198284
198601
197877
198601
198601
198049
198601
198049
190866
198284
198601
198601
198601
198601
198601
198185
198601
198468
198601
198284
197547
198601
198601
198601
197898
198284
198284
198284
198601
198601
198601
198601
198601
197898
198601
198601
198601
198601
198468
198601
198601
198601
198601
198601
198284
198601
198601
198601
198601
198601
198601
192505
198049
198601
183611
198049
198601
198601
197249
198601
195723
198601
198049
198601
198601
198284
198468
198468
198284
197898
198601
197898
198601
197697
198601
198601
198284
198601
198601
198601
197898
198601
197249
197898
198284
198284
197877
198601
198601
198284
198601
198601
197898
197054
198601
198601
198049
198049
198284
198601
198468
197898
197898
197288
198601
198601
195187
198284
198601
198601
197249
196333
197547
30
198601
198601
195011
198601
198284
119290
198049
198601
185654
198185
198601
198601
198284
198601
198284
197898
198049
198601
198601
198049
198284
198284
198468
198284
198049
198601
198601
198601
198601
198284
197768
198601
197588
198601
195011
198284
198284
198049
198049
198601
198601
198601
189841
198601
198284
198049
198284
198601
198601
198185
198601
198468
198601
198284
198601
198601
198601
198601
198601
197249
192505
198049
198049
29
198601
198185
198601
198601
198601
198601
198049
198284
197697
198049
198601
198049
196430
198601
198601
198284
198601
198601
198284
198468
197898
198049
198049
198601
198601
198284
195335
198284
198601
198601
198601
198284
198601
198185
198049
198049
193274
198601
197697
198284
198611
198284
198284
198049
198601
196430
197898
197898
198601
198284
198601
198601
198049
198284
198611
198601
198601
198601
197288
198611
198611
196208
195187
198284
198601
198284
198284
198601
197697
198611
198601
198611
198611
196333
198601
198049
198284
198284
198611
198611
198049
198611
198601
198049
198601
198601
198601
198185
198601
198611
198611
198601
198611
197768
198611
198611
198611
198611
197481
198284
198049
198611
198601
198601
197768
198611
198284
197900
198601
198601
30
197900
198611
198601
198049
197900
195052
198611
198601
198601
198601
198611
198601
198284
198049
198284
198049
198611
198049
198601
198601
197877
198611
198601
198284
198284
198601
197900
198601
197266
198049
198611
198601
198611
198601
198284
198611
198611
197768
197266
198601
198049
198611
198601
198601
198611
198611
198611
197898
198601
196285
198611
198468
198601
198049
198284
197288
198611
198601
197697
193057
198468
197054
198284
198611
198611
197900
195138
197288
198049
198049
198601
198601
198611
195011
196430
198284
198611
198601
196430
198611
196378
198611
198611
198601
196818
198468
198049
197877
196818
198468
196661
198049
198601
198601
198611
198611
198601
198601
197288
198601
198611
197877
198611
197900
198601
198284
198601
198611
197900
195138
198601
198601
198611
198601
198611
198284
198284
198611
198601
198601
198601
198601
198611
198601
198601
197900
197898
198601
198611
198611
198611
197288
198601
198611
198284
198049
197288
198611
198284
198284
198601
198601
198049
198284
197109
198284
198601
198601
196095
198049
198049
197900
198601
198601
198468
198611
198601
198611
198611
198611
198611
198468
198611
198601
198284
198601
198601
197288
198611
198611
198611
198049
198049
198049
198611
198611
198611
198601
198049
198611
197768
198284
198611
198049
198284
198284
198284
198049
197768
197900
198601
197900
198611
198601
198284
198049
198601
198284
198185
198611
198611
198049
191096
196095
197768
197900
197900
198611
197900
197768
198611
197877
198284
198601
198611
198611
198601
198284
198601
185236
197937
198284
198284
197288
197877
198284
198601
198601
198601
198601
197900
198601
198611
180850
198284
198611
173817
188501
198611
198611
198049
198601
198601
198601
198611
198611
198611
197900
198601
198601
198284
198611
198611
197900
195187
198601
198611
198601
196095
197900
194518
198611
198284
197900
196333
198611
198611
198611
198611
197898
198284
198601
198601
198468
198284
198284
198049
198284
198601
198611
193595
197481
198611
198601
198601
198049
198601
198611
198611
198611
198049
195011
198601
197877
198049
198611
184791
197768
198284
198284
198611
198601
198284
197900
198601
198049
198611
198611
198611
