30
30
70336
30
101419
63046
30
30
101419
30
101419
115414
98360
71602
101419
101419
115414
89891
30
30
71602
115414
115414
107003
115414
63046
107003
30
115414
107003
115414
107003
30
115414
91567
115414
89891
115414
105291
30
115414
105291
116547
107003
30
116547
116547
107003
30
116547
110300
113939
116547
91567
116547
116547
116547
116547
115414
116547
116547
113939
115414
107161
115414
30
116172
116172
116172
116172
116172
110300
116172
112718
116547
116547
110300
116547
116172
116547
116172
116547
116172
116172
116172
116547
116547
116172
104641
110300
116172
105926
116547
113939
113939
116172
30
116547
116172
113939
116547
116172
116547
113939
109369
116172
116172
116547
113939
104641
116172
116172
110300
116547
110300
116172
116172
113856
115414
113939
110300
113939
116172
110300
116547
116547
116547
113939
106295
116172
116172
116547
112718
113939
116172
103227
116172
116172
99404
106295
116547
116172
113939
110300
115255
113939
116172
113939
106295
110300
104668
106295
115255
116172
115414
116547
110300
106295
116547
116172
107600
116172
116547
110300
116172
116172
116547
116547
116547
116547
116547
30
107600
116547
103763
110300
116172
108995
116172
116547
112718
116172
107885
113939
113939
116172
116547
113939
113939
116547
107885
106295
116547
116172
110300
113939
116547
116172
107885
116547
116547
109756
116547
116172
115255
116172
114590
110300
116547
116547
116172
114590
116172
110300
116172
116547
116172
114590
114590
116172
106421
114590
114590
109867
110300
110300
112718
115414
116172
116172
113616
116547
30
116172
112975
116172
116172
114590
110300
116172
116172
116172
116547
116172
110300
110300
115414
116172
116547
30
116172
116172
116172
115255
116172
116547
116547
106309
116547
116172
114590
116547
116172
114590
116547
107885
114590
116172
112718
110979
107600
110979
116172
116172
116172
111704
116172
116524
113616
116172
116172
111704
116547
112718
107600
116547
114590
116172
116172
116547
116547
116172
116547
116172
116172
116172
116172
115414
110979
116172
114590
112176
115414
110979
109756
116172
114590
109381
105804
116172
116172
116172
116547
107600
114590
116547
116172
106421
112975
