30
30
30
147114
185156
30
185156
30
187053
147114
187053
163309
187053
152587
107573
162663
152587
185156
185156
185156
187053
159573
188987
163309
159573
188987
163309
163309
188987
188987
188987
163309
159573
188987
147002
111663
185156
185156
185156
184190
184190
185156
188987
188987
184190
185156
188987
184992
184992
185156
184992
184992
168387
193075
188987
193075
193075
188987
185156
193075
175141
193075
193075
193075
185156
30
193075
193075
193075
193075
185156
188987
185156
185156
147114
193075
193075
178713
193075
193075
30
184190
193075
147114
193075
170740
193075
193075
193075
30
193075
180283
193075
193075
134289
188987
172756
193572
193572
185156
185156
185156
188987
193075
193572
193572
191226
193572
185156
193572
193572
193572
188987
193572
193572
184203
193572
180276
193572
188987
170740
193572
193075
185156
193572
179611
193075
180276
193572
193572
193572
193075
193572
193572
188987
175141
189994
179611
193572
191667
193572
193572
189508
193572
193572
193075
193572
193075
193572
193075
193572
193572
193572
193075
193572
193572
185157
193572
185156
188987
193572
185157
193572
193572
191667
30
193572
193572
193572
193572
193572
193572
193572
192196
189508
193572
193572
193572
193572
193572
171220
193572
193572
193572
185156
191667
191667
193572
193572
193572
193572
193572
193572
193572
193075
193572
173584
188595
189994
193572
193572
191667
193572
159341
193572
192196
177279
193572
193572
191667
189994
193572
193572
193572
189994
30
184271
191667
193075
143778
193572
189994
189994
183974
189994
185156
193075
189508
189508
194134
189994
193572
194134
194134
194134
194134
193572
193572
193572
194134
193572
193572
191226
187919
194134
193572
193572
184571
194134
193075
189028
183974
193572
194134
194134
193572
194134
177279
193572
194134
193572
194134
193572
193572
193572
194134
193837
147264
184942
194134
180283
194134
193837
193572
193837
192525
192525
193837
193837
194134
184992
194134
194222
191226
194134
194134
193837
193837
194134
190085
194222
193837
185157
194222
194222
194222
194222
194134
189508
193515
194222
194222
194222
194222
194222
30
193837
193837
184400
194222
184942
184992
193837
194222
194222
194222
194134
194222
194222
194134
193837
194134
147264
194134
192525
194222
194134
191667
187919
194134
194222
193837
194222
194222
194134
194134
192157
194134
194222
194222
193572
194134
194222
194134
194222
194222
193837
194222
194222
193837
194222
193515
194134
192447
194222
192668
193837
192525
194222
193837
193572
194222
194222
153627
194134
194222
194222
194134
194134
193572
194222
194134
193837
194134
194222
194222
194134
192525
194222
191667
193837
194222
194222
193837
193075
194134
194222
193837
193837
193837
194222
194222
194222
194222
193515
194134
194222
194134
194134
194222
194222
194222
194134
194222
191667
194134
194134
194222
193572
194134
193572
191689
194222
194222
194134
194134
194222
192525
194134
194222
194222
190917
194222
194134
194222
194222
194134
194134
193837
194222
194222
194222
194222
194222
194222
193837
194134
194134
192003
194222
194134
194222
191226
194134
171483
194222
194222
193837
153627
193837
194222
194222
194134
193572
194222
194222
132980
194222
190917
192668
194134
194222
30
194222
194134
194134
194134
194222
193837
194222
194222
194374
194374
184230
193515
194374
190085
193515
193075
192668
194222
194134
194222
193572
193837
194374
194374
194222
194222
188160
193572
194222
194374
30
194374
194374
194374
193837
192157
194374
192003
194222
194222
193531
193837
194374
194222
194222
194134
194374
178713
194374
194222
194374
191226
193572
193572
193531
193531
194374
167129
194374
194374
194374
194374
193837
194222
193572
193837
194374
194374
194222
194374
194374
190917
194374
194222
193851
192525
194374
193515
194222
194374
194222
193837
194374
194374
194374
191667
194222
194374
194374
188987
194374
193837
194374
194374
194374
194374
193837
194374
194374
194222
194222
193851
193837
194374
194374
194374
193572
193515
193881
194374
193572
193837
193837
192003
194222
194374
194374
193837
194222
194222
192003
194374
193515
194222
194222
193837
193881
194374
194222
194374
194222
194374
194374
194374
194134
194374
194222
194374
194374
194222
194374
194374
194374
194374
186150
194374
194222
30
194374
194134
194134
194374
193531
194222
194222
192668
192525
194374
194374
194374
194374
193837
190748
194374
193335
194374
194222
190623
194374
194222
194222
193335
193859
194374
193859
194374
194374
194374
194374
193851
191667
192668
192157
194222
193837
194134
194222
193851
193859
194374
194134
194374
187919
194374
193572
194374
194374
194222
193859
194374
194222
194374
194222
194222
194134
194222
193335
194222
193851
193859
194374
183974
194374
194374
194374
194222
194222
193837
194374
30
193859
193851
194374
194374
193837
194222
194374
194222
193859
194374
194374
194374
30
194374
194222
194374
194374
194374
194374
194222
194134
194222
194222
194222
193859
194374
194374
193859
194374
194222
194374
194222
193837
194222
194222
194374
193859
194374
194374
194222
193837
193881
194222
193837
194374
193837
192668
194374
193851
189508
194222
194374
194374
194374
194275
194374
194374
194374
193531
193859
194374
194222
194374
193859
194374
192525
194374
192003
194374
192157
194374
194374
194134
194222
194222
190623
193837
193572
194374
194374
193837
194134
194222
194374
192003
194222
194374
194374
194374
194222
194222
193335
193837
194374
194222
193859
194374
193572
194374
194374
194374
194374
194374
194374
193851
193859
194222
193859
194374
194222
194374
194374
194374
194374
194374
194374
194030
194222
194374
194374
194030
194222
194374
194222
194222
193851
194275
30
194374
194374
194374
194222
193837
194030
30
193851
194374
194374
192003
194374
194030
194134
194222
194134
193837
194374
194222
193859
193335
194222
171220
194374
194134
194222
194374
193837
193589
194374
194374
194374
194374
194222
194374
194374
194096
194222
194222
193572
194374
194374
194222
194222
194275
194222
184521
193075
194374
194374
194222
194222
194374
194030
194222
176134
194374
194030
194030
194374
194374
194096
194374
194096
194222
194374
194222
193851
194374
194030
193859
193851
194374
194374
193851
194374
194374
194134
194222
194222
194374
194222
194374
194222
194374
194222
193859
193859
194374
194222
194222
193589
194374
194222
193881
194222
194030
194374
193075
193859
194374
194222
192196
194374
194222
194222
194222
194134
194222
194275
194374
194374
194222
194030
193837
194374
194374
194222
194374
194222
194222
194030
194222
194374
194374
194374
194374
194374
194374
194374
193859
194222
194374
193851
194275
194374
194374
194374
194096
193531
194030
194222
193859
194374
194374
194374
193572
194374
194374
194222
194222
194374
194374
194222
194222
193859
194222
189667
194275
186504
194374
194030
194374
194096
194374
194374
194222
194134
194374
194222
194374
194374
194222
194096
194374
194222
194374
194374
194222
194374
194275
194374
193859
194222
184992
194374
194374
194222
194222
194374
194096
193837
194222
193531
194374
193837
194374
194222
194222
194374
194374
194222
194030
194374
194374
191667
194222
194374
194374
193215
194374
194374
194374
192003
193859
194374
194374
194222
194030
194134
194374
194374
194374
194374
194374
194374
194374
194374
194374
194222
184992
194222
194374
194374
194222
194030
194374
194374
194222
194275
194374
194374
194374
187976
193859
194222
194374
194222
194222
194030
194374
194374
194222
193572
159020
194222
194222
194374
194374
194374
194222
194374
194222
194222
194374
190215
194374
193859
194374
193837
194374
193859
194374
194222
191667
194222
194374
194374
194374
194374
194374
194222
191667
194374
165355
194374
194134
194222
194030
190748
193572
194374
194374
194134
194374
194222
194374
194374
194374
194222
194374
194134
194222
178160
162583
194374
194030
194374
194222
193837
194374
194374
194374
194222
194222
194374
194374
193859
192157
194374
194160
194222
194374
194222
193837
194374
194374
192003
194160
194374
194374
194222
193859
194374
193851
194096
194374
194374
193837
191667
194374
194374
194374
194374
193859
193335
194374
193851
194160
194222
192832
187976
194374
194030
29
194374
186938
193355
194030
191474
194030
194374
194374
194374
194096
194030
194374
194222
194374
194222
193859
194275
194030
190999
194222
194374
194374
194374
194222
194374
194374
194222
193531
194222
86394
194222
194222
194222
194374
194374
194096
192832
194374
194275
193859
194374
194222
193075
194374
194374
194222
194222
193589
194030
194374
194374
192433
190999
194374
194374
194222
194222
194030
194222
194374
194374
194222
194222
194374
194374
194374
194222
194222
189139
194374
194030
193859
194222
194374
194222
194222
194222
194222
194374
194374
194222
194222
190561
194222
194222
194374
194374
194030
194222
189667
194374
194374
194030
194374
194374
194374
194030
194030
194096
194222
194374
194374
194374
194222
194222
194134
192003
194374
194021
194374
194374
194134
194374
191474
194222
190999
194021
194222
194374
194160
194374
194374
194222
194047
194222
194374
194374
194374
194047
194275
194374
194222
194160
194222
194374
194222
191667
193837
191474
194222
194222
193589
194222
194374
194222
194374
194275
194222
194222
194021
194222
194374
193714
194374
194222
194275
194374
194047
194374
194222
194374
194047
194374
194222
194374
194222
194374
194374
194374
194374
194374
194222
194275
194096
194222
193837
194222
194374
194222
194275
191474
194374
194374
194374
194374
194374
194374
194374
194222
193075
194222
194096
194047
194374
194374
194374
194047
194222
194160
193335
194047
194374
194374
194222
194374
194222
194222
194374
194222
194021
194047
194374
194030
194374
194134
194222
194374
194047
194160
194222
194021
194047
194222
194134
194374
194374
194374
194222
193075
194374
194222
194374
194374
194222
193572
194374
194047
194374
194222
194374
194222
194134
194222
190085
194222
194374
194134
194222
194374
194374
194222
194222
194222
194374
194047
194047
194374
194374
192433
194222
194222
194222
194374
194374
194047
194374
193616
194222
194222
194222
194222
194047
194374
194374
194374
194222
194374
194160
194047
194222
194275
194222
194374
194374
194374
193808
194374
194374
194160
194374
194222
194222
194374
194222
194160
194021
194275
194374
194047
194134
194374
194222
194222
194374
194222
192668
189508
194374
191900
194374
194374
194021
194374
194222
194374
194047
193589
193851
194047
169496
190171
194374
194222
194374
194374
194374
193851
194222
194374
194222
194222
194222
194222
194374
194047
194374
194222
194160
193837
194374
194096
177259
194047
194374
194374
194374
194374
194222
194030
194222
194275
194374
194047
194374
194374
194047
194374
194096
194374
194374
194374
190748
194030
194374
194222
194374
194047
194344
194374
194374
194374
194344
194374
194344
194374
193616
194374
194374
194374
194047
194344
194374
194374
194344
194374
194222
194374
194374
194222
194374
194374
194344
194374
194374
194344
194222
194344
194344
193572
194374
174492
194374
194374
194344
194047
194222
194047
194032
194344
194374
194374
194344
194374
193859
194374
194344
194134
194222
194030
194222
194344
194374
194047
194047
194222
194374
194374
194374
194030
194047
194374
194047
194374
194374
178278
194374
194374
194374
194374
194374
194374
194374
194134
194374
194374
194344
194222
194222
194374
194374
194374
194374
193851
193616
194374
194344
194374
194374
194344
194374
193589
194047
194374
194374
194222
194047
194344
194374
194134
193538
194222
194344
194374
194344
194344
194032
194344
194030
194344
194344
194134
194374
194374
194047
194047
194222
194344
190215
194047
194344
194047
194374
193075
194344
194374
194374
194374
194374
194222
194374
193335
194134
194374
194344
194047
194344
194344
193355
194374
194374
194222
194096
194374
194374
194374
194047
194374
194222
193808
192447
194374
192022
194374
193482
194344
194374
194374
194222
194275
194344
194374
194374
193881
194374
194047
194374
191976
194374
194344
194134
194374
194344
194374
194222
194344
194344
194047
194374
193877
194374
194374
194344
194374
194047
194374
194275
194374
194030
194374
194047
194222
194374
194134
194344
194030
193808
194374
194374
194374
194374
194047
194374
194047
194374
194374
194374
194374
194374
192196
194374
192196
194344
194374
194374
193335
194374
194047
194134
193808
194374
194047
194222
194374
194374
194047
194374
194344
192821
194030
194374
194374
194374
194222
194374
194374
194275
194374
194222
194374
194222
194344
194374
194374
192821
194344
194374
194222
194030
194374
194374
193837
194374
194374
194222
194374
194134
194344
194047
194134
194344
194344
194344
194344
193837
194160
194344
194160
194222
194030
194344
194344
189621
194374
193851
194222
194374
194374
194374
194134
194222
194374
193837
194134
194344
194030
194047
194374
194374
194374
194134
194374
194222
194374
194374
194344
194374
194134
194222
194374
194344
194344
194344
194030
194222
194047
194374
194344
194047
190215
194275
194374
194374
194047
194032
194134
194374
194344
194047
194374
191976
194096
194374
194222
193877
194047
194374
194374
194374
194047
194374
194030
194374
193837
193538
194134
194374
194030
194096
194374
194374
194222
194374
194222
194134
194374
194222
173891
194275
194222
194030
194344
194030
194222
194344
194344
194032
194344
194344
194374
194047
193851
193851
194374
194374
194374
192821
194222
194344
194222
194030
194374
194134
194275
194374
194344
194134
194275
194374
194374
194222
194344
194344
185305
194374
193851
194344
194374
194344
194374
194096
176670
194047
194222
194374
194374
194374
194222
194047
194374
194374
194280
194374
194030
194374
194047
192821
194374
194344
194374
194374
194222
193335
194374
194344
194374
194134
194096
194374
194374
194374
194374
194374
194374
194030
194374
191976
194222
194096
194344
194374
194374
194374
194374
194344
194374
194134
189621
194047
194374
194374
194374
194047
194374
194222
194374
194344
194374
194374
194374
194096
194030
194222
194374
194374
193851
194344
194222
194047
194374
194344
194047
194374
194047
193851
194032
194344
194344
194344
194374
194344
194047
194374
194374
194374
194344
194374
194374
194096
194374
193808
194160
194047
194222
194344
194344
194374
194344
194222
194047
194344
194222
194344
194344
194047
194047
194374
194374
194374
194344
190623
194374
194374
193808
194374
194374
194344
194032
194030
194222
194374
194374
194344
194134
194374
193837
194374
194222
194344
193851
194374
190215
194096
194344
194344
194134
194374
194344
194047
194374
194374
192466
194222
194096
194344
194374
194344
194344
194344
194374
193851
193837
194280
194374
194344
194047
194374
194030
194047
194374
194222
194222
194222
194047
194344
194374
192052
194374
194096
194344
193851
194096
194374
194047
193851
194374
188052
194134
194374
194374
193808
194047
194047
194374
194047
194374
194222
194032
194374
194374
190748
194374
194344
30
194344
194374
193837
194374
194344
194374
194134
194374
194374
194222
194047
194344
194374
193616
192821
192290
194222
194374
194222
194032
194374
188851
194344
194374
194222
194047
194344
194374
194344
194344
194344
194222
194344
194374
194374
194374
194096
194047
194222
194374
193859
193677
194374
194374
194374
194374
194374
194374
194047
194374
194047
194222
194344
190215
194374
194374
194047
194134
194134
194374
193881
194344
194374
193616
194374
194374
192052
194374
194134
194222
194344
194374
194072
194344
190980
194374
190734
191667
194374
194374
194374
194047
194222
194374
194374
194374
194374
194047
194374
194374
182866
194374
194344
194344
194344
194275
193714
193834
194344
194222
194344
194222
194344
194047
194047
194072
194374
194374
194374
194344
194344
194374
194374
194374
194072
194222
194344
194344
194344
194222
194344
194072
194344
194222
194047
194374
194374
194374
194222
194344
194344
194072
194072
192655
194344
194374
194222
194374
193808
194374
194344
194374
194222
194374
194222
194374
194374
193881
194222
194374
193837
194047
194047
194222
194344
194374
194344
194047
190980
194292
194374
194374
194374
193834
194222
194072
194222
194344
194344
194072
194344
194222
194222
186504
194374
194374
194374
194222
194280
194374
194344
194374
194344
194374
194344
194222
194047
194374
194222
194222
194374
192196
194072
194374
194374
194344
194374
194047
193837
193808
194374
194344
194344
194374
194374
194047
194344
194374
194374
194374
194374
194344
191226
194374
194374
194374
194374
194374
194344
194374
194374
194374
194047
194344
192747
194374
194047
194344
194344
194374
194374
194344
194344
194344
194374
194344
194344
194344
194072
194222
194292
193851
194374
194344
194374
194374
194134
194374
194344
194344
194072
194072
194374
194292
194374
194374
194222
193616
194344
194374
194047
194344
194374
194374
194096
194374
194344
194344
188956
194374
194374
194032
194032
194344
194267
194374
194344
194072
194374
194374
194374
194344
194374
193859
194267
194267
194344
194374
194374
194267
194374
194374
194374
194267
193834
194374
194072
194222
194374
194374
194344
194267
194222
194374
194374
194032
194047
194344
194374
194344
194344
194267
194374
194267
194267
194374
194267
194344
194267
194374
194374
194374
194374
194292
193851
194344
194374
194374
194267
193616
194134
194047
191976
194344
194374
193122
194344
194374
194374
194374
194374
194374
194032
194374
194292
194374
194374
194344
194374
194280
194374
194374
194374
194344
193851
