30
57370
57370
57370
44955
65324
50729
60384
62946
64818
61181
60384
66443
60384
65839
65839
30
65839
66443
69595
69595
65839
66443
62946
66443
66443
62348
66443
67440
65839
67440
69595
30
67440
67440
57370
66443
57370
69595
67440
65839
69595
66443
66443
62348
65839
49003
68035
67440
67440
68035
68035
69595
68035
68035
67440
69595
34634
69595
69595
65839
62946
68867
68035
68867
68035
68867
70190
70190
70521
70521
70190
68517
70190
70190
70521
67440
70521
65839
70190
69595
68517
68517
70190
70190
63551
70190
68517
70521
67440
70190
70190
70190
70190
69917
70190
70190
70190
70364
65070
18712
70364
65075
68542
70364
34634
69595
68517
70364
70521
67440
68542
70364
68517
70521
70364
30
68035
70364
70364
56406
70364
70364
70042
65075
70042
70364
69917
30
70042
68517
70042
70364
70364
65070
70042
66451
70042
70042
70042
70364
70364
70042
70364
68542
70364
70042
70364
69595
70042
69995
61181
70521
70364
65839
68542
70042
70521
70364
70364
66451
70364
70364
61451
70364
67428
70042
70364
67428
65202
30
70364
70364
68542
70038
70042
70521
68595
70364
70042
70364
70042
66492
70042
70364
70038
70521
70364
70042
70364
70521
70364
70364
70364
68867
68595
70364
70364
70364
70042
70364
65230
70364
69995
70042
51951
70364
66492
70042
70364
70364
70042
70364
70333
62593
70333
70364
70333
70333
70042
70364
70042
70521
70364
65839
70364
69995
70364
70364
70364
70364
69995
70364
70364
68497
70042
70364
70521
70333
70364
70038
70364
69253
70364
69595
70364
70364
70364
70042
70485
70042
70042
70485
70485
70485
70038
70485
70485
70364
70485
67428
70333
70485
70485
70521
70042
70042
70485
70333
70485
70333
65202
70485
70485
70485
70485
70485
70364
70038
70485
70485
70485
70333
70485
70364
70364
70485
70364
69595
67474
70485
70364
70485
70042
68517
70485
70333
65230
67653
70485
70485
70485
70521
70521
70485
70485
70333
70485
70333
70364
69917
67428
44177
70333
70485
70364
70521
70485
70333
70485
70485
65070
70485
30
70485
70042
70485
70485
30
70485
70485
70485
69052
70485
70485
70485
70485
70485
68517
70042
70042
70042
70364
70485
70333
70485
70038
70485
63890
70364
70364
70333
70042
70333
70485
70485
70333
70485
70485
67653
70485
70485
70038
47045
62804
70485
70485
70485
69236
70485
68117
69236
70485
70364
69236
70521
70485
68595
70485
70485
70364
70485
70485
70485
70485
70485
70485
67653
70333
70485
70485
30
70485
70364
70042
68595
69995
70485
70485
69995
70485
69595
70042
69902
70485
68595
70521
70485
70190
70333
70485
70038
70485
70485
69939
70038
70485
70521
70485
70485
70521
70333
70485
70485
70190
70042
70038
70485
70042
70485
68517
68117
66088
70485
70485
70364
70485
70485
70485
70485
70364
70485
70485
70042
70428
70042
70038
66492
70521
62195
70428
70485
70042
70485
70364
70485
70333
70485
69995
70562
70190
70364
70038
70562
70485
70562
69902
70485
70562
70485
70562
70562
70364
70562
70485
68517
70562
70562
70562
70562
70562
69600
69253
70562
70562
68867
70562
70562
70485
69939
68595
70364
69052
70364
70562
70562
70485
70485
70485
70485
70364
70562
69099
70562
70562
69253
70333
70562
70562
70562
70562
70562
70562
69253
70562
70485
70562
70364
70562
70562
69995
70485
70562
70190
69939
70562
70562
70485
68504
70485
69939
70485
70562
67440
70562
70562
70562
70562
65075
67997
70562
70364
70562
69939
70364
70485
70485
70485
70190
70562
70562
70562
66560
70562
70521
70190
69052
70562
69902
70190
70485
70485
70562
69995
68517
70562
70485
70421
70485
70038
70485
70562
70485
70364
70562
70364
70485
70562
70562
70485
67440
70485
70562
69253
70562
70364
70562
69253
70364
70562
69902
70364
70562
70562
69939
70485
70485
69917
70364
70562
69902
70562
70562
70485
70562
70562
70562
70562
70562
68595
70562
68595
69939
69939
70364
70562
68595
70562
70364
70562
70562
69600
70562
70485
70485
70562
70562
70485
70485
70421
66896
70562
70562
70421
70485
70562
69939
70421
70190
69917
70485
70562
70562
70562
70562
69939
70562
70562
70562
70485
70485
70421
68598
70562
70562
70485
70562
70562
70562
69995
70562
70562
66066
69600
69052
70485
70562
70485
70485
69939
70485
70421
70485
70562
70562
69236
70421
70485
70562
70562
70190
70364
68595
68595
70521
69902
70562
69052
70485
70190
70364
68117
70485
70364
70364
70485
69902
70485
70165
70562
70562
70562
70562
70364
70562
70562
69253
70485
70562
70562
70562
70562
70562
69995
70562
70562
69807
69052
70562
70562
69939
70364
70562
68581
70485
70562
70562
70562
70485
70485
70562
70562
70562
69902
70562
70562
70562
69995
69600
70485
70165
70562
70364
70562
70562
70562
69939
70421
70485
70485
70364
70364
70562
70485
70562
70485
70562
70562
70485
70562
70038
69902
70562
70562
70562
70485
70562
70364
70364
70562
69902
70562
70562
44856
70562
70562
70562
69939
70562
70562
70562
70485
70562
70485
70485
70190
70485
70485
70364
69600
70562
70485
68782
70562
70364
70562
70562
70364
70562
69939
70519
70042
67653
70562
70562
70562
70519
66801
70562
70562
70562
70519
70521
70562
70562
70042
67653
70562
70562
70485
70562
70562
68517
70562
70562
70562
70521
69939
70562
70519
70519
70519
70519
70519
70519
69939
70562
69595
69353
70519
70562
70562
69917
70519
69939
70333
70521
70485
69902
70519
70562
70038
70519
70562
70562
67952
69600
70519
70521
70519
70562
70038
70519
70562
70562
70562
70421
70421
70562
70521
69939
70562
70519
70519
70562
70562
70519
70562
70562
70562
70562
69917
70364
70562
70428
70562
70562
70485
70519
70519
70562
70519
69902
70562
70519
70519
70562
70519
69939
70562
70485
70519
50120
70519
70519
70421
70562
69995
70562
70562
70519
70485
70519
70519
70562
70519
70562
70562
69274
70562
70421
70485
70562
69353
70519
70562
70562
70562
70485
70519
70519
70519
70562
70333
70421
70562
70519
70562
70485
70562
70519
70562
70562
69939
69353
69939
70485
70562
70519
70562
70562
70519
70562
70519
70519
70562
70562
70562
68481
70364
70562
70562
70485
70562
70519
70562
70562
69353
70519
70562
70485
70562
70519
70421
70562
70521
70562
70562
70562
70562
69995
70521
69253
70519
70519
70428
70519
70562
70519
70519
70485
70562
69902
70562
69353
70562
70165
66801
70562
70562
70485
70562
70333
70562
70421
70519
70562
70519
70364
61955
70562
70379
70562
70562
70562
70421
70519
70562
70519
70333
70562
70562
70562
70562
68598
70519
70519
69995
70562
70562
70421
69797
68517
69939
70562
70562
68583
70562
70485
70519
70519
70562
70379
70562
70519
68517
70562
70421
70562
70485
70562
70485
70562
65075
70519
70485
70562
70042
70562
69995
70562
70519
69902
70364
70562
70562
70562
70562
70485
69995
70519
70519
70519
70562
70519
70379
70485
70519
70519
70519
70485
70379
69902
70562
70562
70562
70562
70562
70519
58054
69995
70562
70485
70421
69939
70519
70562
70562
69995
70519
70562
70562
70485
70519
70562
69353
70379
69939
70562
70519
70333
69902
70562
70165
70562
70562
70562
70562
70519
70519
70562
70562
70519
70485
70519
70562
70519
70562
70519
69995
69797
69939
70562
69797
69939
70562
70485
69999
70562
69902
70562
70562
70165
70364
70562
70519
70562
70485
70519
70519
70562
70562
70562
70165
70519
69902
70421
64788
70562
70562
70562
70519
68504
70562
69995
69797
70562
70562
70559
70562
70559
70562
70562
70562
70519
70562
70562
70562
70562
70519
70519
70559
69797
70485
70562
70562
70562
70562
70562
70562
70519
70485
70519
70519
70333
70562
70562
70519
70562
70562
70485
70562
70562
70485
70562
70562
70562
70562
69797
58195
70519
70428
70333
70519
70562
69939
70562
70562
69939
70562
70562
70364
70559
70562
70562
70519
70333
69917
69939
70379
69999
70562
70562
68972
70519
70562
70519
70562
70562
70485
64899
70485
70559
70519
69729
70562
70485
70562
70562
70485
70562
70562
70562
70519
70562
70562
70562
70562
70519
70428
70562
70562
70485
70519
70519
70519
70519
70485
70519
70562
70559
70562
70562
70562
70519
70572
70572
70572
70572
70572
70572
69995
70165
70562
69902
70425
70519
70485
70519
70572
70519
70519
69939
70559
70572
70519
70519
70572
70572
70485
70519
58414
70519
70519
70572
70519
70519
70333
70572
70572
70572
70519
70519
70485
70559
70301
70519
70519
70485
66801
70572
70485
70562
70572
70519
70572
70519
68517
70428
70519
70519
70562
69600
70572
70572
70519
70559
70562
70572
70519
70572
70485
70572
70519
70519
70572
70485
70519
69353
70572
70428
70519
70572
70519
69986
70379
70572
70572
70572
70572
70572
70572
70572
70519
70572
70572
70572
69939
70572
70485
70562
70572
70562
70562
70519
70165
70562
69353
70572
70425
70562
70485
68517
70562
70572
70562
70572
70559
70572
70572
70519
70572
70519
70519
70572
68117
70572
68090
70562
70572
70519
70572
70572
70485
69986
70572
70572
69099
70572
69353
70306
70562
70519
70572
70519
70572
70485
70519
70572
69995
70519
70519
70519
70485
70562
70572
70519
70519
70572
70572
70562
70563
70572
70572
70572
70572
70563
70572
70572
70563
70519
70562
70421
70562
70425
70563
70306
70562
70572
70572
70519
70562
70428
70306
70572
70572
70562
69917
70563
70572
70572
70563
70562
70521
70572
69729
70519
70306
70563
69999
70572
70562
70572
70563
67633
70572
70572
70572
70572
70572
69729
70572
70562
70563
70572
70563
70572
70572
69865
70559
70572
70563
70572
70572
70563
70563
70563
70563
69986
70572
70333
70559
70572
70572
70572
70572
69999
70562
70519
70559
70563
70572
70563
70572
70572
70563
70333
70559
70485
70562
70563
69999
68354
59190
70563
70572
70572
70572
70572
70563
70559
70563
70519
70306
70563
70563
70572
68705
70572
70572
70572
70562
70559
70306
70572
70572
70572
70519
70572
70572
70485
70572
70572
70563
69939
70485
70572
70425
70562
70572
70563
70038
70572
70563
70563
70563
70563
70563
70572
70559
70572
70485
70306
70572
70563
70572
70559
70428
70572
70562
70572
70572
70572
70572
70422
70563
70572
70563
70572
70563
70572
70572
70485
70563
70519
70563
70485
69986
70572
70563
70559
70563
69034
70572
70563
70306
70563
70563
70306
70562
70559
70559
70563
70572
70572
70572
70519
70563
54796
64019
70572
70563
70519
70572
70306
70563
70306
70572
70572
57825
70563
70572
70563
70572
70562
69999
70572
70572
70563
70485
70562
70563
70563
70572
70563
70563
70563
70563
70572
69075
70572
70563
70563
70572
70563
70563
70563
70621
70621
70562
70559
70621
70563
70621
70485
70572
70621
70563
70485
70485
70485
70572
70572
70621
70621
70621
70562
70559
70621
70621
70559
70563
70379
70485
70562
70425
70572
70017
70572
70621
70621
70572
70563
70562
70563
70621
69353
70563
70621
70621
70519
70559
70621
70572
70364
70572
70165
70621
70572
70572
70572
70621
70621
70425
70621
70563
69986
70563
70572
70572
61850
70621
70563
70572
70621
70563
70621
70562
70572
69939
70559
69986
70621
70425
70563
69939
70562
70621
70572
70572
70572
70572
70621
70572
70621
70559
70572
70572
69986
70572
70572
70572
70559
70621
70572
70563
70621
70621
70428
70572
70563
70485
70572
70621
70621
70562
69382
70364
70563
70621
70621
70621
70621
70621
70017
70572
70572
70572
70572
70572
70572
70621
70572
70485
70572
70562
68782
68481
70621
70621
70563
70572
70562
70621
70572
70563
70621
70572
70621
70621
70621
70572
70521
70309
70485
70621
70621
70621
70563
70563
70485
70559
70621
70485
69999
70562
70606
70606
70621
70621
70621
69939
70621
70422
70621
70621
68528
70621
70606
69986
70606
70621
70621
70621
70621
70559
70621
70606
70621
70621
70606
69939
70621
69019
70621
70572
70606
69995
70572
69019
70606
70606
70621
70572
70621
69986
70606
70606
70563
70621
70621
70621
70633
70519
70633
70633
70633
70621
70621
70633
70633
70621
70633
70606
70563
70606
70633
70633
70563
70606
70621
70621
70633
70621
70563
70621
69986
70606
69278
70633
70621
70633
69295
70606
70633
70621
69986
70559
70606
70621
70633
70633
70621
69995
70563
70633
70563
70563
70606
70633
70621
70606
70621
70621
70633
70364
70633
69939
70633
70633
70621
70633
70606
70563
70633
70606
70563
70563
70633
70633
70621
70621
70621
70559
69995
70606
70606
70606
70633
70621
70633
70563
70633
69917
70621
70621
70633
70621
70606
70606
70621
70633
70633
70633
70606
70621
70606
70606
70563
70606
70621
70621
70633
70485
70621
70621
70621
67952
69939
70633
70621
70559
70485
70563
70633
70563
70633
70518
69995
70633
70621
