30
177541
163078
186482
163078
118778
186482
109737
150501
118778
186482
177541
186482
177541
177541
177541
186482
186482
186482
165815
167344
109737
171124
158038
30
177541
186482
173976
186482
177541
174345
173976
186482
186482
186482
186482
177541
186482
186482
173976
150501
186482
182048
186482
182048
186482
182048
186482
186482
131324
186482
173976
182048
182048
186482
186482
157798
182048
182048
182048
186482
186482
182048
180843
180193
182048
30
186482
182048
186482
186482
186482
182048
186482
180193
180193
186482
180843
186482
182048
186482
173976
186482
186482
180843
186482
182048
186482
173514
186482
180193
182048
174940
182048
185286
157798
186482
182048
186482
159238
186482
182048
182048
159238
186482
186482
185286
180843
185286
186482
186482
182048
186482
180203
185286
186482
186482
185286
186482
174345
185286
176377
178356
181337
186482
182048
186482
186482
186482
157798
186482
186482
186482
185883
186482
181864
185286
181864
185286
186482
186482
186482
186482
185883
174345
185286
182048
186482
182048
181864
182251
186183
182048
178356
149061
186183
186482
186183
186482
178356
186482
185286
185286
181864
183120
186482
186482
186482
185286
182048
186183
185286
173427
182527
181864
178842
186482
182527
186482
182527
173504
182048
186482
186482
182527
186482
186482
182527
186482
186482
30
30
186482
182527
183120
181337
186080
186482
186482
186482
186482
178842
186482
186080
186482
186482
186482
186966
186080
186482
183141
186482
186183
186482
186482
186080
173872
186482
186482
186080
186080
186482
176569
186080
173976
186974
178842
186974
186974
186974
186974
181337
186974
186974
186974
186080
186974
186080
186080
186974
186974
186974
186080
173872
178356
186482
181337
186080
186974
186482
186974
186080
186080
186974
174249
186974
183141
186974
174249
186974
178842
186482
181864
186080
186974
186974
182251
179610
186974
186974
186183
186080
186966
182251
186080
184395
186974
186974
186974
186974
186974
186974
186183
186974
186080
186974
180948
186080
186080
170457
186080
186080
186974
186080
186974
186080
186974
186974
186974
186183
186974
182251
185004
178842
186974
186080
186974
186974
186966
186080
186080
146539
186974
186974
181337
186974
186080
30
186080
186080
186966
186974
185376
186974
186183
179610
185376
186974
186974
186126
185004
186183
185286
185056
186080
186974
186126
186126
186974
186974
186126
186974
186126
186080
186183
186126
186974
181337
186974
185004
186126
186966
30
185376
186183
186126
186183
186974
186974
186974
181864
186974
185376
30
186974
186482
185376
186974
185883
186974
186974
186974
186126
30
30
186974
186974
186974
186974
186183
185376
186126
186974
180203
185376
186126
186974
185376
186974
186974
186183
182251
186974
186183
186126
186974
186661
186661
186974
186661
186974
186661
186126
186974
186482
186661
186974
186974
186661
186974
185376
182048
186126
186966
186974
186661
186126
186974
186974
186661
186974
185376
186974
186661
30
185376
186974
184263
186126
186661
186661
186974
176139
186661
186661
185286
186482
186974
186974
186126
186974
181337
186661
185004
186661
185004
186974
186974
186126
186661
183437
186974
185286
186126
177426
186974
186966
186661
186183
186661
186661
184395
186661
185376
186661
183810
186661
186482
186482
186661
167653
186661
186661
184263
186966
186974
186974
186126
186661
186974
186661
186974
30
184263
186661
186974
186974
186080
186974
185004
186661
186661
186661
186974
186974
186974
186974
186974
186974
186661
186661
185376
186661
186974
186661
186974
186974
186974
176689
182251
186482
186661
186974
186974
183056
186126
186974
186974
186661
186974
186661
186966
186661
186974
185376
186966
186974
186661
186974
30
186974
186974
186974
186661
183056
186974
186974
183074
30
186974
186974
186661
186966
186974
186661
186661
186126
186974
186126
186126
186966
186974
186661
186661
185004
186661
186974
183810
186974
186974
186966
176139
186974
186974
186974
186974
186966
186661
186974
186183
186126
186974
185376
186661
186661
186974
30
186974
186661
30
30
186974
186661
186974
186974
186661
186974
184820
186974
186183
183810
186482
186661
186974
186974
183437
186974
186974
186974
186661
186661
186661
186974
185286
186974
185376
186974
186974
186974
185778
185004
185004
185225
186661
185376
186974
186661
186974
186661
186974
186661
186661
186974
185004
186183
186974
186661
186974
186183
165527
30
186661
185004
186183
186974
186974
185376
186183
186974
186661
186974
186661
186661
186966
186126
186974
186974
186974
183074
186661
186661
186974
186974
186974
186661
186974
186661
186661
186661
184820
186661
186661
186974
186974
186974
186974
186974
186974
186974
186661
186974
186974
186966
184107
186974
186661
186974
186661
186974
186661
186974
186974
186661
186974
186661
186974
186974
186661
179546
186966
186974
186974
186974
183074
180765
186966
186661
186482
186974
181337
183810
186661
186661
186661
183437
186974
185376
186126
184820
186661
186974
186974
186183
186974
186482
186974
186974
186661
186974
185225
186661
180777
186661
186974
186974
186661
186661
186974
186974
186974
183437
186661
186974
186661
185056
183810
186126
186661
185004
186974
185225
186974
186974
186661
186974
186183
186661
186183
186661
186661
186974
186661
182863
185004
186482
186974
186183
186966
186661
186974
186974
186661
183810
186482
186661
186974
186661
185376
186974
186126
186974
186974
186661
186661
186351
180193
186661
186974
185376
185429
186974
182158
186974
186974
186974
186183
186661
185376
186126
183810
186974
186351
186126
185225
186482
186974
186974
186661
186974
186661
186661
186966
186974
186661
186661
186661
186974
186974
186661
186966
186661
186661
186974
185376
186974
186974
186974
186661
186974
186974
186661
183810
186974
186126
186974
186974
186974
185286
186661
182863
186126
186661
186974
186974
186966
185080
183558
185778
186183
186974
186974
186974
186974
186661
186661
186080
186661
185429
186966
186126
186974
186974
186974
186661
186974
186661
186966
186126
186974
186974
186974
186974
186661
186974
186974
186974
182863
186126
186661
186974
186974
186974
186661
185429
186351
186974
186974
186661
187119
186661
186661
186974
186126
186351
186974
186661
185531
186661
186661
186482
186661
186974
186661
185080
186974
183558
183558
186661
186351
187119
186974
186126
186974
186661
186974
186974
187119
185225
186974
186974
186974
186974
186974
187119
185778
186661
186974
186126
185376
186126
186661
186974
187119
186974
187119
186126
186974
187119
186126
185376
186974
180502
186126
186974
186974
186661
187119
186974
186126
186661
186661
186661
183810
184107
187119
187119
187119
187119
186183
187119
186974
186974
185778
186974
186974
186661
187119
186661
185531
186482
186661
186974
186974
186974
186661
186661
186351
186974
186974
186974
186126
183056
186661
186661
186126
186974
186974
185429
186126
186661
187119
186661
187119
186482
187119
186661
186126
186974
186974
185429
174784
186661
186974
161902
186661
186126
183818
186126
184820
186974
186974
185429
186974
186351
186661
186661
186351
186974
185286
186974
187119
187119
186080
187119
186974
186974
186974
186661
186974
185883
186974
186974
186974
187119
186661
186351
186974
186974
186623
178842
186661
186974
186974
186974
186974
186974
186974
186974
186974
186623
185429
183810
186974
186974
186974
186974
186974
186661
186661
187119
186623
186623
187119
186661
186974
186623
186974
186661
186974
186661
176065
186661
186623
186974
185286
179546
186661
186974
187119
187119
186126
186974
186351
186974
187119
186351
186974
185376
186661
186974
187119
186974
183810
186661
185429
186974
186661
186661
186974
186974
183980
186661
186661
185056
185286
185429
186661
187119
186661
186974
186974
185376
186974
187119
186661
186126
187119
186974
181337
185531
185429
186974
162506
186449
187119
187119
177936
184959
186623
186623
185286
186974
186974
186661
185531
187119
186974
186661
186974
186623
186974
175991
186974
186661
186126
187119
186974
186974
186974
186661
186351
186974
187119
186661
186974
186623
186974
186661
183818
186661
186974
186661
186661
186126
186661
180203
186974
186974
186974
186974
184107
186974
179675
186974
186974
186661
187119
186661
186974
186974
187119
186974
186974
186661
186974
186661
186661
186661
186974
186126
186974
182323
186974
186661
186974
185778
186623
182527
186974
186661
186661
186661
186482
186974
186974
184820
184107
186661
186974
186661
186661
186661
186623
186661
185531
184021
181337
186661
186974
186661
186974
186661
186974
184028
186126
186974
186661
185429
186623
186974
186661
186974
186661
186974
186974
186974
186126
186974
186974
186661
185945
187119
187119
186974
186661
186080
186974
186661
185429
186974
186974
186661
187119
186974
186623
186126
186974
187119
186449
171935
187119
184021
186194
186449
186661
186974
187119
184665
186661
187119
186661
187119
186661
186974
186661
186661
186966
186974
186661
186351
187119
186974
186661
186623
185778
185429
186974
186661
186661
187119
186974
187119
186974
185376
186974
186351
186974
187119
187119
186974
186661
187119
185376
186974
186661
186974
187119
187119
185225
186661
187119
186974
185376
186974
186623
186661
186974
186974
186719
187119
187119
186661
186974
186974
186126
186066
187037
186661
187119
185286
186974
185531
186126
187037
187037
187037
186623
186066
186974
186974
186974
187037
186623
186974
186974
186661
187037
186974
186974
186974
187037
185286
187037
187037
186974
186080
186974
186974
186661
186974
187119
186974
187037
186661
187037
186126
187037
186974
186974
186974
186623
186974
186974
187037
186974
186974
186974
186974
186974
187119
187037
186183
186661
186974
186126
186974
186661
187037
187037
186966
186974
186974
186661
187119
186974
187119
186623
186623
185376
186482
187037
187037
186661
187119
187037
187037
187037
187037
187119
