30
30
30
30
30
22207
42233
30
42233
39802
42233
45112
39802
30
28898
45088
30
45112
23410
22207
39976
45112
45112
45112
39976
27199
30
45112
45088
45088
45112
27199
45112
45112
45112
30
38516
45088
43215
45112
45112
45112
45112
39976
27199
39976
38516
30
39976
45112
45112
43215
39976
27199
44979
45112
45112
45088
38058
45088
30
44193
45088
42340
38058
45112
45112
45088
43215
45112
45112
30
30
43617
45112
45318
45088
45112
45088
45318
45088
45318
45318
45318
42889
45088
45318
45318
45112
45318
45318
45318
45112
43215
45318
45318
45035
45112
42889
39202
45088
45318
45088
45088
42279
45112
43882
45318
45112
45318
43215
45112
45582
45088
45582
45582
44648
28898
45112
44833
42279
45112
45112
42279
45582
44193
43215
45088
45088
45318
45318
43507
45088
40943
45318
45582
43215
45318
45318
42504
45582
45112
43507
45112
43215
45318
45088
45035
42233
45385
45318
45112
42504
45385
30
45385
45385
45385
34912
44572
45385
45385
45385
45088
45112
45385
39202
45318
45385
43507
42504
45575
45575
37350
45575
45575
44193
45385
45575
45575
45582
45385
45385
45112
44193
45575
33510
45575
45575
45575
45385
45385
45385
45575
45385
45582
45575
45575
38087
45575
45575
42504
44833
45575
45575
45575
45575
45575
45582
45575
45575
45638
45318
45638
42504
45638
34681
45638
45638
45112
45638
45385
45638
45575
45638
38290
45638
45638
45638
45638
13646
40943
45582
45638
45638
45638
45112
45112
45638
45638
45088
45385
45575
45638
45638
45385
45638
45638
44193
45638
45638
45638
45638
45638
45638
45638
45318
45385
37114
45638
45638
45638
45385
45638
45582
45638
45638
45582
45318
45638
45112
42342
45638
44960
45638
45638
41156
43507
45638
45318
45385
43152
45318
45638
45638
40381
45582
45638
45112
45638
45385
43152
45638
45638
45385
45112
45575
45638
45638
45638
45638
45575
45112
43507
45638
45318
45638
45638
45638
45638
45385
45638
45638
45385
43152
45385
45638
45638
45385
45318
45638
45638
45385
45638
45088
45318
45638
45318
45638
45112
40381
45638
45638
45575
45385
45638
45638
45582
30
45575
45112
45638
45638
45318
45318
45575
45385
45638
45638
45385
45385
45638
45638
45638
44076
45638
45318
45582
45385
45638
45582
45318
45582
45638
45035
45318
45385
39202
45638
45385
45638
45638
45638
45385
45638
45638
45638
45385
45088
45385
45385
45638
45638
39675
45088
45638
45318
45112
45638
45638
44648
45035
45638
45638
45385
45638
45088
44979
30
45638
45638
45638
45575
45638
42504
45638
45638
45385
45575
45638
45638
45318
45638
45385
45638
45385
45638
45035
45385
45638
45638
45318
45638
45385
45638
45638
45318
45638
45638
45112
45638
45638
40381
45638
45638
38954
45385
45638
45638
45638
45582
45638
45638
45638
45638
45638
45112
45638
45638
45318
45638
45318
45638
45638
45582
45638
45088
45112
45638
45638
45638
45112
45638
45188
42170
45112
45638
45088
45575
44076
45112
45638
45638
45318
45012
44159
45638
45638
45575
45560
45638
45318
45638
45088
45385
45638
44979
41401
45638
45582
44994
45575
45385
45560
45638
45385
45318
45638
45112
45575
45575
45385
45385
45638
44572
45638
45638
45575
45318
45582
45560
45318
44994
45112
45385
45638
45560
45582
45638
45638
45582
45638
45318
29
45638
45385
45112
40036
45638
45318
45638
45638
30
45638
45638
45035
45638
45385
45638
36237
45638
45638
45638
45318
45638
45638
45560
45638
45638
45112
45582
45582
45638
45638
45638
45088
45385
45318
23410
45638
45112
45638
45385
45638
45638
45638
45638
45638
45582
45318
45638
45638
45638
45638
45638
39675
42787
45638
44907
45088
45638
43002
45582
45638
45575
45582
45638
45638
45575
45638
45582
45638
45604
45638
45575
45035
45638
45188
45638
45604
45638
40812
45638
45604
45638
45385
45575
45582
45638
45638
45575
45638
45582
45638
44994
45638
45638
45560
45638
45385
45385
45638
45547
45638
45638
45575
45604
45638
45385
45638
45385
45638
45575
45604
45638
45575
45385
45638
45638
45638
45582
45638
45385
45638
45059
43051
44159
45638
45604
45638
45638
45638
45638
45638
44159
45491
45560
45560
45582
45575
45385
45604
40111
45638
45560
43452
45638
45088
45582
45604
45638
45385
45059
45385
45385
45604
45604
45604
45638
45638
45575
45582
44159
45414
45638
45638
45385
45638
45604
45385
43051
44960
45582
45638
43051
40126
45638
45582
45638
45638
44994
45638
45638
