30
30
30
73298
30
73298
30
141323
30
132737
141323
141323
118993
30
126441
141323
126631
141323
132737
30
141323
147688
100590
126441
126631
126441
142209
148012
148012
148012
126631
147688
126631
128249
148012
148012
142209
148012
126441
151762
116512
153599
30
151762
153599
153599
30
151762
153599
153599
153599
154002
30
148607
30
148607
151762
153599
151762
153599
153599
145880
153599
148607
142209
149026
154002
153599
153599
149026
154002
151762
154002
140453
154002
116512
149026
153599
153599
153599
149026
141507
154002
149026
151762
151762
30
151762
153599
151762
137174
154002
151762
153599
149026
154002
151970
153599
151762
151762
154002
154002
144208
151762
154002
153599
154002
145776
149481
153599
154002
153599
148607
147821
153599
154002
149481
126046
151762
153599
153599
149259
128638
151762
153599
153599
151970
151762
151970
153599
144208
154002
151762
149259
153599
153599
149481
149140
149026
153599
154002
151970
153599
151762
153599
151762
153599
153599
149259
154002
151762
144208
153879
153879
153879
153599
153599
151762
153599
153599
153879
154002
153879
153599
154002
151762
154002
132737
153879
153879
153599
126441
30
153879
154002
153879
153879
137918
30
153879
154002
153879
153599
153879
153599
137918
153879
153879
153599
146911
153599
153599
151970
152290
154002
