30
51518
51518
30
30
30
68783
30
30
81289
30
83051
30
83051
30
68783
81289
56082
56082
83051
83051
77103
30
30
84266
83051
77103
77103
77103
84266
84266
84266
30
84266
77103
83051
77103
85447
84266
84266
85447
33769
85447
84266
82623
30
83051
85447
77103
78546
85447
85447
85161
83051
85447
85447
85386
81105
68783
85447
85447
85386
85386
29040
85447
85447
85386
85386
85161
85386
85447
85447
75451
86797
88834
86797
88834
86797
86797
85447
87940
46821
86797
86797
88834
85386
85386
30
74301
87940
30
83051
86797
86797
83051
84514
87940
86797
86797
84514
30
88834
86797
86797
30
87639
87940
87940
54784
87639
87639
87639
86797
87639
87639
87639
87940
30
87639
89693
89693
85386
89693
89693
30
89693
88834
89693
89693
89693
89693
89693
89693
88505
88834
89693
74210
89693
88505
89693
89693
87940
89693
88505
88505
85386
89693
89693
89693
89693
89693
89693
89693
84799
78976
88505
89693
87940
37493
78976
88834
89693
89693
89693
89693
88664
89693
89693
88664
89693
89693
88779
88664
89693
88779
30
89693
30
88664
89925
89925
88664
88664
89693
89925
89925
87639
89693
88834
89925
30
89925
87940
89925
89693
89693
89925
89693
89693
89693
89693
89693
59783
89693
89693
89693
89693
89693
88779
87940
88834
89693
89925
89693
89693
84922
87940
89925
84056
89693
89693
89370
89925
88505
89693
88884
88505
89925
89693
89925
89693
89925
89925
89693
89370
89370
88884
89693
89693
89693
89925
89925
89370
89925
89925
89925
89370
89693
89693
89925
89925
89925
87940
89925
89693
89925
89693
89370
89370
89693
89925
89925
89693
85458
71362
89370
89925
89925
89693
89404
81565
89925
89370
89693
89925
89693
89925
88505
89925
89925
89693
89693
89693
89693
89370
89925
89445
89925
87349
89445
89925
89925
89925
89925
88505
89693
89370
89445
89925
89925
88505
89693
89925
89925
89693
81105
89693
89925
89693
89445
89925
89693
85447
89693
89693
89693
88884
79426
89693
89445
88362
89404
89925
89925
89925
89925
89925
89925
89693
89925
89925
89925
87719
89925
89925
89925
89925
89693
89693
89693
89693
89693
89693
89693
88779
89370
84103
83613
87639
89693
89925
89404
89925
89925
89693
89925
89925
88884
88884
89693
89693
89925
79949
89693
87639
89404
84500
89693
89445
89445
89404
71362
89693
89925
88670
87349
89925
89445
89925
89693
89693
89693
89404
89693
89404
87940
88884
89925
89693
89925
89445
89693
89925
89925
88505
89693
87639
89925
88508
89693
89925
89445
88884
89693
86440
89925
89445
89925
89693
88240
87719
89693
88362
88884
87639
89925
89586
89693
89925
89445
89693
89445
89925
89925
84103
89445
89925
89445
89445
89404
89445
89693
89693
89693
89925
89693
87639
89693
89693
89693
87349
89404
89681
89693
89693
89586
89925
89693
89693
89681
89693
89693
89681
89693
89681
89681
89693
89681
88884
89925
88664
89621
89693
89693
89693
87639
89681
89925
87349
89693
89681
89681
89681
89681
89693
85859
89925
89925
89693
89693
89925
89693
89693
89925
88884
84507
89925
89693
89621
89404
89925
89681
89693
89925
89693
89925
89693
88834
89925
89925
89693
89693
89925
89404
89681
89621
89370
89693
89404
89693
89681
89693
89693
89925
89693
89925
89693
87284
89370
89925
89404
89925
89693
89189
89681
89189
81819
89681
89925
89693
89681
88294
89693
57065
89925
84500
89925
89925
89693
87920
89621
89404
89681
89681
89925
89693
89925
89404
89693
89925
88779
89681
89925
89681
89681
89693
89925
88834
89189
89693
89925
89681
89925
89925
83071
89693
83274
89925
89925
89586
89681
89404
89681
89404
89693
89681
87777
89925
89925
89621
30
88834
89693
87077
89693
89693
88779
86962
89925
89925
89693
89693
88779
89925
89925
89681
89693
89693
89693
89681
89693
89925
89925
89681
89925
89925
89681
89681
78181
89693
89621
89370
89681
89693
89693
85020
89681
89693
89693
89693
89693
89925
89681
89925
89681
88947
89925
89925
89681
89693
89681
88884
89693
89693
89925
89925
89693
89693
89681
89925
89693
88508
89693
89621
89693
89925
89925
89693
89693
88947
89681
89693
89925
89925
89693
89693
89925
89693
85020
85525
88779
89723
89925
89693
89723
89723
89925
89693
89723
89693
87719
89723
89925
89925
89404
89681
89693
89404
89693
89693
84500
89693
89681
88240
89723
89925
89723
89723
89723
89693
89925
89693
89925
89681
89723
89925
89693
89693
89693
89925
89925
89681
89925
89693
88947
89723
89723
89693
89693
89925
89681
89925
89925
89693
88947
89925
88505
89693
89693
89693
89925
89681
89681
89693
89681
89693
89925
88975
88975
89681
89404
89681
89370
89925
89681
89925
89723
89693
89723
89693
89621
89693
89723
89925
89925
89723
89925
89925
89925
89681
87719
89723
89925
89723
89925
89681
89925
89693
89560
89693
89693
89925
89723
89693
89723
89621
89693
89560
89693
89925
89925
89723
88821
89681
89723
89723
89693
88670
89925
89681
88947
89693
89925
89681
89925
89925
89925
89925
89693
89925
87077
89693
89693
89681
88670
89681
90010
89723
90010
89189
89693
87821
90010
90010
90010
88975
88968
89189
89925
89925
90010
89681
89723
90010
89681
90010
90010
89693
90010
90010
90010
89925
89925
89693
89693
90010
89189
89189
89560
89681
89693
90010
89693
90010
88507
89693
89723
90010
87777
90010
79426
90010
90010
90010
89693
89693
89723
90010
89681
89693
89693
90010
90010
90010
89723
89693
89925
90010
89723
89693
90010
90010
89925
89693
89723
90010
89723
88968
88240
89693
90010
90010
89723
89693
89681
90010
89681
90010
90010
88039
89723
90010
90010
90010
89723
89723
89693
90010
90010
90010
88664
83335
90010
89693
90010
89723
89693
90010
89723
90010
90010
89693
90010
89693
88947
89693
90010
89693
89723
89925
89194
87227
89693
89681
89693
89723
89925
89189
89723
89723
89723
89723
90010
90010
90010
90010
84640
89681
88975
89693
89194
90010
89693
89723
90010
90010
84271
90010
88664
87077
90010
89681
90010
90010
89681
89925
90010
88681
89925
90010
88240
90010
89681
90010
90010
89194
90010
90010
89693
90010
89723
89681
90010
89693
89925
90010
89693
90010
90010
90010
90010
90010
88975
90010
89681
89693
89723
89693
90010
90010
90010
85447
89723
89693
88240
90010
90010
90010
89723
89723
89723
90010
89723
87415
90010
89693
90010
89723
89621
88308
89771
89621
90010
90010
89681
89723
90010
90010
89693
90010
79388
87077
90010
90010
90010
90010
90010
89355
89723
88240
89693
90010
90010
90010
89681
89669
90010
88947
89723
89723
89621
89586
89681
90010
89925
90010
89681
87317
89693
89693
90010
90010
89693
89621
89189
89681
89681
89925
89693
89771
89681
87227
89263
90010
89681
87491
89925
89771
90010
89681
90010
90010
89723
89693
89723
89681
89693
89355
89693
89723
90010
90010
89723
89723
90010
89355
89194
87351
90010
90010
89681
89681
90010
89681
89693
90010
89723
89370
90010
90010
90010
90010
90010
89681
90010
90010
90010
90010
89681
89693
89681
89681
89925
88664
89723
89771
89681
90010
90010
90010
90010
89355
90010
89771
89723
90010
89723
90010
90010
89723
89681
90010
90010
89771
84271
90010
90010
90010
89925
90010
89693
89693
89925
90010
90010
90010
89771
90010
90010
87104
90010
90010
90010
89355
87284
90010
90010
90010
89771
90010
89723
89262
90010
90010
89723
90010
87425
90010
89771
90010
89723
88975
90010
90010
89355
89681
89723
89669
90010
89723
89355
90010
89693
89925
90010
89681
90010
90010
90010
89693
89693
89771
83185
89925
90010
89723
90010
89693
89693
90010
90010
89723
89355
89723
89693
89693
90010
89693
90010
90010
90010
89681
89355
89723
90010
90010
90010
90010
90010
89693
89771
89723
89681
90010
90010
89771
89681
88362
90010
89723
89925
88834
89669
77252
90010
89693
90010
89771
79298
88884
89771
89681
90010
90010
90010
89681
90010
30
88947
90010
89681
89681
90010
90010
89370
90010
89681
89693
89194
89355
90010
89621
89925
89194
90010
89723
87415
90010
90010
89925
89723
90010
89693
90010
90010
90010
90010
89370
90010
89998
90010
90010
90010
89998
30
90010
88505
82558
90010
90010
90010
88240
89681
89998
90010
89998
89681
90010
89681
89925
89194
88975
90010
90010
89998
89669
85788
90010
89998
89693
89681
90010
89998
90010
90010
89998
89925
90010
89370
90010
89998
90010
89693
90010
90010
90010
90010
90010
89998
90010
88016
90010
89723
90010
89771
89771
89771
90010
89681
89246
89723
89998
90010
90010
89723
90010
90010
90010
90010
89998
90010
90010
89998
89681
89681
90010
90010
90010
90010
90010
89404
90010
90010
89723
90010
89370
90010
90010
89998
89681
89998
90010
90010
89621
89998
89723
90010
88439
90010
90010
90010
90010
90010
89925
87821
89621
89681
90010
89998
90010
89621
90010
88975
89355
89723
89621
89723
90010
90010
90010
90010
89998
90010
90010
89723
90010
90010
89355
89681
90010
88439
89556
89281
89998
89681
89621
89723
90010
90010
90010
89556
90010
90010
90010
90010
89194
90010
88884
90010
90010
90010
87240
90010
90010
89998
88039
90010
89621
89355
90010
89194
89998
89998
88975
90010
89998
89998
89669
89723
90010
90010
90010
89681
89998
90010
90010
90010
89681
89681
89723
90010
90010
89771
90010
89723
90010
90010
89998
84640
88975
90010
90010
89693
89998
90010
90010
87089
90010
90010
89925
89681
90010
89925
89681
90010
90010
89556
89669
89998
89771
90010
89998
90010
89681
90010
89681
90010
90010
89925
90010
87821
90010
89621
90010
89681
89681
89998
89998
90010
89998
90010
90010
89998
89771
89925
89355
89998
89998
89227
90010
89925
90010
90010
90010
90010
90010
89771
89925
89723
89681
90010
90010
90010
89998
89723
89693
90010
89998
89998
90010
90010
89998
90010
89925
89998
90010
89998
89925
90010
89194
89681
89998
89925
89548
89998
89998
89621
90010
89998
87240
90010
90010
89998
90010
90010
89681
90010
90010
90010
89998
90010
89998
89998
90010
89723
88975
90010
89723
89925
90010
89723
89681
90010
90010
90010
90010
89535
83185
90010
89723
89681
90010
90010
90010
89681
89998
90010
89998
90010
89998
90010
89723
89723
89535
89669
90010
89998
90010
88975
90010
87621
89998
90010
87349
89925
90010
90010
89998
90010
90010
90010
90010
90010
90010
89370
89998
89681
90010
89723
89998
90010
90010
89925
89723
89621
90010
90010
89697
89681
89862
89697
89998
89925
90010
89998
89723
89697
90010
89723
90010
90010
90010
89998
89681
83450
90010
90010
89998
89998
89925
89723
90010
87227
88240
89925
89998
90010
89771
90010
90010
89998
89693
89681
90010
89998
89669
89681
89998
89998
89681
90010
90010
89998
90010
89925
90010
90010
89998
87284
89681
89998
89925
90010
89998
90010
89227
88748
89998
88240
88240
89723
89998
90010
90010
90010
89925
88975
90010
89773
90010
90010
90010
90010
90010
90010
90010
90010
90010
89697
90010
88507
89723
89773
