30
30
30
30
30
18359
18359
18359
18359
16108
19013
19013
19013
13091
19013
30
19165
19165
30
19165
19165
19013
19013
18255
16108
19302
15757
19013
19302
19302
19013
19302
12093
19302
15014
19013
19302
15757
19165
16740
18417
19302
19302
18895
15757
19302
19302
15014
19302
19302
15757
16740
19302
19302
19236
13203
19302
15757
18685
19236
19302
19302
19302
19165
19302
17894
19236
19302
19236
19302
17887
19236
19302
16596
19165
19302
19302
19302
19302
19302
18910
19302
19302
18914
19302
19302
19302
19302
19165
19302
18895
30
30
19302
19236
19236
18914
19302
18895
17952
19302
19302
19302
19302
19302
19302
18914
19302
19302
19302
17894
19302
19302
19302
19302
19302
19236
19165
19236
18910
19165
19236
30
19302
19302
19131
19302
18895
19302
19236
18026
19236
19302
30
18914
18512
18854
19302
19302
19302
17894
19131
18862
19302
19119
19302
19119
19236
19236
19131
18862
19236
19302
19302
19302
19236
19192
15585
19302
19165
19302
19302
19302
19302
19302
19302
19304
19165
19304
19304
18895
18914
19165
19302
15864
19302
19302
19302
19119
19236
19302
18914
19302
18862
19302
19236
19302
19236
18862
18362
19302
19236
19236
18862
18914
19236
19143
30
19236
19236
19302
19302
19304
19302
19236
18039
19165
19236
19302
18895
12606
19302
19304
18914
19302
19302
19236
19302
18895
19236
19165
18914
19236
19302
19302
19302
18862
18895
19302
19119
17952
19302
19302
19302
19270
19236
19236
19302
19302
19302
18914
15864
19302
19302
19236
19270
19302
19302
19302
18862
19119
18914
19013
19236
19236
19236
16881
19236
19236
19302
19302
19302
19302
18039
18862
19270
19236
19302
19302
19302
19270
19304
19302
19302
19236
19304
19236
19236
19302
19302
19302
18039
19302
19302
19304
19302
18417
19236
19302
19302
19131
19302
19302
19165
19302
19302
19270
19302
19119
19302
19270
17565
19302
19302
19236
19165
17866
19302
18914
19270
19302
19302
19270
19236
19236
19304
19302
19236
19302
19270
19304
19302
19302
30
19165
19304
19302
19302
19304
19302
18862
19302
19165
19302
19302
19302
17894
19119
19236
19236
18713
19302
18914
19302
19302
18889
19236
19302
19270
19270
19302
19302
19302
18914
19236
18910
19302
19302
19304
29
19302
19302
19302
19302
18914
19302
19302
19302
19302
19236
19302
19131
19302
19302
19236
19270
19236
19302
19302
19270
19302
19119
19302
19302
19119
19236
19270
19302
19165
19278
19278
19302
19302
19165
19302
19236
19278
19302
19165
19302
19302
19302
19302
19302
19165
19302
19278
19165
19278
19302
19302
19131
19302
19302
19270
19302
19302
19302
19236
19302
19278
29
19278
19309
19309
19278
19119
19309
18983
19119
19309
18925
19278
19236
18983
19143
18362
19083
19278
19309
19278
19309
19236
19236
19309
19309
19165
18983
19302
19278
19302
19309
19278
19165
19165
19236
19309
19309
19278
19309
19165
19309
19309
19085
19309
15476
19309
19309
19309
19309
19309
19309
19309
19309
19278
19309
19236
18914
19309
19309
19309
19309
19278
19270
19278
19309
19309
19309
19309
19119
19270
19309
19278
19309
19119
19309
19165
19309
19309
19085
19119
18983
19309
19278
19278
19309
19302
19309
19309
19309
19309
19309
19302
19085
19236
19309
19236
19165
19194
19309
19309
19278
19309
19309
19165
19194
18862
30
19309
19309
19309
19309
19309
19309
18401
19194
19278
19309
19309
19302
19194
18820
19302
19278
18914
19309
19309
19278
19309
19236
19309
19309
19278
19236
19194
19165
19309
19302
19309
19309
19309
19309
19309
19309
19236
19309
19278
19165
18362
19309
19278
19309
29
18512
18544
19309
19278
19309
19309
19309
19309
19194
19194
19236
19278
19278
19309
19309
19278
19309
19278
19302
19309
19302
19194
19165
19309
19270
19165
19278
19270
19302
19309
17153
19278
19236
19165
19309
19278
19278
19309
19270
19302
19309
19309
18310
19309
19165
19278
19309
19165
19278
19302
19194
19309
19236
19278
19309
19309
19236
19309
19278
19309
19130
19309
19309
19165
19309
19194
19309
19236
19309
19309
19236
19194
19309
19309
17003
19278
18895
19302
19309
19278
19309
19309
19309
19302
19309
19309
19309
19309
19236
19309
19309
19309
19278
19194
18362
19131
19165
19278
19309
19309
19309
19309
18017
19278
19309
19309
19194
19270
19309
18026
19309
19270
19309
19165
19309
19165
19309
19278
19278
19270
19302
19165
19309
19278
19085
19309
18512
19278
19309
19309
19090
19302
19302
18713
19309
5502
19278
19302
19309
19270
19309
19302
19302
19309
19302
19129
19309
19085
19165
19278
19278
19278
19270
19278
19309
19278
14301
19194
19278
19309
19278
18757
18925
19309
19309
19278
19278
19309
18914
19309
19278
19302
19236
19309
19309
19309
19236
19278
19309
19309
19302
19050
19194
19302
19309
19302
19309
19275
19242
19130
19278
19236
19309
19302
19278
19309
19165
19309
19309
19278
19270
18512
19302
19278
19309
19309
19130
19309
19309
19309
19309
19117
19309
19165
19270
19270
19309
19270
19309
19309
19309
19309
19309
19309
19130
19236
19309
19309
19309
19302
19309
19165
19165
19309
19309
18512
19309
19309
19242
18862
19236
19309
19309
19278
19309
19309
19309
19302
19242
19242
19309
19309
19309
19309
19309
19309
19309
19309
19242
19302
19165
19302
19270
19278
19309
19309
19309
19194
19309
19236
19302
19278
19165
19309
19309
19194
19302
19309
19309
19278
19278
19309
19302
19194
19131
19278
19309
19309
19236
19236
19130
19309
19194
19309
19309
19309
19309
19194
19242
19131
19278
19278
18121
19278
19194
19037
19309
19309
19278
12758
19309
19309
19309
19309
19309
19275
19278
19242
19309
19309
18754
19278
19309
19278
19309
19302
19309
19278
19309
19309
19278
19242
19242
19309
19309
19270
19236
19309
19309
19242
19309
19309
19309
19309
19309
19212
19278
19165
19278
18796
19309
18854
19309
19309
19270
18895
19309
17894
19278
19278
19309
19278
19309
19309
19194
19278
19278
19309
19309
19309
19278
19050
19278
19130
19309
19050
19117
19278
19309
19309
18475
19309
19309
19309
19309
18862
19309
19242
19309
19000
19309
19309
19309
19278
19309
19309
19309
19242
19302
19302
19309
19278
19302
19278
19242
19278
19278
19309
19270
19309
19309
19309
19302
19309
19278
18883
19309
19302
19309
19309
19194
19073
19130
19309
19278
19236
19309
19302
19309
19242
19194
18512
19309
18915
19309
19309
19309
19278
19302
19278
19309
19236
19309
19270
19309
19309
19309
19309
19278
19309
18754
19236
19278
19270
19278
19309
19309
19309
19309
19278
19278
18915
19165
19309
19194
19278
19309
19278
19309
19194
19194
19278
19309
18643
19236
19309
19309
19309
19309
19130
19309
19309
19130
19236
19278
18460
19301
19309
19278
19309
19090
19278
19309
19278
18437
19278
19278
18895
19302
19309
19236
19309
18895
19302
19037
19309
19278
19236
19130
19309
19309
19302
19302
19309
19309
19309
19278
19309
19302
19309
19130
19165
19309
19302
19309
19309
19309
19194
19278
19236
19278
19309
19309
19091
19309
19309
19309
19309
19309
19309
19309
19309
19278
19309
19278
19284
19278
19309
19309
19309
19270
19129
19302
19309
19130
19309
19309
19302
19073
19270
19309
19309
19165
19236
19278
19302
19278
19309
19309
19309
19309
19270
18915
19236
19278
19309
19309
19278
19309
19309
19309
19278
19309
19309
19309
19278
29
19309
19309
19309
19302
19309
19194
19309
19309
19278
19309
19309
19309
19309
19309
19275
19309
19194
19309
19309
19278
19236
19117
19278
19278
19309
18512
19284
19278
19130
19236
19130
19284
19309
19309
19278
19302
19130
19278
18162
19278
19309
19309
19236
19309
19309
19309
19302
19236
19309
19309
19270
19309
19278
19270
19270
19278
19278
19278
30
19270
19309
19284
19309
19309
19278
18512
19284
19309
19091
19309
19309
19309
19284
19309
19278
19236
19293
19309
19270
19302
19309
19309
19130
19309
19309
19194
19309
18942
19309
19278
18862
19309
19278
19309
19302
19284
19278
19278
19309
19162
19293
19309
19284
19309
19278
19309
19278
19309
19309
19278
19117
19309
19129
19278
19309
19309
19293
19309
19302
19309
19309
19236
19302
19309
19278
19309
19309
19309
19293
17153
19278
19130
19309
19309
19278
19130
19302
18757
18915
30
19309
19236
19130
19278
19236
19309
19309
19293
19309
19309
19302
19309
19302
19309
19309
19309
19278
19309
19309
19309
19309
19309
19162
19293
18883
19309
19270
19236
19278
19309
19309
19309
19309
19278
19309
19278
19309
19278
19130
19309
19284
19309
19278
19302
19309
19114
19309
19278
19278
19309
19309
19085
19309
19309
19301
19302
19309
19309
19309
19236
19309
19309
19309
19309
19162
19309
18451
19309
19194
19302
19236
19309
19293
19309
18985
19309
19309
19309
19278
19309
19301
19236
19143
19278
19309
19278
19293
19309
19278
19270
19302
19309
19278
19302
19309
19309
19236
18985
19302
19278
19129
19302
19309
19309
19279
19293
19309
19309
19236
19293
19302
19309
19309
19278
19309
19309
19309
19309
19278
19309
19278
19309
19278
19302
19270
18754
19301
19302
19270
19270
18883
19302
19293
19278
19236
19293
19278
19278
19309
19309
19236
19309
19309
19309
19309
19302
19309
19309
19309
19278
19309
19309
19309
19309
19279
19309
19309
19309
19278
18985
19309
19192
19302
19309
19309
19309
19302
19278
19278
19278
19278
18854
19236
19309
19252
19309
19309
19309
19270
19309
19309
19279
19252
19236
19236
19309
19309
19309
19309
18914
18895
19309
19309
19309
19236
19309
19045
19309
19309
19194
19236
19302
19279
19252
19309
19309
19302
19309
19309
19270
19309
18854
19293
19309
19293
30
19309
19293
19309
19309
19309
19302
18883
19192
19270
19309
19302
18915
19236
19302
19309
19270
19236
19302
19302
19309
19302
18362
19236
19293
19309
19309
19302
19236
19236
19194
18895
