30
112337
112337
112337
45920
112337
112337
30
78991
78991
112337
112337
30
110620
30
112337
30
78986
84048
84048
107609
112337
107609
110620
112337
112337
112337
112337
112337
84048
112337
108045
112337
110620
112337
30
112337
112337
112337
103387
112337
112337
112337
112337
112337
112030
112337
112337
107609
105610
112337
110980
30
112337
105610
112337
112337
109616
112337
108045
112030
112030
112337
112337
108045
112337
112337
112337
112337
112337
112337
112337
97683
109616
107272
109857
112337
112337
112337
112337
107609
110620
112337
112337
110620
112337
112337
105610
112337
107272
112337
112337
112337
112337
109857
112337
109616
112337
112337
112337
110980
112337
110980
71828
112337
112337
112337
112030
112337
112337
98604
109616
112337
112337
101223
30
112337
110980
112337
112337
112131
112337
112337
112337
112337
112337
112337
30
110980
112131
112337
112337
112337
23
112131
30
109857
112337
110980
112337
112337
108954
108954
112337
108954
108954
112337
111466
112337
112337
108954
112337
112337
112337
112337
108954
108954
105610
101500
108954
109857
112337
109616
108954
109857
112131
112030
112337
109857
108954
112337
112131
105043
112337
63461
112337
103910
112337
112337
107230
112131
112030
108471
110980
109857
112337
112337
112131
112337
109857
112337
112337
30
112337
109989
112337
112337
108954
112337
112337
105610
111739
112030
110980
112337
112389
112337
112337
111739
110980
112389
108471
112030
112337
110980
112337
111739
112337
112337
112337
111739
112337
112337
112131
105889
110980
112337
112337
112337
112131
112131
112337
92517
112337
112107
112107
112337
112337
112107
112107
112337
112131
112337
112389
66647
112337
112030
112337
112131
112107
112337
112337
111739
112337
111739
112107
112337
96490
112337
111739
112131
112337
112030
112389
112131
105610
112337
112337
112337
111739
112337
112337
112337
112107
112030
112107
112107
109989
112337
112337
112107
112337
60105
112337
112337
112337
112030
112337
112131
112337
108471
111466
105889
112337
112337
112337
112337
112337
112337
111739
112107
112131
112337
112337
111466
112030
112337
112107
112107
112337
112107
112337
112337
112389
112337
112131
112337
111466
112131
112337
111739
112131
107272
112107
111810
112337
103910
112389
112337
112030
112131
112337
112337
111810
112337
112131
112030
112389
112337
112030
112337
112337
112389
110620
112107
109857
109989
112337
109857
111466
83927
112337
112337
112337
112337
112107
112131
112389
112337
112337
112030
112337
112131
112337
112337
111810
112337
112107
112337
112337
105043
85618
112107
112337
112337
112337
112337
112337
112131
112337
112389
106287
112337
112337
112337
101223
110012
109989
112337
105895
112379
112337
107643
112337
110620
112131
91754
112379
112131
103434
112379
30
111466
112337
111739
112337
111739
112337
112379
112337
112030
112379
112337
112337
112337
112337
112379
112379
112337
99970
112389
112131
112337
108045
106058
112131
112337
112337
111466
101506
112337
112379
112379
112337
112379
112337
112379
112030
108176
112337
112379
112379
112337
112337
112379
112379
111466
106058
112379
112030
112337
112337
112379
112379
112379
112131
109989
112337
112337
112337
112389
112337
112379
112337
111739
112379
111958
112379
112337
111466
112379
112030
112379
112337
112379
112337
112107
112107
112379
112379
109857
81382
112379
112379
111739
112131
112379
112379
112118
112131
108045
112107
111958
112337
112131
112337
112337
112337
112379
112131
112379
112337
112337
111958
106357
110437
112337
112379
111958
112337
112337
112337
112379
112379
112379
112337
112131
112337
112131
112379
105889
111739
112337
112379
112131
112379
112389
112379
112379
112131
112131
112337
112337
112379
112030
111466
112379
112107
112379
112337
112337
112131
112337
112337
112337
112389
112078
112337
112379
112030
112379
103910
112379
112337
108176
112337
30
112337
112379
112379
111739
112337
112337
112389
112337
112337
112337
112379
112389
112379
112379
112131
112030
112131
112389
76608
112337
111466
112337
112118
112030
112379
112030
112118
112379
112179
112379
112337
112379
112389
112337
112030
112337
112107
112379
112379
112337
112337
98919
112379
112379
112337
112379
112379
112379
112389
112337
99970
112379
112337
112379
112379
112379
112337
112379
112379
112379
111466
112471
74286
111612
112471
112337
112471
112030
112471
110012
112337
112471
102388
112131
112471
112471
110437
112471
112337
112337
112362
112471
112362
112471
112179
112030
112471
111466
112471
112471
111466
109989
112471
112471
112337
106294
112471
111739
108471
112471
112471
112471
112471
112471
112471
112337
111810
112471
112337
112471
112471
112471
110174
112337
108245
112030
112030
112471
112334
112471
112107
112471
112389
112337
112337
112337
112030
112389
110980
112471
112337
112471
111466
112471
112337
112471
112337
112362
112337
112471
112471
112471
112030
112131
112131
112471
112362
112471
112471
112471
112131
112334
112337
112471
112471
112471
112471
112337
110895
112337
112131
106357
112337
112471
112337
110174
112471
112471
112337
109857
112337
112471
112337
112471
112471
112471
112471
112337
112337
112471
112362
112131
112337
112337
112118
112030
112471
112030
112337
112471
112379
112334
112471
112337
112471
112471
112471
111466
112471
111739
112362
112362
107945
112337
109886
112471
111934
112362
112471
112179
112389
112471
112337
112337
112471
112334
112379
112131
112471
112337
112179
112471
112471
112337
112471
112362
112471
112337
112362
112362
112471
112337
112334
112471
112179
112471
112337
112334
112471
30
112471
112179
111958
92025
112471
112471
112471
112131
112179
112471
110174
112334
112362
112471
94964
112362
111739
112471
112337
112131
112337
112337
111739
111739
112389
111739
112337
112471
112179
112179
30
112337
110196
112030
112471
112337
112362
112337
112471
112471
112179
112471
112362
112131
112505
112505
112471
110150
112334
112362
112505
111958
112505
112505
112030
112337
112505
109857
112505
112030
111739
112334
112362
112362
108471
112030
112334
112505
112505
112505
112179
112334
112334
112505
112505
112505
112505
112505
112505
112505
112471
112505
112030
112505
110155
112179
112505
112505
112471
112505
112505
112505
112362
101223
112505
111934
112471
107945
112471
112505
112505
110235
112505
111934
112471
112505
112505
111378
112505
112505
112030
112505
112179
112505
112334
112505
112505
112505
112131
24
112471
112505
112334
111739
111739
112179
110157
112471
112471
112505
112362
112505
112505
112505
110620
112505
112505
109857
112471
112505
110157
112471
112471
112505
78145
112505
112505
112362
112505
112505
112505
112471
112334
112505
112471
111739
112505
112505
112131
112471
112179
112471
112505
112030
112505
112505
112471
112471
112362
112505
112471
87123
112362
112505
112505
112505
112505
112505
112131
112334
111934
111612
112030
111739
112379
110907
112505
107335
112505
112471
112471
112505
112078
112505
112471
111934
112505
112471
112131
112471
112471
112118
112505
112505
112505
112505
112362
112179
112505
112362
112179
112505
112505
112505
111934
111958
112505
112505
112505
112505
112389
112471
112505
112362
112471
112505
111958
112505
112505
112505
112505
112505
112505
112505
112505
112505
112505
112337
112334
112471
112505
112505
112131
112471
112030
112505
112505
111466
112505
112505
112179
