..........
..........
..11111...
..10001...
..11111...
...11.....
..........
..........

......................................................................................................
......................................................................................................
......................................................................................................
....................11111111..................................................11111...................
...................111111111..................................................11111...................
......................................................................................................
......................................................................................................
......................................................................................................

..............
..............
..111.1111....
..101.1001....
..111.1001....
..101.1111....
..111.........
..............
..1111111.....
....1111......
..............
..............

..........
..........
..111111..
..100001..
..111111..
..100001..
..111111..
..100001..
..111111..
..100001..
..111111..
..100001..
..111111..
..........
..........
..1..1.1..
..........
..........

......
......
....1.
...11.
...1..
.1....
.111..
.1111.
..101.
..111.
..11..
..1...
.11...
.11.1.
.1..1.
.1.11.
.1.1..
......

..........
..........
..111111..
..100001..
..111111..
..100001..
..111111..
..100001..
..111111..
..........
..........

..........
..........
..111111..
..........
..111111..
..100001..
..111111..
..100001..
..111111..
..100001..
..111111..
..........
..111111..
..100001..
..111111..
..........
..111111..
..100001..
..111111..
..100001..
..111111..
..........
..111111..
..100001..
..111111..
..100001..
..111111..
..100001..
..111111..
..100001..
..111111..
..........
..111111..
..100001..
..111111..
..100001..
..111111..
..100001..
..111111..
..100001..
..111111..
..100001..
..111111..
..........
..........

..........................................................................................................................................................................................................
..........................................................................................................................................................................................................
..........................................................................................................................................................................................................
..........................................................................................................................................................................................................
..........................................................................................................................................................................................................
..........................................................................................................................................................................................................
..........................................................................................................................................................................................................
..........................................................................................................................................................................................................
..........................................................................................................................................................................................................
..........................................................................................................................................................................................................
....1.....................................................................................................................................................................................................
..........................................................................................................................................................................................................
..........................................................................................................................................................................................................
..........................................................................................................................................................................................................
..........................................................................................................................................................................................................
..........................................................................................................................................................................................................
..........................................................................................................................................................................................................
..........................................................................................................................................................................................................
..........................................................................................................................................................................................................
..........................................................................................................................................................................................................
....1.....................................................................................................................................................................................................
..........................................................................................................................................................................................................
..........................................................................................................................................................................................................
..........................................................................................................................................................................................................
..........................................................................................................................................................................................................
..........................................................................................................................................................................................................
..........................................................................................................................................................................................................
..........................................................................................................................................................................................................
..........................................................................................................................................................................................................
..........................................................................................................................................................................................................
....1.....................................................................................................................................................................................................
..........................................................................................................................................................................................................
..........................................................................................................................................................................................................
..........................................................................................................................................................................................................
..........................................................................................................................................................................................................
..........................................................................................................................................................................................................
..........................................................................................................................................................................................................
..........................................................................................................................................................................................................
..........................................................................................................................................................................................................
..........................................................................................................................................................................................................
....1.....................................................................................................................................................................................................
..........................................................................................................................................................................................................
..........................................................................................................................................................................................................
..........................................................................................................................................................................................................
..........................................................................................................................................................................................................
..........................................................................................................................................................................................................
..........................................................................................................................................................................................................
..........................................................................................................................................................................................................
..........................................................................................................................................................................................................
..........................................................................................................................................................................................................
....1.....................................................................................................................................................................................................
..........................................................................................................................................................................................................
..........................................................................................................................................................................................................
..........................................................................................................................................................................................................
..........................................................................................................................................................................................................
..........................................................................................................................................................................................................
..........................................................................................................................................................................................................
..........................................................................................................................................................................................................
..........................................................................................................................................................................................................
..........................................................................................................................................................................................................
....1.....................................................................................................................................................................................................
..........................................................................................................................................................................................................
..........................................................................................................................................................................................................
..........................................................................................................................................................................................................
..........................................................................................................................................................................................................
..........................................................................................................................................................................................................
..........................................................................................................................................................................................................
..........................................................................................................................................................................................................
..........................................................................................................................................................................................................
..........................................................................................................................................................................................................
....1.....................................................................................................................................................................................................
..........................................................................................................................................................................................................
..........................................................................................................................................................................................................
..........................................................................................................................................................................................................
..........................................................................................................................................................................................................
..........................................................................................................................................................................................................
..........................................................................................................................................................................................................
..........................................................................................................................................................................................................
..........................................................................................................................................................................................................
..........................................................................................................................................................................................................
....1.....................................................................................................................................................................................................
..........................................................................................................................................................................................................
..........................................................................................................................................................................................................
..........................................................................................................................................................................................................
..........................................................................................................................................................................................................
..........................................................................................................................................................................................................
..........................................................................................................................................................................................................
..........................................................................................................................................................................................................
..........................................................................................................................................................................................................
..........................................................................................................................................................................................................
....1.....................................................................................................................................................................................................
..........................................................................................................................................................................................................
..........................................................................................................................................................................................................
..........................................................................................................................................................................................................
..........................................................................................................................................................................................................
..........................................................................................................................................................................................................
..........................................................................................................................................................................................................
..........................................................................................................................................................................................................
..........................................................................................................................................................................................................
..........................................................................................................................................................................................................
....1.....................................................................................................................................................................................................
..........................................................................................................................................................................................................
..........................................................................................................................................................................................................
..........................................................................................................................................................................................................
..........................................................................................................................................................................................................
..........................................................................................................................................................................................................
..........................................................................................................................................................................................................
..........................................................................................................................................................................................................
..........................................................................................................................................................................................................
..........................................................................................................................................................................................................
....1.....................................................................................................................................................................................................
..........................................................................................................................................................................................................
..........................................................................................................................................................................................................
..........................................................................................................................................................................................................
..........................................................................................................................................................................................................
..........................................................................................................................................................................................................
..........................................................................................................................................................................................................
..........................................................................................................................................................................................................
..........................................................................................................................................................................................................
..........................................................................................................................................................................................................
....1.....................................................................................................................................................................................................
..........................................................................................................................................................................................................
..........................................................................................................................................................................................................
..........................................................................................................................................................................................................
..........................................................................................................................................................................................................
..........................................................................................................................................................................................................
..........................................................................................................................................................................................................
..........................................................................................................................................................................................................
..........................................................................................................................................................................................................
..........................................................................................................................................................................................................
....1.....................................................................................................................................................................................................
..........................................................................................................................................................................................................
..........................................................................................................................................................................................................
..........................................................................................................................................................................................................
..........................................................................................................................................................................................................
..........................................................................................................................................................................................................
..........................................................................................................................................................................................................
..........................................................................................................................................................................................................
..........................................................................................................................................................................................................
..........................................................................................................................................................................................................
....1.....................................................................................................................................................................................................
..........................................................................................................................................................................................................
..........................................................................................................................................................................................................
..........................................................................................................................................................................................................
..........................................................................................................................................................................................................
..........................................................................................................................................................................................................
..........................................................................................................................................................................................................
..........................................................................................................................................................................................................
..........................................................................................................................................................................................................
..........................................................................................................................................................................................................
....1.....................................................................................................................................................................................................
..........................................................................................................................................................................................................
..........................................................................................................................................................................................................
..........................................................................................................................................................................................................
..........................................................................................................................................................................................................
..........................................................................................................................................................................................................
..........................................................................................................................................................................................................
..........................................................................................................................................................................................................
..........................................................................................................................................................................................................
..........................................................................................................................................................................................................
....1.....................................................................................................................................................................................................
..........................................................................................................................................................................................................
..........................................................................................................................................................................................................
..........................................................................................................................................................................................................
..........................................................................................................................................................................................................
..........................................................................................................................................................................................................
..........................................................................................................................................................................................................
..........................................................................................................................................................................................................
..........................................................................................................................................................................................................
..........................................................................................................................................................................................................
....1.....................................................................................................................................................................................................
..........................................................................................................................................................................................................
..........................................................................................................................................................................................................
..........................................................................................................................................................................................................
..........................................................................................................................................................................................................
..........................................................................................................................................................................................................
..........................................................................................................................................................................................................
..........................................................................................................................................................................................................
..........................................................................................................................................................................................................
..........................................................................................................................................................................................................
....1.....................................................................................................................................................................................................
..........................................................................................................................................................................................................
..........................................................................................................................................................................................................
..........................................................................................................................................................................................................
..........................................................................................................................................................................................................
..........................................................................................................................................................................................................
..........................................................................................................................................................................................................
..........................................................................................................................................................................................................
..........................................................................................................................................................................................................
..........................................................................................................................................................................................................
....1.....................................................................................................................................................................................................
..........................................................................................................................................................................................................
..........................................................................................................................................................................................................
..........................................................................................................................................................................................................
..........................................................................................................................................................................................................
..........................................................................................................................................................................................................
..........................................................................................................................................................................................................
..........................................................................................................................................................................................................
..........................................................................................................................................................................................................
..........................................................................................................................................................................................................
....1.....................................................................................................................................................................................................
..........................................................................................................................................................................................................

......................................................................................................
......................................................................................................
......................................................................................................
......................................................................................................
......................................................................................................
......................................................................................................
......................................................................................................
......................................................................................................
......................................................................................................
......................................................................................................
.....................11111............................................................................
....................11111111..........................................................................
..................11111111111.........................................................................
..................111111111111........................................................................
.................1111100011111........................................................................
................111110000011111.......................................................................
................111100000001111.............................................11........................
................111100000000111............................................1111.......................
................111000000000111...........................................11111.......................
...............11110000000001111.........................................11111........................
...............11110000000001111........................................11111.........................
................111000000000111........................................111111.........................
................111000000000111.......................................111111..........................
................111100000000111......................................111111...........................
................111100000001111.....................................1111111...........................
.................11100000001111.....................................1111111...........................
.................1111000000111.....................................1111111111.........................
.................1111000001111.....................................11111111111........................
..................11110000111.....................................111111111111........................
...................1110001111.....................................11111..111111.......................
...................111100111......................................11111...11111.......................
..........1111......1111111......1111............................11111....11111.......................
..........111111111111111111111111111............................1111.....11111.......................
..........111111111111111111111111111............................1111.....11111.......................
..........111111111111111111111111111...........................11111.....11111.......................
..........111111111111111111111111111............................111.......11111......................
..........111111111..11111......11111.............................11.......11111......................
.....................11111.................................................11111......................
.....................11111.................................................11111......................
.....................11111.................................................11111......................
.....................11111..................................................1111......................
.....................11111..................................................11111.....................
.....................111111.................................................11111.....................
.....................111111.................................................11111.....................
.....................111111.................................................11111.....................
.....................111111..................................................1111.....................
....................1111111..................................................11111....................
....................1111111..................................................11111....................
....................1111111..................................................11111....................
....................1111111..................................................11111....................
....................11111111.................................................11111....................
....................11111111..................................................1111....................
....................11111111..................................................11111...................
....................11111111..................................................11111...................
...................111111111..................................................11111...................
...................111111111..................................................11111...................
...................111111111..................................................11111...................
...................111111111.................11................................1111...................
...........................................1111111111..........................1111...................
..........................................111111111111.........................11111..................
........................................111111111111111........................11111..................
.......................................111110000000111111......................11111..................
......................................1111100000000001111......................11111..................
.....................................111100000000000000111.....................111111.................
.....................................1110000000000000000111....................11111111...............
....................................111000000000000000001111..................1111111111..............
...................................1111000000000000000000111.................111111111111.............
..............................111..11110000000000000000000111................111111.11111.............
............................111111111100000000000000000000111...............11111....11111............
............................111111111100000000000000000000111...............1111......1111............
...........................11110011110000000000000000000001111..............1111.......111............
...........................1110000111000000000000000000000011..11...........1111.......111............
...........................1100000111100000000000000000000011111111.........1111.......111............
..........................111000000111000000000000000000001111111111.........111.......111............
..........................111000000111000000000000000000001111100111.........111.......111............
..........................1110000001111000000000000000000011110000111.........111......111............
..........................1110000000111100000000000000000111100000111.........111.......1.............
..........................1110000000111100000000000000000111000000111..........11.....................
..........................1110000000011110000000000000001110000000111.................................
..........................110000000000111100000000000001110000000011..................................
.........................1110000000000011111000000000011100000000011..................................
.........................1110000000000001111111100111111000000000011..................................
.........................1110000000000000111111111111110000000000111..................................
.........................1110000000000000000011111111000000000000111..................................
.........................1111100000000000000000111000000000000000111..................................
.........................1111111111110000000000000000000000000000111..................................
.........................1111111111111111111100000000000000000000111..................................
...............................111111111111111111111000000000000011...................................
......................................11111111111111111111100000011...................................
..............................................111111111111111111111...................................
.....................................................11111111111111...................................
............................................................1111111...................................
......................................................................................................
......................................................................................................
......................................................................................................
......................................................................................................
......................................................................................................
......................................................................................................
......................................................................................................
......................................................................................................
......................................................................................................
......................................................................................................

..........................................................................................................................................................
..........................................................................................................................................................
..........................................................................................................................................................
..........................................................................................................................................................
..........................................................................................................................................................
..........................................................................................................................................................
..........................................................................................................................................................
..........................................................................................................................................................
..........................................................................................................................................................
...................................................................................................................11.....................................
.....................11111..........................................1111111111111.................................1111....................................
....................11111111......................................1111111111111111...............................11111111.................................
..................11111111111....................................1111111111111111111............................1111111111................................
..................111111111111.................................1111111111111111111111...........................111111111111111...........................
.................1111100011111................................1111111111111111111111111.........................1111111111111111..........................
................111110000011111..............................111111111111111111111111111.........................1111111111111111.........................
................111100000001111.............................11111111111111111111111111111........................11111111111111111........................
................111100000000111............................111111111111111111111111111111.........................11111111111111111.......................
................111000000000111............................1111111111111111111111111111111........................11111111110111111.......................
...............11110000000001111..........................111111111111111111111111111111111........................1111111000001111.......................
...............11110000000001111.........................1111111111111111111111111111111111.........................1111110000001111......................
................111000000000111..........................11111111111111000000111111111111111........................1111100000001111......................
................111000000000111.........................111111111111100000000001111111111111.........................111100000001111......................
................111100000000111.........................1111111111110000000000001111111111111........................111100000000111......................
................111100000001111........................11111111111100000000000000011111111111.......................11110000000001111.....................
.................11100000001111........................111111111110000000000000000111111111111......................11110000000001111.....................
.................1111000000111........................1111111111110000000000000000011111111111......................11110000000001111.....................
.................1111000001111........................1111111111100000000000000000011111111111......................11110000000001111.....................
..................11110000111.........................11111111111000000000000000000011111111111......................111000000000111......................
...................1110001111........................111111111111000000000000000000011111111111......................111000000000111......................
...................111100111.........................111111111110000000000000000000001111111111......................111000000000111......................
..........1111......1111111......1111................111111111110000000000000000000001111111111......................111100000000111......................
..........111111111111111111111111111................111111111100000000000000000000001111111111......................111100000001111......................
..........111111111111111111111111111................111111111100000000000000000000001111111111......................111100000001111......................
..........111111111111111111111111111................111111111100000000000000000000001111111111.......................1110000000111.......................
..........111111111111111111111111111................111111111100000000000000000000001111111111.......................1111000000111.......................
..........111111111..11111......11111................111111111100000000000000000000000111111111.......................1111000001111.......................
.....................11111...........................111111111100000000000000000000000111111111........................11100000111........................
.....................11111...........................111111111100000000000000000000000111111111........................11110001111........................
.....................11111...........................111111111100000000000000000000000111111111.........................1110001111........................
.....................11111...........................111111111100000000000000000000000111111111.........................111100111.........................
.....................11111...........................111111111100000000000000000000000111111111................1.........11101111........1................
.....................111111..........................111111111100000000000000000000001111111111................1111111...1111111...1111111................
.....................111111..........................111111111100000000000000000000001111111111................111111111111111111111111111................
.....................111111..........................111111111100000000000000000000001111111111................111111111111111111111111111................
.....................111111..........................111111111100000000000000000000001111111111................111111111111111111111111111................
....................1111111..........................111111111100000000000000000000001111111111................111111111111111111111111111................
....................1111111...........................1111111111000000000000000000000111111111.................111111111111111111111111111................
....................1111111...........................1111111111000000000000000000000111111111.................1111111111111111.1111111111................
....................1111111...........................1111111111000000000000000000000111111111.................1111........1111...........................
....................11111111..........................1111111111100000000000000000001111111111............................11111...........................
....................11111111...........................11111111110000000000000000000111111111.............................11111...........................
....................11111111...........................11111111110000000000000000000111111111.............................11111...........................
....................11111111............................1111111111000000000000000001111111111.............................11111...........................
...................111111111............................111111111100000000000000000111111111..............................11111...........................
...................111111111............................111111111100000000000000000111111111..............................11111...........................
...................111111111.............................11111111110000000000000001111111111..............................11111...........................
...................111111111.............................1111111111000000000000000111111111...............................11111...........................
..........................................................111111111100000000000000111111111...............................11111...........................
..........................................................11111111110000000000000111111111................................11111...........................
..........................................................11111111111000000000001111111111................................11111...........................
...........................................................1111111111000000000001111111111................................11111...........................
............................................................11111111110000000001111111111.................................11111............1..............
............................................................11111111110000000001111111111.................................11111...........11..............
.............................................................111111111100000001111111111..................................11111...........11..............
.............................................................11111111110000001111111111...................................11111..........11...............
.............................................................11111111111000001111111111....................................11111........111...............
..............................................................111111111110000111111111.....................................111111......1111...............
...............................................................1111111111000111111111......................................1111111...11111................
.......................................1111.....................111111111101111111111....................1111...............11111111111111................
.......................................111111111111.............11111111111111111111..............11111111111................1111111111111................
.......................................1111111111111111111111...11111111111111111111...1111111111111111111111.................111111111111................
.......................................1111111111111111111111111111111111111111111111111111111111111111111111...................111111111.................
.......................................1111111111111111111111111111111111111111111111111111111111111111111111....................11111111.................
.......................................1111111111111111111111111111111111111111111111111111111111111111111111.....................1111111.................
.......................................1111111111111111111111111111111111111111111111111111111111111111111111.......................1111..................
.......................................1111111111111111111111111111111111111111111111111111111111111111111111........................111..................
.......................................1111111111111111111111111111111111111111111111111111111111111111111111..........................1..................
.......................................1111111111111111111111111111111111111111111111111111111111111111111111.............................................
.......................................1111111111111111111111111111111111111111111111111111111111111111111111.............................................
.......................................1111111111111111111111111111111111111111111111111111111111111111111111.............................................
.......................................1111111111111111111111111111111111111111111111111111111111111111111111.............................................
.......................................1111111111111111111111111111111111111111111111111111111111111111111111.............................................
.......................................1111111111111111111111111111111111111111111111111111111111111111111111.............................................
.......................................111111111111111111111111.....111111111111..............111111111111111.............................................
.......................................11111111111...................11111111111.........................1111.............................................
.......................................111...........................11111111111..........................................................................
....................................................................1111111111111.........................................................................
....................................................................1111111111111.........................................................................
....................................................................1111111111111.........................................................................
....................................................................1111111111111.........................................................................
....................................................................1111111111111.........................................................................
....................................................................1111111111111.........................................................................
...................................................................11111111111111.........................................................................
...................................................................11111111111111.........................................................................
...................................................................11111111111111............................111111.......................................
.....................................1111111.......................111111111111111.........................1111111111.....................................
...................................111111111111....................111111111111111........................1111111111111...................................
.................................111111111111111...................111111111111111.......................11111100111111...................................
................................11111000000011111..................111111111111111......................1111100000011111..................................
...............................1111100000000011111.................111111111111111.....................111110000000011111.................................
...............................1111100000000001111.................111111111111111.....................111110000000001111.................................
...............................1111100000000001111.................111111111111111.....................111100000000001111.................................
...............................1111100000000011111.................111111111111111.....................111100000000001111.................................
................................11111000000001111.................1111111111111111.....................111100000000001111.................................
.................................111110000001111..................11111111111111111....................111110000000001111.................................
..................................1111100001111...................11111111111111111.....................1111000000001111..................................
...................................11111001111....................11111111111111111......................111100000001111..................................
.........................1111111111111111111111111111111..........11111111111111111......................11110000001111...................................
.........................1111111111111111111111111111111..........11111111111111111.......................111100001111....................................
.........................1111111111111111111111111111111..........11111111111111111........................1111001111.....................................
......................................11111.......................111111111111111111.............11111......11111111......11111...........................
......................................111111......................111111111111111111.............111111111111111111111111111111...........................
......................................111111......................111111111111111111.............111111111111111111111111111111...........................
.....................................1111111......................111111111111111111.............111111111111111111111111111111...........................
.....................................11111111....................1111111111111111111.............1111111111...11111......111111...........................
.....................................11111111....................1111111111111111111..........................11111.......................................
....................................111111111....................1111111111111111111.........................111111.......................................
....................................111111111....................1111111111111111111.........................111111.......................................
....................................1111111111...................1111111111111111111.........................111111.......................................
....................................1111111111...................1111111111111111111.........................111111.......................................
...................................11111111111..................11111111111111111111.........................1111111......................................
...................................11111111111..................11111111111111111111.........................1111111......................................
................................................................111111111111111111111.......................11111111......................................
................................................................111111111111111111111.......................11111111......................................
................................................................111111111111111111111.......................11111111......................................
................................................................111111111111111111111.......................111111111.....................................
................................................................111111111111111111111.......................111111111.....................................
................................................................111111111111111111111.......................111111111.....................................
................................................................111111111111111111111......................1111111111.....................................
................................................................111111111111111111111......................1111111111.....................................
................................................................111111111111111111111......................1111111111.....................................
................................................................1111111111111111111111....................................................................
...............................................................11111111111111111111111....................................................................
...............................................................11111111111111111111111....................................................................
...............................................................11111111111111111111111....................................................................
...............................................................11111111111111111111111....................................................................
...............................................................11111111111111111111111....................................................................
...............................................................11111111111111111111111....................................................................
...............................................................11111111111111111111111....................................................................
...............................................................111111111111111111111111...................................................................
...............................................................111111111111111111111111...................................................................
..............................................................1111111111111111111111111...................................................................
..............................................................1111111111111111111111111...................................................................
..............................................................1111111111111111111111111...................................................................
..........................................................................................................................................................
..........................................................................................................................................................
..........................................................................................................................................................
..........................................................................................................................................................
..........................................................................................................................................................
..........................................................................................................................................................
..........................................................................................................................................................

