0.05
86.66
0.03
0.18
26.80
6.19
0.54
2.52
8.41
1.01
2.91
0.03
5.61
0.12
0.01
77.16
0.09
5.89
3.51
0.86
15.56
63.53
0.31
0.04
0.06
3.85
0.10
0.41
0.01
0.02
0.07
0.02
96.90
1.05
0.01
0.02
17.55
0.20
0.01
0.02
0.79
5.92
41.17
14.49
0.01
0.10
100.00
1.13
1.05
14.33
47.33
0.04
0.02
100.00
0.08
0.08
0.04
2.60
2.56
1.52
0.02
10.29
18.84
4.08
0.03
1.22
26.69
62.79
27.99
0.02
0.03
0.02
1.03
0.96
0.91
2.27
49.36
0.01
0.70
0.15
8.42
0.08
8.66
0.05
0.17
12.85
4.51
0.03
1.93
0.16
0.03
0.01
97.26
0.25
0.04
0.08
0.14
56.71
0.02
22.83
0.01
0.28
0.98
0.77
97.80
1.83
0.02
1.48
0.04
14.95
0.04
0.08
2.06
22.24
0.24
63.76
3.48
2.26
5.75
0.14
0.08
0.02
100.00
0.14
3.38
16.97
4.00
3.24
0.95
9.53
77.49
0.96
100.00
3.24
1.03
0.01
100.00
36.20
0.30
0.51
2.93
1.25
17.51
19.98
0.06
0.20
80.28
7.16
0.32
0.74
0.12
2.58
0.30
41.94
83.07
1.40
13.83
55.29
0.09
28.32
0.74
100.00
0.71
0.25
1.08
0.14
3.36
0.08
4.42
0.06
0.04
4.90
4.94
0.17
0.16
0.01
2.08
2.08
28.50
4.20
81.24
98.91
17.77
1.38
12.04
100.00
25.23
1.17
1.68
0.41
6.41
0.94
5.92
0.12
41.32
2.49
7.67
0.17
1.91
0.34
0.54
3.25
0.01
2.47
0.20
28.97
100.00
0.07
21.26
3.88
7.34
4.52
0.03
2.19
100.00
0.01
68.00
100.00
29.05
2.09
0.07
0.15
32.50
2.30
66.36
0.10
0.91
0.04
1.01
0.21
0.01
0.13
0.42
4.90
0.01
0.22
2.78
0.12
0.02
100.00
6.98
36.87
6.93
59.79
0.32
2.94
100.00
19.13
0.10
100.00
6.90
0.40
0.05
0.47
0.01
0.01
42.05
1.29
100.00
55.87
0.13
0.03
0.02
0.12
7.81
46.45
23.88
23.16
0.17
0.31
3.89
0.08
0.05
15.73
12.11
0.56
1.02
0.81
0.11
0.04
84.32
0.85
4.31
1.18
20.79
0.02
0.04
2.46
17.38
0.24
0.04
0.28
4.31
39.17
23.20
0.04
0.10
0.02
0.04
0.62
0.02
22.32
0.01
100.00
100.00
0.06
0.37
2.63
0.02
0.05
4.21
0.02
0.02
0.12
0.01
0.02
0.34
100.00
0.16
0.41
5.49
1.11
0.02
14.49
18.21
4.44
13.35
0.50
0.06
7.85
0.26
16.91
0.78
3.30
18.71
0.03
0.02
0.06
1.65
94.36
0.14
0.39
0.16
0.06
100.00
0.22
100.00
15.60
0.23
1.33
0.50
3.81
62.86
60.78
0.10
0.06
6.88
5.14
11.75
21.42
0.04
100.00
13.02
100.00
100.00
26.51
71.08
0.07
0.43
33.55
0.01
0.02
8.16
1.13
1.42
0.01
0.02
0.53
3.35
0.05
0.23
2.33
27.34
0.26
1.42
1.12
14.85
41.94
0.63
0.16
36.67
0.12
0.01
0.11
0.24
3.19
100.00
31.65
0.04
26.79
0.02
3.51
0.90
0.83
0.07
2.21
0.16
14.32
10.37
0.02
0.60
0.30
44.76
13.51
0.01
79.56
24.81
0.95
0.02
17.40
60.27
1.39
0.02
0.05
16.56
76.99
0.02
0.95
12.35
46.73
21.47
8.89
16.13
0.07
0.01
0.08
19.09
0.36
8.73
0.04
21.24
0.01
0.02
0.19
70.10
0.86
0.01
0.14
0.73
55.38
6.10
77.83
0.38
0.04
0.03
0.02
27.11
31.84
30.32
0.28
0.12
2.15
0.36
0.15
12.39
0.01
0.50
10.41
0.18
32.70
0.15
5.82
3.18
6.66
1.12
100.00
1.98
2.90
5.85
1.59
0.79
0.35
7.66
0.07
32.29
0.12
15.42
32.53
0.04
15.84
0.30
0.14
0.42
13.93
100.00
28.18
0.03
1.55
10.33
100.00
0.02
100.00
0.01
47.84
1.07
0.58
32.65
37.92
0.01
24.79
0.01
0.20
0.54
0.08
2.84
27.40
0.03
100.00
0.06
63.15
0.19
10.29
79.68
0.05
0.03
3.55
0.32
0.18
100.00
31.06
0.02
100.00
1.46
0.36
0.05
0.10
21.61
0.04
68.50
0.05
0.12
3.28
6.04
0.83
9.35
100.00
0.38
21.68
0.56
0.02
1.38
5.21
0.01
3.86
0.01
29.77
0.09
26.28
0.14
5.67
0.01
0.23
0.01
0.03
0.76
54.47
0.07
0.02
0.07
0.08
100.00
22.75
0.24
3.95
2.64
1.18
0.03
63.16
100.00
100.00
0.01
3.58
0.31
0.04
2.63
0.16
4.36
0.04
0.19
0.02
1.70
0.09
10.40
0.69
0.03
0.01
8.46
1.43
3.79
0.53
0.02
0.02
0.04
0.79
4.88
0.02
5.32
0.72
8.51
0.22
0.04
100.00
0.02
3.09
9.24
0.03
2.01
0.02
100.00
0.04
0.20
0.12
1.38
0.01
100.00
28.84
0.20
46.33
0.02
2.30
4.06
7.49
0.01
18.58
0.14
0.56
0.23
0.01
66.65
0.04
2.30
0.71
38.64
0.15
0.03
9.33
18.11
41.40
47.34
2.02
0.60
0.02
2.94
7.65
0.62
19.12
1.41
78.17
2.66
0.08
0.03
0.61
100.00
100.00
0.65
0.33
7.92
0.14
0.01
0.08
6.72
84.49
0.08
1.48
0.13
0.02
0.37
46.81
0.04
58.51
0.42
1.52
0.01
0.12
32.20
0.02
3.09
0.02
2.00
1.77
18.11
0.41
7.63
0.01
27.26
0.02
6.68
0.87
69.88
0.03
0.02
0.06
0.20
0.02
2.06
0.61
0.81
100.00
19.87
0.04
0.24
13.12
3.47
0.47
15.76
0.06
0.01
2.28
0.37
0.05
100.00
2.92
44.64
25.00
0.03
42.91
22.27
1.88
69.53
0.35
0.40
10.82
9.47
100.00
25.76
0.02
1.94
4.02
0.02
3.40
100.00
0.01
100.00
0.39
0.27
36.21
0.14
0.06
0.02
0.01
100.00
66.46
50.30
17.07
0.01
0.54
0.35
0.02
0.04
7.00
100.00
0.02
0.01
0.79
100.00
9.24
2.26
0.02
0.07
0.07
0.18
94.09
86.21
0.14
0.01
11.42
21.55
100.00
35.01
100.00
0.12
0.04
100.00
0.41
1.47
0.29
0.14
0.10
46.97
0.40
0.96
100.00
1.98
0.02
21.03
19.30
0.54
39.59
0.06
8.10
0.60
0.11
0.02
0.33
6.82
100.00
7.82
1.84
0.61
7.55
40.62
1.23
0.02
0.02
0.62
0.02
100.00
0.23
1.62
0.12
0.55
0.72
0.02
0.03
0.67
5.08
1.29
0.06
0.18
6.15
11.50
0.34
32.00
2.31
0.09
0.02
66.01
74.86
33.74
77.45
0.04
0.54
86.42
10.67
0.39
0.55
100.00
0.02
0.04
74.71
0.50
3.20
0.03
0.02
0.02
0.32
0.02
0.02
0.55
0.01
2.36
0.05
0.61
0.28
0.04
28.77
0.02
0.01
0.05
0.46
0.60
1.11
0.28
11.52
17.35
32.29
8.58
10.17
0.01
0.24
11.05
0.03
0.06
1.31
0.05
0.08
0.14
4.82
1.60
0.46
100.00
0.52
62.74
1.25
0.21
31.65
0.29
6.41
3.31
0.03
0.90
0.10
0.50
8.81
0.04
0.06
1.89
0.05
0.80
0.10
6.70
0.05
0.02
100.00
19.42
9.69
0.05
14.12
0.18
2.73
0.02
86.46
100.00
0.10
0.02
0.07
0.01
1.36
21.32
0.03
2.13
0.02
0.02
0.73
100.00
0.03
0.16
0.13
0.45
6.06
5.91
0.01
0.05
1.15
2.04
30.26
100.00
100.00
4.37
17.38
100.00
93.35
14.28
100.00
0.19
12.41
0.47
16.19
0.06
100.00
0.02
21.55
1.02
0.04
8.92
9.64
0.37
14.43
0.01
28.68
11.97
0.01
1.17
23.82
0.44
3.36
3.24
0.02
2.50
0.01
0.46
0.84
0.02
76.90
0.03
0.10
0.02
0.33
0.45
0.03
100.00
69.79
1.23
2.27
0.02
0.02
5.40
0.13
0.04
0.07
100.00
6.94
2.14
0.54
2.58
0.02
0.13
0.13
0.28
0.75
0.87
32.21
88.23
0.01
0.44
21.59
11.97
0.21
14.30
10.34
58.55
7.12
0.81
0.51
100.00
100.00
0.12
0.20
0.05
0.06
0.25
30.87
0.13
91.45
0.01
0.02
22.04
4.63
1.12
39.73
0.01
40.36
19.44
36.60
3.63
0.68
40.20
100.00
0.08
0.84
0.11
0.20
0.65
100.00
0.01
4.56
0.02
47.50
5.36
0.17
35.93
0.58
21.67
0.13
0.40
5.73
3.69
0.08
0.06
2.15
0.04
0.02
47.57
0.20
6.63
27.44
100.00
0.74
0.45
36.88
1.87
1.67
9.08
8.03
1.24
0.01
0.07
0.02
0.47
100.00
14.42
8.86
5.56
0.02
13.21
0.02
9.08
100.00
5.84
1.74
0.01
41.34
0.06
0.41
0.64
0.02
1.20
0.03
15.33
6.45
0.02
0.21
0.30
6.79
0.02
7.34
0.06
0.20
100.00
3.98
47.90
0.08
0.36
0.02
2.27
1.95
0.02
0.91
2.37
29.65
0.01
21.96
0.18
0.21
0.02
15.91
6.75
100.00
6.08
1.03
1.90
27.80
15.92
4.11
0.02
2.95
0.15
12.91
100.00
100.00
0.01
92.55
0.04
57.05
11.49
0.05
0.02
0.14
41.04
24.41
38.77
6.33
0.09
0.04
0.03
3.60
2.30
2.08
30.27
100.00
1.52
0.02
100.00
100.00
0.15
28.07
24.14
100.00
0.37
100.00
0.55
0.77
81.94
0.35
0.02
32.86
68.88
0.63
0.02
0.16
100.00
0.31
0.44
0.18
0.59
73.19
1.42
10.11
0.76
100.00
15.57
0.06
0.02
0.01
47.30
6.92
2.93
6.10
0.03
100.00
100.00
1.46
21.05
12.10
41.15
0.32
0.02
0.14
0.18
0.04
0.18
0.13
0.26
0.69
0.04
0.02
1.63
0.95
0.34
0.97
0.05
0.01
0.62
39.36
1.67
2.88
11.86
36.46
100.00
0.73
4.11
0.02
2.58
0.02
0.02
7.61
9.65
0.44
0.88
0.17
1.62
8.91
31.40
0.02
2.16
2.87
0.08
0.02
0.69
20.68
0.07
3.10
0.04
11.14
2.58
0.11
3.18
0.65
0.67
0.16
5.69
9.66
1.57
0.14
0.25
0.01
0.08
1.08
0.05
0.08
0.04
0.35
0.14
4.36
100.00
0.04
0.56
0.04
0.10
0.81
0.08
6.19
0.77
0.04
31.81
0.03
0.49
0.06
0.06
0.02
1.02
91.81
0.44
0.11
0.83
22.73
39.77
0.02
34.15
0.02
0.01
0.03
0.02
0.02
0.26
0.15
1.73
29.89
0.08
0.03
7.23
0.03
9.67
22.19
19.12
6.71
0.01
100.00
0.02
2.07
0.06
0.13
0.02
1.51
12.55
0.02
0.28
0.10
0.04
3.30
0.06
1.86
0.08
0.16
0.63
0.02
3.28
89.96
0.01
3.93
2.70
0.10
0.01
0.22
0.14
100.00
100.00
0.43
100.00
0.23
0.04
41.31
0.09
0.19
1.80
8.62
0.29
0.09
6.48
8.84
0.12
7.40
15.84
0.34
8.40
0.31
0.34
4.96
0.08
1.92
0.02
8.71
0.10
7.72
4.25
0.04
0.09
0.67
100.00
0.04
29.16
0.01
0.74
9.92
0.02
42.52
1.04
0.02
0.01
8.77
38.45
2.78
90.43
0.39
79.95
0.02
0.36
43.58
100.00
2.11
17.14
36.17
100.00
100.00
0.32
100.00
32.50
3.18
14.23
0.22
4.84
0.37
41.41
6.73
0.10
2.25
100.00
0.94
0.97
21.62
0.05
47.87
0.03
0.73
0.55
100.00
0.47
10.36
1.99
0.84
15.59
0.06
1.08
37.99
0.66
5.98
0.03
100.00
1.24
0.08
0.47
1.09
34.63
4.53
0.04
0.25
0.02
15.97
0.30
1.12
0.46
14.00
100.00
2.93
46.54
0.02
1.32
35.13
0.21
7.90
4.35
4.33
40.16
100.00
0.07
0.02
0.29
100.00
0.60
0.08
3.11
14.48
32.45
0.01
0.04
0.05
0.01
52.93
0.41
1.30
28.35
83.20
13.48
2.77
100.00
0.03
2.92
47.37
100.00
0.70
0.22
0.39
0.08
0.04
1.81
100.00
0.66
1.73
21.62
0.20
5.38
0.03
0.20
58.33
0.72
34.00
0.76
1.13
50.81
24.85
0.43
6.27
33.19
19.64
100.00
0.08
0.02
89.13
0.31
81.95
0.02
1.00
0.22
0.01
5.84
0.07
100.00
0.05
0.07
100.00
0.05
1.12
1.08
0.02
5.89
0.13
41.66
3.95
0.25
33.38
3.39
9.59
8.79
45.61
100.00
38.19
14.53
3.74
2.09
0.19
6.79
20.27
0.02
0.10
0.01
0.08
1.40
0.11
8.57
0.23
0.90
18.30
29.46
55.05
0.08
6.52
2.44
0.68
0.07
3.37
0.17
0.03
0.01
100.00
25.06
3.48
0.12
1.29
0.01
1.62
0.15
60.59
0.09
0.57
90.96
100.00
14.66
0.11
3.74
10.73
64.98
0.10
7.93
0.10
4.03
4.08
0.01
13.98
0.04
0.04
0.13
56.51
4.57
1.77
1.43
13.01
0.69
0.13
0.42
2.49
0.66
0.01
1.62
0.25
100.00
2.23
12.19
0.21
0.06
18.46
0.34
0.16
7.45
42.28
0.22
23.32
9.87
0.02
14.36
11.47
0.28
26.83
17.63
2.02
8.82
100.00
0.02
100.00
0.02
100.00
100.00
1.27
10.81
0.17
0.70
9.26
0.03
2.46
0.88
0.92
0.37
59.41
100.00
0.14
18.62
0.05
0.09
1.75
30.26
0.70
0.05
24.08
0.02
6.51
55.26
16.67
0.03
8.90
0.15
3.93
2.94
22.08
2.73
0.72
0.01
0.08
0.33
0.08
36.97
1.50
1.15
100.00
0.80
0.04
78.22
0.12
11.20
13.03
0.27
100.00
11.18
26.75
12.99
65.21
0.38
0.19
2.18
0.02
100.00
4.64
100.00
0.12
0.67
21.70
0.02
2.78
0.09
37.55
9.39
6.29
0.02
20.43
0.02
1.21
35.50
38.56
0.67
29.38
3.34
3.93
4.11
0.17
9.52
0.87
19.97
0.07
0.15
0.01
3.84
0.31
9.27
0.02
5.56
12.34
1.41
64.61
40.44
0.02
1.26
0.34
0.24
0.03
0.02
1.22
7.15
1.04
0.14
2.77
0.02
0.02
0.28
42.23
18.33
0.08
50.73
0.48
22.05
0.94
0.31
4.37
28.82
1.74
0.05
0.04
5.33
100.00
0.06
0.02
85.37
0.01
0.04
0.15
100.00
56.83
20.87
0.01
0.01
0.08
0.06
3.87
2.21
1.24
0.12
61.29
2.38
2.05
0.03
100.00
0.10
2.45
0.50
0.50
1.05
4.88
24.55
0.02
1.02
0.16
100.00
0.41
1.47
1.48
0.12
0.07
0.02
3.26
2.90
11.70
0.02
0.23
52.39
0.06
11.54
100.00
14.51
10.88
2.73
98.64
5.05
0.78
0.04
4.85
71.62
0.43
0.20
0.03
1.88
18.15
0.03
0.26
5.38
5.30
25.52
1.20
100.00
0.06
0.17
50.75
0.12
0.19
100.00
54.83
0.85
0.02
100.00
0.10
6.89
0.05
91.84
17.31
9.05
15.84
5.75
2.18
0.03
20.64
2.87
17.68
0.01
20.34
0.34
0.01
0.04
0.14
46.77
38.89
0.25
0.05
0.08
18.16
1.19
44.58
0.02
0.40
14.34
12.91
0.36
0.53
24.81
7.25
0.02
1.35
0.31
0.03
0.02
0.02
0.13
0.65
0.01
100.00
0.06
0.22
2.16
0.04
0.02
100.00
1.11
0.01
21.86
0.64
0.16
0.28
8.40
0.02
0.02
0.60
1.88
37.99
100.00
0.01
18.70
12.66
0.07
0.01
23.50
1.46
0.06
9.76
100.00
4.14
5.65
5.92
0.05
0.23
6.65
0.01
61.87
0.27
9.81
0.06
0.04
17.26
15.73
9.11
100.00
8.15
0.70
0.52
0.80
31.04
0.01
0.19
75.48
0.34
0.02
2.24
30.16
0.42
0.02
0.03
1.32
7.73
0.05
100.00
24.64
0.01
0.01
1.07
1.38
2.54
1.86
3.60
0.01
100.00
36.56
0.08
0.03
0.04
0.13
19.30
2.20
18.83
0.06
3.82
30.46
38.12
0.33
0.06
0.07
37.91
5.29
0.04
4.46
0.08
0.11
0.05
0.04
3.19
0.08
0.54
