S: C2 CK D4 D5 D6 DQ S2 S6 ST H3 H7 H8 HK
W: C5 C7 CQ D8 DT DK S4 S5 S9 SJ H4 H6 HQ
N: C6 C8 CJ CA D3 DJ DA S7 S8 SQ SK H5 H9
E: C3 C4 C9 CT D2 D7 D9 S3 SA H2 HT HJ HA
S: C5 C6 CJ CA DT DQ DK S7 SK H5 H7 HT HQ
W: C4 C9 CQ D7 D8 DJ S3 S6 SA H3 H8 H9 HA
N: C8 CK D2 D3 D4 D5 D6 D9 S5 S8 SQ H2 H6
E: C2 C3 C7 CT DA S2 S4 S9 ST SJ H4 HJ HK
S: C2 CK D8 DJ DQ S5 S6 S8 SJ SQ HT HQ HK
W: D2 D3 D4 D7 D9 DA S7 S9 SA H4 H5 HJ HA
N: C4 C5 C7 C8 CT CJ D5 D6 DT S4 H2 H6 H7
E: C3 C6 C9 CQ CA DK S2 S3 ST SK H3 H8 H9
S: C3 C5 C8 C9 CJ D7 D8 DQ DA ST SA H3 HJ
W: C4 C7 CQ D2 D4 D9 DT DK S4 H2 H4 H9 HA
N: C2 C6 CA D6 S2 S5 S6 S7 SJ SQ SK H5 HT
E: CT CK D3 D5 DJ S3 S8 S9 H6 H7 H8 HQ HK
S: C2 C3 C5 C7 C9 CK D3 D7 DQ S2 S3 S4 H7
W: C6 CQ CA D8 S5 S7 ST SA H4 H5 HT HJ HQ
N: C4 C8 CJ D5 D6 DK DA S6 S9 SK H6 H9 HA
E: CT D2 D4 D9 DT DJ S8 SJ SQ H2 H3 H8 HK
S: C6 CT D2 D4 D8 S3 ST SK H5 H8 H9 HT HQ
W: C4 D3 D7 DT DJ S4 S5 S6 SQ H2 H3 H7 HJ
N: C5 C7 C9 CJ CQ D6 DQ S2 S8 S9 SJ SA H6
E: C2 C3 C8 CK CA D5 D9 DK DA S7 H4 HK HA
S: C4 C7 C8 C9 CT CJ D2 D4 DK S2 S5 H3 HA
W: C2 CK D6 D8 D9 S4 S6 S7 S8 SQ SA H5 HJ
N: C3 C5 D3 D5 D7 DJ DQ DA S9 SK H2 H4 HT
E: C6 CQ CA DT S3 ST SJ H6 H7 H8 H9 HQ HK
S: C2 C6 C8 CK D6 DJ S8 H2 H4 H5 H6 H8 HK
W: C4 C5 D2 D3 D4 D8 D9 DT DQ DA S2 SK HQ
N: C3 C7 C9 CA D5 S3 S5 S6 S7 S9 ST SJ HA
E: CT CJ CQ D7 DK S4 SQ SA H3 H7 H9 HT HJ
S: C8 CJ CQ D2 D7 DK S3 S6 H3 H5 H7 HK HA
W: C3 C5 CT CK D5 D8 DJ DA S7 H4 H6 H8 HJ
N: C2 C4 C9 D6 D9 DQ S4 SK SA H2 H9 HT HQ
E: C6 C7 CA D3 D4 DT S2 S5 S8 S9 ST SJ SQ
S: C3 C6 C7 C9 D5 D7 DA S2 S6 S7 S9 ST SK
W: C4 CT D2 D4 DJ DK S8 SJ SA H6 H7 H8 HQ
N: C5 C8 CJ CQ CK CA D6 DT S5 H9 HT HJ HA
E: C2 D3 D8 D9 DQ S3 S4 SQ H2 H3 H4 H5 HK
S: C5 C6 D4 D7 S2 S3 S5 ST H3 H6 H9 HQ HA
W: D2 D3 D6 D8 DJ DA S7 S8 SJ H2 H8 HT HJ
N: C2 C3 C7 C8 CQ D5 D9 DK S4 SQ SA H7 HK
E: C4 C9 CT CJ CK CA DT DQ S6 S9 SK H4 H5
S: C2 C5 C9 CQ CA D4 D6 DJ S5 SK H2 H5 HQ
W: C7 CT CJ D3 DQ DA S2 S4 S6 S7 ST SJ H4
N: C3 C4 D5 D8 S3 S8 S9 SQ SA H6 H7 H9 HK
E: C6 C8 CK D2 D7 D9 DT DK H3 H8 HT HJ HA
S: C3 D4 D5 D6 D9 DT DJ S2 S6 S7 S8 ST H8
W: C4 C5 C6 C7 C8 C9 CJ CQ D2 D3 D7 SQ SA
N: C2 CK CA DQ DK S3 S5 SK H3 H6 H7 H9 HJ
E: CT D8 DA S4 S9 SJ H2 H4 H5 HT HQ HK HA
S: C3 C7 CA D2 D8 DQ DK S3 S4 S5 S6 S8 HK
W: C6 C9 CQ D3 D4 D6 DA S2 S9 SK H3 H7 HT
N: C2 C5 CJ D9 DT DJ SJ SQ H5 H6 H9 HJ HA
E: C4 C8 CT CK D5 D7 S7 ST SA H2 H4 H8 HQ
S: C3 C4 C8 CQ CK D2 D4 D6 D9 DA S3 S8 H5
W: C2 C9 CT CA DT S4 SQ H2 H3 H8 H9 HK HA
N: D3 D7 D8 DJ DK S2 S5 S6 SJ SK H4 H7 HJ
E: C5 C6 C7 CJ D5 DQ S7 S9 ST SA H6 HT HQ
S: C2 CT CJ CA D2 S2 S3 S6 S8 SK SA H7 HK
W: C4 C5 C9 D3 D6 D9 H3 H6 H8 H9 HJ HQ HA
N: C7 CQ CK D5 D7 D8 DJ DA S7 ST SQ H5 HT
E: C3 C6 C8 D4 DT DQ DK S4 S5 S9 SJ H2 H4
S: C5 C9 D7 D8 DQ DK DA S6 ST SK H3 H4 H8
W: C2 C8 CT D4 D6 DT S4 S8 S9 H7 H9 HT HJ
N: C4 CJ CK D2 D5 D9 DJ S5 S7 SJ SA H6 HK
E: C3 C6 C7 CQ CA D3 S2 S3 SQ H2 H5 HQ HA
S: C4 C5 D3 D5 DT S4 S5 S8 SQ SK SA H2 HJ
W: C2 C3 C9 D2 D7 D8 DJ DQ DK S6 H4 H8 HQ
N: C6 C7 CT CJ CQ CA D4 DA S2 S3 S9 SJ H5
E: C8 CK D6 D9 S7 ST H3 H6 H7 H9 HT HK HA
S: C2 C6 CT CJ D3 D4 D8 D9 DK S3 H2 H3 HK
W: C3 C5 C9 CQ CK D7 DA S6 S7 S9 SK H4 HJ
N: CA D2 D6 DJ DQ S4 ST SQ H5 H7 H9 HT HA
E: C4 C7 C8 D5 DT S2 S5 S8 SJ SA H6 H8 HQ
S: C9 CJ CK CA D5 D9 DT DA S4 S5 S6 H9 HA
W: C2 C6 C7 C8 CT CQ D4 D8 DK S2 SA H5 HQ
N: C3 C5 D2 D6 D7 DQ S3 ST SQ H7 H8 HT HK
E: C4 D3 DJ S7 S8 S9 SJ SK H2 H3 H4 H6 HJ
S: C2 D6 DA S2 S3 S5 S6 SQ SK H3 H6 HJ HA
W: C3 C4 C7 C8 CJ D2 D3 D4 D9 H7 H8 H9 HQ
N: C9 CT CQ CK D5 D8 DQ DK S4 ST H2 H5 HT
E: C5 C6 CA D7 DT DJ S7 S8 S9 SJ SA H4 HK
S: C3 C4 CT D5 D7 D8 DT DJ S4 S5 S7 HQ HK
W: C7 C8 CJ CQ CK D2 D6 S6 S8 SA H2 H4 H9
N: C9 D4 ST SJ SQ SK H3 H5 H7 H8 HT HJ HA
E: C2 C5 C6 CA D3 D9 DQ DK DA S2 S3 S9 H6
S: C4 C9 CK CA D5 D7 S9 SK H2 H4 H6 H7 HA
W: C3 C6 C7 CJ D4 D9 DJ DQ S3 S4 S6 ST HK
N: C5 CT CQ D2 D3 D6 DT S2 S5 SQ H5 HJ HQ
E: C2 C8 D8 DK DA S7 S8 SJ SA H3 H8 H9 HT
S: C3 C6 CA D4 D7 DJ S3 H3 H6 H8 HT HQ HA
W: C7 CJ CQ D2 D3 D5 D9 DT S2 S4 SJ SA H4
N: C2 C4 C8 C9 CK DQ DK S5 S7 S8 SQ H5 H7
E: C5 CT D6 D8 DA S6 S9 ST SK H2 H9 HJ HK
S: C3 C9 CJ CK D4 D8 S9 SK H4 HT HJ HQ HK
W: C2 C8 CT D3 D5 D9 DT DJ DA S5 S8 H7 H9
N: C4 CA D2 D6 D7 DQ S2 ST SJ SQ H3 H8 HA
E: C5 C6 C7 CQ DK S3 S4 S6 S7 SA H2 H5 H6
S: C8 C9 CA D2 D4 D5 D8 DJ S7 S8 H6 H7 HQ
W: C2 CJ CQ CK D3 D7 DQ S5 S9 SJ SK H3 HK
N: C4 C5 C6 DT S4 S6 SA H2 H4 H5 H9 HT HJ
E: C3 C7 CT D6 D9 DK DA S2 S3 ST SQ H8 HA
S: C3 C6 CT DA S3 S5 S9 ST SK H3 H9 HJ HK
W: C5 C8 CJ CQ CK D4 D5 D7 D9 DK S6 SJ H7
N: C7 D2 D6 D8 DJ DQ S2 S4 H2 H4 H5 H8 HA
E: C2 C4 C9 CA D3 DT S7 S8 SQ SA H6 HT HQ
S: C5 CA D2 S4 S5 S7 S8 S9 SQ SK H2 HJ HQ
W: C3 C4 C6 C9 CT CK D8 DT DJ DK S3 H9 HA
N: C2 CJ D5 D9 S2 SJ SA H3 H4 H5 H6 H7 HT
E: C7 C8 CQ D3 D4 D6 D7 DQ DA S6 ST H8 HK
S: C7 CA D3 DT DA S5 S6 S7 SK H8 H9 HT HK
W: C2 CJ D6 D8 D9 DK S8 SQ SA H3 H5 H7 HA
N: C4 C5 C8 C9 CT CQ CK D2 S9 SJ H2 HJ HQ
E: C3 C6 D4 D5 D7 DJ DQ S2 S3 S4 ST H4 H6
S: C2 C5 CQ CA D8 S4 S5 ST H3 H5 H9 HT HJ
W: C4 C6 CT D3 D4 DT DJ DQ S2 SJ SK H6 H8
N: C7 C8 CK D5 D7 S3 S6 S8 SA H2 H7 HK HA
E: C3 C9 CJ D2 D6 D9 DK DA S7 S9 SQ H4 HQ
S: C8 C9 CJ CA D2 D3 D7 S6 S9 SQ H6 HT HK
W: C7 CK D4 D5 DJ DK S2 S4 S5 ST SA H3 H4
N: C3 CQ D6 D8 D9 DT DA S7 S8 SJ SK HJ HA
E: C2 C4 C5 C6 CT DQ S3 H2 H5 H7 H8 H9 HQ
S: C2 C3 CA D4 DQ DK DA S3 S6 S9 SK HK HA
W: CQ CK D3 D8 D9 S5 ST SA H3 H4 H6 H8 HQ
N: C5 C9 CT D2 D6 S4 S8 SJ SQ H2 H5 H7 HJ
E: C4 C6 C7 C8 CJ D5 D7 DT DJ S2 S7 H9 HT
S: CT D3 D4 D7 DT DJ DK S6 S9 SK H6 HJ HA
W: C2 C5 C8 C9 CJ D2 D6 D8 S2 S7 ST H5 H9
N: C6 C7 D9 DA S5 S8 H2 H3 H4 H7 H8 HQ HK
E: C3 C4 CQ CK CA D5 DQ S3 S4 SJ SQ SA HT
S: CJ CQ CA D4 D8 D9 DT DK S5 S9 SJ SK HQ
W: C4 C5 C6 C9 CT D3 DJ DQ S8 SQ SA H2 H7
N: C2 C3 C7 D2 D7 DA S2 S3 S4 ST H8 HJ HA
E: C8 CK D5 D6 S6 S7 H3 H4 H5 H6 H9 HT HK
S: C5 C9 D5 DJ S3 S4 S6 S7 S8 S9 H6 H7 H8
W: C2 C3 CJ CA D3 DT DA S5 ST SJ SQ HK HA
N: C4 C6 CT D2 D4 D6 SK SA H2 H3 H5 H9 HJ
E: C7 C8 CQ CK D7 D8 D9 DQ DK S2 H4 HT HQ
S: C6 C7 C9 DK S4 S8 S9 ST H3 H4 H5 HT HJ
W: C2 C3 C5 CT CJ CK DQ S5 S7 SJ H6 HQ HA
N: CQ CA D2 D4 D6 D7 D8 D9 DT S2 S6 SQ H7
E: C4 C8 D3 D5 DJ DA S3 SK SA H2 H8 H9 HK
S: C2 C8 CK CA D6 DJ S6 SA H2 H3 H8 H9 HA
W: C3 C7 CQ D3 D8 D9 S4 S5 S8 H4 H7 HT HQ
N: C4 C6 C9 CT D4 D5 DK S2 S3 S9 ST SQ SK
E: C5 CJ D2 D7 DT DQ DA S7 SJ H5 H6 HJ HK
S: C6 D5 D6 DT DJ DQ DA S2 ST SQ H5 H9 HT
W: C4 C7 CQ CK D4 D9 S3 S4 S5 S9 H4 H8 HQ
N: C2 C5 C8 C9 CT CA D2 D8 S8 SJ H3 H6 HK
E: C3 CJ D3 D7 DK S6 S7 SK SA H2 H7 HJ HA
S: C3 C5 C7 CJ CA D2 D3 S2 ST SJ SK H5 H7
W: C8 D4 D6 D7 DA S6 S7 S8 SA H8 H9 HT HA
N: C2 C4 C9 CK D5 D8 DT DJ DQ S4 H2 H3 H4
E: C6 CT CQ D9 DK S3 S5 S9 SQ H6 HJ HQ HK
S: C4 C9 CA D2 S2 S5 S8 S9 SK H3 H9 HT HQ
W: C2 CK D3 D5 D7 D8 DT DQ S3 S4 S6 H5 HA
N: C6 C7 C8 CT D4 D9 ST SA H2 H4 H7 HJ HK
E: C3 C5 CJ CQ D6 DJ DK DA S7 SJ SQ H6 H8
S: C3 C7 CT CQ D5 DQ DA SJ H3 H4 H6 H7 H9
W: C2 C9 CJ CK D6 D7 S7 S9 SQ SK H2 HJ HA
N: C4 C8 CA D3 D9 DK S3 S4 S5 S8 H8 HQ HK
E: C5 C6 D2 D4 D8 DT DJ S2 S6 ST SA H5 HT
S: C2 C3 C7 C9 D7 D8 DT SK H3 H4 H6 HT HA
W: C6 CT CQ D4 DK S3 S5 S9 ST H9 HJ HQ HK
N: C4 C5 C8 CJ CK D2 D9 S2 SJ SQ SA H2 H7
E: CA D3 D5 D6 DJ DQ DA S4 S6 S7 S8 H5 H8
S: C6 CK D4 D9 DT DQ S6 H7 H8 HT HQ HK HA
W: C4 C8 CJ D2 D3 D5 DA S2 S7 S8 ST H3 H4
N: C5 C9 CQ CA D6 D8 DK S4 S9 SJ SQ SK H5
E: C2 C3 C7 CT D7 DJ S3 S5 SA H2 H6 H9 HJ
S: C7 D3 D8 D9 DJ DK S2 S4 S9 H2 H7 HJ HA
W: C3 C6 D2 DT DA S6 S8 ST SK H8 H9 HT HQ
N: C5 C9 CT CJ CQ CA D4 D6 D7 DQ SQ H4 H6
E: C2 C4 C8 CK D5 S3 S5 S7 SJ SA H3 H5 HK
S: C5 C7 C8 CQ CK D2 D6 S2 S6 SQ H3 HQ HA
W: C2 C4 CA D5 DQ DA S8 ST SK H2 H4 H9 HK
N: C3 C6 CT CJ D8 DT DK S4 S9 H5 H8 HT HJ
E: C9 D3 D4 D7 D9 DJ S3 S5 S7 SJ SA H6 H7
S: C3 C9 D2 D4 D7 DQ DA S6 S9 SA H4 H6 HA
W: C4 C5 C6 CQ D3 D5 D8 S8 SK H7 H9 HT HJ
N: CT CK CA D9 DT DJ S3 S4 SJ H2 H3 H5 HK
E: C2 C7 C8 CJ D6 DK S2 S5 S7 ST SQ H8 HQ
S: C2 C5 C9 CJ DT DJ DQ S4 S6 S9 SJ H3 H7
W: C6 CT CQ CA D2 D5 D7 S5 S8 SQ SK H8 HA
N: C3 C4 C8 D3 D4 D8 S3 ST SA H2 H6 HT HJ
E: C7 CK D6 D9 DK DA S2 S7 H4 H5 H9 HQ HK
S: D3 D4 D6 DJ DK S2 S5 SQ H4 H7 HQ HK HA
W: C4 C5 CQ CK D2 D5 D7 DA S3 ST SK H3 HJ
N: C3 C8 CJ D8 D9 DT S4 S6 S9 SA H2 H6 H9
E: C2 C6 C7 C9 CT CA DQ S7 S8 SJ H5 H8 HT
S: C8 C9 CT CJ CQ CK D4 S7 SJ SA H2 H5 H9
W: C2 C6 CA D2 D3 DT DQ DK S2 S5 S6 S8 H3
N: C4 C5 C7 D6 D9 S9 H4 H6 H8 HT HJ HQ HK
E: C3 D5 D7 D8 DJ DA S3 S4 ST SQ SK H7 HA
S: CT DJ DA S2 S4 S7 SJ SK H2 H5 H8 H9 HJ
W: C4 C5 C8 C9 D5 D8 D9 DT S6 S9 H4 H6 HA
N: C6 CJ D3 D6 D7 S3 S5 ST SQ SA H3 HT HQ
E: C2 C3 C7 CQ CK CA D2 D4 DQ DK S8 H7 HK
S: C2 CJ D4 D7 D8 DQ DA S9 SQ H2 H3 H6 HA
W: C3 C7 C9 CA D5 S4 S6 ST SK SA H5 H8 HQ
N: C4 C8 D2 D3 D6 D9 DJ S2 S3 S8 SJ HJ HK
E: C5 C6 CT CQ CK DT DK S5 S7 H4 H7 H9 HT
S: C2 C7 CT CK D8 D9 DT S5 H3 H5 H6 H9 HJ
W: C4 CQ CA D3 D5 D6 D7 DQ S3 S9 SA H7 H8
N: C8 C9 CJ D4 DK S4 S7 S8 ST H4 HT HQ HA
E: C3 C5 C6 D2 DJ DA S2 S6 SJ SQ SK H2 HK
S: CT D2 D6 D8 DT DA S5 ST SA H6 H7 HJ HQ
W: C2 C3 C4 C9 D7 DJ S2 S6 S7 SJ SK H4 H8
N: C5 C7 CJ CK CA D4 D5 DQ DK H2 H5 H9 HA
E: C6 C8 CQ D3 D9 S3 S4 S8 S9 SQ H3 HT HK
S: C3 D2 D6 DK S3 S6 S7 S9 SA H5 H9 HT HA
W: C5 C8 CT CQ CA D4 D7 D9 DA S4 SJ H3 H8
N: C2 C6 C7 CK D3 D8 DJ S5 S8 ST H2 H6 HQ
E: C4 C9 CJ D5 DT DQ S2 SQ SK H4 H7 HJ HK
S: C7 D2 D5 DT DA S9 ST SQ SK H2 H5 H8 HK
W: C4 C5 C8 C9 D4 D8 S2 S5 S6 H3 H6 H7 H9
N: C2 C6 CT CQ CK D6 D9 DQ DK S4 S7 HQ HA
E: C3 CJ CA D3 D7 DJ S3 S8 SJ SA H4 HT HJ
S: CT CJ D8 DJ DA S8 S9 H2 H3 H4 H6 HJ HA
W: C2 C4 C6 C7 C8 CQ CA D7 S7 ST SK H5 H9
N: CK D3 D4 D5 D9 DQ S2 S5 S6 SJ SQ H7 HT
E: C3 C5 C9 D2 D6 DT DK S3 S4 SA H8 HQ HK
S: C2 C3 C5 C8 CT CJ CA D4 D6 D8 S9 SQ SA
W: C7 CQ CK D9 DT DQ DK S6 S8 ST H6 H7 HA
N: C6 C9 D2 D5 D7 DJ S2 S7 H5 H8 HT HJ HQ
E: C4 D3 DA S3 S4 S5 SJ SK H2 H3 H4 H9 HK
S: C3 C9 CJ CA D4 D5 DA S2 S8 S9 H2 HT HK
W: C2 C5 CT CQ CK D6 SQ SK H5 H6 H9 HJ HQ
N: C4 C6 C7 D2 D7 DJ DQ S6 ST SA H3 H4 HA
E: C8 D3 D8 D9 DT DK S3 S4 S5 S7 SJ H7 H8
S: C3 C9 D3 D5 D6 D7 DT DQ S3 SQ SK H4 HT
W: C2 C4 C7 CJ CQ CK D8 S6 S7 SA H6 H9 HQ
N: C5 C8 CT D2 D9 S2 S5 S8 ST SJ H3 HJ HA
E: C6 CA D4 DJ DK DA S4 S9 H2 H5 H7 H8 HK
S: C2 C7 CT CA D7 DK S9 H3 H4 H7 H9 HJ HQ
W: C5 D2 DT DQ S4 S8 ST SJ SQ H2 H5 H8 HA
N: C6 C9 CJ CQ D3 D4 D5 D6 D9 S3 SK H6 HK
E: C3 C4 C8 CK D8 DJ DA S2 S5 S6 S7 SA HT
S: C2 C3 C7 CA D6 D7 DK S5 H2 H3 H5 H6 HK
W: C4 CT CQ D4 D8 S2 S9 SQ SK SA H8 H9 HT
N: C9 CJ D3 D5 D9 DT S3 S4 S6 S8 SJ H7 HA
E: C5 C6 C8 CK D2 DJ DQ DA S7 ST H4 HJ HQ
S: C3 C4 C5 C7 CT D6 D7 DK S7 ST H9 HK HA
W: C8 CQ D2 D8 DT DA S2 S9 H2 H5 H6 HT HQ
N: C6 C9 D3 D4 D5 D9 S3 S4 S6 S8 SJ SQ SK
E: C2 CJ CK CA DJ DQ S5 SA H3 H4 H7 H8 HJ
S: C2 C6 C8 CT CQ CK D6 D8 D9 S2 S7 S9 ST
W: C5 CJ CA D2 DJ DA SQ SK H4 HT HJ HQ HK
N: C3 C4 C7 C9 D7 DK S3 SJ SA H2 H6 H8 H9
E: D3 D4 D5 DT DQ S4 S5 S6 S8 H3 H5 H7 HA
S: C3 C4 C9 DQ S2 S3 S4 S8 SJ SK H2 H3 H4
W: C2 C6 C8 CK CA D5 D7 D9 DA S7 H5 H7 HT
N: CT CJ D3 D4 DT DJ S6 S9 SA HJ HQ HK HA
E: C5 C7 CQ D2 D6 D8 DK S5 ST SQ H6 H8 H9
S: C5 C7 C8 CT D5 DJ DK S2 S8 S9 ST H3 HA
W: C2 C3 C6 CJ CK D3 S4 S5 SA H2 H6 H7 HT
N: C4 C9 CQ CA D6 D7 D8 DT S7 SJ H4 H5 HK
E: D2 D4 D9 DQ DA S3 S6 SQ SK H8 H9 HJ HQ
S: C8 CT D4 D9 DT S2 S3 SQ SA H2 H3 H5 HJ
W: C2 C4 C7 C9 CA D6 DJ DQ S8 S9 H8 H9 HA
N: C3 CJ CQ D2 D3 D5 S7 SK H4 H7 HT HQ HK
E: C5 C6 CK D7 D8 DK DA S4 S5 S6 ST SJ H6
S: C3 C5 C8 CJ D2 S3 S8 ST SJ SK SA HT HA
W: C9 CT D6 D7 D8 D9 S2 S6 SQ H7 H9 HJ HQ
N: C4 C6 CQ D3 D4 DJ DQ DK DA S9 H2 H8 HK
E: C2 C7 CK CA D5 DT S4 S5 S7 H3 H4 H5 H6
S: C2 C3 D2 D8 S6 S8 SQ SK SA H3 H5 HT HA
W: C6 C9 CQ D5 D6 D7 DT DK DA S5 S7 H7 HK
N: C4 C7 CT CJ D3 D9 DQ S3 ST H2 H4 H8 HQ
E: C5 C8 CK CA D4 DJ S2 S4 S9 SJ H6 H9 HJ
S: C6 C8 C9 CQ CA D5 DT DA S6 ST H8 HJ HA
W: C5 C7 CK D4 D7 D8 D9 DJ S8 SJ SK H3 H9
N: C2 CT D3 D6 DK S2 S3 S4 S5 H2 H5 H6 HK
E: C3 C4 CJ D2 DQ S7 S9 SQ SA H4 H7 HT HQ
S: C2 C7 CK D2 D8 DK DA S7 ST SQ H2 H7 H9
W: C3 C4 C6 D3 D4 D5 D7 DJ S2 S3 S8 H3 HQ
N: C8 CT CJ CQ D9 DQ S6 S9 SK H4 H6 H8 HA
E: C5 C9 CA D6 DT S4 S5 SJ SA H5 HT HJ HK
S: C3 C5 C7 C8 C9 D5 D7 DT S2 S4 ST SK HA
W: CJ CQ D4 D6 S5 S7 SQ H4 H8 HT HJ HQ HK
N: CT CA D2 D8 D9 DQ S3 S8 S9 H2 H3 H5 H6
E: C2 C4 C6 CK D3 DJ DK DA S6 SJ SA H7 H9
S: C7 CT CK D7 D8 DQ DA S5 S6 S9 SJ H4 HT
W: C6 C8 D4 D5 D9 S3 S4 S8 ST SQ H3 H9 HK
N: C5 CJ CQ CA D6 DT DJ DK SA H2 H5 H7 HJ
E: C2 C3 C4 C9 D2 D3 S2 S7 SK H6 H8 HQ HA
S: C6 C8 C9 D3 DT DJ DQ DA S2 ST H2 HT HK
W: C2 CT CK D2 D4 DK S4 S5 S8 SJ SQ H5 HQ
N: C3 C4 C5 C7 CJ D7 D8 D9 S6 S9 SA H4 H7
E: CQ CA D5 D6 S3 S7 SK H3 H6 H8 H9 HJ HA
S: C4 C6 C7 D4 D7 DT DK S3 S6 SJ H2 H3 HQ
W: C5 C9 CK CA D3 D5 D8 DJ DA S2 S4 H5 H6
N: D2 D6 D9 S7 S8 S9 ST SK SA H4 H7 H8 HJ
E: C2 C3 C8 CT CJ CQ DQ S5 SQ H9 HT HK HA
S: C4 C6 C8 CT CJ DJ DQ DK S2 S5 H8 H9 HQ
W: C9 D2 D5 D7 D8 S8 S9 ST SJ SQ H6 HJ HK
N: C2 CQ CK D6 DT S3 S4 S6 SA H2 H5 H7 HA
E: C3 C5 C7 CA D3 D4 D9 DA S7 SK H3 H4 HT
S: C3 C5 CQ CK D3 D8 S7 S9 ST SJ H7 H8 HT
W: C6 C7 CT CA D5 DK S2 S5 S8 SQ SK H2 H6
N: C2 C9 D4 D6 D7 D9 DQ S4 SA H3 H5 HJ HA
E: C4 C8 CJ D2 DT DJ DA S3 S6 H4 H9 HQ HK
S: C2 C3 CQ CK D2 D3 D6 D8 DJ DK S6 H9 HJ
W: CJ DT S2 S4 S8 SQ SK SA H2 H4 H7 H8 HA
N: C5 C6 C7 C9 D5 D7 D9 DQ S7 ST H3 HT HK
E: C4 C8 CT CA D4 DA S3 S5 S9 SJ H5 H6 HQ
S: C2 C4 CQ D2 D5 D6 D8 DT DJ S4 S9 HQ HK
W: C3 D3 D4 D9 DQ DK SJ H3 H5 H8 H9 HT HA
N: C5 C8 C9 CT CJ CK ST SQ H2 H4 H6 H7 HJ
E: C6 C7 CA D7 DA S2 S3 S5 S6 S7 S8 SK SA
S: C5 C7 C9 CK D2 D6 S2 S5 S6 S7 SJ SA HK
W: C6 CJ CA D9 DT S3 S8 S9 ST SK H6 HQ HA
N: C2 C3 D3 D5 D7 D8 DQ DK H3 H4 H8 HT HJ
E: C4 C8 CT CQ D4 DJ DA S4 SQ H2 H5 H7 H9
S: C4 C9 CJ D6 D8 D9 DA S3 S8 H5 H7 H8 HT
W: C3 D4 D7 DT DJ S2 S6 S9 SQ SA H4 H6 HQ
N: C2 C7 CT D3 D5 DQ DK S4 ST H2 H3 HK HA
E: C5 C6 C8 CQ CK CA D2 S5 S7 SJ SK H9 HJ
S: C3 C8 CT CK DQ DA S7 S8 SQ SK H4 H8 HJ
W: C4 C9 CQ CA D3 D5 DT DK S3 S9 ST HQ HK
N: C2 CJ D6 D7 D9 DJ S5 S6 SJ H2 H5 H9 HT
E: C5 C6 C7 D2 D4 D8 S2 S4 SA H3 H6 H7 HA
S: C5 C9 CQ D5 D9 DT DJ S2 S9 SQ H3 H5 HJ
W: C2 C7 D2 D4 D8 DQ S4 S8 H2 H4 H6 HT HQ
N: C3 C4 C6 CK D6 D7 DA S3 S6 SJ SK SA H9
E: C8 CT CJ CA D3 DK S5 S7 ST H7 H8 HK HA
S: C4 C6 C7 C8 CT CJ CQ CK DQ S4 S9 SJ H8
W: C3 C5 C9 D6 DT DK S7 SK SA H2 H5 HJ HK
N: D2 D3 D8 D9 DJ DA S2 S8 ST H3 H6 HQ HA
E: C2 CA D4 D5 D7 S3 S5 S6 SQ H4 H7 H9 HT
S: C3 C5 C8 C9 CJ DJ DA S5 S7 ST SQ HJ HA
W: C6 C7 CA D7 DK S4 S6 S9 SA H5 H6 H8 H9
N: C2 C4 CQ D3 D4 D5 DT DQ S3 S8 H2 H4 H7
E: CT CK D2 D6 D8 D9 S2 SJ SK H3 HT HQ HK
S: C4 C6 D3 D5 D6 DA S6 ST SK H2 H3 H4 HT
W: C3 C7 CT CQ CK CA D2 DK S3 S8 SA H7 H9
N: C8 C9 CJ D7 D8 D9 DQ S5 S7 SQ H6 H8 HA
E: C2 C5 D4 DT DJ S2 S4 S9 SJ H5 HJ HQ HK
S: C4 C7 CT D4 DT DK S3 S4 H5 H7 HT HK HA
W: C2 C3 C5 C8 D2 D6 D7 DJ S7 SK H8 HJ HQ
N: C9 CJ CQ D8 D9 DQ S5 ST SJ H2 H3 H4 H6
E: C6 CK CA D3 D5 DA S2 S6 S8 S9 SQ SA H9
S: C5 CT CK CA D2 D4 D5 D6 H2 H3 H7 H8 HT
W: C3 C7 C9 D7 D8 DK S2 S7 SQ H4 HJ HQ HA
N: C6 D3 D9 DJ DA S3 S4 S6 S9 SJ SA H6 H9
E: C2 C4 C8 CJ CQ DT DQ S5 S8 ST SK H5 HK
S: C4 C7 C8 C9 CT CJ D5 DJ DQ S9 SA H7 HQ
W: C5 CK D2 D8 DA S2 S3 S5 S8 H5 H6 HJ HK
N: C3 C6 CQ D3 D6 D7 D9 DT DK SQ H2 HT HA
E: C2 CA D4 S4 S6 S7 ST SJ SK H3 H4 H8 H9
S: C6 C7 C9 CJ D4 DT DK S2 S7 SJ H2 H6 HQ
W: CK D5 DJ DQ DA S3 S5 S9 ST SQ H3 H4 H8
N: C3 C5 C8 CT CA D3 D7 S8 SK SA H5 H9 HK
E: C2 C4 CQ D2 D6 D8 D9 S4 S6 H7 HT HJ HA
S: C6 C8 C9 D3 DT DJ DA S4 S8 ST H8 H9 HA
W: CT CQ CK CA D4 D5 D7 D8 S2 S6 SQ SK H7
N: C4 C7 CJ S5 S7 S9 SJ H2 H3 H5 H6 HT HJ
E: C2 C3 C5 D2 D6 D9 DQ DK S3 SA H4 HQ HK
S: CJ CA D4 D5 D9 DJ S4 S7 SJ SQ H5 H7 HQ
W: C9 CT CQ D3 D7 D8 DT DQ S3 S6 S9 H2 H6
N: C3 C4 C8 CK DK DA SK SA H4 HT HJ HK HA
E: C2 C5 C6 C7 D2 D6 S2 S5 S8 ST H3 H8 H9
S: CT D7 DT DK S3 S5 S8 SQ SK H4 HT HQ HA
W: C2 C5 C6 CQ D5 D8 DQ S2 S6 ST H7 HJ HK
N: C3 C8 CA D3 D6 DA S4 SJ SA H2 H5 H6 H9
E: C4 C7 C9 CJ CK D2 D4 D9 DJ S7 S9 H3 H8
S: C2 C4 C9 CQ D3 D8 DK S4 ST SA H5 H8 HA
W: C3 C6 CT D4 D5 D7 DJ S3 S6 S9 SQ H7 HJ
N: C5 C8 CK CA D6 D9 DT DA S5 S7 HT HQ HK
E: C7 CJ D2 DQ S2 S8 SJ SK H2 H3 H4 H6 H9
S: C4 CJ D3 D6 DT S2 S9 SA H2 H5 H6 H7 H9
W: C2 C5 C7 CQ D5 D7 S6 ST SJ H3 HT HJ HK
N: C6 CA D2 D8 D9 DJ DQ DK S3 S4 S7 H4 H8
E: C3 C8 C9 CT CK D4 DA S5 S8 SQ SK HQ HA
S: C6 C7 D2 D4 S3 S4 S8 SJ H3 H6 H8 HQ HA
W: C4 C5 C8 CQ D5 D7 D9 DQ S2 S5 S6 ST H5
N: C3 C9 CJ CK CA D8 DK DA SK H4 H7 HT HK
E: C2 CT D3 D6 DT DJ S7 S9 SQ SA H2 H9 HJ
S: C3 C4 C9 CQ CK D5 DA S7 S9 SQ SK SA HJ
W: C7 CA D3 D6 D9 DK S5 S6 SJ H4 H9 HT HA
N: C5 CT D2 DJ S3 S4 S8 ST H3 H5 H6 H7 HK
E: C2 C6 C8 CJ D4 D7 D8 DT DQ S2 H2 H8 HQ
S: C2 C8 CT D9 DA S5 S6 S7 SQ SK H4 HT HK
W: CK D2 D3 DT S2 S3 S4 ST SJ H5 H6 H8 HQ
N: C5 C7 C9 CJ CQ CA D8 S8 H2 H3 H7 H9 HA
E: C3 C4 C6 D4 D5 D6 D7 DJ DQ DK S9 SA HJ
S: C2 C7 C8 CQ D2 D8 DJ DA S6 S7 SA H5 HK
W: C6 CT D3 D6 D7 DK S2 H2 H3 H7 H8 HJ HQ
N: C3 C5 CJ CA D4 D9 DQ S4 S5 SK H6 HT HA
E: C4 C9 CK D5 DT S3 S8 S9 ST SJ SQ H4 H9
S: C3 C7 C8 CK CA D3 D6 D8 ST SK H5 H9 HQ
W: C2 C5 CJ D2 D5 DJ S2 S9 SJ H2 H3 H4 HJ
N: C6 CT D7 D9 DQ DK DA S5 S7 SA H7 HK HA
E: C4 C9 CQ D4 DT S3 S4 S6 S8 SQ H6 H8 HT
S: C4 C9 CA D5 DT DA S2 S7 S8 S9 SA H9 HK
W: C6 C7 C8 CK D6 D8 S3 S4 ST SQ H8 HJ HQ
N: C3 CT CQ D2 D9 DQ S5 SJ H4 H6 H7 HT HA
E: C2 C5 CJ D3 D4 D7 DJ DK S6 SK H2 H3 H5
