0
1
1
1
1
2
2
2
2
3
3
3
3
4
4
4
4
5
5
5
5
6
6
6
6
7
7
7
7
8
8
8
8
9
9
9
9
10
10
10
10
11
11
11
11
12
12
12
12
13
13
13
13
14
14
14
14
15
15
15
15
16
16
16
16
17
17
17
17
18
18
18
18
19
19
19
19
20
20
20
20
21
21
21
21
22
22
22
22
23
23
23
23
24
24
24
24
25
25
25
25
26
26
26
26
27
27
27
27
28
28
28
28
29
29
29
29
30
30
30
30
31
31
31
31
32
32
32
32
33
33
33
33
34
34
34
34
35
35
35
35
36
36
36
36
37
37
37
37
38
38
38
38
39
39
39
39
40
40
40
40
41
41
41
41
42
42
42
42
43
43
43
43
44
44
44
44
45
45
45
45
46
46
46
46
47
1
1
2
2
3
3
4
4
5
5
6
6
7
7
8
8
9
9
10
10
11
11
12
12
13
13
14
14
15
15
16
16
17
17
18
18
19
19
20
20
21
21
22
22
23
23
24
24
25
25
26
26
27
27
28
28
29
29
30
30
31
31
32
32
33
33
34
34
35
35
36
36
37
37
38
38
39
39
40
40
41
41
42
42
43
43
44
44
45
45
46
46
47
47
48
48
49
49
50
50
51
51
52
52
53
53
54
54
55
55
56
56
57
57
58
58
59
59
60
60
61
61
62
62
63
63
64
64
65
65
66
66
67
67
68
68
69
69
70
70
71
71
72
72
73
73
74
74
75
75
76
76
77
77
78
78
79
79
80
80
81
81
82
82
83
83
84
84
85
85
86
86
87
87
88
88
89
89
90
90
91
91
92
92
93
93
1
2
3
3
4
5
6
6
7
8
9
9
10
11
12
12
13
14
15
15
16
17
18
18
19
20
21
21
22
23
24
24
25
26
27
27
28
29
30
30
31
32
33
33
34
35
36
36
37
38
39
39
40
41
42
42
43
44
45
45
46
47
48
48
49
50
51
51
52
53
54
54
55
56
57
57
58
59
60
60
61
62
63
63
64
65
66
66
67
68
69
69
70
71
72
72
73
74
75
75
76
77
78
78
79
80
81
81
82
83
84
84
85
86
87
87
88
89
90
90
91
92
93
93
94
95
96
96
97
98
99
99
100
101
102
102
103
104
105
105
106
107
108
108
109
110
111
111
112
113
114
114
115
116
117
117
118
119
120
120
121
122
123
123
124
125
126
126
127
128
129
129
130
131
132
132
133
134
135
135
136
137
138
138
139
140
2
2
4
4
6
6
8
8
10
10
12
12
14
14
16
16
18
18
20
20
22
22
24
24
26
26
28
28
30
30
32
32
34
34
36
36
38
38
40
40
42
42
44
44
46
46
48
48
50
50
52
52
54
54
56
56
58
58
60
60
62
62
64
64
66
66
68
68
70
70
72
72
74
74
76
76
78
78
80
80
82
82
84
84
86
86
88
88
90
90
92
92
94
94
96
96
98
98
100
100
102
102
104
104
106
106
108
108
110
110
112
112
114
114
116
116
118
118
120
120
122
122
124
124
126
126
128
128
130
130
132
132
134
134
136
136
138
138
140
140
142
142
144
144
146
146
148
148
150
150
152
152
154
154
156
156
158
158
160
160
162
162
164
164
166
166
168
168
170
170
172
172
174
174
176
176
178
178
180
180
182
182
184
184
186
186
2
3
5
5
7
8
10
10
12
13
15
15
17
18
20
20
22
23
25
25
27
28
30
30
32
33
35
35
37
38
40
40
42
43
45
45
47
48
50
50
52
53
55
55
57
58
60
60
62
63
65
65
67
68
70
70
72
73
75
75
77
78
80
80
82
83
85
85
87
88
90
90
92
93
95
95
97
98
100
100
102
103
105
105
107
108
110
110
112
113
115
115
117
118
120
120
122
123
125
125
127
128
130
130
132
133
135
135
137
138
140
140
142
143
145
145
147
148
150
150
152
153
155
155
157
158
160
160
162
163
165
165
167
168
170
170
172
173
175
175
177
178
180
180
182
183
185
185
187
188
190
190
192
193
195
195
197
198
200
200
202
203
205
205
207
208
210
210
212
213
215
215
217
218
220
220
222
223
225
225
227
228
230
230
232
233
3
3
6
6
9
9
12
12
15
15
18
18
21
21
24
24
27
27
30
30
33
33
36
36
39
39
42
42
45
45
48
48
51
51
54
54
57
57
60
60
63
63
66
66
69
69
72
72
75
75
78
78
81
81
84
84
87
87
90
90
93
93
96
96
99
99
102
102
105
105
108
108
111
111
114
114
117
117
120
120
123
123
126
126
129
129
132
132
135
135
138
138
141
141
144
144
147
147
150
150
153
153
156
156
159
159
162
162
165
165
168
168
171
171
174
174
177
177
180
180
183
183
186
186
189
189
192
192
195
195
198
198
201
201
204
204
207
207
210
210
213
213
216
216
219
219
222
222
225
225
228
228
231
231
234
234
237
237
240
240
243
243
246
246
249
249
252
252
255
255
258
258
261
261
264
264
267
267
270
270
273
273
276
276
279
279
3
4
7
7
10
11
14
14
17
18
21
21
24
25
28
28
31
32
35
35
38
39
42
42
45
46
49
49
52
53
56
56
59
60
63
63
66
67
70
70
73
74
77
77
80
81
84
84
87
88
91
91
94
95
98
98
101
102
105
105
108
109
112
112
115
116
119
119
122
123
126
126
129
130
133
133
136
137
140
140
143
144
147
147
150
151
154
154
157
158
161
161
164
165
168
168
171
172
175
175
178
179
182
182
185
186
189
189
192
193
196
196
199
200
203
203
206
207
210
210
213
214
217
217
220
221
224
224
227
228
231
231
234
235
238
238
241
242
245
245
248
249
252
252
255
256
259
259
262
263
266
266
269
270
273
273
276
277
280
280
283
284
287
287
290
291
294
294
297
298
301
301
304
305
308
308
311
312
315
315
318
319
322
322
325
326
4
4
8
8
12
12
16
16
20
20
24
24
28
28
32
32
36
36
40
40
44
44
48
48
52
52
56
56
60
60
64
64
68
68
72
72
76
76
80
80
84
84
88
88
92
92
96
96
100
100
104
104
108
108
112
112
116
116
120
120
124
124
128
128
132
132
136
136
140
140
144
144
148
148
152
152
156
156
160
160
164
164
168
168
172
172
176
176
180
180
184
184
188
188
192
192
196
196
200
200
204
204
208
208
212
212
216
216
220
220
224
224
228
228
232
232
236
236
240
240
244
244
248
248
252
252
256
256
260
260
264
264
268
268
272
272
276
276
280
280
284
284
288
288
292
292
296
296
300
300
304
304
308
308
312
312
316
316
320
320
324
324
328
328
332
332
336
336
340
340
344
344
348
348
352
352
356
356
360
360
364
364
368
368
372
372
4
5
9
9
13
14
18
18
22
23
27
27
31
32
36
36
40
41
45
45
49
50
54
54
58
59
63
63
67
68
72
72
76
77
81
81
85
86
90
90
94
95
99
99
103
104
108
108
112
113
117
117
121
122
126
126
130
131
135
135
139
140
144
144
148
149
153
153
157
158
162
162
166
167
171
171
175
176
180
180
184
185
189
189
193
194
198
198
202
203
207
207
211
212
216
216
220
221
225
225
229
230
234
234
238
239
243
243
247
248
252
252
256
257
261
261
265
266
270
270
274
275
279
279
283
284
288
288
292
293
297
297
301
302
306
306
310
311
315
315
319
320
324
324
328
329
333
333
337
338
342
342
346
347
351
351
355
356
360
360
364
365
369
369
373
374
378
378
382
383
387
387
391
392
396
396
400
401
405
405
409
410
414
414
418
419
5
5
10
10
15
15
20
20
25
25
30
30
35
35
40
40
45
45
50
50
55
55
60
60
65
65
70
70
75
75
80
80
85
85
90
90
95
95
100
100
105
105
110
110
115
115
120
120
125
125
130
130
135
135
140
140
145
145
150
150
155
155
160
160
165
165
170
170
175
175
180
180
185
185
190
190
195
195
200
200
205
205
210
210
215
215
220
220
225
225
230
230
235
235
240
240
245
245
250
250
255
255
260
260
265
265
270
270
275
275
280
280
285
285
290
290
295
295
300
300
305
305
310
310
315
315
320
320
325
325
330
330
335
335
340
340
345
345
350
350
355
355
360
360
365
365
370
370
375
375
380
380
385
385
390
390
395
395
400
400
405
405
410
410
415
415
420
420
425
425
430
430
435
435
440
440
445
445
450
450
455
455
460
460
465
465
5
6
11
11
16
17
22
22
27
28
33
33
38
39
44
44
49
50
55
55
60
61
66
66
71
72
77
77
82
83
88
88
93
94
99
99
104
105
110
110
115
116
121
121
126
127
132
132
137
138
143
143
148
149
154
154
159
160
165
165
170
171
176
176
181
182
187
187
192
193
198
198
203
204
209
209
214
215
220
220
225
226
231
231
236
237
242
242
247
248
253
253
258
259
264
264
269
270
275
275
280
281
286
286
291
292
297
297
302
303
308
308
313
314
319
319
324
325
330
330
335
336
341
341
346
347
352
352
357
358
363
363
368
369
374
374
379
380
385
385
390
391
396
396
401
402
407
407
412
413
418
418
423
424
429
429
434
435
440
440
445
446
451
451
456
457
462
462
467
468
473
473
478
479
484
484
489
490
495
495
500
501
506
506
511
512
6
6
12
12
18
18
24
24
30
30
36
36
42
42
48
48
54
54
60
60
66
66
72
72
78
78
84
84
90
90
96
96
102
102
108
108
114
114
120
120
126
126
132
132
138
138
144
144
150
150
156
156
162
162
168
168
174
174
180
180
186
186
192
192
198
198
204
204
210
210
216
216
222
222
228
228
234
234
240
240
246
246
252
252
258
258
264
264
270
270
276
276
282
282
288
288
294
294
300
300
306
306
312
312
318
318
324
324
330
330
336
336
342
342
348
348
354
354
360
360
366
366
372
372
378
378
384
384
390
390
396
396
402
402
408
408
414
414
420
420
426
426
432
432
438
438
444
444
450
450
456
456
462
462
468
468
474
474
480
480
486
486
492
492
498
498
504
504
510
510
516
516
522
522
528
528
534
534
540
540
546
546
552
552
558
558
6
7
13
13
19
20
26
26
32
33
39
39
45
46
52
52
58
59
65
65
71
72
78
78
84
85
91
91
97
98
104
104
110
111
117
117
123
124
130
130
136
137
143
143
149
150
156
156
162
163
169
169
175
176
182
182
188
189
195
195
201
202
208
208
214
215
221
221
227
228
234
234
240
241
247
247
253
254
260
260
266
267
273
273
279
280
286
286
292
293
299
299
305
306
312
312
318
319
325
325
331
332
338
338
344
345
351
351
357
358
364
364
370
371
377
377
383
384
390
390
396
397
403
403
409
410
416
416
422
423
429
429
435
436
442
442
448
449
455
455
461
462
468
468
474
475
481
481
487
488
494
494
500
501
507
507
513
514
520
520
526
527
533
533
539
540
546
546
552
553
559
559
565
566
572
572
578
579
585
585
591
592
598
598
604
605
7
7
14
14
21
21
28
28
35
35
42
42
49
49
56
56
63
63
70
70
77
77
84
84
91
91
98
98
105
105
112
112
119
119
126
126
133
133
140
140
147
147
154
154
161
161
168
168
175
175
182
182
189
189
196
196
203
203
210
210
217
217
224
224
231
231
238
238
245
245
252
252
259
259
266
266
273
273
280
280
287
287
294
294
301
301
308
308
315
315
322
322
329
329
336
336
343
343
350
350
357
357
364
364
371
371
378
378
385
385
392
392
399
399
406
406
413
413
420
420
427
427
434
434
441
441
448
448
455
455
462
462
469
469
476
476
483
483
490
490
497
497
504
504
511
511
518
518
525
525
532
532
539
539
546
546
553
553
560
560
567
567
574
574
581
581
588
588
595
595
602
602
609
609
616
616
623
623
630
630
637
637
644
644
651
651
7
8
15
15
22
23
30
30
37
38
45
45
52
53
60
60
67
68
75
75
82
83
90
90
97
98
105
105
112
113
120
120
127
128
135
135
142
143
150
150
157
158
165
165
172
173
180
180
187
188
195
195
202
203
210
210
217
218
225
225
232
233
240
240
247
248
255
255
262
263
270
270
277
278
285
285
292
293
300
300
307
308
315
315
322
323
330
330
337
338
345
345
352
353
360
360
367
368
375
375
382
383
390
390
397
398
405
405
412
413
420
420
427
428
435
435
442
443
450
450
457
458
465
465
472
473
480
480
487
488
495
495
502
503
510
510
517
518
525
525
532
533
540
540
547
548
555
555
562
563
570
570
577
578
585
585
592
593
600
600
607
608
615
615
622
623
630
630
637
638
645
645
652
653
660
660
667
668
675
675
682
683
690
690
697
698
8
8
16
16
24
24
32
32
40
40
48
48
56
56
64
64
72
72
80
80
88
88
96
96
104
104
112
112
120
120
128
128
136
136
144
144
152
152
160
160
168
168
176
176
184
184
192
192
200
200
208
208
216
216
224
224
232
232
240
240
248
248
256
256
264
264
272
272
280
280
288
288
296
296
304
304
312
312
320
320
328
328
336
336
344
344
352
352
360
360
368
368
376
376
384
384
392
392
400
400
408
408
416
416
424
424
432
432
440
440
448
448
456
456
464
464
472
472
480
480
488
488
496
496
504
504
512
512
520
520
528
528
536
536
544
544
552
552
560
560
568
568
576
576
584
584
592
592
600
600
608
608
616
616
624
624
632
632
640
640
648
648
656
656
664
664
672
672
680
680
688
688
696
696
704
704
712
712
720
720
728
728
736
736
744
744
8
9
17
17
25
26
34
34
42
43
51
51
59
60
68
68
76
77
85
85
93
94
102
102
110
111
119
119
127
128
136
136
144
145
153
153
161
162
170
170
178
179
187
187
195
196
204
204
212
213
221
221
229
230
238
238
246
247
255
255
263
264
272
272
280
281
289
289
297
298
306
306
314
315
323
323
331
332
340
340
348
349
357
357
365
366
374
374
382
383
391
391
399
400
408
408
416
417
425
425
433
434
442
442
450
451
459
459
467
468
476
476
484
485
493
493
501
502
510
510
518
519
527
527
535
536
544
544
552
553
561
561
569
570
578
578
586
587
595
595
603
604
612
612
620
621
629
629
637
638
646
646
654
655
663
663
671
672
680
680
688
689
697
697
705
706
714
714
722
723
731
731
739
740
748
748
756
757
765
765
773
774
782
782
790
791
9
9
18
18
27
27
36
36
45
45
54
54
63
63
72
72
81
81
90
90
99
99
108
108
117
117
126
126
135
135
144
144
153
153
162
162
171
171
180
180
189
189
198
198
207
207
216
216
225
225
234
234
243
243
252
252
261
261
270
270
279
279
288
288
297
297
306
306
315
315
324
324
333
333
342
342
351
351
360
360
369
369
378
378
387
387
396
396
405
405
414
414
423
423
432
432
441
441
450
450
459
459
468
468
477
477
486
486
495
495
504
504
513
513
522
522
531
531
540
540
549
549
558
558
567
567
576
576
585
585
594
594
603
603
612
612
621
621
630
630
639
639
648
648
657
657
666
666
675
675
684
684
693
693
702
702
711
711
720
720
729
729
738
738
747
747
756
756
765
765
774
774
783
783
792
792
801
801
810
810
819
819
828
828
837
837
9
10
19
19
28
29
38
38
47
48
57
57
66
67
76
76
85
86
95
95
104
105
114
114
123
124
133
133
142
143
152
152
161
162
171
171
180
181
190
190
199
200
209
209
218
219
228
228
237
238
247
247
256
257
266
266
275
276
285
285
294
295
304
304
313
314
323
323
332
333
342
342
351
352
361
361
370
371
380
380
389
390
399
399
408
409
418
418
427
428
437
437
446
447
456
456
465
466
475
475
484
485
494
494
503
504
513
513
522
523
532
532
541
542
551
551
560
561
570
570
579
580
589
589
598
599
608
608
617
618
627
627
636
637
646
646
655
656
665
665
674
675
684
684
693
694
703
703
712
713
722
722
731
732
741
741
750
751
760
760
769
770
779
779
788
789
798
798
807
808
817
817
826
827
836
836
845
846
855
855
864
865
874
874
883
884
10
10
20
20
30
30
40
40
50
50
60
60
70
70
80
80
90
90
100
100
110
110
120
120
130
130
140
140
150
150
160
160
170
170
180
180
190
190
200
200
210
210
220
220
230
230
240
240
250
250
260
260
270
270
280
280
290
290
300
300
310
310
320
320
330
330
340
340
350
350
360
360
370
370
380
380
390
390
400
400
410
410
420
420
430
430
440
440
450
450
460
460
470
470
480
480
490
490
500
500
510
510
520
520
530
530
540
540
550
550
560
560
570
570
580
580
590
590
600
600
610
610
620
620
630
630
640
640
650
650
660
660
670
670
680
680
690
690
700
700
710
710
720
720
730
730
740
740
750
750
760
760
770
770
780
780
790
790
800
800
810
810
820
820
830
830
840
840
850
850
860
860
870
870
880
880
890
890
900
900
910
910
920
920
930
930
10
11
21
21
31
32
42
42
52
53
63
63
73
74
84
84
94
95
105
105
115
116
126
126
136
137
147
147
157
158
168
168
178
179
189
189
199
200
210
210
220
221
231
231
241
242
252
252
262
263
273
273
283
284
294
294
304
305
315
315
325
326
336
336
346
347
357
357
367
368
378
378
388
389
399
399
409
410
420
420
430
431
441
441
451
452
462
462
472
473
483
483
493
494
504
504
514
515
525
525
535
536
546
546
556
557
567
567
577
578
588
588
598
599
609
609
619
620
630
630
640
641
651
651
661
662
672
672
682
683
693
693
703
704
714
714
724
725
735
735
745
746
756
756
766
767
777
777
787
788
798
798
808
809
819
819
829
830
840
840
850
851
861
861
871
872
882
882
892
893
903
903
913
914
924
924
934
935
945
945
955
956
966
966
976
977
11
11
22
22
33
33
44
44
55
55
66
66
77
77
88
88
99
99
110
110
121
121
132
132
143
143
154
154
165
165
176
176
187
187
198
198
209
209
220
220
231
231
242
242
253
253
264
264
275
275
286
286
297
297
308
308
319
319
330
330
341
341
352
352
363
363
374
374
385
385
396
396
407
407
418
418
429
429
440
440
451
451
462
462
473
473
484
484
495
495
506
506
517
517
528
528
539
539
550
550
561
561
572
572
583
583
594
594
605
605
616
616
627
627
638
638
649
649
660
660
671
671
682
682
693
693
704
704
715
715
726
726
737
737
748
748
759
759
770
770
781
781
792
792
803
803
814
814
825
825
836
836
847
847
858
858
869
869
880
880
891
891
902
902
913
913
924
924
935
935
946
946
957
957
968
968
979
979
990
990
1001
1001
1012
1012
1023
1023
11
12
23
23
34
35
46
46
57
58
69
69
80
81
92
92
103
104
115
115
126
127
138
138
149
150
161
161
172
173
184
184
195
196
207
207
218
219
230
230
241
242
253
253
264
265
276
276
287
288
299
299
310
311
322
322
333
334
345
345
356
357
368
368
379
380
391
391
402
403
414
414
425
426
437
437
448
449
460
460
471
472
483
483
494
495
506
506
517
518
529
529
540
541
552
552
563
564
575
575
586
587
598
598
609
610
621
621
632
633
644
644
655
656
667
667
678
679
690
690
701
702
713
713
724
725
736
736
747
748
759
759
770
771
782
782
793
794
805
805
816
817
828
828
839
840
851
851
862
863
874
874
885
886
897
897
908
909
920
920
931
932
943
943
954
955
966
966
977
978
989
989
1000
1001
1012
1012
1023
1024
1035
1035
1046
1047
1058
1058
1069
1070
12
12
24
24
36
36
48
48
60
60
72
72
84
84
96
96
108
108
120
120
132
132
144
144
156
156
168
168
180
180
192
192
204
204
216
216
228
228
240
240
252
252
264
264
276
276
288
288
300
300
312
312
324
324
336
336
348
348
360
360
372
372
384
384
396
396
408
408
420
420
432
432
444
444
456
456
468
468
480
480
492
492
504
504
516
516
528
528
540
540
552
552
564
564
576
576
588
588
600
600
612
612
624
624
636
636
648
648
660
660
672
672
684
684
696
696
708
708
720
720
732
732
744
744
756
756
768
768
780
780
792
792
804
804
816
816
828
828
840
840
852
852
864
864
876
876
888
888
900
900
912
912
924
924
936
936
948
948
960
960
972
972
984
984
996
996
1008
1008
1020
1020
1032
1032
1044
1044
1056
1056
1068
1068
1080
1080
1092
1092
1104
1104
1116
1116
12
13
25
25
37
38
50
50
62
63
75
75
87
88
100
100
112
113
125
125
137
138
150
150
162
163
175
175
187
188
200
200
212
213
225
225
237
238
250
250
262
263
275
275
287
288
300
300
312
313
325
325
337
338
350
350
362
363
375
375
387
388
400
400
412
413
425
425
437
438
450
450
462
463
475
475
487
488
500
500
512
513
525
525
537
538
550
550
562
563
575
575
587
588
600
600
612
613
625
625
637
638
650
650
662
663
675
675
687
688
700
700
712
713
725
725
737
738
750
750
762
763
775
775
787
788
800
800
812
813
825
825
837
838
850
850
862
863
875
875
887
888
900
900
912
913
925
925
937
938
950
950
962
963
975
975
987
988
1000
1000
1012
1013
1025
1025
1037
1038
1050
1050
1062
1063
1075
1075
1087
1088
1100
1100
1112
1113
1125
1125
1137
1138
1150
1150
1162
1163
13
13
26
26
39
39
52
52
65
65
78
78
91
91
104
104
117
117
130
130
143
143
156
156
169
169
182
182
195
195
208
208
221
221
234
234
247
247
260
260
273
273
286
286
299
299
312
312
325
325
338
338
351
351
364
364
377
377
390
390
403
403
416
416
429
429
442
442
455
455
468
468
481
481
494
494
507
507
520
520
533
533
546
546
559
559
572
572
585
585
598
598
611
611
624
624
637
637
650
650
663
663
676
676
689
689
702
702
715
715
728
728
741
741
754
754
767
767
780
780
793
793
806
806
819
819
832
832
845
845
858
858
871
871
884
884
897
897
910
910
923
923
936
936
949
949
962
962
975
975
988
988
1001
1001
1014
1014
1027
1027
1040
1040
1053
1053
1066
1066
1079
1079
1092
1092
1105
1105
1118
1118
1131
1131
1144
1144
1157
1157
1170
1170
1183
1183
1196
1196
1209
1209
13
14
27
27
40
41
54
54
67
68
81
81
94
95
108
108
121
122
135
135
148
149
162
162
175
176
189
189
202
203
216
216
229
230
243
243
256
257
270
270
283
284
297
297
310
311
324
324
337
338
351
351
364
365
378
378
391
392
405
405
418
419
432
432
445
446
459
459
472
473
486
486
499
500
513
513
526
527
540
540
553
554
567
567
580
581
594
594
607
608
621
621
634
635
648
648
661
662
675
675
688
689
702
702
715
716
729
729
742
743
756
756
769
770
783
783
796
797
810
810
823
824
837
837
850
851
864
864
877
878
891
891
904
905
918
918
931
932
945
945
958
959
972
972
985
986
999
999
1012
1013
1026
1026
1039
1040
1053
1053
1066
1067
1080
1080
1093
1094
1107
1107
1120
1121
1134
1134
1147
1148
1161
1161
1174
1175
1188
1188
1201
1202
1215
1215
1228
1229
1242
1242
1255
1256
14
14
28
28
42
42
56
56
70
70
84
84
98
98
112
112
126
126
140
140
154
154
168
168
182
182
196
196
210
210
224
224
238
238
252
252
266
266
280
280
294
294
308
308
322
322
336
336
350
350
364
364
378
378
392
392
406
406
420
420
434
434
448
448
462
462
476
476
490
490
504
504
518
518
532
532
546
546
560
560
574
574
588
588
602
602
616
616
630
630
644
644
658
658
672
672
686
686
700
700
714
714
728
728
742
742
756
756
770
770
784
784
798
798
812
812
826
826
840
840
854
854
868
868
882
882
896
896
910
910
924
924
938
938
952
952
966
966
980
980
994
994
1008
1008
1022
1022
1036
1036
1050
1050
1064
1064
1078
1078
1092
1092
1106
1106
1120
1120
1134
1134
1148
1148
1162
1162
1176
1176
1190
1190
1204
1204
1218
1218
1232
1232
1246
1246
1260
1260
1274
1274
1288
1288
1302
1302
14
15
29
29
43
44
58
58
72
73
87
87
101
102
116
116
130
131
145
145
159
160
174
174
188
189
203
203
217
218
232
232
246
247
261
261
275
276
290
290
304
305
319
319
333
334
348
348
362
363
377
377
391
392
406
406
420
421
435
435
449
450
464
464
478
479
493
493
507
508
522
522
536
537
551
551
565
566
580
580
594
595
609
609
623
624
638
638
652
653
667
667
681
682
696
696
710
711
725
725
739
740
754
754
768
769
783
783
797
798
812
812
826
827
841
841
855
856
870
870
884
885
899
899
913
914
928
928
942
943
957
957
971
972
986
986
1000
1001
1015
1015
1029
1030
1044
1044
1058
1059
1073
1073
1087
1088
1102
1102
1116
1117
1131
1131
1145
1146
1160
1160
1174
1175
1189
1189
1203
1204
1218
1218
1232
1233
1247
1247
1261
1262
1276
1276
1290
1291
1305
1305
1319
1320
1334
1334
1348
1349
15
15
30
30
45
45
60
60
75
75
90
90
105
105
120
120
135
135
150
150
165
165
180
180
195
195
210
210
225
225
240
240
255
255
270
270
285
285
300
300
315
315
330
330
345
345
360
360
375
375
390
390
405
405
420
420
435
435
450
450
465
465
480
480
495
495
510
510
525
525
540
540
555
555
570
570
585
585
600
600
615
615
630
630
645
645
660
660
675
675
690
690
705
705
720
720
735
735
750
750
765
765
780
780
795
795
810
810
825
825
840
840
855
855
870
870
885
885
900
900
915
915
930
930
945
945
960
960
975
975
990
990
1005
1005
1020
1020
1035
1035
1050
1050
1065
1065
1080
1080
1095
1095
1110
1110
1125
1125
1140
1140
1155
1155
1170
1170
1185
1185
1200
1200
1215
1215
1230
1230
1245
1245
1260
1260
1275
1275
1290
1290
1305
1305
1320
1320
1335
1335
1350
1350
1365
1365
1380
1380
1395
1395
15
16
31
31
46
47
62
62
77
78
93
93
108
109
124
124
139
140
155
155
170
171
186
186
201
202
217
217
232
233
248
248
263
264
279
279
294
295
310
310
325
326
341
341
356
357
372
372
387
388
403
403
418
419
434
434
449
450
465
465
480
481
496
496
511
512
527
527
542
543
558
558
573
574
589
589
604
605
620
620
635
636
651
651
666
667
682
682
697
698
713
713
728
729
744
744
759
760
775
775
790
791
806
806
821
822
837
837
852
853
868
868
883
884
899
899
914
915
930
930
945
946
961
961
976
977
992
992
1007
1008
1023
1023
1038
1039
1054
1054
1069
1070
1085
1085
1100
1101
1116
1116
1131
1132
1147
1147
1162
1163
1178
1178
1193
1194
1209
1209
1224
1225
1240
1240
1255
1256
1271
1271
1286
1287
1302
1302
1317
1318
1333
1333
1348
1349
1364
1364
1379
1380
1395
1395
1410
1411
1426
1426
1441
1442
16
16
32
32
48
48
64
64
80
80
96
96
112
112
128
128
144
144
160
160
176
176
192
192
208
208
224
224
240
240
256
256
272
272
288
288
304
304
320
320
336
336
352
352
368
368
384
384
400
400
416
416
432
432
448
448
464
464
480
480
496
496
512
512
528
528
544
544
560
560
576
576
592
592
608
608
624
624
640
640
656
656
672
672
688
688
704
704
720
720
736
736
752
752
768
768
784
784
800
800
816
816
832
832
848
848
864
864
880
880
896
896
912
912
928
928
944
944
960
960
976
976
992
992
1008
1008
1024
1024
1040
1040
1056
1056
1072
1072
1088
1088
1104
1104
1120
1120
1136
1136
1152
1152
1168
1168
1184
1184
1200
1200
1216
1216
1232
1232
1248
1248
1264
1264
1280
1280
1296
1296
1312
1312
1328
1328
1344
1344
1360
1360
1376
1376
1392
1392
1408
1408
1424
1424
1440
1440
1456
1456
1472
1472
1488
1488
16
17
33
33
49
50
66
66
82
83
99
99
115
116
132
132
148
149
165
165
181
182
198
198
214
215
231
231
247
248
264
264
280
281
297
297
313
314
330
330
346
347
363
363
379
380
396
396
412
413
429
429
445
446
462
462
478
479
495
495
511
512
528
528
544
545
561
561
577
578
594
594
610
611
627
627
643
644
660
660
676
677
693
693
709
710
726
726
742
743
759
759
775
776
792
792
808
809
825
825
841
842
858
858
874
875
891
891
907
908
924
924
940
941
957
957
973
974
990
990
1006
1007
1023
1023
1039
1040
1056
1056
1072
1073
1089
1089
1105
1106
1122
1122
1138
1139
1155
1155
1171
1172
1188
1188
1204
1205
1221
1221
1237
1238
1254
1254
1270
1271
1287
1287
1303
1304
1320
1320
1336
1337
1353
1353
1369
1370
1386
1386
1402
1403
1419
1419
1435
1436
1452
1452
1468
1469
1485
1485
1501
1502
1518
1518
1534
1535
17
17
34
34
51
51
68
68
85
85
102
102
119
119
136
136
153
153
170
170
187
187
204
204
221
221
238
238
255
255
272
272
289
289
306
306
323
323
340
340
357
357
374
374
391
391
408
408
425
425
442
442
459
459
476
476
493
493
510
510
527
527
544
544
561
561
578
578
595
595
612
612
629
629
646
646
663
663
680
680
697
697
714
714
731
731
748
748
765
765
782
782
799
799
816
816
833
833
850
850
867
867
884
884
901
901
918
918
935
935
952
952
969
969
986
986
1003
1003
1020
1020
1037
1037
1054
1054
1071
1071
1088
1088
1105
1105
1122
1122
1139
1139
1156
1156
1173
1173
1190
1190
1207
1207
1224
1224
1241
1241
1258
1258
1275
1275
1292
1292
1309
1309
1326
1326
1343
1343
1360
1360
1377
1377
1394
1394
1411
1411
1428
1428
1445
1445
1462
1462
1479
1479
1496
1496
1513
1513
1530
1530
1547
1547
1564
1564
1581
1581
17
18
35
35
52
53
70
70
87
88
105
105
122
123
140
140
157
158
175
175
192
193
210
210
227
228
245
245
262
263
280
280
297
298
315
315
332
333
350
350
367
368
385
385
402
403
420
420
437
438
455
455
472
473
490
490
507
508
525
525
542
543
560
560
577
578
595
595
612
613
630
630
647
648
665
665
682
683
700
700
717
718
735
735
752
753
770
770
787
788
805
805
822
823
840
840
857
858
875
875
892
893
910
910
927
928
945
945
962
963
980
980
997
998
1015
1015
1032
1033
1050
1050
1067
1068
1085
1085
1102
1103
1120
1120
1137
1138
1155
1155
1172
1173
1190
1190
1207
1208
1225
1225
1242
1243
1260
1260
1277
1278
1295
1295
1312
1313
1330
1330
1347
1348
1365
1365
1382
1383
1400
1400
1417
1418
1435
1435
1452
1453
1470
1470
1487
1488
1505
1505
1522
1523
1540
1540
1557
1558
1575
1575
1592
1593
1610
1610
1627
1628
18
18
36
36
54
54
72
72
90
90
108
108
126
126
144
144
162
162
180
180
198
198
216
216
234
234
252
252
270
270
288
288
306
306
324
324
342
342
360
360
378
378
396
396
414
414
432
432
450
450
468
468
486
486
504
504
522
522
540
540
558
558
576
576
594
594
612
612
630
630
648
648
666
666
684
684
702
702
720
720
738
738
756
756
774
774
792
792
810
810
828
828
846
846
864
864
882
882
900
900
918
918
936
936
954
954
972
972
990
990
1008
1008
1026
1026
1044
1044
1062
1062
1080
1080
1098
1098
1116
1116
1134
1134
1152
1152
1170
1170
1188
1188
1206
1206
1224
1224
1242
1242
1260
1260
1278
1278
1296
1296
1314
1314
1332
1332
1350
1350
1368
1368
1386
1386
1404
1404
1422
1422
1440
1440
1458
1458
1476
1476
1494
1494
1512
1512
1530
1530
1548
1548
1566
1566
1584
1584
1602
1602
1620
1620
1638
1638
1656
1656
1674
1674
18
19
37
37
55
56
74
74
92
93
111
111
129
130
148
148
166
167
185
185
203
204
222
222
240
241
259
259
277
278
296
296
314
315
333
333
351
352
370
370
388
389
407
407
425
426
444
444
462
463
481
481
499
500
518
518
536
537
555
555
573
574
592
592
610
611
629
629
647
648
666
666
684
685
703
703
721
722
740
740
758
759
777
777
795
796
814
814
832
833
851
851
869
870
888
888
906
907
925
925
943
944
962
962
980
981
999
999
1017
1018
1036
1036
1054
1055
1073
1073
1091
1092
1110
1110
1128
1129
1147
1147
1165
1166
1184
1184
1202
1203
1221
1221
1239
1240
1258
1258
1276
1277
1295
1295
1313
1314
1332
1332
1350
1351
1369
1369
1387
1388
1406
1406
1424
1425
1443
1443
1461
1462
1480
1480
1498
1499
1517
1517
1535
1536
1554
1554
1572
1573
1591
1591
1609
1610
1628
1628
1646
1647
1665
1665
1683
1684
1702
1702
1720
1721
19
19
38
38
57
57
76
76
95
95
114
114
133
133
152
152
171
171
190
190
209
209
228
228
247
247
266
266
285
285
304
304
323
323
342
342
361
361
380
380
399
399
418
418
437
437
456
456
475
475
494
494
513
513
532
532
551
551
570
570
589
589
608
608
627
627
646
646
665
665
684
684
703
703
722
722
741
741
760
760
779
779
798
798
817
817
836
836
855
855
874
874
893
893
912
912
931
931
950
950
969
969
988
988
1007
1007
1026
1026
1045
1045
1064
1064
1083
1083
1102
1102
1121
1121
1140
1140
1159
1159
1178
1178
1197
1197
1216
1216
1235
1235
1254
1254
1273
1273
1292
1292
1311
1311
1330
1330
1349
1349
1368
1368
1387
1387
1406
1406
1425
1425
1444
1444
1463
1463
1482
1482
1501
1501
1520
1520
1539
1539
1558
1558
1577
1577
1596
1596
1615
1615
1634
1634
1653
1653
1672
1672
1691
1691
1710
1710
1729
1729
1748
1748
1767
1767
19
20
39
39
58
59
78
78
97
98
117
117
136
137
156
156
175
176
195
195
214
215
234
234
253
254
273
273
292
293
312
312
331
332
351
351
370
371
390
390
409
410
429
429
448
449
468
468
487
488
507
507
526
527
546
546
565
566
585
585
604
605
624
624
643
644
663
663
682
683
702
702
721
722
741
741
760
761
780
780
799
800
819
819
838
839
858
858
877
878
897
897
916
917
936
936
955
956
975
975
994
995
1014
1014
1033
1034
1053
1053
1072
1073
1092
1092
1111
1112
1131
1131
1150
1151
1170
1170
1189
1190
1209
1209
1228
1229
1248
1248
1267
1268
1287
1287
1306
1307
1326
1326
1345
1346
1365
1365
1384
1385
1404
1404
1423
1424
1443
1443
1462
1463
1482
1482
1501
1502
1521
1521
1540
1541
1560
1560
1579
1580
1599
1599
1618
1619
1638
1638
1657
1658
1677
1677
1696
1697
1716
1716
1735
1736
1755
1755
1774
1775
1794
1794
1813
1814
20
20
40
40
60
60
80
80
100
100
120
120
140
140
160
160
180
180
200
200
220
220
240
240
260
260
280
280
300
300
320
320
340
340
360
360
380
380
400
400
420
420
440
440
460
460
480
480
500
500
520
520
540
540
560
560
580
580
600
600
620
620
640
640
660
660
680
680
700
700
720
720
740
740
760
760
780
780
800
800
820
820
840
840
860
860
880
880
900
900
920
920
940
940
960
960
980
980
1000
1000
1020
1020
1040
1040
1060
1060
1080
1080
1100
1100
1120
1120
1140
1140
1160
1160
1180
1180
1200
1200
1220
1220
1240
1240
1260
1260
1280
1280
1300
1300
1320
1320
1340
1340
1360
1360
1380
1380
1400
1400
1420
1420
1440
1440
1460
1460
1480
1480
1500
1500
1520
1520
1540
1540
1560
1560
1580
1580
1600
1600
1620
1620
1640
1640
1660
1660
1680
1680
1700
1700
1720
1720
1740
1740
1760
1760
1780
1780
1800
1800
1820
1820
1840
1840
1860
1860
20
21
41
41
61
62
82
82
102
103
123
123
143
144
164
164
184
185
205
205
225
226
246
246
266
267
287
287
307
308
328
328
348
349
369
369
389
390
410
410
430
431
451
451
471
472
492
492
512
513
533
533
553
554
574
574
594
595
615
615
635
636
656
656
676
677
697
697
717
718
738
738
758
759
779
779
799
800
820
820
840
841
861
861
881
882
902
902
922
923
943
943
963
964
984
984
1004
1005
1025
1025
1045
1046
1066
1066
1086
1087
1107
1107
1127
1128
1148
1148
1168
1169
1189
1189
1209
1210
1230
1230
1250
1251
1271
1271
1291
1292
1312
1312
1332
1333
1353
1353
1373
1374
1394
1394
1414
1415
1435
1435
1455
1456
1476
1476
1496
1497
1517
1517
1537
1538
1558
1558
1578
1579
1599
1599
1619
1620
1640
1640
1660
1661
1681
1681
1701
1702
1722
1722
1742
1743
1763
1763
1783
1784
1804
1804
1824
1825
1845
1845
1865
1866
1886
1886
1906
1907
21
21
42
42
63
63
84
84
105
105
126
126
147
147
168
168
189
189
210
210
231
231
252
252
273
273
294
294
315
315
336
336
357
357
378
378
399
399
420
420
441
441
462
462
483
483
504
504
525
525
546
546
567
567
588
588
609
609
630
630
651
651
672
672
693
693
714
714
735
735
756
756
777
777
798
798
819
819
840
840
861
861
882
882
903
903
924
924
945
945
966
966
987
987
1008
1008
1029
1029
1050
1050
1071
1071
1092
1092
1113
1113
1134
1134
1155
1155
1176
1176
1197
1197
1218
1218
1239
1239
1260
1260
1281
1281
1302
1302
1323
1323
1344
1344
1365
1365
1386
1386
1407
1407
1428
1428
1449
1449
1470
1470
1491
1491
1512
1512
1533
1533
1554
1554
1575
1575
1596
1596
1617
1617
1638
1638
1659
1659
1680
1680
1701
1701
1722
1722
1743
1743
1764
1764
1785
1785
1806
1806
1827
1827
1848
1848
1869
1869
1890
1890
1911
1911
1932
1932
1953
1953
21
22
43
43
64
65
86
86
107
108
129
129
150
151
172
172
193
194
215
215
236
237
258
258
279
280
301
301
322
323
344
344
365
366
387
387
408
409
430
430
451
452
473
473
494
495
516
516
537
538
559
559
580
581
602
602
623
624
645
645
666
667
688
688
709
710
731
731
752
753
774
774
795
796
817
817
838
839
860
860
881
882
903
903
924
925
946
946
967
968
989
989
1010
1011
1032
1032
1053
1054
1075
1075
1096
1097
1118
1118
1139
1140
1161
1161
1182
1183
1204
1204
1225
1226
1247
1247
1268
1269
1290
1290
1311
1312
1333
1333
1354
1355
1376
1376
1397
1398
1419
1419
1440
1441
1462
1462
1483
1484
1505
1505
1526
1527
1548
1548
1569
1570
1591
1591
1612
1613
1634
1634
1655
1656
1677
1677
1698
1699
1720
1720
1741
1742
1763
1763
1784
1785
1806
1806
1827
1828
1849
1849
1870
1871
1892
1892
1913
1914
1935
1935
1956
1957
1978
1978
1999
2000
22
22
44
44
66
66
88
88
110
110
132
132
154
154
176
176
198
198
220
220
242
242
264
264
286
286
308
308
330
330
352
352
374
374
396
396
418
418
440
440
462
462
484
484
506
506
528
528
550
550
572
572
594
594
616
616
638
638
660
660
682
682
704
704
726
726
748
748
770
770
792
792
814
814
836
836
858
858
880
880
902
902
924
924
946
946
968
968
990
990
1012
1012
1034
1034
1056
1056
1078
1078
1100
1100
1122
1122
1144
1144
1166
1166
1188
1188
1210
1210
1232
1232
1254
1254
1276
1276
1298
1298
1320
1320
1342
1342
1364
1364
1386
1386
1408
1408
1430
1430
1452
1452
1474
1474
1496
1496
1518
1518
1540
1540
1562
1562
1584
1584
1606
1606
1628
1628
1650
1650
1672
1672
1694
1694
1716
1716
1738
1738
1760
1760
1782
1782
1804
1804
1826
1826
1848
1848
1870
1870
1892
1892
1914
1914
1936
1936
1958
1958
1980
1980
2002
2002
2024
2024
2046
2046
22
23
45
45
67
68
90
90
112
113
135
135
157
158
180
180
202
203
225
225
247
248
270
270
292
293
315
315
337
338
360
360
382
383
405
405
427
428
450
450
472
473
495
495
517
518
540
540
562
563
585
585
607
608
630
630
652
653
675
675
697
698
720
720
742
743
765
765
787
788
810
810
832
833
855
855
877
878
900
900
922
923
945
945
967
968
990
990
1012
1013
1035
1035
1057
1058
1080
1080
1102
1103
1125
1125
1147
1148
1170
1170
1192
1193
1215
1215
1237
1238
1260
1260
1282
1283
1305
1305
1327
1328
1350
1350
1372
1373
1395
1395
1417
1418
1440
1440
1462
1463
1485
1485
1507
1508
1530
1530
1552
1553
1575
1575
1597
1598
1620
1620
1642
1643
1665
1665
1687
1688
1710
1710
1732
1733
1755
1755
1777
1778
1800
1800
1822
1823
1845
1845
1867
1868
1890
1890
1912
1913
1935
1935
1957
1958
1980
1980
2002
2003
2025
2025
2047
2048
2070
2070
2092
2093
23
23
46
46
69
69
92
92
115
115
138
138
161
161
184
184
207
207
230
230
253
253
276
276
299
299
322
322
345
345
368
368
391
391
414
414
437
437
460
460
483
483
506
506
529
529
552
552
575
575
598
598
621
621
644
644
667
667
690
690
713
713
736
736
759
759
782
782
805
805
828
828
851
851
874
874
897
897
920
920
943
943
966
966
989
989
1012
1012
1035
1035
1058
1058
1081
1081
1104
1104
1127
1127
1150
1150
1173
1173
1196
1196
1219
1219
1242
1242
1265
1265
1288
1288
1311
1311
1334
1334
1357
1357
1380
1380
1403
1403
1426
1426
1449
1449
1472
1472
1495
1495
1518
1518
1541
1541
1564
1564
1587
1587
1610
1610
1633
1633
1656
1656
1679
1679
1702
1702
1725
1725
1748
1748
1771
1771
1794
1794
1817
1817
1840
1840
1863
1863
1886
1886
1909
1909
1932
1932
1955
1955
1978
1978
2001
2001
2024
2024
2047
2047
2070
2070
2093
2093
2116
2116
2139
2139
23
24
47
47
70
71
94
94
117
118
141
141
164
165
188
188
211
212
235
235
258
259
282
282
305
306
329
329
352
353
376
376
399
400
423
423
446
447
470
470
493
494
517
517
540
541
564
564
587
588
611
611
634
635
658
658
681
682
705
705
728
729
752
752
775
776
799
799
822
823
846
846
869
870
893
893
916
917
940
940
963
964
987
987
1010
1011
1034
1034
1057
1058
1081
1081
1104
1105
1128
1128
1151
1152
1175
1175
1198
1199
1222
1222
1245
1246
1269
1269
1292
1293
1316
1316
1339
1340
1363
1363
1386
1387
1410
1410
1433
1434
1457
1457
1480
1481
1504
1504
1527
1528
1551
1551
1574
1575
1598
1598
1621
1622
1645
1645
1668
1669
1692
1692
1715
1716
1739
1739
1762
1763
1786
1786
1809
1810
1833
1833
1856
1857
1880
1880
1903
1904
1927
1927
1950
1951
1974
1974
1997
1998
2021
2021
2044
2045
2068
2068
2091
2092
2115
2115
2138
2139
2162
2162
2185
2186
24
24
48
48
72
72
96
96
120
120
144
144
168
168
192
192
216
216
240
240
264
264
288
288
312
312
336
336
360
360
384
384
408
408
432
432
456
456
480
480
504
504
528
528
552
552
576
576
600
600
624
624
648
648
672
672
696
696
720
720
744
744
768
768
792
792
816
816
840
840
864
864
888
888
912
912
936
936
960
960
984
984
1008
1008
1032
1032
1056
1056
1080
1080
1104
1104
1128
1128
1152
1152
1176
1176
1200
1200
1224
1224
1248
1248
1272
1272
1296
1296
1320
1320
1344
1344
1368
1368
1392
1392
1416
1416
1440
1440
1464
1464
1488
1488
1512
1512
1536
1536
1560
1560
1584
1584
1608
1608
1632
1632
1656
1656
1680
1680
1704
1704
1728
1728
1752
1752
1776
1776
1800
1800
1824
1824
1848
1848
1872
1872
1896
1896
1920
1920
1944
1944
1968
1968
1992
1992
2016
2016
2040
2040
2064
2064
2088
2088
2112
2112
2136
2136
2160
2160
2184
2184
2208
2208
2232
2232
24
25
49
49
73
74
98
98
122
123
147
147
171
172
196
196
220
221
245
245
269
270
294
294
318
319
343
343
367
368
392
392
416
417
441
441
465
466
490
490
514
515
539
539
563
564
588
588
612
613
637
637
661
662
686
686
710
711
735
735
759
760
784
784
808
809
833
833
857
858
882
882
906
907
931
931
955
956
980
980
1004
1005
1029
1029
1053
1054
1078
1078
1102
1103
1127
1127
1151
1152
1176
1176
1200
1201
1225
1225
1249
1250
1274
1274
1298
1299
1323
1323
1347
1348
1372
1372
1396
1397
1421
1421
1445
1446
1470
1470
1494
1495
1519
1519
1543
1544
1568
1568
1592
1593
1617
1617
1641
1642
1666
1666
1690
1691
1715
1715
1739
1740
1764
1764
1788
1789
1813
1813
1837
1838
1862
1862
1886
1887
1911
1911
1935
1936
1960
1960
1984
1985
2009
2009
2033
2034
2058
2058
2082
2083
2107
2107
2131
2132
2156
2156
2180
2181
2205
2205
2229
2230
2254
2254
2278
2279
25
25
50
50
75
75
100
100
125
125
150
150
175
175
200
200
225
225
250
250
275
275
300
300
325
325
350
350
375
375
400
400
425
425
450
450
475
475
500
500
525
525
550
550
575
575
600
600
625
625
650
650
675
675
700
700
725
725
750
750
775
775
800
800
825
825
850
850
875
875
900
900
925
925
950
950
975
975
1000
1000
1025
1025
1050
1050
1075
1075
1100
1100
1125
1125
1150
1150
1175
1175
1200
1200
1225
1225
1250
1250
1275
1275
1300
1300
1325
1325
1350
1350
1375
1375
1400
1400
1425
1425
1450
1450
1475
1475
1500
1500
1525
1525
1550
1550
1575
1575
1600
1600
1625
1625
1650
1650
1675
1675
1700
1700
1725
1725
1750
1750
1775
1775
1800
1800
1825
1825
1850
1850
1875
1875
1900
1900
1925
1925
1950
1950
1975
1975
2000
2000
2025
2025
2050
2050
2075
2075
2100
2100
2125
2125
2150
2150
2175
2175
2200
2200
2225
2225
2250
2250
2275
2275
2300
2300
2325
2325
25
26
51
51
76
77
102
102
127
128
153
153
178
179
204
204
229
230
255
255
280
281
306
306
331
332
357
357
382
383
408
408
433
434
459
459
484
485
510
510
535
536
561
561
586
587
612
612
637
638
663
663
688
689
714
714
739
740
765
765
790
791
816
816
841
842
867
867
892
893
918
918
943
944
969
969
994
995
1020
1020
1045
1046
1071
1071
1096
1097
1122
1122
1147
1148
1173
1173
1198
1199
1224
1224
1249
1250
1275
1275
1300
1301
1326
1326
1351
1352
1377
1377
1402
1403
1428
1428
1453
1454
1479
1479
1504
1505
1530
1530
1555
1556
1581
1581
1606
1607
1632
1632
1657
1658
1683
1683
1708
1709
1734
1734
1759
1760
1785
1785
1810
1811
1836
1836
1861
1862
1887
1887
1912
1913
1938
1938
1963
1964
1989
1989
2014
2015
2040
2040
2065
2066
2091
2091
2116
2117
2142
2142
2167
2168
2193
2193
2218
2219
2244
2244
2269
2270
2295
2295
2320
2321
2346
2346
2371
2372
26
26
52
52
78
78
104
104
130
130
156
156
182
182
208
208
234
234
260
260
286
286
312
312
338
338
364
364
390
390
416
416
442
442
468
468
494
494
520
520
546
546
572
572
598
598
624
624
650
650
676
676
702
702
728
728
754
754
780
780
806
806
832
832
858
858
884
884
910
910
936
936
962
962
988
988
1014
1014
1040
1040
1066
1066
1092
1092
1118
1118
1144
1144
1170
1170
1196
1196
1222
1222
1248
1248
1274
1274
1300
1300
1326
1326
1352
1352
1378
1378
1404
1404
1430
1430
1456
1456
1482
1482
1508
1508
1534
1534
1560
1560
1586
1586
1612
1612
1638
1638
1664
1664
1690
1690
1716
1716
1742
1742
1768
1768
1794
1794
1820
1820
1846
1846
1872
1872
1898
1898
1924
1924
1950
1950
1976
1976
2002
2002
2028
2028
2054
2054
2080
2080
2106
2106
2132
2132
2158
2158
2184
2184
2210
2210
2236
2236
2262
2262
2288
2288
2314
2314
2340
2340
2366
2366
2392
2392
2418
2418
26
27
53
53
79
80
106
106
132
133
159
159
185
186
212
212
238
239
265
265
291
292
318
318
344
345
371
371
397
398
424
424
450
451
477
477
503
504
530
530
556
557
583
583
609
610
636
636
662
663
689
689
715
716
742
742
768
769
795
795
821
822
848
848
874
875
901
901
927
928
954
954
980
981
1007
1007
1033
1034
1060
1060
1086
1087
1113
1113
1139
1140
1166
1166
1192
1193
1219
1219
1245
1246
1272
1272
1298
1299
1325
1325
1351
1352
1378
1378
1404
1405
1431
1431
1457
1458
1484
1484
1510
1511
1537
1537
1563
1564
1590
1590
1616
1617
1643
1643
1669
1670
1696
1696
1722
1723
1749
1749
1775
1776
1802
1802
1828
1829
1855
1855
1881
1882
1908
1908
1934
1935
1961
1961
1987
1988
2014
2014
2040
2041
2067
2067
2093
2094
2120
2120
2146
2147
2173
2173
2199
2200
2226
2226
2252
2253
2279
2279
2305
2306
2332
2332
2358
2359
2385
2385
2411
2412
2438
2438
2464
2465
27
27
54
54
81
81
108
108
135
135
162
162
189
189
216
216
243
243
270
270
297
297
324
324
351
351
378
378
405
405
432
432
459
459
486
486
513
513
540
540
567
567
594
594
621
621
648
648
675
675
702
702
729
729
756
756
783
783
810
810
837
837
864
864
891
891
918
918
945
945
972
972
999
999
1026
1026
1053
1053
1080
1080
1107
1107
1134
1134
1161
1161
1188
1188
1215
1215
1242
1242
1269
1269
1296
1296
1323
1323
1350
1350
1377
1377
1404
1404
1431
1431
1458
1458
1485
1485
1512
1512
1539
1539
1566
1566
1593
1593
1620
1620
1647
1647
1674
1674
1701
1701
1728
1728
1755
1755
1782
1782
1809
1809
1836
1836
1863
1863
1890
1890
1917
1917
1944
1944
1971
1971
1998
1998
2025
2025
2052
2052
2079
2079
2106
2106
2133
2133
2160
2160
2187
2187
2214
2214
2241
2241
2268
2268
2295
2295
2322
2322
2349
2349
2376
2376
2403
2403
2430
2430
2457
2457
2484
2484
2511
2511
27
28
55
55
82
83
110
110
137
138
165
165
192
193
220
220
247
248
275
275
302
303
330
330
357
358
385
385
412
413
440
440
467
468
495
495
522
523
550
550
577
578
605
605
632
633
660
660
687
688
715
715
742
743
770
770
797
798
825
825
852
853
880
880
907
908
935
935
962
963
990
990
1017
1018
1045
1045
1072
1073
1100
1100
1127
1128
1155
1155
1182
1183
1210
1210
1237
1238
1265
1265
1292
1293
1320
1320
1347
1348
1375
1375
1402
1403
1430
1430
1457
1458
1485
1485
1512
1513
1540
1540
1567
1568
1595
1595
1622
1623
1650
1650
1677
1678
1705
1705
1732
1733
1760
1760
1787
1788
1815
1815
1842
1843
1870
1870
1897
1898
1925
1925
1952
1953
1980
1980
2007
2008
2035
2035
2062
2063
2090
2090
2117
2118
2145
2145
2172
2173
2200
2200
2227
2228
2255
2255
2282
2283
2310
2310
2337
2338
2365
2365
2392
2393
2420
2420
2447
2448
2475
2475
2502
2503
2530
2530
2557
2558
28
28
56
56
84
84
112
112
140
140
168
168
196
196
224
224
252
252
280
280
308
308
336
336
364
364
392
392
420
420
448
448
476
476
504
504
532
532
560
560
588
588
616
616
644
644
672
672
700
700
728
728
756
756
784
784
812
812
840
840
868
868
896
896
924
924
952
952
980
980
1008
1008
1036
1036
1064
1064
1092
1092
1120
1120
1148
1148
1176
1176
1204
1204
1232
1232
1260
1260
1288
1288
1316
1316
1344
1344
1372
1372
1400
1400
1428
1428
1456
1456
1484
1484
1512
1512
1540
1540
1568
1568
1596
1596
1624
1624
1652
1652
1680
1680
1708
1708
1736
1736
1764
1764
1792
1792
1820
1820
1848
1848
1876
1876
1904
1904
1932
1932
1960
1960
1988
1988
2016
2016
2044
2044
2072
2072
2100
2100
2128
2128
2156
2156
2184
2184
2212
2212
2240
2240
2268
2268
2296
2296
2324
2324
2352
2352
2380
2380
2408
2408
2436
2436
2464
2464
2492
2492
2520
2520
2548
2548
2576
2576
2604
2604
28
29
57
57
85
86
114
114
142
143
171
171
199
200
228
228
256
257
285
285
313
314
342
342
370
371
399
399
427
428
456
456
484
485
513
513
541
542
570
570
598
599
627
627
655
656
684
684
712
713
741
741
769
770
798
798
826
827
855
855
883
884
912
912
940
941
969
969
997
998
1026
1026
1054
1055
1083
1083
1111
1112
1140
1140
1168
1169
1197
1197
1225
1226
1254
1254
1282
1283
1311
1311
1339
1340
1368
1368
1396
1397
1425
1425
1453
1454
1482
1482
1510
1511
1539
1539
1567
1568
1596
1596
1624
1625
1653
1653
1681
1682
1710
1710
1738
1739
1767
1767
1795
1796
1824
1824
1852
1853
1881
1881
1909
1910
1938
1938
1966
1967
1995
1995
2023
2024
2052
2052
2080
2081
2109
2109
2137
2138
2166
2166
2194
2195
2223
2223
2251
2252
2280
2280
2308
2309
2337
2337
2365
2366
2394
2394
2422
2423
2451
2451
2479
2480
2508
2508
2536
2537
2565
2565
2593
2594
2622
2622
2650
2651
29
29
58
58
87
87
116
116
145
145
174
174
203
203
232
232
261
261
290
290
319
319
348
348
377
377
406
406
435
435
464
464
493
493
522
522
551
551
580
580
609
609
638
638
667
667
696
696
725
725
754
754
783
783
812
812
841
841
870
870
899
899
928
928
957
957
986
986
1015
1015
1044
1044
1073
1073
1102
1102
1131
1131
1160
1160
1189
1189
1218
1218
1247
1247
1276
1276
1305
1305
1334
1334
1363
1363
1392
1392
1421
1421
1450
1450
1479
1479
1508
1508
1537
1537
1566
1566
1595
1595
1624
1624
1653
1653
1682
1682
1711
1711
1740
1740
1769
1769
1798
1798
1827
1827
1856
1856
1885
1885
1914
1914
1943
1943
1972
1972
2001
2001
2030
2030
2059
2059
2088
2088
2117
2117
2146
2146
2175
2175
2204
2204
2233
2233
2262
2262
2291
2291
2320
2320
2349
2349
2378
2378
2407
2407
2436
2436
2465
2465
2494
2494
2523
2523
2552
2552
2581
2581
2610
2610
2639
2639
2668
2668
2697
2697
29
30
59
59
88
89
118
118
147
148
177
177
206
207
236
236
265
266
295
295
324
325
354
354
383
384
413
413
442
443
472
472
501
502
531
531
560
561
590
590
619
620
649
649
678
679
708
708
737
738
767
767
796
797
826
826
855
856
885
885
914
915
944
944
973
974
1003
1003
1032
1033
1062
1062
1091
1092
1121
1121
1150
1151
1180
1180
1209
1210
1239
1239
1268
1269
1298
1298
1327
1328
1357
1357
1386
1387
1416
1416
1445
1446
1475
1475
1504
1505
1534
1534
1563
1564
1593
1593
1622
1623
1652
1652
1681
1682
1711
1711
1740
1741
1770
1770
1799
1800
1829
1829
1858
1859
1888
1888
1917
1918
1947
1947
1976
1977
2006
2006
2035
2036
2065
2065
2094
2095
2124
2124
2153
2154
2183
2183
2212
2213
2242
2242
2271
2272
2301
2301
2330
2331
2360
2360
2389
2390
2419
2419
2448
2449
2478
2478
2507
2508
2537
2537
2566
2567
2596
2596
2625
2626
2655
2655
2684
2685
2714
2714
2743
2744
30
30
60
60
90
90
120
120
150
150
180
180
210
210
240
240
270
270
300
300
330
330
360
360
390
390
420
420
450
450
480
480
510
510
540
540
570
570
600
600
630
630
660
660
690
690
720
720
750
750
780
780
810
810
840
840
870
870
900
900
930
930
960
960
990
990
1020
1020
1050
1050
1080
1080
1110
1110
1140
1140
1170
1170
1200
1200
1230
1230
1260
1260
1290
1290
1320
1320
1350
1350
1380
1380
1410
1410
1440
1440
1470
1470
1500
1500
1530
1530
1560
1560
1590
1590
1620
1620
1650
1650
1680
1680
1710
1710
1740
1740
1770
1770
1800
1800
1830
1830
1860
1860
1890
1890
1920
1920
1950
1950
1980
1980
2010
2010
2040
2040
2070
2070
2100
2100
2130
2130
2160
2160
2190
2190
2220
2220
2250
2250
2280
2280
2310
2310
2340
2340
2370
2370
2400
2400
2430
2430
2460
2460
2490
2490
2520
2520
2550
2550
2580
2580
2610
2610
2640
2640
2670
2670
2700
2700
2730
2730
2760
2760
2790
2790
30
31
61
61
91
92
122
122
152
153
183
183
213
214
244
244
274
275
305
305
335
336
366
366
396
397
427
427
457
458
488
488
518
519
549
549
579
580
610
610
640
641
671
671
701
702
732
732
762
763
793
793
823
824
854
854
884
885
915
915
945
946
976
976
1006
1007
1037
1037
1067
1068
1098
1098
1128
1129
1159
1159
1189
1190
1220
1220
1250
1251
1281
1281
1311
1312
1342
1342
1372
1373
1403
1403
1433
1434
1464
1464
1494
1495
1525
1525
1555
1556
1586
1586
1616
1617
1647
1647
1677
1678
1708
1708
1738
1739
1769
1769
1799
1800
1830
1830
1860
1861
1891
1891
1921
1922
1952
1952
1982
1983
2013
2013
2043
2044
2074
2074
2104
2105
2135
2135
2165
2166
2196
2196
2226
2227
2257
2257
2287
2288
2318
2318
2348
2349
2379
2379
2409
2410
2440
2440
2470
2471
2501
2501
2531
2532
2562
2562
2592
2593
2623
2623
2653
2654
2684
2684
2714
2715
2745
2745
2775
2776
2806
2806
2836
2837
31
31
62
62
93
93
124
124
155
155
186
186
217
217
248
248
279
279
310
310
341
341
372
372
403
403
434
434
465
465
496
496
527
527
558
558
589
589
620
620
651
651
682
682
713
713
744
744
775
775
806
806
837
837
868
868
899
899
930
930
961
961
992
992
1023
1023
1054
1054
1085
1085
1116
1116
1147
1147
1178
1178
1209
1209
1240
1240
1271
1271
1302
1302
1333
1333
1364
1364
1395
1395
1426
1426
1457
1457
1488
1488
1519
1519
1550
1550
1581
1581
1612
1612
1643
1643
1674
1674
1705
1705
1736
1736
1767
1767
1798
1798
1829
1829
1860
1860
1891
1891
1922
1922
1953
1953
1984
1984
2015
2015
2046
2046
2077
2077
2108
2108
2139
2139
2170
2170
2201
2201
2232
2232
2263
2263
2294
2294
2325
2325
2356
2356
2387
2387
2418
2418
2449
2449
2480
2480
2511
2511
2542
2542
2573
2573
2604
2604
2635
2635
2666
2666
2697
2697
2728
2728
2759
2759
2790
2790
2821
2821
2852
2852
2883
2883
31
32
63
63
94
95
126
126
157
158
189
189
220
221
252
252
283
284
315
315
346
347
378
378
409
410
441
441
472
473
504
504
535
536
567
567
598
599
630
630
661
662
693
693
724
725
756
756
787
788
819
819
850
851
882
882
913
914
945
945
976
977
1008
1008
1039
1040
1071
1071
1102
1103
1134
1134
1165
1166
1197
1197
1228
1229
1260
1260
1291
1292
1323
1323
1354
1355
1386
1386
1417
1418
1449
1449
1480
1481
1512
1512
1543
1544
1575
1575
1606
1607
1638
1638
1669
1670
1701
1701
1732
1733
1764
1764
1795
1796
1827
1827
1858
1859
1890
1890
1921
1922
1953
1953
1984
1985
2016
2016
2047
2048
2079
2079
2110
2111
2142
2142
2173
2174
2205
2205
2236
2237
2268
2268
2299
2300
2331
2331
2362
2363
2394
2394
2425
2426
2457
2457
2488
2489
2520
2520
2551
2552
2583
2583
2614
2615
2646
2646
2677
2678
2709
2709
2740
2741
2772
2772
2803
2804
2835
2835
2866
2867
2898
2898
2929
2930
32
32
64
64
96
96
128
128
160
160
192
192
224
224
256
256
288
288
320
320
352
352
384
384
416
416
448
448
480
480
512
512
544
544
576
576
608
608
640
640
672
672
704
704
736
736
768
768
800
800
832
832
864
864
896
896
928
928
960
960
992
992
1024
1024
1056
1056
1088
1088
1120
1120
1152
1152
1184
1184
1216
1216
1248
1248
1280
1280
1312
1312
1344
1344
1376
1376
1408
1408
1440
1440
1472
1472
1504
1504
1536
1536
1568
1568
1600
1600
1632
1632
1664
1664
1696
1696
1728
1728
1760
1760
1792
1792
1824
1824
1856
1856
1888
1888
1920
1920
1952
1952
1984
1984
2016
2016
2048
2048
2080
2080
2112
2112
2144
2144
2176
2176
2208
2208
2240
2240
2272
2272
2304
2304
2336
2336
2368
2368
2400
2400
2432
2432
2464
2464
2496
2496
2528
2528
2560
2560
2592
2592
2624
2624
2656
2656
2688
2688
2720
2720
2752
2752
2784
2784
2816
2816
2848
2848
2880
2880
2912
2912
2944
2944
2976
2976
32
33
65
65
97
98
130
130
162
163
195
195
227
228
260
260
292
293
325
325
357
358
390
390
422
423
455
455
487
488
520
520
552
553
585
585
617
618
650
650
682
683
715
715
747
748
780
780
812
813
845
845
877
878
910
910
942
943
975
975
1007
1008
1040
1040
1072
1073
1105
1105
1137
1138
1170
1170
1202
1203
1235
1235
1267
1268
1300
1300
1332
1333
1365
1365
1397
1398
1430
1430
1462
1463
1495
1495
1527
1528
1560
1560
1592
1593
1625
1625
1657
1658
1690
1690
1722
1723
1755
1755
1787
1788
1820
1820
1852
1853
1885
1885
1917
1918
1950
1950
1982
1983
2015
2015
2047
2048
2080
2080
2112
2113
2145
2145
2177
2178
2210
2210
2242
2243
2275
2275
2307
2308
2340
2340
2372
2373
2405
2405
2437
2438
2470
2470
2502
2503
2535
2535
2567
2568
2600
2600
2632
2633
2665
2665
2697
2698
2730
2730
2762
2763
2795
2795
2827
2828
2860
2860
2892
2893
2925
2925
2957
2958
2990
2990
3022
3023
33
33
66
66
99
99
132
132
165
165
198
198
231
231
264
264
297
297
330
330
363
363
396
396
429
429
462
462
495
495
528
528
561
561
594
594
627
627
660
660
693
693
726
726
759
759
792
792
825
825
858
858
891
891
924
924
957
957
990
990
1023
1023
1056
1056
1089
1089
1122
1122
1155
1155
1188
1188
1221
1221
1254
1254
1287
1287
1320
1320
1353
1353
1386
1386
1419
1419
1452
1452
1485
1485
1518
1518
1551
1551
1584
1584
1617
1617
1650
1650
1683
1683
1716
1716
1749
1749
1782
1782
1815
1815
1848
1848
1881
1881
1914
1914
1947
1947
1980
1980
2013
2013
2046
2046
2079
2079
2112
2112
2145
2145
2178
2178
2211
2211
2244
2244
2277
2277
2310
2310
2343
2343
2376
2376
2409
2409
2442
2442
2475
2475
2508
2508
2541
2541
2574
2574
2607
2607
2640
2640
2673
2673
2706
2706
2739
2739
2772
2772
2805
2805
2838
2838
2871
2871
2904
2904
2937
2937
2970
2970
3003
3003
3036
3036
3069
3069
33
34
67
67
100
101
134
134
167
168
201
201
234
235
268
268
301
302
335
335
368
369
402
402
435
436
469
469
502
503
536
536
569
570
603
603
636
637
670
670
703
704
737
737
770
771
804
804
837
838
871
871
904
905
938
938
971
972
1005
1005
1038
1039
1072
1072
1105
1106
1139
1139
1172
1173
1206
1206
1239
1240
1273
1273
1306
1307
1340
1340
1373
1374
1407
1407
1440
1441
1474
1474
1507
1508
1541
1541
1574
1575
1608
1608
1641
1642
1675
1675
1708
1709
1742
1742
1775
1776
1809
1809
1842
1843
1876
1876
1909
1910
1943
1943
1976
1977
2010
2010
2043
2044
2077
2077
2110
2111
2144
2144
2177
2178
2211
2211
2244
2245
2278
2278
2311
2312
2345
2345
2378
2379
2412
2412
2445
2446
2479
2479
2512
2513
2546
2546
2579
2580
2613
2613
2646
2647
2680
2680
2713
2714
2747
2747
2780
2781
2814
2814
2847
2848
2881
2881
2914
2915
2948
2948
2981
2982
3015
3015
3048
3049
3082
3082
3115
3116
34
34
68
68
102
102
136
136
170
170
204
204
238
238
272
272
306
306
340
340
374
374
408
408
442
442
476
476
510
510
544
544
578
578
612
612
646
646
680
680
714
714
748
748
782
782
816
816
850
850
884
884
918
918
952
952
986
986
1020
1020
1054
1054
1088
1088
1122
1122
1156
1156
1190
1190
1224
1224
1258
1258
1292
1292
1326
1326
1360
1360
1394
1394
1428
1428
1462
1462
1496
1496
1530
1530
1564
1564
1598
1598
1632
1632
1666
1666
1700
1700
1734
1734
1768
1768
1802
1802
1836
1836
1870
1870
1904
1904
1938
1938
1972
1972
2006
2006
2040
2040
2074
2074
2108
2108
2142
2142
2176
2176
2210
2210
2244
2244
2278
2278
2312
2312
2346
2346
2380
2380
2414
2414
2448
2448
2482
2482
2516
2516
2550
2550
2584
2584
2618
2618
2652
2652
2686
2686
2720
2720
2754
2754
2788
2788
2822
2822
2856
2856
2890
2890
2924
2924
2958
2958
2992
2992
3026
3026
3060
3060
3094
3094
3128
3128
3162
3162
34
35
69
69
103
104
138
138
172
173
207
207
241
242
276
276
310
311
345
345
379
380
414
414
448
449
483
483
517
518
552
552
586
587
621
621
655
656
690
690
724
725
759
759
793
794
828
828
862
863
897
897
931
932
966
966
1000
1001
1035
1035
1069
1070
1104
1104
1138
1139
1173
1173
1207
1208
1242
1242
1276
1277
1311
1311
1345
1346
1380
1380
1414
1415
1449
1449
1483
1484
1518
1518
1552
1553
1587
1587
1621
1622
1656
1656
1690
1691
1725
1725
1759
1760
1794
1794
1828
1829
1863
1863
1897
1898
1932
1932
1966
1967
2001
2001
2035
2036
2070
2070
2104
2105
2139
2139
2173
2174
2208
2208
2242
2243
2277
2277
2311
2312
2346
2346
2380
2381
2415
2415
2449
2450
2484
2484
2518
2519
2553
2553
2587
2588
2622
2622
2656
2657
2691
2691
2725
2726
2760
2760
2794
2795
2829
2829
2863
2864
2898
2898
2932
2933
2967
2967
3001
3002
3036
3036
3070
3071
3105
3105
3139
3140
3174
3174
3208
3209
35
35
70
70
105
105
140
140
175
175
210
210
245
245
280
280
315
315
350
350
385
385
420
420
455
455
490
490
525
525
560
560
595
595
630
630
665
665
700
700
735
735
770
770
805
805
840
840
875
875
910
910
945
945
980
980
1015
1015
1050
1050
1085
1085
1120
1120
1155
1155
1190
1190
1225
1225
1260
1260
1295
1295
1330
1330
1365
1365
1400
1400
1435
1435
1470
1470
1505
1505
1540
1540
1575
1575
1610
1610
1645
1645
1680
1680
1715
1715
1750
1750
1785
1785
1820
1820
1855
1855
1890
1890
1925
1925
1960
1960
1995
1995
2030
2030
2065
2065
2100
2100
2135
2135
2170
2170
2205
2205
2240
2240
2275
2275
2310
2310
2345
2345
2380
2380
2415
2415
2450
2450
2485
2485
2520
2520
2555
2555
2590
2590
2625
2625
2660
2660
2695
2695
2730
2730
2765
2765
2800
2800
2835
2835
2870
2870
2905
2905
2940
2940
2975
2975
3010
3010
3045
3045
3080
3080
3115
3115
3150
3150
3185
3185
3220
3220
3255
3255
35
36
71
71
106
107
142
142
177
178
213
213
248
249
284
284
319
320
355
355
390
391
426
426
461
462
497
497
532
533
568
568
603
604
639
639
674
675
710
710
745
746
781
781
816
817
852
852
887
888
923
923
958
959
994
994
1029
1030
1065
1065
1100
1101
1136
1136
1171
1172
1207
1207
1242
1243
1278
1278
1313
1314
1349
1349
1384
1385
1420
1420
1455
1456
1491
1491
1526
1527
1562
1562
1597
1598
1633
1633
1668
1669
1704
1704
1739
1740
1775
1775
1810
1811
1846
1846
1881
1882
1917
1917
1952
1953
1988
1988
2023
2024
2059
2059
2094
2095
2130
2130
2165
2166
2201
2201
2236
2237
2272
2272
2307
2308
2343
2343
2378
2379
2414
2414
2449
2450
2485
2485
2520
2521
2556
2556
2591
2592
2627
2627
2662
2663
2698
2698
2733
2734
2769
2769
2804
2805
2840
2840
2875
2876
2911
2911
2946
2947
2982
2982
3017
3018
3053
3053
3088
3089
3124
3124
3159
3160
3195
3195
3230
3231
3266
3266
3301
3302
36
36
72
72
108
108
144
144
180
180
216
216
252
252
288
288
324
324
360
360
396
396
432
432
468
468
504
504
540
540
576
576
612
612
648
648
684
684
720
720
756
756
792
792
828
828
864
864
900
900
936
936
972
972
1008
1008
1044
1044
1080
1080
1116
1116
1152
1152
1188
1188
1224
1224
1260
1260
1296
1296
1332
1332
1368
1368
1404
1404
1440
1440
1476
1476
1512
1512
1548
1548
1584
1584
1620
1620
1656
1656
1692
1692
1728
1728
1764
1764
1800
1800
1836
1836
1872
1872
1908
1908
1944
1944
1980
1980
2016
2016
2052
2052
2088
2088
2124
2124
2160
2160
2196
2196
2232
2232
2268
2268
2304
2304
2340
2340
2376
2376
2412
2412
2448
2448
2484
2484
2520
2520
2556
2556
2592
2592
2628
2628
2664
2664
2700
2700
2736
2736
2772
2772
2808
2808
2844
2844
2880
2880
2916
2916
2952
2952
2988
2988
3024
3024
3060
3060
3096
3096
3132
3132
3168
3168
3204
3204
3240
3240
3276
3276
3312
3312
3348
3348
36
37
73
73
109
110
146
146
182
183
219
219
255
256
292
292
328
329
365
365
401
402
438
438
474
475
511
511
547
548
584
584
620
621
657
657
693
694
730
730
766
767
803
803
839
840
876
876
912
913
949
949
985
986
1022
1022
1058
1059
1095
1095
1131
1132
1168
1168
1204
1205
1241
1241
1277
1278
1314
1314
1350
1351
1387
1387
1423
1424
1460
1460
1496
1497
1533
1533
1569
1570
1606
1606
1642
1643
1679
1679
1715
1716
1752
1752
1788
1789
1825
1825
1861
1862
1898
1898
1934
1935
1971
1971
2007
2008
2044
2044
2080
2081
2117
2117
2153
2154
2190
2190
2226
2227
2263
2263
2299
2300
2336
2336
2372
2373
2409
2409
2445
2446
2482
2482
2518
2519
2555
2555
2591
2592
2628
2628
2664
2665
2701
2701
2737
2738
2774
2774
2810
2811
2847
2847
2883
2884
2920
2920
2956
2957
2993
2993
3029
3030
3066
3066
3102
3103
3139
3139
3175
3176
3212
3212
3248
3249
3285
3285
3321
3322
3358
3358
3394
3395
37
37
74
74
111
111
148
148
185
185
222
222
259
259
296
296
333
333
370
370
407
407
444
444
481
481
518
518
555
555
592
592
629
629
666
666
703
703
740
740
777
777
814
814
851
851
888
888
925
925
962
962
999
999
1036
1036
1073
1073
1110
1110
1147
1147
1184
1184
1221
1221
1258
1258
1295
1295
1332
1332
1369
1369
1406
1406
1443
1443
1480
1480
1517
1517
1554
1554
1591
1591
1628
1628
1665
1665
1702
1702
1739
1739
1776
1776
1813
1813
1850
1850
1887
1887
1924
1924
1961
1961
1998
1998
2035
2035
2072
2072
2109
2109
2146
2146
2183
2183
2220
2220
2257
2257
2294
2294
2331
2331
2368
2368
2405
2405
2442
2442
2479
2479
2516
2516
2553
2553
2590
2590
2627
2627
2664
2664
2701
2701
2738
2738
2775
2775
2812
2812
2849
2849
2886
2886
2923
2923
2960
2960
2997
2997
3034
3034
3071
3071
3108
3108
3145
3145
3182
3182
3219
3219
3256
3256
3293
3293
3330
3330
3367
3367
3404
3404
3441
3441
37
38
75
75
112
113
150
150
187
188
225
225
262
263
300
300
337
338
375
375
412
413
450
450
487
488
525
525
562
563
600
600
637
638
675
675
712
713
750
750
787
788
825
825
862
863
900
900
937
938
975
975
1012
1013
1050
1050
1087
1088
1125
1125
1162
1163
1200
1200
1237
1238
1275
1275
1312
1313
1350
1350
1387
1388
1425
1425
1462
1463
1500
1500
1537
1538
1575
1575
1612
1613
1650
1650
1687
1688
1725
1725
1762
1763
1800
1800
1837
1838
1875
1875
1912
1913
1950
1950
1987
1988
2025
2025
2062
2063
2100
2100
2137
2138
2175
2175
2212
2213
2250
2250
2287
2288
2325
2325
2362
2363
2400
2400
2437
2438
2475
2475
2512
2513
2550
2550
2587
2588
2625
2625
2662
2663
2700
2700
2737
2738
2775
2775
2812
2813
2850
2850
2887
2888
2925
2925
2962
2963
3000
3000
3037
3038
3075
3075
3112
3113
3150
3150
3187
3188
3225
3225
3262
3263
3300
3300
3337
3338
3375
3375
3412
3413
3450
3450
3487
3488
38
38
76
76
114
114
152
152
190
190
228
228
266
266
304
304
342
342
380
380
418
418
456
456
494
494
532
532
570
570
608
608
646
646
684
684
722
722
760
760
798
798
836
836
874
874
912
912
950
950
988
988
1026
1026
1064
1064
1102
1102
1140
1140
1178
1178
1216
1216
1254
1254
1292
1292
1330
1330
1368
1368
1406
1406
1444
1444
1482
1482
1520
1520
1558
1558
1596
1596
1634
1634
1672
1672
1710
1710
1748
1748
1786
1786
1824
1824
1862
1862
1900
1900
1938
1938
1976
1976
2014
2014
2052
2052
2090
2090
2128
2128
2166
2166
2204
2204
2242
2242
2280
2280
2318
2318
2356
2356
2394
2394
2432
2432
2470
2470
2508
2508
2546
2546
2584
2584
2622
2622
2660
2660
2698
2698
2736
2736
2774
2774
2812
2812
2850
2850
2888
2888
2926
2926
2964
2964
3002
3002
3040
3040
3078
3078
3116
3116
3154
3154
3192
3192
3230
3230
3268
3268
3306
3306
3344
3344
3382
3382
3420
3420
3458
3458
3496
3496
3534
3534
38
39
77
77
115
116
154
154
192
193
231
231
269
270
308
308
346
347
385
385
423
424
462
462
500
501
539
539
577
578
616
616
654
655
693
693
731
732
770
770
808
809
847
847
885
886
924
924
962
963
1001
1001
1039
1040
1078
1078
1116
1117
1155
1155
1193
1194
1232
1232
1270
1271
1309
1309
1347
1348
1386
1386
1424
1425
1463
1463
1501
1502
1540
1540
1578
1579
1617
1617
1655
1656
1694
1694
1732
1733
1771
1771
1809
1810
1848
1848
1886
1887
1925
1925
1963
1964
2002
2002
2040
2041
2079
2079
2117
2118
2156
2156
2194
2195
2233
2233
2271
2272
2310
2310
2348
2349
2387
2387
2425
2426
2464
2464
2502
2503
2541
2541
2579
2580
2618
2618
2656
2657
2695
2695
2733
2734
2772
2772
2810
2811
2849
2849
2887
2888
2926
2926
2964
2965
3003
3003
3041
3042
3080
3080
3118
3119
3157
3157
3195
3196
3234
3234
3272
3273
3311
3311
3349
3350
3388
3388
3426
3427
3465
3465
3503
3504
3542
3542
3580
3581
39
39
78
78
117
117
156
156
195
195
234
234
273
273
312
312
351
351
390
390
429
429
468
468
507
507
546
546
585
585
624
624
663
663
702
702
741
741
780
780
819
819
858
858
897
897
936
936
975
975
1014
1014
1053
1053
1092
1092
1131
1131
1170
1170
1209
1209
1248
1248
1287
1287
1326
1326
1365
1365
1404
1404
1443
1443
1482
1482
1521
1521
1560
1560
1599
1599
1638
1638
1677
1677
1716
1716
1755
1755
1794
1794
1833
1833
1872
1872
1911
1911
1950
1950
1989
1989
2028
2028
2067
2067
2106
2106
2145
2145
2184
2184
2223
2223
2262
2262
2301
2301
2340
2340
2379
2379
2418
2418
2457
2457
2496
2496
2535
2535
2574
2574
2613
2613
2652
2652
2691
2691
2730
2730
2769
2769
2808
2808
2847
2847
2886
2886
2925
2925
2964
2964
3003
3003
3042
3042
3081
3081
3120
3120
3159
3159
3198
3198
3237
3237
3276
3276
3315
3315
3354
3354
3393
3393
3432
3432
3471
3471
3510
3510
3549
3549
3588
3588
3627
3627
39
40
79
79
118
119
158
158
197
198
237
237
276
277
316
316
355
356
395
395
434
435
474
474
513
514
553
553
592
593
632
632
671
672
711
711
750
751
790
790
829
830
869
869
908
909
948
948
987
988
1027
1027
1066
1067
1106
1106
1145
1146
1185
1185
1224
1225
1264
1264
1303
1304
1343
1343
1382
1383
1422
1422
1461
1462
1501
1501
1540
1541
1580
1580
1619
1620
1659
1659
1698
1699
1738
1738
1777
1778
1817
1817
1856
1857
1896
1896
1935
1936
1975
1975
2014
2015
2054
2054
2093
2094
2133
2133
2172
2173
2212
2212
2251
2252
2291
2291
2330
2331
2370
2370
2409
2410
2449
2449
2488
2489
2528
2528
2567
2568
2607
2607
2646
2647
2686
2686
2725
2726
2765
2765
2804
2805
2844
2844
2883
2884
2923
2923
2962
2963
3002
3002
3041
3042
3081
3081
3120
3121
3160
3160
3199
3200
3239
3239
3278
3279
3318
3318
3357
3358
3397
3397
3436
3437
3476
3476
3515
3516
3555
3555
3594
3595
3634
3634
3673
3674
40
40
80
80
120
120
160
160
200
200
240
240
280
280
320
320
360
360
400
400
440
440
480
480
520
520
560
560
600
600
640
640
680
680
720
720
760
760
800
800
840
840
880
880
920
920
960
960
1000
1000
1040
1040
1080
1080
1120
1120
1160
1160
1200
1200
1240
1240
1280
1280
1320
1320
1360
1360
1400
1400
1440
1440
1480
1480
1520
1520
1560
1560
1600
1600
1640
1640
1680
1680
1720
1720
1760
1760
1800
1800
1840
1840
1880
1880
1920
1920
1960
1960
2000
2000
2040
2040
2080
2080
2120
2120
2160
2160
2200
2200
2240
2240
2280
2280
2320
2320
2360
2360
2400
2400
2440
2440
2480
2480
2520
2520
2560
2560
2600
2600
2640
2640
2680
2680
2720
2720
2760
2760
2800
2800
2840
2840
2880
2880
2920
2920
2960
2960
3000
3000
3040
3040
3080
3080
3120
3120
3160
3160
3200
3200
3240
3240
3280
3280
3320
3320
3360
3360
3400
3400
3440
3440
3480
3480
3520
3520
3560
3560
3600
3600
3640
3640
3680
3680
3720
3720
40
41
81
81
121
122
162
162
202
203
243
243
283
284
324
324
364
365
405
405
445
446
486
486
526
527
567
567
607
608
648
648
688
689
729
729
769
770
810
810
850
851
891
891
931
932
972
972
1012
1013
1053
1053
1093
1094
1134
1134
1174
1175
1215
1215
1255
1256
1296
1296
1336
1337
1377
1377
1417
1418
1458
1458
1498
1499
1539
1539
1579
1580
1620
1620
1660
1661
1701
1701
1741
1742
1782
1782
1822
1823
1863
1863
1903
1904
1944
1944
1984
1985
2025
2025
2065
2066
2106
2106
2146
2147
2187
2187
2227
2228
2268
2268
2308
2309
2349
2349
2389
2390
2430
2430
2470
2471
2511
2511
2551
2552
2592
2592
2632
2633
2673
2673
2713
2714
2754
2754
2794
2795
2835
2835
2875
2876
2916
2916
2956
2957
2997
2997
3037
3038
3078
3078
3118
3119
3159
3159
3199
3200
3240
3240
3280
3281
3321
3321
3361
3362
3402
3402
3442
3443
3483
3483
3523
3524
3564
3564
3604
3605
3645
3645
3685
3686
3726
3726
3766
3767
41
41
82
82
123
123
164
164
205
205
246
246
287
287
328
328
369
369
410
410
451
451
492
492
533
533
574
574
615
615
656
656
697
697
738
738
779
779
820
820
861
861
902
902
943
943
984
984
1025
1025
1066
1066
1107
1107
1148
1148
1189
1189
1230
1230
1271
1271
1312
1312
1353
1353
1394
1394
1435
1435
1476
1476
1517
1517
1558
1558
1599
1599
1640
1640
1681
1681
1722
1722
1763
1763
1804
1804
1845
1845
1886
1886
1927
1927
1968
1968
2009
2009
2050
2050
2091
2091
2132
2132
2173
2173
2214
2214
2255
2255
2296
2296
2337
2337
2378
2378
2419
2419
2460
2460
2501
2501
2542
2542
2583
2583
2624
2624
2665
2665
2706
2706
2747
2747
2788
2788
2829
2829
2870
2870
2911
2911
2952
2952
2993
2993
3034
3034
3075
3075
3116
3116
3157
3157
3198
3198
3239
3239
3280
3280
3321
3321
3362
3362
3403
3403
3444
3444
3485
3485
3526
3526
3567
3567
3608
3608
3649
3649
3690
3690
3731
3731
3772
3772
3813
3813
41
42
83
83
124
125
166
166
207
208
249
249
290
291
332
332
373
374
415
415
456
457
498
498
539
540
581
581
622
623
664
664
705
706
747
747
788
789
830
830
871
872
913
913
954
955
996
996
1037
1038
1079
1079
1120
1121
1162
1162
1203
1204
1245
1245
1286
1287
1328
1328
1369
1370
1411
1411
1452
1453
1494
1494
1535
1536
1577
1577
1618
1619
1660
1660
1701
1702
1743
1743
1784
1785
1826
1826
1867
1868
1909
1909
1950
1951
1992
1992
2033
2034
2075
2075
2116
2117
2158
2158
2199
2200
2241
2241
2282
2283
2324
2324
2365
2366
2407
2407
2448
2449
2490
2490
2531
2532
2573
2573
2614
2615
2656
2656
2697
2698
2739
2739
2780
2781
2822
2822
2863
2864
2905
2905
2946
2947
2988
2988
3029
3030
3071
3071
3112
3113
3154
3154
3195
3196
3237
3237
3278
3279
3320
3320
3361
3362
3403
3403
3444
3445
3486
3486
3527
3528
3569
3569
3610
3611
3652
3652
3693
3694
3735
3735
3776
3777
3818
3818
3859
3860
42
42
84
84
126
126
168
168
210
210
252
252
294
294
336
336
378
378
420
420
462
462
504
504
546
546
588
588
630
630
672
672
714
714
756
756
798
798
840
840
882
882
924
924
966
966
1008
1008
1050
1050
1092
1092
1134
1134
1176
1176
1218
1218
1260
1260
1302
1302
1344
1344
1386
1386
1428
1428
1470
1470
1512
1512
1554
1554
1596
1596
1638
1638
1680
1680
1722
1722
1764
1764
1806
1806
1848
1848
1890
1890
1932
1932
1974
1974
2016
2016
2058
2058
2100
2100
2142
2142
2184
2184
2226
2226
2268
2268
2310
2310
2352
2352
2394
2394
2436
2436
2478
2478
2520
2520
2562
2562
2604
2604
2646
2646
2688
2688
2730
2730
2772
2772
2814
2814
2856
2856
2898
2898
2940
2940
2982
2982
3024
3024
3066
3066
3108
3108
3150
3150
3192
3192
3234
3234
3276
3276
3318
3318
3360
3360
3402
3402
3444
3444
3486
3486
3528
3528
3570
3570
3612
3612
3654
3654
3696
3696
3738
3738
3780
3780
3822
3822
3864
3864
3906
3906
42
43
85
85
127
128
170
170
212
213
255
255
297
298
340
340
382
383
425
425
467
468
510
510
552
553
595
595
637
638
680
680
722
723
765
765
807
808
850
850
892
893
935
935
977
978
1020
1020
1062
1063
1105
1105
1147
1148
1190
1190
1232
1233
1275
1275
1317
1318
1360
1360
1402
1403
1445
1445
1487
1488
1530
1530
1572
1573
1615
1615
1657
1658
1700
1700
1742
1743
1785
1785
1827
1828
1870
1870
1912
1913
1955
1955
1997
1998
2040
2040
2082
2083
2125
2125
2167
2168
2210
2210
2252
2253
2295
2295
2337
2338
2380
2380
2422
2423
2465
2465
2507
2508
2550
2550
2592
2593
2635
2635
2677
2678
2720
2720
2762
2763
2805
2805
2847
2848
2890
2890
2932
2933
2975
2975
3017
3018
3060
3060
3102
3103
3145
3145
3187
3188
3230
3230
3272
3273
3315
3315
3357
3358
3400
3400
3442
3443
3485
3485
3527
3528
3570
3570
3612
3613
3655
3655
3697
3698
3740
3740
3782
3783
3825
3825
3867
3868
3910
3910
3952
3953
43
43
86
86
129
129
172
172
215
215
258
258
301
301
344
344
387
387
430
430
473
473
516
516
559
559
602
602
645
645
688
688
731
731
774
774
817
817
860
860
903
903
946
946
989
989
1032
1032
1075
1075
1118
1118
1161
1161
1204
1204
1247
1247
1290
1290
1333
1333
1376
1376
1419
1419
1462
1462
1505
1505
1548
1548
1591
1591
1634
1634
1677
1677
1720
1720
1763
1763
1806
1806
1849
1849
1892
1892
1935
1935
1978
1978
2021
2021
2064
2064
2107
2107
2150
2150
2193
2193
2236
2236
2279
2279
2322
2322
2365
2365
2408
2408
2451
2451
2494
2494
2537
2537
2580
2580
2623
2623
2666
2666
2709
2709
2752
2752
2795
2795
2838
2838
2881
2881
2924
2924
2967
2967
3010
3010
3053
3053
3096
3096
3139
3139
3182
3182
3225
3225
3268
3268
3311
3311
3354
3354
3397
3397
3440
3440
3483
3483
3526
3526
3569
3569
3612
3612
3655
3655
3698
3698
3741
3741
3784
3784
3827
3827
3870
3870
3913
3913
3956
3956
3999
3999
43
44
87
87
130
131
174
174
217
218
261
261
304
305
348
348
391
392
435
435
478
479
522
522
565
566
609
609
652
653
696
696
739
740
783
783
826
827
870
870
913
914
957
957
1000
1001
1044
1044
1087
1088
1131
1131
1174
1175
1218
1218
1261
1262
1305
1305
1348
1349
1392
1392
1435
1436
1479
1479
1522
1523
1566
1566
1609
1610
1653
1653
1696
1697
1740
1740
1783
1784
1827
1827
1870
1871
1914
1914
1957
1958
2001
2001
2044
2045
2088
2088
2131
2132
2175
2175
2218
2219
2262
2262
2305
2306
2349
2349
2392
2393
2436
2436
2479
2480
2523
2523
2566
2567
2610
2610
2653
2654
2697
2697
2740
2741
2784
2784
2827
2828
2871
2871
2914
2915
2958
2958
3001
3002
3045
3045
3088
3089
3132
3132
3175
3176
3219
3219
3262
3263
3306
3306
3349
3350
3393
3393
3436
3437
3480
3480
3523
3524
3567
3567
3610
3611
3654
3654
3697
3698
3741
3741
3784
3785
3828
3828
3871
3872
3915
3915
3958
3959
4002
4002
4045
4046
44
44
88
88
132
132
176
176
220
220
264
264
308
308
352
352
396
396
440
440
484
484
528
528
572
572
616
616
660
660
704
704
748
748
792
792
836
836
880
880
924
924
968
968
1012
1012
1056
1056
1100
1100
1144
1144
1188
1188
1232
1232
1276
1276
1320
1320
1364
1364
1408
1408
1452
1452
1496
1496
1540
1540
1584
1584
1628
1628
1672
1672
1716
1716
1760
1760
1804
1804
1848
1848
1892
1892
1936
1936
1980
1980
2024
2024
2068
2068
2112
2112
2156
2156
2200
2200
2244
2244
2288
2288
2332
2332
2376
2376
2420
2420
2464
2464
2508
2508
2552
2552
2596
2596
2640
2640
2684
2684
2728
2728
2772
2772
2816
2816
2860
2860
2904
2904
2948
2948
2992
2992
3036
3036
3080
3080
3124
3124
3168
3168
3212
3212
3256
3256
3300
3300
3344
3344
3388
3388
3432
3432
3476
3476
3520
3520
3564
3564
3608
3608
3652
3652
3696
3696
3740
3740
3784
3784
3828
3828
3872
3872
3916
3916
3960
3960
4004
4004
4048
4048
4092
4092
44
45
89
89
133
134
178
178
222
223
267
267
311
312
356
356
400
401
445
445
489
490
534
534
578
579
623
623
667
668
712
712
756
757
801
801
845
846
890
890
934
935
979
979
1023
1024
1068
1068
1112
1113
1157
1157
1201
1202
1246
1246
1290
1291
1335
1335
1379
1380
1424
1424
1468
1469
1513
1513
1557
1558
1602
1602
1646
1647
1691
1691
1735
1736
1780
1780
1824
1825
1869
1869
1913
1914
1958
1958
2002
2003
2047
2047
2091
2092
2136
2136
2180
2181
2225
2225
2269
2270
2314
2314
2358
2359
2403
2403
2447
2448
2492
2492
2536
2537
2581
2581
2625
2626
2670
2670
2714
2715
2759
2759
2803
2804
2848
2848
2892
2893
2937
2937
2981
2982
3026
3026
3070
3071
3115
3115
3159
3160
3204
3204
3248
3249
3293
3293
3337
3338
3382
3382
3426
3427
3471
3471
3515
3516
3560
3560
3604
3605
3649
3649
3693
3694
3738
3738
3782
3783
3827
3827
3871
3872
3916
3916
3960
3961
4005
4005
4049
4050
4094
4094
4138
4139
45
45
90
90
135
135
180
180
225
225
270
270
315
315
360
360
405
405
450
450
495
495
540
540
585
585
630
630
675
675
720
720
765
765
810
810
855
855
900
900
945
945
990
990
1035
1035
1080
1080
1125
1125
1170
1170
1215
1215
1260
1260
1305
1305
1350
1350
1395
1395
1440
1440
1485
1485
1530
1530
1575
1575
1620
1620
1665
1665
1710
1710
1755
1755
1800
1800
1845
1845
1890
1890
1935
1935
1980
1980
2025
2025
2070
2070
2115
2115
2160
2160
2205
2205
2250
2250
2295
2295
2340
2340
2385
2385
2430
2430
2475
2475
2520
2520
2565
2565
2610
2610
2655
2655
2700
2700
2745
2745
2790
2790
2835
2835
2880
2880
2925
2925
2970
2970
3015
3015
3060
3060
3105
3105
3150
3150
3195
3195
3240
3240
3285
3285
3330
3330
3375
3375
3420
3420
3465
3465
3510
3510
3555
3555
3600
3600
3645
3645
3690
3690
3735
3735
3780
3780
3825
3825
3870
3870
3915
3915
3960
3960
4005
4005
4050
4050
4095
4095
4140
4140
4185
4185
45
46
91
91
136
137
182
182
227
228
273
273
318
319
364
364
409
410
455
455
500
501
546
546
591
592
637
637
682
683
728
728
773
774
819
819
864
865
910
910
955
956
1001
1001
1046
1047
1092
1092
1137
1138
1183
1183
1228
1229
1274
1274
1319
1320
1365
1365
1410
1411
1456
1456
1501
1502
1547
1547
1592
1593
1638
1638
1683
1684
1729
1729
1774
1775
1820
1820
1865
1866
1911
1911
1956
1957
2002
2002
2047
2048
2093
2093
2138
2139
2184
2184
2229
2230
2275
2275
2320
2321
2366
2366
2411
2412
2457
2457
2502
2503
2548
2548
2593
2594
2639
2639
2684
2685
2730
2730
2775
2776
2821
2821
2866
2867
2912
2912
2957
2958
3003
3003
3048
3049
3094
3094
3139
3140
3185
3185
3230
3231
3276
3276
3321
3322
3367
3367
3412
3413
3458
3458
3503
3504
3549
3549
3594
3595
3640
3640
3685
3686
3731
3731
3776
3777
3822
3822
3867
3868
3913
3913
3958
3959
4004
4004
4049
4050
4095
4095
4140
4141
4186
4186
4231
4232
46
46
92
92
138
138
184
184
230
230
276
276
322
322
368
368
414
414
460
460
506
506
552
552
598
598
644
644
690
690
736
736
782
782
828
828
874
874
920
920
966
966
1012
1012
1058
1058
1104
1104
1150
1150
1196
1196
1242
1242
1288
1288
1334
1334
1380
1380
1426
1426
1472
1472
1518
1518
1564
1564
1610
1610
1656
1656
1702
1702
1748
1748
1794
1794
1840
1840
1886
1886
1932
1932
1978
1978
2024
2024
2070
2070
2116
2116
2162
2162
2208
2208
2254
2254
2300
2300
2346
2346
2392
2392
2438
2438
2484
2484
2530
2530
2576
2576
2622
2622
2668
2668
2714
2714
2760
2760
2806
2806
2852
2852
2898
2898
2944
2944
2990
2990
3036
3036
3082
3082
3128
3128
3174
3174
3220
3220
3266
3266
3312
3312
3358
3358
3404
3404
3450
3450
3496
3496
3542
3542
3588
3588
3634
3634
3680
3680
3726
3726
3772
3772
3818
3818
3864
3864
3910
3910
3956
3956
4002
4002
4048
4048
4094
4094
4140
4140
4186
4186
4232
4232
4278
4278
46
47
93
93
139
140
186
186
232
233
279
279
325
326
372
372
418
419
465
465
511
512
558
558
604
605
651
651
697
698
744
744
790
791
837
837
883
884
930
930
976
977
1023
1023
1069
1070
1116
1116
1162
1163
1209
1209
1255
1256
1302
1302
1348
1349
1395
1395
1441
1442
1488
1488
1534
1535
1581
1581
1627
1628
1674
1674
1720
1721
1767
1767
1813
1814
1860
1860
1906
1907
1953
1953
1999
2000
2046
2046
2092
2093
2139
2139
2185
2186
2232
2232
2278
2279
2325
2325
2371
2372
2418
2418
2464
2465
2511
2511
2557
2558
2604
2604
2650
2651
2697
2697
2743
2744
2790
2790
2836
2837
2883
2883
2929
2930
2976
2976
3022
3023
3069
3069
3115
3116
3162
3162
3208
3209
3255
3255
3301
3302
3348
3348
3394
3395
3441
3441
3487
3488
3534
3534
3580
3581
3627
3627
3673
3674
3720
3720
3766
3767
3813
3813
3859
3860
3906
3906
3952
3953
3999
3999
4045
4046
4092
4092
4138
4139
4185
4185
4231
4232
4278
4278
4324
4325
