Calling circles for data set 1:
emperor, chevy, expired
exclusion
acne
caroline
nominated
electro
develops, casey
bufing

Calling circles for data set 2:
refrigerator, stephanie, rendered, viral
belfast
sally, disciplinary, abraham, charitable, complimentary
pens
baghdad, settle
charging
briefs

Calling circles for data set 3:
cardiff, disciplines, myth, shark, wesley, outputs, papua, jackie, restored, namespace, parcel, educated, shine, computation, tions, stan, leone, dozens, varies
editorials
tear
watershed
washer
deviation
waiver

Calling circles for data set 4:
hyundai, mime, hayes, elevation, walt, mattress, jenny, cornwall, prerequisite, oecd
preston
alloy

Calling circles for data set 5:
mime, gazette, gradually, dock, musician, logan, leone, mixer, cathedral, wallet, wiring, requesting, tribunal, broader, upset, realtor, adolescent, purse, fraser
openings
laden
lesser
incidence
webpage
verde

Calling circles for data set 6:
polished, passive, lexus, privilege, specially, corrected, vagina, dried, brook, upset, entertaining, performer, receivers, workout
chevy

Calling circles for data set 7:
johns
vegetarian
undo
insulin
importantly
shine
panic
burlington
mysimon
hypothesis
incidence
appropriations
muscles
brakes
respected
intimate
cindy
potato

Calling circles for data set 8:
stays, thinkpad, champagne, pipes, travels, cheque, oman, scholar, retrieval, sticky, derek, referenced, heated, hayes, gazette, nirvana, donors
commitments
strikes
mixer
mustang

Calling circles for data set 9

Calling circles for data set 10:
annotated
investigated
pierce
sbjct
declined
invision
harley
framing
refined
johns
scuba
gays
samba
luther
incidents
utilization
disciplinary
magical
kinda
vsnet

Calling circles for data set 11:
introductory
beginner
ratios
coated, jenny, counted, mentor, omissions, brochures, accent, adaptor, petite, fridge, bedford, usda
lighter
intersection
pork
utilize

Calling circles for data set 12:
disclose
opponent
pockets, demographic
heel
beginner
celebs
halo
vagina
niagara
madness
bedford
educated
disciplines
jenny

Calling circles for data set 13:
navigator
homeless
scuba
performer
atmospheric
dylan

Calling circles for data set 14:
tracy, deaf
journalist, reliance, acne
complement
plastics
travelling
fathers
barn
diffs
scenic

Calling circles for data set 15:
feof, bloody, deadly, watershed, hypothesis, expired, economies, paraguay, ensemble, azerbaijan, renewable, lately
framing
yale
advisors
barn
triumph, buses, token, favors
unnecessary
suited
retrieval
annoying

Calling circles for data set 16:
reservoir, superintendent, burke, moss, hearings, gaps, badge
chevy
blocking
hypothesis
jackie
renewable

Calling circles for data set 17:
squirt, lexus, webpage, apparatus, hungry, revisions, decimal, warriors, buys, palestine, lafayette, dispatch, gays, remind, gale, bedford, bite, hash
ratios
mumbai
designation
motherboard

Calling circles for data set 18:
julian
geology
councils
recovered
hint
allan
pensions
tuner
coleman
fraser
palestine
apparatus
cindy
dash

Calling circles for data set 19:
cardiff, prototype, titled, denial, condos, token, raises, cork, encountered, finals, fraser, libs, craps, collectors, edgar, alike, masturbation, sagem, baths, senators, achievements, stan, favors
mysimon
nato

Calling circles for data set 20:
belfast
samba
masturbation
cardiovascular
allan
daughters
alternatively
publicity
peripheral
welding
ferrari
sexuality
invitations
vagina
elliott
bunny

Calling circles for data set 21:
bloomberg, sorts, reservoir, hypothesis, gibraltar, habits, ventures, thinkpad, purse
pastor
employ
charming
gasoline
denial
ambassador
merry
lanes
striking
phenomenon

Calling circles for data set 22:
gasoline, coating, nationally

Calling circles for data set 23:
clearing
blah
flavor, intimate, merger, disciplines, riders, refrigerator, cage, courage, dispatch, utilization, conclude, weighted, purse, validity, deaf, prix, postcard, alternatively
donors

Calling circles for data set 24:
miracle
variance
sewing
televisions
moss, locking, trustee, destiny
cancelled
curves
dramatically
valued
breach
parcel
rage
merry
ballot
accompanying
characterized
dependence
pasta
conversations
passwords
rosa
peripheral

Calling circles for data set 25:
nato, shine, duplicate, vatican, consistency, doom, cornwall, travels, pens, vietnamese, malawi, rendered, yugoslavia, exclusion, flavor, differently, shorter
nomination
helicopter
learners
anthropology
homeless

Calling circles for data set 26:
hayes, bufing, transsexual, opponent, pledge, gays, cardiac, hostel, accent, informative, replacing, nickel, liberia, refined
sacrifice

Calling circles for data set 27:
adrian, mentor, vegetarian, contacting, lawsuit, belts, qualifying, beside

Calling circles for data set 28:
characterization
refugees, draws
nextel
dried
namespace
pillow
bibliographic
drove
worcester
charitable
yale
develops
expedia
specialties

Calling circles for data set 29:
encountered
armor
proudly
serum

Calling circles for data set 30:
catalyst, arbitration
stranger
introductory
housewives

Calling circles for data set 31:
antibody, papua, focal, afterwards, bucks, contamination, ambient, fascinating, grad, charms, sexuality, anaheim, align, divx, specially, paraguay, analyzed, validity, baking
dramatically
bumper
zinc
prayers
invision
momentum

Calling circles for data set 32:
skating, moses, delight, mixer, libs, squirt, emacs
boating
lately

Calling circles for data set 33:
rebound
endorsed, decimal, hash, reporters, belfast, utilize
opponent

Calling circles for data set 34:
leon
sperm
batman, tuner
postcard

Calling circles for data set 35:
qualities
angola, homeless
intimate
griffin, climb
munich
obesity
cingular
brakes
televisions
aruba
receivers
watershed
collectors
relying
differently, routines
handjobs
passwords
religions
mustang
continuity
bacterial

Calling circles for data set 36:
circles
chassis, marking, fridge, refrigerator
omissions, bumper, tear, urls, qualities
ratios
moses
pledge
specialties
kenny

Calling circles for data set 37:
journalist, conscious, unnecessary, hostels, habits, gasoline
briefs

Calling circles for data set 38:
alot
assured, elliott, finals, talented, extraction, empirical, relying, engaging
cleared
adaptive
purse
pastor
touring

Calling circles for data set 39:
wrist, preston, pockets, lazy

Calling circles for data set 40:
anaheim
cove
strand
marking
navigator
manually

Calling circles for data set 41:
dryer, deaf, supplemental, draws, pale, beverages, bras, tooth, tsunami, develops
replacing
arbitration

Calling circles for data set 42:
elliott, differently, yields, rolled, hypothetical, heath, liberia, limiting, framing, vietnamese, signatures, aquatic, wrist, brook, tooth, educated, undertake, compromise, mime
velvet
zinc
hungry
mods

Calling circles for data set 43:
unlock, wendy
orgasm
confidentiality

Calling circles for data set 44:
publicity, allan, sbjct, merry, blowing, tomatoes, occupations, convertible
medicines
interference
scout
jenny
investigators
lighter

Calling circles for data set 45:
chevy, trainers, podcasts, oman, convergence
pushing
regression
characterization
aruba
fears
televisions, advisors, brutal
undertake
catalyst
nickel

Calling circles for data set 46:
pushing, utilize, sapphire, restored, passwords, occurring, mixer, paragraphs, remark, boxed, drilling, brutal, vagina, cardiovascular, sherman, superintendent, liberia
emperor

Calling circles for data set 47:
endangered, annotated, owns, coated, trustee, nest, greensboro, intimate, portraits, optimize, plastics, enhancing, urls, moss, vatican, jackie, simpsons
pensions
expired
sherman

Calling circles for data set 48:
wrapped, configuring
mpegs

Calling circles for data set 49:
conscious
journalist
sewing

Calling circles for data set 50:
functioning
compromise
expired
opponents
zinc

Calling circles for data set 51:
vegetarian, obesity, fought, convinced
conscious
dana
sally
jewel
samba

Calling circles for data set 52:
suggesting, interpreted

Calling circles for data set 53:
senegal
travelling
educated
intend

Calling circles for data set 54:
pencil, slovak, bald, worcester, emacs, thinkpad, angela, pasta, gibraltar, purse
collectors
papua

Calling circles for data set 55:
corrected, rendered, charms
sperm
garcia
radios, dome, suspected, educated, yang, expedia

Calling circles for data set 56:
medicines, andorra, clusters, contamination, buys, privileges
remedies
purse

Calling circles for data set 57:
curtis, nest, skating

Calling circles for data set 58:
petite
emerald
walt
softball
hitachi
colon, gossip, declare, seekers, collectors, disciplinary, yale, smilies, miracle, cove, reasoning, steal, carb, thinkpad

Calling circles for data set 59:
continuity, dryer, flex, avon, eval, penetration, skirts, bedford, oecd
heel

Calling circles for data set 60:
respected, intervals, bras, baghdad, skirts, rwanda, stopping, mines, appropriations, lesser, nvidia, altered, counted, rendering, johns, waterproof
powerseller
mauritius

Calling circles for data set 61:
instructors, altered, cameroon, halo, waiver, reasoning, keen, phenomenon, specialties, televisions
bloody
utilization
prefers, token
controversial
hugh
incl
hypothesis
rebound

Calling circles for data set 62

Calling circles for data set 63:
allowance, sticky, councils, qualifying, passive, cameroon, mines, valued, pale, annotated, revisions, relates, economies, denial, enhancing
curtis
magical

Calling circles for data set 64:
denial, gaps, efficiently, guards, maui, complimentary, predictions, pierce, owns, zinc, secretariat, singh, washer, nickel, rolled, dubai, compromise, toddler, drilling, mali, discrete, opponents
pavilion
buys
mpegs

Calling circles for data set 65:
tsunami
champagne
pontiac
nudity
gilbert
appropriations
touring
badge
scout
bloody
sticks
cardiff
trusts
teaches
organised
hamburg
ruled
cliff
laughing
yugoslavia
performs
niagara
housewives

Calling circles for data set 66:
niagara, analyzed, routines, performer, counted, entertaining

Calling circles for data set 67:
wrapped
efficiently
trustee
councils
tribunal
dried
changelog
serbia
herb
utilize
elevation
derby
elect
rendered
joins
helmet
textbook
walnut
demonstrates
influences
angola
banana

Calling circles for data set 68:
fundamentals, warriors, beats, dependence, deferred, restrict, banners
textbook

Calling circles for data set 69:
unlock
basement, validity, drainage, disciplinary, rolled
simplified
gently

Calling circles for data set 70:
flux
antibody
heath
textbook
altered
walnut
pipes
metres
reject
shorter
designation
introductory
disciplines
integrating
libs
corners
warriors
religions

Calling circles for data set 71:
picking, revisions, buys, ensemble, flush, needle, maui, helicopter, competent, bloomberg, mixer, scuba, functioning, adaptor, reforms
antibody
herb
opponents
sacrifice
parcel
freeze

Calling circles for data set 72:
hamburg, afterwards, writings, cakes, hash, clusters, conclude, recovered, washer, continuity, preston, peas, garlic, convergence, cadillac, realtor, cardiac, firewire, dispatch, align
champagne
italia
centered

Calling circles for data set 73:
highways
disclose, remind, conscious, drilling, oman, pulling, biblical, stranger, champagne, sacrifice, catalyst, tear, consistency, tremendous, designation, belts, upgrading, cakes, daughters, stephanie, angola
rolled
metres
kinase

Calling circles for data set 74:
vertex
freeze
realtor
gossip
penguin
baths
likelihood
kinase
cliff
renewable
baking
rangers
chevy

Calling circles for data set 75:
inbox, blacks, vagina, fraser, plots, hostel, dana, onion, neighbor, dozens, batman, rendering, phenomenon
boutique
shorter
cornwall
derby
requesting
fairfield
mime
smilies
refrigerator
fears
peterson
collectors

Calling circles for data set 76:
wesley, bufing, msie, explosion, eval, hepatitis, homeless, survivor, aquatic, radios, cottages, hugh, joins, peripheral
cardiovascular
bite
kruger
incidents
pencil
finals
petite
mentor
carb
owns
intend

Calling circles for data set 77:
outputs
yugoslavia, guards, fleece, utilization, blocked, bibliographic, prefers, travelling, contributor, superintendent, motherboard
dependence

Calling circles for data set 78:
restrict, helmet, pierce, riders, ozone, journalist, hepatitis, cathedral, computed
differently
compromise
empirical
polyester
mods
abandoned
maximize
ping
engaging
newfoundland
dozens
onion
guru

Calling circles for data set 79:
springer, courage, disciplinary, batman, parcel, commissions, continuously, velvet, distant, researcher, yang, suited
acne
destiny
supplemental
exec
beginners

Calling circles for data set 80:
riders, trader, palestine, adaptor, myth, pierce, owns, helmet, tariff, hitting, urls, inspections, brutal, decimal, declined, accomplish, denial, cult, invision, routines, dice
regression

Calling circles for data set 81:
electro, postcard, ladder, gossip, optimize, expired, introductory, afterwards, fuji, outputs, prefers, ensemble, belle, expiration, gasoline
remind
belts
purse

Calling circles for data set 82:
pastor, retrieval, belfast, contributor, jackie, celebs, clusters, purse, champagne, lighter, proudly, frontier, interpreted, refrigerator, undo, peripheral, oman
steal

Calling circles for data set 83:
dressed, gibraltar, exclusion, cubic, scout, reporters, momentum, scenarios, courage, yale
deadly
verde
shannon
cingular
clusters

Calling circles for data set 84:
muscles, doctrine, workout, investigators, spies, titled, cliff, reasoning
convertible, nitrogen
batman
survivor
sentences

Calling circles for data set 85:
libs, adaptive
slovak
rouge
momentum
prostate
invision
religions, kyle
tsunami
coating
logan
seekers
finals
divx

Calling circles for data set 86:
chassis, bloody, hitachi, mpegs
crawford
chevy
routines
obesity
cakes
entertaining
mime
desirable
orgasm
sally
maximize
moses
malawi
cadillac
cage
conversations

Calling circles for data set 87:
mixer
remainder
competent
holocaust
riders
sheriff
achievements
realtor
jake
sentences
commented
acne
terrain
circles

Calling circles for data set 88:
metres
requesting
varies
weed
likewise
likelihood
sewing
employ
collectors
acrylic
waterproof
explosion
cingular
surprising

Calling circles for data set 89:
yemen, firewire, ruled
swift
emacs
writings
daughters
armor
cunt
dana
granny
organised
renewable
likewise
impaired
stopping
longest

Calling circles for data set 90:
kruger
numeric
idle
triumph
heel
aberdeen

Calling circles for data set 91:
papua, casey, slovak, deaf, robertson

Calling circles for data set 92:
undo, conclude, reasoning, hostels, nudity, beings, chargers, cove, vids
serbia
hungry
allowance
jewel

Calling circles for data set 93:
alto, learners, radios, yugoslavia, sticks, smilies, cardiff, motherboard, climb, asus, contamination, wrapped, peterson, accompanying, advisors
charging
specializing

Calling circles for data set 94:
nominated
nomination, wesley, yeast, denial
introductory
abraham
numeric
hash
researcher
usda
kinda

Calling circles for data set 95:
precisely
adrian
ping
reid
springer
religions
unnecessary
obesity
griffin
pipes
penetration
wiring
senegal
endangered
malawi
ballet
marvel
bloody
hierarchy
myth
selective

Calling circles for data set 96:
editorials, whale
affair
suburban
spies
creatures
mustang
singh
variance
granny
plots
cult
hash
centered
guards
armor
investigated
wrist
polished
alto
rolled
destiny
settle
employ
pasta

Calling circles for data set 97:
disclose, emerald, dosage, nationally, velvet, scuba, highways, qualifying, pockets, yields, civilization, senegal, fascinating, vsnet, routines, educated, collectors, preston, editorials, salvation, msie
clearing
navigator
touring

Calling circles for data set 98

Calling circles for data set 99:
colon
flavor
privilege
reforms
performs

Calling circles for data set 100:
confidentiality
occupations
privilege
sorts
refugees
