0.000

4.000

9.414

17.657

28.728

42.627

59.355

78.912

101.296

126.510

154.551

185.421

219.120

255.647

295.002

337.186

382.198

430.039

480.708

534.205

590.531

649.685

711.668

776.479

844.119

914.587

987.883

1064.008

1142.962

1224.743

1309.354

1396.792

1487.059

1580.155

1676.079

1774.831

1876.412

1980.821

2088.058

2198.124

2311.019

2426.742

2545.293

2666.673

2790.881

2917.917

3047.782

3180.476

3315.998

3454.348

3595.527

3739.534

3886.369

4036.033

4188.526

4343.847

4501.996

4662.974

4826.780

4993.414

5162.877

5335.169

5510.289

5688.237

5869.014

6052.619

6239.052

6428.314

6620.405

6815.324

7013.071

7213.646

7417.051

7623.283

7832.344

8044.233

8258.951

8476.498

8696.872

8920.075

9146.107

9374.967

9606.655

9841.172

10078.517

10318.691

10561.693

10807.524

11056.182

11307.670

11561.986

11819.130

12079.103

12341.904

12607.533

12875.991

13147.277

13421.392

13698.335

13978.107

14260.707

14546.136

14834.393

15125.478

15419.392

15716.134

16015.705

16318.104

16623.331

16931.387

17242.271

17555.984

17872.525

18191.895

18514.093

18839.119

19166.974

19497.658

19831.169

20167.510

20506.678

20848.675

21193.501

21541.155

21891.637

22244.948

22601.087

22960.055

23321.851

23686.475

24053.928

24424.209

24797.319

25173.257

25552.024

25933.619

26318.042

26705.294

27095.374

27488.283

27884.020

28282.586

28683.980

29088.202

29495.253

29905.132

30317.840

30733.376

31151.741

31572.934

31996.955

32423.805

32853.483

33285.990

33721.325

34159.489

34600.481

35044.301

35490.950

35940.427

36392.733

36847.867

37305.830

37766.621

38230.240

38696.688

39165.964

39638.069

40113.002

40590.764

41071.354

41554.772

42041.019

42530.094

43021.998

43516.730

44014.290

44514.679

45017.897

45523.943

46032.817

46544.519

47059.051

47576.410

48096.598

48619.614

49145.459

49674.132

50205.634

50739.964

51277.123

51817.110

52359.925

52905.569

53454.041

54005.342

54559.471

55116.428

55676.214

56238.828

56804.271

57372.542

57943.642

58517.570

59094.327

59673.912

60256.325

60841.567

61429.637

62020.536

62614.263

63210.818

63810.202

64412.414

65017.455

65625.324

66236.022

66849.548

67465.902

68085.085

68707.097

69331.936

69959.605

70590.101

71223.426

71859.580

72498.562

73140.372

73785.011

74432.478

75082.773

75735.897

76391.850

77050.631

77712.240

78376.678

79043.944

79714.039

80386.962

81062.713

81741.293

82422.701

83106.938

83794.003

84483.897

85176.619

85872.169

86570.548

87271.755

87975.791

88682.655

89392.348

90104.869

90820.218

91538.396

92259.402

92983.237

93709.900

94439.392

95171.712

95906.860

96644.837

97385.642

98129.276

98875.738

99625.028

100377.147

101132.095

101889.871

102650.475

103413.908

104180.169

104949.258

105721.176

106495.923

107273.497

108053.901

108837.132

109623.192

110412.081

111203.798

111998.343

112795.717

113595.919

114398.950

115204.809

116013.497

116825.013

117639.357

118456.530

119276.531

120099.361

120925.019

121753.505

122584.820

123418.963

124255.935

125095.735

125938.364

126783.821
