1
1
0
0
0
0
0
0
0
0
0
0
0
0
0
0
0
0
0
0
0
0
0
0
0
0
0
0
0
0
0
0
0
0
0
0
0
0
0
0
0
0
0
0
0
0
0
0
0
0
0
0
0
0
0
0
0
0
0
0
0
0
0
0
0
0
2
1
1
0
0
0
0
0
0
0
0
0
0
0
0
0
0
0
0
0
0
0
0
0
0
0
0
0
0
0
0
0
0
0
0
0
0
0
0
0
0
0
0
0
0
0
0
0
0
0
0
0
0
0
0
0
0
0
0
0
0
0
0
0
0
0
3
3
1
1
0
0
0
0
0
0
0
0
0
0
0
0
0
0
0
0
0
0
0
0
0
0
0
0
0
0
0
0
0
0
0
0
0
0
0
0
0
0
0
0
0
0
0
0
0
0
0
0
0
0
0
0
0
0
0
0
0
0
0
0
0
0
5
5
4
1
1
0
0
0
0
0
0
0
0
0
0
0
0
0
0
0
0
0
0
0
0
0
0
0
0
0
0
0
0
0
0
0
0
0
0
0
0
0
0
0
0
0
0
0
0
0
0
0
0
0
0
0
0
0
0
0
0
0
0
0
0
0
8
10
7
5
1
1
0
0
0
0
0
0
0
0
0
0
0
0
0
0
0
0
0
0
0
0
0
0
0
0
0
0
0
0
0
0
0
0
0
0
0
0
0
0
0
0
0
0
0
0
0
0
0
0
0
0
0
0
0
0
0
0
0
0
0
0
13
18
16
9
6
1
1
0
0
0
0
0
0
0
0
0
0
0
0
0
0
0
0
0
0
0
0
0
0
0
0
0
0
0
0
0
0
0
0
0
0
0
0
0
0
0
0
0
0
0
0
0
0
0
0
0
0
0
0
0
0
0
0
0
0
0
21
33
31
23
11
7
1
1
0
0
0
0
0
0
0
0
0
0
0
0
0
0
0
0
0
0
0
0
0
0
0
0
0
0
0
0
0
0
0
0
0
0
0
0
0
0
0
0
0
0
0
0
0
0
0
0
0
0
0
0
0
0
0
0
0
0
34
59
62
47
31
13
8
1
1
0
0
0
0
0
0
0
0
0
0
0
0
0
0
0
0
0
0
0
0
0
0
0
0
0
0
0
0
0
0
0
0
0
0
0
0
0
0
0
0
0
0
0
0
0
0
0
0
0
0
0
0
0
0
0
0
0
55
105
119
101
66
40
15
9
1
1
0
0
0
0
0
0
0
0
0
0
0
0
0
0
0
0
0
0
0
0
0
0
0
0
0
0
0
0
0
0
0
0
0
0
0
0
0
0
0
0
0
0
0
0
0
0
0
0
0
0
0
0
0
0
0
0
89
185
227
205
151
88
50
17
10
1
1
0
0
0
0
0
0
0
0
0
0
0
0
0
0
0
0
0
0
0
0
0
0
0
0
0
0
0
0
0
0
0
0
0
0
0
0
0
0
0
0
0
0
0
0
0
0
0
0
0
0
0
0
0
0
0
144
324
426
414
321
213
113
61
19
11
1
1
0
0
0
0
0
0
0
0
0
0
0
0
0
0
0
0
0
0
0
0
0
0
0
0
0
0
0
0
0
0
0
0
0
0
0
0
0
0
0
0
0
0
0
0
0
0
0
0
0
0
0
0
0
0
233
564
792
818
681
471
288
141
73
21
12
1
1
0
0
0
0
0
0
0
0
0
0
0
0
0
0
0
0
0
0
0
0
0
0
0
0
0
0
0
0
0
0
0
0
0
0
0
0
0
0
0
0
0
0
0
0
0
0
0
0
0
0
0
0
0
377
977
1458
1598
1406
1044
659
377
172
86
23
13
1
1
0
0
0
0
0
0
0
0
0
0
0
0
0
0
0
0
0
0
0
0
0
0
0
0
0
0
0
0
0
0
0
0
0
0
0
0
0
0
0
0
0
0
0
0
0
0
0
0
0
0
0
0
610
1685
2663
3082
2867
2240
1520
889
481
206
100
25
14
1
1
0
0
0
0
0
0
0
0
0
0
0
0
0
0
0
0
0
0
0
0
0
0
0
0
0
0
0
0
0
0
0
0
0
0
0
0
0
0
0
0
0
0
0
0
0
0
0
0
0
0
0
987
2895
4829
5885
5757
4745
3375
2127
1165
601
243
115
27
15
1
1
0
0
0
0
0
0
0
0
0
0
0
0
0
0
0
0
0
0
0
0
0
0
0
0
0
0
0
0
0
0
0
0
0
0
0
0
0
0
0
0
0
0
0
0
0
0
0
0
0
0
1597
4957
8702
11133
11427
9875
7400
4871
2884
1491
738
283
131
29
16
1
1
0
0
0
0
0
0
0
0
0
0
0
0
0
0
0
0
0
0
0
0
0
0
0
0
0
0
0
0
0
0
0
0
0
0
0
0
0
0
0
0
0
0
0
0
0
0
0
0
0
2584
8462
15593
20891
22432
20290
15905
11023
6793
3811
1871
893
326
148
31
17
1
1
0
0
0
0
0
0
0
0
0
0
0
0
0
0
0
0
0
0
0
0
0
0
0
0
0
0
0
0
0
0
0
0
0
0
0
0
0
0
0
0
0
0
0
0
0
0
0
0
4181
14406
27800
38915
43617
41170
33720
24399
15829
9211
4929
2309
1067
372
166
33
18
1
1
0
0
0
0
0
0
0
0
0
0
0
0
0
0
0
0
0
0
0
0
0
0
0
0
0
0
0
0
0
0
0
0
0
0
0
0
0
0
0
0
0
0
0
0
0
0
0
6765
24465
49337
72013
84073
82645
70505
53237
35998
22058
12200
6260
2809
1261
421
185
35
19
1
1
0
0
0
0
0
0
0
0
0
0
0
0
0
0
0
0
0
0
0
0
0
0
0
0
0
0
0
0
0
0
0
0
0
0
0
0
0
0
0
0
0
0
0
0
0
0
10946
41455
87196
132465
160788
164271
145700
114421
80665
51438
29976
15840
7827
3375
1476
473
205
37
20
1
1
0
0
0
0
0
0
0
0
0
0
0
0
0
0
0
0
0
0
0
0
0
0
0
0
0
0
0
0
0
0
0
0
0
0
0
0
0
0
0
0
0
0
0
0
0
17711
70101
153523
242337
305313
323631
297831
242853
177847
118163
71556
39876
20216
9654
4011
1713
528
226
39
21
1
1
0
0
0
0
0
0
0
0
0
0
0
0
0
0
0
0
0
0
0
0
0
0
0
0
0
0
0
0
0
0
0
0
0
0
0
0
0
0
0
0
0
0
0
0
28657
118321
269365
441129
575973
632427
602891
509405
386944
266783
168257
97296
52079
25418
11766
4721
1973
586
248
41
22
1
1
0
0
0
0
0
0
0
0
0
0
0
0
0
0
0
0
0
0
0
0
0
0
0
0
0
0
0
0
0
0
0
0
0
0
0
0
0
0
0
0
0
0
0
46368
199368
471108
799308
1080078
1226718
1209518
1057318
831343
594043
388433
233873
129715
66935
31541
14189
5509
2257
647
271
43
23
1
1
0
0
0
0
0
0
0
0
0
0
0
0
0
0
0
0
0
0
0
0
0
0
0
0
0
0
0
0
0
0
0
0
0
0
0
0
0
0
0
0
0
0
75025
335400
821520
1442180
2014230
2363250
2406700
2173350
1766200
1305225
883950
551345
318371
169989
84824
38685
16950
6379
2566
711
295
45
24
1
1
0
0
0
0
0
0
0
0
0
0
0
0
0
0
0
0
0
0
0
0
0
0
0
0
0
0
0
0
0
0
0
0
0
0
0
0
0
0
0
0
0
121393
563425
1428660
2591900
3737180
4524120
4752750
4427850
3713575
2834125
1983565
1280735
765558
425580
219419
106157
46955
20077
7335
2901
778
320
47
25
1
1
0
0
0
0
0
0
0
0
0
0
0
0
0
0
0
0
0
0
0
0
0
0
0
0
0
0
0
0
0
0
0
0
0
0
0
0
0
0
0
0
196418
945193
2478205
4641220
6901130
8610320
9320320
8947250
7734275
6086725
4396415
2931695
1813319
1042756
559834
279437
131377
56461
23599
8381
3263
848
346
49
26
1
1
0
0
0
0
0
0
0
0
0
0
0
0
0
0
0
0
0
0
0
0
0
0
0
0
0
0
0
0
0
0
0
0
0
0
0
0
0
0
0
317811
1583643
4288633
8282665
12687630
16298390
18159270
17942670
15967250
12941550
9632580
6625280
4229837
2516097
1396429
726009
351612
160960
67318
27546
9521
3653
921
373
51
27
1
1
0
0
0
0
0
0
0
0
0
0
0
0
0
0
0
0
0
0
0
0
0
0
0
0
0
0
0
0
0
0
0
0
0
0
0
0
0
0
514229
2650229
7405288
14734313
23230205
30695210
35167660
35728870
32696945
27261250
20883820
14793140
9736741
5975371
3429604
1842041
929561
437656
195416
79646
31949
10759
4072
997
401
53
28
1
1
0
0
0
0
0
0
0
0
0
0
0
0
0
0
0
0
0
0
0
0
0
0
0
0
0
0
0
0
0
0
0
0
0
0
0
0
0
832040
4430290
12760507
26133633
42369483
57536175
67723750
70679930
66450395
56932495
44836100
32669660
22134438
13998372
8285307
4601225
2397205
1176565
539430
235290
93570
36840
12099
4521
1076
430
55
29
1
1
0
0
0
0
0
0
0
0
0
0
0
0
0
0
0
0
0
0
0
0
0
0
0
0
0
0
0
0
0
0
0
0
0
0
0
0
1346269
7398330
21945856
46223165
76999008
107370663
129732375
138964890
134098400
117947195
95391165
71415080
49747699
32371440
19737912
11298969
6085950
3081865
1473755
658950
281163
109220
42252
13545
5001
1158
460
57
30
1
1
0
0
0
0
0
0
0
0
0
0
0
0
0
0
0
0
0
0
0
0
0
0
0
0
0
0
0
0
0
0
0
0
0
0
0
2178309
12342849
37674403
81542147
139458023
199536363
247290613
271653445
268833755
242527695
201241965
154639805
110627557
73983073
46396287
27352799
15180899
7947175
3918485
1828565
798393
333653
126731
48219
15101
5513
1243
491
59
31
1
1
0
0
0
0
0
0
0
0
0
0
0
0
0
0
0
0
0
0
0
0
0
0
0
0
0
0
0
0
0
0
0
0
0
0
3524578
20573219
64564778
143493859
251776013
369366041
469188688
528176573
535620710
495210245
421213630
331905685
243599981
167234371
107745832
65310143
37320679
20123989
10257550
4932245
2249171
960103
393416
146243
54776
16771
6058
1331
523
61
32
1
1
0
0
0
0
0
0
0
0
0
0
0
0
0
0
0
0
0
0
0
0
0
0
0
0
0
0
0
0
0
0
0
0
0
5702887
34262337
110469551
251926381
453185748
681220394
886308979
1021728093
1060977593
1004524895
875138145
706517155
531493418
374189868
247393417
154012487
90458922
50210944
26352849
13099875
6151244
2744534
1146597
461147
167901
61959
18559
6637
1422
556
63
33
1
1
0
0
0
0
0
0
0
0
0
0
0
0
0
0
0
0
0
0
0
0
0
0
0
0
0
0
0
0
0
0
0
0
9227465
57013865
188723447
441325013
813394283
1251996170
1667352020
1967024957
2090149823
2025092023
1805666425
1492347355
1149704869
829317676
562094746
358970215
216481945
123473176
66697354
34127419
16568045
7606710
3324444
1360571
537581
191855
69805
20469
7251
1516
590
65
34
1
1
0
0
0
0
0
0
0
0
0
0
0
0
0
0
0
0
0
0
0
0
0
0
0
0
0
0
0
0
0
0
0
14930352
94800780
321944526
771505290
1455978663
2293425099
3124436775
3769796091
4096424280
4058789148
3701371698
3129392790
2467028487
1821718995
1264615971
827684031
511898595
299707143
166312435
87571799
43746833
20768045
9333217
3999565
1604906
623494
218260
78352
22505
7901
1613
625
67
35
1
1
0
0
0
0
0
0
0
0
0
0
0
0
0
0
0
0
0
0
0
0
0
0
0
0
0
0
0
0
0
0
24157817
157517532
548454888
1346051382
2599553223
4188005649
5833217724
7193905803
7989345237
8090155628
7540735248
6517445418
5253778791
3968360289
2819112036
1889175471
1197094356
718596969
409243756
221314299
113759258
55553543
25818996
11368909
4781481
1882674
719704
247276
87639
24671
8588
1713
661
69
36
1
1
0
0
0
0
0
0
0
0
0
0
0
0
0
0
0
0
0
0
0
0
0
0
0
0
0
0
0
0
0
39088169
261545777
933116166
2344067034
4630077978
7625005308
10852235049
13672482843
15509879229
16041865733
15273473426
13486201758
11108859906
8576829588
6230369301
4271355567
2770484391
1703499873
994446017
551817419
291248591
146334013
69937711
31854253
13755731
5682743
2197144
827072
279068
97706
26971
9313
1816
698
71
37
1
1
0
0
0
0
0
0
0
0
0
0
0
0
0
0
0
0
0
0
0
0
0
0
0
0
0
0
0
0
63245986
433993661
1585599299
4074779694
8227646853
13843535712
20122452432
25885405971
29977801506
31652555353
30765918779
27736385354
23331395037
18400270992
13657950636
9571788303
6349758843
3995486877
2388592677
1358333979
735510969
379376889
186537177
87341877
39022556
16539667
6716917
2551788
946503
313806
108594
29409
10077
1922
736
73
38
1
1
0
0
0
0
0
0
0
0
0
0
0
0
0
0
0
0
0
0
0
0
0
0
0
0
0
0
0
102334155
719697255
2691163349
7071329861
14588437491
25066109895
37193217885
48828106197
57700603863
62162343363
61650081825
56715032465
48690438539
39199635711
29711761341
21270725205
14420675970
9278261202
5675025698
3304298058
1833276120
969973280
489517764
235795596
108265911
47489235
19770985
7898633
2950287
1078947
351665
120345
31989
10881
2031
775
75
39
1
1
0
0
0
0
0
0
0
0
0
0
0
0
0
0
0
0
0
0
0
0
0
0
0
0
0
0
165580141
1192779085
4562466242
12251673605
25812634511
45270436245
68538244500
91784277621
110621105595
121537701073
122925788614
115335580865
101000480687
82958950205
64169076696
46896324213
32469371715
21344665206
13346392700
7949065058
4514751168
2447115320
1266651332
626118060
295742186
133272257
57437470
23504489
9243635
3396537
1225400
392825
133002
34715
11726
2143
815
77
40
1
1
0
0
0
0
0
0
0
0
0
0
0
0
0
0
0
0
0
0
0
0
0
0
0
0
0
267914296
1975722326
7726711421
21194306359
45581415746
81560743160
125935788735
171957410433
211277880882
236620546168
243951228149
233326320119
208311467626
174468628064
137640152531
102624364773
72515646693
48671622153
31087822402
18924730118
10992794288
6098563648
3233311136
1639047224
794330561
368237767
162991477
69069607
27799778
10768832
3894655
1386905
437471
146609
37591
12613
2258
856
79
41
1
1
0
0
0
0
0
0
0
0
0
0
0
0
0
0
0
0
0
0
0
0
0
0
0
0
433494437
3270835566
13072120904
36610225143
80336683011
146599960640
230764340150
321139232289
402072119289
458815022528
481959861858
469687340519
427302687567
364738565208
293318907086
222991764821
160713058968
110062562337
71761172049
44615224878
26483210516
15023722088
8151410796
4231825088
2103001911
1000098399
455394457
198128103
82608531
32721512
12492350
4448985
1564553
485793
161211
40621
13543
2376
898
81
42
1
1
0
0
0
0
0
0
0
0
0
0
0
0
0
0
0
0
0
0
0
0
0
0
0
701408733
5412138033
22093945565
63149940985
141334017541
262915971065
421739346365
597925194137
762531822027
886229807103
948105566367
941022294347
871975175593
758198413213
621228996761
481294884149
353596105709
246931596765
164239934635
104213304643
63166499564
36612701964
20309880372
10788971972
5490110336
2677007516
1250246566
559600690
239466805
98299097
38339685
14433585
5064104
1759484
537986
176854
43809
14517
2497
941
83
43
1
1
0
0
0
0
0
0
0
0
0
0
0
0
0
0
0
0
0
0
0
0
0
0
1134903170
8950887895
37307368936
108781990789
248210416394
470513266235
768819696940
1110039432641
1441389903164
1705504532369
1857480212800
1876855339375
1770612816988
1567609466447
1308007751852
1032196738645
772612284005
549877205843
372870141112
241307292107
149247789845
88319713100
50050271044
27179266636
14150259131
7064214340
3382550140
1552580902
683547923
287878883
116409620
44729905
16613257
5744828
1972888
594250
193585
47159
15536
2621
985
85
44
1
1
0
0
0
0
0
0
0
0
0
0
0
0
0
0
0
0
0
0
0
0
0
1836311903
14796520365
62940064363
187145355145
435176483739
840305636153
1398156338475
2055044977353
2716035963695
3270592420609
3624860504433
3727252280155
3578421037609
3224445521055
2738647801847
2200270377885
1677110244210
1215824980904
840055684825
554150803227
349508276873
211013705345
122067162552
67708629280
36030664131
18401370651
9020003530
4244485166
1915994940
830259098
344329091
137233425
51973681
19053465
6496218
2206006
654790
211452
50675
16601
2748
1030
87
45
1
1
0
0
0
0
0
0
0
0
0
0
0
0
0
0
0
0
0
0
0
0
2971215073
24448816993
106093065769
321560041361
761750264489
1497784969733
2536768405333
3794421051529
5102431411571
6250743013509
7047428605473
7371487911163
7199430795377
6599863208123
5703491608307
4663107166525
3617796167455
2670200146952
1878873600998
1262643639047
811599577838
499593905473
294811425841
166904787424
90710285906
47345989991
23739709981
11434519458
5291447127
2350584998
1003118926
409882801
161090458
60158717
21777743
7323586
2460131
719816
230504
54361
17713
2878
1076
89
46
1
1
0
0
0
0
0
0
0
0
0
0
0
0
0
0
0
0
0
0
0
4807526976
40380240528
178685426760
551858397912
1331341434444
2664664386636
4592404077388
6988078095740
9557843449442
11907730881994
13652439702806
14521308292358
14422087463994
13445318486946
11817557097222
9828221350870
7757743200305
5826711051101
4173304451871
2855612358447
1869600690531
1172698911783
705458788521
407357679993
225937108181
120426982417
61704332851
30398711075
14397476359
6556296283
2867773917
1205906061
485713515
188328959
69379213
24811117
8232501
2736609
789543
250791
58221
18873
3011
1123
91
47
1
1
0
0
0
0
0
0
0
0
0
0
0
0
0
0
0
0
0
0
7778742049
66665369424
300709916064
946010800264
2323390055484
4732040526324
8296051899624
12838134819324
17853931905224
22613885933374
26356856176764
28497807300854
28771338640566
27267838363686
24366503984352
20605394006310
16540653552105
12636858230903
9208688957018
6412686848367
4274168987769
2730293929949
1673375220672
984909830097
557100286656
302999794683
158525035258
79797853403
38653115103
18012910513
8076604128
3480443853
1442827233
573110733
219327198
79736173
28180163
9228795
3036840
864191
272364
62259
20082
3147
1171
93
48
1
1
0
0
0
0
0
0
0
0
0
0
0
0
0
0
0
0
0
12586269025
110016825025
505680471720
1619893687480
4048883892280
8388753534000
14955832116700
23529860737300
33261832078250
42817705271150
50715450930950
55723532067170
57169925113056
55062408027204
50006580958314
42982562244310
35075569407850
27246479633804
20192140588691
14303683711961
9700844168220
6307561138970
3936429027359
2360183942241
1360589544941
754589955575
402802180375
207017266885
102449733790
48824845540
22400992275
9895180125
4203078540
1718553410
673488185
254495275
91337720
31913066
10318569
3362279
943985
295275
66479
21341
3286
1220
95
49
1
1
0
0
0
0
0
0
0
0
0
0
0
0
0
0
0
0
20365011074
181489721425
849741843385
2770875043400
7046156834980
14846287897120
26908597024000
43027775773700
61807489901450
80839491377550
97276126445490
108579934122210
113166988519938
110728832863380
102167654606184
89228033224582
73993391197955
58418253720452
44010450948610
31699822192001
21866010019583
14464530249370
9187071457052
5608147579025
3292963943741
1861079008543
1012917376525
531092265405
268322262375
130634374740
61289531430
27700012125
12060642045
5051915450
2038258060
788392435
294276985
104299418
36039680
11508199
3714437
1029155
319577
70885
22651
3428
1270
97
50
1
1
0
0
0
0
0
0
0
0
0
0
0
0
0
0
0
32951280099
299285288499
1426895211505
4734830102545
12246022083180
26232314373820
48321963503820
78510401418300
114567237016100
152202854471900
186013363482840
210864141703920
223193315688034
221788304297466
207840660400674
184371669116762
155314431586077
124582555144361
95374365623949
69821816263881
48962992667843
32937257239703
21280469594811
13218973950959
7901517125466
4548043362918
2522208609868
1348224728440
694846994685
345331748865
165500052905
76483731405
34068552585
14628032365
6045108285
2407657585
919511865
339151749
118744601
40591589
12804342
4094882
1119936
345324
75481
24013
3573
1321
99
51
1
1
0
0
0
0
0
0
0
0
0
0
0
0
0
0
53316291173
493361278949
2394432621964
8082858514065
21256133977305
46278467519140
86616587004520
142951543671820
211857352562150
285802092964100
354652853022680
408181312863480
438644511789682
442543464328942
421067786440944
379272708135834
324451458676212
264321849252935
205549117996468
152885553131221
108950996759306
74498770137333
48940268042196
30920519667743
18805307441141
11017675553186
6222090340768
3388608227188
1780301720095
902490855915
441486958460
208394265005
94912913910
41687858355
17659483260
7202900245
2833054000
1068686047
389636612
134804709
45602169
14213942
4505240
1216568
372571
80271
25428
3721
1373
101
52
1
1
0
0
0
0
0
0
0
0
0
0
0
0
0
86267571272
813011578522
4015403823919
13785226027069
36850184472005
81520893787085
154984703653660
259756568590820
390865731831770
535295062982050
674265454997720
787684944107240
859154998637276
879782964728056
849663606873094
776871503292866
674666929281361
558041431487431
440662777728991
332882121767621
240977726294489
167424031468499
111782250534637
71799292066087
44408370283391
26469509231779
15213931140904
8436714686528
4515532213528
2333277330190
1164146118415
560864901965
260892000095
117160252045
50764417535
21224932805
8547808525
3321379931
1237915511
446288309
152619631
51106651
15744236
4947196
1319296
401374
85259
26897
3872
1426
103
53
1
1
0
0
0
0
0
0
0
0
0
0
0
0
139583862445
1339324137570
6729486745456
23489055743089
63808685962314
143393411800925
276843716926125
471076228911780
719528109312920
1000105535215770
1278411278038350
1515478858945760
1677303141670718
1742836915904592
1707970893713152
1584740031860850
1396717183114605
1172578751345515
939931477959955
720881334631365
529925291690195
373949531141015
253647779907999
165561794226271
104092450122876
63090247627215
36887855160265
20817163713852
11343940392963
5970998679538
3036419551150
1491918326925
708275550965
324827196585
143896294485
61532767325
25402895085
10104820503
3880246007
1429371917
509705400
172338055
57142185
17402760
5422495
1428370
431790
90449
28421
4026
1480
105
54
1
1
0
0
0
0
0
0
0
0
0
0
0
225851433717
2205652007265
11271203128423
39988364691695
110362700150339
251872807078319
493700938593625
852691810775065
1321713501465650
1864062975678970
2417487205269790
2907309626093630
3264252055146514
3440768023666090
3420688451762782
3219918821993774
2879252640963950
2452670436666190
1995131575547030
1553032156629950
1158902230848428
830321128005220
571955530115152
379226615665720
242263322566451
149243836698479
88722524696605
50927802419741
28239921633815
15132684189163
7838287018913
3925056661625
1900220976020
889370999500
402327656560
175889577080
74258538130
30281286994
11901602090
4517990722
1645408639
580530475
194117825
63747905
19197355
5932943
1544045
463877
95845
30001
4183
1535
107
55
1
1
0
0
0
0
0
0
0
0
0
0
365435296162
3631243716107
18867017743574
68019136817751
190670695061259
441820233067269
879024050797144
1540625261354345
2422857192641855
3466353903047470
4559855923771340
5561864412270830
6333385963965102
6770553853046478
6826590453237432
6517376411904254
5911148614211479
5107784645861050
4215154738827660
3329113588848390
2520978344537208
1833247598304468
1281974906887356
863096160099144
560020594128776
350504956769269
211763968928134
123579635669933
69694500732667
37999664109553
20036392079688
10218842456313
5041634861685
2406143621140
1110767753960
495853706480
214018242970
89241750542
35958314588
13968718722
5243732844
1888571769
659452430
218126305
70964995
21136173
6480408
1666581
497694
101451
31638
4343
1591
109
56
1
1
0
0
0
0
0
0
0
0
0
591286729879
5976479585817
31563812580839
115603316124597
329064167337654
774001035056508
1562672415379719
2778640184332929
4432504144686785
6431560569902645
8579634056409630
10611542756866010
12252192805288816
13280455785531156
13577064734380602
13143197235372678
12087858845085909
10592351055774769
8865400523569550
7102168908758970
5455962007604076
4025644839998468
2856856907301756
1952342152537068
1286153461128651
817506065030073
501747613695529
297548882321203
170586255616674
94586927397568
50741659018991
26342004178713
13235641632393
6436928506305
3029868032160
1380183380960
608240910500
259282742376
106820380226
42543421942
16339869483
6067426449
2161611549
747208815
244540750
78836756
23227683
7066821
1796243
533301
107271
33333
4506
1648
111
57
1
1
0
0
0
0
0
0
0
0
956722026041
9833574735641
52776066194123
196319247779613
567319041705759
1354214740400172
2773877268166102
5002913810269849
8093376260307224
11907561424995045
16104696647036145
20193185301775130
23635257113849098
25969816479901348
26913557120102712
26411047928420102
24624828282765812
21876845932510249
18565121672310929
15081528282349250
11749995672051864
8793876101369804
6331229055883112
4390320313050612
2935420047695351
1894143888799217
1180512690884467
711112162758531
414250003000611
233478346391128
127365314386694
67266113574329
34400438216478
17037078898153
8171420671285
3795137365640
1706588827950
742747160448
312819686648
127374206302
50158305547
19052134857
6999918659
2467494239
844588255
273548684
87408674
25480677
7694177
1933301
570759
113309
35087
4672
1706
113
58
1
1
0
0
0
0
0
0
0
1548008755920
16175489617620
88196973924786
333134817517494
977099140698429
2366470649824785
4916763388889485
8992758847389161
14750154030930929
21999994110518129
30160331558538175
38329790649267655
45469092464047034
50633336573992786
53179982548853506
52890737549514890
49980537820899145
45006166425964921
38715017072615959
31883418339849599
25185317053246220
19113554605816060
13956317224556204
9817034614169036
6659551669337546
4360916540395990
2758898128349140
1687426122268672
998399539054613
571729021172633
316998392399245
170231773120745
88560189244487
44638803988543
21801439095293
10316873385725
4729783723130
2100377820274
903104484946
375916934666
151328959390
58937997370
22146238616
8053010164
2809414429
952432945
305348285
96728489
27904276
8364536
2078030
610130
119569
36901
4841
1765
115
59
1
1
0
0
0
0
0
0
2504730781961
26600351083140
147314955000888
564874973027770
1681233752142069
4130465489217627
8702896566480200
16138558778382393
26833375328357465
40564333306136879
56357460891097404
72578610862544815
87240954925388657
98436988404092070
104757059763047656
105568210906685786
101085055724759745
92238721896608503
80409459238381560
67114842022503879
53737202782798433
41342752088380220
30607224784885572
21832443095892740
15021686018151321
9979192050837402
6406183470830380
3976923722491876
2388963501565365
1389356903617763
782614381567444
427130964707625
225926287007381
115835633914705
57574584856968
27742029175373
12958108571165
5866319875902
2573554831420
1093575939266
450029993301
179160786070
69032019788
25666824360
9239518609
3190807803
1071641220
340148777
106846265
30507936
9080024
2230710
651477
126055
38776
5013
1825
117
60
1
1
0
0
0
0
0
4052739537881
43732562726801
245936790391194
957127771621366
2890073048350774
7201070750486052
15383654794762527
28917450803362269
48729329290281626
74647548714081544
105082131645254329
137105530844371699
166958867602712851
190842187439426479
205740694142000446
210036025670394826
203743066902829786
188349406226434024
166357031781641101
140692702528119079
114153943518698933
89008192423748493
66792739492005936
48300385270391144
33696646169212571
22702242940047167
14783357109620932
9311635187241788
5676860640843182
3351649887301148
1917240656411819
1062978726996569
571385667838748
297840535666142
150572853878423
73832048322773
35113048083943
16195022544211
7242601371994
3139943220406
1319017957291
536799817351
211401047104
80605615696
29662747234
10573344928
3615364363
1203170201
378170829
117814461
33301454
9842834
2391626
694864
132771
40713
5188
1886
119
61
1
1
0
0
0
0
6557470319842
71880922565861
410383957035743
1620624580039442
4963559599086439
12540375535912384
27157156622511152
51736767810026989
88341596643618967
137107835982142584
195522807944296398
258408812461073439
318726742509928392
368997088520842743
402902952940382511
416587870956033402
409295937391298571
383246139301112568
342877175349848182
293755117093882499
241469006807112566
190767685248029213
145065404612259781
106318343073404248
75186274361862296
51356395141945819
33912591469661077
21665732548524216
13400535607158459
8028903930196728
4662148021662648
2624735966548569
1433159717135073
759135550412214
390152340486828
194572346519601
94161175802508
44216281932891
20144858871723
8902565700246
3815415231732
1584948567411
638072098173
248641467372
93841057179
34187381356
12069542708
4087042121
1348038518
419646961
129688003
36294974
10655227
2561068
740356
139721
42713
5366
1948
121
62
1
1
0
0
0
10610209857723
118118216074623
684469107265997
2742199518305357
8517129455855289
21814932837134101
47880116202700011
92427720441137883
159890242940565313
251367652049561469
363065226857611767
485955019604487207
606988891729342983
711607150867484763
786798548163799221
823786155424810293
819590849579766933
777148416016015377
704130940206167827
610967963190208659
508685364891574919
407090940960191339
313617636928546437
232891393464049237
166900878334087971
115548266274642711
77350100781180661
50106602095806149
31431493609284069
19104228783813153
11256642720970047
6432622058795967
3566302624525821
1918750135374681
1002020209111323
507983881450779
250014522083279
119459432195667
55408719632397
24944766420381
10897055668863
4618145659203
1897621895337
755918134137
291539656089
108939036229
39298943499
13744390667
4610081267
1507329111
464821957
142524357
39498993
11519533
2739331
788019
146909
44777
5547
2011
123
63
1
1
0
0
17167680177565
194051878178365
1141090357810502
4636909248575053
14602263993207643
37908878229815335
84311830126432880
164887447831353731
288922792215295174
460024134328650399
672847850869327050
911906250978876015
1153261841382685143
1368866388607742097
1532311563450823752
1624269621604260405
1636085071439842395
1570689467505596307
1440910392270918818
1265976845140410803
1067367217795013645
865074984292682905
675006297252968344
507761968853740141
368660203086595256
258619265388814205
175454563383538630
115209843955849949
73272898763724461
45164090716135491
26994115596249120
15651852724651935
8807348433908292
4811028593177643
2551787134560618
1314424096594875
657587232816965
319529060409329
150796728766896
69111192881301
30754671620730
13284734663745
5568891085302
2264109398673
892657380033
340825016495
126120141080
45060833579
15615468331
5189018821
1682192110
513953285
156383603
42924367
12438152
2926715
837920
154339
46906
5731
2075
125
64
1
1
0
27777890035288
318727564572830
1901493127180241
7835730017424915
25014103179332628
65808945604301790
148285891721814125
293746882196224483
521272762546076335
840424335652941729
1244569560006027747
1707643894595078505
2186201964486416934
2626746489128569020
2976369349354880307
3193568792316095229
3256159387199059440
3164332105381687146
2938582383966667575
2613724260395370453
2231061464636790708
1830847778156312970
1446607977514006347
1102042022642211285
810431656810374131
575926856415964201
395875663278890785
263420908654014067
169807634233052330
106109724654389036
64310620249541505
37821947658726975
21592881724290081
11970824537934795
6446085801474903
3372174903494949
1714041970044340
846561203338682
406275076612955
189443968436181
85818153750513
37760496274815
16133101985181
6691296722775
2692388300658
1050881776668
397305064845
145626421827
51541992510
17701734996
5828703777
1873847795
567311524
171328510
46582317
13413555
3123525
890127
162015
49101
5918
2140
127
65
1
1
