169
150
188
241
211
172
131
197
94
57
152
185
233
216
334
335
132
303
9
5
7
229
269
249
169
76
138
114
174
102
73
175
157
84
71
135
120
245
282
170
245
324
60
238
72
266
205
238
296
150
161
269
293
269
345
298
198
201
88
84
80
27
193
198
177
276
73
171
97
173
228
55
176
109
229
36
153
87
159
62
147
105
141
78
100
274
184
165
228
264
233
160
172
296
237
90
51
90
57
10
57
48
110
73
136
169
112
183
84
19
30
38
15
19
14
61
16
77
32
129
233
32
28
32
21
18
180
99
196
150
196
161
141
150
203
291
438
380
196
266
340
260
105
97
74
25
78
52
9
12
113
403
201
280
292
5
139
129
185
136
145
135
146
164
136
128
92
144
96
171
84
134
219
265
175
336
283
132
162
180
106
171
151
237
141
204
264
195
146
75
202
257
208
25
35
35
30
45
35
134
130
165
167
119
137
49
126
30
152
137
98
125
117
73
105
66
46
116
103
98
97
141
140
104
96
122
12
73
263
208
192
210
182
93
166
201
204
37
261
206
219
210
253
261
105
135
241
61
13
26
13
61
87
87
39
13
48
54
1259
22100
10900
16148
13346
13760
28431
28215
19945
23350
6075
4981
1270
2604
2604
625
1082
724
405
1117
972
443
1068
1117
1429
355
1272
9391
12211
10022
8113
8758
7304
11279
9504
12277
12763
10522
9614
10057
5014
5377
6716
4913
2762
9042
13350
10811
11558
8006
9362
8804
7860
11019
11306
24
150
126
126
150
174
2360
13959
19443
19526
13961
4981
7618
7177
10905
6850
9314
11673
3557
2154
3816
7570
3098
3324
3151
1436
6462
4042
5642
5134
8263
6425
5606
11247
11108
9710
4016
4124
5630
3292
2800
1168
1786
1278
2008
7872
16729
16371
4140
12486
15272
5988
8051
6490
11188
1905
1631
3905
5671
1382
1939
2845
1848
20330
28080
20444
22610
10425
12473
7998
8655
9011
8264
8657
9520
10173
9879
6849
4893
8206
2466
4637
9952
8288
6180
10231
4851
5408
6655
10424
8063
12407
10760
4273
6183
6843
8408
11767
8543
7473
6691
6182
9370
7767
7007
5352
4273
876
5585
3061
5338
4788
3402
11386
12730
9374
14805
13493
8074
12396
8016
7779
17183
12556
16110
10840
17896
12726
154
616
1078
1232
462
1232
5206
4464
4772
3886
1224
1200
120
7728
5446
8505
8708
8446
12876
6595
10526
9695
3440
3440
4812
4327
13945
9967
9584
7556
11219
11080
8070
8765
4304
8018
6245
416
89
89
484
484
89
624
2901
8371
2748
7698
5383
4411
2453
7926
676
279
110
279
448
110
448
18077
15887
13763
5280
13218
11628
15583
16076
7823
15875
12868
10760
9927
18813
4317
3440
1312
1981
3087
3121
