a
ability
able
abortion
about
above
abroad
abundance
academic
acceptable
acceptance
access
accident
according
accounts
achievement
acquiescent
acquittal
across
act
action
active
activism
activists
activity
actually
ad
add
addition
adherents
adjust
administering
administration
administrator
adopted
adopting
adult
adults
advanced
advantage
adviser
affairs
affiliated
affiliation
after
again
against
age
agency
agenda
agnostics
ago
agree
agreed
agrees
ahead
aid
aids
airport
al
alabama
alan
alarming
alexander
alexis
aligns
alike
all
alliance
alliances
allies
allow
allowed
almost
alone
along
already
also
although
always
am
amazing
ambition
ambitious
america
american
americans
americas
amok
among
amplified
an
and
angeles
angus
anniversary
annoying
annual
another
anti
antonio
any
anyone
anything
anyway
apart
apathy
appalling
appeal
appealed
appealing
appear
appeared
applied
apply
approach
approval
are
area
areas
arena
arguably
argue
argued
argument
arguments
aristocracy
aristocratic
arm
armies
army
arnold
around
arrange
arranged
art
articles
artificial
as
asia
asians
asked
asking
aspire
assault
assaults
assemblies
assertiveness
assess
assimilate
associate
associated
association
associations
astonishing
at
atheists
atlantic
attack
attacks
attempt
attempts
attend
attendance
attention
attitudes
attract
attributes
audacious
audacity
audience
aura
authority
available
average
awakening
awakenings
away
axis
back
background
backgrounds
bad
balance
balanced
baldassare
baltimore
banded
bands
banks
baptist
bar
barone
barons
barriers
base
based
basket
bastions
battle
battleground
bay
be
beach
bear
bearer
beau
became
because
become
becomes
becoming
been
beetle
before
began
begin
beginning
begins
begun
behaviour
behind
being
belief
beliefs
believe
believers
bell
below
benefits
berger
berlin
berliner
bermanis
best
bestsellers
better
between
beyond
bible
bifurcated
big
bigger
biggest
bike
bill
billion
billy
bin
bipartisan
birth
births
bit
black
blacks
blocks
blooded
bloodthirstiness
blown
blue
bluest
boast
bodies
boisi
bolt
book
boom
boost
bore
born
borrowing
boston
both
bothered
bottomed
boundaries
bourgeois
branch
break
breaking
breakthrough
briefly
bright
bring
britain
british
broader
broke
brookings
brooks
brothers
brought
brown
bubble
bubbling
budget
build
buildings
built
bulge
bump
bunch
buoyed
burden
bureaucracy
bursting
bush
bushes
business
but
buy
by
cabinet
caf
california
californians
call
called
calls
came
campaign
campaigns
can
canada
candidate
candidates
cannot
cantankerous
capable
capacity
capitalism
capitalist
capitol
cappuccino
capture
captured
care
carried
cars
case
cases
cash
catch
cathedral
catholic
catholics
cato
cause
causes
causing
cautious
celebrates
celebrating
censorious
centralising
centre
centred
centrism
centrist
centuries
century
ceremony
certain
certainly
chairmen
challenge
challenged
challenger
challengers
chamber
chance
change
changed
changes
changing
chaos
character
characteristic
characteristics
charismatic
chart
chesterton
chief
children
china
chocolate
choice
choose
choosing
christian
christians
church
churches
churchgoers
churchgoing
churning
circumscribing
cisco
cities
citizens
citizenship
city
civil
civilisation
civilisations
claim
claimed
claiming
claims
clark
clash
class
classes
classified
clay
clear
clearly
cleland
clergy
clinton
clock
clones
closely
closeness
closer
closes
club
coalition
coalitions
coast
coat
coexist
coherence
coincidence
coined
cold
collapsed
collecting
collection
collective
college
colonial
colony
columnist
combination
combined
come
comes
coming
command
commander
commandments
commemorating
comments
committed
committee
committees
common
communism
communist
companies
company
comparable
compared
compete
competing
competitive
completely
complicated
complicating
computer
concentrated
concentration
concept
concern
concerns
conclusion
concrete
condemnation
conditions
conduct
conducts
conference
confessional
conflict
conflicts
conformist
congregations
congress
congressional
congressmen
connected
connecticut
conquest
consequences
conservatism
conservative
conservatives
consider
considerably
consistent
consistently
consisting
constantly
constitution
constitutions
constrain
constraint
constraints
containment
contest
contests
continues
contradict
contradiction
contrast
contrasts
contribute
contribution
control
controlled
controversial
convention
conventional
convergence
convincing
core
cornerstone
corporate
corrected
cost
costing
costs
could
council
counted
counter
countries
country
counts
couple
courts
cover
crane
create
created
creditable
creed
crime
crisis
crops
crusade
cultural
culturally
culture
cultures
cuny
curious
current
currently
cut
cuts
cutting
cycle
cynicism
daily
dakota
damnation
dangerous
dangers
daniel
dash
dating
daunting
david
davis
day
days
daytona
de
dead
deadlock
deal
dean
death
debate
debates
decade
decatur
decentralised
decide
declaration
decline
declined
declining
deep
deeper
deeply
defection
defence
deficit
deficits
define
defined
defining
degree
degrees
delaware
delving
demanded
demands
democracy
democrat
democratic
democrats
demographic
demon
demonised
denomination
denominations
department
depend
dependence
depends
deplorable
deregulated
describe
described
description
desire
despite
destined
destroying
destruction
detain
deteriorations
determination
determined
determining
developing
development
did
diego
differ
difference
differences
different
differing
differs
difficulty
dime
diplomacy
direction
disagree
disagreement
disappeared
disappearing
disapprove
disciplined
discontent
discouraged
discriminated
disdain
disentangle
disguised
displayed
displays
distinct
distinctions
distinctive
distinctiveness
distribution
district
districts
disturbed
disturbing
diverge
divergence
divergences
divergent
diverging
diverse
divide
divided
divider
divides
division
divisions
divisive
divorce
dizzy
do
doctrinal
doctrine
doctrines
does
dog
domain
domestic
dominance
dominant
dominate
dominated
dominates
don
done
dormitory
dotted
double
doubled
doubt
doubtless
down
downplay
dozen
dramatically
dramatised
drew
drifting
dropped
dropping
drugs
du
dual
dubs
due
duo
during
e
each
ear
earlier
earliest
early
earth
easily
east
eastern
echoing
economic
economically
economies
economy
ed
edged
edges
education
eerie
effect
effective
effects
effort
egalitarian
ein
either
elderly
elected
election
elections
elective
electoral
electorate
elementary
elite
else
elsewhere
embodies
embody
embrace
embraced
employees
emulated
enabled
enables
encapsulated
encompasses
encourage
encouraged
encourages
end
endorsement
enemies
enemy
energy
engage
engaged
engagement
engels
engendered
england
english
enhanced
enlargement
enlightenment
enormous
enshrined
ensure
entering
entrenched
enumerates
environmental
environmentally
epitomised
equally
era
erase
especially
espouse
essence
essentially
established
establishing
estimates
ethic
ethnic
ethnically
ethnicities
eu
euro
europe
european
europeans
evangelical
evangelicals
even
event
ever
every
everyone
everything
evidence
evidenced
evident
evil
evolution
ex
exaggerate
exaggerating
example
except
exception
exceptional
exceptionalism
exceptionalist
exceptionalists
exceptions
exchange
exemplar
exemplary
exist
existing
exists
expand
expansion
expansive
expected
experience
explain
explained
explains
explicit
express
expressed
expression
expressions
expressive
extending
extent
external
extraordinary
extreme
extremes
extremists
eye
eyes
f
face
faces
fact
factor
factors
fade
fades
failure
fairly
faith
fall
fallen
falling
falls
familiar
families
family
far
farm
farmed
fascist
fashioned
fast
fastest
fate
father
fatter
favour
favourite
fear
fears
feature
features
federal
federalist
feeble
feel
feels
fell
female
ferment
fertility
fervour
feudalism
few
fewer
fielded
fiercely
fifth
fifths
fighting
figure
figures
films
finance
find
findings
finds
fine
firmly
firms
first
fiscal
fishing
fit
flag
flat
flaunts
floating
flock
florida
flows
fluidity
focused
follow
for
force
forced
forces
forecasts
foreign
foreigners
forever
former
forming
forms
found
foundational
founded
four
fourth
francis
francisco
franklin
free
freedom
french
frequently
frey
friedrich
friend
friendly
frivolities
from
front
frustrations
fry
fukuyama
fulfils
fully
fundamental
fundamentalist
fundamentalists
further
furthermore
future
g
gain
gained
gains
gallop
gallup
galston
gap
gary
gave
gay
gays
gdp
geeks
general
generate
generated
generation
generous
george
georgia
german
gerrymander
gertrude
get
getting
gingrich
giuliani
give
given
gives
giving
global
globalised
go
goals
goats
god
goes
good
gore
got
governed
government
governments
governor
governors
governs
graham
gramsci
grandfather
grasp
gray
great
greater
greatest
grew
grills
group
groups
grow
growing
grown
growth
guarantee
guidance
guidelines
guilty
h
habitable
had
hailed
half
hamilton
hand
handed
hania
happen
happening
happens
harbour
harbours
hard
hardened
hardly
harriman
harry
harvard
has
have
haven
having
he
head
headline
heads
health
heartland
heat
heavily
hedonistic
hefty
heightened
held
help
helping
helps
hence
henceforth
henry
here
heritage
hermanio
hero
heterogeneity
high
higher
highest
highly
hijacking
hill
him
himmelfarb
himself
hiring
his
historian
historical
history
hitherto
hoc
hold
holds
home
homeland
homogeneous
homosexuality
hope
hopes
hopkins
horizontal
hospital
hostile
hostility
hours
house
houses
how
howard
however
huge
human
hurts
hussein
i
ich
id
idea
ideal
ideas
identification
identified
ideological
ideologically
ideologies
ideology
if
ill
illegal
illuminating
images
imagination
imbalances
immediately
immense
immigrants
immigration
impact
impeachment
imperative
implications
implicitly
implies
importance
important
imprisonment
improvement
impulse
in
incidence
inclined
include
includes
including
incoherent
income
incomes
increase
increased
increases
increasing
incremental
incumbent
incumbents
indeed
independence
independent
independents
indians
indication
indifference
indifferent
individual
individualistic
individuals
industrial
industry
inefficient
inequality
infant
inflow
influence
influenced
influential
infuriated
inhabitants
inherited
ink
inner
innovation
insecurity
insiders
insidious
instead
instincts
institute
institution
institutions
intense
intensely
intensity
inter
interest
interests
international
internationalist
internationally
intervened
intervention
into
intolerance
intriguing
intriguingly
intrinsic
intrinsically
invented
investment
investor
invigorating
involved
involvement
involving
invulnerability
iraq
irritable
is
islam
issues
it
italian
italy
its
itself
ivy
jacobson
january
jay
jefferson
jersey
jesus
job
jobs
john
johns
join
joined
joke
jonathan
journal
journalist
judges
judgment
judgmental
judgments
judicial
just
justice
k
keener
keeps
kennedy
kept
kick
kids
kind
kinds
kitchens
know
knows
korean
l
lack
lacked
laden
land
landscape
landslide
language
large
largely
larger
largest
last
lasting
lastly
late
later
latin
latino
latinos
laws
lawyers
le
lead
leader
leaders
leadership
leading
league
lean
least
leaves
led
left
legislation
legislators
legislatures
legitimate
legs
less
lessened
lest
let
lets
level
levels
lewinsky
liars
liberal
libertarian
lies
lieutenants
life
lightly
lightning
like
likely
limbs
limits
lincoln
line
lines
link
lip
lipset
listed
listening
lite
little
live
lived
lives
living
loathed
lobbied
lobbying
lobbyists
local
localism
long
longer
longshoreman
look
looked
looking
looks
loose
los
lose
lost
lot
lots
loud
love
loved
lovestone
low
lower
lowest
loyal
loyalty
lying
m
maddison
made
magazine
mail
main
mainland
mainly
mainstream
majority
make
makes
making
male
manager
manifestations
mankind
many
map
margaret
margin
marginal
marginalised
marginalises
mark
market
marks
marriage
married
martin
marxist
maryland
mass
massachusetts
material
matter
matters
max
may
mayor
mba
mead
mean
meaning
meanings
means
meanwhile
measure
measures
media
median
medicaid
medicare
meet
meets
mega
melting
member
members
membership
memory
men
mention
mere
merely
message
messy
meticulously
mexico
michael
michigan
micronesia
mid
middle
might
mild
milder
militarism
military
million
millions
mind
mine
minnesota
minority
mirroring
miserable
mission
mixed
mixture
mobilise
mode
model
moderate
moderating
moderation
modernisation
moment
moms
monde
money
monopoly
mood
moral
morality
more
mores
morning
mortality
moscow
most
mostly
mould
mountain
move
moved
movement
movies
moving
mr
much
muddle
muhammad
multiculturalism
murder
museum
muslim
must
mutual
my
narrowly
nasdaq
nastier
nastiest
nation
national
nations
native
natural
nature
naval
near
nearest
nearly
necessarily
need
neighbours
neither
neo
nerve
nervously
net
neutrals
never
new
newcomers
news
newt
next
nigerians
night
nine
no
nobel
noisier
non
nor
normal
north
nose
not
notably
noted
notes
nothing
noticeably
noticed
notion
nous
novels
now
nuclear
number
numbers
o
oath
obligation
oboe
observers
obviously
occasion
occupation
occupy
occupying
occurred
oceans
odds
of
off
offer
office
offices
offsetting
ofgdp
often
ohio
oil
old
olds
on
once
one
ones
only
open
opened
openly
opinion
opinions
opportunity
opposite
opposites
opposition
optimism
optional
or
ordinary
organisation
organise
organised
originally
origins
osama
other
others
otherwise
our
ours
out
outcomes
outdoor
outlier
outlined
outnumber
outs
outside
outsiders
outskirts
outweigh
over
overall
overblown
overcome
overnight
overwhelmingly
own
pacific
paid
paper
parentage
parents
parishioners
parks
part
particular
particularly
parties
partisan
partisanship
partly
partners
parts
party
passed
passion
past
pastor
pastors
patchy
patents
path
patriotic
patriotism
pattern
patterns
paul
pause
pay
paying
peace
pearl
peculiar
pedal
pedophile
penalty
pennsylvania
pensions
pentecostal
pentecostalists
people
per
percentage
performance
perhaps
period
periods
permanent
permissible
persist
persistence
persistent
person
personal
personality
persuade
pete
peter
petty
pew
philadelphia
philosopher
philosophers
phrase
physical
pile
piped
place
places
play
pleases
pluribus
point
pointed
pointing
points
poking
polarisation
polarised
polarising
policies
policy
political
politically
politicians
politics
polls
pollster
pollsters
pont
poor
popular
popularity
population
populations
populist
populous
porn
portion
positive
possessed
possible
post
pots
power
powerful
powerpoint
powers
practice
practised
pray
prayer
preaches
preconditions
predecessor
predecessors
predicted
predicting
predictor
predominantly
pregnancy
prepared
presage
presbyterians
prescription
presence
preserve
presidency
president
presidential
pressure
presumably
previous
prices
pride
primary
principles
priority
private
privatised
privatising
prize
probably
problem
problems
proclaim
proclaimed
produce
produced
productivity
products
professor
profile
profound
programmes
progress
projects
promise
promises
promote
pronounced
prophet
proportion
propose
proposed
proposing
proposition
prospect
prot
protect
protection
protectionist
protestant
protestants
proud
prove
proved
providers
public
published
pulpit
punish
puppies
purest
purged
purism
puritanical
purpose
pursuit
push
pushed
put
putnam
puts
puzzling
qaeda
qualifies
qualities
quality
quarter
quarters
question
questions
quickly
quiet
quite
quote
races
racial
radical
radicalises
radically
raise
raises
raising
rallied
ran
ranch
range
rarely
rarer
rate
rates
rather
ratings
ratio
rational
rationalists
rauch
raw
re
reach
reaching
read
reading
ready
reagan
real
realists
reality
really
reason
reasons
rebuilt
rebut
recall
received
recent
recently
recession
reckons
recognised
record
records
recovered
recreate
red
redistricting
reduce
reducing
reed
reflect
reflected
reflection
reform
regard
regarded
regardless
region
registered
regulating
regulation
rein
reinforce
reinforced
rejected
rejecting
related
relations
relationship
relative
relatively
relevant
reliance
religion
religiosity
religious
relishing
reluctant
remained
remark
remarkable
reminder
rentals
repel
repelled
replacement
replied
replies
reply
reported
represent
representative
representatives
represented
republican
republicanism
republicans
requiring
research
resemblance
reserved
residual
resilient
respondents
responses
responsibility
rest
restrained
restraint
result
results
retirement
return
revenues
reversed
review
revival
revivalism
revolution
ricains
rich
richer
richest
rick
rife
right
rights
rise
risen
risk
risky
robert
rock
rockies
rocks
role
roles
rome
ronald
roof
roosevelt
rooted
roots
rose
roughly
round
routinely
row
rudolph
ruins
rule
run
running
runs
rural
russell
russia
s
sacraments
sacrifice
saddam
saddleback
safe
safety
said
sales
salvation
same
san
sandals
santorum
sarasota
sat
save
say
saying
says
scale
scandal
scarce
scared
scene
school
schools
schwarzenegger
science
scion
scope
score
screens
searching
seats
second
secret
secretaries
section
sects
secular
secularists
security
see
seekers
seeking
seem
seemed
seems
seen
seized
self
senate
senator
senatorial
senior
sense
senses
sentiment
separation
september
seriousness
sermons
service
services
servitude
set
sets
seven
sexual
seymour
shadow
shambles
shape
shaped
share
shareholders
shares
sharp
sharper
sharply
sheer
shield
shift
shifted
shifts
shock
shopping
short
should
shout
show
showed
showing
shown
shows
shrink
side
siders
sides
sight
sign
signed
significance
significant
signs
similar
similarities
similarity
simply
sin
since
single
sinners
sipping
sit
size
skills
slapped
slavery
sleeve
slightly
slim
slowly
slumped
small
smaller
so
soccer
social
socialist
socially
societies
society
sociologist
soft
softening
softens
software
soil
solid
solidifying
solidly
some
somehow
something
sometimes
somewhat
sommes
son
sophisticated
sorts
sought
source
south
southern
southerners
space
spain
speak
special
specialist
species
specific
spectrum
spectrums
speech
speeches
speed
spend
spending
spends
spent
sphere
spike
spiked
spine
spirit
split
spread
squabbling
square
squeak
squealing
squeezing
squelch
stabilised
stable
staff
stages
stalin
stance
stand
standard
standards
stands
start
started
startling
startlingly
state
statehouses
statement
states
statist
statistically
statisticians
stature
stayed
steamrollering
steel
step
stephen
still
stimulated
stock
stockmarket
stood
stop
stories
straight
strand
strands
strangest
strategists
strategy
street
strength
strengthened
stress
stresses
stressing
strictly
strictness
strife
strikes
striking
stripped
strong
strongest
strongly
structures
struggle
stubby
students
studied
study
stump
stunning
stupid
style
subdivisions
subsequent
substance
suburban
suburbia
suburbs
success
successful
such
suddenly
suffered
suggest
suggested
summarised
summing
summoned
sunday
sunny
supersede
supervise
supply
support
supported
supporters
supportive
supports
supposed
surely
surer
surface
surpassed
surplus
surpluses
surprise
surprising
surprisingly
surrounding
survey
surveyed
survival
survived
suspected
suspending
suspicions
suspicious
sustain
suvs
swathe
swing
swirling
switched
sword
symbol
symptom
system
systems
t
tail
tails
take
takeover
taking
talk
talking
tank
tax
taxes
teach
team
tear
technology
teenage
television
tell
temper
temporary
tempts
ten
tend
tenets
tensions
term
terminal
terms
terrorism
terrorist
terrorists
tested
testing
tests
texas
th
than
thanks
that
thatcher
the
theatrical
their
them
themselves
then
therapeutic
there
therefore
these
they
thing
things
think
thinking
thinks
third
thirds
this
thomas
those
though
thought
thousands
thread
threat
threatens
three
through
throughout
throw
ticket
ties
time
times
title
titles
to
toast
tocqueville
today
toe
together
told
tolerance
tolerant
too
took
top
total
touch
touched
tous
towards
towns
tracked
tracks
tract
trade
tradition
traditional
traditionalists
traditions
transatlantic
transatlanticism
transformed
transition
treason
treat
trend
trends
tribes
tried
tries
troop
troops
tropical
true
truly
truman
trust
try
trying
tuesday
turks
turn
turned
turning
twice
twist
two
type
typical
un
unbridled
uncensorious
uncertain
under
understandable
understood
uneasily
uneasy
uneuropean
uniformity
uniformly
unify
unilaterally
union
unique
uniquely
unite
united
uniter
unity
universal
universe
universities
university
unless
unlike
unlikely
unparallel
unprecedented
unserious
unsustainable
until
unusual
unusually
unwilling
up
upon
upper
uppermost
upshot
urban
urge
urging
us
usa
used
using
usual
usually
value
values
varied
variety
various
ve
vehicles
verge
version
versions
vertical
very
victory
video
vietnam
view
viewed
views
vigour
virgin
virtues
visitors
vocal
volkswagen
voluntary
vote
voted
voter
voters
votes
voting
vulnerabilities
vulnerable
wade
wake
wall
wallace
walter
want
wanted
wants
war
warfare
wariness
warren
warring
wars
was
washington
wasn
wasteful
watch
watergate
way
ways
we
weaker
weakness
wealth
wealthiest
wealthy
weapons
wear
wears
weather
wedlock
week
weight
welcome
welcoming
welfare
well
wells
went
were
west
western
weyrich
what
when
where
whereas
whether
which
while
white
whites
who
whole
wholly
whose
why
wicked
wide
widened
widening
wider
widest
wildly
will
willing
win
window
winners
winning
wins
winthrop
wisdom
wisely
with
within
wolfe
woman
women
won
wonder
word
words
work
worked
world
worlds
worldwide
worries
worry
worrying
worse
worship
worst
worth
would
wrangling
write
writer
writing
wrong
wrote
yale
year
years
yes
yet
york
yorkers
you
young
younger
your
zlotnik
