751
627
885
577
1907
921
620
18
221
595
904
1176
1254
580
40
742
650
825
339
2240
823
299
2447
46
138
705
2019
15
440
337
1570
213
315
680
993
37
1476
96
245
173
1329
1028
591
751
499
2083
2007
966
1553
1504
215
996
178
683
1553
679
2078
1233
6
490
513
68
1035
235
33
203
208
623
2177
1703
149
104
2559
80
2136
1179
343
1112
74
2410
692
1906
415
623
1152
245
899
1410
1403
1159
219
1826
1496
1038
1681
248
2754
607
623
9
