Case 1:
ABA
BAB
ABA
Case 2:
ABACBACA
BABABCBC
ABABDCAB
BABABCDA
ABABCABC
BADABDBA
ABABABAB
CABABADA
Case 3:
CBABCADD
AACCABCB
BCABCDAA
CABADABC
ABACDBAA
DCDBAECB
BCBABDCA
CCABDBDC
Case 4:
ABADBCAD
BCACDACB
DDBDADBA
CADDBCDA
ABDADACD
BACBCBCB
ACADACDA
ABDCBACB
Case 5:
ABABABABA
BABABABAB
ABABACABA
BABACBCAB
ABACACABA
BCBABABAB
ABABCBACA
BADCACDCB
ABABCACBA
Case 6:
D
Case 7:
ACABAB
BACABA
ABBDDA
BADCDC
DCBACB
BACBAC
Case 8:
ACACA
BCBAB
CADBA
DBACB
ACBAC
Case 9:
DACA
ABAC
BDAC
ACCC
Case 10:
ABABDABAD
DACABCABD
BCABCBADC
ABACBACBD
BABAABAAA
ABCADDBDB
BAEDABACC
ADBACABDB
BACDBCAAA
Case 11:
ABABCBACBA
DBBCACBADB
ACCABBCBCA
BABCDADADB
ACABABDDDA
CDBCBCADCD
BDABCDBADD
CCBCABCBAB
DBADBDBACA
ACDACACBCB
Case 12:
ABABABABA
BABABABAB
ABABABABA
BABABABAB
ABABABABA
BABABABAB
ABABABADA
BABABABAB
ABABABABA
Case 13:
ABABABABAB
BABABABABA
ABABABDBAB
BABABABACA
ABABABABAB
BABABABABA
ABABABABAB
BABABABABA
ABABABABAB
BABABABABA
Case 14:
ADABABABAC
BCBCDDBABA
ABCACACDAB
BABDADABCA
ACACDABAED
CBCBBCACBA
ABADCBCADB
BABCACABCA
ACDABABDDB
BABCABABAC
Case 15:
ADA
BAB
ABA
Case 16:
CA
AB
Case 17:
ABCA
BABC
ABAB
CBCA
Case 18:
CACBADB
BCDABCA
CBABABC
ACBABAD
BACBDCB
CBEDBDA
ACABDBA
Case 19:
ABACBAB
BABACBA
ABABACB
BABABAC
ABABABA
BABABAB
ABABABA
Case 20:
ABACBABA
BABACBAB
CBABACBA
ACBABACB
DACBABAD
ACBABABC
BDABABAC
CABABABA
Case 21:
ABC
BCA
ADB
Case 22:
AC
BA
Case 23:
ABDABDABA
BABCADBAB
ABADBCABA
BABACABDB
ABABABABA
BABABABAB
ABABDCABA
BACABABDB
CBABABCBA
Case 24:
ACDCA
BACBC
ACDBA
CBADB
ADCDA
Case 25:
A
Case 26:
BABADAB
CBADBCA
ACBACDB
BDACAAB
CACCBAB
BAABABD
ABCABAB
Case 27:
ABACADDB
BABABDBA
BCABABAC
ABCABABA
BABDACDC
DBACDBAB
ACBBABDC
BACABABA
Case 28:
ABABCDA
BCBCCAB
ABABABA
BABABAB
ABABACD
BABABDA
ABADACD
Case 29:
ABABABABA
BABCBABAB
ABABCBABA
BABABABAB
ABCDABABA
BCABCABAB
ABCABCABA
CABCABCED
ABABCABAA
Case 30:
AB
BA
Case 31:
ADABACBA
ABDCBDDD
CDABDABA
BBAACBAB
CADBACDC
ABDABADC
BACBACAB
ADACBDDC
Case 32:
ABABABAB
BABABABA
ABABABAB
BABABABA
ABABABAB
BABABABA
ABABABAB
BABABABA
Case 33:
BABACBADBA
CDBCADBCDB
ACBABADCAC
BACADBCDAB
ACBCACADDB
BADDCBEDAB
ABACBACABA
BABBCACBAB
ABCAEDACDA
BCABBCBABD
Case 34:
CABCABACCA
DBABCABDDB
DABABCACBA
ABDBDACBAB
BCACACBCBA
ADBACBABAB
CBCBACBABA
DCACBCACDB
AEDACACBAC
CBCBACACBA
Case 35:
ACACBACBCB
ABCBCDBABA
ADACABABAB
BCBADABABC
ABABABCEBA
BABABCADAB
ABCDABCABA
CDAADABCAB
BABDABACBA
ADABCABACB
Case 36:
DABDACACD
DBABDACBA
ABADBCABC
BCBCABDBA
CACACCDCA
ABCADBABD
BCDACDBAA
AAECABCDB
DCBCBCABD
Case 37:
DABDABAD
BCADCACA
AABCACBC
BCDACBAB
CACBDCBC
ABACABAB
BABACABA
ADACBCAB
Case 38:
ABCDBABA
BABACBAC
DBCBDABD
BCADACBD
ABACABAB
BDCBCADA
DADABCDB
CBBBABAC
Case 39:
ABABCAB
BCDABCA
DACBADB
CDBABBA
BACBACB
ACDCBAC
BACADBA
Case 40:
AB
BA
Case 41:
ABC
DAB
BBA
Case 42:
ABCBABCABA
DEAABABDAB
BCDBABACBA
ACADCABACB
BACBDCACBA
ACBABABDAB
CBDCCBABDA
ACDDACDCCB
BBCADABCAC
DACACBCABA
Case 43:
DABAB
ABACA
BABBC
DBACA
ACBAB
Case 44:
ABACBCBA
BABABADC
ABADCBAB
CABABABA
ABCBABAB
BABABABC
ABCDACAB
BCABCBDC
Case 45:
DACABABABA
CDBDABABCB
ABABCABABA
CADAEDABCD
BCADBABDAC
ABCACBDABC
CABDACACDA
ABABCABABD
DCBABCABAB
BACBCACABA
Case 46:
ABA
BAB
ABA
Case 47:
ABDABC
CBDCDA
ACACBA
BABACD
ABDCBC
CADACA
Case 48:
ABAB
BABA
DBAB
AABA
Case 49:
ABAB
BABA
DBAB
CABD
Case 50:
BA
AD
Case 51:
DDAB
ABDA
BCAB
ADBA
Case 52:
A
Case 53:
ABA
BAB
ACA
Case 54:
BACBC
ACBAD
BDCAC
ACDBD
BABAB
Case 55:
ABABABCAB
BABABABCA
ABABABABC
BABABABAB
ABCBABABA
BCACBADAD
ABCACBABA
CADBACBAB
BCACBACBA
Case 56:
CDACBADBA
ABCACBAAA
BCABACBDA
BDBABACAB
BACDCCDBA
ABDCABACD
BCDADABAC
CABDABABA
BCACCABAB
Case 57:
AB
BC
Case 58:
D
Case 59:
ABABABA
BCBABAC
CADBACB
ABCABAD
BABCABC
ABABCAB
BABABCA
Case 60:
AB
BA
Case 61:
A
Case 62:
DABCAB
ABADBC
CABCDA
BCDACB
CABCAD
ADABDC
Case 63:
ABABCACCB
CABAABABA
BCDBCABAC
ABACABDBB
BABABABAC
ABADABDBA
BDBACABDB
ABACABABA
DACBCABAB
Case 64:
ABABBADAA
DCBACDBCB
BACBDADBA
ABADBDDAB
BDBBDABCA
ABCBDBABA
BCAABCBCB
AAABABABC
DBCADABAA
Case 65:
DD
AB
Case 66:
BBA
BAB
BCA
Case 67:
ABAB
BABA
BBAB
ACBA
Case 68:
ACA
BAB
ABC
Case 69:
ABABCA
AABADD
BCADAB
DBBABC
BACADC
ADDCAB
Case 70:
ABBAD
BABCD
CDCBA
CBABB
ADDBA
Case 71:
ACBB
BACA
ABAB
BABA
Case 72:
ADABDDAB
BABACCBA
ADDCDACB
BACDBCDA
ACBCDBAB
BACACABC
ACABABCA
BABCBABA
Case 73:
ABABA
BABAB
ABACA
BACBC
ABACA
Case 74:
ACABACACBA
BABABABADC
ABABABABAD
BDBDBACABA
CACADCBCAB
ACBDCACABA
BDADBCACAC
CACBABABDB
ABADCDBACC
DABABADCBA
Case 75:
DABCABABA
BCDABDBAB
ABABCACDA
BDBABCABC
ABACABCAB
BABABABCA
ABABABABD
CABDBCBAB
ABABCACCC
Case 76:
ABABAC
BABACB
ABABAC
BABACB
ABACBA
BABACB
Case 77:
ABABABA
BABCBCB
ACCADAA
BDBCCBC
AAABACA
BCBABCB
ABABABA
Case 78:
A
Case 79:
ADABDCADBA
ABCDACBACA
DCACBACBAC
BABADBADBB
CACCACBACA
BDDABDDCAC
ACBACADABC
ABACBECDCA
BACBCDEBBD
CDDABCADBD
Case 80:
AD
BA
Case 81:
ABABABABAB
BABABABABA
ABABADABAB
BABABABABA
ABABABABAB
BABABABABA
ABABABABAB
BABABABABA
ABABABABAB
BABABABABA
Case 82:
BABACDA
ABADBBD
BABCDAB
ABCABCD
BABCDAB
ABADBAD
BABCADA
Case 83:
ABBABABAD
BABCABABC
CDABCACCA
ABCABCADB
BCABCABAC
AABAACABC
CBDBABBCA
ADCACABAC
BABCDBDBA
Case 84:
ABACBAB
DCCDABD
DACBCED
ABEABAD
CDDBCAD
ACBCBDA
DADACDB
Case 85:
ABDABABADA
CDABCDABCB
DABAEBDEAD
BCABDDCCAC
CBCDBABBBA
AAAAABADAC
BCBCBABCCB
DACADCABAB
CBDBABCDBD
ACBABABADA
Case 86:
ACBAB
CACBD
BCACA
AACBC
BCADA
Case 87:
ABABABABA
BABABABAB
ABABABABA
BABABABAB
ABABABACA
CABABACBC
ABABABACA
BABABABAB
ABABABABA
Case 88:
BAB
ABC
ACA
Case 89:
ABDA
BABD
ABAB
BABA
Case 90:
ABDBAB
BABABA
CDABAB
ABCABA
CABCAB
BCABCA
Case 91:
BCA
ADB
CBC
Case 92:
ADBABACACA
CADBABACBC
BECABABACA
ADABABABDD
CABABACDAC
BCABADBCBA
ABCBBCDADD
BCACABDBAD
ABCABACABA
DADBABABDD
Case 93:
ADACACA
DABABDC
ABABCAB
BABCACA
ABABDCD
BABCBCA
CBCAABC
Case 94:
C
Case 95:
B
Case 96:
ADBABABACA
DDABABACBC
CABABADDAB
ABCDADBABA
CBABCBABDB
DCBABCBCBA
ABABABCADC
BCBDBABCCA
ABCACBABAC
BCABACBADA
Case 97:
BABABADBAB
ADABABCABA
BACACDABDB
ACABDABCAC
CBCABCABDD
ACBCABDCBA
CADABABACB
BEDDACDBAC
ACACBDADBA
BABCCDBADC
Case 98:
BABABACAD
ABABADBCA
BABCBACAB
ABDCABABA
BCABCDBAB
ACCABCABC
DBABCACEA
ACBCACBDC
BACABACAB
Case 99:
CCBABABAD
ADABABABA
CBDCBCBAC
ACBAADBCC
BCACBADAB
CABACDCBA
BCABAEBAC
ADCCBCDBB
CBABABAAB
Case 100:
ABABAB
BABABA
ABABAB
BABABA
ABACCB
BABABC
Case 101:
AD
BA
Case 102:
ADABA
BABAB
ABABA
BABAB
ABABA
Case 103:
ADABAB
BCDABA
CABCDB
ABABAC
CABABA
BCACAB
Case 104:
CB
AC
Case 105:
BABDCADA
ABABABAC
BACABABD
ACADCBAA
ABDBCABC
CDACABCA
ABCADCAC
BDABCDCA
Case 106:
ABABABABAD
BABABABABA
ACABABABAB
BABABABABA
ABABABABAB
BACABDBABA
ADBCABABAC
DCABCABABA
ABCABCABAB
BADBABCABA
Case 107:
A
Case 108:
DABACAABCA
CBABADCABC
ADCACBABAB
CBACDCACBC
DABADACBCA
BDABCBDCAC
ACBAACBDCB
DCABDADABA
BCBCCBABCA
ADCDACBADC
Case 109:
A
Case 110:
ADA
BAB
ABD
Case 111:
ACABABABA
CBCABADAC
ACABCBADB
BABCACDAC
DBABCABCA
ACBCABCAC
CBABDCBCB
BABABACAB
ABABABABA
Case 112:
CBAABD
DCDCAB
CABABA
ACDBAC
BABACA
DCACBD
Case 113:
ABABAB
BABABA
ABABAB
BABABA
ABABAB
BABABA
Case 114:
BABABAB
ABCBABA
BABABAB
ADABABA
BDBDBAB
DACACBA
ABABACB
Case 115:
CA
AB
Case 116:
ACAB
CBDA
ACDC
ABAD
Case 117:
ABABABABAB
BABABABABA
ABABABABAB
BABABABABA
ABABABABAB
BABABABABA
ABABABABAB
BABABABABA
ABABABABAB
BABABABABA
Case 118:
ABAC
BDCB
ACBA
BACB
Case 119:
BCBADCB
ABACAAA
BABDBCB
CBCAABC
ACDBCEA
BABCADC
DBCACDA
Case 120:
CDDAB
BABDC
ABABA
BABDB
ADCCA
Case 121:
AB
CA
Case 122:
A
Case 123:
DADCA
CCADB
BACBA
ACBCC
BACAB
Case 124:
BC
CA
Case 125:
ACBAACA
CBABDBC
ACBADBA
BDABCAB
CCDABDC
ADBEDAD
BABCABD
Case 126:
ADBADDA
BBABABC
AECDBCA
BDABDAB
DABDABA
CBDACCC
ACABABA
Case 127:
CABDA
BACDC
CCDBC
ADDAD
BCDAB
Case 128:
DBCADACB
ACACABDA
CABABCAD
ADCBABBA
CBADDABC
ACCAACDA
CADCBACD
BBDBACBA
Case 129:
ABACBABACA
DABACDADCB
DBADBBDABA
ADCACDABAD
BABCABDCBA
ABADBCACAB
BACBDADABA
CCBABDBCAC
ABACDBABCB
BCDBACACAD
Case 130:
CABABCAC
BBACABCA
BCDCDABC
ADAAACAB
CAABDBCC
AAACDDAB
DBCACEBD
ACDBDADC
Case 131:
AB
BC
Case 132:
ABABABA
BADABAB
ABACDBC
BCDBCDD
CABADAC
ADDBCDC
CBACABA
Case 133:
DABCA
ADADA
CACBC
ABCAB
BDBDC
Case 134:
ABABABABCA
BABABDBABC
ABCBADDBAD
DECABACABA
BACBACCDAB
CBCABDABCA
ADABCABABC
BABABCDBAD
ABACABCACB
BACBDABCAC
Case 135:
ABA
BAB
ABA
Case 136:
CAB
CBD
BDA
Case 137:
ACDABDABDB
CBABCABABA
ACBCABABCB
BACABCCBAA
ABABCADADA
BADAACBDBA
CBEABADCDB
ACCBABCABA
BABABADBAC
CBABACBADB
Case 138:
ADA
BAD
CBA
Case 139:
BC
BA
Case 140:
ABADBACBCA
ACCCCBAAAB
ABABDCBDCA
DCCEADCABC
BDDDCBABAB
BCADACBABA
ABCADBABCB
BDDDAABCDC
ACEBCBCACB
DDADADABAC
Case 141:
ABAAAD
DABCBC
DBDACA
BDACAD
ACDDBD
BADADC
Case 142:
CABABABA
ABCBACAB
BCACDABA
ABCACBAB
BADBADBA
DCBABACB
ABABABDA
BABABCAD
Case 143:
AD
BA
Case 144:
ACBCACBBA
CBABCADAB
ADCABDCBA
BABCABADC
ACABCABEC
CBCADBDAA
BCBCBACCA
ABDBABDAB
BADABCABA
Case 145:
ACBADABDD
BAABABDAB
CDBACCDBD
ABABDBCCB
CACADCBDA
BDCDAAAAB
ABACABADA
CDDDACBAC
ADADBADDD
Case 146:
ABABABC
BACABCA
CBABABC
ACBACAB
BADCABA
ABABCAB
BABABCA
Case 147:
ABABABA
BACABAB
ACBCABA
BACBCAD
ABDABDA
BABCABC
ABABCAB
Case 148:
ABCACA
CDABAB
ABCABD
BADBCD
ABACAD
BABABA
Case 149:
D
Case 150:
DA
AA
Case 151:
BDBBCDBC
AADCAAAA
BBCABDCC
DABECADB
BCBDCDCA
ABCADCAB
BCABCACA
ACBAADBC
Case 152:
BABABAB
ABABCBA
BACDACB
ABABCBA
CABABAB
BDABABD
ACBABAB
Case 153:
AB
BA
Case 154:
CABAD
ABABD
BADDD
DBABA
CABAB
Case 155:
ABABAB
BABABA
ABABAB
BABACA
ABACBC
BABACA
Case 156:
AC
BA
Case 157:
CACBA
BCBAB
ABABA
CABAC
BCACB
Case 158:
ADBCAADAB
DBABCBCBA
DCDCBABAB
ACBDABABA
BDABCABCD
CABAADADB
ABABCDBAC
CACCACDAD
BBCDBABCA
Case 159:
ABA
ACD
BAB
Case 160:
ABCAAB
DCDABA
ADBCAB
BACACA
ADADBD
BABADC
Case 161:
CCBDCABDA
DBABABACB
ACBDCACAC
BACEBCBCA
CBDADACAB
ACABABDBA
BADABADAD
ABACABACA
DCBACABAC
Case 162:
BABACBA
ABABDAB
BABCACA
ABABCAB
BCBABDC
ACADABC
BABDBAB
Case 163:
ABAB
BABA
DBAB
ACBA
Case 164:
ABACBABABA
BCBACBABAB
ABCBACBABA
BCACDACDAB
ABDABCABCA
BACCABDCAB
ABABCACABD
DABABCABAB
ABABADBABA
BABABACBAB
Case 165:
ABA
BAB
ABA
Case 166:
AB
CA
Case 167:
ABABABA
BACABAD
ABBCABA
BABABDB
ABABDAD
DACBABA
CBACBAD
Case 168:
AB
BA
Case 169:
CABCABACAC
ABDABADBAB
CBCDADACBC
ADABBDCACA
BCBCABABAC
DDADBACDCB
CADABCBCAB
ACBDCACABA
BADABDABAB
DBCBCCBCDB
Case 170:
BADACDADB
BCEBDBDCC
CDACACDBD
AABDBABCA
BCDDABADB
ABABBADBA
ACDDBDCDC
BDABCADBD
DCBBBABAC
Case 171:
CBABDBADB
DABDABCBA
BBAABDCDB
ADCAADBAC
CADABDCBA
BABDADACD
DBCBCABAB
BCAAEDABD
ABDCBBBDA
Case 172:
ABCBACA
DDACDBC
CDDACBA
ABDBACB
BCACCCA
CCBABAB
ABCBCBA
Case 173:
ABDCBD
CABACA
ABACDC
BABCAD
ACADBD
BDBACA
Case 174:
ACAACBADB
BDABABDAD
AEBCDCBBD
ACABCADAB
BABABCABD
ABABACBAB
CABCDBADD
BCAAACBAB
ADBCBACDA
Case 175:
ABCABAB
BABCABC
ABABDCA
BDDDCBA
CABABAB
ABCBABA
BABDBAB
Case 176:
ABACBADD
BDABABCA
ACADCDAB
BABCDADA
ABCABDBC
BCABCCBA
ADACABDB
CBCACBAC
Case 177:
ABABABABAB
BABABABABA
ABABABABAB
BABABABABA
ABABABCDAB
CABCBABABA
BDCACBABAB
ABABACBABA
BABABACBCB
ABABABACAC
Case 178:
C
Case 179:
ABC
BCA
ADC
Case 180:
ACABCAB
BDBABDC
DADBACC
CABCBDA
ABCACBA
CABDBCA
ABABABC
Case 181:
ACABDAB
BABDCAD
ADACBAB
ABDBBCA
BACACAB
ABACACA
BABADBC
Case 182:
BA
BC
Case 183:
CDBDACABAB
AAABCABADA
DCBBACADAB
BDBBCBCABA
ACABACADCB
DBDCBADCAD
CBCADBBEAC
ACBACBBDBA
DBDCBCABCD
ABDBABCABC
Case 184:
ACABABA
BABABAB
ABABABA
BABABAB
ACABABA
BABABAC
ABABABA
Case 185:
CCDA
ABAC
DACA
BCBD
Case 186:
BA
AB
Case 187:
ADABCACAB
BACDABABA
ACBCADBAB
BACABACDA
CBABABABC
ACBABABAB
BACBABABC
CBDABCBDA
ACABCACCB
Case 188:
ABA
BAB
ABA
Case 189:
DCABCAAD
DBCABDBA
AADDABAB
BDABDDDC
CACCDADA
BDADADBC
BECACAAB
BAABABDA
Case 190:
ACCADBA
BBBDDAB
ADBDABD
BCACBAD
ACDBABA
BBCCBAB
DCBACDA
Case 191:
A
Case 192:
AB
BD
Case 193:
ABABD
BADAB
ACCBC
BADEA
DCBCB
Case 194:
DBCACDA
BDBCABC
BACACDA
ADABDAC
CBDECCB
ACCADAC
DABCABA
Case 195:
BCDABCBAB
ACBCDADBC
AACABBCDA
BCBCDABAB
CACABDACB
BABDCCBAA
ABABABDCA
BABACEACB
ADBAADDAC
Case 196:
AC
CB
Case 197:
ABADBACDBC
DABDBCBABD
ABACBADCBA
DACDBCABDC
ABBACADCAB
DABBDCBACD
CBDCCADCBA
BADBABCADC
CBCABACBDB
ACDCACACAC
Case 198:
DBABCDDA
ADBCABAB
BCABDABA
ADBACDAB
CBABACBD
ACDABADA
BABDCCBC
ABABACAB
Case 199:
BA
AD
Case 200:
D
Case 201:
ABA
BCA
ABC
Case 202:
ACADABA
BABCBAB
ABABABA
BABABAB
ABABABA
BABABAB
ABABABA
Case 203:
CBAB
CBCA
ADAB
BCBC
Case 204:
BDBA
ABAD
BCBD
ABCA
Case 205:
CDACCABCAB
ADDABCDABA
DACDABCBCD
ABDABCACBD
BCBDCADDAA
ABAABCBBCD
BACBCACABD
ABDDABACAB
DADBBCABCD
ADDACBCABC
Case 206:
A
Case 207:
A
Case 208:
ABAB
BCBA
ABAC
BABA
Case 209:
ADCA
CBDC
ACAB
BABA
Case 210:
AB
BC
Case 211:
ACBABABA
CBABABAB
ACBABABA
BACBCBAB
ACACACBA
CBCABADB
DABCADCA
ABABCABC
Case 212:
ABDAB
BABDC
ABDAB
BADBA
ABADC
Case 213:
ABDAABA
CACBAAD
CBBABCA
ACABABC
CADABCD
ABCDECD
BDABABA
Case 214:
ABABABCABA
CABABDBCAB
ABABABABCA
BABABABDAD
ABACABACDB
BACBCACBCA
ACBADBACAB
BACBADCACA
ABDCDBBCAB
BABABACABD
Case 215:
BCACAB
ACDBCA
BABABD
ADABAB
BADABA
DBDBAD
Case 216:
AC
BA
Case 217:
ACBADC
CACBDA
BDDABA
CABDAB
BADBCD
DABACB
Case 218:
AB
BA
Case 219:
BCABA
BABDC
ABACB
BABAC
ABABA
Case 220:
ACBAB
CBABD
ACDAD
BBBAB
ABCBA
Case 221:
DBAB
DABD
ABAB
BCDA
Case 222:
ABABABA
BADABCD
ADABADB
DABABAB
CBDBADC
ADCCABA
BABABCB
Case 223:
ABA
BAB
ABA
Case 224:
ABACBABACA
BABACBABAB
ABADACBABA
BABABACBAD
ABABADACBC
BCCABABACA
ABDBABABAB
CAACBABABA
BCBACBABAD
CACBACBABA
Case 225:
ACADBAB
BABCABC
ABABCAC
BABADBC
ADACBAB
CBDACBA
ADCBACB
Case 226:
ADC
BCD
BAC
Case 227:
ABDABAB
BACBACA
ACBABCB
CBABABA
ACBABAB
CBACACA
ACBACBC
Case 228:
DACBDAB
ACBACCA
CBABDBC
ACBABAD
BACDBCB
ABDBBBA
BCACADC
Case 229:
ADABABA
BABABAB
ABABABA
BABABAB
ABABABA
CBCABAB
BABCABA
Case 230:
CADD
ACAA
CBCA
BABC
Case 231:
ABB
BAC
ABA
Case 232:
ADABABA
BABABAB
ABABABA
BCACBAB
ABCACBA
BABBACD
ABACBDB
Case 233:
A
Case 234:
DA
DB
Case 235:
ABA
CAB
BCA
Case 236:
ABABA
BCBAB
AACBA
ABDAC
ACABA
Case 237:
ABDBA
BDACB
ABCAC
BABCB
CBABC
Case 238:
BABCA
ACDAC
BBBCA
ADADC
BDBAB
Case 239:
AB
BA
Case 240:
A
Case 241:
ABABA
BACAB
ABDBA
BCACB
ABCAC
Case 242:
A
Case 243:
BCABABA
ADBABAC
BCDBACB
CABCBAD
ACCDADB
BADBDAC
ACBABDA
Case 244:
BACA
ACBC
BACB
ABDA
Case 245:
CCDACAB
ABCBAAA
BACADAC
DECBABA
CBDDCBC
AADADBA
DABCACA
Case 246:
A
Case 247:
BABAB
CACDA
BCABC
ABCAB
BABCA
Case 248:
AB
BA
Case 249:
A
Case 250:
ABABABA
BABABAB
ACABABA
CBCABAB
ACABABA
BABABAD
ABABABA
Case 251:
BAABA
CBCCB
DAABA
BACAB
ABABA
Case 252:
ABABDCBA
DCBCABAD
ABDBDCBA
BCBACABC
CADCDBCA
DBBABABD
BCABABDC
ABDADACB
Case 253:
ABCABC
BCACCA
CABABC
ABABAB
BDBCBA
DACACB
Case 254:
D
Case 255:
BABA
CBAB
BABD
ADAB
Case 256:
BABCABCA
ABDBBABC
DCDCABAD
BBABCABC
ADBDBECC
BACDADEA
ABABCABC
BABACBAB
Case 257:
B
Case 258:
A
Case 259:
ABCABABA
BDABACAB
ACBDBDBA
BACACACB
ABABBCAC
BABCABCA
CBABCABC
ACBDBCAB
Case 260:
ACBABACA
BADBACBB
DCDABDAC
ABABABCB
DCBADBDD
BCDBCABA
ADBAACAB
BADBDBCD
Case 261:
ABABABABA
BABABABDB
ABABABABA
BABABABAB
ABABABABA
BABABABDB
ADABABABA
BABABABAC
ABABABABA
Case 262:
ABABABAC
DABABACB
ABACBCAC
BABADABD
ABABCBCA
BABCACBC
ACABCBAB
CBCABABA
Case 263:
ABC
DBA
ADB
Case 264:
A
Case 265:
ADBACBAABD
DCDCBABDAB
BAABABACBA
ABCABABACB
BABDABABDA
ABACBABCAB
BABADBABCD
ABABACBABA
BCDABACBAB
ADBCABDCBA
Case 266:
A
Case 267:
A
Case 268:
BADA
ABAB
CABA
ADAB
Case 269:
ABABA
DCBAB
BACBC
ACACA
BABAD
Case 270:
ACABABCACA
BCCDBABCAD
CCABABABCB
ADBABABCAC
BACBDBABCA
ACACACBABC
CBCABDABAD
ACADABDDBA
BDBABABACB
CACBABABAC
Case 271:
BCB
CAB
ABC
Case 272:
ADABDB
BCDACA
DAACAB
ABCABA
DCBCAB
ACABDC
Case 273:
ABABABA
BABABAB
ABABABA
BABABAB
ABABABA
BABABAB
ABADABA
Case 274:
BCBA
CACB
ADBC
BACA
Case 275:
ACB
DBD
CAC
Case 276:
ABACBABAC
BADBABACB
CBACBABAC
ACBACBCBA
CACBDCACB
BCACADCAC
ABCACBBCA
BADBACABC
DCBABABAB
Case 277:
CABABAC
ABABACA
BABABAB
ABABABA
BABABAB
CBABABA
ACBABAB
Case 278:
ABABABABC
BABABABCA
ABABABABC
BCBABABAB
ABABABABA
BABABABAB
ABDBABABA
CDACBABAB
ABCDABABA
Case 279:
ADB
BAD
ADC
Case 280:
CBABA
AABAB
BCABA
CABAB
ABABA
Case 281:
DCABCABACB
CBACABADAC
DABABABABA
CBABABABDC
ACBDBACDAB
BDADDBABCA
CADABABCAB
DDABABCABA
ABCDBCABAB
BDABABADCA
Case 282:
AABABADB
BADBABAD
ADCADCCD
DACBDABD
DCADCBDC
BBCABCAD
CABBABDA
BBABCABA
Case 283:
ABCBCAB
BCACABA
CACDCAB
BCBABCD
ADDBABA
CABACAB
BCABCBA
Case 284:
CACBBBDAC
DBADCABCA
ACBCADCBD
BACABDDAB
ABEDADDBC
CAABCBAAB
ABCABDEBA
BABBABCBC
ABDCBABAB
Case 285:
BABAB
ABACA
BABDB
ABABA
BABAC
Case 286:
ABABADDBD
CDBABABAB
ACACACDBA
BDCBDCADB
ACBCAABCC
DBADBBADB
ACBACBDBC
CAABBCBAB
BBCABACBA
Case 287:
A
Case 288:
ABCBABABA
CDADCABAB
ABDABCABA
BABCBABAC
ABABACACB
BACACBCAC
ABABACACB
DABCBABAC
ACDACBABA
Case 289:
CDAB
ABCA
BABC
ACAD
Case 290:
AB
BA
Case 291:
ABDB
CABA
ABAB
BCBA
Case 292:
ADBBBCABA
BABACABAB
ABABABABA
BABADABAB
DBACDCCDA
ADCBABACB
BABABABAC
ABABABABA
BCBABADAB
Case 293:
DBABA
AABAC
DBACB
BABAD
ABABA
Case 294:
ABABAB
BABABA
ABABAB
BACCBA
ABABAB
BABABD
Case 295:
ABABABCA
BABABCAB
ABABABCA
BACABABC
ACBCABAB
BACABABA
ABABABAB
BABABABA
Case 296:
ABABAB
BACABA
ACBCAB
BACABA
ABABAB
BABABA
Case 297:
BABA
ABAB
BACD
ABAA
Case 298:
ABDABABA
BABCABAB
ABABCABA
BABABCAB
ABACABCA
BACBCABC
ABACABAB
DABABABA
Case 299:
ABDAB
DABAA
DBAAC
ACBAB
BDABD
Case 300:
C
Case 301:
ADCB
BCAC
DDBA
ABAD
Case 302:
ACABACBC
CBCABDAB
ACACEABA
BACBDBAB
ABACACBA
BABABACB
DBABABAC
CACABABA
Case 303:
CABABAB
ABABABA
BABABAB
ABACABA
BACBCAB
ABACABA
BABABAB
Case 304:
ADA
CBC
DBA
Case 305:
ADBBCABDA
BDCDADACD
CABACBCBA
CBDBACACB
BCACBDBAC
ADCBCDADA
DBCABCBAC
ABADABABA
CABDADBCB
Case 306:
ABABA
BABAB
ABABA
BABAB
ABABA
Case 307:
ABABABABAB
BABCBABABA
ABCACBABAB
BABCDABABA
ABABABABAB
BABABABABA
ABABABABAB
BABABABABA
ABABABABAB
BABABABABA
Case 308:
ABCAB
DCBAC
BBADA
ADBCB
BDADA
Case 309:
ABA
BAB
ABA
Case 310:
BABABADABA
CBDBCCABAB
DCACABCADA
ADBCDABCAB
CBACABADBC
BABABCBACA
ADABABABAB
CDBABDBABC
BCABDCABAB
ACBABABABA
Case 311:
A
Case 312:
ACBABC
BDABCA
DABADB
ADABAC
BABABA
ABADAB
Case 313:
AC
DB
Case 314:
ABAB
BADA
ABAB
BABD
Case 315:
ABABAC
CDBABA
BACBCD
ABBCAD
BADABA
ADCBAB
Case 316:
ACABABAB
CBCABABA
ACBDABAB
BACABABA
ABADCBCB
BCBAACAC
CADCBADA
ABCACBAB
Case 317:
BCAD
ABCB
BDBA
ABCB
Case 318:
BB
AC
Case 319:
ABAB
BABA
ABAB
BABA
Case 320:
A
Case 321:
ACBABABDC
BACBABDAA
ABACBACBC
BCDACBACA
ADABADCAB
BACDBABDA
ACBACBACB
CBADADCBD
ACBABBACA
Case 322:
CA
AB
Case 323:
ABA
BAB
ABA
Case 324:
A
Case 325:
ABAB
CABA
BCAB
ABCA
Case 326:
ABABDADAB
BABABCACB
ABABABCAC
CCBACABCA
ABABABABC
BABACABAB
ABCBABACA
BADABCBAB
ABABDDABA
Case 327:
BBCDABDBAC
ACACCABACB
BABDBCCCAB
ABDBABDBDC
BACCBDCACC
ADCDACBCAC
BBABDBDBDC
ADCBCACCAD
DABABCABBC
ABABAABACA
Case 328:
ADBDADADA
DCCABABCB
CBABACDAD
ADBCDABCC
DCDABDCAC
ABADDACDB
BADABCCAC
DBCBDDBCD
ACDCBBABA
Case 329:
DBBADA
BDCDBC
ACDCDA
BABABC
ADCBCA
BDDBAD
Case 330:
BACBDDBC
DCACDAAB
DDBEDBCD
ADCACAAB
BCABACBA
ABCABDAC
BABCABDB
ABACCACC
Case 331:
BBCABDAB
BCACADBA
ACDBBADB
BABACBAC
CCABACBA
BCDACACB
ADBDACAC
CBADADBC
Case 332:
ABACABABA
BACBDABAB
ABADCBACB
BACBDABAC
DCDADBABD
ABACBACAB
CABABCBDC
ABCBCADCA
BABABCABC
Case 333:
BABDCABABA
ABCABDABAB
DCADABCABA
DABACCABAC
BCABAACACB
ABDBBBDBAC
CACADCACDA
ABEDABDBBD
CDAACCCACA
BABCABACAB
Case 334:
BACABA
CBCADB
BAADAD
CDCBCA
ABACAB
BCBACA
Case 335:
BACABAB
DCBCABA
ABABCAB
BABDABA
ABABCAB
BABABCD
ABABADA
Case 336:
ABABABACA
BABABACDB
ABABABABA
DCCACACAB
ACABBCBCA
DABACDDBC
ADABABACA
BABABACAD
ACADACBCA
Case 337:
ACA
CBC
DAB
Case 338:
AB
BA
Case 339:
BADDBA
CBACAC
BADACB
CDACBA
ACDACB
BCBCAB
Case 340:
CDB
DBA
ADB
Case 341:
ADCBAD
DBACBD
ACDADA
BABDAB
ACACBA
DACBBB
Case 342:
ABACBDA
BCBADAB
CACBCBA
ACBABAB
CACDADC
ADDBDBA
BABABAC
Case 343:
ABADCBCA
BABBBABC
DBDACBCB
BCCCDADB
ABDABDCB
BDCDACAC
CABABABD
ABBCABAC
Case 344:
ACABCADC
BABABDAB
DDABACBA
ABCABEDB
BACBDAAC
CDBACBED
BCCBADCD
ADBABABA
Case 345:
DABDAB
ABACBA
BADCAB
ACBABC
BACBAD
ABACBA
Case 346:
ACBACAB
CACEBCA
BDADCAB
ADCADCD
BACBBBC
ACACAAA
CABABCB
Case 347:
DA
BA
Case 348:
DDACBA
ABCACD
DAABDB
BDBABA
BADCDB
BACBAC
Case 349:
ACBAACDDAB
BDADDABABA
ABCACDCBDB
CCBCACBACB
CBCDBACDBA
ABDACDBDAB
BCABDACABA
ABACABACDB
BCBACABDAC
ABACBCABCB
Case 350:
DDABDABDAD
ABCABCABCA
BADBABCADB
DDCAACBCAC
ABBDABABCA
BDABDDCABC
CBCDABABAB
AABDCABCBC
BCABDBCACA
ABCABADCAB
Case 351:
ABA
CDB
BAC
Case 352:
BAB
ABA
BAB
Case 353:
ABADAB
BDBABA
ABDBCB
BABABA
ABABAB
BABABA
Case 354:
ABDCBC
BCACEA
DBACDB
ADCCDA
BAEBCB
ABDDAC
Case 355:
ABCDB
BCABA
CBDAB
ABADC
BACAC
Case 356:
A
Case 357:
C
Case 358:
ABCABABABA
BABDCBABAB
ABABACBABA
BACCBDACAB
ABABABCABA
BABABADBAB
ABABACBABA
BABABACBAB
ABABABDACA
BABABCABAB
Case 359:
ABABDAB
CABDABD
CBABDDA
BCDCDAB
CBBBBCA
ADBADAB
BDABDBA
Case 360:
ACAD
BABA
ABAB
BABA
Case 361:
BCACABAB
ABCACABD
BDACBCAB
ABCACABA
BABCABAC
ACABCABB
BABADBAA
ACADACBC
Case 362:
ACBABA
CBACCB
ADCCBA
CDABAD
ABCADC
BABABB
Case 363:
ABCABA
BABCAB
ABABCA
BABABC
ABABAB
BABABA
Case 364:
ABABABD
DABABAB
ABABABA
BABABAB
ABABABA
BABABAB
ABABABA
Case 365:
ABABABABAB
BABDBABABA
ABCACBABAB
BABCACBABA
ABAEBACBAB
DCBDABDADA
BACABABCAB
CBABABADBA
ACBABCBADC
BACBACABAB
Case 366:
ABCABA
BABCAB
ABABCA
BABABC
ABDBAB
BDACDA
Case 367:
ABDAB
BCACA
DADBC
CBCAD
ADDBA
Case 368:
BBCDABCC
DCADBABA
ABCADBAB
BABCBABD
ABABDBDA
BADADABC
DACDBDAA
DABACBAB
Case 369:
ACDADBA
BAABECA
ADACABC
BCBADAB
CBCCBBA
ACDBDDC
BABAACB
Case 370:
AB
BA
Case 371:
ADA
ABC
BAD
Case 372:
BC
AA
Case 373:
ACADA
CABDB
DBABA
ACDCB
BADCA
Case 374:
ABABABAB
BABABABA
ABABABAC
BABABABA
CBABACAB
ACBACBCA
BACBACAB
DBACBABA
Case 375:
ACADD
CBBAB
ACABA
BABAD
CBABD
Case 376:
BABABABA
AACBABAB
BCADBADA
ADCBABCB
BABABCBA
CBABCAAB
ACDBDCBA
DBADABAB
Case 377:
ACACBAABD
BABACABAA
ADDBABDCB
BABABCABD
DBDBDCDAD
ACACADBDA
CBDBCCDDB
DDCBBABCA
ABDCDBABC
Case 378:
CABAB
CDCDA
BADBA
CBADB
ACDAC
Case 379:
ABDABABCD
DAEBDCAAB
ADCADCBCA
BADCBADBD
ADBBCBCAB
BCABADADC
BCDBACCBB
DABCDABAC
CBAABBABA
Case 380:
AB
BA
Case 381:
CBCA
DADB
ACBA
BABD
Case 382:
A
Case 383:
ABAB
BABD
CBAB
ACBA
Case 384:
ABABABA
BABABAB
ABABABA
BABABAB
ABABABA
BABABAB
ABABABA
Case 385:
C
Case 386:
BADC
ACBD
CADA
BCCB
Case 387:
ABABACAB
BCBABACA
ABABABAB
BCBABABA
CACBABAB
ABACDABA
BABABCAB
ABABABCA
Case 388:
BC
AA
Case 389:
BADCABABD
BCBBCADAB
DADCDCABA
ADABABCDB
BDDDBABAC
ACBADBABA
DCDACDDDB
BABCABABA
ABDABABAB
Case 390:
ABACBCB
AABDACB
CBDACAC
BACDBCA
ACBCDAB
BABCABA
DBDBBAB
Case 391:
AB
BA
Case 392:
ABACA
BABCB
ABABA
DABAB
BBABC
Case 393:
DDABAD
CADABC
ACBDCA
CBDBAD
BABABA
ACABCB
Case 394:
DBADA
BBCAC
ACADB
CBBCB
ADABA
Case 395:
AD
BA
Case 396:
ABA
DCB
BAD
Case 397:
CBACBABB
DACADBAC
DBACCDCA
CCBBAABC
ABDCADCD
BCADCBAA
ABECBCBC
DCDACACA
Case 398:
ADADACDCAB
DBDABABACA
AEDDABCDAA
ACBABCABCB
CBABCACABC
ACBABCABCC
CABCCABABA
ABDADBADAB
BDCDACDABC
CABBCABCAB
Case 399:
DBABDACABA
ACBADCBCAB
BACEDBABCA
ABABCABABC
BABABCABAB
ABABABCABA
BDBCBABDAB
DADACBACBA
ACABDADBAB
CBCDABACBA
Case 400:
CAB
ADC
CBA
Case 401:
ABADB
CABCC
BDCAD
CABCB
BDDBA
Case 402:
ADABA
BACCB
ACDAA
BABCB
ADABA
Case 403:
BCABCBAC
AABCACBD
BACDBACA
DBABACAB
CABDCDCA
CBCBBABD
ADABADDC
BDCBCCBA
Case 404:
AB
BA
Case 405:
AD
BB
Case 406:
ABABADBABC
CABACDABAB
ADABBABACA
CABCABABAB
BCDACABDCA
ABACBCABAB
BADACABABA
ABCBDBACAB
BABCADCABA
ABABCADBDB
Case 407:
ABACDCAB
BDCBADDA
CADACDAB
DBDDADCA
ACABDABC
BABDABAB
ABACBACB
CDBDABAC
Case 408:
DBABAC
CADACB
BCADBA
CBDCDA
BACDAC
CBCBCA
Case 409:
AB
BA
Case 410:
BABAB
ABABA
BABAB
ABACD
BACBA
Case 411:
CBADCD
ACBCAB
BACACA
ADACBD
CBCACB
DABCAA
Case 412:
CDB
BAC
AAD
Case 413:
CACABABAC
BCBDABCBC
CADCDABAB
ABABABABC
CABABABDA
ABABCBACC
BACDACBAB
ABABCACBC
BADABCACD
Case 414:
ABACAB
ACBACD
BDACBA
CACACB
AABCAC
BACBCA
Case 415:
DABABABADB
ADACDBABCA
BABBACBADB
CBADCADCAC
ADCABBBDBA
BABDACDADC
ABCCBBABAB
BABADCBCAC
CBABEACACA
AABACBABAD
Case 416:
ABAB
BABD
ABAB
BABA
Case 417:
ACADBCACAB
CBCBBADBDC
DABCADACBA
BCABDCBACD
AACABCABAD
BCBCABDACA
CADDBCDDAB
ACDACADBAC
CCDCBDBABA
BDBDABABAB
Case 418:
ABABABABAB
CDBACABABA
DADCABABAB
ABABCADABA
BCBABCABDB
CADBABCABA
ABADBABCAB
BABCABABCA
ABABDCBABC
BABABDABAB
Case 419:
ABCACB
BDDCAC
ABADCB
DBCACC
ACACBA
CBCADB
Case 420:
DABCBA
ABCDAB
BABABC
ABABCA
BABABC
ABABAB
Case 421:
ABD
BAB
ABA
Case 422:
A
Case 423:
ABABABA
BABABAB
ABABABC
BABABAB
ABABABA
BABABAB
ABABABA
Case 424:
ABACA
DACBC
ABDAB
BABCA
ABABC
Case 425:
ABADBCAB
BABCCCBA
DBABDACB
DABABCDA
CCABABDD
ABDACACB
CACBADBA
ABACBACB
Case 426:
DACABCAB
BCBCDABA
ABABACAB
BABACBCA
ADABACAB
BACABABA
ACBCABAB
BACDBDBA
Case 427:
AB
BD
Case 428:
BCBCBADAB
ABAAABABA
ACBABACBC
ADECDADAB
ABABABADA
ABACBCDAB
BDBDCABCA
CADABCABC
ABCBABCDA
Case 429:
D
Case 430:
ABCACAD
DCABABA
BABCBAC
ABDADCC
BDCDABA
CADBCAD
ABCABCA
Case 431:
BCABAB
CABCCA
ACADAC
CBCBCB
ADBABA
BCABAB
Case 432:
DA
AD
Case 433:
ABA
CDC
ACB
Case 434:
ABCBA
BABAC
CBACB
ADBAC
BACBA
Case 435:
ABADDABA
BCABABAB
ABACBCBD
BADACADD
ACDBABCD
BABADABC
ABCABDCC
AADCABDA
Case 436:
A
Case 437:
ABABABA
BABABAB
DBADABA
ACBABAB
BACBABA
ABACBAD
BABDABA
Case 438:
BCABCC
ABDCAB
CBABCA
ACBABC
BABCAB
ABCABD
Case 439:
BABABADA
DBCBABAB
ACACBACA
BABACBAB
ABABACBA
BABCBACB
ACABABAC
DBCABACB
Case 440:
ABABAB
CABABA
ABABAB
CABABA
BBABAB
ACBCBA
Case 441:
ABACBACAB
BCDBABABA
CABABADAB
ACABDBABA
BDBABABAB
CACDCBACA
ABABACEDB
BABDADBAC
ABACBACBA
Case 442:
ABABCBADC
CDBCDACAB
BACABCBCD
ADABDDACB
BECADACDA
DADBCDBAB
ABCACAEDC
CACBDCCDA
BCADCDABC
Case 443:
ABABABAB
BABABABC
ABABABCA
BABABABC
ABABABAB
BABABABA
ABABABAB
BABABABA
Case 444:
AC
CB
Case 445:
ADBACB
CADCBA
BCCBAC
ACACAB
DABDBA
ABABAC
Case 446:
ABACBCBA
BABACAAB
ABABDBCC
BABCACAB
DBABCABC
BABABDAC
ADCBACBA
BABABACB
Case 447:
ADA
BAC
ACB
Case 448:
ABDCABABCA
BACBCABABC
ABACABABDA
BABABABABC
ABCBABDBAD
BABCBABACB
ABCACBABAC
BABDADCABA
ABADBABCAB
BABADCDABA
Case 449:
ABACDA
CABACB
BDCBAC
ADBCBA
BDADAB
ACBABA
Case 450:
BCAB
DADD
BABC
DBCD
Case 451:
BABABC
CCABAA
DABABC
ADABCA
DCBDAB
BDACBA
Case 452:
AB
BA
Case 453:
ACB
CBA
ACB
Case 454:
A
Case 455:
ABAC
BCDB
CABA
ABAB
Case 456:
BACADABAB
BCBDCDECA
ABACBCABD
BCDBAABCB
DABCADACA
ABCABACAC
DDABACACB
ABCDCBCBA
ACABACDCB
Case 457:
ABABABD
BADABAC
ADADADA
CABABAB
ABDBABC
BDACBCA
ADBACDB
Case 458:
CACAB
ABABA
BABAD
CBDBA
ACDAB
Case 459:
ABA
ACB
BAC
Case 460:
CA
AB
Case 461:
ACBBABDAB
CACABDCBA
ABADABACB
BABACABAD
ACDCBCADA
BDABABCAB
ACBABADBC
BACDACBAB
ABABCBABA
Case 462:
A
Case 463:
A
Case 464:
DBCBDADAC
BAAABBCBA
BDBCACBCD
CCDBDBBDB
CCAACDCAC
ACEDAADBD
DCBCCBACA
BCADADBDC
DABDABABA
Case 465:
A
Case 466:
ACBABDAB
CACBABCA
ABADBABC
ACBCDBAB
DBADACBA
BABABADC
ABABABAB
BACABDBA
Case 467:
ABCAABAB
BBACBABA
CADADBAB
CDACACBA
BDBABDDC
ACADABCB
CBCADCAD
ACBABABA
Case 468:
D
Case 469:
D
Case 470:
ACABCDBBAC
BCBADACDBC
ADDBABAAAC
BABABCBCAB
ABCDCACACA
CAABDABDCB
BCAABECDAD
CBCBADACCA
AAACABCBAC
BCBDACDABD
Case 471:
BABA
CACB
ABDA
ACAB
Case 472:
AC
BB
Case 473:
ABDAC
BABCB
ABCBA
CABAC
ACADA
Case 474:
AABCACBABA
BCABCACBAB
DABADBACBA
ABABADCADB
BABABAABAC
ABABADBDBA
BCBABDCACB
ACABABAABD
BDBADCBACB
CACBAACBDA
Case 475:
A
Case 476:
DBACBABAB
CDBDABCBA
BACABCACB
ADBACDAAC
BCDCABCBA
ABABCABAB
BDCBACACA
DBACDBCBD
ACBABABAB
Case 477:
BADCDACBA
CABABBBBC
CACDABACA
ABADCADBC
BACBBCBAB
BCADCBABD
ABDBADCDC
BDCADACDA
ADADCBCCD
Case 478:
DABCABCBA
DBABCABCA
ACBCBCDAB
CDDAABABC
ABABCDCDB
BABABABDA
DDABDBABD
ABCABCBCA
ACACDADAB
Case 479:
DBACBACBBA
BABACBACAB
ADABADBDDA
BCBADCABBC
ABACBACDAA
DABACDACCB
ABABABCABA
BCDABADBAD
CABCADACBA
ABABCABACB
Case 480:
ABABABA
BABABAB
ABABABA
BABADAB
ABADDBA
BACABAB
ABABABA
Case 481:
ABBACCACB
BACBDABDA
ACBDBACAC
CBABCDBBB
ABAADCACB
CBCDBBBDA
ACADACABC
BBCADABAB
CBACACDCB
Case 482:
A
Case 483:
CCCBB
ABEAB
CADCA
BAABC
DBCDA
Case 484:
ACBAB
BACBA
ACADC
BCCAD
CABCA
Case 485:
C
Case 486:
C
Case 487:
DA
AB
Case 488:
ACBABAB
DBABDBC
CABACAD
BDCCBBB
AEBBDAC
BCBCDBA
DADACAB
Case 489:
BACACBA
ACBCACB
BACBCBA
ABDABAB
BABCDBA
ABABAAB
BCBABCA
Case 490:
A
Case 491:
ABCABDACA
BCABDACBC
CABCDBACA
BCABACBAB
CACBDADBA
ABACABACB
BDBDBACAC
ABCADBABA
CABCACBAB
Case 492:
ACAB
CBCA
ABDB
BCAC
Case 493:
BBABA
DCBDB
ADADD
ABCAB
ACBCA
Case 494:
A
Case 495:
ABABACABA
BABACBCAB
ABABACACA
CABABABAB
BCABACABA
ABCABABAB
BABCABABA
ABDABCEDB
BABCADBAC
Case 496:
ABAC
BDCA
ACBC
BABA
Case 497:
ABDBBABCA
CBABDECAC
ADBACBCAD
BDABDACDA
AECABCBDB
ABBCDBACB
DDCBCABAB
ABAADCABA
BDACACBDB
Case 498:
BABABABAB
CBABABACD
DACBCABAC
ABACADABA
BABABACAB
ABABCDBCA
BABACBABC
ABABDABAB
BDBABCABA
Case 499:
ADA
BDD
ABA
Case 500:
CA
BC
Case 501:
DABA
ABAB
DDBA
BBCB
Case 502:
ACBAACA
CACCDBC
ABABACA
BABABDB
ABABCAC
BACACCD
ABDBABC
Case 503:
CABABACAB
ACACABADC
DABCBACCA
ABABABADB
BDBABACBA
ACACABAAB
BDCCCACBA
ABABDBABD
BCACACBAB
Case 504:
ABCABABABA
BCABABABAB
ABCABABABA
BABCACABAB
ABABCABACA
BABADBACBC
ABACBCBDAB
BDBACACABA
CADCABABAB
ABABCABABA
Case 505:
BCDADACD
CBABABBA
ACBABADB
CACBCCAC
ADACABCD
CABDCABA
ACDDBCAC
BABACABA
Case 506:
CCABABADAB
DBDDBDBABA
BACABACBAB
ABABDBACBC
BABDCABAAA
DBCABCADCB
BADBADBBCA
BCBDBADABC
ABADADCBAA
BABACABABA
Case 507:
ABABAB
BABACA
ADABAB
BABABA
ABABAD
BABABA
Case 508:
ABCADCD
BCABBDA
ABCBACD
DBADCBB
ABCABDA
DBABACB
CDBABAC
Case 509:
ACD
BBA
ABC
Case 510:
AB
DA
Case 511:
BABADDC
ABABADB
BACABAC
CBABADB
ACBDCCA
ABCACAB
BCDDCBA
Case 512:
BC
CA
Case 513:
A
Case 514:
CDDCCBCAC
CACABCACB
ADDBABDCB
CBEABCAEB
BACBDADDA
DBDABDBBC
ADCBCDAAB
BABABDCBD
ABDCDCDCA
Case 515:
ABABACBAB
DABACDDBA
BCABCABDB
ADBADBCAC
CBABADBCA
ACBCDBABD
BACBBABAB
ABACBCDBD
BACBABABA
Case 516:
CACB
ABAC
BDBD
ADDA
Case 517:
ABCABAB
BCBDABC
CADCCAB
ABABABA
BABABAB
CCBCABA
ABCABAB
Case 518:
DAB
ADA
BAB
Case 519:
D
Case 520:
BAADBC
ABCBAB
BDADAA
ABCABC
DCBCDA
BDABAA
Case 521:
AACCACBA
AADBCACD
BCABDDAB
DACABDBD
BDBDDCDB
AADBCBAC
ABCAACAD
DABAAABC
Case 522:
ADB
BCA
ABC
Case 523:
ABAB
CABA
BCAB
ABCA
Case 524:
BDBABA
CBADAB
BCBABA
AACDAD
BCBADB
BDACBA
Case 525:
ABACBAC
CDCBBCA
BADBABC
ABACBCA
BDCACAB
CABCABA
ADABCDB
Case 526:
ABCBABC
BDACBAB
DCBBABA
ABACBAB
BDDBABC
ABACBAB
BABACBA
Case 527:
BCDAB
AABAC
BDCDA
ABCBC
BDACA
Case 528:
CAD
BCB
ABA
Case 529:
BABABAB
ABABABC
BABDBAB
ABCBACA
BDACBAC
CABDECA
ADDAAAB
Case 530:
BCD
AAB
CBA
Case 531:
ACBCBACAD
BACABBBCA
CDDDACABC
ABADBADAD
BDBEACADB
CADCBDCBA
ACABAABDC
CBCABADCB
DABDABABA
Case 532:
CA
DB
Case 533:
CBA
ACB
CBC
Case 534:
AC
CB
Case 535:
ACABA
DDBAB
ACABD
BACDA
ADABD
Case 536:
CAB
CBC
CCA
Case 537:
BABABA
ABABAB
BDBABC
ABACAB
BABABC
ABCBAB
Case 538:
ABADBABD
BADCACDA
ADBDCBCB
BCABDCAC
ABCDADBA
CADABADB
DBABADCA
ACBCDBAB
Case 539:
BDABADA
ABCABDD
BABCABA
ACDABAC
BCACDCA
ADCDDBB
BBABACD
Case 540:
ABCBDA
BAACAB
ABCBCB
DCDDAC
CACACB
BCABAC
Case 541:
ABCACC
BADDCA
ABCABC
BABDCD
CBACAB
CABCBA
Case 542:
CACBACACBA
DBABBCDBAC
ACBACABABD
BACBDDDBCA
ADAACBACAD
CBCBABCACB
CCACDDEBAC
DACBBCADCA
BABCDABABC
ABCAABABDA
Case 543:
BDACBABCAC
BADDACBACA
ABACDBABDB
CADABDCDAA
ACADABABCC
DADBCDBADB
ABCAEDABAC
BCBCBBDABD
CDBADCCCDA
AAABCACBDB
Case 544:
BABDABAC
DCADBACB
ABCADCBA
ADABABAB
AABABADA
BCABABCB
DBCACDBA
BBABACAB
Case 545:
BBCABC
DADCAB
ACBDBA
BADDAB
ADABCA
DCACAC
Case 546:
BABABACBBD
ACADECBABA
BBCDAAEDBD
DCACCBCACC
BABDADBDCA
ABCADCABDB
CABDABDADA
ABCABACEBC
BCCEDBADAD
DACBACBCDA
Case 547:
ACABAD
CBCDCA
BABACB
CBCBAC
BADCCD
ACDBAB
Case 548:
BABCABA
CBCABCB
CCABABA
BABCADB
ACDACBA
BDCDBAB
ACBADDC
Case 549:
CA
CB
Case 550:
AADABCAB
BCACDABA
ABCBADAD
BADBCADA
ABACABAB
BACBCDBA
CDBAAAED
ABACBDCA
Case 551:
BABAB
ABCBA
CDAAC
ABABA
BCACB
Case 552:
ABABA
BADAC
BCBCB
ABDAC
DABCA
Case 553:
BA
AB
Case 554:
BA
CD
Case 555:
A
Case 556:
A
Case 557:
BBCABAB
ABABABA
BDCABAB
ABBBABA
DCAECCB
CABDADA
ABABCBC
Case 558:
BAC
DCB
ABA
Case 559:
CABABCA
ABCBCBC
BCADCCA
ABDABDC
DACBACB
CBACBAC
CACADBA
Case 560:
ACDACBAB
DBACBBCA
ACBACADB
DBABABCA
BABCBABC
ABABADDA
CEDABDAB
BABCABDC
Case 561:
ACBC
BACA
ADAB
BABC
Case 562:
ABCABA
BABCAB
ABCABA
BCABAB
ABCDBA
BABACB
Case 563:
BAA
ACB
CBA
Case 564:
DCABABDCA
ACACBCADB
BEDACABAC
CAACDBADA
ACABADAAB
BABACABDC
ABCBACCAB
BDACDACBA
ACBDBCACB
Case 565:
BABCD
ABCAA
BCACC
ADCBC
DDABD
Case 566:
BABCBAB
DCADABA
AACBACC
ACBAABD
BADBCDA
ABCDDAB
BDBCABA
Case 567:
ABA
BAB
DBA
Case 568:
BA
AB
Case 569:
AB
BA
Case 570:
ACABABAB
ACBABCBA
BDABACDB
ABBABDAC
BCACDACB
DBCABCBA
ACABABCB
BABDBCAC
Case 571:
ABABABABA
BABADABAB
ACABABABA
CBCABABAB
CDABABABA
ABCABABCB
BABCABCAC
ABABCADBA
BABABCACB
Case 572:
ADA
DCD
ADB
Case 573:
ABABABAD
BABABABA
ABABABAB
BABABABA
ABABABAB
BACABABA
ACBDACAB
BADCDBCA
Case 574:
ABABAB
CABABA
DBABAB
ACBABA
BACBAB
ABACBC
Case 575:
ABDAA
CADBC
ABECB
BDACA
ADBAB
Case 576:
ABADABABAC
BCBABDBDBA
CACBACABCB
ADACBABABA
BCBADBCBAB
CACBDADABA
BABABDABCB
ABACACBCAC
BCDBCACABA
ADACABABAB
Case 577:
ABABABABAB
BABCBABCBA
ABCACBCACB
BABCACABAC
ABABCABABA
BABABCABAB
ABABABCABA
BABABABCAB
ABABABABCA
BABABABABC
Case 578:
ABADADBCAB
DABADCADBA
ABABABCACB
BDBDBABCBA
ABABABABAB
BDBCBCBABA
ACDACBABAC
CBABACBCDA
BADCDACABC
ABDABBABAB
Case 579:
BAB
CBA
ACB
Case 580:
BCDADC
DABCBA
DCADBB
ADBBBA
BCCACD
DABCAB
Case 581:
ABABCA
CABABC
BBABAB
ACBABA
BACBAB
ABACBA
Case 582:
A
Case 583:
ACDABABDC
DBBBCBABA
BACADBCDB
DADCACACA
BCBBDCDAD
BBBDBADBC
ACEDCDCAD
BBAAEDBCB
ACBCBDABA
Case 584:
A
Case 585:
BABACACAB
ABABABBED
BABDBDACD
CDADCADAC
BABABDABB
ACDCCABAC
ABABBDABA
CADCACDAC
BBBDBABCC
Case 586:
AB
BA
Case 587:
BBABDABD
DCBDCBDC
ADCABCAC
CBABDACB
ACDABCAC
BEDBABCA
CABACADC
BCABCDBC
Case 588:
ABABAB
BADACA
CDBCAB
ABADBA
BABACB
CACBBA
Case 589:
ABAB
BADA
DBDA
ACAC
Case 590:
BADCA
ABABC
BABAB
ABDBD
BABAB
Case 591:
ACDADB
BDDBCA
ABACBD
BABDAC
CCACBD
ACDBCA
Case 592:
ABCBCAB
BDAABCA
ACDBCAB
DCACADA
ACCABAB
BEABABA
ADBABDB
Case 593:
ACBABACABA
BADBACBCAB
DCACDACABA
ABCACCDDAB
BABCABABDC
ACDADABDAB
BDACBCABCA
ACBADABABC
CBCBABABCA
DAADCADAAB
Case 594:
A
Case 595:
A
Case 596:
ACABABAC
DBDCBACB
BACBACAC
CABABDCA
DBCBCABD
AEDABCAD
BCACABCA
ABCABABC
Case 597:
ACBACBABAD
BDCCACBABA
AABADABCAD
BDCDACDABA
DCABCBABAB
AEBADABDBA
DDDCBDCACB
ABADBCABDC
DDBCDABABA
DBCCABADAB
Case 598:
B
Case 599:
ABABCABABA
BAACABCDAB
CDBACACDBA
ABACBCACAB
CABADABCBA
ABABCBCDAB
BABABCABCA
ACABDABCAB
CABABDAEDA
ABACABCBCA
Case 600:
ABABAB
DABABC
CBCDAB
ACABDC
BABCDD
ABCABA
Case 601:
ABABDAD
BABBCDA
ABDABAB
BACCDBA
CBCBADB
ACCABCA
BABCABC
Case 602:
CABADABBBC
ADACBCAACA
BADCDABDAC
ACBABDCACB
CACBACBADB
ABCACBDBAC
BABCADCABD
CBADCBACDA
ACBDBBCABC
BACACADBAD
Case 603:
BDCCA
CBDAB
ACBCD
BEDEA
CACBC
Case 604:
ABA
DAC
ABA
Case 605:
ABCDBDBAD
BDDABBABC
BDBBCBBBD
BDBBBABAA
ABACBCDAB
BABDCACBC
ABABACBCA
BABDCACAD
ABACBAADA
Case 606:
AB
BA
Case 607:
ADAD
BACA
ACBB
BACA
Case 608:
B
Case 609:
AC
BC
Case 610:
C
Case 611:
ABCA
BABC
ACBA
BADB
Case 612:
ABAB
CABA
ABCB
BADC
Case 613:
A
Case 614:
CAB
ADA
CAB
Case 615:
ABDA
BABC
ABCA
BABC
Case 616:
ABADACABA
BACBCBCDB
ABACAABAC
BACABCADA
ACABABDAB
BCBDBABCA
ABCACBCAB
BABCACBAC
DBABCACBA
Case 617:
DA
AB
Case 618:
BACDBA
ABABAB
BABABA
ABABCB
BACADA
ABABAD
Case 619:
CBA
ACB
BAC
Case 620:
ABABABAB
BABABABA
ABABABAB
BACABABA
ABDBABCB
BCACBABA
ABCACBAB
BADBACBA
Case 621:
ABCABAB
BABCABA
CBAEBDD
ACBDABA
BACABCB
ABABAAC
BABDBCA
Case 622:
ABABA
BCBAD
AACBD
BCACA
ABCAB
Case 623:
ADCBACBAB
CABABACBA
ACABDCDAB
DBDACBABA
DDABACBCB
ABCBCACAC
BDBABCABD
ABABABCDA
BCBABADAB
Case 624:
A
Case 625:
ACBABABAB
BACBACABD
ABACBCDAB
CACACABCC
ACBCACDAC
BADABACDA
ABABCEBAB
BABDADABA
ABCABABDB
Case 626:
BABCAD
CBABCB
ADCADA
BACBAD
ABADBA
BACDAB
Case 627:
DABACDACCA
DCACBCBCBC
ADBADADCBD
CACBABABCA
ABDABABCAB
BDCBABADBC
DABBCACBDA
ABDDACABDA
CADDBDBADA
ABABABACCB
Case 628:
ABCA
ACAB
CABA
BCAB
Case 629:
BACBABABAC
BCBABADBCD
BACBCDBDDA
ABADBACABC
CACCDBDBAD
BCADCAACBA
BABCABAACB
ACACBDCBAC
CBCBDABCBD
BACADDADAD
Case 630:
BABABACDA
ABABACBAB
CABABACBA
ADABCAADB
CBCDACBCA
CAAACADBC
ABCDABCDA
BABCBCBAD
ABCACABCA
Case 631:
ABABABAB
BABABABC
ABABADAB
BABABABA
ABABABAB
BCBABABA
ABABABAC
BADABABA
Case 632:
ABCBABD
CADDDAB
BCDDADA
ABDACBC
DABDACA
BDDACDB
AABCBAC
Case 633:
AB
BA
Case 634:
CBABADACA
ACBABACDC
CBABABBDB
BDBABDBCA
AAACABCAC
DBCDBACBA
CABACDBAB
ABCCBACDC
DADBABABD
Case 635:
BAB
CBC
ADC
Case 636:
AD
CB
Case 637:
DABAB
ABDBA
CADAB
ABABA
BABAB
Case 638:
CBA
ADC
ABD
Case 639:
ABABABAB
BABABABA
ABABABAB
BABABABA
ABABABAB
BABABABA
ABABABAB
BABABABA
Case 640:
A
Case 641:
A
Case 642:
CAB
ABA
BDB
Case 643:
ABBABA
CBABCC
ACBCBD
DACBCA
CBDABA
DABCBC
Case 644:
ABAC
BABA
ABAB
BABA
Case 645:
ACBDABCABA
CBABCABDCD
BABCABABAD
CBCADABACB
ACBABCACBA
CACBDADBCA
BCBCBDCABC
ABABCDABAB
BCDACABABC
ABABDCADAB
Case 646:
C
Case 647:
DBABABAB
ACBABDCB
BADCCABA
ADABADBC
CBCABAAB
ACACADBC
BDCBDCBA
ABDDABAB
Case 648:
DCA
CAB
DBA
Case 649:
BA
AB
Case 650:
ABAB
CABA
ACAC
DACB
Case 651:
ACB
BAC
ACB
Case 652:
CABABA
ADABDB
DDDACA
ACDDAB
BAECCC
ACBCAB
Case 653:
ABA
BAB
ABA
Case 654:
ABABABABA
BABABADAB
CBABADABA
ADCABABAC
BABCABCBC
ABADBABAB
CABACBABA
ABABACBAB
DABABACBA
Case 655:
AD
BA
Case 656:
BBDAA
CACBC
ACADA
BDBAB
CAABC
Case 657:
ADCABC
CBABAB
BDCACB
ABCBDA
BABABC
ABCACA
Case 658:
BACBAB
ABACBA
BCBACB
ABADAC
BABCBA
ABCACB
Case 659:
BDABADAB
ACBCBABA
BBABADCB
BABDCABC
CCDABCDA
ADBACABC
BCABADAB
CACACBCA
Case 660:
ACB
CBB
ACB
Case 661:
ABABABACA
CABABACAC
ABCBABACB
BDADCABDA
CBCDBBCDB
DADBDDACA
CABCADCBD
BCABCBACA
ABCABCDBD
Case 662:
D
Case 663:
ABAB
BABA
ABAB
BABA
Case 664:
BAACBAB
ABCBABA
BABABAD
ABCBABA
BCACBAB
ABCACBA
BCABACB
Case 665:
ABDACBCA
BABCBADB
CBABABAC
BCACBABA
ABDACDAC
BCBBDACB
ABDABCAC
CADBABCD
Case 666:
BABABDA
DCACDCC
CBCBADB
AADCEBA
BCBADAD
ADCBDBC
BCACBAB
