459901
1358657
441
30
5
7
1358657
1872
1740
93313
441
1358657
7632
30
5
7632
1358657
7
459901
169
30
7632
1872
2504881
169
1872
7632
441
169
459901
459901
30
459901
169
93313
7
1740
7632
1740
441
30
2
30
2504881
30
441
1872
169
1872
441
459901
1358657
7
441
2
1872
1358657
93313
1358657
441
1872
459901
1740
30
169
169
7632
2504881
2
5
169
441
169
7632
169
93313
7
2504881
2
93313
7632
2504881
1740
1740
441
1740
7
441
169
5
459901
2504881
2504881
1872
169
441
459901
1358657
169
2
5
1740
441
1872
169
2504881
30
7632
1358657
441
169
441
7632
7
30
2504881
1358657
169
169
169
1740
5
441
459901
459901
93313
5
93313
459901
7632
93313
2504881
169
169
1872
1358657
30
1358657
441
7
441
1358657
93313
2504881
7
2504881
2
7
441
441
441
7
93313
459901
1358657
1740
93313
2
169
1872
93313
7
441
30
441
2
7
459901
2
1740
1358657
1872
93313
93313
7632
459901
459901
1740
2504881
441
5
1872
1872
2
169
1872
1740
2
1740
2504881
1740
7632
5
2
459901
93313
30
2
1872
441
1740
7632
2
169
30
1740
169
30
30
441
1740
7632
1358657
30
7632
169
93313
5
1872
1872
7
7
2
1872
169
2504881
5
93313
2504881
93313
7
1740
30
5
7
1740
2504881
7632
1358657
169
2504881
1872
1358657
1358657
1358657
441
169
7632
93313
1358657
30
2504881
7
441
441
441
441
1740
30
1872
1872
441
30
93313
93313
441
1872
1740
7
7632
7
7
5
2504881
7
7
1872
441
1740
169
441
2
30
7632
1872
93313
7
2
1872
441
1872
2504881
2504881
2504881
1740
459901
1872
30
7632
7632
459901
1740
1740
2
93313
1358657
7
169
169
1358657
1740
1358657
2504881
1358657
441
7632
93313
93313
93313
5
30
169
7
5
30
1358657
2504881
93313
5
1740
169
2504881
30
7
7
2504881
2
5
441
1872
30
2
169
169
2
2504881
1358657
459901
1740
93313
2504881
2
2
30
5
169
7
30
5
441
1358657
1740
441
30
459901
1740
169
2504881
2
93313
441
30
1358657
1358657
7632
1358657
459901
7632
459901
7632
30
2504881
7632
30
5
1358657
93313
441
30
2504881
1358657
30
7632
441
1872
1872
2
2504881
441
2
459901
2504881
441
1740
1358657
2504881
93313
459901
1740
1872
7632
2
7632
7
169
93313
5
5
169
441
7
5
1358657
1358657
7632
169
169
93313
1872
2504881
2504881
30
1358657
169
2504881
1358657
1872
459901
1358657
7
30
441
5
2
1740
1740
93313
459901
459901
2
441
7
169
30
2504881
1358657
93313
441
459901
5
169
93313
1740
441
2
93313
441
1872
1872
441
459901
1358657
459901
7
1358657
1740
93313
459901
441
1740
459901
2504881
1358657
5
5
459901
5
7
441
2504881
30
1358657
1740
2
441
1358657
93313
2
169
5
441
7
7
441
5
2504881
2
2
1358657
7632
1358657
93313
7632
93313
2
1358657
93313
169
2504881
7
1872
441
2504881
30
441
7632
7
5
7632
1872
1872
2504881
93313
7632
169
7
93313
169
30
7632
2504881
7
441
1740
1358657
7632
1872
7632
2504881
1740
459901
441
2
1358657
1740
7632
441
2504881
1358657
2504881
7632
441
7
30
7
441
1872
2504881
2504881
2504881
93313
1358657
2
30
1872
2
1358657
7
93313
2504881
93313
1740
169
1358657
7632
7
1740
2504881
2
1872
7
93313
2
5
5
5
93313
1740
30
1740
93313
2504881
1740
2504881
30
30
2504881
7
441
1358657
5
30
1872
1872
5
5
93313
2504881
169
2504881
441
441
1740
1872
93313
459901
459901
441
1740
5
30
169
5
1358657
30
7632
5
441
459901
7632
441
2504881
2504881
1358657
7632
30
30
30
5
7632
169
1740
7
5
30
459901
7
5
169
93313
169
7632
30
1740
1872
1740
