5
5
-1
-1
5
324889
16509869
13
3
1999
599
-1
113
690073
77418569
348559
521
16447
-1
-1
-1
83
35735232686059
545667329197
144289
47636717
-1
33551300501
82154473
3836587
153713699
3587630929
-1
2068274641
9150227
1861413121
107186075057
7586665515509
81533
425391089
207259780153
162859
138015206171
647819142197
17229979967
909091
-1
802420768229
148767761237
-1
19105369
654597793
1267663
931975081
163078753
1034866555871
38083
873979
144751
1051
119101
11
13
1069
1154783167
3360038504441
20486023
5507737
220757
562354313
1459027
5377371311003
77672873
738833815231
297130927
172680901
21343014911971
133025287
3545193283
1331499181
1777267
1141105571779
158783044523
-1
11383
17233747
32723125321
114501553
403835684897
287789
304778843
12600373
5574953
-1
49732070800033
47527
106473539
154934573
801155471
92397271
156275291
241452881317
17167
516766027
15445349237
5131400609
1993231
3037014173
563578651
12212929
2911847
2526677948269
3299882633
6498253259
51059
10072537
1358742811
28902197
8443
369992916437
110282280937
