1 13
7 7

1 3
13 9

1 11
19 19

1 1
6 1

1 5
5 2

1 9
14 19

1 1
1 1

1 17
13 5

1 1
2 1

1 4
18 3

1 5
13 3

1 4
10 4

1 1
1 1

1 1
3 3

1 3
6 4

1 1
1 1

1 6
20 12

1 1
5 1

1 2
6 2

1 1
13 2

1 2
16 6

1 4
13 6

1 3
17 3

1 5
7 4

1 3
14 6

1 4
11 13

1 1
1 1

1 7
13 4

1 1
6 1

1 7
15 10

1 2
9 2

1 10
4 11

1 2
15 2

1 3
9 1

1 3
11 8

1 15
15 14

1 1
8 2

1 1
12 2

1 1
7 1

1 1
1 1

1 9
6 9

1 3
19 4

1 2
19 2

1 5
18 6

1 17
7 7

1 12
10 6

1 1
4 3

1 5
8 5

1 3
10 4

1 14
11 2

1 2
8 3

1 8
20 13

1 1
1 1

1 2
4 2

1 3
18 1

1 1
5 2

1 3
2 3

1 1
1 1

1 12
17 4

1 4
3 2

1 2
11 2

1 6
20 8

1 1
19 3

1 7
12 6

1 2
4 2

1 2
9 2

1 6
9 15

1 4
12 8

1 5
20 5

1 3
11 3

1 2
5 2

1 1
1 1

1 2
10 2

1 9
13 14

1 1
16 1

1 4
11 2

1 1
9 1

1 3
6 4

1 2
10 3

1 1
13 3

1 8
7 4

1 2
19 2

1 3
6 7

1 7
11 3

1 1
19 4

1 2
11 1

1 1
6 1

1 8
4 10

1 1
2 1

1 11
15 11

1 8
12 1

1 1
3 1

1 7
18 8

1 4
18 3

1 15
11 5

1 1
1 1

1 8
16 3

1 11
6 19

1 2
8 1

1 4
14 3

1 2
14 2

1 2
6 1

1 1
20 3

1 12
13 13

1 1
13 4

1 6
15 3

1 2
12 1

1 12
11 13

1 10
8 8

1 1
4 1

1 4
7 1

1 3
12 1

1 16
6 11

1 9
6 6

1 2
13 4

1 1
16 6

1 6
9 3

1 2
16 8

1 1
2 1

1 2
3 2

1 2
15 6

1 3
4 2

1 4
12 4

1 1
18 4

1 2
2 1

1 1
19 1

1 1
1 1

1 3
13 2

1 1
1 1

1 3
7 19

1 6
19 13

1 11
8 7

1 2
19 3

1 5
17 2

1 1
6 1

1 6
6 5

1 1
8 2

1 3
17 1

1 9
7 10

1 1
20 2

1 5
3 5

1 2
3 2

1 2
8 3

1 9
11 8

1 1
18 2

1 16
19 5

1 9
16 1

1 5
7 3

1 6
20 10

1 7
11 4

1 1
15 3

1 10
4 8

1 2
20 2

1 9
16 6

1 7
15 3

1 12
6 2

1 7
13 8

1 5
10 6

1 2
9 2

1 2
3 3

1 19
20 10

1 6
6 1

1 18
17 16

1 1
1 1

1 6
13 14

1 4
4 5

1 14
14 4

1 5
9 3

1 9
8 10

1 1
8 4

1 1
13 2

1 4
4 7

1 3
18 3

1 3
4 2

1 1
10 4

1 7
7 11

1 1
2 2

1 1
17 1

1 2
9 12

1 1
13 3

1 7
13 1

1 1
11 1

1 3
4 2

1 4
8 2

1 2
4 1

1 1
19 1

1 5
19 7

1 9
13 6

1 5
9 4

1 1
15 2

1 2
2 1

1 1
17 6

1 2
2 2

1 2
5 2

1 3
20 11

1 11
15 7

1 1
3 2

1 17
17 1

1 2
11 4

1 3
5 2

1 1
7 9

1 1
20 1

1 16
11 18

1 9
20 10

1 4
14 7

1 3
6 4

1 8
4 8

1 3
3 4

1 3
19 2

1 14
9 7

1 9
15 1

1 3
14 6

1 1
4 2

1 3
4 7

1 4
7 4

1 1
1 1

1 1
4 1

1 20
12 17

1 8
20 1

1 2
2 1

1 1
7 1

1 4
11 6

1 7
14 6

1 11
10 10

1 4
3 5

1 11
8 8

1 2
19 1

1 5
3 5

1 10
6 9

1 12
8 8

1 2
10 1

1 5
14 4

1 10
14 6

1 1
8 1

1 4
7 9

1 14
12 4

1 14
9 13

1 10
16 1

1 1
20 1

1 7
10 8

1 7
8 4

1 8
13 13

1 4
15 3

1 1
15 6

1 1
4 1

1 7
13 2

1 12
9 2

1 4
19 9

1 2
19 11

1 4
20 2

1 1
2 1

1 11
12 2

1 5
13 2

1 5
8 5

1 1
3 2

1 1
3 1

1 6
20 5

1 1
2 1

1 8
13 2

1 7
8 8

1 4
13 2

1 6
9 8

1 8
12 3

1 10
10 4

1 1
1 1

1 5
16 4

1 4
11 1

1 1
1 1

1 3
15 9

1 2
14 11

1 7
10 7

1 7
15 4

1 8
10 14

1 1
5 1

1 2
3 2

1 8
19 9

1 2
5 2

1 10
15 5

1 1
2 1

1 6
5 1

1 1
15 5

1 10
9 4

1 3
13 10

1 1
8 2

1 1
2 1

1 11
7 7

1 1
1 1

1 7
7 7

1 7
15 5

1 1
13 1

1 3
20 1

1 4
9 5

1 1
1 1

1 5
19 2

1 6
14 7

1 11
10 7

1 15
20 12

1 10
10 7

1 4
10 9

1 6
7 6

1 1
1 1

1 1
13 8

1 15
8 11

1 2
9 2

1 2
13 2

1 14
14 4

1 5
4 1

1 5
4 4

1 2
13 19

1 2
20 2

1 1
15 1

1 16
17 11

1 4
16 3

1 4
4 8

1 7
19 10

1 1
11 1

1 3
15 9

1 2
3 1

1 2
6 7

1 1
11 1

1 4
17 3

1 2
4 1

1 4
17 1

1 4
15 1

1 1
16 1

1 13
12 9

1 1
1 1

1 7
5 8

1 4
3 4

1 7
12 9

1 3
7 7

1 2
20 1

1 9
5 11

1 1
6 6

1 9
18 4

1 1
6 2

1 3
20 3

1 8
14 11

1 2
15 3

1 13
20 3

1 11
6 6

1 16
12 7

1 5
15 4

1 4
16 5

1 5
20 1

1 7
12 3

1 2
12 3

1 2
15 3

1 1
20 1

1 1
3 1

1 2
20 3

1 8
8 4

1 2
17 2

1 2
18 1

1 1
15 7

1 5
6 5

1 8
11 10

1 1
19 1

1 2
9 3

1 1
11 4

1 13
8 9

1 2
19 1

1 8
19 3

1 2
11 1

1 7
6 7

1 1
9 1

1 1
11 1

1 1
1 1

1 19
8 18

1 1
2 1

1 8
18 9

1 2
14 2

1 7
13 6

1 2
2 2

1 2
6 2

1 6
20 1

1 6
15 5

1 1
20 4

1 4
6 2

1 1
4 1

1 1
1 1

1 4
6 2

1 1
19 5

1 5
14 4

1 17
16 6

1 1
14 3

1 3
9 2

1 1
2 1

1 5
8 8

1 3
7 2

1 16
7 11

1 4
13 1

1 11
9 13

1 4
3 1

1 2
17 10

1 6
9 1

1 3
19 4

1 2
3 2

1 12
17 16

1 1
20 1

1 4
7 4

1 7
11 5

1 4
9 6

1 5
11 9

1 4
7 2

1 10
16 8

1 4
10 1

1 10
18 4

1 7
20 9

1 1
1 1

1 10
3 9

1 7
9 7

1 6
4 3

1 13
7 13

1 1
1 1

1 4
4 1

1 1
2 3

1 5
14 2

1 7
14 8

1 19
13 16

1 1
1 1

1 2
5 1

1 8
15 15

1 5
9 2

1 4
18 9

1 7
9 2

1 1
15 1

1 3
9 5

1 4
3 5

1 1
9 2

1 5
20 3

1 4
9 2

1 9
4 9

1 1
2 1

1 1
18 5

1 10
17 1

1 14
16 15

1 4
2 4

1 6
9 6

1 3
4 4

1 11
11 5

1 3
12 1

1 1
1 1

1 1
2 1

1 2
18 2

1 6
15 1

1 3
7 4

1 5
6 2

1 2
12 1

1 3
3 3

1 2
18 10

1 15
18 15

1 15
10 15

1 1
2 1

1 2
4 2

1 3
8 4

1 5
6 4

1 14
8 8

1 4
18 4

1 11
9 11

1 2
8 2

1 1
14 1

1 4
18 4

1 13
12 2

1 5
11 1

1 10
16 3

1 1
14 4

1 8
7 5

1 1
4 1

1 10
13 3

1 9
14 2

1 2
20 2

1 1
3 3

1 2
6 1

1 10
11 4

1 1
17 1

1 4
4 6

1 17
9 17

1 16
14 11

1 2
5 4

1 1
7 1

1 1
6 1

1 5
13 3

1 7
12 6

1 1
1 1

1 1
6 1

1 9
17 14

1 1
15 2

1 5
2 2

1 1
1 1

1 9
20 3

1 6
13 10

1 4
11 4

1 1
4 1

1 9
12 6

1 1
1 1

1 6
16 19

1 1
5 1

1 11
16 5

1 3
18 3

1 3
16 6

1 8
7 9

1 3
14 1

1 3
12 2

1 6
6 11

1 9
10 12

1 2
10 1

1 1
3 2

1 15
17 13

1 1
1 1

1 2
2 1

1 2
7 1

1 1
8 1

1 11
20 8

1 3
17 7

1 3
13 4

1 2
3 1

1 2
19 3

1 11
13 3

1 1
1 1

1 2
6 2

1 11
4 5

1 1
8 2

1 4
4 4

1 3
14 5

1 1
2 1

1 3
14 2

1 13
11 14

1 13
14 12

1 2
6 1

1 17
17 3

1 2
18 9

1 1
16 1

1 4
11 2

1 1
4 4

1 4
17 1

1 1
6 2

1 1
12 3

1 9
16 2

1 1
1 1

1 3
15 4

1 1
11 2

1 14
20 3

1 4
11 14

1 8
19 12

1 2
8 3

1 1
11 2

1 2
3 1

1 6
6 5

1 5
18 9

1 18
19 18

1 3
5 3

1 6
5 5

1 5
11 11

1 1
1 1

1 14
6 4

1 3
15 4

1 6
16 1

1 3
9 2

1 7
11 4

1 5
3 4

1 2
17 1

1 14
8 14

1 10
10 5

1 5
5 6

1 1
18 15

1 1
1 1

1 3
4 2

1 16
16 16

1 12
12 1

1 1
2 1

1 7
12 4

1 10
5 7

1 4
3 5

1 1
12 4

1 1
1 1

1 1
14 1

1 3
17 2

1 1
10 2

1 19
16 16

1 3
13 3

1 9
15 16

1 2
13 2

1 6
10 9

1 14
17 5

1 10
4 13

1 7
17 6

1 1
2 1

1 12
11 4

1 1
1 1

1 1
1 1

1 3
15 1

1 8
18 8

1 2
3 1

1 2
14 6

1 1
3 1

1 2
4 2

1 1
14 13

1 19
6 15

1 3
19 5

1 5
7 4

1 4
20 2

1 16
19 9

1 5
20 3

1 2
11 1

1 11
17 14

1 3
11 4

1 9
9 2

1 3
13 2

1 1
12 4

1 4
20 1

1 14
12 10

1 17
15 3

1 2
10 1

1 11
7 10

1 2
4 2

1 1
2 1

1 4
5 3

1 1
1 1

1 2
15 4

1 1
1 1

1 5
14 2

1 3
17 2

1 5
17 4

1 8
14 3

1 1
1 1

1 11
12 3

1 3
19 12

1 1
4 1

1 2
4 3

1 6
11 1

1 2
20 3

1 8
6 1

1 8
6 17

1 9
3 7

1 2
3 1

1 13
13 10

1 1
19 1

1 12
9 4

1 4
3 4

1 1
12 2

1 2
5 6

1 3
8 3

1 17
18 18

1 4
7 1

1 6
6 7

1 5
8 4

1 6
18 1

1 2
10 5

1 9
8 1

1 9
9 2

1 16
7 17

1 4
19 1

1 8
7 3

1 1
9 1

1 2
3 4

1 2
10 4

1 2
2 4

1 3
5 3

1 4
11 11

1 10
9 11

1 9
16 2

1 6
8 6
