--
root0
root1
root2
root3
root4
root5
root6
root7
root8
root9
2super0
2super1
2super2
2super3
2super4
2super5
2super6
2super7
2super8
2super9
--
admin0admin
admin1admin
admin2admin
admin3admin
admin4admin
admin5admin
admin6admin
admin7admin
admin8admin
admin9admin
--
0shawnshawn0
0shawnshawn1
0shawnshawn2
0shawnshawn3
0shawnshawn4
0shawnshawn5
0shawnshawn6
0shawnshawn7
0shawnshawn8
0shawnshawn9
0shawnis0
0shawnis1
0shawnis2
0shawnis3
0shawnis4
0shawnis5
0shawnis6
0shawnis7
0shawnis8
0shawnis9
0shawnawsome0
0shawnawsome1
0shawnawsome2
0shawnawsome3
0shawnawsome4
0shawnawsome5
0shawnawsome6
0shawnawsome7
0shawnawsome8
0shawnawsome9
0isshawn0
0isshawn1
0isshawn2
0isshawn3
0isshawn4
0isshawn5
0isshawn6
0isshawn7
0isshawn8
0isshawn9
0isis0
0isis1
0isis2
0isis3
0isis4
0isis5
0isis6
0isis7
0isis8
0isis9
0isawsome0
0isawsome1
0isawsome2
0isawsome3
0isawsome4
0isawsome5
0isawsome6
0isawsome7
0isawsome8
0isawsome9
0awsomeshawn0
0awsomeshawn1
0awsomeshawn2
0awsomeshawn3
0awsomeshawn4
0awsomeshawn5
0awsomeshawn6
0awsomeshawn7
0awsomeshawn8
0awsomeshawn9
0awsomeis0
0awsomeis1
0awsomeis2
0awsomeis3
0awsomeis4
0awsomeis5
0awsomeis6
0awsomeis7
0awsomeis8
0awsomeis9
0awsomeawsome0
0awsomeawsome1
0awsomeawsome2
0awsomeawsome3
0awsomeawsome4
0awsomeawsome5
0awsomeawsome6
0awsomeawsome7
0awsomeawsome8
0awsomeawsome9
1shawnshawn0
1shawnshawn1
1shawnshawn2
1shawnshawn3
1shawnshawn4
1shawnshawn5
1shawnshawn6
1shawnshawn7
1shawnshawn8
1shawnshawn9
1shawnis0
1shawnis1
1shawnis2
1shawnis3
1shawnis4
1shawnis5
1shawnis6
1shawnis7
1shawnis8
1shawnis9
1shawnawsome0
1shawnawsome1
1shawnawsome2
1shawnawsome3
1shawnawsome4
1shawnawsome5
1shawnawsome6
1shawnawsome7
1shawnawsome8
1shawnawsome9
1isshawn0
1isshawn1
1isshawn2
1isshawn3
1isshawn4
1isshawn5
1isshawn6
1isshawn7
1isshawn8
1isshawn9
1isis0
1isis1
1isis2
1isis3
1isis4
1isis5
1isis6
1isis7
1isis8
1isis9
1isawsome0
1isawsome1
1isawsome2
1isawsome3
1isawsome4
1isawsome5
1isawsome6
1isawsome7
1isawsome8
1isawsome9
1awsomeshawn0
1awsomeshawn1
1awsomeshawn2
1awsomeshawn3
1awsomeshawn4
1awsomeshawn5
1awsomeshawn6
1awsomeshawn7
1awsomeshawn8
1awsomeshawn9
1awsomeis0
1awsomeis1
1awsomeis2
1awsomeis3
1awsomeis4
1awsomeis5
1awsomeis6
1awsomeis7
1awsomeis8
1awsomeis9
1awsomeawsome0
1awsomeawsome1
1awsomeawsome2
1awsomeawsome3
1awsomeawsome4
1awsomeawsome5
1awsomeawsome6
1awsomeawsome7
1awsomeawsome8
1awsomeawsome9
2shawnshawn0
2shawnshawn1
2shawnshawn2
2shawnshawn3
2shawnshawn4
2shawnshawn5
2shawnshawn6
2shawnshawn7
2shawnshawn8
2shawnshawn9
2shawnis0
2shawnis1
2shawnis2
2shawnis3
2shawnis4
2shawnis5
2shawnis6
2shawnis7
2shawnis8
2shawnis9
2shawnawsome0
2shawnawsome1
2shawnawsome2
2shawnawsome3
2shawnawsome4
2shawnawsome5
2shawnawsome6
2shawnawsome7
2shawnawsome8
2shawnawsome9
2isshawn0
2isshawn1
2isshawn2
2isshawn3
2isshawn4
2isshawn5
2isshawn6
2isshawn7
2isshawn8
2isshawn9
2isis0
2isis1
2isis2
2isis3
2isis4
2isis5
2isis6
2isis7
2isis8
2isis9
2isawsome0
2isawsome1
2isawsome2
2isawsome3
2isawsome4
2isawsome5
2isawsome6
2isawsome7
2isawsome8
2isawsome9
2awsomeshawn0
2awsomeshawn1
2awsomeshawn2
2awsomeshawn3
2awsomeshawn4
2awsomeshawn5
2awsomeshawn6
2awsomeshawn7
2awsomeshawn8
2awsomeshawn9
2awsomeis0
2awsomeis1
2awsomeis2
2awsomeis3
2awsomeis4
2awsomeis5
2awsomeis6
2awsomeis7
2awsomeis8
2awsomeis9
2awsomeawsome0
2awsomeawsome1
2awsomeawsome2
2awsomeawsome3
2awsomeawsome4
2awsomeawsome5
2awsomeawsome6
2awsomeawsome7
2awsomeawsome8
2awsomeawsome9
3shawnshawn0
3shawnshawn1
3shawnshawn2
3shawnshawn3
3shawnshawn4
3shawnshawn5
3shawnshawn6
3shawnshawn7
3shawnshawn8
3shawnshawn9
3shawnis0
3shawnis1
3shawnis2
3shawnis3
3shawnis4
3shawnis5
3shawnis6
3shawnis7
3shawnis8
3shawnis9
3shawnawsome0
3shawnawsome1
3shawnawsome2
3shawnawsome3
3shawnawsome4
3shawnawsome5
3shawnawsome6
3shawnawsome7
3shawnawsome8
3shawnawsome9
3isshawn0
3isshawn1
3isshawn2
3isshawn3
3isshawn4
3isshawn5
3isshawn6
3isshawn7
3isshawn8
3isshawn9
3isis0
3isis1
3isis2
3isis3
3isis4
3isis5
3isis6
3isis7
3isis8
3isis9
3isawsome0
3isawsome1
3isawsome2
3isawsome3
3isawsome4
3isawsome5
3isawsome6
3isawsome7
3isawsome8
3isawsome9
3awsomeshawn0
3awsomeshawn1
3awsomeshawn2
3awsomeshawn3
3awsomeshawn4
3awsomeshawn5
3awsomeshawn6
3awsomeshawn7
3awsomeshawn8
3awsomeshawn9
3awsomeis0
3awsomeis1
3awsomeis2
3awsomeis3
3awsomeis4
3awsomeis5
3awsomeis6
3awsomeis7
3awsomeis8
3awsomeis9
3awsomeawsome0
3awsomeawsome1
3awsomeawsome2
3awsomeawsome3
3awsomeawsome4
3awsomeawsome5
3awsomeawsome6
3awsomeawsome7
3awsomeawsome8
3awsomeawsome9
4shawnshawn0
4shawnshawn1
4shawnshawn2
4shawnshawn3
4shawnshawn4
4shawnshawn5
4shawnshawn6
4shawnshawn7
4shawnshawn8
4shawnshawn9
4shawnis0
4shawnis1
4shawnis2
4shawnis3
4shawnis4
4shawnis5
4shawnis6
4shawnis7
4shawnis8
4shawnis9
4shawnawsome0
4shawnawsome1
4shawnawsome2
4shawnawsome3
4shawnawsome4
4shawnawsome5
4shawnawsome6
4shawnawsome7
4shawnawsome8
4shawnawsome9
4isshawn0
4isshawn1
4isshawn2
4isshawn3
4isshawn4
4isshawn5
4isshawn6
4isshawn7
4isshawn8
4isshawn9
4isis0
4isis1
4isis2
4isis3
4isis4
4isis5
4isis6
4isis7
4isis8
4isis9
4isawsome0
4isawsome1
4isawsome2
4isawsome3
4isawsome4
4isawsome5
4isawsome6
4isawsome7
4isawsome8
4isawsome9
4awsomeshawn0
4awsomeshawn1
4awsomeshawn2
4awsomeshawn3
4awsomeshawn4
4awsomeshawn5
4awsomeshawn6
4awsomeshawn7
4awsomeshawn8
4awsomeshawn9
4awsomeis0
4awsomeis1
4awsomeis2
4awsomeis3
4awsomeis4
4awsomeis5
4awsomeis6
4awsomeis7
4awsomeis8
4awsomeis9
4awsomeawsome0
4awsomeawsome1
4awsomeawsome2
4awsomeawsome3
4awsomeawsome4
4awsomeawsome5
4awsomeawsome6
4awsomeawsome7
4awsomeawsome8
4awsomeawsome9
5shawnshawn0
5shawnshawn1
5shawnshawn2
5shawnshawn3
5shawnshawn4
5shawnshawn5
5shawnshawn6
5shawnshawn7
5shawnshawn8
5shawnshawn9
5shawnis0
5shawnis1
5shawnis2
5shawnis3
5shawnis4
5shawnis5
5shawnis6
5shawnis7
5shawnis8
5shawnis9
5shawnawsome0
5shawnawsome1
5shawnawsome2
5shawnawsome3
5shawnawsome4
5shawnawsome5
5shawnawsome6
5shawnawsome7
5shawnawsome8
5shawnawsome9
5isshawn0
5isshawn1
5isshawn2
5isshawn3
5isshawn4
5isshawn5
5isshawn6
5isshawn7
5isshawn8
5isshawn9
5isis0
5isis1
5isis2
5isis3
5isis4
5isis5
5isis6
5isis7
5isis8
5isis9
5isawsome0
5isawsome1
5isawsome2
5isawsome3
5isawsome4
5isawsome5
5isawsome6
5isawsome7
5isawsome8
5isawsome9
5awsomeshawn0
5awsomeshawn1
5awsomeshawn2
5awsomeshawn3
5awsomeshawn4
5awsomeshawn5
5awsomeshawn6
5awsomeshawn7
5awsomeshawn8
5awsomeshawn9
5awsomeis0
5awsomeis1
5awsomeis2
5awsomeis3
5awsomeis4
5awsomeis5
5awsomeis6
5awsomeis7
5awsomeis8
5awsomeis9
5awsomeawsome0
5awsomeawsome1
5awsomeawsome2
5awsomeawsome3
5awsomeawsome4
5awsomeawsome5
5awsomeawsome6
5awsomeawsome7
5awsomeawsome8
5awsomeawsome9
6shawnshawn0
6shawnshawn1
6shawnshawn2
6shawnshawn3
6shawnshawn4
6shawnshawn5
6shawnshawn6
6shawnshawn7
6shawnshawn8
6shawnshawn9
6shawnis0
6shawnis1
6shawnis2
6shawnis3
6shawnis4
6shawnis5
6shawnis6
6shawnis7
6shawnis8
6shawnis9
6shawnawsome0
6shawnawsome1
6shawnawsome2
6shawnawsome3
6shawnawsome4
6shawnawsome5
6shawnawsome6
6shawnawsome7
6shawnawsome8
6shawnawsome9
6isshawn0
6isshawn1
6isshawn2
6isshawn3
6isshawn4
6isshawn5
6isshawn6
6isshawn7
6isshawn8
6isshawn9
6isis0
6isis1
6isis2
6isis3
6isis4
6isis5
6isis6
6isis7
6isis8
6isis9
6isawsome0
6isawsome1
6isawsome2
6isawsome3
6isawsome4
6isawsome5
6isawsome6
6isawsome7
6isawsome8
6isawsome9
6awsomeshawn0
6awsomeshawn1
6awsomeshawn2
6awsomeshawn3
6awsomeshawn4
6awsomeshawn5
6awsomeshawn6
6awsomeshawn7
6awsomeshawn8
6awsomeshawn9
6awsomeis0
6awsomeis1
6awsomeis2
6awsomeis3
6awsomeis4
6awsomeis5
6awsomeis6
6awsomeis7
6awsomeis8
6awsomeis9
6awsomeawsome0
6awsomeawsome1
6awsomeawsome2
6awsomeawsome3
6awsomeawsome4
6awsomeawsome5
6awsomeawsome6
6awsomeawsome7
6awsomeawsome8
6awsomeawsome9
7shawnshawn0
7shawnshawn1
7shawnshawn2
7shawnshawn3
7shawnshawn4
7shawnshawn5
7shawnshawn6
7shawnshawn7
7shawnshawn8
7shawnshawn9
7shawnis0
7shawnis1
7shawnis2
7shawnis3
7shawnis4
7shawnis5
7shawnis6
7shawnis7
7shawnis8
7shawnis9
7shawnawsome0
7shawnawsome1
7shawnawsome2
7shawnawsome3
7shawnawsome4
7shawnawsome5
7shawnawsome6
7shawnawsome7
7shawnawsome8
7shawnawsome9
7isshawn0
7isshawn1
7isshawn2
7isshawn3
7isshawn4
7isshawn5
7isshawn6
7isshawn7
7isshawn8
7isshawn9
7isis0
7isis1
7isis2
7isis3
7isis4
7isis5
7isis6
7isis7
7isis8
7isis9
7isawsome0
7isawsome1
7isawsome2
7isawsome3
7isawsome4
7isawsome5
7isawsome6
7isawsome7
7isawsome8
7isawsome9
7awsomeshawn0
7awsomeshawn1
7awsomeshawn2
7awsomeshawn3
7awsomeshawn4
7awsomeshawn5
7awsomeshawn6
7awsomeshawn7
7awsomeshawn8
7awsomeshawn9
7awsomeis0
7awsomeis1
7awsomeis2
7awsomeis3
7awsomeis4
7awsomeis5
7awsomeis6
7awsomeis7
7awsomeis8
7awsomeis9
7awsomeawsome0
7awsomeawsome1
7awsomeawsome2
7awsomeawsome3
7awsomeawsome4
7awsomeawsome5
7awsomeawsome6
7awsomeawsome7
7awsomeawsome8
7awsomeawsome9
8shawnshawn0
8shawnshawn1
8shawnshawn2
8shawnshawn3
8shawnshawn4
8shawnshawn5
8shawnshawn6
8shawnshawn7
8shawnshawn8
8shawnshawn9
8shawnis0
8shawnis1
8shawnis2
8shawnis3
8shawnis4
8shawnis5
8shawnis6
8shawnis7
8shawnis8
8shawnis9
8shawnawsome0
8shawnawsome1
8shawnawsome2
8shawnawsome3
8shawnawsome4
8shawnawsome5
8shawnawsome6
8shawnawsome7
8shawnawsome8
8shawnawsome9
8isshawn0
8isshawn1
8isshawn2
8isshawn3
8isshawn4
8isshawn5
8isshawn6
8isshawn7
8isshawn8
8isshawn9
8isis0
8isis1
8isis2
8isis3
8isis4
8isis5
8isis6
8isis7
8isis8
8isis9
8isawsome0
8isawsome1
8isawsome2
8isawsome3
8isawsome4
8isawsome5
8isawsome6
8isawsome7
8isawsome8
8isawsome9
8awsomeshawn0
8awsomeshawn1
8awsomeshawn2
8awsomeshawn3
8awsomeshawn4
8awsomeshawn5
8awsomeshawn6
8awsomeshawn7
8awsomeshawn8
8awsomeshawn9
8awsomeis0
8awsomeis1
8awsomeis2
8awsomeis3
8awsomeis4
8awsomeis5
8awsomeis6
8awsomeis7
8awsomeis8
8awsomeis9
8awsomeawsome0
8awsomeawsome1
8awsomeawsome2
8awsomeawsome3
8awsomeawsome4
8awsomeawsome5
8awsomeawsome6
8awsomeawsome7
8awsomeawsome8
8awsomeawsome9
9shawnshawn0
9shawnshawn1
9shawnshawn2
9shawnshawn3
9shawnshawn4
9shawnshawn5
9shawnshawn6
9shawnshawn7
9shawnshawn8
9shawnshawn9
9shawnis0
9shawnis1
9shawnis2
9shawnis3
9shawnis4
9shawnis5
9shawnis6
9shawnis7
9shawnis8
9shawnis9
9shawnawsome0
9shawnawsome1
9shawnawsome2
9shawnawsome3
9shawnawsome4
9shawnawsome5
9shawnawsome6
9shawnawsome7
9shawnawsome8
9shawnawsome9
9isshawn0
9isshawn1
9isshawn2
9isshawn3
9isshawn4
9isshawn5
9isshawn6
9isshawn7
9isshawn8
9isshawn9
9isis0
9isis1
9isis2
9isis3
9isis4
9isis5
9isis6
9isis7
9isis8
9isis9
9isawsome0
9isawsome1
9isawsome2
9isawsome3
9isawsome4
9isawsome5
9isawsome6
9isawsome7
9isawsome8
9isawsome9
9awsomeshawn0
9awsomeshawn1
9awsomeshawn2
9awsomeshawn3
9awsomeshawn4
9awsomeshawn5
9awsomeshawn6
9awsomeshawn7
9awsomeshawn8
9awsomeshawn9
9awsomeis0
9awsomeis1
9awsomeis2
9awsomeis3
9awsomeis4
9awsomeis5
9awsomeis6
9awsomeis7
9awsomeis8
9awsomeis9
9awsomeawsome0
9awsomeawsome1
9awsomeawsome2
9awsomeawsome3
9awsomeawsome4
9awsomeawsome5
9awsomeawsome6
9awsomeawsome7
9awsomeawsome8
9awsomeawsome9
shawn0shawn0
shawn0shawn1
shawn0shawn2
shawn0shawn3
shawn0shawn4
shawn0shawn5
shawn0shawn6
shawn0shawn7
shawn0shawn8
shawn0shawn9
shawn0is0
shawn0is1
shawn0is2
shawn0is3
shawn0is4
shawn0is5
shawn0is6
shawn0is7
shawn0is8
shawn0is9
shawn0awsome0
shawn0awsome1
shawn0awsome2
shawn0awsome3
shawn0awsome4
shawn0awsome5
shawn0awsome6
shawn0awsome7
shawn0awsome8
shawn0awsome9
shawn1shawn0
shawn1shawn1
shawn1shawn2
shawn1shawn3
shawn1shawn4
shawn1shawn5
shawn1shawn6
shawn1shawn7
shawn1shawn8
shawn1shawn9
shawn1is0
shawn1is1
shawn1is2
shawn1is3
shawn1is4
shawn1is5
shawn1is6
shawn1is7
shawn1is8
shawn1is9
shawn1awsome0
shawn1awsome1
shawn1awsome2
shawn1awsome3
shawn1awsome4
shawn1awsome5
shawn1awsome6
shawn1awsome7
shawn1awsome8
shawn1awsome9
shawn2shawn0
shawn2shawn1
shawn2shawn2
shawn2shawn3
shawn2shawn4
shawn2shawn5
shawn2shawn6
shawn2shawn7
shawn2shawn8
shawn2shawn9
shawn2is0
shawn2is1
shawn2is2
shawn2is3
shawn2is4
shawn2is5
shawn2is6
shawn2is7
shawn2is8
shawn2is9
shawn2awsome0
shawn2awsome1
shawn2awsome2
shawn2awsome3
shawn2awsome4
shawn2awsome5
shawn2awsome6
shawn2awsome7
shawn2awsome8
shawn2awsome9
shawn3shawn0
shawn3shawn1
shawn3shawn2
shawn3shawn3
shawn3shawn4
shawn3shawn5
shawn3shawn6
shawn3shawn7
shawn3shawn8
shawn3shawn9
shawn3is0
shawn3is1
shawn3is2
shawn3is3
shawn3is4
shawn3is5
shawn3is6
shawn3is7
shawn3is8
shawn3is9
shawn3awsome0
shawn3awsome1
shawn3awsome2
shawn3awsome3
shawn3awsome4
shawn3awsome5
shawn3awsome6
shawn3awsome7
shawn3awsome8
shawn3awsome9
shawn4shawn0
shawn4shawn1
shawn4shawn2
shawn4shawn3
shawn4shawn4
shawn4shawn5
shawn4shawn6
shawn4shawn7
shawn4shawn8
shawn4shawn9
shawn4is0
shawn4is1
shawn4is2
shawn4is3
shawn4is4
shawn4is5
shawn4is6
shawn4is7
shawn4is8
shawn4is9
shawn4awsome0
shawn4awsome1
shawn4awsome2
shawn4awsome3
shawn4awsome4
shawn4awsome5
shawn4awsome6
shawn4awsome7
shawn4awsome8
shawn4awsome9
shawn5shawn0
shawn5shawn1
shawn5shawn2
shawn5shawn3
shawn5shawn4
shawn5shawn5
shawn5shawn6
shawn5shawn7
shawn5shawn8
shawn5shawn9
shawn5is0
shawn5is1
shawn5is2
shawn5is3
shawn5is4
shawn5is5
shawn5is6
shawn5is7
shawn5is8
shawn5is9
shawn5awsome0
shawn5awsome1
shawn5awsome2
shawn5awsome3
shawn5awsome4
shawn5awsome5
shawn5awsome6
shawn5awsome7
shawn5awsome8
shawn5awsome9
shawn6shawn0
shawn6shawn1
shawn6shawn2
shawn6shawn3
shawn6shawn4
shawn6shawn5
shawn6shawn6
shawn6shawn7
shawn6shawn8
shawn6shawn9
shawn6is0
shawn6is1
shawn6is2
shawn6is3
shawn6is4
shawn6is5
shawn6is6
shawn6is7
shawn6is8
shawn6is9
shawn6awsome0
shawn6awsome1
shawn6awsome2
shawn6awsome3
shawn6awsome4
shawn6awsome5
shawn6awsome6
shawn6awsome7
shawn6awsome8
shawn6awsome9
shawn7shawn0
shawn7shawn1
shawn7shawn2
shawn7shawn3
shawn7shawn4
shawn7shawn5
shawn7shawn6
shawn7shawn7
shawn7shawn8
shawn7shawn9
shawn7is0
shawn7is1
shawn7is2
shawn7is3
shawn7is4
shawn7is5
shawn7is6
shawn7is7
shawn7is8
shawn7is9
shawn7awsome0
shawn7awsome1
shawn7awsome2
shawn7awsome3
shawn7awsome4
shawn7awsome5
shawn7awsome6
shawn7awsome7
shawn7awsome8
shawn7awsome9
shawn8shawn0
shawn8shawn1
shawn8shawn2
shawn8shawn3
shawn8shawn4
shawn8shawn5
shawn8shawn6
shawn8shawn7
shawn8shawn8
shawn8shawn9
shawn8is0
shawn8is1
shawn8is2
shawn8is3
shawn8is4
shawn8is5
shawn8is6
shawn8is7
shawn8is8
shawn8is9
shawn8awsome0
shawn8awsome1
shawn8awsome2
shawn8awsome3
shawn8awsome4
shawn8awsome5
shawn8awsome6
shawn8awsome7
shawn8awsome8
shawn8awsome9
shawn9shawn0
shawn9shawn1
shawn9shawn2
shawn9shawn3
shawn9shawn4
shawn9shawn5
shawn9shawn6
shawn9shawn7
shawn9shawn8
shawn9shawn9
shawn9is0
shawn9is1
shawn9is2
shawn9is3
shawn9is4
shawn9is5
shawn9is6
shawn9is7
shawn9is8
shawn9is9
shawn9awsome0
shawn9awsome1
shawn9awsome2
shawn9awsome3
shawn9awsome4
shawn9awsome5
shawn9awsome6
shawn9awsome7
shawn9awsome8
shawn9awsome9
is0shawn0
is0shawn1
is0shawn2
is0shawn3
is0shawn4
is0shawn5
is0shawn6
is0shawn7
is0shawn8
is0shawn9
is0is0
is0is1
is0is2
is0is3
is0is4
is0is5
is0is6
is0is7
is0is8
is0is9
is0awsome0
is0awsome1
is0awsome2
is0awsome3
is0awsome4
is0awsome5
is0awsome6
is0awsome7
is0awsome8
is0awsome9
is1shawn0
is1shawn1
is1shawn2
is1shawn3
is1shawn4
is1shawn5
is1shawn6
is1shawn7
is1shawn8
is1shawn9
is1is0
is1is1
is1is2
is1is3
is1is4
is1is5
is1is6
is1is7
is1is8
is1is9
is1awsome0
is1awsome1
is1awsome2
is1awsome3
is1awsome4
is1awsome5
is1awsome6
is1awsome7
is1awsome8
is1awsome9
is2shawn0
is2shawn1
is2shawn2
is2shawn3
is2shawn4
is2shawn5
is2shawn6
is2shawn7
is2shawn8
is2shawn9
is2is0
is2is1
is2is2
is2is3
is2is4
is2is5
is2is6
is2is7
is2is8
is2is9
is2awsome0
is2awsome1
is2awsome2
is2awsome3
is2awsome4
is2awsome5
is2awsome6
is2awsome7
is2awsome8
is2awsome9
is3shawn0
is3shawn1
is3shawn2
is3shawn3
is3shawn4
is3shawn5
is3shawn6
is3shawn7
is3shawn8
is3shawn9
is3is0
is3is1
is3is2
is3is3
is3is4
is3is5
is3is6
is3is7
is3is8
is3is9
is3awsome0
is3awsome1
is3awsome2
is3awsome3
is3awsome4
is3awsome5
is3awsome6
is3awsome7
is3awsome8
is3awsome9
is4shawn0
is4shawn1
is4shawn2
is4shawn3
is4shawn4
is4shawn5
is4shawn6
is4shawn7
is4shawn8
is4shawn9
is4is0
is4is1
is4is2
is4is3
is4is4
is4is5
is4is6
is4is7
is4is8
is4is9
is4awsome0
is4awsome1
is4awsome2
is4awsome3
is4awsome4
is4awsome5
is4awsome6
is4awsome7
is4awsome8
is4awsome9
is5shawn0
is5shawn1
is5shawn2
is5shawn3
is5shawn4
is5shawn5
is5shawn6
is5shawn7
is5shawn8
is5shawn9
is5is0
is5is1
is5is2
is5is3
is5is4
is5is5
is5is6
is5is7
is5is8
is5is9
is5awsome0
is5awsome1
is5awsome2
is5awsome3
is5awsome4
is5awsome5
is5awsome6
is5awsome7
is5awsome8
is5awsome9
is6shawn0
is6shawn1
is6shawn2
is6shawn3
is6shawn4
is6shawn5
is6shawn6
is6shawn7
is6shawn8
is6shawn9
is6is0
is6is1
is6is2
is6is3
is6is4
is6is5
is6is6
is6is7
is6is8
is6is9
is6awsome0
is6awsome1
is6awsome2
is6awsome3
is6awsome4
is6awsome5
is6awsome6
is6awsome7
is6awsome8
is6awsome9
is7shawn0
is7shawn1
is7shawn2
is7shawn3
is7shawn4
is7shawn5
is7shawn6
is7shawn7
is7shawn8
is7shawn9
is7is0
is7is1
is7is2
is7is3
is7is4
is7is5
is7is6
is7is7
is7is8
is7is9
is7awsome0
is7awsome1
is7awsome2
is7awsome3
is7awsome4
is7awsome5
is7awsome6
is7awsome7
is7awsome8
is7awsome9
is8shawn0
is8shawn1
is8shawn2
is8shawn3
is8shawn4
is8shawn5
is8shawn6
is8shawn7
is8shawn8
is8shawn9
is8is0
is8is1
is8is2
is8is3
is8is4
is8is5
is8is6
is8is7
is8is8
is8is9
is8awsome0
is8awsome1
is8awsome2
is8awsome3
is8awsome4
is8awsome5
is8awsome6
is8awsome7
is8awsome8
is8awsome9
is9shawn0
is9shawn1
is9shawn2
is9shawn3
is9shawn4
is9shawn5
is9shawn6
is9shawn7
is9shawn8
is9shawn9
is9is0
is9is1
is9is2
is9is3
is9is4
is9is5
is9is6
is9is7
is9is8
is9is9
is9awsome0
is9awsome1
is9awsome2
is9awsome3
is9awsome4
is9awsome5
is9awsome6
is9awsome7
is9awsome8
is9awsome9
awsome0shawn0
awsome0shawn1
awsome0shawn2
awsome0shawn3
awsome0shawn4
awsome0shawn5
awsome0shawn6
awsome0shawn7
awsome0shawn8
awsome0shawn9
awsome0is0
awsome0is1
awsome0is2
awsome0is3
awsome0is4
awsome0is5
awsome0is6
awsome0is7
awsome0is8
awsome0is9
awsome0awsome0
awsome0awsome1
awsome0awsome2
awsome0awsome3
awsome0awsome4
awsome0awsome5
awsome0awsome6
awsome0awsome7
awsome0awsome8
awsome0awsome9
awsome1shawn0
awsome1shawn1
awsome1shawn2
awsome1shawn3
awsome1shawn4
awsome1shawn5
awsome1shawn6
awsome1shawn7
awsome1shawn8
awsome1shawn9
awsome1is0
awsome1is1
awsome1is2
awsome1is3
awsome1is4
awsome1is5
awsome1is6
awsome1is7
awsome1is8
awsome1is9
awsome1awsome0
awsome1awsome1
awsome1awsome2
awsome1awsome3
awsome1awsome4
awsome1awsome5
awsome1awsome6
awsome1awsome7
awsome1awsome8
awsome1awsome9
awsome2shawn0
awsome2shawn1
awsome2shawn2
awsome2shawn3
awsome2shawn4
awsome2shawn5
awsome2shawn6
awsome2shawn7
awsome2shawn8
awsome2shawn9
awsome2is0
awsome2is1
awsome2is2
awsome2is3
awsome2is4
awsome2is5
awsome2is6
awsome2is7
awsome2is8
awsome2is9
awsome2awsome0
awsome2awsome1
awsome2awsome2
awsome2awsome3
awsome2awsome4
awsome2awsome5
awsome2awsome6
awsome2awsome7
awsome2awsome8
awsome2awsome9
awsome3shawn0
awsome3shawn1
awsome3shawn2
awsome3shawn3
awsome3shawn4
awsome3shawn5
awsome3shawn6
awsome3shawn7
awsome3shawn8
awsome3shawn9
awsome3is0
awsome3is1
awsome3is2
awsome3is3
awsome3is4
awsome3is5
awsome3is6
awsome3is7
awsome3is8
awsome3is9
awsome3awsome0
awsome3awsome1
awsome3awsome2
awsome3awsome3
awsome3awsome4
awsome3awsome5
awsome3awsome6
awsome3awsome7
awsome3awsome8
awsome3awsome9
awsome4shawn0
awsome4shawn1
awsome4shawn2
awsome4shawn3
awsome4shawn4
awsome4shawn5
awsome4shawn6
awsome4shawn7
awsome4shawn8
awsome4shawn9
awsome4is0
awsome4is1
awsome4is2
awsome4is3
awsome4is4
awsome4is5
awsome4is6
awsome4is7
awsome4is8
awsome4is9
awsome4awsome0
awsome4awsome1
awsome4awsome2
awsome4awsome3
awsome4awsome4
awsome4awsome5
awsome4awsome6
awsome4awsome7
awsome4awsome8
awsome4awsome9
awsome5shawn0
awsome5shawn1
awsome5shawn2
awsome5shawn3
awsome5shawn4
awsome5shawn5
awsome5shawn6
awsome5shawn7
awsome5shawn8
awsome5shawn9
awsome5is0
awsome5is1
awsome5is2
awsome5is3
awsome5is4
awsome5is5
awsome5is6
awsome5is7
awsome5is8
awsome5is9
awsome5awsome0
awsome5awsome1
awsome5awsome2
awsome5awsome3
awsome5awsome4
awsome5awsome5
awsome5awsome6
awsome5awsome7
awsome5awsome8
awsome5awsome9
awsome6shawn0
awsome6shawn1
awsome6shawn2
awsome6shawn3
awsome6shawn4
awsome6shawn5
awsome6shawn6
awsome6shawn7
awsome6shawn8
awsome6shawn9
awsome6is0
awsome6is1
awsome6is2
awsome6is3
awsome6is4
awsome6is5
awsome6is6
awsome6is7
awsome6is8
awsome6is9
awsome6awsome0
awsome6awsome1
awsome6awsome2
awsome6awsome3
awsome6awsome4
awsome6awsome5
awsome6awsome6
awsome6awsome7
awsome6awsome8
awsome6awsome9
awsome7shawn0
awsome7shawn1
awsome7shawn2
awsome7shawn3
awsome7shawn4
awsome7shawn5
awsome7shawn6
awsome7shawn7
awsome7shawn8
awsome7shawn9
awsome7is0
awsome7is1
awsome7is2
awsome7is3
awsome7is4
awsome7is5
awsome7is6
awsome7is7
awsome7is8
awsome7is9
awsome7awsome0
awsome7awsome1
awsome7awsome2
awsome7awsome3
awsome7awsome4
awsome7awsome5
awsome7awsome6
awsome7awsome7
awsome7awsome8
awsome7awsome9
awsome8shawn0
awsome8shawn1
awsome8shawn2
awsome8shawn3
awsome8shawn4
awsome8shawn5
awsome8shawn6
awsome8shawn7
awsome8shawn8
awsome8shawn9
awsome8is0
awsome8is1
awsome8is2
awsome8is3
awsome8is4
awsome8is5
awsome8is6
awsome8is7
awsome8is8
awsome8is9
awsome8awsome0
awsome8awsome1
awsome8awsome2
awsome8awsome3
awsome8awsome4
awsome8awsome5
awsome8awsome6
awsome8awsome7
awsome8awsome8
awsome8awsome9
awsome9shawn0
awsome9shawn1
awsome9shawn2
awsome9shawn3
awsome9shawn4
awsome9shawn5
awsome9shawn6
awsome9shawn7
awsome9shawn8
awsome9shawn9
awsome9is0
awsome9is1
awsome9is2
awsome9is3
awsome9is4
awsome9is5
awsome9is6
awsome9is7
awsome9is8
awsome9is9
awsome9awsome0
awsome9awsome1
awsome9awsome2
awsome9awsome3
awsome9awsome4
awsome9awsome5
awsome9awsome6
awsome9awsome7
awsome9awsome8
awsome9awsome9
