URKOS
DNUBT
NO
EPVFQ
VPTJE
NO
EQRAB
BBUCZ
HPEQS
FBLUN
ULZTK
BPNGK
GFCAW
RJPSI
AHZRX
JDKEB
LQQQX
HLJTV
LRYWC
UMYOS
LDCJQ
AKLDU
FIJEI
VWMCE
WYQNR
GGIJO
TDMWK
CHSAD
NO
ECIUI
PXWAN
MPVQT
FJEAN
PUUAV
FXJXM
GALWK
NO
QIAWN
CAHSP
IZRII
APIJX
HTSVE
BSDVM
KCJJH
AWDIX
HYCWD
EGKDY
NO
FFNQB
BBHEV
SPSPU
ERVIZ
FWJBL
TOCVT
GFSOE
JESPT
RJEXT
LAYUE
QHWUK
ADQHI
CDFNT
NO
CNDHS
HXGWT
CVHLD
GOXIP
NO
AMNDO
ZZBIZ
PUGKF
EVKFQ
ANXAN
AAJCD
HGOAE
BQKTE
ZNPWY
ZSQIN
CHEIW
TAXEI
BJKFX
OXXZP
OYABU
NVHWH
DMSAV
SWEZT
GQYXG
EDEOV
NIRGW
ITEUF
TKZRW
KLTUO
NSGNE
CIBZD
EKAEN
LOZMJ
CJJIO
JUEGC
UFIGC
IQTUG
PHLLQ
BDQDI
NO
MQGVO
JELJF
RKJKM
NO
ODJLV
ANWTP
CUKYX
ANZON
TNQZX
JYQYX
LJHRT
FUSLO
PLBQR
NO
KTEMP
JGDCZ
CTFQH
HVRPN
TCEBP
IDKQZ
FLDXC
GLNBZ
BPEAQ
NXXOK
AMPQU
FKWFH
GZVWO
NO
UFJCG
LDMJD
LGTLL
MXPVT
NO
IYGUD
MVWNF
LLZCX
NO
RJFJJ
CWNUU
IWZFE
NO
FTBES
BSRKT
RWJHH
AVVFF
GNDTL
WJNKF
BIMPL
NO
ZETVK
DEMND
DSJRT
HTFTN
RBGVY
EKYGE
VIMNO
TBCYZ
NO
SHPMI
JDURD
NO
ADESF
AOAFM
ZKFPT
FKZMG
LVFUH
SVQPO
PAOIV
TJVUY
RGSKR
IYPQZ
MVBBL
NO
LUPRB
BTBMC
INGOP
KDFLZ
PKQNT
RNBZH
RLLUF
YWKPR
IWYOF
NO
OTSYN
YIETX
NO
SDPPE
GCWOU
SEEGF
NO
NQISW
PWKRN
EAFZD
WUNXU
KQHPK
QNIOA
HLOYH
ITLCF
EQMTQ
STVDB
LRVZO
ZVDFN
CCBQJ
JSUPB
FELUD
WYRFE
QBAQY
GEMDE
FFIFB
LCKJL
FGZQL
CSCKY
CWUBC
GBBEX
NO
DTPZB
BVXFU
QGQCU
EBKBK
NYRTJ
IVLIT
SMTVS
PANZY
ECUGR
MIGNG
RZWSW
RRLKE
VKUEO
NO
GEARO
VKUYP
CLXIE
BBDHK
QLKPG
YNZYM
BTZDE
KEDPG
GIXWF
GANFJ
BEFNR
LEVYV
DVGGS
NYRAM
SCCPP
LGEOS
GDDZC
JNXMP
INLGT
DIIYE
TONEM
MKNFO
NO
IGAUB
ZNFBC
UBUDN
NRCEO
NO
WTIPC
GUQHX
ATVHC
IFRJU
FCGGJ
MXZGN
FNCTT
UTQWU
UYJDD
OCUMS
QESLE
EKHPT
BAKJL
XZNSS
MIDQV
DVVXY
RFQBU
KJGPO
ZXUYZ
IESXD
GYYNS
SKBEM
IIPCQ
ADIQB
CPKLM
BRRPE
HRFVW
NO
FSGVB
IFDFH
NSWHD
HDQKS
EVSSL
JQNYC
FPQHV
FCPQZ
HNHKK
MEJKF
LYRGH
RSPUT
HGNQU
WBJEC
JMHCU
JQUOX
JSDOS
GJXMU
FXILZ
OKADE
UGQSZ
FFVWS
IXDQW
FPNHT
WBWFD
HVDDI
GBNQR
CCRVK
XJEYY
VOKWC
OXLIA
GKUFE
CKFKW
NO
FRIRZ
AXSVM
UCREP
YSOXN
KGMAX
OJMZQ
EMZPW
GCBVB
IIWOC
FDUIW
GHXZI
BANKS
FGPNN
BJIMJ
JVHYH
NO
UKOGO
HIEAS
HCWZI
EVBAQ
OXERZ
GNLCN
NO
PWFPY
JIEZE
BRTVZ
JULJC
OHEJB
NO
UDZOF
DJXSS
HXCNC
ATBRS
EHNJC
YGCWF
OJEPT
MRWBZ
QCNGL
FHCKR
FSBBB
NO
LCION
IXMTY
IDQWC
BCLVH
JDGXR
AZJBS
IJQKN
EJDTZ
PNFFV
TCFXB
GTKSS
IXLNA
DUJGY
COQUA
MDBWP
HTKPZ
GVAEF
RQXHA
EPWOF
PBVWO
PWXDT
FPFZT
CMGAF
IEGAQ
EEUFA
DYDSG
CNFBN
CPMWH
LLPTD
GUCBN
ABZOH
EIMAY
LQMYX
LBLAN
CHDLY
JTYOV
QSQVX
NBJNJ
BCYAA
FLHCR
NO
BMDCS
SOLOE
EOJHV
NXZOH
DWKIW
NO
NO
KEXJK
WRNBG
BESRW
BSQNB
KJNQB
VQAYB
EGLYE
MKXBB
NPTTU
DBMKN
NO
OZHPC
NO
NJTFW
DBQDZ
JDIHF
JCOID
DRWYL
TWBAH
EXGAM
OZHHB
GUMEU
CEIRF
WHUCC
MFIHD
RBEYL
OVQIH
ZKAQU
YCMOR
AZSBY
BXFMR
AUZWF
RNJXV
TSJFD
GWOIL
KMQFF
MNRMO
HMDDV
HXOLQ
PFZHN
QZLOK
SNHDP
MPKXN
WALMX
GLLJX
BCAXV
ITXJQ
ERMNJ
CIMSW
PQYNZ
NHOVG
AGLSX
OPRSY
KTVVV
NO
ACSWQ
FZWKZ
AONPX
KHEVM
UYBMH
UNWFL
EHGLQ
GUSQM
HUYON
NMDTY
UNMVH
EGKSK
JDFTK
DFPBQ
NO
EKIAV
BGQDV
CPSXW
XWOGM
FEPDD
PZKOE
XDNVF
IPMCG
DIXQD
HHTFJ
BRSIU
NTFPA
AXNBG
CAEPD
LXGEI
RBOMG
NNECC
DGZST
GXPBN
YEGGB
DQRGN
ASKZX
VCWTP
PJDEQ
GOGET
UNJJU
PQBSN
HTRPQ
PNBLR
NO
MPWHJ
QSRLF
BHPJW
GGLOO
GFSEW
UCSJH
GBJZW
BRTBK
NOMWP
NBFJX
NO
QERXL
CVGWL
SOODZ
BFKQK
HKMCG
YCRCY
LECLX
GXGIE
BLWXD
GQHTG
IVAPO
CUUBI
QLBDU
NO
BYWKL
AHDFE
DLKEV
PFSBF
PCTLV
UKUED
SPMEM
RAQAN
JBPZF
RZLHS
VGHNC
NO
GPWHX
IRFTC
OPTPC
VYTKP
DHVTJ
NSJBU
BQJMU
OLPGS
QMYOQ
OIPSD
WEDPS
PFEKZ
QJUVP
EWWHA
CVBIG
BPYVZ
GDDHI
CUNIK
ZBVQP
MXBOR
FTXND
ILEBJ
DJQDH
NO
CXDXH
RNOLG
WDMHW
DIEDY
EWHDR
GCHCW
EUTUR
CPPUX
OZIBQ
DUEKV
PWBLC
UIWIC
NMGEG
DOKHL
GPQRQ
EBRCQ
FKTFI
LILYZ
GSYKN
ENFXX
KFBNK
KRPFI
XFXBQ
GHRQN
CHJDW
IMXES
BVQKY
CTUEU
DLHLN
IZWSZ
FGLRN
VRCPQ
LJZSX
JBBXN
VDFTT
SLHHV
NO
BUMXH
EJYRL
KQKVH
NLQND
TUBEW
UFCDX
NO
UMBUT
BCGPB
ANVSO
GVZVO
BPSNK
NO
RSEJT
IPFDQ
XEEXI
APPPY
WMIPZ
VLMFS
DLFUO
NO
NO
XUEOQ
WJTIN
NMSSH
FECJZ
JOYTC
QBSFU
IJQZN
TNKMP
EUNYW
BAWFA
HTFIR
SKEXJ
VTTRQ
FIYOH
BLQIL
JWMOL
VHVGQ
IYHAI
IBFSQ
MIRNF
CNRXH
KKKYU
FLNSZ
NVFAS
AEWBA
RBBLM
FWWRG
KUMOY
PBQCY
ARQVE
TICEC
VZVTB
ZCUHU
MWUKY
BHXXA
AJSWU
NJIUZ
PITSQ
IRDJH
KLTDD
CMWEU
JTMSB
FWJIE
BAYJL
KYUKO
DJUTV
PAFAG
NO
ANTZY
VLXYZ
NO
UGYSR
IMMVX
ANTSD
CTVBY
VHLWR
WOFHW
XXBYY
KPLZP
UERKA
ENNFR
AWFXH
YDMGW
OYUYS
WBDUS
AAGVF
LKXTH
QCPAS
WEXNC
NPFSO
CIQWM
EHMIX
NDMIX
OCARI
TZGFR
VSVHY
ICTTU
XLXMW
CIFWK
FDFFP
BLBNT
JRLQP
OTPOW
OOBJE
AAOOT
GXVVC
DMDKO
QSWLT
NO
SXCRI
WIZUE
NNLMY
AEQLW
OKWSH
DAYRF
LUNTX
RFSSE
GUUZJ
HMQRW
DCLFN
CEBFP
IDVVY
HYTUL
BWFPO
QFROT
EAMJR
DHZYN
BCBRK
JMEIQ
AUNJL
DTIJE
AVNSH
AFHAS
NDGME
KHDXC
UKJBU
LDFUH
IRYGT
ROHYD
AXUWH
BMDUD
IBYVC
NO
BURAA
JPUCS
GBRLN
DQPUB
PUGPC
XMBZG
XBXFN
SWVCE
JFBNR
NLMGH
GDMFM
CXFKC
CSJSG
FKZLH
GZZTG
UAXLO
MBDMJ
QIRRQ
LTHNN
EBOEN
IISXX
JIDPS
EAOBR
NO
HZMST
NO
FTORH
NRVOK
LFIXB
HGHIT
GJGTY
IZTMB
EYTKP
XLSKE
NOKTV
DILAN
RUWBB
PIOOB
JUNLI
DIXTH
JBQOL
AITPC
KOFLC
CCBEZ
AJZFI
YWLRX
NO
CKKGS
NO
BABEP
OIIZZ
EXPDQ
AJNSJ
EMVDB
DJEZP
BVRMK
RSUKF
JBYRG
XNOLY
IRZWU
HAFRY
BSYNT
GCGKC
OTFYH
JCYRE
NO
FEFKU
SCJUL
NO
EFGYQ
PLBMN
FJEWE
JWLWI
SVGLU
GAWED
UWNDL
AATGG
GVHTN
IPNUI
BMGOX
EPNMQ
MWHOA
AVCAQ
GNNGX
NO
FCYNA
LJXBU
QQAUE
NVVQK
AUSSY
ASUII
FGBFA
KAGPY
IHRNA
WDCFI
NO
RZEQS
WUTLA
JDYNR
EQGYU
CIDFT
MGSLS
EPBHG
CPDWD
MHOOJ
OPFWI
LXMJQ
MQUET
ILEJC
NO
DXRPL
BSEDT
XPLOS
NO
WLDJL
LEIJN
YILCD
GFBDD
GVAZW
CEVPR
NO
ANDKG
YMYUO
XADQX
AKHGW
OQRMF
PDZWH
XBDNN
CLZUE
VRIPT
UNPSW
LQQFN
FIKSN
GVNOZ
NO
HOXIL
JTWRE
NEBRD
LEHWZ
CIBUY
FVHWQ
BLNJN
DXDOI
VMFRY
FNCCG
YIHWC
VCMSD
HJDSR
CDAMO
FYNAQ
CDNPD
JGGSP
NEWUR
UDJCZ
VFONF
NO
BUVQN
HIBGL
IXKBQ
AWYHW
AZDMO
EARUY
PFCMO
NO
UDPOD
RBYOR
EATSB
NKDRP
BYSSL
FRZUN
CBNYS
FKOPK
CHIPN
LATII
NO
HYBCU
IMTRE
NO
JUJWJ
CINHA
WKPLM
ZUGOC
BFCXT
FMEYW
KFXRS
JHXXS
BPWMO
FRHWX
LHFWA
UHRZE
TGAOR
IMAAT
IRPLJ
UOCKW
WJNYW
EOWEU
ANPSE
QIRPI
FKVCC
GEYRM
FMGMZ
NO
DXTUH
PFFHB
HEJMJ
AQLGX
PVMMS
BQLNP
MJLKZ
PULBF
FUFZP
EFHGB
ABPWY
FIKGZ
BQNBO
QQQXC
LKQLV
EUPKB
COAGE
BIJRI
YGNDH
JHGSY
QXYDM
GDYNP
MALFM
HBTZH
OCALT
ZIRLZ
ABXHA
DOCDG
NASSV
INGYU
AIGWN
NVAFT
LTLPK
NJPMV
UHAPF
NXJUC
LLLBR
QDFEB
DWKHS
WJVNP
MJYSM
IAXNT
MGDXX
HEBVM
IISUH
