0
522115831195
8528581302375
135
3087735
18028182516671
301384802048
0
464505949
541946240
0
7206841706490
5371315400
831820
4409876195361
330495499613
451276
26015
0
0
0
362326859895
819876908323
0
0
1
0
239943
197726516681672
118114304
44583
66493182097
670448123060170
0
1741630
2168627105469
313891991306665
51820051838712
3652430836071053
24908858009
1667727283323
896684817527
2012558
0
6486674127079088
0
4328363658647
4219388528587095
228204732751
197726516681672
0
2366022741845
9289091
10085065885767
1527273599606
0
0
0
281589
304801365
1
0
129913904637
37561133582570
625846753120
459545750448675
330495499613
3087735
313891991306665
0
831820
0
0
0
338854264248680
0
3345365983698
0
0
0
0
0
15065878135
0
3087735
0
3002751262
0
58
670448123060170
25025873760111
0
0
0
0
9251817042228428
0
37561133582570
342325709
0
0
1280011042268
0
556200798786856
1741630
0
0
33549419497
2552338241
749474411781
980462880430
66493182097
0
3010
0
618070563188781
2938929793929555
49686288421
1309033308248772
34643126322519
2667852411139
16601598107914
56634173
11097645016
819876908323
3652430836071053
0
0
0
77
0
621837412997927
365749566870782
0
6965850144195831
82010177
54770336324
207890420102
60806135438329
0
7089500
0
89134
0
11
2168627105469
0
534715062908609
0
1398341745571
0
5590088317495
30
16601598107914
431149389
355787129033
22540654445
304801365
1255
1
0
4012728681355
7840656226137
63261
169296722391554
40718063627362
1667727404093
1
2422514271758
2841940500
172389800255
463004205765247
602318715
819876908323
26015
0
3519222680
8030248384943040
51820051838712
1071823774337
722760953690372
0
849566694648
71304185514919
435157697830
0
182973889854026
290726957916112
614154
4219388528587095
3397584011986773
3646072432125
435157697830
23061871168086
126527740
147273
15796476
495741934760846
0
15796476
34262962
476715857290
118159068427
621837416509615
0
0
329931
20506255
0
2040825852575075
7475117584568503
11916681236278
27517052599
483502844
82010177
0
0
197726516680988
21248279009367
281589
722760953690372
10963707205259
0
88751778802
22540654445
3397584011986773
150198136
670448123060170
304801365
1255
1064144451
8149040695
12292341831
14883
8349
133978259344888
10963707205259
27517052599
0
0
749474411781
0
269232701252579
0
23338469
189334822579
44583
274768617130
571701605655
64112359
6842
118156920993
80630964769
980462880430
73232243759
0
385
8528581302375
3646072432125
451501
715220
0
966467
385
64325
13610949895
974834369944625
9035836076
0
0
3087735
1520844193486722
0
0
40718063627362
2323520
3345365983698
1280011042268
241265379
6486674127079088
2366022741845
15
28629
5392783
16601598107914
0
670448123060170
0
8528581302375
21248279009367
142798995930
0
0
0
329931
239943
20506255
0
47826239745920
297
7757435639
26543660
0
6842
0
21248279009367
249291451168559
10143
670448123060170
20390982757
715220
63934389
0
13848650
0
5964539504
15796476
313891991306665
0
0
0
459545750448675
22540654445
0
4534253126900886
0
6085253859260
1121505
45060624582
34643126322519
0
313891991306665
0
0
18440293320
0
3652430836071053
11097645016
4841062
120992356
1312051800816215
839611730366814
0
3718
1050197489931117
231
0
0
534715062908609
715220
0
0
101
0
2732239657188114
2012558
0
3163127352
0
189334822579
197726516681672
189334822579
20390982757
3068829878530
0
0
3087735
44583
1280011042268
0
6039763882095515
1131238503938606
0
329931
53174
0
1171432692373
44132934884255
19573856161145
82010177
75175
281589
21248279009367
0
2679689
97662728555
0
80630964769
97662728555
338854264248680
9035836076
625846753120
0
12950095925895
2168627105469
373
269232701252579
0
627
301384802048
89134
1121505
14070545699287
1844349541
9296
330495499613
362326859895
2841940500
10619863
2732873183547535
0
0
19573856161145
26015
1171432692373
0
51820051838712
271248950
271248950
0
30167357
1762278433057269
34751159
571701605655
5134205287973
483502844
0
0
435743897382548
6461410000570047
54770336324
0
526823
0
4714566886083
82010177
9253082936723602
0
0
9035836076
49686288421
0
526823
40853235313
281589
2580840212973
44132934884255
0
3163127352
4508
5234371069753672
999764335
4351078600
437364957082237
2938929793929555
0
974834369944580
362326859895
881650031
476715857290
182973889854026
0
0
1653668665
0
38887673
0
338851589459292
1412749565173450
107438159466
182973889854026
12950095925895
0
250438925115
2841940500
435157697830
2012525
0
8030248384943040
23061871173849
15796476
1844349560
56138148670947
43820
1188908248
6622987708033
0
27152408925615
2841940500
526823
11916681236278
38887673
0
27517052599
16670689208
0
772078097
4351078600
133978259344888
1071823774337
1820701100652
0
5392783
425933084409356
0
3068829878530
342325709
20506255
0
0
0
133978259344888
90436839668817
2580840212973
4328363658647
8349
89134
3345365983698
0
1538607253481
45060624582
0
386155
20506255
483502844
3087735
129913904637
831820
779050629562167
1866379627544525
16670689208
0
18028182516671
82010177
0
397125074750
621837416509615
118114304
0
1398341745571
1741630
4565
107438159466
60356673280
5604
495741934760846
0
0
0
0
0
425933084409356
0
1327710076
0
5670248
394723676655357
0
0
0
1171432692373
0
1300156
49615461935
0
26015
42
1312051800816215
77195892663512
214481126
576672674947168
0
541946240
0
1958
0
75175
0
4565
3
81156
30
204226
12132164
7037075698383
679903203
5234371069753672
14883
26015
2679689
0
0
31185
621837416509615
0
5622992691950605
0
5371315400
301384802048
0
1
0
5604
0
1896564103591584
1050197489931117
394723676655357
8528581302375
228204732751
0
2552338241
60356673280
92669720
0
15
0
168035854875
0
1667727404093
495741934760846
5604
19
0
27517052599
0
30
0
90436839668817
0
1983875469651
239943
0
0
190569292
4087968
0
495741934760846
0
0
25025873760111
0
0
24908858009
0
25965986
607163746
6965850144195831
16601598107914
749474411781
7089500
1412749565173450
1121505
13848650
2580840212973
7479565078510584
44132934884255
13848650
2674789388
0
0
5134205287973
12
2580840212973
215308
44132934884255
526823
4534253126900886
129913904637
0
2814570987591
2679689
204226
176
0
73232243759
97862933703585
6483930342460333
6085253859260
980462880430
1
4697205
0
1520980492851175
144867692496445
896684817527
329912
1327710076
54770336324
0
1520980492851175
0
0
0
0
34643126322011
330495499613
1071823774337
11916681236278
0
31185
172389800255
135
4087968
304801365
9275102575355
27517052599
0
2168627105469
0
15796476
3550839
65851585970275
304801365
576672674947168
14070545699287
64112359
0
1255
156618412527946
0
5590088317495
1
0
2
0
26015
40853235313
362326859895
0
0
0
490
141227966
204214336197
4841062
3519222692
4351078600
3913864295
0
0
0
0
904760108316360
0
65851585970275
3397584011986773
37561133582570
0
23338469
12950095925895
0
169229875
7346629512
0
153095613416
281589
3652430836071053
0
13998452003217
77195892663512
0
44132575841804
1121505
3345365983698
508
0
1131238503938606
1064144451
34262962
0
63261
63261
1653668665
1412749565173450
1844349560
896684817527
819876908323
0
11097645016
304801365
97862933443694
60806135438329
7
147273
627
2
3282585384
73232243759
330495499613
4872038056472084
10963707205259
0
27517052599
71304185514919
0
1482074143
22172275439
19573856161145
3646072432125
966467
5590088317495
0
0
7089500
483502844
1637293969337171
0
359037943
1064144451
397125074750
12132164
0
0
8349
607163746
13848650
2147434
0
431149389
2362219145337711
0
0
2147434
169229875
3913864295
15285151248481
88751778802
3718
0
1188908248
779050629562167
26015
779050629562167
2984865
3163127352
0
495741934760846
1820701100652
0
451276
0
133978259344888
23061871173849
16601068323006
218896751280658
0
15796476
26015
2814570987591
1198145383824657
0
0
0
60356673280
66074352518361
15285151248481
18440293320
8528581302375
0
0
0
20390982757
0
25025873755892
2012558
5964539504
25117
3397584011986773
133230930
4565
0
2552338241
1482074143
904760108316360
6622987708040
576672674947168
9253082936723602
101
0
6486674127079088
621837416509615
274768617130
0
0
522115831195
6842
231
97862933703585
0
451276
0
0
105882246722733
64112359
9275102575355
966467
0
101
2938929793929555
20506255
0
0
5964539504
541946240
1594870173408273
124754
250438925115
0
0
1896564103591584
0
425933084409356
0
274768165629
53174
329931
365749566870782
476715857290
49995925
0
20506255
0
0
0
0
230793554364681
15065878135
18440293320
18440293320
0
0
397125074750
460915
0
0
21248279009367
0
0
490
124754
1820701100652
0
3
0
0
0
0
0
11097645016
0
21637
44132934884255
239943
66493182097
79870168785007
147273
0
588847290195887
0
0
156919475295
53174
0
228204732751
0
14070545699287
250438925115
0
177970
0
2323520
37561133582570
1064144451
0
0
0
63261
534715062908609
11
3160137867148997
0
722760953690372
133230930
7206841706490
6965850144195831
2580840212973
0
0
3010
213636919820625
11097645016
0
0
142798995930
451276
571701605655
0
313858296867470
104651419
522115831195
11732
0
394723676655357
0
7840656226137
12310
169296722391554
169229875
0
0
8349
34262962
22411641
3087735
679903203
60356673280
11097645016
0
0
290726957916112
71304185514919
0
1958
384276336
0
73232243759
38887673
0
490
3554345
0
27151806606900
0
182973889854026
26015
31946390696157
3913864295
0
34643126322519
13829284
21248279009367
476715857290
1300156
105558
2040825852575075
670448123060170
0
792
749474411781
105882246722733
670448123060170
1131238503938606
0
0
0
92669720
90436835542975
4219388528587095
231
22540654445
715220
0
0
30
330495499613
0
195
0
1327710076
1121505
397125074750
0
4534253126900886
0
4626722052925
0
190569292
1188908248
13610949895
0
831820
8528581302375
92669720
4087968
147273
44583
144867692496445
0
330495499613
3068829878530
365749566870782
1171432692373
169296722391554
0
0
4534253126900886
4835271870
65837813647055
0
0
10619863
2732873183466379
63261
3646072432125
0
23338469
0
8030248384943040
0
1844349560
0
779050629562167
0
0
0
118159068427
38887673
0
0
0
11
6842
44108102
0
679903203
0
0
614154
64112359
2056148051
16670689208
2012558
2938929793929555
0
2012558
980462880430
49686288421
0
1653668665
8349
114540884553038
2168627105469
476715857290
189334822579
1741630
1398341745571
0
30388671978
15
0
4508
83561103925871
0
0
0
56634173
6620830889
13610949895
47443512535144
33549419497
0
0
0
0
7167583929632911
904760108316360
3972999029388
8118264
1
0
44108109
6486674127079088
0
0
17977
34262962
0
0
0
4328363658647
0
342325709
3010
779049346368766
0
1312051800816215
715220
0
0
30167357
3345365983698
290726957916112
779050629562167
0
0
0
11916681236278
92669720
779050629562167
3010
0
150198136
0
59766706800303
0
670448123060170
5590088317495
8349
290726957916112
5763
0
0
10085065885767
133978259344888
0
7840656226137
301384802048
0
13848650
1312051800816215
11916681236278
365749566870782
0
476715857290
952050665
3925922161489422
1171432692373
18440293320
2056148051
0
0
0
0
3397584011986773
365749566870782
0
3163127352
30
10015581680
2679689
73232243759
2040825852575075
0
0
1121505
779050629562167
104651419
0
0
0
3790761402
1327710076
0
124754
0
114540884553038
1820701100652
7089500
576672674406533
0
214481126
89134
338854264248680
684957390936
0
334591019530
15065878135
0
0
0
189334822579
204226
60356673280
213636919820625
40853235313
3163127352
2580840212973
2540952590045698
2436
207890420102
4697205
0
0
89282846036
2552338241
0
18028182516671
30388671978
0
0
0
22540654445
0
17977
0
3972999029388
10143
18440293320
3087735
17977
0
5622992691950605
839611730366814
26015
8149040695
5371315400
250438925115
1844349560
0
0
34643126322519
13610949895
5956778650
53174
24908858009
104651419
31946390696157
118114304
15285151248481
3913864295
0
0
3345365983698
12132164
0
10566509
1
31185
133230930
29454549941555
1762278433057269
0
269232701252579
722760953690372
974834369944625
2323520
0
3913864295
1741630
0
118114304
0
2323520
0
64112359
1
7
7078026420604
105759558539813
0
169229875
290726956620141
6622987708040
6965850144195831
59225623923932
8475701742019
384276336
621765318540355
0
24961123210632
0
330495499613
1817503
376326
397125074750
0
172389800255
3017038171
75175
12265
839611730366814
0
0
18004327
150198136
0
0
228204732751
0
16601598107914
133978259344888
1188908248
0
0
483502844
129913904637
82010177
23338469
435157697830
56810148925
749474411781
105558
169229875
0
0
197726516681672
715220
189334822579
0
92669713
0
313891991306665
431149389
541946240
607163746
7346629512
169229875
51820051838712
7
1312051800816215
0
0
3925922161489422
114540884553038
0
0
0
133230930
385
34262962
82010177
3068829878530
342324497
1064144451
476715857290
25025873760111
0
15285151248481
135
18004327
904750334685605
621837416509615
0
42
684328892
204226
0
2012558
30167357
627
20506255
37027355200
156919475295
761002156
204226
250438925115
124754
19573856161145
2580840212973
0
18440293320
0
1741630
75175
0
104651419
20390982757
0
73232243759
2362219145337711
0
0
2679689
49686288421
3652430836071053
12950095925895
7
770947
2580840212973
0
2436
3554345
0
83561103925871
13610949895
0
1653668665
8528581302375
304801365
44132934884255
31185
10619863
526823
3397584011986773
2
0
0
3913864295
17977
70826486
0
8149040695
15065878135
334120979720177
8349
1064144451
365749566870782
0
2531641
0
0
30167357
37561133582570
819876908323
37561133582570
44583
0
0
0
2012558
301384802048
304801365
0
0
281589
3972999029388
1121505
329931
0
44108109
5
214481126
614154
1527273599625
974834369944625
0
80630964769
541946240
6965850144195831
80630964769
0
0
40853235313
0
9275102571574
0
0
22
0
0
0
214481126
2291320912
169229875
90436839668817
329931
7840656226137
5
459545750448675
15
384276336
8528581302375
0
88751778802
19573856161145
1304326563930986
290726957916112
37027355200
1255
6039763882095515
105558
6622987708040
51820051838712
14070545699287
0
20506255
0
2938929793929555
0
0
0
97662728555
4328363658647
0
21248279009367
1064144451
29454549941750
0
323717285
6039763882095515
4534253126900886
0
722760953690372
54770336324
0
4534253126900886
1955196357037653
2366022741845
4348093735
75175
0
0
0
0
3
82010177
20506255
0
1
571701605655
0
819876908323
1844349560
831820
1002
607163746
54770336324
44132934884255
4351078600
613854
0
0
5234371069753672
239943
92669720
21248279009367
20506255
0
0
40853235313
80630883613
75175
5590088317495
0
4565
3010
26543660
6486674127079088
0
249291451168559
0
8149040695
142798995930
26543660
90436839668817
147273
646193
1637293969337171
92669720
0
6039763882095515
0
177970
0
0
63261
93486396
15285151248481
0
0
0
1398341745571
2070038942098987
269232701252579
37338
15285151248481
1327710076
621454617477028
0
1131238503938606
0
0
0
26543660
2814570987591
6620830889
0
0
104651419
0
1121505
7
56138148670947
1280011042268
5134205287973
1482074143
7840656226137
0
0
0
118159014464
197726516681672
2
10963707205259
2291320912
11
2168580775838
4565
10085065885767
25025873760111
2168627105469
8528581302375
3017115097
0
19330059014
1958
0
29454549941750
0
0
0
30
0
0
490
0
0
18004327
44132934884255
831820
362326859895
0
627
72533807
534715062908609
25240865178463
34643126322519
301384802048
97862933703585
0
4219388528587095
3163127352
172389800255
0
0
715220
44108109
2523871631
0
2938929793929555
3554345
1280011042268
72533807
1212
21248279009367
231
0
0
26015
1218374333200116
37338
0
7840656226137
362326859895
0
0
749474411781
2366022741845
819876908323
0
189334822579
839611730366814
12308139
250438925115
0
17977
8709486304
24908858009
0
133968485714133
0
6842
77
3925922155816540
0
20390982757
4351078600
1585
16887247893491
394714535517755
2323520
2
0
11732
0
118159068427
571701605655
290726957916112
83561103925871
2168627105469
1064144451
5371315400
0
0
684
197726516681672
2938929753778749
204226
4835271870
1844349560
0
5604
142798995930
23338469
2168627105469
1987276856363
1505499
0
90596558474
1558790133976013
483502844
11097645016
12292341831
21245261894270
4714566882577
1896564103591584
53174
0
1527273599625
0
0
0
0
269232701252579
0
0
6622987708040
0
15796476
1820701100652
1741630
0
1255
2098739073
0
250438925115
1412749565173450
0
966467
167758544454099
8030248384943040
1398341745571
1188908248
0
0
228204732751
8528581302375
44108109
54770336324
30167357
0
31185
386155
90436839668817
38887673
7840656226137
0
5392783
49686288421
0
30
54770336324
2580840212973
0
8030248384943040
0
297
0
2362219145337711
1575
0
4087968
0
133978259344888
0
0
0
11097645016
25025873760111
2540886165818472
22
37338
0
12310
0
2436
0
45060624582
0
7346629512
2291320912
9253082936723602
5590088317495
431149389
3397584011986773
0
73232243759
0
3010
4219388528587095
0
541946240
722760927724386
33549419497
6485680293594952
297
304801365
7346629512
0
0
44132934884255
230793554364681
0
974834369944625
274768617130
3010
0
1820701100652
190569292
33549419497
330495499613
1762278433057269
0
23338469
73232243759
43820
483502844
0
0
0
2436
53174
1527273599625
0
384276336
169296722391554
0
1280011042268
7346629512
19573856161145
1
715220
0
522115831195
228204732751
0
105558
6639349
0
7
362326859895
2040825852575075
14883
0
6842
338854264248680
0
2674789388
3925922161489422
0
1062887869
0
0
1064143291
55990550580295
3646072432125
952050665
0
0
0
12132164
0
2366022741845
6486674127079088
0
30388671978
792
34643126322519
0
9253082936723602
17977
1002
8620496275465025
0
1896564103591584
0
0
19136027119323
621837416509615
4835271870
3
0
385
0
1896564103591584
6842
23061871173849
904760108316360
11097645016
0
3519222692
0
0
362326859895
1171432692373
0
37027355200
0
11916681236278
0
0
0
8528581302375
0
365749566870782
2938461080852688
1064144451
0
37027355200
0
0
571701605655
4328363658647
0
1071823774337
24908858009
0
831820
0
0
5134205287973
22540654445
12310
3790286600
2362219145337711
105882246722733
0
3554345
621837416509615
0
0
4533734727533702
0
1762278433057269
1050197489931117
0
483502844
522115831195
6039763882095515
22
20506255
2
114540884553038
670448123060170
313891991306665
1527273599625
722760953690372
3913864295
0
526823
197726516681672
0
0
15285151248481
0
397125074750
0
11
0
7840656226137
5622992691950605
2323520
10963707205259
0
904760108316360
56634173
571701605655
4534253126900886
47826239745920
0
906526265
7479565078510584
0
715220
1958
0
0
0
607163746
5075520389234763
5964539504
0
124754
342325709
0
0
12310
1071823774337
0
67
94425
0
394723676655357
0
0
40718063627362
0
214481126
4351078600
1312040838277212
9296
274768617130
0
952050665
394723676655357
5843791778423
2814570987591
386155
10963707205259
213636919820625
0
34262962
23061871173849
97862792475619
0
49995925
37027355200
144867692496445
23338469
147273
10049165639
0
779050629562028
0
63261
4328363658647
5622992691950605
0
0
0
0
17977
20506255
0
1844349560
3718
0
34262962
0
241265379
779050629562167
20506255
952050665
1
541946240
12950095925895
2040825852575075
7206841706490
0
64112359
6085253859260
0
3087735
0
0
435157697830
0
0
169296722391554
45060624582
0
23061871173849
1312051800816215
1741630
11097645012
904760108316360
365749566870782
1535914
31185
1762278433057269
150198136
73232243759
0
0
0
0
1505499
459545750448675
15065878135
2323520
1121505
16549433099864
0
0
0
0
13848650
3925922161489422
0
670448123060170
0
0
15065878135
313891991306665
1171432692373
270708315
23338469
0
0
896684817527
0
5
11097645016
49995925
77195892663512
16601598107914
0
241265379
21248279009367
2
133230930
83561103925871
214481126
123888443077259
0
0
97662728555
1188908248
44583
1958
3010
999764335
0
271248950
45060624582
0
1896564103591584
88751778802
60356673280
627
0
0
483502844
614154
44132934884255
13848650
476715857290
0
2732873183547535
15
0
792
15796476
904760108316360
1575
0
2540952590045698
82010177
29454549941750
2536200046123309
23061871173849
189334822579
0
169296722391554
213636919820625
2362219145337711
522115831195
684957390936
304801365
30053954
3925922161489422
1327710076
386155
0
2323520
12292341831
14883
8149040695
1218374349844333
0
0
0
1218347337755182
8620496275465025
0
9061010
0
6842
851376628
2323520
1
0
2195786311682516
0
0
0
0
0
0
10619863
3925922161489422
1188908248
1412749565173450
37338
107427163
90436839668817
0
607163746
0
385
118114304
20390982757
1327710076
5964539504
8118264
0
0
19323906
684681344267
896684817527
670448123060170
54770336324
0
6622987708040
0
2058726301276
0
0
0
114540884553038
3
133230930
269232701252579
0
80630964769
0
156618412527946
31185
0
0
0
0
63601666370
1637293969337171
31946390696157
459545750448675
156618412527946
0
1820701100652
2492590887781
239943
365749566870782
83561103925871
90436839668817
2841940500
195
44583
3652430795927111
20390982757
14317152
18004327
6620830889
966467
6039763882095515
684957390936
541946240
0
77195892663512
301384802048
250438925115
0
114540884553038
0
22540654445
2362219145337711
0
831820
607163746
66273
133230930
1958
0
5392783
451501
8349
0
133978259344888
23025
47813949496850
3519222692
0
3397584011979435
365749566870782
2323520
40853235313
1327710076
4351078600
0
156919475295
2679689
64112359
2732873183547535
0
101
22540654445
25025873760111
10176138252583
541946240
21637
974834369944625
974834369944625
105882246722733
88751778802
22540654445
26543660
0
6039763882095515
3519222692
0
18028182516667
0
136275748072
0
173525
0
0
0
8528581302375
8118264
435157697830
0
26015
1653668665
571701605655
12310
3397584011986773
49995925
7479565078510584
0
108469468627
0
0
0
0
2814570987591
7479565078510584
0
38887673
0
12292341831
1412749565173450
147273
0
0
0
33549419497
1002
1300156
7346629512
3068829878530
2938929793929555
0
0
271248950
0
980462880430
6842
0
459545750448675
0
63261
5392783
684957390936
0
0
64543683507
0
670448123060170
0
6185689
2679689
2814570840806
53174
105882246722733
22540654445
15796476
173525
0
385
207890420102
0
0
4351078600
330495499613
5392783
330495499613
424067892829721
56138148670947
6842
2552338241
15285151248481
1171432692373
46683537159
8528581302375
0
10143
53174
3087735
362326859895
304801365
107438159466
281589
904760108316360
0
22539562700
26015
0
2195786311682516
749474411781
534715062908609
0
30388671978
77720117556057
0
83561103925871
0
2552338241
19573856161145
2938929793929555
0
51820051838712
5672882
0
1398341745571
9289091
431149389
0
0
77
0
26543660
60806135438329
1
0
9289091
104651419
1171432692373
495741934760846
0
0
4315947556
0
0
607163746
0
2040825852575075
0
4835271870
56
0
0
20506255
53793
0
0
0
56634173
0
49686288421
53174
1147735203331
0
9275102575355
0
45060624582
6620830889
0
0
0
17977
425933084409356
0
249291451168559
297
0
2012558
20383221903
0
5574662476095
5392783
385
3554345
0
10963707205259
147273
15796476
12
2580840212973
5371315400
176
1820701100652
0
1
1300156
2291320912
0
1520980492851175
13610949895
1653668665
0
0
1987276856363
8030248384943040
0
133978259344888
0
679903203
0
2938929793929555
329931
8620496275465025
0
30167357
24908858009
2057072446491
26015
2721454526353
6622987708040
0
0
40853235313
0
749474411781
1
0
1482074143
88751778802
7089500
0
0
7840656226137
3
2552338241
14883
3127125786882898
5622992691950605
0
0
990
12310
20506255
0
15065878135
2841940500
0
204226
2362219145337711
3646072432125
342325709
621837416509615
0
819876908323
301384802048
66256
364806952360693
56634173
15065878135
30175216503
0
80142
0
0
301384802048
0
6039763882095515
0
2012558
156618412527946
144867692496445
483502844
2098739073
15
0
0
0
0
18004327
1637293969337171
0
37027355200
73232243759
274768617130
631804878360
465672549
0
0
2056148051
0
0
0
0
3718
80630964769
715220
384276336
0
30388671978
18028182516671
0
9275102575355
7338
7206841706490
49686288421
2362219145337711
3925922161489422
0
169215133
25025873760111
749474411781
4565
0
2040825852575075
12132164
3160137867148997
71304185514919
22
896684817527
49995925
394723676655357
0
2436
5604
11732
627
23338469
297
761002156
1312051800816215
0
7
1667727404093
1597
274768617130
1437769
3913864295
2
607163746
15796476
0
761002156
5964539504
0
0
0
5622992691950605
144867692496445
2
8149040695
150198136
7346629512
1987276856363
42466337177
1896564103591584
761002156
1896564103591584
19573856161145
397125074750
0
6965850144195831
376326
313891991306665
144867692496445
49686288421
495741934760846
8030248384943040
1131238503938606
0
49686288421
89134
0
0
4219388528587095
365749566870782
90436839668817
10962539003
16601598107914
14070545699287
169229875
966467
0
0
1575
576672674947168
0
397125074750
0
0
0
3718
31946390696157
5392783
0
197726516681672
6965850144195831
6039763882095515
1121505
38887673
21637
2580840212973
0
2938929793929555
0
3163127352
792
0
8030248384943040
0
290726957916112
4872038056472084
0
0
2323520
0
0
0
16601598107914
274768617130
541946240
15796476
60356673280
2056148051
1280011042268
3010
65851585970275
9275102575355
0
621837416509615
0
3015056093
0
1002
5590088317495
11916681236278
9035836076
33549419497
0
1667727404093
1820701100652
16670689208
1071823774337
20501747
2814570987591
8620496275465025
133978259344888
104651419
0
980462880430
761002156
0
1482074143
133978259344888
0
0
61537395
0
44583
213636919820625
20506255
231
0
64112359
1
831820
1064144451
8528581302375
65851585970275
2984865
14883
22
15
5604
0
101
14320444
26015
0
10566500
10015581680
12292341831
1255
0
0
22
9253082936723602
5604
54770336324
534715062908609
42
0
5134205287973
207890420102
5234371069753672
3652430836071053
0
1300156
0
0
0
6512663644138
21637
0
0
156618412527946
0
0
2323520
107438159466
142798995930
6039763882095515
2362219145337711
0
18028182516671
1244899253
2323520
0
5134205287973
22540654445
0
63261
1
1820701100652
0
0
5134205287973
0
230793554364681
606254716250675
214481126
0
0
1896564103591584
146785
0
33549419497
204226
88219
8030248384943040
7206827385793
0
621837416509615
1480562987001
6486673442750196
0
38887673
0
3519222692
0
966467
0
868054194
30
0
53174
0
0
534634815898696
4
105882246722733
11097645016
0
1667197619185
274768617130
118159039798
384276336
0
66493182097
0
334589882782160
1741630
1218374349844333
11169944950196
0
45060624582
10963707205259
0
37338
0
182973889854026
13848650
118114304
6882388754
97862933703585
5134205287973
49995925
118159068427
2201445828584453
92669720
1974204954638725
54769795689
0
896684817527
1064144451
22540654445
0
1597
5622992691950605
0
0
819876908323
0
190569292
11916681236278
7
1
0
819876908323
189334822579
33549419497
1312051800816215
242091174395
0
6842
0
12548580929032
0
0
459545750448675
0
37117272884
4565
30
6965850144195831
30
0
0
2168597051515
2552338241
77
5392783
0
11916681236278
3972999029388
2291320912
2938929793929555
0
44583
490
4075236349
18440293320
12950095925895
19573856161145
0
684
22
362326859895
214481126
13610949895
0
142798995930
0
3010
2291320912
13848650
17977
83561103925871
0
722760953690372
0
2938929793929555
749474411781
0
0
0
301384802048
97862933703585
19573856161145
896684817527
6965850144195831
49686288421
1535914
3519222692
0
105558
3087735
431149389
34262962
1575
0
0
21248279009367
49995925
0
2732873183547535
9253082936723602
2040825852575075
10619863
88751778802
15
105558
0
448737317
0
47826239745920
0
0
365650268444488
7346629512
0
0
0
8149040695
1131238503938606
1844349560
73232243759
0
0
1212
30167357
37561133582570
1987276856168
1398341745571
0
14883
123888443077259
0
792
0
0
896684817527
974834369944625
176
213636919820625
0
966467
274768617130
0
3068829878530
0
1485218302503
5964539504
526823
0
169224624427010
490
1279964712637
49995925
1188908248
3554345
0
44108109
19573856161145
12950095925895
133978259344888
0
0
0
17977
0
2195786311682516
8502125376
27152408925615
0
156919475295
5
819876908323
684957390936
8030248384943040
12308139
0
386155
6085253859260
397125074750
5622992691950605
133230930
38887673
5134205287973
34643126322519
27152408925615
6622987708040
373
228204732751
5996566037815860
44132934884255
204226
576672674826398
5298233217378345
0
2540952573401481
0
980462880430
89134
0
0
0
0
31185
19573856161145
107438159466
365749566870782
0
249291451168559
22540654445
14066713158465
329931
77195892663512
7089500
0
60356673280
2056148051
792
207890420102
330483191474
4534253126900886
0
4697205
0
1527273599625
2814570987591
105882246722733
1412749565173450
0
1741630
329931
2323520
2166875
33549419497
133978259344888
207123207310511
465672549
0
0
0
129913904637
1188908248
104651419
35471
60356673280
182927095200319
97662728555
329931
12
0
31946390696157
4714566886083
12950095925895
190569292
23061871173849
0
34751159
0
147273
49686288421
0
0
0
0
1171432692373
541946240
20506255
1316668134704
5234371069753672
297
230793145326305
3
150198136
0
0
118114304
5134205287973
0
0
21617810157
37338
0
0
1002
1218374349844333
2323520
19573856161145
839611730366814
0
249291451168559
18004327
31185
3010
670448123060170
831820
313891991306665
435157697830
0
0
0
0
0
0
15
2841940500
0
231
56
12132164
0
0
3163127352
21637
0
0
21637
0
394723676655357
6622987708040
3519213396
129913904637
156618412527946
974834369944625
25025868087229
904760108316360
329931
21248279009367
3163127352
4351078600
0
385
0
0
15285151248481
1412749565173450
44108109
1050197489931117
23338469
2040825852575075
1312051800816215
4714566886083
250438925115
614154
105558
0
3925922161489422
0
2291320912
0
0
0
51820051838712
0
0
16601598107914
207890420102
4714566886083
1820701100652
607163746
15065878135
12310
8349
66493182097
0
495741934760846
0
425933084409356
0
0
409038376
40853235313
517641454402
6085253859260
63261
3718
397125074749
0
15796476
169296722391554
6965850144195831
56138148670947
207890420102
34262962
304801365
2195786311682516
851376628
77195892663512
124754
2
0
7089500
8528581302375
0
576672674947168
18028182516671
0
0
0
1575
269232701252579
30388671978
0
0
2552338241
4534253126900886
8149040695
2291320912
10619863
97862933703585
18004327
0
0
3925922161489422
8528581302375
75175
5604
670448123060170
156919475295
71304185514919
12132164
141227966
397125074750
3010
0
1977841819156
0
1064142364
0
0
4219388528587095
13610949895
0
18440293320
9253082936723602
0
10619863
952050665
13848650
228204732751
2552338241
0
431149389
2540952584372816
1188908248
0
6622987708040
29454549941750
7
0
13848650
0
46794653960
207890420102
2323520
1817503
0
7840656226137
3972999029388
0
213636919820625
0
4087968
1171432692373
831820
621837416509615
5134205287973
30388671881
105558
2938929793929555
5
241265379
904760108316360
2
0
904759642643811
0
9289091
15796476
8118264
313891525634116
0
10143
0
0
0
53174
0
2323520
974834158328275
45060624582
290726957916112
7840656226137
0
5
7089500
56
37480887220855
0
40853235313
2369988023
204219
0
0
0
118114304
1300156
0
2195786311682516
2195786311682516
0
3068829878530
274768617130
1987276856363
34262962
431149389
0
7479565078510584
10963707205259
0
169229875
851376628
0
0
18028182516671
0
12132164
715220
0
749474411781
6965850144195831
63261
980462880430
1667727404093
2938929793929555
150198136
0
0
0
21248279009367
190569292
12310
207890420102
1762278433057269
12292341831
0
0
30
63261
2841940500
10143
304801365
0
214481126
2580840212973
627
0
4835271870
3652430836071053
289784356046555
0
49995925
230793554364681
0
71304185514919
9035836076
228204732751
3652430836071053
840799953030
0
0
273955061933208
44132934884255
0
15065878135
385
9035836076
3718
0
2265139444017
3972999029388
1212
0
0
9253082936723602
60356663984
0
6622987708040
0
0
2679689
3646072420393
0
33549419497
722760953690372
2
56
11097645016
75175
97662728555
88751778802
2195786311682516
9275102575355
97862933703585
11732
3345365983698
73232243759
451276
11
2814570987591
0
0
3972999029388
17427
6622987708040
1520980492851175
0
0
362326859895
0
17977
0
25176464
0
0
1312051800816215
230793554364681
274768617130
92669720
3646072432125
968005664042262
6039763882095515
0
0
1820701100652
2552338179
9275102575355
124754
8528581302375
53174
627
576672648981182
4534253126900886
0
839611730366814
40853235313
1312051800816215
144867692496445
0
90436839668817
0
0
75175
0
1050197489931117
1121505
0
8620496275465025
49686288421
0
239943
0
0
60806135438329
0
37561133582570
97662728555
0
10402334322
0
384273622
435157697830
44583
0
271248950
330495499613
3519222692
197726516681672
1505499
1089
3913864295
190569292
0
5134205287973
16670689208
607163746
169296722391554
107438159466
0
33548265161
21402813598317
431149389
313891991306665
11097645016
679598338
1312051800816215
173525
262204924209763
239943
129913904637
0
42
16670689208
0
1741630
204226
0
0
34262962
0
150198136
1300156
301384802048
3345365983698
6185689
3962391101
0
0
6085253859260
0
0
0
0
684957390936
40853235313
29454549941750
3163127352
1535914
0
7722013767427
0
0
105882246722733
31185
12292341831
0
0
133978259344888
10015566938
0
2
0
2938929793929555
0
172389800255
8030248384943040
362326859895
0
190569292
8330
204226
4534253126900886
0
53174
0
31185
21248279009367
40718063627362
7
10015581680
51820051838712
18028182516671
7206841706490
105882246722733
1002
0
670448123060170
0
40718063627362
150198136
0
839611730366814
16601598107914
770947
1064144451
4565
3506
3805533781628
83561103925871
0
0
8030248384943040
12950095925895
4714566886083
1520961166361677
1575
213636919820625
2195784454208822
0
101
23338469
7
22540654445
3652430836071053
0
66493182097
7089500
0
7020840904
25403219
0
19
0
66493182097
56
3925922161489422
1121505
483502844
77
607163746
0
118159068427
8620496275465025
534715062908609
189334822579
1050197489931117
0
0
1482074143
0
1050197489931117
621837416509615
0
23338469
6039763882095515
0
169229875
0
15796476
5234371069753672
1218374349844333
0
935361570942
2814570987591
0
27517052599
80630964769
150242010898903
0
0
44583
71304185514919
384276336
3913864295
89134
0
3913864295
534715062908609
304801365
129913904637
1762278433057269
679903203
1398341745571
123888443077259
0
0
722760953690372
0
3163127352
792
8030248384943040
0
169296722391554
88751778802
118114304
0
101
2841940500
24908858009
19573856161145
60356673280
142798995930
23061871173849
1064144451
156919475295
0
0
425933084409356
779050629562167
0
1896564103591584
0
13848650
53174
6842
0
338854264248680
123223639
0
0
25025873760111
4463275762656
18004327
1121505
0
42
0
0
607163746
3972999029388
0
290726957916112
2732873183547535
23338469
18028182516671
0
6085253859260
4714566886083
40718063627362
3163127352
13848650
0
3
0
0
176
77195892663512
0
0
0
15
23338469
60356673280
12310
8030237422404037
77
33549419497
176
831820
15
0
52161613357666
0
2040825852575075
75175
8349
1527273599625
123888443077259
0
0
0
47826239745920
4351078600
204226
75175
49995925
0
7840656226137
0
571701605655
0
3972999029388
53174
0
0
2366022741845
0
330495499613
0
24908858009
44583
0
0
5964539504
425931441416788
274768617130
44108109
0
1188908248
0
0
1820701100652
133978259344616
6622987708040
0
0
27517052599
1327710076
4714566886083
13610949895
3925922161489422
97662728555
30
37338
114540884553038
0
142798995930
3554345
0
0
49686287506
2323520
1312051800816215
1131238503938606
17977
6039763882095515
105882246722733
239943
2056148051
8349
156618412527946
0
0
197726516681672
37027355200
2580840212973
0
819876908323
22540654445
904760108316360
1597
101
230793554364681
2580840212973
7479565078510584
0
0
490
188761510
2679689
974834369944625
0
21637
2040825852575075
257055472803013
12950095925895
207890420102
297791733504998
4697205
13610949895
0
166208098646
3913864295
5234371069753672
792
0
2841940500
0
144867692281137
37027355200
1002
250438925115
281589
15065878135
0
6039763882095515
980462880430
64112359
63709099110551
0
8349
21248279009367
8118264
3087735
966467
3652430836071053
118114304
56634173
839611730366814
1527273599625
0
0
61537395
490
1896564103591584
0
31185
0
15065878135
0
44108109
2012558
46329631
2040825852575075
4351078600
33549419497
0
0
61155059646067
34262962
0
37027355200
904760108316360
678984983
2552338241
0
3652430836071053
0
1520980492204982
10963707205259
182973889854026
4565
2040825852575075
4219388528587095
0
522115831176
0
0
0
5392783
0
72533807
2012558
0
0
0
0
77195892663512
0
44108109
99214386323
12950095925895
0
44108109
77195892663512
1412749565173450
6639349
0
0
54744370338
0
1255
506713455693
0
231
1741630
147273
150198136
1527273599625
2540952590045698
0
0
2679689
0
2552338241
204490441480
249291451168559
1171432692373
304801365
4514492839698631
6185689
0
0
176
6620830889
338854264248680
144867692496445
20390982757
0
0
0
2358568743516251
0
114540884553038
8030248384943040
0
129913904637
0
20390982757
329931
526823
3397584011986773
5604
376326
15
4219388528587095
22
831820
3718
1
189334822579
0
0
12292341831
571701605655
15065878135
47826239745920
394723676655357
3718
6085253859260
4565
0
0
5234371069753672
0
4087968
8916059248312539
0
37561133582570
0
3068829878530
1327710076
26015
0
49995925
495741934760846
0
7840656226137
749474411781
114540884553038
133978259344888
0
0
3160137867148997
0
213880424174941
0
5
97
0
186467600834
197726516681672
749474411781
54770336324
2811887968
0
21108688219758
24908858009
0
0
3519222692
182973889854026
169229875
290726957916112
66493182097
2841940500
338854264248680
0
5622992691950605
250438925115
8528581302375
3519222692
2552338241
0
190569292
20506255
15796476
13848650
0
10143
0
0
1121505
495741934760846
0
56634173
0
37338
0
394723676655357
26015
230793554364681
0
33549419497
0
26543660
44132934884255
625846753120
0
20390982757
974834369944625
1535914
607163746
239943
0
0
23338469
839611730366814
31185
0
0
0
338854264248680
3972999029388
1312051800816215
1121505
0
1520980492851175
0
1741630
18691931
3
0
239943
0
18440293320
92669720
173525
83561103925871
0
0
0
142798995930
6486674127079088
1398341745571
0
156618412527946
105558
189334822579
0
0
1327494768
49995925
4692949865947
0
952050665
0
5604
0
495741934760846
0
0
4087968
0
0
63261
0
8030248384943040
394723676534587
0
0
864683432
2533589
0
10084904469550
0
0
2323453
0
22
20506255
534715062908609
1300156
0
1312051800816215
19573856161145
0
0
7
73232243759
4698201142094
0
60356673280
49995925
614154
0
144867692496445
1171432692373
0
2168627105469
21637
15796476
8528581302375
1667727404093
1412749565173450
0
15
37338
124754
0
8030248384943040
2938929793929555
150198136
1958
82010177
129966629476312
281589
0
7
0
4534253126900886
8528581302375
18440293320
385
0
118114304
0
0
29454549941750
9061010
2056148051
0
47826239745920
819876908323
608430226385
0
0
0
11
169296722391554
2323520
397125074750
189334822579
0
0
0
779050629562167
0
156618412527946
239943
0
966467
271248950
7346629512
0
4565
105882246722733
1398341745571
0
30388671978
0
394723676655357
123888443077259
2087
0
0
614154
394723676655357
92669720
11097645016
5679662
1
1762278433057269
5964539504
190569292
5371315400
133230930
0
0
173525
345673889590
0
2366022741845
1513939725693863
396920920
966467
2807060120429112
1412749565173450
0
0
0
44583
483502844
0
239943
9289091
11916681236278
1896564103591584
88751778802
2168627105469
3010
304801365
34262962
839611730366814
385
1071823774337
195
64112359
1188908248
0
1071823774337
47665419712425
1080546405
904760103475298
150198136
2275976573
144867692496445
0
169296722391554
0
0
851376628
1
3
40853235313
15425991887
1121505
23338469
1412749565173450
0
13610949895
0
435157697830
3718
1667727404093
0
0
4714566886083
2749405916
9289091
5964539504
0
625846753120
2
385
249291451168559
1987276856363
0
6085253859260
71304185514919
534715062262416
156919475295
6965850144195831
0
30
2195786311682516
4835271870
0
476715857290
0
161734221
0
7346629512
0
4565
5392783
249291451168559
0
118159068427
0
30174426229
0
0
66273
5714552303
8528581302375
106506594
64748362529
0
107427163
123888443077259
490
0
0
25025873760111
8620496275465025
129913904637
14070545699287
0
5234371069753672
0
38887673
64112359
33549419497
10015581680
204226
7840656226137
1527273599625
952050665
0
37027355200
1482074143
0
1505499
118159068427
1131238503938509
0
97662728555
0
0
14883
2323520
2436
10619863
0
14883
173525
0
51820051838712
0
0
4087968
118114304
1171432692373
152677451927312
1896564103591584
1505499
0
144867333453994
0
329931
2362219145337711
0
40853235313
0
1412749565173450
34643126322519
14569555
0
0
0
1844349560
0
0
1280011042268
304801365
9275102575355
0
0
38591992064239
1820701100652
607163746
0
4219388528587095
0
0
118159068427
0
97862933703585
114540884553038
4219388528587095
0
974834369944625
365749566870782
0
3345365983698
21248279009367
4565
0
0
0
0
107438159466
0
459545750448675
576672674947168
14070136660911
761002156
4351078600
0
2317357364
0
1131238503938606
190569292
3519222692
6842
10566509
37561133582570
2323520
2195786311682516
6965850104051889
173525
30388671978
23061871173849
1171432692373
14883
342325709
30167357
526823
0
0
598
8149040695
0
490
338854264248679
176
6185689
0
0
250438925115
15065878135
0
75175
715220
2540952590045698
1667727404093
2540952590045698
4697205
792
425933084409356
11097645016
11
40718063627362
2323520
7
679884743
761002156
1
0
0
7346629512
7840656226137
8528581302375
0
451276
189334822579
239943
0
5134205287973
156618412527946
0
0
0
3017115097
66493182097
6622987708040
31185
97862933703585
24170071725
0
150198136
1050197489931117
6620830889
75175
49995925
0
0
44583
92669720
12290244358
0
0
133230930
56634173
0
0
0
576672674947168
101
0
34262962
117134558599765
1171432692373
0
6622987708040
1398288326440
10143
1300156
1255
1279980988314
9289091
1505499
33549419497
451276
101
274768617130
26543660
105882246722733
0
5604
0
281589
1762278433057269
12950095925895
974834369944625
394723676655357
15
210894637967252
0
56138148670947
0
231
0
541946240
0
0
0
290726957916112
0
3345365983698
6185689
0
9035836076
5
20390982757
13610949895
0
0
621837416509615
31185
5590088317495
3972999029388
6035751125842605
3646072432125
0
0
45060624582
821352511
0
15065878135
3511688
7760854
31946390696157
12310
17977
0
304801365
397125074750
31946390696157
397125074750
2580840212973
9289091
135
9253082936723602
24908858009
4351078600
4565
14320624
0
749474411781
16601598107914
0
0
621837416509615
0
0
133978259344888
3554345
3160137867148997
459545750448675
135
11
761002156
3972999029388
679903203
45060624582
274768617130
3010
1575
313891991306665
621837416509615
156919475295
2814570987591
0
18028182516671
40853235313
1071823774337
15065878135
0
0
56
3340507998513
92669720
135
2323520
7840656226137
0
1218374349844333
0
974832726952057
749474411781
0
0
1064144451
0
26015
12310
0
15285151248481
1
1280011042268
313891991306665
7338
627
1482074143
110241833500
15
576672674947168
80630964769
0
1002
60806135438329
156618412527946
0
21248279009367
1844349560
0
3010
621837416509615
20506255
2336340578961
1050197489931117
1520980492851175
0
0
9081131903379
0
63261
92669720
4219388528587095
231
3519222692
0
60356673280
0
31946390696157
0
3511688
2361873373474338
761002156
0
104651419
0
8620496275465025
329931
0
0
0
31185
0
896684817527
31946390696157
0
9275102575355
7089500
207890420102
425933084409356
0
980462880430
425923310778601
0
4565
0
1188908248
18004327
72533807
9289091
118159068427
1667727404093
6185689
0
20390982757
0
0
99133
1188907875
0
896684817527
0
3345365983698
16670689208
425933084409356
118159068427
189334822579
11097645016
7089500
4835271870
819876908323
0
82010177
22540654445
1505499
3519222692
2366022741845
97862933703585
16601598107914
2
14070545699287
0
2195786311682516
0
7206841706490
281833420518
0
1896564103591584
156919475295
0
38887673
851376628
14883
614154
3160137867148997
0
0
97662728555
133978259344888
0
0
129913904637
2
139
6039763882095515
22
0
0
297
851376628
107315979915375
104651419
82010177
98926372049
3068829878530
0
75175
249291451168559
1958
0
0
1398341745571
0
214481126
304801365
5
761002156
0
133978259344888
17977
2552338241
0
20390982757
301384802048
749474411781
0
0
49995925
3010
1121505
150198136
0
0
213636919820625
476715857290
13848650
476715857290
204226
31946390696157
0
5392783
1653668665
14070545699287
679903203
150198136
27152408925615
1958
0
4219388528587095
9220057658181356
792
0
451276
0
11916681236278
831820
6039763882095515
684
64112359
107123225862
1575
1527273599625
7206841706490
11
1525940
0
0
0
75175
851
15796476
819876908323
1218374349844333
169296722391554
2040825852575075
0
0
0
0
541946240
12292341831
0
97662728555
0
60805533119614
1050197489931117
541946240
56
14320696
779050629562167
0
207890420102
0
5590088317495
0
0
2195786311682516
16601589046904
839611730366814
792
6185689
5371315400
0
819876908323
53174
25025873760111
204226
0
851376628
107438159466
71304185514919
66493182097
88751776715
627
7868669345789
83561103925871
386155
0
0
2578741474014
878672808
5604
0
0
20506255
0
4219388528587095
0
362326859895
0
0
0
1637293969337171
0
16601598107914
101
89134
1954738193817
144867692496445
0
2580840212973
966467
6965850144195831
228204732751
0
0
8118264
394723676655357
301384802048
0
54770336324
2580840212973
44108109
6085253859260
3718
231
904760108316360
38887673
73232243759
7346629512
0
904760108316360
0
77
0
3832540822
73232243759
241265379
0
2
34262962
1683146400464902
1820701100652
129913904637
10963707205259
2362108749264979
231
0
0
104651419
1280011042261
715220
0
239943
24908858009
0
540635
0
20390982757
1398338760706
362326859895
0
101
11732
290726957916112
23061871173849
4835271870
0
0
239943
173525
124754
1376059885930
0
44132934884255
483502844
45060624582
1527273599625
344524774825428
3163127352
10015581680
607163746
431149389
2040825852575075
0
8528581302375
60356673280
172389800255
89134
41959195071
10143
88751778802
18440293320
213636919820117
0
53174
0
0
77
0
0
0
18004327
522115831195
2938929793929555
7346629512
30388671978
3163127352
1412749565173450
9289091
4565
49995925
386155
1958
107438159466
0
301384802048
0
23061871173849
10619863
241265379
2679689
22
0
0
1762278433057269
44583
105558
33549419497
6911539
330495499613
0
12292341831
214481126
56634173
1
80630964769
386155
792
144867692496445
2552338241
359041767
71304185514919
329931
0
0
0
1131238503938606
394723676655357
60806135438329
11916681236278
60356673280
40718063627362
0
522115831195
9289091
105882246722733
0
1575
0
571701605655
0
7840656226137
10015581680
1091745
11
40718063627362
5371315400
0
3913864295
0
3718
44583
839611730366814
0
678936449682
80630964769
4351078600
176
10143
313891991306665
0
0
133230930
13848650
1762278433057269
64112359
2056148051
0
0
974834369944625
5964539504
3925922161489422
12292341831
490
47826239745920
230793554364681
571701605655
831820
5392783
435157697830
233043260193
0
2814570987591
0
4328363658647
5604
29454549941750
1505499
33632809476
397125074750
0
0
0
18028182516671
1050173319782466
54770336324
386155
0
0
362326859895
0
0
297
839611730366814
56634173
54770336324
0
0
0
27152408925615
1312051800816215
7479565078510584
52113284436
2679689
118114304
699957928274
64112359
1188908248
172389800255
1741630
207890420102
77
1050197489931117
2814570987591
3319936022019
1188908248
10963707205259
0
22540654445
451276
0
114540884553038
172389800255
7089500
22
249291451168559
980462880430
0
301693297777768
144867692496445
0
190569292
0
0
3163127352
22
362326859895
1667727404093
7840656226137
190569292
40718063627362
173525
42
0
2984865
156919475295
297
0
0
627
34751159
1667727404093
0
25025873760111
0
0
0
0
90436839668817
338854264248680
490
1002
952050665
0
451499
9253082936723602
684957390936
476715857290
385
0
65851585970275
1958
44108109
3519222692
2436
22
15
241265379
5371315400
56138148670947
0
60356673280
1637293969337171
3087735
2040825852575075
10015581680
0
80630964769
0
105882246722733
2012558
2168627105469
45
831820
10619863
1131238503938606
133978259344888
0
15285151248481
16601598107914
342325709
6039763882095515
133978259344888
30388671978
0
2679689
0
1188908248
12950095925895
4714566886083
1762278433057269
0
0
26083372303412
621837416509615
6965850144195831
169229875
541946240
56634173
2012558
974834369944625
156618412526734
14883
0
44583
60356673280
33548967996
3652430836071053
66493182097
0
3972999029388
1188908248
0
123888443077259
1002
24487418752829
1520980492851175
0
75175
0
30388671978
147273
44583
104651419
2679689
71304185514919
105558
1050197489931117
197726516681672
15
83561103925871
0
0
44108109
1131070468007058
2195786311682516
72533807
38887165
1192921856724
1171432692373
0
1987276856363
73232243759
24908858009
819876908323
7089500
204226
1844349560
0
53174
0
182973889854026
0
0
105558
3554345
4697205
1482074143
5964539504
0
0
1820695427770
64112359
0
431149389
0
57217473959800
4219388528587095
0
207890420102
0
0
1002
0
2362219145337711
0
2172644243851
228204732751
0
169296722391554
49995925
3913864295
3925922161489422
0
0
6145056855
0
0
11
4328344334741
0
54770336324
118114304
1131238503938606
6486674127079088
684957390936
118114304
0
20506255
239943
0
1121438
0
5392783
13848650
60806135438329
896684817527
17977
0
104651419
715220
1527273599625
230793554364681
1762278433057269
966467
142798995930
250484179510
2323520
0
5134205287973
16670689208
88751778802
40625610117029
0
0
0
21637
0
2540952590045698
283928708369399
7840656226137
614154
40718063627362
8030248384943040
10963707205259
88751778802
77
4328363658647
0
952050665
2365982597903
5964539504
749474411781
541946240
749474411781
0
3646072432125
144867692496445
18440293320
3068829878530
0
0
118159068427
8030248384943040
3397584011986773
0
133230930
2
0
0
56
82010177
105558
1218374349844333
1
118159068427
1121505
607163746
0
5234371069753672
0
13610949895
8149040695
0
9035836076
0
571701605655
313891991306665
0
431149389
0
114540884553038
4534253126900886
1397739426856
269232701252579
290726957916112
5604
19573856161145
3913864295
250438925115
0
0
19
0
56
213636919820625
684957388222
135
571701605655
9253082936723602
11916681236278
8030248384943040
0
1
0
0
89134
3068829878530
0
15
792
7346629512
0
13610949895
14070545699287
12292341831
253394111108535
5465147393
0
0
12015719017699
70727353
92669720
614154
465671811
12132164
2
5392783
12310
31946390696157
1327710076
822779
0
63261
0
0
526822946578276
2359116743887
7840656226137
40853235313
0
172389800255
0
5134205287973
0
385
571701605655
792
684957390936
459545750448675
0
15796476
1575
0
451552690158306
0
182973889854026
12132164
3646072432125
2
7206841706490
0
19573856161145
614154
4508
2040825852575075
0
6486674127079088
18440293320
89134
0
0
34262962
16443070731964
7346629512
2012558
27517052599
0
3116551426165001
0
576672674947168
4835271870
274768617130
169229875
0
172389800255
182973889854026
0
290726957916112
534715062908609
837118467753257
142798995930
2732873183547535
0
4276594260
0
37561133582570
1064144451
896684817527
0
1412749565173450
27151517007012
207890420102
228196971897
123888443077259
952050665
904760108316360
0
3646072432125
176
5392783
0
431149389
0
0
304801365
0
20390982757
3511615
8349
8349
313891991306665
0
0
11097645016
114540884553038
297
0
45060624582
37027355200
17977
0
5392783
10085065885767
12132164
156919475295
0
0
4714566886083
0
0
44583
0
12950095925895
0
1958
0
0
722760953690372
0
9275102575355
118114304
749474411781
3925922161489422
0
0
49995925
182973889854026
37338
5
1762278433057269
3925922161489421
1958
26543660
45060624582
65851585970275
385
239943
1597
1412749565173450
16670689208
6622987708040
0
31185
2540952590045698
5
4714566886083
189334822579
6622987708040
904760108316360
0
7089500
0
7338
110396072732
40853235313
0
17977
0
0
77195892663512
0
0
0
0
625846753120
99133
77
3163127352
12950095925895
150198136
1987276856363
49686288421
0
0
0
483502844
4427823542
394723676655357
0
425933084409356
541946143
0
0
0
3010
80630964769
0
45060624582
0
21637
425933084409356
715220
0
0
88751778802
0
31185
1844349560
47826239745920
773137708035
0
1482074143
495741934760846
0
0
0
56634173
0
8118264
0
2056148051
4328363658647
4835271870
0
44132934884255
0
1002
141552703761373
30167357
0
896684817527
1071823774337
0
0
0
0
576672674947168
0
0
0
0
1050197489931117
0
4534253126900886
72533807
1171432692373
0
3718
0
0
0
1398341745571
384276336
3345365983698
249291451168559
37027355200
386155
451276
0
37561133582570
56138148670947
271248950
12950095747925
0
114540884553038
0
0
3913864295
30388412087
6185689
2
9035836076
3087735
290726957916112
33549419497
40718063627362
4714566874351
129913904637
4565
14070545699287
2436
0
0
0
0
6620830889
0
1505499
8118226
0
3010
105558
2552338241
239943
9035836076
0
670448123060170
1359239
0
40712007712
0
89134
1071823774337
2
0
60806135438329
974834369944625
172389800255
107438159466
0
7206841706490
4219388528587095
77
0
8149040695
13848650
27517052599
114540884553038
88751778802
239943
118159068427
4697205
77
14070545699287
1412749565173450
0
1857473666
77195892663512
614154
0
1050197489931117
3068829878530
16601598107914
2040825852575075
2056148051
1
3397584011986773
101
0
0
89890856671095
40853235313
14883
0
82010177
239943
17977
189334822579
10015581680
118114304
0
190569292
7
0
2
0
980462880158
173525
97862933703585
301384802048
0
0
0
190569292
8118264
0
6620830889
118301188439
0
0
2147434
18440293320
1300156
0
0
1171432692373
82010177
0
29454549941750
0
576672674947168
25025873760111
1505499
6965850144195692
4872038056472084
0
0
147273
0
0
0
133978259344888
839611730366814
133978259344888
91
10619863
0
2255769099841
330495499613
819876908323
1121505
271248950
0
253887254571
0
0
0
0
7
71304185514919
241265379
2056148051
0
97662728555
197726516681672
761002156
576664917511529
47826239745920
385
26015
6185689
7840656226137
3345365983698
2366022741845
13848650
0
0
90351434410704
214481126
0
22
169229875
0
0
625846753120
522115831195
0
5134205287973
0
22
722760953690372
12292341831
88751778802
9253082936723602
4219388528587095
0
0
0
0
0
761002156
0
5
0
3163127352
2679689
0
2362219145337711
97662728555
0
92669720
49507886877341
0
0
25025873760111
7840656226137
122117744512
495741934760846
30
14883
6486674127079088
342325709
0
13848650
451276
4872038056472084
819876908323
26015
2814570987591
0
107438159466
21637
2289512995552632
0
0
135
207890420102
0
0
20506255
0
3010
1637293969337171
0
97862933703585
3925922161489422
1667727404093
173525
0
297
63261
0
495741934760846
0
0
230793554364681
64112359
0
0
0
18440293320
0
2362219145337711
1398341745571
0
792
0
896684813019
0
0
0
0
0
684042740
34262962
0
3925922161489422
0
0
980462880430
607163746
534715062908609
6528
271248950
0
0
5622992691950605
7206841706490
0
1741630
435157697830
26543660
6906055466
15065878135
1002
2056148051
1300156
0
1667727404093
135
20506255
10619863
761002156
231
0
0
839611730366814
1520980492851175
19573856161145
0
5
49686288421
0
37338
3010
5371315400
82010177
80630964769
249291451168559
21248279009367
107438159466
231
0
1327494768
6965850144195831
0
15
14742
4830192843
904760108316360
21637
0
0
0
0
394723676655357
365748882541890
1121505
0
1637293969337171
13848650
3646072432125
10143
1280011042268
0
0
0
0
21637
3718
980462880430
4714566886083
4351078600
2012558
571695932773
268264167
679903203
42
0
18440293320
5392783
0
1121505
7089500
4714566886083
0
37338
7346629512
72533807
7346629512
5
0
97662728555
0
77195892663512
6486674127079088
9291
761002156
133230930
2938929793929555
20295
30167357
362326859700
362326859895
715220
16601598107914
24908858009
3913864295
4328363655179
16601598107914
18440293320
0
21637
40718063627362
627
2012558
2732873183547535
53963
2938929793929555
0
0
3087735
0
51820051838712
13848650
0
490
0
156618412527946
476715857290
0
17977
11
20506255
25025873760111
397125074750
230793554364681
0
150198136
1121505
214481126
129913904637
66493182097
476715857290
2195786311682516
56
0
3519222692
12950095925895
0
1505499
6185689
495741934760846
1505499
313891990930339
90436839668817
0
0
0
5604
0
0
66493182097
0
3267632302031
4714238624663398
150198136
0
0
2168627105469
30388671978
1
23061871173849
7840656226137
30
13848650
2841940500
684957390936
451276
0
0
56138148670947
0
896684817527
980462880430
10619863
490
0
1
20390982757
0
75175
42
342325709
338854264248680
13610949895
679903203
8620496275465025
0
0
1741630
19573856161145
0
3087735
0
17270341447
10085065885767
38887673
88751778802
44108109
313891991306665
108772842605943
3554345
3913861581
8030248384943040
0
534715062908609
1218374349844333
1482074143
1635236728073214
0
105882246722733
92669720
7089500
12310
14883
26015
0
0
1
1
1
1667727404093
7089500
2098739073
6185689
0
24908858009
0
0
1188908248
204226
0
10015581680
5604
49995925
0
156919475295
0
0
31185
0
0
2366022741845
2732873183547535
53174
37027355200
176
105882246722733
3
6486674127079088
301384802048
60356673280
0
3832540569
4351078600
3010
0
15066539600
0
0
231
572929111245
120770
29454549941750
1121505
0
231
182973889854026
918220
182973889854026
0
0
0
20390982757
627
0
4872038056472084
0
5604
0
0
0
2012558
614154
11934148951
77
89134
0
54770336324
0
182973889854026
182973889854026
3160137867148997
373
213636919820625
71304185514919
0
5964539504
4409456966988
722760953690372
11097645016
23338469
0
9253082936723602
172389800255
0
156919475295
51820051838712
684957390936
15796476
1312051391777839
21248279009367
6965850144195831
0
30
541946240
1188908248
7346629512
290726957916112
397125074750
0
51820051838712
150198136
107438159466
75175
31946075761815
12
107608848
1958
0
207890420102
476715857290
0
0
73232243759
0
0
172356337417
684957390936
24908858009
1171432692373
56137937054597
10619863
80630964769
23338469
3087735
301384802048
173525
0
684957390936
64751278700
1
13848650
2436
0
1218374349844333
6965850144195831
684
627
49686288421
176
213636919820625
0
3652430836071053
365749566870782
38887673
0
684957390936
522115831195
4714566886083
129913904637
207890420102
297
627
15065878135
51820051838712
4316041718
0
0
34262962
7346629512
0
0
1820701100652
19573856161145
166532578697
9275085931138
124754
280521357792
966467
0
3519222692
213636919820625
3651912436705079
118114304
0
4351078600
715220
522115831195
231
92669720
14883
3646072432125
0
2056148051
0
0
190569292
313065
27517052599
172389800255
0
29454549941750
0
104651419
66493182097
104651419
8118264
0
7089500
250438925115
30053954
0
16670689208
8709486231
37027355200
819876595258
3955135296901
4565
271248950
2938929793929555
34262962
338854264248680
0
0
7663857126
214481126
0
37338
0
2012558
668520433
10015581680
0
18004327
83561103925871
0
15285151248481
65851585970275
0
230793554364681
0
21637
105355229542
129913904637
8030248384943040
0
7
23061871173849
625846724491
0
21637
0
24908598118
0
0
123888443077259
522115831195
1351916065552174
8528581302375
8030248384943040
72533807
0
0
0
722760953690372
271248950
0
431149389
896684817527
0
0
182973889854026
16644217
4872038056472084
5590088317495
576672674947168
80606517197
0
107438159466
1393839012919
0
13848650
0
30388671978
34643126322519
0
1896564103591584
0
2841940500
3646072432125
980462880430
0
359042451
670448123060170
362326859895
33549419497
2814570987591
0
0
47826239745920
29454549941750
490
1575
49995925
627
787620248236
97662728555
773251795155
305696974051
40853235313
2168627105469
0
60356673280
3913864295
0
2323520
79
40718063627362
1482074143
4534253126900886
15065878135
4872038056472084
896684817527
839611730366814
0
17977
0
2
123888443077259
230793554364681
3925922161489422
0
7346629512
71304185514919
1002
15
0
839611730366814
2938929793929555
169296722391554
3913864295
37027355200
980462880430
239943
0
82010177
3345365983698
231
0
0
0
6965850144195831
9253082936723602
0
4219388528587095
49686288421
0
980462880430
44943392859153
0
0
4565
3718
250438925115
0
3913864295
6486674127079088
571701605655
0
17977
2362219145337711
63261
0
966467
0
0
0
190569292
7346629512
17977
13848650
188751798
0
231
0
8528581302375
0
42
394723676655357
896684817527
0
105882246722733
987611714207
435157697830
329931
0
0
49995925
6622987708040
5
24908858009
228204732751
1505499
6842
0
2436
5134205287973
83561103925871
29454549941750
77
0
4532857318643335
0
0
9275100427921
2362219145337711
30
0
3163127352
1002
3163127352
0
2012558
118114304
51820051838712
0
0
1327710076
0
5590088317495
12310
150198136
1896564103591584
118158987271
204226
37027355200
0
4087968
64112359
23061871173849
1002
22540654445
3646072432125
0
0
118159068427
3925922161489422
230793554364681
3397584011986773
10619863
0
0
4872038056472084
0
831820
0
172389800255
37561133582570
1002
1452421854
1327710076
342325336
896684817527
608441044970488
230793554364681
0
2580840212973
831820
75175
2679689
0
715220
5392783
365749566870782
10085065885767
0
607163746
0
0
0
142798995930
18440293320
0
425933084409356
8030248384943040
0
0
64112359
313891991306665
483502844
3163127352
230793554364681
12950095925895
40853235313
12292341831
0
0
394723676655357
37338
0
2291320912
119369402888380
65851585970275
30388671978
431149389
13610949895
0
47826239745920
231
2366021650100
0
0
4351078600
189334822579
25025464721735
0
0
10085065885767
66493182097
11097645016
0
25025873760111
6039763882095515
4087968
44108109
0
0
384276336
0
5590088317495
2580840212973
1958
0
0
114476133224052
679903203
0
338854264248680
15796476
249291451168559
8149040695
1171432692373
124754
1295971
1121505
0
17977
14070545699287
0
90436839664309
0
0
2168627105469
0
6085253859260
0
3972999029388
176
2366022741845
6486674127079088
999764335
4534253126900886
33549419497
47826239745920
6620830889
1312051800816215
63261
3010
614154
34643126322519
0
0
0
541946240
0
189334822579
0
301384802048
118159068427
249291451168559
45060624582
679903203
0
6486674127079088
14320697
1071823774337
0
135
0
0
133230930
17977
394723676655357
269232701252579
26543660
0
3519222692
0
1327710076
7346629512
3087735
534715062908609
14070545699287
0
0
3925922161489422
3010
0
0
27517052599
0
204226
118159068360
0
211616350
1482074143
173525
0
0
44108109
526823
37561133582570
11
231
15284836314139
0
3652430836071053
101
8528581302375
0
11916681236278
3925922161489422
10143
495741933669101
0
342325709
173525
0
3718
0
425933084409356
274768617130
15796476
21637
0
129913904637
0
0
30388671978
679903203
397125074750
10085065885767
0
0
0
21248279009367
5227407684296749
0
13848650
0
0
3160137867148997
1171291464407
10143
2540952590045698
156618412527946
1412749565173450
0
342325709
749474411781
0
0
0
495741934760846
1
0
214481126
831820
0
0
2366022741845
3652430836071053
11916681236278
4565
0
150198136
37027355200
0
0
37338
0
23061871173849
0
338854264248680
0
476715857290
362867937306
3718
12
34643126322519
792
0
0
0
0
133978259344888
0
0
0
8149040695
2540952590045698
53174
0
0
156919475295
1667704992452
5964539504
0
0
0
0
0
0
779050629562167
4697205
45060624582
290726957916112
40718063627362
0
150198136
3718
0
6085253859260
135
13610949895
779050629562167
2436
20390982757
0
0
144867692496445
571701605655
0
0
0
135
16601598107914
515464028020
0
11097645016
722760953690372
5465153652
51820051838712
269232701252579
0
0
97662728555
0
0
31946390696157
5
114540884553038
0
385
44132934884255
0
0
177970
5543041
0
0
0
18028182516671
90436839668817
37561133582298
0
56
6039763882095515
0
3010
34262962
118114304
38887673
0
431149389
1327710076
1762278433057269
0
156618412527946
11
1653668665
980462880430
0
5371315400
80791
0
0
3554345
213636919820625
5
250438925115
301384802048
31946390696157
22
0
684957390936
0
37606890679
0
342325709
0
386155
0
4328363658647
6622987708040
54769565377
2056148051
712020344549
11
0
30167357
54770336324
190569292
7
66493159072
0
0
1188908248
4697205
0
123888443077259
92669720
2291320912
0
1002
451276
314934342
0
0
0
26015
0
1844349560
0
0
1171432692373
1280011042268
11478217180
0
3068829878530
1260000599
101
0
4219388528584381
214481126
362326859895
0
1575
831820
1071823774337
3163127352
75175
73232243759
89134
0
1527273599625
40718063627362
156919475295
476715857290
37027355200
21176182747337
1327710076
1987276856363
5234371069753672
97662728555
4835271870
26092168
25006547275334
60576736200293
0
386155
0
0
241265379
0
16670689208
124754
8528581302375
386155
4714566886083
8349
14883
1218374349844333
83561103925871
0
0
0
0
534715062908609
0
3646072432125
12308139
359042451
0
65851585970275
0
90436839668817
3645663393749
10963707205259
386155
0
0
49686288421
0
31946390696112
37027355200
97662728555
1
33549419497
2366022741845
33549419497
5392783
0
0
0
15
5392783
1527273599625
14883
1171432692373
2732873183547535
2686
290713185592890
0
0
614154
229772513
966467
342325709
2
129913904637
47826239745920
0
3397566741645326
313891991306665
3
699749
13610949895
0
394723676655357
107438159466
1741630
6039763882095515
952050665
64112359
1121505
18004327
72533807
241265379
56634173
73232243759
7338
0
37338
22540654445
71304150763760
18775249819748
6039763882095515
118114304
76156166082478
2528868
124754
107438159466
0
169229875
0
63261
124754
281589
0
51820051838712
0
6185689
18440293320
197726516681672
190569292
0
6622987708040
0
65851585970275
135
0
6965823132106680
93292361
0
0
0
1131238503938606
0
0
0
0
21248279009367
213636919820625
614154
3087735
12308139
156618412527946
541946240
0
0
4534253126900886
0
1300156
3163127352
8118264
0
13364331968411
0
88751778802
207890420102
0
11916681236278
29454549941750
250438925115
386155
66493182097
92669720
0
980462880430
0
1255
3319616959893
9035836076
1527273599625
0
2841886537
0
156618412527946
0
0
7757435639
30167357
0
133230930
214481126
156919475295
1121505
63261
0
104651419
0
522115831195
6620830889
0
0
8118264
10015581635
56634173
1131238503938606
179564776217
0
792
1
15285151248481
20506255
190569292
142798995930
230793554364681
0
715220
362326859895
614154
435157697830
301384802048
10963707205259
46554071397
0
25025873760111
6620830889
7
16601598107914
2098739073
6486674127079088
0
1064144451
101383569306117
0
9035836076
8620496275465025
7089500
10015581680
4508
37027355200
0
124754
14742
139
6085253859260
51820051838712
0
13610949895
144867692496445
72533807
75175
3017050470479
2938929793929555
2938929793875592
18004327
5
169296722391554
0
97862933703585
819876908323
1520980492851175
2732873183547535
2012558
92669720
0
1123608
2291320912
0
37561133582570
0
54770336324
0
3397584011986773
0
451501
1987276856363
0
1398341745571
0
0
97862933703585
0
338854264248680
13848650
39571749147
249291451168559
0
1896564103591584
3
0
17977
44132934884255
3345365983698
37561133582570
0
176
394723676655357
1255
5371315400
66493182097
1896564063447642
0
0
31946390696157
0
0
118159068427
204226
0
31946390696157
228204732751
13848650
2679689
8118264
37338
2368821423
0
0
51820051838712
150198136
47826236761055
0
329931
5983682492187630
0
2552338241
0
2540952590045698
10393472902343
30
135
60806135438329
12561189945
2670
37027355200
0
4872038056472084
1255
177970
2195786311682516
1450716041
30388671978
118114304
0
621837416509615
952050665
0
0
0
0
0
0
2195786311682516
51820051838712
27517052599
627
1520980492851175
0
0
213636919820625
82010177
0
301384802048
5107194611633
0
2814570987591
0
44132934884255
1896564094530574
0
53174
107438159466
0
89134
281589
0
4534253117839876
49686288421
0
1
271248950
386155
425933084409356
17977
18004327
0
0
621837416509615
1398341745571
7699801
77195892663512
0
0
23061871173849
0
0
0
262516732131
107438159466
0
2540952590045698
0
0
0
1527273599625
0
33549419497
1147734473664
0
1653668665
1987276856363
14883
2436
3397584011986773
18028182516671
3925922161489422
0
2938929793929555
1637293969337171
8528581302375
12132164
2098739073
1820701100652
49686288421
431149389
144867692496445
904760108316360
0
37338
118159068427
4565
0
297
80630964769
0
10143
53174
118159068427
3925922161489422
12310
1482074143
0
365749566870782
4328363658647
621837416509615
819876908323
241265379
37561133582570
19573856161145
3718
0
2291320912
6965850144195831
34262962
14883
20506255
0
1071823774337
10619863
6965850144195831
0
31185
190569292
14883
0
0
386155
0
15065878135
5
49995925
1121505
4565
526823
9275102575355
394723676655357
5134205287973
0
17977
110396011679
0
8030248384943040
5392783
4110085167
3652430836071053
0
0
0
576672674947168
1762278433057269
470606585622
397125074750
1637293969337171
23061871173849
207890420102
34643126322519
34262962
16670689208
0
4714566886083
0
129913904637
4835271870
304801365
89134
118159068427
14883
0
1
2362219145337711
37338
249291451168559
213636919820625
0
5371315400
0
7206841706490
627
0
40853235313
0
3646072432125
0
839611716046117
839611730366814
451276
0
0
19573856161145
12310
10143
0
3646072432125
150935780259
2012558
3345365983698
274768617130
190569292
118159068427
0
1
819876908323
88751778802
3718
0
0
142798995930
0
11097625144
2
6965850144195831
0
0
44132934884255
0
13848650
3397584011986773
0
23061871173849
0
451276
2323520
197726516681672
20506255
42
15
0
0
105882246722733
77195892663512
1255
30167357
792
12292341831
25025873760111
9253082936723602
4872038056472084
1958
0
0
51820051838712
0
0
338854264248680
384276336
338854264248680
0
0
0
3163127352
0
851376628
313891991306665
1575
386155
0
0
156618412527946
40718063627362
3913864295
269232701252579
1844349560
819876908323
97662728555
31185
0
190569292
397125074750
189334822579
7089500
0
0
0
0
384276336
9275102575355
176
1527273599625
3
30167357
522115831195
386155
1653668665
722760953690372
54770336324
6965850144195831
304801365
101
0
1312051800816215
66493182097
146532
4835271870
4714566886083
0
0
338854264248680
0
172389800255
7346629512
6085253859260
0
6085253859260
0
0
218055083184403
621837416509615
2552338241
6085253859260
0
99133
3397584011986773
7
0
0
33549419497
4219388528587095
435157697830
0
34262962
34643126322519
0
1131238503938606
37027355200
952050665
35471
0
9035836076
9035836076
0
3087735
571701605655
490
1637293969337171
156919475295
4697205
585530
1002
0
97662728555
490
952050665
0
3160137867148997
9275102575355
250438925115
53963
8030248384943040
250438925115
1840292
34643126322519
0
338854264248680
189334822579
53174
176
31946390696157
182973889854026
6622987708040
49686288421
18028182516671
0
490
431140093
66493182097
1131238503915581
0
47826239745920
135
53419131
792
0
0
6622987708040
66493182097
10015581680
2362219145337711
297
831820
129913904637
3652430836071053
0
197712744358450
0
56634173
0
0
0
53174
0
1520980492851175
3068829878530
231
11097645016
89
1844349560
12132164
0
37561133582570
330495499613
4351078600
239943
0
0
5392783
30167357
1762278433057269
3
27152408925615
0
107438159466
83561103925871
281589
4328363657435
0
147731106
0
0
9296
1
250438925115
16601598107914
1255
1482074143
10963707205259
1206308063498600
0
2938929793929555
9289091
0
0
274768617130
3925922161489422
0
0
0
819876908323
4219388528587095
31185
0
14883
60356673280
6145056846
26543660
14883
376326
576672674947168
0
97862933703585
1505499
49686288421
1637293969337171
0
4328363658647
3718
1505499
831820
1505499
12292341831
2291320912
2
304801365
0
3010
297
14742
1575
0
0
851376628
2732873183547535
3972999029388
12132164
386155
0
0
0
0
42
123888443077259
2366022741845
0
980462874667
0
6039763882095515
18004327
0
37027355200
0
0
4534253126899971
896684817527
40143942
231
123888443077259
0
10143
0
476715857290
0
0
0
133230930
0
2436
0
1958
4534253126900886
974985
534681368469414
0
4565
11916681236278
241265379
0
621836732180723
49686288421
206890673872
338854264248680
402931269
0
4168031504578592
0
9035836076
123888443077259
169229875
56
7
0
425933084409356
0
0
0
329931
3646072432125
5234371069753672
228204732751
7
275398424
101
12292341831
299932408609
155918437953858
0
0
0
0
2580840212973
0
2
80630964769
0
3017115097
144867692496445
831820
490
0
15065878135
7840656226137
0
105882246722733
3522400613099
792
0
0
0
0
1762278433057269
0
1820701100652
281216
1002
47826239745920
18004327
0
0
88751778802
5622992690654634
5234371069753672
5964539504
0
10963707205259
0
4835271870
7089500
37338
0
459545750448675
0
362699302508933
0
37027355200
679903203
207890420102
60356673280
9253081079249908
34262962
0
1131238503938606
534715062908609
104651419
80630964769
23338469
851376628
2012558
56138148670947
0
6622987708040
4087968
40853235313
26015
271248950
0
207890420102
1520980492851175
2540952590045698
269232701252579
0
101
16077010060340
22
7479565078510584
37338
0
495741934760846
105558
0
7206841706490
0
1820701100652
11
271248950
0
290726957916112
176
56634173
541946240
0
15
22540654445
3646072432125
0
10619863
3010
4835271870
14070545699287
0
105558
4351078600
3832540822
431149389
4087968
8149040695
107438159466
0
6486674104667447
0
0
2552338241
72092863424
2366022741845
9060871
1637293969337171
169229875
75175
0
5622992691950605
2168627105469
4219388528587095
0
1820701100652
819876908323
49686288421
12132164
0
1695523902039
169296722391554
607163746
0
97862933703585
0
114540884553038
0
12950095925895
0
0
3894540436
114540884553038
15285151248481
0
7
4351078600
45060624582
4872038056453624
749474411781
0
6486674127079088
7089500
40718063627362
0
0
2841886537
9253082936723602
3345365983698
0
385
7346629512
22
0
819876908323
51820051838712
0
5604
0
72533807
2323520
6622987708040
0
522115831195
105882246722733
250438925115
3087735
105558
9289091
5371315400
2195786311682516
33549419497
92669720
142798995930
980462880430
0
20506255
1218374349844333
37338
56
30388671978
3010
1741630
129913904637
43820
22540654445
0
490
4872038056472084
0
2
0
917675707489320
1520980492851175
614154
0
0
13239519719285
97019378814
6085253859260
571701605655
0
0
0
2436
53962
3397584011986773
281589
0
0
1171432692373
4835271870
2436
4835271870
1987276854766
129913904637
6965850114141877
770947
1218374349844333
534715062864789
0
7840656226137
1312051800816215
8620469263375874
0
26543660
204226
1642992568
54770336324
451276
2362219145337711
0
0
1
0
342325709
1538579606250
135
0
1896564103591584
0
2732873183547535
51820051838712
684957390936
142798995930
3646072432125
679903203
0
66493182097
0
483502844
249291451168559
14070545699287
0
0
571701605655
621837416509615
14883
22540654445
25897540
0
0
0
1295971
0
0
71304185514919
1398026811229
0
4714566886083
6039763882095515
7089500
3718
0
0
3087735
156618412527946
621837416509615
0
0
0
0
12292341831
715220
4835271870
0
0
0
64112359
2580840212973
1623626101
5234371069753672
0
3068829878530
40718063627362
83561103925871
1762277480218605
0
831820
90436839668817
5134205287973
0
1520980492851175
0
0
16601598107914
56138148670947
7346629512
0
13848650
37338
0
0
0
1188908248
66493182097
490
0
176
18004327
12132164
0
0
715220
20390982757
397125074750
16412584
144867692496445
1280011042268
0
11097645016
1071823774337
0
0
288915042163503
34262962
9275102575355
6039763882095515
1741630
330495499613
0
0
541946240
214481126
0
0
0
14070545699287
0
207890420102
65851585970275
722760953690372
0
0
0
2436
3925922161489422
4219388528587095
6085253859260
627
0
3345365983698
64112359
1218374349844333
47826239745920
0
0
49686288421
77195892663512
0
15796476
31185
13848650
0
0
0
0
1505499
89860004
0
952050665
6965850144195831
2814570987591
22
3087735
6620830889
97662728555
26015
0
0
6622987708040
40852694678
11916666915581
0
49686288421
0
16670689208
1820701100652
0
0
3913864295
722760953690372
607163746
1255
385
330495499613
8149040695
1171432692373
4351078600
1667727404093
169229875
0
13610949895
142798995930
0
105882246722733
0
5392783
29454549941750
952050665
621837416509615
172389800255
0
0
0
1121505
2056148051
2168627105469
0
627
0
12132164
839611730366814
0
3397584011986773
18028182516671
340715161693306
1667727404093
8349
679903203
4351078600
431149389
4327679329755
329931
483502844
476715857290
679903064
571701605588
1398341745571
896684817527
0
0
185072690
0
1448081455190364
0
40718063627362
5234371069753672
77
1667727404093
114540884553038
0
56
1741630
53174
0
11
6965850144195831
2369988023
213636919820625
1131149221092570
0
0
22540654445
431149389
0
0
18440293320
10619863
0
51576161473775
792
0
5590088317495
23338469
19573856161145
966467
0
0
239943
1064144451
22540654445
5604
0
1131238503938606
1071823774337
2580840212973
3163127352
37338
18004327
1300156
0
397125074750
0
1987276856363
107438159466
5371315400
0
56
7206841706490
3898296445545194
0
271248950
34643126322519
25025873760111
297
3909738453
104651419
1171432692373
1987276856363
1255
281337
10563875
124754
0
1667727404093
465669915
5234371069753672
576672674947168
621837416509615
0
779050629562167
0
1255
0
6965850144195831
88751778802
1741630
30388671978
0
241265379
0
6085253859260
700017500619
0
9275102575355
571701605655
0
4835271870
3506
1987276856363
18440293320
13610949895
21637
1762278433057269
2040825852575075
1987276856363
73232243759
1280011042268
0
4697205
11732
0
1071823774337
10963707205259
13610949895
0
5662246179
0
974834369944625
2362219145337711
105558
1064144451
0
0
269232701252579
621837416509615
1
5964539504
241265379
2040825852575075
476715857290
25025873760111
0
0
1768186571
0
0
9275102575355
0
77
571701605655
843172918
13610949895
0
0
60806127677475
4565
27517052599
213636919820625
7757435114
0
0
0
1520980492851175
4351078600
11097645016
0
8030248384943040
23338469
169229875
0
3359987574149644
1844349560
1280011042268
0
0
8528581302375
56138148670947
176
0
0
5392783
169296722391554
0
896684817527
0
0
0
11097645016
0
77195892663512
7346629512
896684817527
0
0
3646072432125
12132164
0
8149040695
7840656226137
77
60806135438329
135
44583
37561133582570
0
30167357
80239756684
1121505
5
0
118114304
0
26543660
980462880430
80630964769
431149389
0
0
0
2841940500
183487817169933
0
0
47826239745920
2056148051
435157697830
142798995930
83561103925871
0
51820051838712
330495499613
541946240
0
107438159466
476715857290
384276336
0
0
3646072432125
0
529784908
0
522115831195
1762119194489189
0
538961376
0
82010177
73232243759
290726957916112
4351078600
10619863
4087968
6965595827475499
0
37027355200
0
329931
0
1398341745571
5604
0
3554345
5234371069753672
142798995930
18028182516671
75175
83561103925871
0
15065878135
3652430833537464
1667727404093
614154
37338
0
20390982757
172389800255
0
0
51820051838712
53174
490
90436839668817
33549419497
966467
6620830889
0
56138148670947
9035836076
0
56634173
2291320912
3652430836071053
0
3
431149389
0
20506255
1
88751778802
0
342325709
37561133582570
0
495741934760846
114540884553038
0
0
0
21248279009367
0
3718
576672674947168
86977771663
133978259344888
6486674127079088
0
394723676655357
11097645016
1050197489931117
0
0
0
0
0
197726516681672
779050629562167
0
614154
231
3646072432125
4351078600
2552338241
301313975562
118159068427
177970
0
342325709
761002156
173525
22
0
1762278325630106
3160137867148997
75175
0
0
0
476715857290
435157697830
0
0
1820701100652
980462880430
684957390936
1171432692373
0
0
5134205287973
2323520
0
0
0
476715857290
1255
0
1820701100652
101
0
30388671978
6965850144195831
14320650
169296722391554
851376628
4835271870
27152408925615
77
97862933703585
368264664565945
0
0
329931
0
5847510
0
13610949895
779050629562167
0
64112359
329931
28629
0
90436839668817
7840656226137
230793554364681
0
123888443077259
0
2040825852575075
0
966467
27517052599
49995925
0
107438159466
0
6039763882095515
0
8319
11916681236278
1312051800816215
1482074143
1
1129181276052895
0
0
101
571701605655
18004327
6039763882095515
0
1280011042268
0
491794306
0
1071823774337
26015
0
980462880430
0
0
0
13848650
34643126322519
9253082936723602
0
274768617130
0
6622987708040
0
142798224983
211616350
0
5604
2291320912
3
26015
2679689
0
11916681236278
1412749565173450
0
0
0
204226
21637
0
5604
272
0
0
3068829878530
0
0
1452423276
6965850144195831
6486674127079088
3972999029388
0
1844349560
0
37027355200
16590635569944
12292341831
12310
0
621837416509615
0
0
0
0
0
904760108316360
0
0
1987276856363
8118264
0
0
0
72533048
0
2732873183547535
0
9289091
3646072432125
8030248384943040
3913864295
1171432692373
26543660
522115831195
394723676655357
2552338241
0
1505499
0
0
2732873183547535
338854264248680
190569292
1642202294
97862933703585
0
1987276856363
8349
8709486304
0
0
4534253126900886
0
64112359
0
10619863
362326859895
722760953690372
0
607163746
2679689
2291320912
14406771663255
0
431149389
6965850144195831
0
1188908248
0
1482074143
37561133582570
147273
21007554
142798995930
0
329931
15
182973889854026
6639349
0
64112359
0
7840656226137
1002
11916681236278
26015
0
250438925115
105882246722733
451501
3345365983698
362326859895
22540654445
0
6486674127079088
966467
0
0
12950095925895
6085253859260
0
627
362326859895
147273
172389800255
97662728555
176
0
66273
8030248384943040
0
0
6620830889
4872038056472084
0
3
522115831195
2814570987591
0
1064144451
2552338241
6039763882095503
1575
0
34643126322519
0
182973889854026
0
82010177
4835271870
3397584011986773
7479565078510584
105882246722733
0
0
24123770723
156618412527946
0
18440293320
21248279009367
114540884553038
44108109
384276336
526823
11
0
71304185514919
40853235313
30167357
249439171547
490
2040825852575075
1280011042268
9289090
0
44108109
156919475295
5590088317495
11097645016
10566509
10143
80630964769
23061871173849
6185689
0
8149040695
0
8528581302375
526823
182973889854026
614154
0
0
274768617130
56138148670947
4328363658647
5234371069753672
90436839668817
851372120
514504674569714
31185
133978259344888
0
0
3519222692
913775
141227966
3972999029388
0
231
0
4351078600
0
8149040695
4328363658647
147273
365116045599097
207890420102
3010
0
4656071
9035836076
0
133230930
135
30
10963707205259
249291451168559
819876908323
0
33549419497
73232243759
105882245186819
20390982757
0
5134205287973
118159068427
522115831195
0
0
114540884553038
0
1327710076
20390442122
12950095925895
1218374349844333
51820051838712
0
679903203
72533807
0
10085065885767
0
6085231447619
397125074750
5
490
2580840212973
0
15
0
607163746
24908858009
0
4219388528587095
0
1
0
21637
0
4872038056472084
147273
169296722391554
0
3832538874
831820
490
3010
1412749565173450
15796476
715220
29454549941750
1
1131238503938606
12950095925895
0
1002
0
0
7206841706490
49995925
83561103925871
8349
23338469
0
4508
0
5
3397584005347424
18440293320
3087735
309050764461214
51368036784331
0
179952501063
972706235065
10015581680
0
364594
1637293969337171
12292341831
0
334185135830062
3397302178213870
0
43987339
483502844
0
1
44108109
9035836076
5392783
3160137867148997
0
614154
13848650
44108109
18440293320
330495499613
715220
4316043664
0
40698737138602
190569292
0
571701605655
10963707205259
0
397125074750
6639349
4835271870
34643126322519
3913864295
365749566870782
47826239745920
0
281589
0
384276336
90436839668817
0
215308
15285151248481
576672674947168
7206841706490
0
54770336324
0
522115831195
2580840212973
144867692496445
4219388528587095
1050197489931117
150198136
0
0
0
27517052599
0
0
1327710076
15065878135
0
2841940500
23338469
397125074750
621837416509615
352376988832315
621837416509615
6185689
197726516681672
133978259344888
6842
9275102575355
60356673280
33549419497
313891984667316
571701605655
30388671978
90436839668817
13610949895
0
3646072432125
851376628
176
0
0
56138148670947
5371315400
0
26015
1218374349844333
10015581680
1071823774337
8030248384943040
0
123888443077259
0
385
4872038056472084
58202577058033
105558
0
30167357
0
12950095925895
0
0
980462880430
37027355200
0
522115831195
69026840
522115787375
22540654445
0
44583
0
51820051838712
329931
0
2366022741845
214481126
0
4697205
0
0
18028182516671
133230930
7840656226137
0
63261
92669720
4714566886083
49686288421
35471
0
1171432692373
0
715220
135
0
11916681236278
0
0
34643126322519
0
5134205287973
7749122
26015
156618412527946
313891991306665
0
30
150198136
45
250438925115
17977
7419669226
9035836076
1987276856363
0
904760108316360
0
483502844
2552338241
297
0
0
823537006085087
61537395
0
8030248384943040
114540884553038
1188908248
0
715220
2841940500
73232243759
1171432692373
9035836076
1637293969337171
1312051800816215
0
37027355200
12950095925895
1856307094
20390982757
30
0
0
3972999029388
338854264248680
365749566870782
274768617130
607163746
0
342325709
0
6620830889
0
0
394723676655357
0
4565
0
3087735
37338
176
12950095925895
45060624582
0
80630964769
0
0
0
511161916479
0
0
679903203
18004327
45
182973889854026
0
4351078600
1741630
197725383686407
330495499613
1255
301384802048
0
0
3087735
0
3652430836071053
0
0
792
5604
0
435157697830
0
10963707205259
9343350553032
10143
0
1398341745571
952050665
101
1398341745571
118159068427
881650031
27517052599
394723676655357
281589
0
8118264
7346629512
22540654445
3554345
425933084409356
3519222692
490
0
147273
607163746
42
123888443077259
1667727404093
29454549941750
30
0
129913904637
571701605655
3646072432125
3163127352
0
0
1218374349844333
33549419497
45060624582
4328363658647
495741918016246
0
0
7206841706490
0
82010177
15065878135
4328363658647
851376628
189334822579
490
385
2580840212973
6620830889
0
1
7760854
4565
4219388528587095
0
0
986764726
6622987708040
281589
365749566870782
15796476
16670689208
9289091
5604
571701605655
0
526823
0
19323906
0
0
384276336
0
384276336
161734221
0
1482074143
0
0
1002
12132164
12950095925895
8118264
37338
8118264
40718063627362
0
0
2938929793929555
169229875
4087968
0
8349
792
0
0
12310
1820701100652
0
25025873760111
230793554364681
19323906
0
3972988462879
0
8030248384941443
2540925577956547
621837416509615
29454549941750
27517052599
0
476715857290
0
30
0
23061871173849
0
1505499
0
164779576621579
47826193416289
4328363658647
231
0
0
684957390936
1312051800816215
2168627105469
2012558
23338469
2012558
0
228204732751
0
792
0
896684817527
0
49686288421
7840656226137
0
64112359
0
0
114540884553038
156618412527946
0
0
61537395
3160137867148997
40718063627362
2848628638056270
18028182516671
1896563127883490
3718
0
147273
5964539504
0
107438159466
0
0
0
0
40718063627362
31936617065419
1071823774337
0
0
394723676655357
365749566870782
0
831820
3087735
89134
684956744743
269232701252579
0
10619863
966467
0
44583
54770336324
0
189334822579
1817503
4219388528587095
0
0
0
75175
30388671978
56
0
12262451380
20506255
397125074750
4697205
1327710076
0
0
5964539504
1527273599625
88751778802
37338
38887673
0
0
495741934760846
476715857290
1
3519222692
6085253859260
53174
614154
66493182097
14070545699287
824931031825020
21637
40853235313
0
0
37338
0
44583
0
0
1398341745571
281589
0
129913904637
9289091
0
0
150198136
2841940500
1958
362326859895
495741934760846
105878414181911
0
0
15
0
18125455502
0
105882246722733
4316043666
3397584011986773
0
394723676655357
0
0
1
0
0
385
12290249079
3397583012222438
0
105882246722733
0
2323520
107438159466
0
30167357
304801365
10619863
169296722391554
0
21617810410
71304182530054
679903203
4125842
297
0
0
1762278433057269
73232243759
2291320912
1762278433057269
35471
0
0
30388671978
20390982757
0
749474411781
1741630
0
0
451276
0
274768617130
0
342325709
2366022741845
5371315400
0
0
271248950
431149389
3519222692
1762278433057269
1398341745571
0
425933084409356
190569292
63261
749474411781
541946240
2841940500
231
0
27152408925615
607163746
621837416509615
274768617130
974834369944625
0
213636919820625
1741630
107438159466
0
10963707205259
625846753120
2366022741845
342325707
0
0
6965850144195831
22
228204732751
24908858009
0
0
44108109
0
18440293320
0
0
0
7760854
97862933703585
0
271248950
14883
0
3925922161489422
614154
241265379
0
271248950
0
83561103925871
3345365983698
1280011042268
0
0
1
952050665
18004327
75175
0
435157697830
1171432692373
0
394723676655357
330495499613
1064144451
839611730366814
3554345
1297
38887673
18460
0
459545750448675
2366022741845
0
0
0
952050665
3913864295
204226
10143
3646072432125
29454549941750
27517052599
0
38887673
241265379
0
