GFCDA
FGCDA
FCGDA
FCDGA
FCDAG
GCFDA
CGFDA
CFGDA
CFDGA
CFDAG
GCDFA
CGDFA
CDGFA
CDFGA
CDFAG
GCDAF
CGDAF
CDGAF
CDAGF
CDAFG
GFDCA
FGDCA
FDGCA
FDCGA
FDCAG
GDFCA
DGFCA
DFGCA
DFCGA
DFCAG
GDCFA
DGCFA
DCGFA
DCFGA
DCFAG
GDCAF
DGCAF
DCGAF
DCAGF
DCAFG
GFDAC
FGDAC
FDGAC
FDAGC
FDACG
GDFAC
DGFAC
DFGAC
DFAGC
DFACG
GDAFC
DGAFC
DAGFC
DAFGC
DAFCG
GDACF
DGACF
DAGCF
DACGF
DACFG
GFCAD
FGCAD
FCGAD
FCAGD
FCADG
GCFAD
CGFAD
CFGAD
CFAGD
CFADG
GCAFD
CGAFD
CAGFD
CAFGD
CAFDG
GCADF
CGADF
CAGDF
CADGF
CADFG
GFACD
FGACD
FAGCD
FACGD
FACDG
GAFCD
AGFCD
AFGCD
AFCGD
AFCDG
GACFD
AGCFD
ACGFD
ACFGD
ACFDG
GACDF
AGCDF
ACGDF
ACDGF
ACDFG
GFADC
FGADC
FAGDC
FADGC
FADCG
GAFDC
AGFDC
AFGDC
AFDGC
AFDCG
GADFC
AGDFC
ADGFC
ADFGC
ADFCG
GADCF
AGDCF
ADGCF
ADCGF
ADCFG
