aelts
acrnuim
anmetg
iotycdems
nlek
niactefs
adilynotr
agurts
arinet
epid
abnirce
acsteo
gitlsnu
cmodnai
aniols
ascdrn
grany
aeotpxlsu
bginpur
lme
mre
cnoely
le
ceshri
odi
nsog
aelsgun
eitmrh
redo
cdhryoil
airtunl
gieosnu
acenrtusp
degiwln
poe
adertfsi
atnmuo
abitlpms
ctismw
aypebrs
velo
tgas
acdelnok
cijounst
achpolir
bcdrhilt
cegmotin
almrfu
yanicur
etusoh
ihadm
stayp
ceinostpru
rsezoa
adeitmslu
alnoyp
dnreus
egnuiqr
uanyt
ablesit
wirten
cghilspoyt
celfrko
hnvuaes
aoisnc
emoisv
ewdt
miwdfe
dcilo
alrinf
uh
imroa
ogas
erginm
acntori
rnom
aernvil
il
elspvi
ginspotu
stchyak
migtna
akenil
adeslqnu
ceinotrsp
aghtynol
aderunlv
kro
mcblo
cdeinorpts
agsvle
aehnptoi
ceotnps
metan
aurmoisnp
nlpitoa
cpniotas
aogrydte
cefuorl
eiomrtv
bdemuofn
degpisnr
yazgu
aesitno
nizme
fraol
eisnol
cdgien
almnuyorp
obertca
oelrusfp
abdegitmnr
payc
ardevp
vacer
ehisrltw
aipl
laidgt
ahecyr
aceripot
ceiluvts
atocwhdr
ltnycvario
celvyotr
acedost
cegimoptn
vctlaui
dhteo
tmapiloec
fenrcps
aeisrtvn
aeoprhgs
demtnfr
aodsrc
derobayk
aensimu
abdintosru
euoaintl
pyuiabls
bdslive
aefnsulw
cnjudo
etnac
fikar
roth
ardebt
depinw
liedfwr
grinsey
fgiltunp
inelb
tnbuaoic
aegisnlvt
aupil
prcuo
pisl
jaisec
iepnrdugt
aidlze
ilva
teod
rib
aesthor
gepsua
ahmeslb
agisront
elsgur
aghtproy
egilmrotny
deitnr
bdehimlnsu
erutin
ilonstc
rew
dinusov
agilmpsr
ensra
njurtoec
eohmlri
ther
bdreiom
drgfiues
tmefrcsna
mflsi
leprvo
teom
aduhpin
cekid
negsr
eiyspl
acginpuos
ahrelw
revni
reav
ydito
aeiuntvq
aeltrupn
iatnrcfo
epons
deohxrt
albhdu
abdiesun
fga
imrsonp
iugrpae
acdpietr
otdu
ceftiumn
sermcpo
hneta
aoyr
lyeu
cgironsu
oalz
bpteuyr
abntm
aynrb
floa
bosetu
bisourp
erytomndu
engiht
hospti
omi
idlen
orvhe
utol
acblri
degivnsur
abelnsrto
anilep
ihct
adnspme
fbrue
etwsf
bgtnui
ksdi
ugl
olsbu
lmhyp
nlhic
gitnrae
glota
fkiysr
acoiluq
ogdan
aiplnot
mtaoh
etild
shrogeat
ayugr
cdelinso
steirba
ojg
nwse
etnfa
umoascinr
liav
abgtins
adnlriu
gkon
adhoyrsp
bedtaci
acispnou
rivaex
simphena
aceilnuotq
aehrtiwl
alto
acefinuotpr
yaimsrl
lju
aeiosmny
ofusntcia
yotirdh
nicpu
urelb
odwisn
eputro
petl
bcemrsou
engih
loi
dshiurp
abmeld
emnptos
abvityl
acimrpto
detwinr
azbudr
aehtnsor
tarw
pso
abdgrteo
bcdertyli
bdelnposu
atypri
chirostn
wmoreanchf
cdeoirns
adeinxotr
rdelp
acenuhrl
bfonu
sczhe
aclemid
ckesin
cnispr
adeliytm
etfudb
unorjad
crpe
nadlp
ceiovprst
ceinmlos
asrcti
ionysp
adelpstro
vil
idnve
cnsrie
adenrg
nucvla
abeotirn
taixmr
cfntsor
uctos
adgnirto
aertpov
cdsoeiu
heosr
iofnepctsr
orumt
li
epti
aceftlnrs
cetsrnid
kwase
ablredg
bdegnuol
bctehiw
yatdlri
apotyr
dieusl
acernsit
roaf
ahkrtoum
dhlnoiw
aelrtks
ilerpaot
krpan
oze
laioyestrp
puwma
fminug
akrign
nmacrib
lik
etrmas
acefrtsn
bsear
esdg
alntcdeis
noiatczg
ahmilsy
acibls
aeritnp
oabn
tar
egsroiu
onrgi
setnu
viper
adolpmi
fnuyli
acfgirtnlo
aegoilnt
abdleugr
akrl
aqutre
i
benus
eilrmtny
abemrsig
tire
egimrptxn
tuicb
oafyr
arqium
anmchu
ekntury
aeimtcoprn
acdeioplny
engipu
doetsr
acitepl
cdoetls
aemnspuyr
speur
eiht
aeghnprtso
inbeta
eritfux
ionat
hags
achneol
acnilty
aeivrtny
abdrelnu
ohuldnb
rge
aceituslv
copit
cefknlis
ictepumrs
easmn
umeocl
eiltonvs
acisrnot
euq
euvlin
prubomi
fydnuro
abestlpr
neti
acourns
acnmtle
drvnoe
fblniod
rnlogem
aegrnits
rdino
gcin
rbew
abngdir
cehrmtni
rgoe
itbr
egrlums
cdehksurnt
aitsfd
voum
abdtyils
rauoestc
rjinfe
abudl
uemin
cdeiulpsn
berly
eofrkl
aeilmrnot
abcehtkuw
arylco
aquml
acheltp
tpyu
aglsnpi
adrotin
nteoscuh
ngfa
abcehlpruno
erb
nxly
geanr
aesmtyh
ordmw
uodiramt
sinh
vise
acisurlt
abmnlet
rgansle
cdiopvrtyu
adervt
aceinrtpo
ceidrtu
acilmtnou
ogry
beguor
dniuty
crayh
scroenif
gahpr
dgneuo
bestdo
alcep
aceimhrl
aelrsip
aflto
sina
anclio
afptnil
ceimnuspo
msutpr
amndte
eilmtosn
seomryca
uedmsg
astlhp
coanm
aernvlt
uormen
iltvosn
rsimoctan
ablemrc
ktaormps
mdarni
pluirtna
liact
cemotpyn
ceilmpsotn
aubreg
