Toppings: ABCDEFGHIJKLMNOP
Toppings: ABCDEFGHIJKLMOP
Toppings: ABCDEFGHIKLMNOP
Toppings: ABCDEFGHIJKLMNOP
Toppings: ABCDEFGHIJKLMNOP
Toppings: ABCDEFGHIJKLMNOP
Toppings: ABCDEFGHIJKLMOP
Toppings: ABCDFGHIJKLMNOP
Toppings: ABCDEFGHIJKLMNOP
Toppings: ABCDEFGHIJKLMNOP
Toppings: ABCDEFGHIJKLMNOP
Toppings: ABCDEFGHIJKLMNOP
Toppings: ABCDEFGHIJKLNOP
Toppings: ABCDEFGHIJKLMNOP
Toppings: ABCDEFGHIKLMNOP
Toppings: ABCDEFGHIJKLMNOP
Toppings: ABCDEFGHIJKLMNOP
Toppings: ABCDEFGHIJKLMNOP
Toppings: ABCDEFGHIJKLMNOP
Toppings: ABCDEFGHIJKLMNOP
Toppings: ABCDEFGHIJKLMNOP
Toppings: ABCDEFGHIJKLMN
Toppings: ABCDEFGHIJKLMNOP
Toppings: ABCDEFGHIJKLMNOP
Toppings: ABCDEFGHIJKLMNOP
Toppings: ABCDEFGHIJKLMNOP
Toppings: ABCDEFGHIJKLMNOP
Toppings: ABCDEFGHIJKLMNOP
Toppings: ABCDEFGHIJKLMNOP
Toppings: ABCDEGHIKLMNOP
Toppings: ABCDEFGHIJKLMNOP
Toppings: ABCDEFGHIJKLMNOP
Toppings: ABCDEFGHIJKLMNOP
Toppings: ABCDEFGHIJKLMNOP
Toppings: ABCDEFGHIJKLMNOP
Toppings: ABCDEFGHIJKLMNOP
Toppings: ABCDEFGHIJKLMNOP
Toppings: ABCDEFGHIJKLMNOP
No pizza can satisfy these requests.
Toppings: ABCDEFGHIJKLMNOP
Toppings: ABCDEFGHIJKLMNOP
Toppings: ABCDEFHIJKLNOP
Toppings: ABCDEFGHJKMNOP
Toppings: ABCDEFGHIJKLMOP
Toppings: ABCDEFGHIJKLMNOP
Toppings: ABCDEFGHIKLMNOP
Toppings: ABCDEFGHJKLMNOP
Toppings: ABCDEFGHIJKLMNOP
Toppings: ABCDEFGHIJKLMNOP
Toppings: ABCDEFGHIKLMNOP
Toppings: ABCDEFGHIJKLMNOP
Toppings: ABCDEFGHIJKLMNOP
Toppings: ABCDEFGHIJKLNOP
Toppings: ABCDEFGHIJKLMNOP
Toppings: ABCDEFGHIJKLMOP
Toppings: ABCDEFGIJKLMNOP
Toppings: ABCDEFGHIJKLMNOP
Toppings: ABCDEFGHIJKLMNOP
Toppings: ABCDEFGHIJKMNOP
Toppings: ABCDEFGHIJKLMNOP
Toppings: ABCDEFGHIJKLNOP
Toppings: ABCDEFGHIJKLMNOP
Toppings: ABCDEFGHIJKLMNOP
Toppings: ABCDEFGHIJKLMNOP
Toppings: ABCDEFGHIJKLMNOP
Toppings: ABCDEFGHIJKLMNOP
Toppings: ABCDEFGHIJKLMNOP
Toppings: ABCDEFGHIJKLMNOP
Toppings: ABCDEFGHIJKLMNOP
Toppings: ABCDEFGHIJKLMNOP
Toppings: ABCDEFGHIJKLMNP
Toppings: ABCDFGHIJKLMNOP
Toppings: ABCDEFGHIJKLMNOP
Toppings: ABCDEFGHIJKLMNOP
Toppings: ABCDEFGHIJKLMNO
Toppings: ABCDEFGHIJKLMNOP
Toppings: ABCDEFGHIJKLMOP
Toppings: ABCDEFGHIJKLMNOP
Toppings: ABCDEFGHIJKLMNOP
Toppings: ABCDEGHIJKLMNOP
Toppings: ABCDEFGHIJKLMNOP
Toppings: ABCDEFGHIJLMNOP
Toppings: ABDEFGHIJKLMNOP
Toppings: ABCDEFGHIJKLMNO
Toppings: ABCDEFGHIJKLMNOP
Toppings: ABCDEFGHIKLMNOP
Toppings: ABCDEFGHIJKLMNOP
Toppings: ABCDEFGHIJKMNOP
Toppings: ABCDEFGHIJKLMNOP
Toppings: ABCDEFGHIJKLMNOP
Toppings: ABCDEFGHIJKLMNOP
Toppings: ABCDEFGHIJKLMNOP
Toppings: ABCDEFGHJKLMNOP
Toppings: ABCDEFGHIJKLMNOP
Toppings: ABCDEFGHIJKLMNOP
Toppings: ABCDEFGHIJKLMNOP
Toppings: ABCDEFGHIJKLMNOP
Toppings: ABCDEFGHIJKLMNOP
Toppings: ABCDEFGHIJKLMNOP
Toppings: ABCDEFGHIJKLMNOP
Toppings: ABCDEFHIJKLNOP
Toppings: ABCDEFGHIJKLMNOP
Toppings: ABCDEFGHIJKLMNOP
Toppings: ABCDEFGHIJKLMNOP
Toppings: ABCDEFGHIJKLMNOP
Toppings: ABCDEFGHIJKLNOP
Toppings: ABCDEFGHIJKLMNOP
Toppings: ABCDEFGHIJKLMNOP
Toppings: ABCDEFGHIJKLMNOP
Toppings: ABCDEFGHIJKLMNOP
Toppings: ABCDEFGHIJKLMNOP
Toppings: ABCDEFGHIJKLMNOP
Toppings: ABCDEFGHIJKLMNP
Toppings: ABCDEFGHIJKLMNP
Toppings: ABCDEFGHIKMOP
Toppings: ABCDEFGHIJKMOP
Toppings: ABCDEFGHIJKLMNOP
Toppings: ABCDEFGHIJKLMNOP
Toppings: ABCDEGHIJKLMNOP
Toppings: ABCDEFGHIJKLMNOP
Toppings: ABCDEFGHIJKLMNOP
Toppings: ABCDEFGHIJKLMNOP
Toppings: ABCDEFGHIJKLMNOP
Toppings: ABCDEFGHIJKLMNOP
Toppings: ABCDEFGHIJKLMNOP
Toppings: ABCDEFGHIJKLMNOP
Toppings: ABCDEFGHIJKLMNOP
Toppings: ABCDEFGHIJKLMNOP
Toppings: ABCDEFGIKMNP
Toppings: ABCDEFGHIJKLMNOP
Toppings: ABCDEFGIKLMNOP
Toppings: ABCDEFGHIJKLMNOP
Toppings: ABCDEFGHIJKLMNOP
Toppings: ACDEFGHIJKLMNOP
Toppings: ABCDEFGHIJKLMNOP
Toppings: ABCDEFGHIJKLMNOP
Toppings: ABCDEFGHIJKLMNOP
Toppings: ABCDEFGHIJKMNOP
Toppings: ABCDEFGHIKLMNO
Toppings: ABCDEFGHIJKLMNOP
Toppings: ABCDEFGIJKLMNOP
Toppings: ABCDEFGHIJKLMNOP
Toppings: ABCDEFGHIJKLMNOP
Toppings: ABCDEFGHIKLMNOP
Toppings: ABCDEFGHIJKLMNOP
Toppings: ABCDEFGIJKLMNOP
Toppings: ABCDEFGHIJKLMNOP
Toppings: ACDEFGHIJKLMNOP
Toppings: ABCDEFGHIJKLMNOP
Toppings: ABCDEFGHIJKLMNOP
Toppings: ABCDEFGHIJKLMNOP
Toppings: ABCDEGHIJKLMNOP
Toppings: ABCDEFGHIJKLMNOP
Toppings: ABCDEFGHIJKLMNOP
Toppings: ABCDEFGHIJKLMNOP
Toppings: ABCDEFGHIJKLMNP
Toppings: ABCDEGHJKLMOP
Toppings: ABCDEFGHIJKLMNOP
Toppings: ABCDEFGHIJKLMNOP
Toppings: ABCDEFGHIJKLMNOP
Toppings: ABCDFGHIJKLMNOP
Toppings: ABCDEFGHIJKMNOP
Toppings: ABCDEGHIJLMNOP
Toppings: ABCDEFGHIJKLMNP
Toppings: ACDEFGIJKLMNOP
Toppings: ABCDEFHIJKLMNOP
Toppings: ABCDEFGHIJLMNOP
Toppings: ABCDEFGHIJKLMNOP
Toppings: ABCDEFGHIJKLMNOP
Toppings: ABCDEFGHIJKLMNOP
Toppings: ABCDEFGHIJKLMNOP
Toppings: ABCDEFGHIJKLMNOP
Toppings: ABCDEFGHIJKLMNOP
Toppings: ABCDEFGHIJKLMNOP
Toppings: ABCDEFGHIJKLMNOP
Toppings: ABCDEFGHIKLMNOP
Toppings: ABCDEFHIJKLMNOP
Toppings: ABCDEFGHIJKLMNOP
Toppings: ABCDEFGHIJKLMNOP
Toppings: ABCDEFGHIJKLMNOP
Toppings: ABCDEFGHIJKMNOP
Toppings: ABCDEFGHIJKLMNOP
Toppings: ABCDEFGHIJKLMNOP
Toppings: ABCDEFGHIJKLMNO
Toppings: ABCDEFGHIJKLMNOP
Toppings: ABCDEFGHIKLMNP
Toppings: ABCDEFGHIJKLMNOP
Toppings: ABCDEFGHIJKLMNOP
Toppings: ABCDEFGHIJKLMNOP
Toppings: ABCDEFGHIJKLMNOP
Toppings: ABCDEFGHIJKLMNOP
Toppings: ABCDEFGHIJKLMNOP
Toppings: ABCDEFGHIJKLMOP
Toppings: ABCDEFGHIJKLMNOP
Toppings: ABCDEFGHIJKLMNOP
Toppings: ABDEFGHIJKLMNOP
Toppings: ABCDEFGHIJKLMNOP
Toppings: ABCDEFGHIJKLMNOP
Toppings: ABCDEFGHIJKLMNOP
Toppings: ABCDEFGHIJKLMNOP
Toppings: ABCDEFGHIJKLMNOP
Toppings: ABCDEFGHIJKLMNOP
Toppings: ABCDEFGHIJKLMNOP
Toppings: ABCDEFGHIJKLMNOP
Toppings: ABCDEFGHIJKLMNOP
Toppings: ABCDEFGHIJKLMNOP
Toppings: ABCDEFGHIJKMNOP
Toppings: ABCDEFGHIJKLMNO
Toppings: BCEFGHIJKLNO
Toppings: ABCDEFGHIJKLMNOP
Toppings: ABCDEFGHIJKLMNO
Toppings: ABCDEFGHIJKLMNOP
Toppings: ABCDEFGHIJKLMNO
Toppings: ABCDEFGHIJKLMNOP
Toppings: ABCDEFGHIJKLMNOP
Toppings: ABCDEFGHIJKLMOP
Toppings: ABCDEFGHIJKLMNOP
Toppings: ABCDEFGHIJKLMNOP
Toppings: ABCDEFGHIJKLMNOP
Toppings: ABCDEFGHIJKLMNOP
Toppings: ABCDEFGHIJKLMNOP
Toppings: ABCDEFGHIJKMNOP
Toppings: ABCDEFGHIJKLMNOP
Toppings: ABCDEFGHIJKLMNOP
Toppings: ABCDEFGHIJKLMNOP
Toppings: ABCDEFGHIJKLMNOP
Toppings: ABCDEFGHIKLMNOP
Toppings: ABCDEGHIJKLMNOP
Toppings: ABCDEFGHIJKLMNOP
Toppings: ABCDEFGHIJKLMNOP
Toppings: ABCDEFGHIJKLMNOP
Toppings: ABCDEFGHIJKLMNP
Toppings: ABCDEFGHIJKLMNOP
Toppings: ABCDEFGHIJKLMNOP
Toppings: ABCDEFHIJKLMNOP
Toppings: ABCDEFGHIJKLMNOP
Toppings: ABCDEFGHIJKLMNOP
Toppings: ABCDEFGHIJKLMNOP
Toppings: ABCDEFGHIJKLMNOP
Toppings: ABCDEFGHIJKLNOP
Toppings: ABCDEFGHIJKLMNOP
Toppings: ACDEFGHIJKLMNOP
Toppings: ABCDEFGHIJKLMNOP
Toppings: ABCDEFGIJKLMNOP
Toppings: ABCDEFGHIJKLMNO
Toppings: ABCDEFGHIJLMNO
Toppings: ABCDEFGHIJKLMNOP
Toppings: ABCDEFGHIJKLMNOP
Toppings: ABCDEFGHIJKLMNOP
Toppings: ABCDEFGHIJKLMNOP
Toppings: ABCDEGHIJKLMNOP
Toppings: ABCDEFGHIJKMNOP
Toppings: ABCDEFGHIJKLMNOP
Toppings: ABCDEFGHIJKLMNO
Toppings: ABCDEFGHIJKLMNOP
Toppings: ABCDEFGHIJLMNP
Toppings: ABCDEFGHJKMNOP
Toppings: ABCDEFGHIJKLMNOP
Toppings: ABCDEFGHIJKLMNOP
Toppings: BCDEFGHIJKLMNOP
Toppings: ABCDEFGHIJKLMNOP
Toppings: ABCDEFGHIJKMNOP
Toppings: ABCDEFGHIJLMNOP
Toppings: ABCDEFGHIJKLMNOP
Toppings: ABCDEFGHIJKMNOP
Toppings: ABCDEFGHIJKLMNOP
Toppings: ABCDEFGHJKLMNOP
Toppings: ABCEFGHIJKLMNOP
Toppings: ACDEFGHIKLMNOP
Toppings: ABCDEFGHIJKNOP
Toppings: ABCDEFGHIJKLMNOP
Toppings: ABCDEFGHIJKLMNP
Toppings: ABCDEFGHIJLMNOP
Toppings: ABCDEFGHIJKLMNOP
Toppings: ACDEFGHIJKLMNO
Toppings: ABCDEFGHIJKLMNOP
Toppings: ABCDEFGHIJKLMNOP
Toppings: ABCDEFGHIJKLMNOP
Toppings: ABCDEFGHIJKLMNOP
Toppings: ACDEFGHIJLMNP
Toppings: ABCDEFGHIJKLMNP
Toppings: ABCDEFGHIJKLMNOP
Toppings: ABCEFGHIJKLMNOP
Toppings: ABCDEFGHIJKLMNOP
Toppings: ABCDEFGHIJKLMNOP
Toppings: ABCDEFGHIJKLMNOP
Toppings: ABCDEGHIJKLMNOP
Toppings: ABCDEFGHIJKLMNOP
Toppings: ABCDEFGHIJKLMNOP
Toppings: ABCDEFGHIJKLMNOP
Toppings: ABCEFGHIJKLMNOP
Toppings: ABCDEFGHIJKLMNOP
Toppings: ABCDEFGHIJKLMNOP
Toppings: ABCDEFGHIJKLMNOP
Toppings: ABCDEFGHIJKLMNOP
Toppings: ABCDEFGHIJKLMNOP
Toppings: ABCDEFHIJKMNOP
Toppings: ABCDEFGHIJKLMNOP
Toppings: ABCDEFGHIJKLMNOP
Toppings: ABCDEFGHIJKLMNOP
Toppings: ACDEFGHIJKLMNOP
Toppings: ABCDEFGHIJKLMNOP
Toppings: ABCDEFGHIJKLMNOP
Toppings: ABCDEFGHIJKLMNOP
Toppings: ABCDEFGHIJKLMNOP
Toppings: ABCDEFGHIJKLMNOP
Toppings: ABCDEFHIJKLMNOP
Toppings: ABCDEFGHIJKLMNP
Toppings: ABCDEFGHIJKLMNOP
Toppings: ABCDEFGHIJKLMNOP
Toppings: ABCDEFGHIJKLMNOP
Toppings: ABCDEFGHIJKLMNOP
Toppings: ABCDEFGHIJKLMNOP
Toppings: ABCDEFGHIJKLMNOP
Toppings: BCDEFGHIJKLNOP
Toppings: ABCDEFGHIKLMN
Toppings: ABCDEFGHIJKLMNOP
Toppings: ABCDEFGHIJKLMNOP
Toppings: ABCDEFGHIJKLMNOP
Toppings: ABCDEFGHIJKMNOP
Toppings: ABCDEFGHJKLMNOP
Toppings: ABCDEFGHIJKLMNOP
Toppings: ABCDEFGHIJKLMNOP
Toppings: ABCDEFGHIJKLMNOP
Toppings: ABCDEFGHIJKLMNO
Toppings: ABCDEFGHIKLMNOP
Toppings: ABCDEFGHIJKLMOP
Toppings: ABCDEFGHIJKLMNOP
Toppings: ABCDEFGHIJKLMNOP
Toppings: ABCDEFGHIJKLMNOP
Toppings: ABCEFGHIJKLMNOP
Toppings: ABCDEGHIJKLMNOP
Toppings: ABCDEFGHIJKLMNOP
Toppings: ABCDEFGHIJKLMNOP
Toppings: ABCDEFGHIJKLMNOP
Toppings: ABCDEFGHIJKLMNOP
Toppings: ABCDEFGHJKLMNOP
Toppings: ABCDEFGHIJKLMNOP
Toppings: ABCDEFGHIJKLMNOP
Toppings: ABCDEFGHIJKLMNOP
Toppings: ABCDEFGHIJKLMNOP
Toppings: ABCDEFGHIJKLMNOP
Toppings: ABCDEFGHIJKMNOP
Toppings: ABCDEFGHIJKLMNOP
Toppings: ABCDEFGHIJKLMNOP
Toppings: ABCDEFGHIJKLMNOP
Toppings: ABCDEFGHIJKLMNOP
Toppings: ABCDEFGHIJKLMNOP
Toppings: ABCDEFGHIJKLMNOP
Toppings: ABCDEFGHIJKLNOP
Toppings: ABCDEFGHIJKLMNOP
Toppings: ABCDEFGHIJKLMNOP
Toppings: ABCDEFGHJKLMNOP
Toppings: ABCDEFGHIJKLMNOP
Toppings: ABCDFGHIKLMNOP
Toppings: ABCDEFGHIJKLMNOP
Toppings: ABCDEFGHIJMNOP
Toppings: ABCDEFHIJKLMNOP
Toppings: ABCDEFGHIJKLMNOP
Toppings: BCDEFGHIJKLMNOP
Toppings: ABCDEFGHIJKLMNOP
Toppings: ABCDEFGHIJKLMNOP
Toppings: ABDEFGHIJKLMNOP
Toppings: ABCDEFGHIJKLMNOP
Toppings: ABCDEFGHIJKLMNOP
Toppings: ABCDEFGHIJKMNOP
Toppings: ABCDEFGHIJKLMOP
Toppings: ABCDEFGHIJKLMNOP
Toppings: ABCDEFGHIJKLMNOP
Toppings: ABCDEFGHIJKLMNOP
Toppings: ABCDEFGHIJKLMOP
Toppings: ABCDEFGHIJKLMNOP
Toppings: ABCDEFGHIJKLMNOP
Toppings: ABCDEFGHIJKLMNOP
Toppings: ABCDEFGHIJKLNOP
Toppings: ABCDEFGHIJKLMOP
Toppings: ABCDEFGHIJKLMNOP
Toppings: ABCDEFGHIJKLMOP
Toppings: ABCDEFGHIJKLMNOP
Toppings: ABCDEFGHIJKLMNOP
Toppings: ABCDEFGHIJKLMNOP
Toppings: ABCDEFGHIJKLMNOP
Toppings: ABCDEFGHIJKLMNOP
Toppings: ABCDEFGHIJKLMNOP
Toppings: ABCDEFGHIJKLNOP
Toppings: ABCDEFHIJKLMNOP
Toppings: ABCDEFGHIJKLMNOP
Toppings: ABCDEFGHIJKLMNOP
Toppings: ABCDEFGIJKLMNOP
Toppings: ABDEFGIJKLMNOP
Toppings: ABDEFGHIKLMNOP
Toppings: ABCDEFGHIJKLMNOP
Toppings: ABCDEFHIJKLMNOP
Toppings: ABCDEFGHIJKLMNOP
Toppings: ABCDEFGHIJKLMNOP
Toppings: ABCDEFGHIJKLMNOP
Toppings: ABCDEFGHIJKLMNOP
Toppings: ABCDEFGHIJKLMNOP
Toppings: ABCDEFGHIJKLMNOP
No pizza can satisfy these requests.
Toppings: ABCDEFGHIJKLMNOP
Toppings: ABDEFGHIJKLMNO
Toppings: ABCDEFGHIJKLMNOP
Toppings: ABCDEFGHIJKLMNOP
Toppings: ABCDEFGHIJKLMNOP
Toppings: ABCDEFGHIJKLMNOP
Toppings: ABCDEFGHIJKLMNOP
Toppings: ABCEFGHIJKLMNOP
Toppings: ABCDEFGHIJKLMNOP
Toppings: ABCDEFGHIJKLMOP
Toppings: ABCDEFGHIJKMNOP
Toppings: ABCDEFHIJKLMNOP
Toppings: ABCDEFGHIJKMNOP
Toppings: ABCDEFGHIJKLMNP
Toppings: ABCDEFGHIJKLMNOP
Toppings: ABCDEFGHIJKLMNOP
Toppings: ABCDEFGHIJKLMNOP
Toppings: ABCDEGHIJKLMNP
Toppings: ABCDEFGHIJMNOP
Toppings: ABCDEFGHIJKLMNOP
Toppings: ABCDEFGHIJKLMNOP
Toppings: ABCDEFGHIJKLMNOP
Toppings: ABCDEFGHIJKLMNOP
Toppings: ABCDEFGHIJKLMNOP
Toppings: ACDEFGHIJKLMNOP
Toppings: ABCDEFGHIJKLMNO
Toppings: ABCDEFGHIJKLNOP
Toppings: ABCDEFGHIJKLMNOP
Toppings: ABCDEFGHIJKLMNOP
Toppings: ABCDEFGHIJKLMNOP
Toppings: ABCDEFGHIJKLMNOP
Toppings: ABCDEFGHIJKLMNOP
Toppings: ABCDEFGHIJKLMNOP
Toppings: ABCDEFGHIJKLMNOP
Toppings: ABCDEFGHIJKLMNOP
Toppings: ABCDEFGHIJKLMNOP
Toppings: ABCDEFGHIJKLMNOP
Toppings: ABDEFGHIJKLMNOP
Toppings: ABCDEFGHIJKLMNOP
Toppings: ABCDEFGHIJKLMNOP
Toppings: ABCDEFGHIJKLMNOP
Toppings: ABDEFGHIJKLMNOP
Toppings: ABCDEFGHIJKLMNOP
Toppings: ABCDEFGHIJKLMNOP
Toppings: BCDEFGHIKLMNO
Toppings: ABCDEFGHIJKLMNOP
Toppings: ABCDEFGHIJKLMNOP
Toppings: ABCDEFGHIJKLMNOP
Toppings: ABCDEFGHIJKMNOP
Toppings: ABCDEFGHIJKLMNOP
Toppings: ABCDEFGHIJKLMNOP
Toppings: ABCDEFGHIJKLMNOP
Toppings: ABCDEFGHIJKLMNOP
Toppings: ABCDEFGHIJKLMNOP
Toppings: ABCDEFGHIJKLMNOP
Toppings: ABCDEFGHIJKLMNOP
Toppings: ABCDEFGHIJKLMNOP
Toppings: ABCDEFGHIJKMNOP
Toppings: ABCDEFGHIJKLMNOP
Toppings: ABCDEFGHIJKLMNOP
Toppings: ABCDEFGHIJKLMNOP
Toppings: ABCDEFGHIKLMNO
Toppings: ABCDEFGHIJLMNO
Toppings: ABCDEFGHIJKLMOP
Toppings: ABCDEFGHIJKLMNOP
Toppings: ACDEFGHJKLMNOP
Toppings: ABCDEFGHIJKLMNOP
Toppings: ABCDEFGHIJKLMNOP
Toppings: ABCDEFGHIJKLMNOP
Toppings: ABCDEFGHIJKLMNOP
Toppings: ABCDEFGHIJKLMNOP
Toppings: ABCDEFGHIJKLMNOP
Toppings: ABCDEFGHIJKLNOP
Toppings: ABCDEFGHIJKLMNOP
Toppings: ABCDEFGHIJKLMNOP
Toppings: ABCDEFGHIJKLMNOP
Toppings: ABCDEFGHIJKLMNOP
Toppings: ABCDEFGHIJKLMNOP
Toppings: ABCDFGHJKMNOP
Toppings: ABCDEFGHIJKLMNOP
Toppings: ABCEFGHIJKLMNO
Toppings: ABCDEFGHIJLMNOP
Toppings: ABCDEFGHIJKLMNOP
Toppings: ABCDEFGHIJKLMNOP
Toppings: ABCDEFGHIJKLMNOP
Toppings: ABCDEFGHIJKLMNOP
Toppings: ABDEFGHIJKLMNOP
Toppings: ABCDEFGHIJKLMNOP
Toppings: ABCDEFGHIJKLMNOP
Toppings: ABCDFGHIJKLMNOP
Toppings: ABCDEFGHIJKLMOP
Toppings: ABCDEFGHIJKLMNOP
Toppings: ABCDEFGHIJKLMNOP
Toppings: ABCDEFGHIJKLMNP
Toppings: ABCDEFGHIJKMNOP
Toppings: ABCDEFGHIJKLMNOP
Toppings: ABCDEFGHIJKLMNP
Toppings: ABCDEFGHIJKLMNOP
Toppings: ABCDEFGHIJKLMNOP
Toppings: ABCDEFGHIJKLMOP
Toppings: ABCDEFGHIJKLMNOP
Toppings: ABCDEFGHIJKLMNOP
Toppings: ABCDEFGHIJKLMNOP
Toppings: ABCDEFGHIJKLMOP
Toppings: ABCDEFGHIJKMNO
Toppings: ABCDEFGHIJKMNOP
Toppings: ABCDEFGHIJKLNOP
Toppings: ABCDEFGHIJKLMNOP
Toppings: ABCDEFGHIJKLMNOP
Toppings: ABCDEFGHIKLMNOP
Toppings: ACDEFGHIJKLNOP
Toppings: ABCDEFHIJKLMNOP
Toppings: BCDEFGHIJKLMNOP
Toppings: ABCDEFGIJKLMNOP
Toppings: ABCDEFGHIJKLMNOP
Toppings: ABCDEFGHIJKLMNOP
Toppings: ABCDEFGHIJKLMNP
Toppings: ABCDEFGHJKMNO
Toppings: ABCDEFGHIJKLMNOP
Toppings: ABCDEFGHIJKLMNOP
Toppings: ABCEFGHIJKLMNOP
Toppings: ABCDEFGHIJKLMNOP
Toppings: ABCDEFGHIJKLMNO
Toppings: ABCDEFGHIJLMNOP
Toppings: ABCDEFGHIJKLMNOP
Toppings: ABCDEFGHIJKLMNOP
Toppings: ABCDEFGHIJKLMNOP
Toppings: ABCDEFGHIJKLMNOP
Toppings: ABCDEFGHIJKLMNOP
Toppings: ABCDFGHIJKLMNOP
Toppings: ABCDEFGHIJKLMNOP
Toppings: ABCDEFGHIJKLMOP
Toppings: ABCDEFGHIJKLMNOP
Toppings: ABCDEFGHIJKLMNOP
Toppings: ABCEFHIJKLMO
Toppings: ABCDEFGHIJKLMNO
Toppings: ABCDEFGHIJKLMNOP
Toppings: ABCDEFGHIJKLMNOP
Toppings: ABCDEFGHIJKLMNOP
Toppings: ABCDEFGHIJKLMNOP
Toppings: ABCDEFGHIJKMNOP
Toppings: ABCDEFGHIJKLMNOP
Toppings: ABCDEFGHIJKLMNOP
Toppings: ABCDEFGHIJKLMNOP
Toppings: ABCDEFGHIJKLMNOP
Toppings: ABCDEFGHIJKLMNOP
Toppings: ABCDEFGHIJKLMNP
Toppings: ABCDFGHIJKLNOP
Toppings: ABCDEFGHIJKLMNOP
Toppings: ABCEFGHIJKMNOP
Toppings: ABCDEFGHIJKLMNOP
Toppings: ABCDEFGHIJKLMNOP
Toppings: ABCDEFGHIJKLMNP
Toppings: ABCDEFGHIJKLMP
Toppings: BCDEFGHIJKLMNOP
Toppings: ABCDEFGHIJKLMNOP
Toppings: ABCDEFGHIJKLMNOP
Toppings: ABCDEFGHIJKLMNP
Toppings: ABCDEFGHIJKLMNO
Toppings: ABCDEFGHIJKLMNOP
Toppings: ABCDEFGHIJKLMNOP
Toppings: ABCDEFGHIJKLMNOP
Toppings: ABCDEFGHIJKLNOP
Toppings: ABCDEFGHIJKMNO
Toppings: ABCDEFGHIJKLMNOP
Toppings: ABCDEFGHIJKLMNOP
Toppings: ABCDEFGHIJKLMOP
Toppings: ABCDEFGHIJKLMNOP
Toppings: ABCDEFGHIJKLMNOP
Toppings: ABCDEFGHIJKLMNOP
Toppings: ABCDEFGHIJKLMNOP
Toppings: ABCDEGHIJKLMNOP
Toppings: ABCDEFGHIJKLMNOP
Toppings: ABCDEFGHIJKMNOP
Toppings: ABCDEFGHIJKLMNOP
Toppings: ABCDEFGHIJKLMNOP
Toppings: ABCDEFGHIJKLMNO
Toppings: ABDEFGHIJKLMOP
Toppings: ABCDEFGHIJKLMNOP
Toppings: ABCDEFGHIJKLMNOP
Toppings: ABCDEFGHIJKMNOP
Toppings: ABCDEFGHIJKLMOP
Toppings: ABCDEFGHIJKLMNOP
Toppings: ABCDEFGHIJKLMNOP
Toppings: ABCDEFGHIKLMNOP
Toppings: ABCDEFGHIJKMNOP
Toppings: ABCDEFGHIJKLMNOP
Toppings: ABCDEFGHIJKLMNOP
Toppings: ABCDEFGHIJKLMNOP
Toppings: ABCDEFGHIJKLMNOP
Toppings: ABCDEFGHIJKLMNOP
Toppings: ABCDEFGHIJKLMNOP
Toppings: ABCDEFGHIJKLMNOP
Toppings: ABCDEFGHIJKLMNOP
Toppings: ABCDEFGHIJKLMNOP
Toppings: ABCDEFGHIJKLMNOP
Toppings: ABCDEFGHIJKLMNOP
Toppings: ABCDEFGHIJKLMNOP
Toppings: ABCDEFGHIJKLMNOP
Toppings: ABCDEFGHIJKLMNOP
Toppings: ABCDEFGHIJKLNP
Toppings: ABCDEFGHIJKLMNOP
Toppings: ABCDEFGHIJKLMNOP
Toppings: ABCDEFGHIJKLMNOP
Toppings: ABCDEFGHIJKLMNOP
Toppings: ABCDEFGHIJKLMNOP
Toppings: ABCDEFGHIJKLMNOP
Toppings: ABCDEGHIJKLOP
Toppings: ABCDEFGHIJKLMNOP
Toppings: ABCDEFGHIJKLMNOP
Toppings: ABCEFGHIJLMNOP
Toppings: ABCEFGHIJKLMNOP
Toppings: ABCDEFGHIJKLMNOP
Toppings: ABCDEFGHIJKLNOP
Toppings: ABCDEFGHIJKLMNOP
Toppings: ABCDEFGHIJKLMNOP
Toppings: ABCDEFGHIJKLMNOP
Toppings: ABCDEFGHIJKLMNOP
Toppings: ABCDEFGHIJKLMNOP
Toppings: ABCDEFGHIJKLMNOP
Toppings: ABCDEFGHIJKLMNOP
Toppings: ABCDEFGHIJKLMNOP
Toppings: ABCDEFGHIJKLMOP
Toppings: ABCDEFGHIJKLMNOP
Toppings: ABCDEFGHIKLMNOP
Toppings: ABCDEFGIJKLMOP
Toppings: ABCDEFGHIJKLMNO
Toppings: ABCDEFGHIJLMNOP
Toppings: ABCDEFGHIJKLMOP
Toppings: ACDEFGHIJLMNOP
Toppings: ABCDEFGHIJKLMNO
Toppings: ABCDEFGHIJKLMNOP
Toppings: ABCDEFGHIJKLMNOP
Toppings: ABCDEFGHIJKLMNOP
Toppings: ABCDEFGHIJKLMNOP
Toppings: ABCDEFGHIJKLMNOP
Toppings: ABCDEFGHIJKLMNOP
Toppings: ABCDEFGHIJKLMNOP
Toppings: ABCDEFGHIJKLMNOP
Toppings: ABCDEFGHIJKLMNOP
Toppings: ABCDEFGHIJKLMNOP
Toppings: ABCDEFGHIJKLMNOP
Toppings: ABCDEFGHIJKLMNOP
Toppings: ABCDEFGHIJKLMNOP
Toppings: ABCDEFGHIJKLMNOP
Toppings: ABDEFGHIJKLMO
Toppings: ABCDEFGHIJKLMNOP
Toppings: ABCDEFGHIJKLMNOP
Toppings: ABCDEFGHIJKLMNOP
Toppings: ABDEFGHIJKLMNOP
Toppings: ABCDEFGHIJKLMNOP
Toppings: ABCDEFGHIJKLMN
Toppings: ABCDEFGHIJKLMNOP
Toppings: ABCDEFGHIJKLMNOP
Toppings: ABCDEFGHIJKLMNOP
Toppings: ABCDEFGHIJKLMNOP
Toppings: ABDEFGHIJKLMNOP
Toppings: ABDEFGHIJKLMNOP
Toppings: ABCDEFGHIJKMNOP
Toppings: ABCDEFGHIJKLMNOP
Toppings: ABCDEFGHIJKLMNOP
Toppings: ABCDEGHIJKLMNOP
Toppings: ABCDEFGHIJKLMNOP
Toppings: ABCDEFGHIJKLMNOP
Toppings: ABCDEFGHIJKLMNOP
Toppings: ABCDEFGHIJKLMNOP
Toppings: ABCDEFGHIJKLMNOP
Toppings: ABCDEFGHIJKLMNOP
Toppings: ABCDEFGHIJKLMNOP
Toppings: ABCDEFGHIJKLMNP
Toppings: ABCDEFGHIJKLMNOP
Toppings: ABCDEFHIKLMNOP
Toppings: ABCEFGHIJKLMNOP
Toppings: ABCDEFGHIJKMNOP
Toppings: ABCDEFGHIJKLMNO
Toppings: ABCDEFGHIJKLMNOP
Toppings: ABCDEFGHIJKLMNOP
Toppings: ABCDEFGHIJKLMNOP
Toppings: ABCDEFGHIJKLMNOP
Toppings: ABCDEFGHIJKLMNO
Toppings: ABCDFGHIJKLMNOP
Toppings: ABCDEFGHIJKLMNOP
Toppings: ABCDEFGHIJKLMNOP
Toppings: ABCDEFGHIJKLMNOP
Toppings: ABDEFGHIJKLMNP
Toppings: ABCDEFGHIJKLMNOP
Toppings: ABCDEFGHIJKLMNOP
Toppings: BCDEFGHJKLMNOP
Toppings: ABCDEFGHIJKLMNOP
Toppings: ABCDEFGHIJKLMNOP
Toppings: ABCDEFGHIJKLMNOP
Toppings: ABCDEFGHIJKLMNOP
Toppings: ABCDEFGHIJKLNOP
Toppings: ABCDEFGHIJKLMNOP
Toppings: ABCDEFGIJKLMNOP
Toppings: ABCDEFGHIJKLNOP
Toppings: ABCDEFGIJKMNOP
Toppings: ABCDEFGHIJKLMNOP
Toppings: ABCDEFGHIJKLMNOP
Toppings: ABCDEFGHIJLMNOP
Toppings: ABCDEFGHIJKLMNOP
Toppings: ABCDEFGIJKLMNOP
Toppings: ABCDEFGHIJKLMNOP
Toppings: ABCDEFGHIJKLMNOP
Toppings: ABCDEFGHIJKLMNOP
Toppings: ABCDEFGHIJKLMNOP
Toppings: ABCDEFGHIJKLMNO
Toppings: ABCDEFGIJKLMNOP
Toppings: ABCDEFGHIJKLMNOP
Toppings: ABCDEFGHIJKLMNOP
Toppings: ABCDEFGHIJKLNOP
Toppings: ABCDEFGHIJKLMNOP
Toppings: ABCDEFGHIJKLMNOP
Toppings: ABCDEFGHIJKLMNOP
Toppings: ABCDEFGHIJKLMNO
Toppings: ABCDEFGHIJKLMOP
Toppings: ABCDEFGHIJKLMNOP
Toppings: ABCDEFGHIJKLMNOP
Toppings: ABCDEFGHIJKLMNOP
Toppings: ABCDEFGHIJKLMNP
Toppings: ABCDEFGHIJKLMNOP
Toppings: ABCDEFGHIJKLMNOP
Toppings: ABCDEFGHIJKLMN
Toppings: ABCDEFGHIJKLMNP
Toppings: ABCDEFGHIJKLMNOP
Toppings: ABCDEFGHIJKLMNOP
Toppings: ABCDEFGHIJKLMNOP
Toppings: ABCDEFGHIJKLMNOP
Toppings: ABCDEFGHJKLMNOP
Toppings: ABCDEFGHIJKLMNOP
Toppings: ABCDEFGHIJKLMNOP
Toppings: ABCDEFGHIJKLMNOP
Toppings: ABCDEFGHIJKLMNOP
Toppings: ABCDEFGHIJLMN
Toppings: ABCDEFGHIJKLMNP
Toppings: ABCDEFGHIJKLMNOP
Toppings: ABCDEFGHIJLMNOP
Toppings: ABCDEFGHIJKLNOP
Toppings: ABCDEFGHIJKLMNP
Toppings: ABCDEFGHIJKLMOP
Toppings: ABCDEFGHIJKLMNOP
Toppings: ABCDEFGHIJKLNOP
Toppings: ABCDEFGHIJKMNOP
Toppings: ABCDEFGHIJKLMNOP
Toppings: ACDEFGHIJKLNOP
Toppings: ABCDEFGHIJKLMOP
Toppings: ACDEGHIJKLMNP
Toppings: ABDEFGHIJKLMNOP
Toppings: ABCDEFGHIJKLMNOP
Toppings: ABCDEFHIJKLMNOP
Toppings: ABCDEFGHIJKLMNOP
Toppings: ABCDEFGHIJKLMNOP
Toppings: ABCDEFGHIJKLMNOP
Toppings: ABCDEFGHIJKLMNOP
Toppings: ABCDEFGHIKLMNOP
Toppings: ABCDEFGHIJKLMNOP
Toppings: ABCDEFGHIJKLMNOP
Toppings: ABCDEFGHIJKLMNOP
Toppings: ABCDEFGHIJKLMNOP
Toppings: ABCDEFGHIJKLMNOP
Toppings: ABCDFGHIJKLMNOP
Toppings: ABCDEFGHIJKLMNOP
Toppings: ABCDEFGHIJKLMOP
Toppings: ABCDEFGHIJKLMNOP
Toppings: ABCDEFGHIJKLMNOP
Toppings: ABCDEFGHIJKLMNOP
Toppings: ABCDEFGHIJKLMNOP
Toppings: ABCDEFGHIJKLMNOP
Toppings: ABCDEFGHIJKLMNOP
Toppings: ABCDEFGHIJKLMNOP
Toppings: ABCDEFGHIJKMNOP
Toppings: ABCDEFGHIJKMNOP
Toppings: ABCDFGHIJKLMNOP
Toppings: ABCDEFGHIJKLNOP
Toppings: ABCDEGHILMNOP
Toppings: ABCDEFGHIJKLMNOP
Toppings: ABCDEFGHIJKLMNOP
Toppings: ABCDEFGHIJKLMNOP
Toppings: ABCDEFGHIJKLMNOP
Toppings: ABCDEFGHIJKLMOP
Toppings: ABCDEFGHIJKLMNOP
Toppings: ABCDEFGHIJKLMNOP
Toppings: ABCDEFGHIKLMNOP
Toppings: ABCDEGHIJKLMNOP
Toppings: ABCDEFGHIJKLMNOP
Toppings: ABCDEFGHIJKLMNOP
Toppings: ABCEFGHIJKLMNOP
Toppings: ABCDEFGHIJKLMNOP
Toppings: ABCDEFGHIJKLMNOP
Toppings: ABCDEFGHIJKLMNOP
Toppings: ABCDEFGHIJKLMNOP
Toppings: ABCDEFGHIJKLMNOP
Toppings: ABCDEFGHIJKLMNOP
Toppings: ABCDEFGHIJKLMNOP
Toppings: ABCDEFGHIJKLMNOP
Toppings: ABCDEFGHJKMNOP
Toppings: ABCDEFGHIJKLMNOP
Toppings: ABCDEFGIJKLMNOP
Toppings: ABCDEFGHIJKLMNOP
Toppings: ABCDEFGHIJKLMNOP
Toppings: ABCDEFGHIKMNOP
Toppings: ABCDEFGHIJKLMNOP
Toppings: ABCDEFGHIJKLMNOP
Toppings: BCDEFHIJKMNOP
Toppings: ABCDEFGHIJKLMNOP
Toppings: ABCDEFGHIJKLMNOP
Toppings: ABCDEFGHJKLMNOP
Toppings: ABCDEFGHIJKLMNOP
Toppings: ABCDEFGHIJKLMNOP
Toppings: ABCDEFGHIJKLMNOP
Toppings: ABCDEFGHIJKLNOP
Toppings: ABCDEFGHIJKLMNOP
Toppings: ACDEFGHIJKLMNOP
Toppings: ABCDEFGHIJKLMNOP
Toppings: ABCDEFGHJKLMNOP
Toppings: ABCDEFGHIJKLMNOP
Toppings: ABCDEFGHIJKLMNOP
Toppings: ABCDEFGHIJKLMNOP
Toppings: ABCDEFGHIJKLMNOP
Toppings: ABCDEFGHIJKLMNOP
Toppings: ABCDEFGHIJKLMNOP
Toppings: ABCDEFGHIJKLMNOP
Toppings: ABCDEFGHIJKLMNOP
Toppings: ABCDEFGHIJKLMNOP
Toppings: ABCDEFGHIJKLMNOP
Toppings: ABCDEFGHIJKLMNOP
Toppings: ABCDEFGHIJKLMNOP
Toppings: ABCDEFGHIJKLMNOP
Toppings: ABCDEFGHIJKLMNOP
Toppings: ABCDEFGHIJKLMNOP
Toppings: ABCDFGHIJKLMNOP
Toppings: ABCDEFGHIJKLNO
Toppings: ABCDEFGHIJKLMNOP
Toppings: ABCDEFGHIJKLMNOP
Toppings: ABCDEFGHIJKLMNOP
Toppings: ABCDEFGHIJKLMNOP
Toppings: ABCEFGHIJKLMNOP
Toppings: ABCDEFHIJKLMNOP
Toppings: ABCDEFGHIJKLMNOP
Toppings: ABCDEFGHIJKLMNP
Toppings: ABCDEFGHIJLMNOP
Toppings: ABCDEFGHIJKLMNOP
Toppings: ABCDEFGHIJKLMNOP
Toppings: ABCDEGHIJKLMNO
Toppings: ABCDEFGHIJKLMNOP
Toppings: ABCDEFGHIJKLMNOP
Toppings: ABCDEFGHIJKLMNOP
Toppings: ABCDEFGHIJKLMNOP
Toppings: ABCDFGHIJKLMNOP
Toppings: ABCDEFGHIJKLMNO
Toppings: ABCDEFGHIJKLMNOP
Toppings: ABCDEFGHIJKLMNOP
Toppings: ABDEFGHIJKLMNOP
Toppings: ABCDFGHIJKLMNP
Toppings: ABCEFGHIJKLMNOP
Toppings: ABCDEFGHIJKLMNOP
Toppings: ABCDEFGHIJKLMNOP
Toppings: ABCDEFGHIJKMNOP
Toppings: ABCDEFGHIJKMNOP
Toppings: ABCDEFGHIJKLMNOP
Toppings: ABDEFGHIJKLMNOP
Toppings: ABCDEFGHIJKLMNOP
Toppings: ABCDEFGHIJKLMNOP
Toppings: ACDEFGHJKLMNOP
Toppings: ABCDEFGHIJKLMOP
Toppings: ABCDEFGHIJKLMNOP
Toppings: ABDEFGHIJKLMNOP
Toppings: ABCDEFGHIJKLMNOP
Toppings: ABCDEFGHIJKLMNOP
Toppings: ABCDEFGHIJKLMNOP
Toppings: ABCDEFGHJKLMNOP
Toppings: ABCDEFGHIJKLMNOP
Toppings: ABCDEFGHJKLMNOP
Toppings: ABCDEFGHIJKLMNO
Toppings: ABCDEFGHIJKLMNOP
Toppings: ABCDEFGHIJKLMNOP
Toppings: ABCDEFGHIJKLMNOP
Toppings: ABCDEFGHIJKLMNOP
Toppings: ABCDEFGHIJKLMNOP
Toppings: ABCDEFGHIJKLMNOP
Toppings: ABCDEFGHIJKLMNP
Toppings: ABCDEFHIJKLMNOP
Toppings: ABCDEFGHIJKLMNOP
No pizza can satisfy these requests.
Toppings: BCDEFGHIJKLMNOP
Toppings: ABCDEFGHIJKLMNOP
Toppings: ABCDEFGHIJKLMNOP
Toppings: BCEFGHIJLMOP
Toppings: ABCDEFGHIJKLMNOP
Toppings: ABCDEFGHIJKLMNOP
Toppings: ABCDEFGHIJKLMNOP
Toppings: ABCDEFGHIJLMNOP
Toppings: ABCDEFGHJKLMNO
Toppings: ABCDEFGHIJKLMNOP
Toppings: ABCDEFGHIJKLMNOP
Toppings: ABCDEFGHIJKLMNOP
Toppings: ABCDEFGHIJKLMNOP
No pizza can satisfy these requests.
Toppings: ABCDEFHIJKLMNOP
Toppings: ABCDEFGHIJKLMNOP
Toppings: ABCDEFGHIJKLMNOP
Toppings: ABCDEFGHIJKLMNO
Toppings: ABCDEFGHIJKLMNOP
Toppings: ABCDEFGHILMNOP
Toppings: ABCDEFGHIJKLMNOP
Toppings: ABCDEFHIJKLMNOP
Toppings: ABCDEFGHIJKLMNOP
Toppings: ABCDEFGHIJKLMNOP
Toppings: ABCDEFGHIKLMNOP
Toppings: ABCDEFGHIJKLMNOP
Toppings: ABCDEFGHIJKLMNOP
Toppings: ABCDEFGHIJKLMNOP
Toppings: ABCDEFGHIJKLNOP
Toppings: ABCDEFGHIJKLMNOP
Toppings: ABCDEFGHIJKLMNOP
Toppings: ABCDEFGHIJKLMNOP
Toppings: ABCDEFGHIJKLMNOP
Toppings: ABCDEFGHIJKLMNOP
Toppings: ABCDEGHIJKLMNOP
Toppings: ABCDEFGHIJKLMNOP
Toppings: ABCDEFGHIJKLMNOP
Toppings: ABCEFGHIJKLMNOP
Toppings: ABCDEFGHIJKLMO
Toppings: ABCDEFGHIJKLMN
Toppings: ABCDEFGHIJKLMNOP
Toppings: ABCDEFGIJKLMNOP
Toppings: ABCDEFGHIJKLMNO
Toppings: ABCDEFGHIJLMNOP
Toppings: ABCDEFGHIJKLMNOP
Toppings: ABCDEFGHIJKLMOP
Toppings: ABCDEFGHIJKLMNOP
Toppings: ABCDEFGHIJKLMNOP
Toppings: ABCDEFGHIJKLNOP
Toppings: ABCDEFGHIJKLMNOP
Toppings: ABCDEFGHIJKLMNOP
Toppings: ABCDEFGHIJKLMNOP
Toppings: ABCDEFGHIJKLMNP
Toppings: ABCDEFGHIJKLMNOP
Toppings: ABCDEFGHIJKLMNOP
Toppings: ABCDEGHIJKLMNOP
Toppings: ABCDEFGHIJKLMNOP
Toppings: ABCDEFGHIJKLMNOP
Toppings: ABCDEFGHIJKLMNOP
Toppings: BCDEFGHIJKLMNOP
Toppings: ABCDEFGHIJKLMNOP
Toppings: ABCDEFGHIJKLMNOP
Toppings: ABCEFGHIJKLMNOP
Toppings: ABCDEFGHIJKLMNOP
Toppings: ABCDEFGHIJKLMNOP
Toppings: ABCDEFHIJKLMNOP
Toppings: ABCDEFGHIJKMNOP
Toppings: ABCDEFGHIJKLMOP
Toppings: ACDEFGHIJKLMNOP
Toppings: ABCDEFGHIJKMNOP
Toppings: ABCDEFGHIJKLMNOP
Toppings: ABCDEFGHIJKLMNOP
Toppings: ABCDEFGHIJKLMNOP
Toppings: ABCDEFGHIJKLMNOP
Toppings: ABCDEFGHIJKLMNOP
Toppings: ABCDEFGHIJKMNOP
Toppings: ABCDEFGHIJKLMNOP
Toppings: ABCDEFGHIJKLMNOP
Toppings: ABCDEFGHIJKLMOP
Toppings: ABCDEFGHIJKLMNOP
Toppings: ABCDEFGHIJKLMNOP
Toppings: ABCDEFGHIJKLMNOP
Toppings: ABCDEFGHIJKLMNP
Toppings: ABCDEFGHIJKLMNOP
Toppings: ABCDEFGHIJKLMNOP
Toppings: ABCDEFGHIJKLMNOP
Toppings: ABCDEFGHIJKLMNOP
Toppings: ABCDEFGHIJKLMNOP
Toppings: ABCDEFGHIJKLMNOP
Toppings: ABCDEFGHIJKLMNOP
Toppings: ABCDEFGHIJKLMNOP
Toppings: ABCDEFGHIJKLMNOP
Toppings: ABCDEFGHIJKLMNOP
Toppings: ABCDEFGHIJKLMNOP
Toppings: ABCDEFGHIJKLMNOP
Toppings: ABCDEFGHIJKLMNOP
Toppings: ABCDEFGHIJKLMOP
Toppings: BCDEFGHIJKLMNOP
Toppings: ABCDEFGHIJKLMNOP
Toppings: ABCDEFGHIJKLMNOP
Toppings: ABCDEFGHIJLMNOP
Toppings: ABCDEFGHIJKLMNOP
Toppings: ABCDEFGHIJKLMOP
Toppings: ABCDEFGHIJKLMNOP
Toppings: ABCDEFGHIKLMNOP
Toppings: ABCDEFGHIJKLMOP
Toppings: ABCDEFGHIJKLMNOP
Toppings: ABCDEFGHIJKLMOP
Toppings: ABCDEFGHIJKLMNOP
Toppings: ABCDEFGHIJKLMNOP
Toppings: ABDEFGHIJKLMNOP
Toppings: ABCDEFGHIJKLMNOP
Toppings: ABCDEFGHIJKLMNOP
Toppings: ABCDEFGHIJKLMNOP
Toppings: ABCDEFGHIJKLMNOP
Toppings: ABCDEFGHIJKLMNOP
