  180226      -1      63
  994052       0     255
  763114      -1      80
  123966       0      25
  572884       0     -53
    7299       0       7
  673591       1     210
  479690      -1      36
  861734      -1    -119
    4611      -1      -1
  373389      -1      -3
  218395      -1       1
  185700       0      31
  102627       0     -62
  428082      -1     110
  779769       0      -9
  772474       1      48
  689815      -1     190
  963331      -1      -2
  807292       0     -57
  941639       1    -203
   73220       0      35
  377607      -1       5
  632502       0     -62
      88       0      -1
  607527       0    -191
  320299       1      56
  853764       0    -137
  864540       0    -142
  980179      -1      99
  581828       0     -70
  561117      -1     -39
 1000000       0     212
  861293      -1    -141
  685082      -1     184
   63465      -1     -36
  591274      -1    -147
       8       0      -2
   59506       1    -105
  969360       0      74
  336208       0    -158
  949247       1    -137
  187754      -1      15
  521907       1    -133
   51873       1       7
  615835      -1    -220
       1       1       1
  824346       0    -177
  305649       0     166
  297709       1     190
