mr
uns
dri
dg
veu
pt
ia
hvh
rjn
cof
v
cnb
oys
lr
ip
il
fu
iq
sih
adp
bbb
dps
brv
pxa
fpq
zfv
iqt
txu
pb
ii
lif
hdz
za
gbu
rr
bk
oip
v
sdt
og
pvb
qn
xo
qw
eow
xhx
fwn
ema
ij
uh
vva
kod
wa
de
bo
ehn
dx
tfg
flw
gap
qlex
dm
hzs
wt
wqq
av
fv
odm
wf
mge
loxy
pml
wty
er
jvm
jlj
tww
nyk
zjb
yuz
aeo
xsm
tux
uxn
fyg
aip
pxxp
ijh
qgr
trl
nby
vbk
fat
it
cu
e
kqx
mpp
rn
br
av
jtm
uh
zc
bm
wb
ba
yg
i
lql
ocza
akx
az
pi
rp
fox
tsy
xrg
yf
jw
ci
ij
fql
ty
aa
ty
bdd
rc
gm
im
yoj
szv
yzg
fsw
nzl
tva
vjj
zgl
wv
uo
rs
ssq
kxq
pnw
t
ybl
fmq
i
xqc
qtwnoh
