26628.219 mL
51614.010 mL
127996.568 mL
3372.051 mL
9419.767 mL
14798.537 mL
3078.105 mL
67842.897 mL
2610.688 mL
105691.597 mL
3080.776 mL
18589.177 mL
28467.019 mL
30.791 mL
8281.747 mL
34672.285 mL
1542.623 mL
72884.761 mL
11093.097 mL
31733.655 mL
74033.237 mL
13730.934 mL
27718.430 mL
464.399 mL
39988.039 mL
5341.728 mL
9103.785 mL
16899.934 mL
4667.311 mL
31743.753 mL
19193.612 mL
9029.362 mL
970.810 mL
28084.306 mL
41588.395 mL
7955.388 mL
6309.320 mL
53467.700 mL
36701.413 mL
66703.414 mL
79976.397 mL
19026.935 mL
870.567 mL
6080.979 mL
433.184 mL
2739.191 mL
98186.293 mL
57009.615 mL
66354.767 mL
5.310 mL
696.897 mL
475.494 mL
6178.777 mL
73902.020 mL
32801.075 mL
1713.745 mL
3210.183 mL
1500.515 mL
422.616 mL
6454.714 mL
249732.042 mL
1083.026 mL
4865.563 mL
55801.964 mL
226820.898 mL
6234.183 mL
88985.105 mL
2403.975 mL
118156.517 mL
9112.434 mL
32979.762 mL
68450.807 mL
4982.753 mL
28881.145 mL
11370.255 mL
33.725 mL
10647.327 mL
58275.111 mL
362.436 mL
23710.258 mL
182975.336 mL
44919.684 mL
841.482 mL
33732.915 mL
77.165 mL
30142.266 mL
288426.947 mL
242.626 mL
18216.812 mL
205123.076 mL
49200.516 mL
42686.370 mL
13480.615 mL
788.633 mL
116175.033 mL
23003.334 mL
231.387 mL
2228.777 mL
6048.000 mL
73815.727 mL
