44

60

58

25

55

68

60

61

50

28

55

26

65

62

47

45

95

19

52

31

37

55

27

40

75

33

45

9

37

46

34

53

81

37

40

37

33

42

41

52

37

45

54

53

35

45

35

52

45

60

39

88

62

61

20

35

47

27

55

79

46

86

70

34

45

52

56

58

29

54

40

48

18

44

34

31

26

36

94

74

66

43

32

57

29

41

38

59

58

58

86

21

60

57

49

75

37

13

72

12

57

52

24

27

28

26

36

41

58

49

55

18

54

45

61

46

49

49

41

46

46

42

26

12

60

61

70

44
