0 48 77
2 36 147
7 141 165
-1
5 39 151
1 98 168
-1
0 32 209
0 12 187
-1
-1
7 144 159
2 19 80
0 104 114
0 5 190
3 51 194
2 53 123
2 4 114
10 38 140
1 2 26
6 113 165
8 10 62
3 117 135
4 35 155
4 49 211
1 27 82
3 3 77
3 22 27
2 28 172
4 12 99
-1
0 6 136
2 56 184
0 13 50
-1
-1
0 119 171
-1
2 13 28
1 109 185
0 31 89
1 49 150
3 85 147
3 27 58
3 21 119
9 25 204
1 15 111
-1
2 7 181
0 97 140
1 129 175
2 26 90
0 14 121
4 45 216
18 96 179
1 21 94
1 13 164
-1
3 14 122
0 35 207
0 24 155
-1
0 12 176
1 59 174
2 39 135
1 8 160
0 62 212
3 23 112
0 133 135
-1
5 61 203
8 74 130
1 31 157
8 34 172
0 33 117
0 100 157
6 44 151
0 92 190
12 12 192
20 36 204
5 27 65
2 9 214
5 7 23
-1
0 17 128
-1
2 13 190
-1
4 63 132
1 90 143
-1
-1
1 38 123
1 34 127
2 11 188
3 13 207
-1
0 14 200
1 64 201
0 21 113
0 44 160
-1
-1
1 25 63
3 7 141
-1
1 74 209
-1
0 96 145
-1
0 28 165
7 13 137
3 11 123
5 46 196
0 75 116
1 17 164
2 70 151
1 16 176
0 2 114
3 83 203
2 80 152
2 81 99
0 8 204
2 25 130
0 4 110
4 19 153
0 68 148
1 92 117
-1
1 53 80
1 50 97
5 18 78
0 27 54
6 44 210
1 52 193
2 89 141
-1
4 52 132
3 75 136
-1
3 78 122
-1
-1
4 13 181
3 11 172
1 109 110
1 22 70
20 52 204
-1
-1
0 17 151
1 45 214
4 48 170
6 23 144
1 27 110
1 17 167
0 77 135
0 23 69
-1
0 34 177
0 101 164
-1
0 93 128
2 57 123
-1
2 58 148
2 3 177
5 150 153
10 38 208
1 140 142
-1
0 32 217
2 90 166
5 7 51
1 8 220
-1
1 33 214
0 37 125
1 38 163
2 22 28
5 133 163
4 44 187
-1
0 1 53
1 67 134
-1
1 22 76
4 16 202
3 29 107
1 37 138
0 113 178
3 19 64
0 2 136
-1
1 73 197
2 63 135
0 33 125
0 61 126
7 90 134
1 28 28
3 15 146
1 3 170
3 3 167
0 3 107
1 16 144
0 51 56
1 22 70
-1
1 25 68
0 16 31
-1
2 112 190
0 100 194
0 4 88
0 6 135
0 36 70
1 63 173
6 116 180
2 52 87
5 77 157
0 7 187
-1
0 1 154
1 102 162
0 33 138
2 74 94
3 105 154
0 3 50
-1
4 20 120
1 73 178
3 7 150
-1
0 30 109
1 39 120
0 48 198
6 114 151
1 38 215
0 11 117
1 133 150
0 17 220
0 29 125
2 81 109
3 15 170
0 6 62
1 29 116
-1
3 75 103
2 78 118
3 15 96
0 54 90
-1
-1
-1
1 1 136
-1
2 10 150
3 77 185
5 7 121
0 6 150
1 26 60
0 50 71
4 12 36
-1
0 20 180
-1
3 39 202
3 113 135
8 149 166
0 55 174
-1
-1
6 34 126
-1
1 29 208
0 29 212
8 16 64
0 8 20
-1
5 25 177
1 7 182
-1
0 142 155
2 57 167
1 33 99
2 66 150
1 35 113
3 103 165
1 27 185
0 8 176
2 42 70
1 31 202
-1
1 26 205
0 48 65
0 4 143
3 29 210
2 124 151
16 84 156
1 94 166
8 38 212
1 10 58
4 24 100
-1
3 13 129
6 9 152
1 105 127
-1
1 23 195
4 50 106
-1
1 17 74
-1
1 23 47
-1
-1
-1
3 7 83
1 14 105
1 86 149
-1
0 55 144
1 35 86
0 15 46
-1
2 8 91
3 7 133
7 17 130
2 31 35
1 7 21
-1
1 7 116
1 46 198
2 57 72
1 31 215
1 20 110
0 32 193
0 38 215
1 73 152
3 44 197
1 95 133
1 57 57
1 80 173
1 9 59
6 24 96
2 4 134
1 10 68
0 5 209
2 42 82
1 48 194
-1
-1
1 6 222
-1
1 34 50
0 68 108
0 22 121
1 10 196
4 130 157
2 50 71
3 120 142
3 35 177
1 136 156
0 122 163
0 91 201
0 11 167
-1
2 98 147
1 43 154
0 49 213
2 50 158
2 45 81
-1
5 39 147
-1
1 19 66
0 4 203
4 36 132
0 48 174
0 132 148
2 35 93
-1
2 14 210
1 1 159
1 34 177
6 30 194
0 110 157
1 9 139
2 104 191
-1
0 2 199
-1
1 38 189
2 63 170
-1
28 102 150
5 19 149
-1
0 122 123
2 48 102
8 26 210
8 35 137
0 104 164
1 31 182
3 6 110
1 17 163
1 67 103
2 20 220
2 93 115
1 13 159
0 46 80
-1
0 3 122
1 84 161
0 23 92
0 70 154
1 1 35
1 39 81
2 7 145
-1
0 15 133
2 82 138
1 16 113
2 38 85
-1
4 82 200
3 91 189
-1
1 100 141
4 74 210
2 67 128
1 85 149
0 14 133
0 41 158
1 32 214
4 4 76
1 43 213
0 142 158
2 29 68
-1
0 63 131
1 40 48
1 59 182
0 2 191
2 14 200
1 19 137
2 4 94
0 10 106
2 38 115
1 26 108
3 65 101
1 32 189
24 96 184
3 42 113
5 91 114
8 34 202
2 13 193
3 11 170
0 35 51
2 20 60
3 37 139
-1
4 11 161
0 34 35
0 19 208
0 53 131
2 58 155
-1
-1
3 105 137
5 53 103
-1
10 36 184
-1
8 26 124
-1
1 31 109
4 68 180
1 65 213
1 3 155
5 36 121
1 2 5
-1
8 40 128
-1
12 22 186
-1
-1
0 15 178
1 3 153
-1
1 2 47
7 18 105
1 29 181
0 110 136
5 18 206
1 54 91
-1
1 5 58
-1
-1
0 80 197
1 18 83
0 115 141
5 7 215
0 12 223
2 12 192
-1
1 67 112
3 21 68
-1
2 30 126
4 43 115
1 1 174
-1
-1
4 14 131
2 3 188
-1
2 24 125
1 122 185
1 71 139
1 70 189
3 147 168
1 51 202
1 26 92
2 55 82
0 20 78
1 51 116
0 0 92
0 1 126
10 16 100
1 32 133
-1
1 12 219
0 60 61
0 2 97
0 66 115
12 18 92
0 46 210
1 10 155
1 91 181
1 18 86
0 19 35
1 3 156
0 37 82
1 2 50
20 52 204
-1
1 36 54
0 7 40
-1
-1
1 7 135
0 61 156
1 119 161
3 135 167
0 30 207
-1
0 146 165
0 13 159
2 20 27
9 54 212
1 70 91
0 40 91
1 20 213
2 126 154
1 28 152
1 86 189
14 30 216
1 15 181
2 23 142
0 0 47
0 20 31
0 85 133
8 112 168
6 36 182
5 47 99
-1
1 9 144
2 39 45
5 59 81
1 14 223
0 19 104
-1
-1
2 39 75
2 34 151
5 8 194
2 10 172
2 45 67
0 81 135
0 84 161
0 53 183
0 75 139
2 59 210
2 28 190
16 24 36
0 10 211
1 5 47
-1
6 9 194
1 3 169
-1
4 94 114
4 28 203
13 78 168
3 17 131
5 8 209
0 34 214
3 9 155
1 14 56
12 64 200
2 5 28
-1
2 54 198
3 15 185
0 39 108
4 5 203
2 20 68
6 70 174
2 63 173
1 79 85
0 18 41
6 10 222
4 10 103
1 58 183
1 26 80
3 34 152
2 19 100
5 149 161
5 9 63
-1
-1
7 17 221
0 31 131
4 12 220
0 29 191
-1
2 14 138
3 89 151
2 3 67
-1
-1
5 41 197
1 62 155
0 86 201
0 25 220
1 42 57
5 84 84
3 23 221
4 22 106
2 129 165
30 118 180
3 23 67
1 96 170
-1
-1
-1
-1
1 46 196
7 39 177
0 66 131
5 82 92
2 59 146
3 3 187
18 84 164
0 43 88
0 35 182
1 63 77
1 29 213
0 33 145
4 27 100
1 8 111
5 80 97
0 32 182
1 32 53
0 6 108
0 2 187
3 48 57
0 57 213
-1
4 39 186
-1
-1
0 125 184
1 117 177
1 8 137
0 8 17
4 36 84
0 19 107
1 29 206
2 116 146
0 64 209
1 2 219
1 47 182
2 28 218
3 129 175
9 16 60
2 27 171
0 15 212
5 7 143
0 3 42
-1
2 5 61
1 14 83
-1
0 47 198
4 13 50
7 19 63
1 31 139
0 60 158
4 23 179
4 52 178
0 105 193
4 65 164
-1
9 20 126
0 12 187
-1
3 7 51
1 14 196
3 37 129
5 55 73
4 35 193
2 33 219
1 119 161
4 6 45
-1
1 33 135
-1
-1
1 141 165
0 34 50
2 25 118
1 29 61
1 25 192
10 12 204
8 104 176
1 30 78
0 25 210
0 2 72
0 17 61
6 120 172
1 83 88
8 62 142
8 78 200
1 13 170
5 81 109
1 22 183
6 20 189
-1
3 115 183
0 4 130
-1
4 62 83
3 126 145
1 17 158
5 77 157
-1
20 24 36
2 30 114
-1
8 32 96
-1
0 48 80
1 37 207
2 70 107
6 31 144
0 27 128
1 92 183
0 45 138
-1
-1
1 75 192
-1
1 5 204
1 69 141
2 18 50
1 51 155
2 33 213
2 77 103
-1
2 85 144
1 13 206
11 91 141
2 70 112
8 32 208
0 3 78
3 14 81
3 13 81
3 18 112
6 140 148
0 41 125
1 22 182
1 44 214
-1
1 39 159
-1
-1
-1
0 47 112
3 13 119
4 64 214
0 49 185
0 110 143
0 102 190
-1
0 44 106
9 23 207
-1
2 8 82
0 95 101
1 14 131
1 11 15
1 14 152
0 45 97
2 9 50
-1
3 14 81
9 114 161
0 15 210
1 12 85
2 105 108
1 14 185
0 16 221
0 35 76
0 50 129
0 36 72
0 41 149
6 50 174
-1
6 39 127
4 9 222
0 16 101
0 19 152
3 35 139
4 62 177
6 16 100
2 64 170
3 30 211
2 79 185
0 69 205
1 37 183
2 90 102
-1
-1
-1
2 41 134
2 87 92
0 80 162
0 63 136
5 127 147
3 97 163
3 90 166
4 84 129
0 18 191
1 10 222
1 27 42
3 20 146
3 41 156
0 26 214
0 82 145
0 12 78
1 152 160
0 47 158
0 82 135
2 17 171
0 4 103
0 79 134
14 90 168
-1
2 13 98
4 37 45
0 103 167
3 79 116
0 47 102
-1
1 21 167
-1
1 8 120
-1
-1
2 70 177
5 37 175
1 31 177
3 21 86
5 14 154
3 75 143
6 30 126
3 23 78
2 2 100
0 2 101
9 43 123
-1
3 85 101
-1
7 7 167
-1
0 81 201
4 86 184
0 117 188
-1
0 144 166
1 12 157
-1
0 28 122
2 12 161
3 77 182
0 119 155
2 16 200
12 44 188
1 2 183
-1
0 31 177
8 26 34
4 62 162
0 39 41
-1
3 33 77
8 28 178
1 102 183
-1
5 15 60
1 49 205
0 27 115
0 13 73
15 27 221
1 17 198
-1
3 62 123
1 66 124
3 9 80
5 49 217
4 4 52
8 24 102
15 79 159
0 8 117
0 50 113
8 8 88
8 66 156
0 38 152
0 77 110
2 55 212
-1
2 59 164
1 15 216
1 64 179
0 96 120
3 24 135
-1
8 88 200
0 34 160
4 42 102
2 52 202
1 5 79
1 10 193
-1
2 6 131
-1
0 7 32
0 10 56
2 38 210
5 9 155
3 7 55
12 108 178
0 116 120
1 122 167
1 17 50
2 28 106
1 1 193
3 48 172
0 6 137
-1
3 62 175
-1
0 24 218
0 58 90
1 5 41
4 76 139
5 53 115
-1
-1
-1
1 14 167
-1
1 21 65
0 67 164
-1
40 56 184
5 67 117
1 65 210
0 15 122
1 22 52
0 61 132
4 11 107
3 9 143
3 3 133
0 104 139
1 64 109
2 6 92
0 8 41
0 114 170
2 15 74
0 91 125
-1
0 44 120
2 33 173
3 24 211
2 94 198
0 78 93
2 17 193
1 74 101
6 30 157
1 33 93
2 24 132
-1
2 105 163
2 62 168
-1
4 21 133
7 14 55
0 34 148
3 21 203
-1
0 7 178
1 141 170
6 27 150
4 18 89
1 13 101
-1
1 110 153
5 13 59
4 41 158
0 83 140
4 83 190
0 14 177
1 24 103
2 2 71
2 140 166
-1
0 96 159
0 16 72
0 31 70
0 116 156
2 92 133
1 19 101
-1
4 5 50
1 30 71
13 129 129
3 15 175
-1
4 46 130
3 62 147
5 33 175
5 138 150
-1
0 17 204
1 27 107
4 92 152
1 10 165
10 134 154
1 41 218
10 39 183
-1
5 6 222
18 54 206
0 11 215
4 43 172
2 58 214
7 15 39
3 64 156
16 119 184
2 80 134
3 15 87
4 31 208
1 79 191
4 38 134
-1
1 33 105
4 10 120
0 36 171
3 26 222
5 55 142
0 54 191
2 2 13
-1
-1
0 13 118
-1
1 72 167
0 12 200
0 7 143
1 47 161
3 39 210
2 110 119
1 19 101
10 22 94
4 20 128
-1
-1
1 100 102
-1
0 68 162
-1
0 48 195
-1
1 77 207
0 6 115
0 55 181
-1
2 37 115
2 4 187
14 24 162
-1
-1
-1
1 66 154
2 5 35
0 19 116
1 6 118
-1
11 31 175
0 0 191
1 12 200
3 13 127
1 17 146
1 11 205
4 40 152
1 29 162
0 8 184
8 8 180
0 10 148
0 28 137
4 65 199
1 69 181
0 85 127
0 3 89
1 75 202
0 49 69
1 78 183
0 13 126
-1
2 53 206
6 6 206
-1
0 4 206
0 20 186
0 109 195
3 11 21
5 19 182
0 24 100
0 39 158
2 4 215
1 70 126
1 25 212
1 34 50
2 5 141
1 9 90
2 123 132
0 70 164
2 16 106
1 7 127
1 34 81
4 114 164
0 78 105
0 8 32
1 135 153
2 30 100
5 9 203
-1
14 34 174
0 97 117
6 6 158
5 86 149
7 84 144
1 76 196
3 16 151
3 34 153
-1
0 45 116
3 51 167
1 110 111
3 46 177
1 103 117
-1
2 26 46
0 68 130
0 93 110
-1
0 109 140
7 13 183
0 57 100
-1
1 39 94
2 51 129
3 3 218
5 141 171
1 75 194
2 28 157
0 76 91
2 2 205
2 20 134
0 22 206
3 91 125
3 5 172
0 42 188
2 132 158
-1
2 117 158
1 79 196
1 7 206
0 23 149
-1
5 21 169
1 25 138
-1
1 113 125
-1
2 50 174
5 77 168
4 8 68
2 10 181
12 30 134
-1
0 96 106
3 60 148
-1
0 60 126
-1
-1
1 5 133
2 25 148
2 43 178
2 43 164
7 25 187
0 16 156
0 75 162
1 81 139
6 20 112
2 84 150
1 8 202
-1
-1
1 18 40
2 72 195
0 6 207
0 18 171
-1
2 28 162
1 19 50
0 27 82
1 54 155
-1
0 0 168
3 42 181
0 10 222
0 44 170
0 43 55
0 20 52
3 23 160
1 66 124
0 62 90
5 47 217
0 57 189
2 61 64
0 68 163
0 6 54
0 16 183
1 100 164
2 8 157
-1
0 67 147
21 21 131
-1
0 74 96
-1
1 21 39
7 42 90
1 21 39
-1
-1
8 34 194
4 20 56
0 72 142
1 49 130
2 90 124
-1
5 87 147
3 65 177
1 18 58
0 34 114
0 42 135
4 41 219
3 20 198
-1
0 32 125
1 41 125
2 45 216
2 70 134
0 26 166
2 120 151
2 141 160
12 36 44
3 19 93
0 50 136
4 31 140
0 53 184
1 11 206
0 21 180
3 49 186
0 2 76
0 2 61
0 45 79
0 31 131
5 59 91
1 69 138
1 42 163
0 7 137
3 23 201
1 2 103
0 64 75
2 72 120
2 38 193
-1
0 54 190
0 15 33
1 5 13
0 38 110
0 112 112
0 17 124
4 56 76
0 42 105
5 19 55
3 140 156
0 45 161
-1
0 3 86
1 1 53
2 107 148
-1
0 28 137
2 79 84
1 27 170
0 39 69
5 68 148
0 20 214
1 97 115
3 34 135
-1
2 123 185
1 27 115
6 65 177
0 125 178
0 5 101
4 32 130
1 12 130
3 125 173
0 50 66
0 46 136
-1
0 66 124
2 68 198
3 17 165
-1
5 6 66
-1
0 154 154
0 25 197
8 36 156
-1
0 8 138
1 33 123
-1
-1
2 17 67
3 29 143
3 25 207
4 24 154
1 75 209
0 107 107
-1
1 12 124
1 83 148
4 17 168
4 28 203
2 44 130
0 1 164
4 56 160
-1
2 5 127
3 43 102
0 77 127
2 92 133
1 75 126
-1
20 24 132
4 80 86
1 2 190
-1
4 12 60
0 21 24
0 0 35
-1
1 10 155
1 33 122
2 8 66
-1
0 55 192
1 11 86
1 14 212
-1
0 62 137
-1
12 12 164
0 28 203
3 117 165
2 38 157
4 26 88
1 33 138
-1
1 20 118
-1
4 12 51
6 36 130
-1
0 132 138
0 18 96
3 21 133
1 46 188
4 16 56
-1
1 49 215
12 18 68
0 25 164
-1
1 94 94
5 7 133
0 38 83
5 44 164
1 9 111
7 39 219
0 12 180
3 31 153
0 8 81
0 32 85
1 63 127
2 10 110
3 77 173
2 6 116
0 33 188
-1
3 87 185
-1
0 10 89
1 69 90
1 20 208
1 75 138
-1
0 13 129
0 0 189
6 24 89
3 47 189
4 100 164
1 34 80
2 17 165
2 8 168
0 57 100
1 23 112
2 28 212
0 12 185
4 76 85
-1
0 14 138
2 10 53
-1
2 5 129
4 9 54
0 61 165
4 20 190
4 71 211
8 44 124
4 32 220
2 56 140
0 7 89
2 32 163
5 39 149
-1
4 35 178
1 11 157
3 150 163
-1
0 44 61
0 96 151
10 18 108
4 50 188
2 56 211
2 83 178
-1
6 52 153
2 132 160
0 58 67
4 8 122
0 32 50
3 141 170
1 90 128
2 15 74
0 44 119
-1
1 11 19
5 104 121
0 14 151
0 1 196
1 21 192
2 17 173
8 44 182
4 5 59
1 2 222
1 90 163
2 50 106
3 117 158
6 20 56
1 55 102
3 111 146
0 62 177
3 49 177
3 57 72
0 42 195
0 46 111
4 100 114
2 109 151
2 92 128
0 43 195
4 15 60
3 25 183
5 25 121
0 120 127
8 44 140
0 28 168
2 73 117
2 84 114
0 31 144
1 9 85
14 58 145
0 95 131
0 44 151
8 68 100
0 9 207
3 7 111
3 46 213
2 92 103
1 1 11
2 53 92
1 12 48
2 91 94
4 10 30
-1
2 63 168
3 36 112
0 0 3
-1
-1
-1
0 40 51
6 104 150
1 95 144
0 15 34
2 20 166
-1
0 49 130
2 26 86
1 14 34
10 130 162
21 21 131
3 19 201
0 25 122
20 96 186
6 34 136
0 47 195
0 48 179
5 35 187
2 16 187
2 85 184
4 108 180
4 17 215
3 12 190
0 51 71
1 7 62
0 89 100
0 26 163
0 3 221
1 86 176
0 5 222
4 80 104
0 22 147
16 32 128
0 15 85
-1
13 123 153
3 11 111
0 36 51
1 129 165
6 10 120
0 17 86
8 84 104
3 20 120
-1
1 31 141
36 108 188
2 39 103
1 69 105
-1
0 19 147
10 86 110
3 21 209
1 94 164
5 41 110
1 74 209
2 9 78
5 39 199
6 30 214
1 21 211
0 36 109
1 60 107
-1
1 1 32
1 9 115
1 8 126
1 21 139
2 2 50
1 17 134
5 115 151
4 4 214
3 123 140
3 103 128
-1
1 91 179
-1
0 93 143
-1
3 101 111
0 9 105
0 26 89
1 121 130
-1
2 66 176
1 11 191
2 86 184
1 17 85
1 89 193
4 104 134
0 52 171
0 35 179
6 34 36
0 53 62
8 22 148
3 8 177
0 11 187
3 3 127
2 9 133
1 40 172
0 62 160
1 39 109
0 65 159
1 24 184
1 94 125
3 12 221
2 33 177
1 49 165
2 130 172
1 2 18
0 66 156
4 60 184
1 117 122
0 72 90
-1
0 64 183
5 6 177
1 34 165
0 14 205
-1
2 15 195
1 3 209
4 25 44
2 17 172
0 19 141
0 2 128
0 47 153
0 4 84
4 32 162
2 131 141
-1
5 15 134
2 8 197
-1
-1
6 40 145
4 19 151
10 18 108
-1
-1
0 98 117
9 21 185
2 123 153
3 62 140
0 29 108
0 124 124
1 10 127
2 29 40
0 41 174
5 50 158
2 52 202
1 23 206
4 4 98
0 30 121
0 39 145
-1
6 33 107
1 54 194
1 45 124
2 99 125
4 78 138
0 10 78
2 117 177
14 90 144
12 80 104
-1
4 6 192
-1
-1
2 10 174
0 147 165
0 15 46
1 4 156
0 12 183
-1
0 58 90
4 80 196
0 12 48
0 38 119
3 21 187
1 52 148
1 11 194
-1
2 38 144
6 10 150
0 27 98
1 37 207
1 8 212
0 65 197
1 29 142
0 15 79
0 40 48
2 34 205
-1
-1
-1
2 22 214
3 129 154
0 30 148
-1
0 147 155
0 29 71
-1
1 10 217
-1
0 28 38
1 114 161
3 10 115
3 48 128
1 85 173
-1
1 3 217
1 43 130
1 38 123
1 1 8
1 50 127
0 20 211
1 69 114
1 37 207
0 82 108
9 81 139
-1
-1
4 74 166
2 34 156
3 106 156
-1
8 24 213
-1
2 90 166
-1
0 12 94
-1
2 28 122
0 19 51
3 43 171
1 14 176
2 79 124
3 9 97
2 5 120
8 22 160
3 125 167
1 48 207
1 5 215
10 48 93
-1
-1
2 116 144
1 14 25
5 15 101
2 18 62
2 4 91
-1
1 18 100
12 28 198
-1
-1
1 73 113
-1
0 11 138
1 67 202
0 68 200
1 54 151
0 11 26
4 82 130
1 1 106
-1
3 13 165
6 22 60
1 69 181
0 18 175
14 54 126
2 141 165
2 3 33
-1
4 4 197
0 11 120
0 116 189
0 60 142
1 38 173
1 15 66
4 65 199
-1
0 68 188
-1
4 8 26
0 1 63
1 56 149
40 72 120
-1
4 49 149
0 13 51
0 15 42
-1
3 89 151
2 6 59
-1
1 118 167
0 34 107
0 22 141
3 66 169
1 22 220
4 29 154
5 33 42
0 6 136
-1
1 99 165
3 115 151
4 23 107
1 25 138
0 69 175
1 27 138
-1
2 116 185
6 15 109
0 21 185
1 19 205
-1
5 31 145
3 39 60
0 138 138
-1
1 128 143
3 12 175
-1
2 14 170
0 32 146
1 18 208
2 50 84
3 57 191
0 140 149
16 144 144
1 1 171
0 68 88
5 11 101
-1
0 15 202
7 39 99
4 110 116
1 108 138
8 68 148
4 5 94
10 94 126
0 4 56
2 27 130
0 64 81
8 20 176
6 74 146
0 105 152
3 56 172
2 21 21
0 0 15
2 63 103
3 8 141
1 29 35
4 78 180
2 8 64
0 82 190
3 62 212
8 20 176
3 77 169
4 40 153
0 58 122
3 9 10
1 13 99
-1
4 31 221
-1
-1
1 50 91
2 4 125
1 11 191
2 112 187
-1
7 104 155
4 14 197
1 1 105
-1
1 104 119
0 54 207
0 50 84
0 71 109
4 8 50
2 19 212
0 54 99
4 53 193
1 51 69
1 7 110
0 37 179
-1
1 18 187
0 32 97
0 77 133
0 32 201
0 75 157
0 7 38
2 60 139
0 32 198
24 66 166
0 33 103
1 10 164
3 14 122
0 37 119
0 5 99
6 21 211
0 65 129
0 95 104
1 1 106
3 35 102
2 85 122
2 76 76
4 23 193
3 49 74
0 29 84
3 7 126
1 13 117
1 24 135
1 2 19
8 18 192
4 27 138
1 5 123
-1
9 59 114
0 42 109
2 10 186
4 105 177
-1
-1
1 40 144
1 39 125
2 50 114
1 30 113
-1
1 130 173
-1
0 20 152
0 51 169
6 9 71
-1
1 102 125
-1
-1
1 53 62
3 16 142
0 56 169
3 55 211
-1
-1
3 40 138
1 10 144
32 40 104
-1
1 1 82
-1
-1
16 16 216
1 25 97
8 24 180
1 1 143
1 6 77
3 23 67
1 17 106
0 66 186
-1
6 60 168
1 97 127
3 101 184
0 106 156
2 59 215
2 26 76
5 8 159
-1
3 14 42
1 63 78
-1
-1
7 42 216
6 14 222
7 21 93
1 43 181
-1
-1
-1
-1
-1
0 18 210
3 104 171
-1
2 4 176
0 13 101
5 43 172
3 6 153
16 16 200
0 14 182
4 6 40
2 40 104
4 48 128
12 48 200
-1
2 20 221
2 32 200
0 55 162
1 139 166
12 24 196
0 24 25
-1
1 105 111
5 77 163
6 24 170
-1
1 11 99
6 46 162
1 53 165
6 38 156
0 19 149
0 92 105
1 31 102
-1
-1
-1
0 17 90
1 27 191
3 36 185
2 2 124
-1
1 60 163
-1
0 56 104
1 67 77
2 52 180
5 84 168
2 13 146
0 44 197
0 71 91
0 103 155
2 50 136
3 23 162
0 49 130
0 36 97
0 4 202
1 2 166
2 6 60
3 32 131
8 66 180
2 43 154
-1
9 97 177
1 33 42
4 39 199
1 20 165
2 14 86
4 60 146
0 59 181
-1
1 5 46
2 11 200
-1
-1
3 39 101
0 19 165
-1
0 3 72
15 89 105
3 63 161
-1
0 27 59
2 56 74
1 43 172
0 116 166
16 80 208
1 53 68
1 12 111
4 19 151
-1
9 51 139
-1
1 18 128
2 79 145
9 65 123
1 13 91
1 13 75
0 64 110
0 73 185
3 56 60
0 105 164
2 77 80
2 38 182
11 117 123
0 21 21
-1
2 52 213
5 23 175
-1
1 23 62
5 45 150
0 95 181
-1
0 14 81
2 14 110
1 12 168
2 52 190
0 15 52
24 120 152
-1
6 34 190
-1
2 74 104
-1
1 44 197
0 3 203
14 30 78
0 146 149
0 29 36
1 7 104
1 27 172
2 44 104
4 85 166
-1
2 89 155
3 20 219
1 16 91
0 100 168
-1
0 61 135
0 0 69
6 30 157
3 29 141
1 32 63
-1
2 26 54
2 99 186
6 25 170
2 62 158
4 88 108
2 86 190
4 4 73
-1
2 50 54
2 7 107
3 14 156
0 25 90
3 13 213
0 5 73
4 48 108
1 56 91
-1
3 26 216
3 87 170
1 91 149
1 50 106
-1
2 4 94
-1
0 81 164
5 25 177
-1
4 10 184
5 79 119
0 125 132
-1
2 4 197
4 20 106
-1
-1
-1
0 54 185
0 1 127
2 6 189
5 131 141
32 40 104
-1
5 20 121
0 68 113
8 48 116
3 45 158
1 117 135
-1
5 105 193
-1
12 32 171
2 24 141
0 2 31
2 26 204
0 5 203
1 15 119
6 31 96
0 1 207
8 87 180
1 30 133
-1
2 31 199
0 37 211
0 142 145
1 2 108
3 13 129
2 4 143
0 59 155
2 10 53
-1
-1
2 45 216
-1
2 22 42
2 31 162
-1
9 53 141
-1
1 1 207
1 4 219
0 17 146
0 13 75
1 67 198
1 2 223
3 57 140
2 6 142
2 20 85
0 99 186
32 40 208
3 8 198
4 18 148
0 30 94
1 58 128
0 15 221
1 26 173
2 52 204
-1
4 24 135
3 19 39
-1
10 30 178
0 27 216
0 46 198
3 14 219
0 69 175
12 144 160
0 57 198
0 7 128
2 4 186
1 25 139
-1
0 1 51
3 125 161
4 54 146
2 22 214
1 96 151
3 23 201
-1
0 23 55
1 25 197
-1
1 7 123
7 55 157
0 38 83
2 3 58
3 39 163
1 91 154
3 8 196
-1
3 12 202
-1
9 125 149
1 23 114
-1
0 48 179
0 53 142
10 30 66
0 5 57
3 39 205
3 30 167
6 104 105
17 27 111
5 130 161
0 23 146
1 22 99
-1
0 41 109
3 29 174
2 47 145
2 10 92
1 82 195
2 58 208
-1
-1
0 58 145
1 1 77
1 9 155
0 29 113
-1
-1
0 53 206
4 19 31
0 137 175
6 32 129
-1
0 37 130
0 37 199
1 45 197
1 18 75
-1
3 3 35
-1
0 6 175
18 66 74
1 23 85
2 93 183
-1
0 60 107
0 9 106
0 67 122
1 18 146
1 82 87
2 102 137
3 5 114
0 38 146
1 16 146
2 53 180
-1
1 75 133
0 23 90
3 50 99
2 83 160
3 26 125
0 25 57
-1
0 11 61
0 28 115
7 51 163
-1
-1
2 110 133
3 28 48
-1
0 13 135
8 24 56
-1
-1
0 62 199
1 54 95
1 63 162
24 40 144
-1
0 37 207
0 43 153
1 39 126
-1
4 5 122
1 23 153
0 33 66
4 85 188
-1
0 32 210
4 84 146
3 3 137
-1
6 15 197
0 29 194
0 117 138
0 4 41
5 19 196
0 51 91
9 79 195
1 52 185
0 40 48
0 32 138
1 91 115
0 69 134
0 35 119
2 61 64
16 112 152
1 19 90
6 51 163
0 9 58
0 45 198
0 14 25
3 48 195
2 44 130
-1
-1
1 17 162
-1
6 48 172
0 81 105
2 29 126
4 58 152
3 64 195
1 142 165
0 63 87
1 60 187
3 33 101
1 77 135
3 12 98
0 115 184
0 16 112
2 44 85
2 147 167
-1
2 19 113
3 13 117
4 26 102
0 1 24
0 61 135
0 62 183
0 118 173
2 31 85
1 11 91
0 59 174
1 29 130
1 36 211
2 86 204
-1
22 38 218
0 56 166
3 60 163
16 76 136
8 28 180
2 7 67
6 12 168
4 108 168
4 16 186
1 28 169
1 109 179
1 3 163
0 22 218
1 5 209
2 69 146
1 22 155
1 64 201
4 37 205
0 10 222
2 37 100
0 8 188
-1
4 107 193
4 79 179
0 14 131
0 92 162
0 25 96
0 91 99
0 25 89
-1
2 16 139
0 97 187
2 94 130
4 52 82
0 60 72
1 65 96
-1
1 14 211
2 28 199
1 51 206
2 58 172
0 12 85
2 11 25
-1
2 46 137
24 56 200
-1
1 62 142
1 59 101
1 1 37
0 0 65
-1
1 16 152
0 151 151
0 26 93
0 16 61
2 8 149
-1
4 63 203
1 64 201
4 43 188
5 9 169
5 127 142
5 46 106
5 13 125
0 80 136
0 75 78
1 3 103
3 9 184
-1
0 9 212
-1
4 102 183
2 42 146
-1
-1
-1
2 84 86
3 23 179
1 130 133
4 43 62
1 14 207
2 10 148
0 9 77
1 62 88
1 14 87
3 24 173
-1
0 92 115
1 4 19
7 33 117
1 58 207
-1
3 85 183
1 25 213
-1
10 69 114
0 58 193
3 39 94
3 21 167
3 31 61
3 30 77
0 153 157
1 84 136
0 54 169
2 101 190
4 58 172
0 30 82
14 16 64
3 23 78
-1
-1
3 27 124
0 6 175
3 46 166
1 28 133
1 141 141
5 29 89
5 15 219
2 128 178
1 61 90
1 9 105
4 6 126
4 22 222
4 24 84
1 18 75
2 11 155
18 46 96
6 66 169
0 34 185
1 6 165
1 37 129
4 30 182
0 14 20
5 16 146
0 14 223
0 44 185
1 13 208
-1
2 45 101
1 2 95
1 91 202
3 5 115
-1
2 23 177
1 49 126
-1
10 32 221
-1
3 29 186
2 63 212
12 28 152
3 34 141
2 82 88
0 45 132
1 42 199
3 13 51
0 112 112
2 34 156
0 31 164
1 110 167
8 28 152
0 9 183
2 45 179
-1
5 54 111
0 95 187
1 26 194
0 40 193
0 10 168
1 64 206
2 30 180
2 22 150
4 61 115
2 10 50
1 15 71
3 106 191
1 23 52
-1
0 47 216
0 24 160
1 91 144
0 67 92
4 104 160
1 71 162
11 45 189
-1
1 84 169
2 59 110
0 23 159
-1
-1
1 84 84
2 4 163
-1
5 59 158
0 32 144
2 39 138
1 71 175
2 18 85
2 5 156
0 68 88
2 9 63
4 18 144
2 76 130
5 46 207
0 125 184
6 10 134
4 21 195
3 21 208
3 32 93
-1
4 61 179
0 61 90
1 10 154
1 98 98
0 30 36
-1
-1
2 6 34
0 2 204
1 64 79
5 131 149
4 6 9
1 40 118
2 68 178
11 25 203
1 93 113
0 34 156
1 19 75
1 18 222
1 24 214
6 44 114
0 18 167
-1
1 2 102
0 10 155
4 8 220
0 27 185
6 10 174
0 27 75
2 2 185
2 63 197
2 20 26
-1
-1
2 29 83
0 98 168
4 10 77
2 22 192
0 5 174
2 128 148
1 9 212
7 37 211
0 9 50
1 10 137
1 1 193
1 43 105
1 50 171
9 103 183
4 96 134
1 73 198
16 80 176
-1
2 73 137
0 52 153
2 56 56
0 46 84
1 43 113
0 56 169
20 54 168
0 5 150
1 37 113
-1
4 54 70
-1
0 51 114
2 23 82
0 75 81
0 12 161
0 42 70
1 10 152
4 61 155
0 106 116
0 43 181
-1
1 46 195
3 78 188
6 36 44
2 43 152
1 37 116
2 71 174
0 76 194
2 110 133
1 59 109
-1
1 33 147
3 78 90
1 45 57
1 45 169
6 91 99
1 66 119
-1
0 2 118
0 100 177
0 24 91
4 30 67
0 9 197
0 12 82
0 9 133
2 9 75
-1
1 25 43
2 50 212
2 12 143
0 98 167
2 10 68
0 11 191
-1
9 29 183
5 95 109
-1
2 40 218
4 19 85
0 34 156
0 100 184
20 88 188
2 103 158
9 57 164
1 22 53
-1
2 47 202
2 46 180
-1
0 60 201
-1
-1
0 2 97
1 80 197
2 23 95
2 135 167
7 21 105
-1
2 77 162
3 11 30
0 110 158
0 47 108
-1
-1
1 33 201
1 16 211
-1
1 17 91
1 23 141
0 35 208
4 59 140
0 34 159
-1
4 34 90
0 67 190
2 90 124
2 55 154
2 54 206
2 41 122
4 92 188
1 97 117
1 36 137
0 59 160
2 34 104
-1
-1
-1
0 49 196
-1
-1
0 28 196
-1
2 82 198
-1
2 15 61
0 65 88
3 25 95
0 21 177
4 16 88
0 26 71
1 1 113
0 16 60
1 53 145
0 13 115
-1
2 97 130
-1
-1
1 10 213
0 7 162
-1
4 22 80
1 87 118
0 43 123
3 33 95
3 6 184
1 27 194
8 12 12
2 3 146
0 8 192
7 71 126
-1
0 44 98
0 58 208
0 106 176
0 44 219
-1
1 137 175
-1
0 4 50
-1
-1
0 56 79
1 25 79
6 29 186
0 48 67
4 34 174
1 136 176
1 62 200
1 12 110
1 37 208
0 123 168
-1
1 5 131
0 126 180
8 118 152
-1
0 13 55
-1
2 10 203
0 104 190
0 45 201
2 35 188
3 55 202
-1
1 45 198
1 12 179
6 54 115
3 71 180
0 2 210
0 112 143
0 32 172
3 56 172
2 10 70
0 11 201
1 44 134
1 104 120
-1
1 48 191
0 13 96
4 36 196
-1
3 37 73
6 10 84
4 115 119
2 35 118
2 21 157
0 12 99
3 84 114
2 28 58
32 48 72
0 16 83
1 109 191
0 26 62
1 25 157
0 40 169
2 44 176
-1
5 63 180
-1
0 53 115
0 104 141
4 107 193
0 64 121
-1
2 104 164
4 63 132
1 47 210
0 47 112
3 11 45
8 10 52
2 68 82
6 23 180
1 52 93
0 53 130
4 9 174
2 14 220
3 29 85
0 52 212
0 82 197
8 62 70
1 2 98
0 50 160
4 54 111
4 125 184
0 52 110
-1
0 145 169
0 103 150
5 11 19
-1
2 2 158
0 24 191
-1
1 8 145
0 88 163
3 114 120
6 63 160
0 14 167
-1
0 12 141
-1
1 4 92
0 30 203
3 27 194
1 12 107
-1
4 94 114
1 62 178
4 84 99
0 2 196
0 29 61
-1
1 8 220
-1
2 28 140
0 44 202
1 70 143
0 2 194
7 90 134
4 60 159
4 12 132
-1
2 94 101
1 67 189
0 116 166
3 69 70
10 62 82
-1
2 19 133
-1
3 79 181
-1
0 82 198
-1
4 28 216
1 81 90
1 98 123
1 7 106
2 66 134
1 43 187
3 95 131
-1
1 7 212
1 14 132
0 95 139
8 24 102
16 32 136
0 8 102
-1
2 72 147
0 25 208
0 73 148
6 25 209
1 14 205
6 31 213
0 18 18
-1
0 63 207
2 28 198
3 12 220
0 122 138
3 33 167
-1
5 78 165
1 74 191
0 4 111
1 53 208
1 18 66
8 96 192
1 45 150
1 80 161
0 30 211
2 11 88
0 4 188
-1
0 49 163
-1
1 21 35
4 118 168
1 63 105
2 60 176
2 38 82
1 20 59
0 1 190
3 94 111
0 76 186
2 93 165
2 54 116
1 33 166
1 22 125
-1
3 47 191
3 3 73
3 87 202
-1
0 21 162
6 78 122
5 11 179
3 3 189
12 28 204
0 4 149
1 33 175
0 74 196
-1
1 8 166
3 86 136
10 14 180
0 50 217
-1
0 15 169
-1
0 11 116
4 46 138
1 14 95
4 5 58
0 16 203
1 102 190
4 8 180
5 19 167
5 53 183
0 24 209
-1
4 8 176
0 12 191
0 9 180
4 123 168
1 1 15
1 35 117
0 34 184
0 7 86
1 9 190
2 6 104
4 84 184
-1
0 96 159
1 4 52
-1
1 11 181
-1
14 34 174
5 14 145
1 79 179
0 79 149
4 14 150
3 25 171
2 30 116
2 79 196
-1
1 4 25
4 38 128
2 11 212
1 141 144
0 38 218
1 29 73
3 85 183
1 37 99
0 26 170
-1
0 16 130
0 2 117
0 56 144
5 47 206
1 55 124
0 85 122
0 32 119
8 8 200
7 27 141
-1
4 98 133
0 10 139
0 49 151
-1
-1
0 19 92
10 58 146
1 45 153
0 5 114
4 13 17
1 133 152
6 86 180
-1
-1
1 62 196
0 140 149
7 119 139
1 100 146
0 69 180
2 37 214
0 3 72
0 125 147
1 20 185
-1
-1
2 38 184
5 35 211
0 100 178
5 79 119
-1
1 29 133
0 0 40
0 24 74
5 130 161
-1
1 15 118
1 47 162
2 5 128
5 65 179
-1
0 38 158
1 49 61
1 29 104
6 43 48
-1
3 42 165
3 21 209
0 19 54
-1
0 85 127
1 44 202
5 147 167
1 10 81
1 75 119
0 23 137
0 28 85
2 3 58
0 67 164
1 15 39
-1
7 49 159
0 15 68
4 27 180
0 65 162
-1
6 28 174
0 2 108
0 13 215
0 21 144
0 60 149
0 59 65
1 8 17
4 25 181
0 0 2
3 21 119
2 17 221
3 13 150
0 4 162
1 4 82
1 18 99
0 8 197
1 39 183
0 13 208
1 53 87
0 13 170
7 51 114
3 89 171
2 53 202
0 28 190
1 62 142
1 11 106
4 12 44
-1
5 29 161
3 57 122
6 76 150
2 12 134
1 39 165
5 15 197
4 4 194
1 21 135
0 38 200
6 21 190
0 27 218
8 120 168
1 8 200
3 27 187
2 25 190
2 15 161
-1
0 115 173
-1
0 5 204
0 55 92
1 67 128
3 26 204
2 100 178
1 9 163
3 78 83
15 19 93
3 19 193
1 34 158
3 129 131
4 21 177
-1
2 30 116
0 18 62
2 53 112
2 86 199
-1
-1
1 22 221
4 45 111
1 111 171
-1
2 64 64
1 67 175
-1
0 35 52
0 16 83
0 109 135
0 6 18
1 8 143
0 11 197
-1
4 27 135
1 121 154
-1
-1
6 24 119
-1
3 48 112
1 3 168
2 123 170
2 82 120
0 47 197
0 35 52
3 14 117
2 57 148
0 52 184
0 68 207
3 7 60
2 49 70
-1
4 5 145
2 8 170
0 63 72
1 16 88
6 60 62
4 45 84
-1
0 94 186
2 40 218
-1
0 1 61
3 98 162
0 65 151
-1
0 16 55
1 29 73
1 71 89
1 87 140
5 68 125
0 54 86
4 4 108
-1
0 75 194
0 60 204
1 49 214
1 54 125
0 82 177
6 63 160
0 26 199
3 38 92
1 77 130
2 39 59
9 9 55
0 95 162
0 119 141
1 25 68
1 29 139
0 19 195
12 28 156
9 85 201
3 9 121
1 28 108
2 10 70
1 60 117
2 44 203
2 6 119
4 37 157
2 76 115
3 23 194
-1
0 21 187
5 7 173
1 5 149
-1
0 21 74
3 107 157
2 40 127
3 21 77
0 15 181
7 147 147
3 34 55
2 2 138
-1
-1
-1
4 10 146
-1
0 1 214
2 70 112
0 22 179
4 14 125
2 94 114
0 19 100
-1
3 65 69
2 67 172
0 25 53
-1
-1
1 25 124
-1
2 18 178
6 72 160
-1
0 22 125
0 42 189
4 84 129
0 25 156
-1
-1
1 59 210
-1
-1
-1
1 87 153
1 22 184
-1
1 127 143
1 36 109
1 85 199
4 6 159
0 57 63
0 17 193
2 9 74
-1
3 87 170
0 1 211
1 34 39
1 52 186
-1
5 81 186
5 20 190
1 26 93
3 57 145
-1
2 37 125
-1
-1
8 120 152
0 16 178
3 19 201
14 20 202
-1
6 132 178
4 11 179
-1
1 12 119
3 30 207
1 153 162
1 3 59
-1
0 88 100
0 115 178
1 5 180
3 3 117
2 76 180
0 58 155
3 19 179
3 34 120
2 87 135
10 46 64
10 18 54
5 85 182
1 39 93
-1
0 22 137
4 20 33
1 29 129
3 41 183
3 70 98
0 4 120
2 16 56
-1
3 67 105
0 2 175
0 27 198
2 110 174
0 90 127
1 47 112
-1
1 69 151
-1
-1
4 88 198
2 7 123
0 28 48
-1
0 150 153
2 14 108
0 4 91
-1
6 114 190
2 3 185
2 77 103
4 100 178
0 14 16
-1
28 108 192
2 102 148
2 29 143
1 85 94
10 93 132
2 48 60
0 19 104
-1
1 13 115
0 40 91
-1
0 2 95
-1
1 45 83
3 9 49
0 47 125
0 35 143
-1
1 19 51
-1
16 88 176
0 80 106
0 45 201
0 49 134
2 47 158
1 11 38
-1
-1
0 30 211
4 43 190
3 72 202
-1
7 15 183
1 1 166
2 70 154
4 140 148
1 73 195
2 69 169
0 88 160
0 123 168
1 71 136
2 6 166
-1
0 93 105
-1
4 10 157
1 23 109
0 107 142
1 46 95
1 20 190
8 24 140
3 6 169
0 24 96
0 38 134
1 49 191
5 23 219
-1
4 24 200
2 27 75
2 57 123
1 86 179
-1
0 3 174
1 13 189
5 72 155
2 19 80
2 63 103
5 33 63
1 15 155
0 9 94
0 43 213
1 62 155
1 2 111
-1
6 18 128
0 8 213
1 30 76
2 36 39
0 34 112
4 23 55
0 1 69
0 1 87
0 49 101
0 7 183
8 24 136
0 46 218
-1
0 9 182
-1
6 45 152
3 6 185
0 41 65
8 10 146
2 47 133
-1
2 51 71
-1
4 17 115
1 22 166
4 34 50
0 61 126
8 100 182
3 86 189
-1
9 93 167
2 49 217
2 32 107
9 101 195
3 87 117
2 6 59
2 3 65
6 60 128
1 60 159
1 137 143
1 10 102
1 39 157
1 31 191
0 100 182
-1
1 22 110
0 106 196
5 72 167
-1
16 16 196
-1
5 27 103
2 11 214
3 39 94
0 41 126
16 20 68
2 26 188
0 12 221
2 9 45
-1
-1
0 17 164
-1
1 18 61
2 64 165
2 24 59
0 103 110
0 30 83
1 71 195
3 30 125
3 37 193
1 2 118
2 29 202
1 74 151
5 51 79
12 75 157
0 14 20
8 34 202
8 50 142
0 25 27
0 65 81
9 51 147
2 36 134
2 14 26
0 27 212
-1
0 119 186
0 68 188
0 54 109
0 57 184
0 3 129
1 39 142
0 11 132
-1
2 10 59
5 21 219
4 65 137
1 6 109
2 82 208
7 39 219
0 40 124
0 9 203
2 46 189
3 15 115
7 23 91
-1
-1
8 90 147
0 8 22
1 6 41
-1
0 58 70
0 77 118
6 20 196
0 10 104
-1
-1
4 8 152
8 64 64
0 25 189
1 74 165
1 84 84
0 28 219
2 79 131
0 0 88
-1
2 25 189
-1
5 79 199
0 53 103
3 5 119
1 54 159
-1
4 18 98
-1
0 1 213
1 30 89
1 52 120
9 43 57
-1
-1
1 62 142
-1
16 52 192
0 32 96
0 0 186
4 82 180
-1
1 1 100
3 78 180
0 94 109
0 8 140
0 51 156
0 28 219
12 20 192
1 5 93
0 40 215
0 27 65
0 12 128
5 15 210
0 15 186
0 59 198
0 23 82
1 134 169
3 50 117
0 1 11
0 27 107
1 1 46
1 57 183
5 105 193
0 62 70
3 15 167
1 22 68
1 105 196
1 113 183
3 55 177
0 94 126
1 57 170
-1
-1
2 36 129
0 89 116
0 2 43
-1
2 59 160
2 93 112
6 30 174
12 42 140
1 5 124
1 63 137
3 10 66
2 15 81
0 26 106
0 54 118
0 15 57
0 37 132
4 47 47
-1
3 14 53
-1
6 40 201
2 22 220
0 38 140
1 15 59
-1
5 128 178
0 41 181
1 72 167
4 34 125
1 3 95
1 12 201
4 76 106
-1
-1
0 11 89
1 84 206
2 67 212
-1
0 10 141
3 48 142
1 11 38
3 43 156
0 27 63
2 73 115
5 36 75
-1
4 41 190
10 34 206
1 135 163
-1
4 35 116
1 12 81
1 75 87
1 50 169
2 12 72
8 32 185
0 34 197
0 61 100
4 52 110
0 68 155
-1
6 27 203
0 66 144
1 54 195
18 82 108
0 25 115
2 17 143
0 8 175
2 38 76
3 21 153
-1
1 53 132
1 53 92
0 42 60
-1
-1
1 105 143
0 15 194
0 60 61
2 4 85
3 97 145
4 108 168
13 49 125
8 116 180
0 2 96
0 9 37
1 7 43
14 66 114
4 48 120
2 19 209
1 105 133
3 51 167
-1
-1
1 67 184
2 63 87
5 109 165
-1
-1
0 9 163
-1
0 30 174
1 11 73
1 5 178
1 14 212
0 1 109
3 42 73
2 32 190
-1
3 26 81
3 13 27
5 65 127
-1
0 83 137
0 1 150
-1
-1
4 57 138
2 110 194
6 68 88
0 122 173
0 98 197
6 30 68
1 49 202
6 9 191
4 5 131
-1
0 32 100
0 9 10
6 34 180
-1
1 35 88
0 66 209
9 61 99
0 32 187
-1
2 101 124
2 32 107
1 77 143
0 8 24
3 55 181
1 26 217
0 99 160
-1
1 92 202
0 71 79
3 11 87
2 28 91
1 21 206
0 3 101
0 37 100
-1
-1
1 101 176
1 24 201
0 39 136
2 66 74
1 25 182
-1
0 5 57
1 26 71
-1
-1
16 32 152
0 71 129
2 16 109
20 28 148
0 29 173
0 50 169
-1
1 139 170
0 20 216
0 34 161
3 6 208
1 27 165
1 79 181
1 9 163
0 28 67
-1
-1
2 8 59
14 30 216
1 29 174
1 13 58
4 20 155
1 17 207
0 13 154
-1
2 16 211
1 27 101
3 42 163
2 91 202
0 53 192
-1
3 31 127
1 21 55
16 20 166
-1
1 14 56
-1
1 81 124
1 30 178
1 23 25
5 90 189
0 11 223
0 52 152
-1
1 19 155
1 20 101
-1
-1
1 22 196
0 52 92
1 40 191
0 49 190
4 64 158
1 49 124
1 21 198
2 34 178
-1
-1
8 52 124
-1
8 60 164
5 14 191
1 16 165
1 26 206
6 6 26
4 42 57
0 7 180
-1
14 30 54
1 13 58
6 37 150
2 25 122
2 62 178
5 35 59
-1
3 78 85
0 35 214
1 82 108
1 8 91
0 62 174
0 45 114
0 32 198
-1
2 18 124
-1
3 141 151
1 20 26
0 39 127
2 139 171
0 20 91
1 66 119
0 4 101
-1
0 27 104
2 62 173
-1
0 37 211
7 7 145
1 7 197
1 57 105
1 32 193
0 17 195
-1
4 61 211
-1
4 84 144
2 15 81
4 6 150
1 71 155
1 50 59
3 75 207
1 11 81
6 96 164
0 31 177
4 30 142
1 3 89
0 103 160
0 65 89
-1
0 77 180
-1
-1
-1
5 122 125
0 8 136
3 23 151
0 3 6
3 25 169
1 58 167
3 22 210
6 109 180
3 5 214
0 54 70
0 6 99
0 8 124
1 58 151
1 70 136
0 11 144
-1
-1
2 2 182
3 13 42
4 88 172
1 38 136
1 23 118
1 90 111
5 45 145
1 62 143
0 1 127
0 33 129
-1
0 53 186
0 76 191
4 14 208
0 89 141
2 22 52
17 45 117
2 10 208
0 10 89
-1
-1
1 8 164
1 36 106
-1
0 92 167
1 62 196
0 9 198
9 15 187
1 71 151
2 50 106
0 23 95
2 9 33
3 33 146
2 10 95
0 61 185
-1
4 14 100
1 37 193
0 1 191
5 108 162
5 47 77
1 31 143
0 72 85
0 13 169
-1
-1
-1
4 46 190
-1
3 49 201
1 9 27
2 13 91
2 23 178
1 45 86
4 100 172
0 100 141
1 46 205
3 18 115
0 60 103
0 61 135
1 14 114
1 26 127
0 76 126
3 17 222
-1
-1
-1
-1
2 68 211
1 5 73
1 21 199
12 20 160
3 43 207
-1
-1
2 70 206
0 21 70
2 16 184
-1
0 5 87
1 10 105
9 57 97
4 88 100
-1
-1
4 58 122
-1
-1
6 68 156
4 35 128
-1
0 15 27
3 100 174
1 9 24
1 35 121
1 1 202
-1
0 17 146
10 38 198
1 100 113
2 2 84
1 58 83
0 46 169
0 134 169
0 11 136
0 33 71
-1
2 10 110
0 112 178
-1
9 69 173
2 44 70
0 13 173
4 92 177
1 70 183
0 29 109
12 112 192
0 46 155
3 13 105
10 38 202
-1
4 20 106
-1
0 45 209
8 10 118
2 24 92
9 55 216
1 17 135
0 39 153
1 3 141
2 7 214
0 6 146
4 31 188
3 10 97
1 23 96
4 32 204
1 56 160
0 49 125
-1
1 8 218
-1
0 56 198
0 2 56
2 102 137
1 18 209
0 13 145
-1
3 26 67
0 29 40
4 34 214
10 30 120
0 27 198
3 11 135
-1
2 52 205
0 4 220
2 31 137
4 30 109
7 37 200
0 6 60
-1
0 28 80
1 62 153
4 10 164
3 23 144
8 38 130
3 61 132
0 11 107
0 57 172
3 83 200
3 7 18
6 59 111
1 31 213
-1
0 0 109
0 116 126
1 11 116
4 26 194
3 7 39
3 58 72
0 43 207
3 37 58
-1
2 14 94
3 32 120
-1
-1
1 67 201
0 34 218
5 77 194
2 8 124
-1
-1
2 100 166
3 27 67
1 22 187
6 26 180
-1
8 73 188
0 30 116
0 43 92
0 12 24
2 2 79
7 75 201
5 20 73
-1
8 62 170
-1
1 34 151
1 58 202
0 48 197
-1
9 57 97
2 100 184
3 8 135
0 5 130
3 51 149
0 1 36
-1
1 65 101
7 27 48
3 19 200
-1
3 105 154
2 26 66
0 60 61
5 54 183
-1
-1
1 7 204
7 33 75
4 12 114
0 21 118
1 23 143
0 37 201
5 11 211
16 64 208
2 6 180
0 67 167
3 36 185
10 38 98
5 90 198
0 4 17
9 21 157
13 27 171
0 13 220
2 98 160
7 40 173
2 79 160
1 6 15
0 2 219
0 15 118
-1
0 55 161
0 21 31
1 38 124
-1
0 29 134
0 23 210
0 17 187
1 28 221
-1
2 147 165
1 50 177
9 30 211
10 30 202
0 50 141
14 114 146
-1
2 46 212
4 38 152
2 42 130
0 20 38
-1
1 91 170
1 12 138
3 10 28
4 24 172
4 12 220
0 94 166
2 51 141
4 34 117
4 25 217
1 79 166
2 54 208
1 88 198
-1
1 100 199
2 84 189
2 61 215
0 119 189
10 34 174
4 27 111
-1
0 75 176
-1
-1
0 32 170
1 6 125
0 74 180
0 15 89
1 21 127
0 94 136
21 82 177
1 146 155
1 39 106
2 9 135
0 4 25
0 42 135
2 24 214
9 147 158
0 23 216
12 45 143
-1
-1
-1
2 36 122
2 18 176
1 61 197
3 42 112
-1
3 78 205
2 40 136
1 22 101
-1
-1
2 65 133
5 92 152
0 23 121
1 5 124
1 66 208
1 1 182
10 18 58
12 24 218
3 51 193
0 96 150
9 61 111
5 124 161
3 20 72
2 117 152
1 63 187
0 88 100
18 100 102
-1
-1
-1
-1
1 106 136
7 105 171
3 92 132
0 7 89
0 25 42
3 13 163
1 12 46
0 53 150
0 36 181
0 10 113
3 37 122
-1
0 80 203
-1
10 14 178
4 84 198
1 53 212
1 13 173
4 10 16
0 38 194
1 5 74
-1
-1
2 3 147
32 100 164
4 37 70
5 15 138
1 14 199
2 5 98
0 9 130
0 28 206
2 59 199
3 62 140
-1
0 28 83
0 32 192
3 109 179
-1
0 35 131
0 150 159
0 17 200
1 26 125
8 98 182
0 4 61
-1
2 59 59
1 15 117
1 38 158
0 50 173
-1
1 11 143
-1
1 10 102
0 79 158
8 72 144
1 28 217
-1
0 39 157
2 35 112
0 5 68
0 19 149
1 23 116
2 30 90
1 18 213
1 30 95
0 21 173
0 11 204
8 20 196
-1
0 20 53
-1
1 1 161
1 89 191
0 16 34
1 60 119
1 45 170
0 34 216
-1
-1
2 13 137
2 54 196
8 22 122
4 135 161
3 38 149
2 29 118
1 8 64
2 34 78
0 51 91
0 51 110
1 18 179
0 119 174
-1
2 34 132
1 46 193
1 43 125
3 12 118
1 19 38
0 92 138
2 111 181
4 4 200
4 21 129
-1
4 32 92
6 66 152
4 37 90
4 17 133
1 15 47
-1
-1
-1
3 55 149
2 125 149
1 15 123
0 43 185
-1
5 74 101
2 2 176
0 67 93
0 85 127
1 10 57
1 139 154
1 32 135
4 10 74
0 33 145
1 11 137
2 3 132
0 33 205
0 52 133
0 64 165
1 1 28
3 53 147
2 38 220
1 29 194
1 19 215
0 22 141
-1
8 30 152
5 139 145
6 63 160
0 23 173
7 33 117
1 43 82
2 56 198
0 26 221
0 1 3
3 28 206
-1
0 95 192
12 78 200
5 25 169
-1
0 34 64
1 34 140
1 71 196
3 104 194
5 14 77
-1
2 32 181
0 64 66
-1
0 10 138
2 50 171
19 135 147
-1
4 10 62
3 128 162
3 96 176
7 39 219
1 69 75
2 3 184
-1
6 143 168
0 18 164
3 45 133
2 24 36
0 23 169
0 32 120
3 73 166
7 125 167
3 40 147
-1
1 30 165
0 97 158
4 38 128
2 85 122
0 52 171
-1
1 19 111
0 44 160
8 82 88
-1
1 50 71
-1
0 40 152
-1
1 67 167
0 26 190
8 16 82
1 34 50
-1
2 5 172
-1
3 16 94
0 37 129
5 23 211
-1
3 17 125
4 8 221
1 65 147
0 2 215
2 23 105
2 51 105
3 39 147
0 72 142
0 27 163
-1
4 18 138
2 42 142
5 11 103
1 44 123
0 10 144
0 76 131
0 15 146
5 80 193
1 81 200
-1
1 63 87
-1
0 29 145
0 134 166
0 19 112
-1
4 10 173
2 29 202
0 30 58
8 84 104
0 3 136
5 6 159
0 6 189
0 65 161
0 38 220
1 23 128
1 24 181
5 9 165
-1
1 109 160
1 45 195
1 21 139
5 15 33
0 1 73
2 13 142
1 57 57
0 2 68
-1
-1
0 19 91
1 94 101
2 82 152
-1
0 11 144
-1
0 24 109
1 17 179
-1
4 44 196
2 7 141
3 108 157
1 2 17
1 58 165
0 1 3
1 4 88
-1
10 30 158
3 33 112
1 34 39
1 1 136
0 16 117
3 24 112
2 111 135
2 5 129
1 7 125
1 43 65
1 4 170
1 109 170
1 92 117
2 105 128
-1
0 47 119
0 40 82
1 41 65
8 52 190
2 44 210
3 26 135
-1
2 26 150
0 55 201
2 3 48
4 19 218
-1
0 37 201
1 42 189
0 20 44
1 28 155
2 71 157
2 32 106
6 46 210
1 21 74
0 27 190
0 29 214
0 21 137
3 41 141
3 54 85
2 27 193
0 17 168
3 6 61
-1
2 59 164
7 54 149
-1
3 17 169
1 25 187
-1
2 4 46
3 59 81
-1
2 79 201
1 98 130
2 90 144
2 2 152
0 8 195
-1
1 43 86
-1
0 52 198
2 19 68
6 20 206
1 16 111
4 32 106
6 18 94
6 104 150
-1
0 35 199
2 23 182
1 23 190
1 19 214
2 143 158
0 90 101
3 33 158
0 70 141
-1
-1
1 34 179
18 20 120
2 123 143
-1
1 8 25
0 29 150
2 59 199
4 53 193
1 37 157
-1
1 59 201
0 2 63
1 2 93
2 34 116
1 45 141
3 120 188
0 89 204
1 4 38
2 25 182
0 24 97
-1
2 46 80
1 38 217
1 14 142
1 115 138
-1
0 13 162
1 46 124
3 47 168
1 50 199
4 30 142
0 45 49
2 5 56
1 19 118
-1
5 61 89
-1
3 128 142
4 72 172
0 0 54
1 23 201
0 6 182
3 69 95
4 33 186
6 26 174
1 69 199
1 29 157
0 109 185
3 29 193
0 59 120
4 20 97
-1
40 64 128
1 50 194
-1
24 24 104
2 83 88
1 27 126
3 104 129
0 57 162
2 26 148
3 72 183
-1
2 55 206
6 103 168
-1
1 3 89
-1
2 37 218
-1
1 55 77
3 47 48
3 31 54
5 31 131
3 24 97
0 18 167
0 28 135
1 13 62
2 6 57
4 31 131
3 3 149
3 8 117
-1
0 19 202
0 92 98
-1
-1
1 143 165
1 30 172
2 27 200
-1
0 30 57
1 133 142
-1
0 20 133
4 40 216
1 29 219
-1
0 12 83
0 114 144
4 68 160
0 59 145
5 20 73
1 25 162
0 130 166
10 72 150
-1
5 8 194
1 8 142
-1
4 29 190
5 72 127
-1
4 61 166
1 19 65
9 98 180
1 2 145
22 82 142
-1
-1
0 10 148
2 35 144
3 26 199
1 130 133
2 55 199
0 37 179
3 27 58
0 53 88
0 10 12
0 58 189
0 87 108
-1
-1
7 21 87
1 22 67
2 21 213
6 58 102
0 15 88
1 40 124
0 0 222
-1
-1
-1
0 34 45
12 94 144
6 102 190
-1
-1
-1
3 30 104
0 8 24
1 13 141
1 1 22
1 89 175
1 65 207
8 34 202
0 43 206
2 3 160
1 1 10
0 57 117
6 10 198
1 53 175
2 50 84
2 45 87
-1
3 16 221
1 53 155
1 61 157
1 135 171
0 17 107
2 77 85
2 14 54
5 113 172
1 27 143
2 129 141
3 17 63
-1
0 57 190
3 108 118
0 100 184
2 30 195
-1
2 23 150
0 107 185
1 3 145
0 81 110
0 75 186
1 1 31
0 7 151
2 87 143
1 35 193
1 7 55
0 2 85
-1
1 40 150
-1
0 8 213
1 17 100
2 19 61
2 61 196
1 14 83
3 35 53
3 85 162
0 28 157
8 12 210
0 4 158
3 22 87
3 3 58
0 1 52
2 136 141
3 124 179
-1
4 122 180
0 3 124
0 82 153
1 1 38
6 38 190
-1
0 91 136
1 30 43
1 29 116
4 40 154
-1
1 18 197
1 4 61
1 18 81
3 60 202
0 73 100
1 20 137
0 21 150
7 37 217
2 11 94
6 28 216
3 9 62
9 29 165
4 62 210
2 18 98
0 3 179
2 52 60
1 10 105
3 19 39
0 44 198
0 2 167
0 1 144
16 32 64
2 28 82
3 78 185
0 96 176
-1
-1
0 103 167
5 31 221
2 52 176
7 17 145
0 3 213
0 44 174
1 13 102
0 19 57
2 22 195
2 6 140
-1
0 43 102
4 50 127
2 61 194
-1
-1
2 84 198
2 24 125
3 135 163
2 16 50
-1
1 35 93
1 107 178
13 57 87
-1
6 43 48
5 19 187
9 20 135
3 45 177
7 10 143
-1
1 15 198
-1
8 52 184
2 48 137
-1
5 22 175
1 21 21
2 116 130
0 0 23
1 15 216
0 15 222
-1
0 56 119
2 18 48
16 48 200
1 20 100
2 53 88
5 35 213
0 34 115
1 61 161
2 69 184
2 23 149
4 32 112
-1
2 12 145
-1
-1
6 68 190
2 23 56
2 54 202
1 2 43
1 27 37
0 27 152
0 32 194
1 27 207
8 22 148
1 81 162
-1
-1
3 33 95
0 55 64
1 4 201
1 100 157
1 9 10
-1
-1
1 26 215
0 22 178
0 3 61
-1
1 1 27
0 57 167
2 54 210
-1
14 30 78
3 18 217
3 69 86
0 0 174
0 18 131
3 53 153
0 60 81
4 107 125
2 9 121
0 70 136
0 55 91
0 18 22
5 53 103
7 68 127
0 24 131
4 11 61
1 46 137
1 8 197
4 67 154
1 37 89
2 34 203
0 8 134
5 49 49
2 16 174
0 6 78
1 4 193
0 48 112
1 17 25
2 53 184
-1
3 97 145
0 100 114
0 34 110
4 17 103
3 53 209
1 42 62
4 10 164
2 22 185
1 39 51
-1
0 28 166
0 78 207
2 4 99
8 66 106
1 36 192
0 131 175
4 4 176
4 12 24
0 3 39
0 8 123
0 7 150
1 67 90
0 90 174
0 94 130
-1
0 1 23
3 19 103
2 67 148
0 90 106
3 25 148
0 35 172
2 16 220
2 20 38
0 112 168
4 16 198
0 5 170
1 41 115
1 41 167
-1
0 27 102
-1
5 39 171
4 64 211
1 57 133
-1
0 49 121
1 4 159
-1
-1
1 61 186
1 82 177
6 66 164
1 56 89
2 27 112
2 13 56
1 19 31
0 5 136
-1
0 7 192
3 41 190
1 98 192
1 150 156
2 44 166
1 13 133
-1
0 76 136
1 106 176
-1
1 4 13
-1
1 22 151
12 80 144
1 97 185
4 34 205
0 13 111
3 59 90
4 52 108
4 32 168
2 53 138
-1
8 66 114
0 22 57
1 25 94
2 25 106
-1
12 56 212
4 17 76
-1
6 15 109
1 10 140
1 13 146
-1
0 13 133
3 12 39
3 24 112
-1
18 18 218
0 0 3
9 33 205
16 132 168
2 3 78
6 82 138
10 42 156
-1
1 97 143
1 18 91
3 65 151
1 8 161
1 3 190
2 124 166
3 100 106
0 89 204
1 33 73
0 61 174
-1
-1
2 65 181
1 46 214
-1
-1
1 76 164
0 64 140
-1
0 31 196
0 20 100
10 93 132
0 69 138
-1
0 20 52
8 64 76
2 40 182
2 8 173
0 110 141
1 4 199
2 2 91
0 14 219
4 42 162
-1
-1
1 17 70
0 22 220
0 32 117
0 35 165
5 14 163
0 13 175
-1
6 43 48
0 2 86
1 71 139
0 68 156
0 56 196
1 25 123
4 18 54
8 107 125
0 10 196
2 55 59
2 6 158
6 74 120
0 12 131
1 90 93
0 51 173
3 105 117
1 108 178
0 72 132
0 37 137
0 36 71
-1
1 10 157
6 15 199
6 9 151
9 55 216
2 10 91
1 6 205
1 18 141
8 12 196
1 5 53
-1
-1
1 19 208
2 24 99
-1
6 6 62
3 20 160
0 58 122
-1
0 70 156
2 10 130
1 5 32
10 54 66
1 95 196
0 6 112
-1
-1
-1
0 56 147
16 16 56
-1
2 16 189
36 108 188
4 20 127
-1
1 94 140
-1
-1
4 50 162
3 63 203
1 19 98
9 85 201
2 27 130
0 73 200
2 19 96
-1
4 84 99
0 64 146
1 80 128
-1
0 48 60
0 17 116
1 38 92
1 35 211
0 4 135
0 13 155
0 90 127
-1
2 56 166
3 10 81
0 63 197
12 12 188
1 29 133
5 11 19
-1
-1
12 88 150
-1
-1
2 108 162
0 24 213
-1
3 26 175
0 1 150
2 26 215
3 112 178
0 96 160
0 14 77
0 67 213
-1
0 54 86
3 26 221
0 53 210
0 58 102
2 58 196
0 43 90
-1
2 30 182
-1
0 18 199
1 140 157
-1
1 22 23
-1
0 58 132
-1
-1
1 21 115
1 26 139
0 31 175
1 119 165
-1
5 17 122
4 44 132
1 140 144
8 68 100
-1
-1
-1
0 17 189
1 1 8
2 54 146
-1
0 14 46
0 22 107
1 38 176
1 45 89
1 101 184
1 57 159
2 98 130
0 58 189
-1
-1
0 128 177
3 81 121
3 81 166
0 21 201
0 1 29
-1
1 68 150
6 18 194
-1
1 124 146
3 22 27
1 81 135
0 37 85
0 3 144
5 38 147
2 2 183
3 103 195
2 28 136
1 29 49
-1
1 61 170
-1
1 23 116
0 20 186
3 83 133
3 19 204
5 30 117
-1
1 42 177
1 8 20
1 83 201
0 99 190
1 80 161
2 22 86
2 3 196
-1
7 27 153
-1
0 56 171
3 71 177
7 33 107
1 51 54
2 20 78
1 20 163
0 100 164
-1
0 135 177
3 121 174
2 26 114
0 30 166
-1
-1
0 86 120
-1
1 22 220
0 13 87
1 23 151
-1
2 55 214
1 74 116
2 19 124
2 3 76
-1
1 10 103
0 65 193
6 6 94
1 44 156
0 12 73
-1
3 55 215
0 26 90
-1
0 35 61
-1
12 56 96
-1
0 58 137
2 58 148
0 8 36
0 62 188
0 55 103
0 4 46
0 11 182
2 64 197
0 101 191
0 27 60
0 47 160
-1
3 36 101
6 50 66
10 22 146
1 1 218
-1
0 11 150
0 25 104
0 9 217
8 33 186
2 20 162
1 74 209
4 4 95
2 77 80
4 110 148
2 147 158
0 36 161
2 54 90
-1
3 9 119
1 14 205
1 25 41
6 74 94
2 33 111
0 28 167
0 19 133
0 60 73
1 83 171
-1
0 2 35
2 5 49
1 23 176
1 23 128
1 49 161
4 8 52
0 108 172
-1
-1
1 5 42
-1
1 100 106
0 48 152
2 50 76
0 68 167
1 28 55
0 7 179
0 17 88
0 30 67
-1
-1
3 50 117
-1
1 63 170
0 14 222
5 43 179
1 7 166
3 143 165
3 7 55
7 39 189
7 12 81
1 98 127
1 51 201
0 3 84
1 29 212
10 96 186
4 110 116
1 134 164
1 125 169
3 67 170
5 76 199
2 21 64
3 10 120
-1
2 106 196
0 0 194
12 12 88
16 16 160
-1
8 46 110
1 3 139
0 21 84
5 56 56
3 132 168
3 59 150
-1
4 134 174
0 103 158
1 125 148
0 6 10
3 91 99
-1
1 46 196
0 62 108
1 46 106
3 46 161
2 27 141
0 43 164
3 8 136
1 54 85
7 86 182
0 27 54
-1
2 40 102
1 78 145
0 30 150
1 29 40
1 65 199
1 4 157
0 14 207
-1
-1
1 39 106
1 38 83
-1
-1
1 31 169
6 35 175
2 45 216
1 9 29
-1
-1
0 29 186
1 15 130
3 21 186
-1
-1
1 37 62
-1
0 45 124
2 25 196
5 17 170
6 10 170
0 83 178
4 108 120
4 46 203
0 95 167
-1
-1
2 107 130
1 6 115
1 4 67
15 101 129
6 66 206
2 23 187
1 41 138
12 28 60
0 49 177
-1
0 10 217
0 85 206
12 70 114
0 9 162
0 47 77
0 0 25
-1
0 57 148
0 6 155
-1
0 41 171
0 120 162
2 8 122
2 126 154
-1
4 112 182
3 5 168
6 35 177
0 43 91
-1
-1
2 2 183
-1
3 77 168
0 44 211
5 6 201
5 53 137
0 23 150
5 53 137
-1
0 11 121
0 56 129
0 39 180
1 94 146
3 74 189
4 13 136
1 75 179
-1
5 36 207
1 64 141
-1
-1
0 15 193
0 4 160
1 63 63
-1
1 70 191
4 11 179
-1
-1
14 16 64
1 5 199
1 21 133
0 9 162
5 23 179
1 28 136
3 61 171
0 83 185
3 65 177
1 16 45
4 89 130
0 5 60
9 23 132
-1
-1
1 10 166
2 106 160
1 119 141
0 59 210
5 22 68
4 16 146
-1
2 7 152
4 15 60
-1
6 18 194
-1
3 113 117
0 62 73
1 43 135
1 60 136
0 5 36
0 40 178
3 22 209
-1
0 41 199
2 21 99
8 32 200
2 32 152
2 70 84
0 24 219
4 115 187
-1
-1
0 3 148
-1
1 18 91
2 126 154
-1
0 14 139
2 15 19
4 50 77
1 39 85
2 8 162
-1
-1
-1
0 17 194
0 20 211
1 13 104
-1
-1
0 10 171
1 22 27
-1
4 6 172
1 62 190
-1
1 17 27
4 55 68
3 45 194
3 55 141
-1
2 10 160
32 120 156
3 23 67
6 22 126
-1
-1
0 8 130
1 38 175
1 19 165
4 6 201
2 70 149
4 22 196
0 3 125
2 7 217
0 8 58
-1
0 23 42
1 27 193
0 25 88
2 4 83
1 57 187
0 1 126
2 6 22
0 41 211
0 16 139
3 79 199
1 98 193
9 23 183
0 8 108
3 96 134
0 16 125
-1
2 69 164
2 9 35
0 56 172
1 9 223
-1
1 3 96
4 15 156
1 102 147
1 16 42
2 66 132
-1
-1
9 10 129
-1
0 8 129
1 73 205
0 12 98
0 98 127
2 44 146
3 43 97
2 38 205
3 25 87
4 62 120
3 47 109
1 17 47
-1
1 77 98
-1
2 27 62
-1
-1
-1
2 14 151
-1
1 89 190
7 51 171
0 68 140
-1
4 32 80
0 28 165
0 58 138
1 19 107
3 45 194
8 107 125
2 4 154
0 1 174
2 2 157
11 141 171
-1
4 43 145
0 43 158
3 26 222
6 62 122
0 37 110
3 69 130
-1
2 37 149
0 70 169
9 97 123
1 71 124
-1
2 6 70
0 86 206
1 140 149
-1
-1
1 23 194
2 47 178
4 44 188
-1
0 1 86
5 27 215
4 36 188
14 76 116
2 101 176
16 16 216
7 96 201
0 44 172
0 34 148
2 8 179
-1
2 27 129
0 0 191
2 147 158
0 85 86
2 17 109
1 49 171
8 106 130
1 51 144
-1
3 3 26
2 4 27
1 3 114
4 37 204
0 67 100
0 20 39
1 136 145
5 23 175
5 6 51
1 3 118
0 24 106
0 40 164
0 4 33
5 17 145
0 40 163
4 5 17
1 34 210
-1
-1
0 105 193
-1
0 41 97
-1
5 14 107
0 40 104
0 20 53
0 82 108
1 63 105
12 32 184
0 74 79
1 9 151
3 3 209
-1
0 57 137
3 129 131
9 24 46
0 30 49
2 21 131
4 4 220
0 85 184
0 26 175
5 93 183
3 9 202
0 80 204
1 25 141
-1
2 100 106
6 16 150
0 21 128
1 26 189
-1
6 18 66
-1
0 16 113
1 13 78
-1
5 25 215
2 91 96
1 7 208
2 15 193
1 52 68
1 84 175
18 110 162
5 82 133
8 112 148
1 29 155
8 10 196
4 24 212
4 26 194
0 72 144
3 36 207
-1
1 43 143
3 96 159
0 23 97
0 51 161
0 3 27
0 1 122
0 38 126
1 113 153
6 90 178
1 25 140
2 50 194
1 20 80
2 18 116
2 3 118
1 36 186
0 35 138
0 32 67
0 48 98
1 13 81
0 63 113
4 25 151
3 85 106
2 5 73
1 34 59
-1
-1
4 26 169
0 50 171
16 36 108
0 11 129
0 8 58
1 68 166
0 56 81
-1
2 28 156
-1
0 2 128
1 47 73
2 129 165
1 102 142
10 12 204
0 85 171
2 4 10
-1
2 42 140
12 46 162
1 12 102
3 9 175
-1
0 30 150
3 23 143
0 43 63
1 35 205
0 108 180
-1
0 86 199
-1
2 46 80
1 74 169
0 69 99
1 32 52
1 40 167
0 79 191
-1
1 34 71
1 7 77
-1
3 33 86
14 60 198
0 8 66
0 32 201
0 4 58
7 60 153
2 10 131
2 26 116
0 16 145
0 14 119
2 70 210
0 12 173
-1
0 4 206
4 5 143
-1
2 19 35
3 67 177
0 68 97
0 2 48
5 43 178
0 60 128
1 16 94
1 40 194
4 92 140
5 27 163
3 21 100
-1
3 26 85
1 74 184
8 28 218
0 47 117
1 39 179
2 115 184
1 29 221
-1
2 59 164
3 24 98
-1
3 11 36
0 53 158
-1
0 47 115
0 24 212
1 41 143
2 58 196
-1
2 26 150
4 138 147
1 22 137
0 15 56
0 109 195
0 77 143
5 56 132
2 3 58
9 43 108
2 75 199
8 24 128
0 5 103
1 44 199
-1
0 50 212
5 93 105
-1
3 53 198
1 114 114
0 18 141
0 54 66
1 15 137
8 68 212
3 6 43
2 42 62
-1
2 101 190
0 24 183
0 14 156
-1
-1
2 30 168
-1
1 19 194
2 17 207
0 5 126
2 90 143
1 19 205
1 49 211
0 37 58
0 0 169
1 65 139
0 16 159
0 10 124
0 17 57
0 1 103
1 116 144
5 47 182
1 96 151
0 0 126
2 22 197
1 26 113
0 60 166
3 14 202
1 5 191
9 25 159
3 40 162
-1
2 98 138
4 13 130
2 80 181
0 0 12
-1
-1
3 5 33
3 53 193
3 7 122
3 23 193
-1
4 5 109
9 18 199
1 7 167
-1
-1
1 87 197
5 91 131
6 62 138
2 58 135
1 4 82
12 32 132
-1
2 23 189
1 60 200
0 15 220
2 59 200
2 117 168
0 67 100
0 138 138
3 23 90
2 10 186
0 8 216
0 70 106
0 26 180
4 27 156
7 35 203
3 105 157
0 86 180
1 49 161
-1
3 16 102
0 54 175
0 47 62
4 70 187
0 113 192
1 41 194
1 4 67
6 78 110
7 62 185
3 43 216
2 52 133
1 61 104
4 106 174
2 116 184
-1
0 48 127
-1
-1
3 45 164
6 83 133
3 76 175
10 58 214
4 4 156
6 11 57
1 9 114
1 103 195
-1
-1
0 50 74
10 44 182
0 21 217
2 43 68
0 12 109
1 29 92
-1
1 55 111
1 123 145
0 88 176
15 31 153
-1
3 17 45
2 44 212
1 72 102
3 131 159
0 77 135
0 9 149
9 23 141
1 129 155
0 13 106
-1
4 84 144
1 29 83
-1
-1
-1
0 74 94
3 92 173
6 14 94
3 60 213
4 25 151
1 21 94
0 4 67
-1
1 8 111
5 7 173
3 17 87
6 100 108
1 2 208
1 139 155
2 51 135
5 23 211
2 37 203
1 5 94
4 4 46
1 95 106
0 18 156
2 64 197
4 55 68
2 109 179
1 82 105
3 26 109
-1
2 63 189
1 41 185
4 79 155
2 103 193
8 37 110
5 35 128
0 0 108
-1
-1
-1
0 8 154
1 32 96
-1
1 18 75
-1
0 0 70
-1
1 25 71
-1
3 67 90
2 25 109
6 126 146
2 6 67
1 54 113
1 2 151
8 64 160
1 86 184
-1
0 14 187
-1
1 2 49
-1
1 107 157
1 43 181
0 70 133
2 136 176
3 37 212
0 65 151
0 25 195
1 95 138
0 51 205
6 12 62
5 20 118
5 33 114
-1
4 8 16
-1
-1
2 27 52
14 42 162
-1
2 115 117
5 11 185
2 114 181
-1
0 22 140
2 30 73
12 136 144
0 12 42
0 16 133
6 20 96
5 6 102
0 12 126
5 79 199
1 87 167
1 47 62
1 29 129
2 109 114
0 55 138
12 18 68
8 44 156
-1
1 109 140
0 35 205
-1
1 52 188
1 49 135
0 92 185
1 14 203
2 128 142
0 14 99
-1
0 22 62
5 94 130
0 76 162
0 11 98
0 1 140
0 69 80
1 28 172
4 76 96
6 100 102
1 28 154
0 4 121
4 11 19
0 55 159
6 21 73
0 28 53
0 81 96
2 23 110
3 13 147
0 11 223
6 24 58
1 20 41
-1
0 8 37
7 15 108
6 44 198
2 6 73
0 54 198
1 64 121
1 13 187
2 71 191
0 0 127
1 1 213
2 22 68
0 23 181
9 99 184
2 54 116
1 9 54
0 3 212
-1
1 34 181
1 89 136
2 49 100
4 67 170
3 87 190
-1
0 101 195
2 25 87
1 1 208
0 9 100
0 4 146
0 80 149
1 54 115
0 1 160
-1
-1
0 80 158
1 18 82
1 65 86
1 44 169
1 8 173
-1
3 6 110
1 58 185
3 61 95
3 59 114
8 108 128
0 63 155
-1
2 32 178
0 12 195
1 75 202
1 22 145
10 106 126
-1
12 109 186
-1
0 10 119
3 37 113
1 1 160
2 20 128
3 7 81
0 54 141
1 29 146
2 5 77
1 23 80
0 103 172
2 88 176
0 1 105
1 46 119
0 16 170
4 42 204
1 79 179
4 6 198
0 58 166
2 22 140
8 24 182
-1
1 70 169
1 135 161
5 21 168
0 28 130
1 80 182
1 42 70
1 92 128
2 70 176
2 45 216
3 83 190
2 2 34
0 27 186
2 28 122
-1
2 19 139
2 7 82
14 90 168
1 68 115
1 14 14
-1
0 69 144
-1
2 31 161
-1
2 54 156
0 82 183
1 7 53
7 17 185
0 89 193
10 81 177
5 45 51
0 44 178
1 4 124
-1
0 116 191
-1
2 26 110
0 19 136
4 46 154
1 33 101
2 35 93
1 23 185
1 26 216
1 18 18
6 26 216
-1
4 34 50
0 16 160
0 122 172
3 135 163
3 20 149
4 73 133
1 5 46
5 116 185
0 17 162
-1
-1
5 20 164
10 62 82
0 33 145
2 53 132
0 18 59
1 59 114
2 18 83
5 39 126
2 80 188
1 13 139
0 74 196
-1
-1
5 47 63
2 44 120
3 29 186
4 26 120
0 122 185
8 108 162
0 6 76
-1
-1
0 50 118
1 21 119
0 75 149
3 133 150
2 20 101
2 44 203
1 67 148
6 10 213
-1
1 22 209
3 72 83
0 33 190
1 1 191
-1
6 6 197
1 38 131
-1
-1
2 10 131
1 87 155
1 30 99
-1
0 3 222
1 22 70
3 7 158
-1
-1
-1
1 39 194
0 43 171
0 32 198
1 19 127
3 17 165
1 95 134
1 15 163
3 69 143
0 0 152
1 50 104
1 4 208
4 30 114
0 83 137
4 60 156
20 54 168
1 21 60
-1
6 21 41
1 41 195
2 76 114
-1
-1
-1
9 109 135
-1
2 41 65
0 57 97
1 20 220
-1
5 7 131
-1
-1
3 25 95
0 15 188
1 28 155
4 22 202
0 70 183
1 39 154
0 14 156
0 55 176
6 48 181
0 5 202
1 7 164
1 55 159
5 108 168
0 85 148
18 54 164
0 0 2
3 39 151
0 96 185
1 85 122
2 24 151
0 11 205
4 66 150
8 24 102
0 98 98
0 110 183
6 39 211
2 69 79
0 23 104
2 54 146
3 16 192
-1
1 18 136
3 44 202
0 10 208
-1
1 37 202
4 14 109
1 49 61
-1
-1
0 49 205
1 4 67
1 31 143
-1
3 60 133
1 81 179
0 74 176
1 40 151
0 83 100
0 33 197
2 85 146
1 85 101
1 41 213
3 36 218
2 100 126
0 10 120
3 58 90
0 29 116
0 12 209
1 24 152
0 10 178
10 50 214
1 71 99
0 8 117
-1
3 61 121
2 26 77
3 79 201
2 9 185
1 42 199
8 20 152
0 29 39
2 51 115
0 81 134
3 15 157
2 18 168
1 1 149
3 13 30
0 38 128
-1
5 72 183
1 85 202
-1
8 40 142
4 74 181
1 149 150
1 1 39
0 18 113
0 53 193
12 52 216
1 85 151
1 43 91
0 100 167
7 93 198
0 47 146
1 52 184
0 100 174
-1
10 32 221
0 40 119
4 79 101
2 29 143
6 57 213
0 11 68
0 1 54
4 64 201
1 11 145
0 0 192
7 57 165
2 49 103
1 46 215
2 10 116
1 53 142
1 16 82
5 23 217
0 23 188
4 32 113
-1
-1
0 77 162
0 31 89
10 12 204
12 24 194
1 99 151
5 63 180
1 1 17
2 66 146
0 46 177
0 38 175
-1
-1
4 65 206
-1
0 100 112
1 62 62
1 9 23
2 4 74
2 13 185
4 48 198
0 31 54
-1
-1
2 98 122
0 45 150
0 83 102
1 42 125
-1
2 20 122
3 93 148
2 40 164
-1
1 114 171
5 36 109
3 10 203
-1
13 49 125
1 43 63
-1
1 22 212
4 14 180
0 39 101
4 80 206
0 19 122
0 36 163
0 33 127
0 14 118
4 40 154
8 8 168
0 32 200
0 109 170
8 116 160
2 55 212
-1
-1
4 132 162
2 62 149
0 7 89
1 18 43
0 40 86
3 40 162
0 73 175
1 13 102
0 140 157
1 69 207
0 45 71
3 61 171
0 42 135
6 28 206
1 45 124
0 25 136
0 28 128
14 138 138
1 16 44
3 8 138
4 40 62
0 81 100
-1
16 100 172
-1
1 68 88
1 7 97
1 26 205
2 17 149
1 52 175
4 20 124
2 73 162
0 23 141
3 12 129
1 28 206
0 43 95
1 9 182
2 28 198
6 11 21
0 30 181
3 10 195
4 5 103
0 36 220
9 51 71
1 28 145
-1
1 96 170
-1
6 6 154
1 30 76
0 83 125
0 30 186
0 83 148
2 12 50
20 52 160
2 7 51
-1
2 16 166
0 129 171
0 20 62
0 24 152
0 37 77
1 45 94
1 83 172
-1
3 14 143
1 41 95
6 62 132
0 85 106
1 111 130
8 38 197
0 81 172
2 53 92
0 19 60
0 18 201
0 14 38
0 82 105
0 17 92
0 78 206
1 59 196
-1
10 38 76
3 9 149
0 16 204
0 50 59
1 7 121
-1
2 38 150
1 23 219
0 57 95
0 6 153
4 37 158
0 10 104
-1
2 12 161
1 50 111
0 104 160
0 13 210
-1
2 81 96
-1
1 103 173
4 16 100
-1
1 78 105
-1
3 27 115
-1
0 16 136
1 43 142
0 13 185
0 69 161
-1
-1
0 0 156
-1
-1
0 0 101
3 78 83
0 108 120
0 103 152
2 95 116
0 75 124
0 89 144
-1
-1
0 0 46
1 79 196
0 19 75
1 6 93
2 10 138
18 54 206
-1
1 98 193
-1
2 67 172
4 41 219
3 9 223
6 45 169
-1
-1
1 1 159
-1
0 70 96
0 25 206
4 10 162
-1
-1
0 13 60
1 43 113
0 90 176
2 7 158
4 22 162
2 43 60
0 88 150
1 18 83
0 67 190
1 95 109
2 8 206
2 54 214
-1
0 69 101
-1
3 13 124
1 41 211
-1
-1
1 43 158
-1
0 40 101
1 13 183
4 30 162
3 123 130
1 27 201
0 78 80
-1
-1
-1
1 21 217
3 30 193
3 59 205
-1
0 37 115
2 4 127
3 41 213
-1
2 22 126
2 34 172
4 20 138
4 9 168
1 45 49
1 64 110
0 76 175
6 84 120
6 28 148
0 16 189
0 41 188
-1
0 90 161
4 146 149
1 6 45
2 64 85
0 17 183
1 35 143
-1
12 56 144
-1
0 8 99
10 22 94
0 61 155
0 125 134
6 15 221
1 22 197
1 12 193
2 82 185
3 18 117
-1
-1
4 108 132
-1
-1
1 112 187
4 41 190
10 14 194
1 59 125
2 92 178
3 62 198
1 59 201
-1
-1
2 16 106
0 65 126
1 11 200
1 43 115
1 31 179
7 21 108
2 46 218
7 25 157
1 10 43
-1
0 56 164
0 27 62
-1
2 13 219
0 64 212
1 14 186
6 22 98
3 20 146
4 94 114
9 119 129
2 93 147
-1
-1
2 89 181
0 96 199
-1
1 3 136
2 81 195
2 93 118
16 16 104
0 1 38
0 5 111
5 19 139
0 109 154
2 84 189
-1
0 41 144
0 25 182
9 75 207
0 90 147
5 28 193
0 104 159
4 107 113
3 38 207
8 16 68
1 31 119
5 6 75
0 44 99
0 26 54
3 24 122
1 9 24
1 23 185
0 5 52
0 9 107
-1
1 6 134
1 55 206
3 75 123
-1
0 114 126
3 41 69
1 40 184
-1
1 19 39
3 51 178
0 9 98
1 22 155
-1
-1
4 16 196
2 37 100
0 113 172
2 64 76
8 38 68
2 5 125
9 52 144
-1
3 7 41
0 28 188
1 1 103
1 46 104
1 8 106
1 37 181
4 36 168
10 14 194
2 36 132
3 24 97
8 17 187
-1
-1
4 4 24
1 8 34
-1
17 81 177
5 46 193
2 31 172
3 118 147
4 51 204
0 12 179
3 41 191
-1
0 0 98
0 135 161
-1
-1
1 13 148
2 78 185
0 70 134
-1
-1
3 59 177
13 27 171
0 75 182
0 14 20
0 45 96
4 43 166
3 29 109
-1
16 24 64
1 119 184
0 23 94
1 8 120
0 7 123
-1
1 52 109
2 3 103
0 97 128
0 50 162
2 3 76
8 24 180
3 31 177
2 92 123
0 30 213
-1
0 4 151
4 49 149
0 46 81
4 8 109
-1
1 65 194
0 36 99
2 135 159
4 132 132
2 37 171
4 19 85
1 66 157
4 71 211
1 133 168
0 66 66
0 27 209
3 26 81
-1
3 33 85
-1
-1
4 24 135
0 12 212
-1
0 5 119
6 14 182
3 19 138
8 116 156
1 52 204
0 17 141
2 57 63
0 3 74
0 134 134
5 35 79
1 29 30
0 74 114
0 9 128
6 79 205
1 53 157
1 32 38
-1
1 102 105
0 51 71
3 39 79
-1
-1
0 57 148
3 117 123
0 2 121
5 23 154
0 45 156
0 37 192
0 79 115
0 32 80
3 33 86
4 54 64
0 54 105
0 20 49
-1
1 43 96
0 42 43
7 45 177
0 19 137
0 17 62
0 15 85
3 5 59
0 28 203
2 37 127
3 28 111
1 39 157
6 54 170
9 71 75
8 40 66
-1
2 98 105
0 7 88
0 34 147
2 20 38
-1
3 7 213
0 34 120
-1
1 81 121
13 27 207
6 72 160
0 80 143
1 23 170
-1
1 22 35
4 16 134
0 22 199
1 102 177
8 21 183
1 2 35
0 37 52
6 72 92
0 71 71
10 38 98
0 21 86
4 111 156
1 109 150
0 13 219
0 27 129
1 18 32
2 10 125
0 25 78
2 116 144
0 56 100
11 48 218
0 4 40
2 6 132
1 29 171
1 54 74
2 122 172
-1
1 11 164
0 81 202
0 18 82
-1
0 14 113
-1
6 40 66
3 70 98
1 8 140
1 37 203
1 20 53
2 29 107
14 42 210
8 144 144
1 61 215
1 46 198
1 77 175
3 33 221
1 85 97
1 16 208
-1
3 61 75
2 34 122
6 16 180
3 117 165
0 15 66
0 56 209
1 6 149
12 92 120
1 29 206
1 89 194
0 16 139
0 72 157
2 12 198
2 19 139
-1
0 15 87
0 25 124
-1
2 54 126
0 57 110
0 115 117
1 42 159
0 76 76
2 37 151
8 56 76
3 22 63
1 20 104
0 18 188
7 31 147
4 39 138
-1
1 19 113
1 9 50
4 76 85
1 38 198
-1
1 15 153
1 10 13
0 14 133
-1
0 3 114
-1
-1
4 8 146
2 58 168
0 79 205
2 68 150
-1
3 29 118
-1
1 29 83
0 36 133
4 36 56
0 38 213
1 72 164
1 121 165
0 39 81
3 29 162
0 19 97
0 64 119
3 50 139
1 47 113
0 19 170
-1
1 35 161
-1
3 72 190
-1
0 27 158
1 6 175
0 76 205
9 145 147
0 24 36
1 41 104
3 46 192
0 30 180
3 73 210
1 14 56
1 60 72
3 7 203
1 27 115
0 33 212
5 71 115
1 3 11
2 38 124
2 40 152
16 32 80
0 36 70
4 16 104
2 16 53
-1
1 61 190
0 4 218
2 54 60
-1
1 70 210
-1
0 83 122
1 117 132
3 36 191
1 12 73
-1
5 19 131
4 10 173
1 39 138
10 54 206
3 25 129
-1
1 106 191
3 14 120
2 55 142
5 31 41
2 4 176
1 7 173
0 14 20
0 17 86
0 36 148
0 61 106
0 126 154
0 11 56
3 75 103
-1
-1
3 32 78
8 18 114
3 68 78
0 5 166
0 13 155
-1
-1
-1
0 44 136
1 36 65
1 37 198
-1
4 64 64
0 20 137
1 35 128
0 10 109
2 15 129
0 23 179
0 111 130
4 88 170
1 9 209
-1
3 47 195
1 27 185
-1
6 62 108
1 23 222
3 21 205
0 76 90
5 99 195
1 3 190
0 67 157
-1
0 31 174
3 36 147
1 36 135
0 35 194
-1
1 105 119
3 22 114
0 43 156
0 80 129
2 18 86
3 49 103
2 50 214
0 95 201
4 88 200
9 59 129
0 2 88
0 71 142
2 34 196
3 59 183
2 126 156
2 92 157
1 10 94
1 2 26
1 23 187
1 12 41
9 104 151
0 60 81
1 7 38
0 95 152
5 51 210
1 54 206
0 1 70
-1
-1
4 8 100
1 9 99
4 88 125
1 20 155
1 64 119
-1
1 40 160
4 6 98
-1
0 21 195
4 85 107
0 61 190
1 2 147
-1
0 58 80
0 114 186
4 70 164
2 54 204
1 3 190
0 53 58
6 69 193
4 8 142
0 123 170
7 36 195
0 82 95
-1
0 148 160
-1
6 26 210
1 4 20
1 30 83
3 12 175
3 12 98
1 6 185
-1
-1
0 32 73
-1
1 7 44
3 6 155
12 40 140
3 101 186
5 90 168
1 44 213
9 31 159
1 1 184
1 54 74
3 114 185
1 1 135
-1
2 37 214
2 63 108
1 119 186
4 94 131
3 102 167
2 89 119
0 97 188
2 31 109
1 43 210
2 62 204
2 43 65
6 62 204
1 79 94
2 32 181
2 28 184
10 22 94
1 42 185
2 34 151
4 17 205
1 5 162
-1
1 3 153
0 117 163
3 62 175
0 51 79
0 25 146
7 97 103
2 62 202
2 105 139
0 65 212
4 16 140
0 59 109
-1
2 16 211
1 21 105
3 130 132
2 44 163
2 116 129
8 82 190
-1
1 28 145
3 108 115
-1
0 21 138
1 17 221
0 11 111
1 6 212
1 57 189
0 36 45
0 32 45
0 11 120
8 12 212
0 75 153
2 37 125
-1
1 136 176
1 128 142
3 40 93
0 17 58
0 8 122
0 61 215
0 41 74
2 94 174
-1
-1
-1
1 10 197
0 43 212
0 28 83
-1
4 38 208
2 27 195
0 40 184
1 69 95
-1
-1
0 61 151
1 53 181
-1
1 21 36
0 60 180
-1
1 99 145
3 7 193
-1
0 32 129
1 38 38
2 59 201
4 88 132
2 26 199
1 10 34
2 47 145
-1
3 19 74
1 23 157
2 9 123
2 14 172
-1
2 30 115
2 36 159
1 93 191
0 56 194
1 92 150
3 66 71
1 34 141
5 69 198
0 6 85
1 21 39
0 10 165
4 119 175
2 12 62
6 10 42
-1
0 52 213
0 65 81
2 6 141
1 48 205
0 22 211
-1
0 34 200
2 81 207
-1
0 23 160
1 115 184
1 39 215
1 25 84
3 98 122
0 59 135
1 98 130
0 62 170
0 55 173
1 38 85
0 29 143
12 18 136
0 33 197
1 12 183
0 51 163
-1
3 65 102
3 49 165
8 24 222
-1
0 87 187
0 69 181
3 93 115
3 32 212
0 24 169
0 31 190
1 70 177
1 18 99
5 21 211
1 8 62
2 11 171
0 58 187
10 51 186
0 16 206
-1
-1
0 52 212
7 30 219
0 1 140
0 132 162
1 57 153
-1
5 6 156
6 37 117
0 1 30
1 89 194
3 5 77
1 82 184
-1
0 9 61
-1
1 31 215
2 22 218
4 74 158
12 36 156
1 41 111
0 15 154
3 25 219
0 17 52
1 8 67
-1
-1
4 134 166
0 5 37
3 82 160
-1
1 146 165
5 55 107
-1
3 80 112
0 33 214
8 32 164
0 17 116
-1
1 77 200
0 36 188
2 5 64
1 5 164
10 94 198
2 142 172
7 72 138
-1
0 34 96
0 63 196
1 13 164
1 15 165
-1
16 32 208
-1
0 15 202
0 148 163
1 14 75
1 95 187
1 8 89
0 55 209
1 66 131
6 144 170
5 139 145
0 69 136
2 80 97
12 102 130
6 38 213
-1
1 31 195
-1
-1
-1
-1
0 11 127
0 58 120
1 38 85
-1
0 17 110
-1
-1
0 54 135
-1
5 7 131
4 5 115
2 58 167
2 25 138
1 13 17
2 30 36
3 13 186
-1
2 79 179
5 41 203
3 12 114
0 40 201
0 8 170
1 3 27
2 19 220
3 67 207
3 104 121
0 1 215
-1
0 100 117
-1
-1
3 15 223
-1
7 54 159
0 15 59
5 44 167
3 29 107
2 9 99
0 97 130
7 107 113
-1
6 58 168
2 62 70
2 116 154
10 30 150
2 43 215
7 31 137
2 32 38
2 61 215
0 90 106
3 66 176
3 102 167
4 60 123
1 141 144
9 43 187
1 69 153
-1
-1
-1
6 6 124
0 35 135
13 104 136
0 22 195
-1
-1
8 16 218
3 149 159
1 22 52
1 47 139
1 2 7
-1
6 51 205
1 16 193
0 65 136
0 8 198
2 98 142
0 70 169
2 4 134
1 34 162
-1
0 13 133
1 125 169
-1
1 26 92
0 4 181
-1
7 23 93
-1
5 21 114
1 26 206
1 62 170
4 6 150
0 97 195
0 6 113
0 120 147
3 22 219
2 50 52
2 18 118
1 51 54
0 8 207
-1
-1
0 40 101
2 15 87
0 4 23
0 80 123
1 111 130
1 20 77
0 18 111
0 49 196
0 17 177
0 67 83
7 19 80
1 27 115
8 16 80
0 8 220
0 55 174
-1
2 8 8
0 8 108
16 48 108
-1
12 72 164
2 9 165
0 0 146
1 3 110
3 51 130
2 72 185
12 56 198
-1
8 128 178
2 109 184
0 17 129
1 82 103
0 2 129
1 49 165
0 18 78
-1
0 79 206
3 21 70
20 24 204
-1
0 75 94
-1
8 98 160
3 115 121
1 32 184
0 126 155
10 76 204
-1
5 17 95
-1
-1
2 15 141
0 21 196
12 52 132
1 128 150
5 57 114
1 42 70
0 3 10
2 41 190
1 74 199
2 15 189
0 34 124
0 39 94
-1
0 0 93
4 43 92
0 17 39
0 72 130
2 33 165
-1
1 99 159
3 34 129
2 85 154
0 2 131
1 126 165
2 54 84
2 94 164
4 21 84
8 112 112
0 35 87
2 41 122
0 3 26
8 80 108
1 89 116
0 50 181
0 95 161
2 47 145
3 15 69
2 66 170
1 98 173
-1
2 101 124
4 90 108
5 46 124
-1
1 69 179
2 41 169
-1
3 92 180
0 9 100
3 6 203
3 129 155
-1
0 42 176
2 61 191
-1
3 8 211
1 26 184
6 26 186
5 9 78
0 118 177
-1
4 100 151
-1
2 34 94
1 115 126
3 16 195
-1
10 154 160
0 13 203
2 12 66
-1
2 16 196
0 17 204
13 78 168
-1
-1
6 20 132
1 43 133
1 4 205
1 22 212
1 17 89
1 5 46
0 21 160
4 70 137
3 67 170
4 37 219
1 115 158
12 48 178
-1
1 20 167
0 20 173
8 32 50
3 51 94
0 98 183
0 96 185
1 71 185
4 16 151
-1
4 64 156
18 100 102
6 35 48
3 26 195
6 15 116
3 36 80
-1
-1
-1
-1
1 54 113
-1
1 46 85
1 2 215
-1
4 29 169
3 69 164
17 93 123
4 46 148
0 59 155
-1
-1
2 52 210
12 42 146
6 68 162
1 89 181
0 18 119
1 1 115
6 88 135
-1
2 20 42
-1
2 16 101
4 59 199
1 13 83
0 36 210
2 122 187
1 126 180
1 62 124
1 4 117
-1
3 37 195
2 3 95
-1
4 88 198
8 24 24
0 83 191
-1
3 77 135
0 8 203
-1
-1
3 105 133
6 94 198
4 130 157
1 66 198
-1
2 27 63
4 14 56
2 57 213
2 48 205
0 42 82
8 76 176
0 8 17
18 32 120
-1
0 2 174
4 28 151
7 89 175
1 61 135
-1
2 69 79
3 64 201
4 76 180
2 38 121
-1
-1
2 16 108
3 87 95
-1
1 59 153
0 1 105
8 8 206
2 82 188
2 32 179
-1
2 138 140
-1
0 98 170
1 16 82
0 8 161
-1
9 44 210
0 18 22
0 11 36
0 63 153
1 16 206
3 89 149
0 24 193
-1
0 78 105
3 104 114
-1
0 4 178
0 96 135
2 46 198
2 96 201
1 34 61
8 87 108
3 142 150
0 91 105
1 104 119
0 5 47
1 33 183
48 48 176
3 39 60
-1
6 24 97
1 9 71
-1
4 43 118
-1
2 95 153
3 12 128
1 51 202
0 91 170
1 12 208
0 83 153
5 29 111
2 2 76
0 115 163
6 6 114
0 48 138
0 13 67
0 4 44
18 18 150
12 18 94
0 16 160
-1
6 84 196
2 93 197
0 45 161
-1
1 63 110
4 6 72
0 128 167
1 19 92
0 124 135
-1
0 19 160
2 106 189
-1
4 38 155
1 4 97
-1
0 80 172
5 103 145
2 29 182
3 30 197
10 14 122
1 11 166
2 22 136
0 63 190
1 113 128
2 64 214
0 34 180
0 21 118
1 14 209
-1
0 80 208
2 28 200
3 11 182
2 21 63
1 89 189
1 31 151
0 78 97
-1
-1
-1
2 46 151
3 3 167
3 41 54
0 19 175
2 24 96
0 46 129
1 3 10
1 21 51
0 83 83
8 110 184
0 145 147
2 53 193
1 9 125
0 18 188
-1
-1
0 6 98
-1
3 75 122
0 37 75
0 39 176
0 12 155
2 42 148
0 139 151
-1
2 110 114
6 10 12
5 13 105
4 105 189
2 102 125
3 52 93
2 56 160
6 30 202
-1
1 48 205
2 20 205
1 65 202
2 13 221
0 6 191
-1
0 59 194
2 34 55
5 58 184
4 28 108
2 26 66
0 7 54
2 75 148
4 4 202
-1
2 43 47
0 80 173
6 61 171
0 38 140
1 54 200
11 15 141
0 90 168
4 28 165
-1
-1
0 3 135
3 22 52
-1
2 23 169
0 146 169
-1
2 11 137
5 32 221
1 136 161
12 66 134
3 9 61
0 10 147
-1
-1
0 77 88
1 18 136
3 135 171
2 7 71
0 105 196
2 35 179
0 9 119
0 28 167
1 101 161
3 11 21
7 75 203
2 21 213
4 20 164
0 39 132
1 26 181
1 13 170
0 143 158
-1
2 36 80
0 7 21
4 17 128
-1
0 4 43
-1
2 2 155
1 12 106
6 100 114
3 23 42
8 88 140
0 13 65
-1
10 83 148
-1
10 16 148
0 47 161
-1
2 125 148
1 13 69
2 51 174
0 16 19
2 122 150
-1
5 25 67
6 9 191
0 88 172
1 75 114
1 37 202
5 53 115
-1
0 27 207
0 49 121
-1
15 99 145
0 22 137
2 12 112
-1
-1
0 18 207
1 25 159
6 35 48
0 8 86
4 100 164
7 66 189
0 13 134
1 31 125
0 49 199
-1
1 3 121
5 7 159
2 79 79
3 41 90
4 32 170
1 49 169
1 23 209
1 26 216
-1
0 3 167
3 21 59
4 115 163
0 35 187
0 37 98
-1
2 71 207
-1
-1
3 29 194
2 61 209
2 40 181
5 60 204
2 16 181
2 76 80
0 67 212
0 33 163
1 4 185
9 60 136
1 12 84
1 67 160
0 5 68
1 99 184
1 15 127
6 60 62
0 72 148
8 108 168
-1
-1
0 40 215
-1
-1
-1
2 11 149
6 10 222
-1
3 5 36
0 20 106
1 7 57
-1
2 26 182
-1
0 86 176
2 6 127
1 14 16
-1
0 112 143
-1
0 53 177
0 19 176
-1
-1
6 24 194
3 22 189
1 123 158
1 3 137
-1
4 6 134
5 79 205
16 34 128
1 9 75
-1
0 86 155
0 60 167
7 8 104
2 3 216
6 27 106
5 74 209
4 28 68
1 19 88
3 73 138
7 117 153
0 36 84
2 29 202
1 57 188
4 36 40
1 119 141
4 82 148
2 4 98
1 51 137
2 83 200
-1
1 36 192
3 37 58
3 30 49
-1
2 36 186
1 55 81
-1
4 42 204
2 125 151
5 22 199
-1
1 40 128
-1
1 40 108
7 59 199
1 23 96
2 10 174
2 28 102
-1
0 56 196
3 12 79
3 36 173
7 39 199
0 39 66
-1
-1
-1
5 22 100
1 95 138
0 17 103
4 23 221
0 33 132
6 10 110
-1
4 32 216
4 24 44
1 83 201
5 51 111
2 15 78
2 24 189
1 30 163
15 27 221
3 81 201
0 33 53
0 23 193
1 30 200
0 110 183
-1
5 55 131
4 28 82
0 87 192
0 40 84
0 57 87
-1
5 128 178
1 100 141
4 118 128
1 26 186
3 45 103
2 141 141
4 90 146
-1
0 11 77
0 22 160
1 85 183
4 24 44
-1
7 86 169
-1
3 14 117
2 32 38
0 15 199
2 2 218
0 66 180
2 74 158
0 76 126
1 35 185
8 8 160
26 114 174
1 9 136
2 39 50
1 73 203
0 7 191
1 34 203
2 10 196
-1
2 24 204
2 38 132
3 21 94
0 23 117
1 49 157
-1
7 44 163
-1
2 88 112
-1
0 20 147
2 36 159
0 61 121
0 46 50
5 25 123
-1
0 17 103
1 12 151
2 19 80
-1
0 6 99
6 24 200
1 59 148
4 64 64
4 48 184
3 17 23
12 12 92
-1
-1
0 22 212
3 11 187
0 118 163
1 53 125
0 12 108
-1
0 5 139
1 50 124
0 54 189
0 2 158
3 51 110
6 90 142
1 5 13
1 93 162
1 50 182
0 99 120
-1
0 18 135
1 9 193
4 38 133
5 35 183
1 112 140
5 25 101
0 15 54
7 105 173
0 12 198
-1
9 106 189
1 72 160
1 78 123
-1
1 1 175
3 12 109
0 78 145
-1
1 50 193
2 8 200
1 53 105
1 75 199
0 72 188
2 10 164
-1
4 8 136
-1
4 13 185
1 10 69
0 9 178
2 33 63
1 14 40
-1
8 44 182
-1
14 26 122
1 14 189
3 3 175
0 21 42
-1
-1
2 94 125
-1
0 19 31
2 7 200
-1
1 11 216
1 37 207
5 34 174
3 35 129
5 15 75
1 47 148
-1
0 13 111
2 120 139
2 32 80
2 3 120
2 36 170
-1
0 58 155
2 125 152
4 8 202
2 142 150
0 17 35
2 26 60
0 24 66
2 8 70
-1
12 18 142
2 32 179
1 2 9
0 55 156
-1
0 78 203
3 47 75
5 127 142
0 27 113
-1
1 15 216
0 8 106
-1
0 45 138
3 58 120
1 24 51
-1
0 14 81
1 103 180
-1
2 72 205
-1
5 87 147
0 69 179
-1
3 13 168
-1
5 81 109
4 94 154
4 82 140
2 66 126
1 3 127
0 84 193
-1
-1
-1
2 4 38
2 12 82
2 5 197
3 34 125
0 78 152
1 81 129
4 30 159
3 17 187
1 67 73
1 67 118
0 54 60
0 13 46
2 17 221
1 33 52
0 96 135
0 7 23
3 61 132
3 75 116
2 98 170
1 37 90
-1
1 67 77
3 80 98
1 47 148
0 4 146
2 12 70
3 93 103
2 42 192
0 8 218
-1
1 50 101
2 49 106
3 111 124
0 83 190
1 57 87
0 44 169
2 3 212
1 4 213
-1
5 25 148
0 2 84
3 16 99
-1
-1
1 10 87
6 66 206
0 75 122
0 80 159
1 99 190
2 3 8
-1
0 29 166
3 24 59
2 67 209
18 100 108
3 77 150
14 42 186
3 11 203
1 92 117
0 24 165
0 12 41
5 39 204
-1
5 69 194
-1
7 107 113
0 9 117
0 75 116
5 53 157
0 37 110
2 116 170
-1
10 14 200
-1
5 112 145
1 83 205
6 50 162
0 60 61
0 27 191
2 66 126
1 35 199
0 18 220
3 17 66
1 16 146
10 122 178
0 22 164
-1
4 10 62
3 93 155
1 69 145
7 45 84
-1
1 13 196
1 17 115
-1
1 55 116
-1
2 53 78
1 13 112
0 96 96
6 50 136
-1
6 100 186
7 75 99
-1
6 98 150
-1
-1
-1
-1
3 156 160
1 62 127
1 2 115
0 69 90
2 38 194
1 58 151
1 14 20
10 66 198
0 76 191
1 63 209
1 7 210
9 99 164
1 75 156
0 10 194
1 2 195
6 90 134
0 87 177
1 77 193
1 54 171
0 35 201
0 13 32
0 23 32
3 43 162
0 30 182
-1
19 39 171
0 37 93
1 97 165
0 62 168
3 119 165
0 18 90
1 141 165
1 5 151
4 30 142
3 9 151
1 47 152
1 110 193
0 1 43
0 49 131
2 20 164
0 30 48
1 26 213
4 134 146
0 123 170
0 49 174
-1
1 83 147
-1
2 86 155
1 85 157
0 53 141
1 65 129
2 6 172
2 9 177
3 119 141
0 127 143
0 3 9
6 81 134
1 14 135
0 131 171
1 34 137
3 15 67
1 60 163
2 4 166
0 17 22
-1
0 16 154
2 37 183
2 88 142
0 1 61
3 19 139
3 11 78
7 131 149
6 119 141
12 70 126
1 23 55
0 57 138
1 19 221
2 19 212
13 51 117
12 92 152
-1
2 14 115
0 22 72
3 68 156
2 20 196
15 96 179
-1
4 6 177
0 29 195
2 16 148
2 68 82
-1
5 31 147
6 9 176
3 108 135
4 38 70
4 106 160
18 46 96
0 33 55
3 3 133
1 8 158
0 13 136
-1
4 146 149
3 13 210
3 35 187
6 18 124
0 6 174
4 10 119
2 62 205
-1
0 5 76
1 26 95
2 14 196
6 78 197
0 73 95
1 10 95
1 7 123
5 75 99
1 22 112
4 8 160
-1
0 33 201
0 48 208
2 59 59
4 25 107
1 10 175
0 10 123
1 24 72
4 19 65
3 77 122
-1
-1
0 121 156
2 6 190
-1
0 0 217
0 34 190
6 26 190
-1
1 33 83
0 99 134
4 9 144
0 57 97
-1
1 34 81
0 3 140
3 7 81
7 29 49
0 92 98
3 31 147
0 86 161
4 4 120
8 20 154
5 6 189
1 1 209
8 108 170
0 120 142
1 71 155
-1
1 56 166
10 54 66
0 4 151
-1
0 22 146
2 14 41
0 4 161
1 75 178
1 67 107
3 87 140
4 6 40
0 19 194
3 23 160
1 82 195
-1
-1
0 130 141
-1
3 106 124
0 23 55
6 79 156
0 58 175
1 14 117
1 39 179
2 147 155
0 15 24
0 11 94
2 40 108
-1
2 64 192
5 104 170
0 22 125
5 25 53
2 44 172
3 19 111
-1
-1
1 9 41
5 71 71
14 38 70
1 44 70
6 44 75
2 19 100
-1
3 87 135
1 61 192
0 3 148
1 3 39
-1
0 4 101
-1
-1
1 66 121
6 79 205
1 5 149
1 55 159
1 38 213
-1
1 22 83
4 32 38
1 18 194
1 28 182
-1
6 30 182
6 146 150
-1
-1
8 120 176
5 26 176
1 82 132
-1
1 8 145
0 2 41
5 90 93
5 16 80
1 47 164
0 95 143
12 58 207
4 8 70
13 81 141
-1
-1
6 19 177
2 14 218
3 10 99
-1
-1
-1
-1
0 70 201
0 43 209
0 69 80
0 7 209
1 57 97
2 123 163
-1
4 92 190
6 10 51
0 13 17
5 79 181
1 69 125
1 62 191
-1
0 30 57
3 27 103
0 55 202
4 53 65
-1
-1
5 44 76
1 7 51
6 16 159
0 63 199
1 41 177
0 26 176
1 61 69
-1
-1
3 85 129
1 39 199
2 6 132
0 8 10
2 107 172
3 31 215
0 16 79
20 69 186
1 9 21
0 106 110
-1
0 70 71
1 45 207
0 70 143
18 102 142
-1
0 43 167
0 22 186
1 35 171
2 3 141
-1
6 30 140
4 134 160
-1
1 21 192
1 15 183
5 79 124
-1
2 40 119
4 90 134
0 14 78
1 27 193
4 48 154
0 3 65
0 4 192
10 22 182
0 91 200
1 65 191
2 89 191
2 38 119
-1
4 52 170
0 86 172
1 1 64
0 31 31
0 12 192
20 52 148
0 14 204
-1
0 11 40
0 11 71
5 69 205
1 11 37
1 41 174
0 62 127
0 12 94
2 4 189
2 13 199
0 19 153
10 60 98
0 13 103
1 19 204
-1
0 13 134
1 17 115
2 14 186
0 8 176
-1
1 35 142
0 14 15
2 2 194
0 59 149
-1
1 38 131
0 93 98
1 57 201
1 31 145
-1
1 9 107
2 2 98
2 125 148
0 27 108
1 42 45
-1
0 105 171
0 47 152
-1
3 73 147
2 50 103
0 48 178
6 42 200
-1
-1
2 32 143
0 84 179
3 38 123
1 109 114
-1
1 18 212
1 2 201
1 74 115
1 12 146
0 75 143
-1
2 58 202
0 95 201
-1
-1
0 76 205
3 7 193
0 85 88
0 3 179
3 81 191
3 37 150
1 8 128
1 86 181
-1
0 10 33
0 77 209
-1
1 20 104
-1
-1
2 5 197
9 15 95
4 76 174
5 55 73
1 5 38
3 8 174
-1
0 2 78
0 1 39
1 25 188
1 21 114
-1
0 52 172
-1
12 62 192
1 35 82
0 26 113
5 11 53
2 20 209
2 38 100
8 54 120
1 11 174
0 12 133
0 6 65
3 11 81
0 36 203
-1
0 130 141
16 76 124
0 28 38
-1
3 53 131
0 35 189
-1
-1
-1
3 56 131
0 118 118
1 49 214
0 37 110
2 11 202
0 2 208
0 35 179
5 45 62
0 56 146
6 11 211
2 34 220
1 19 109
1 9 197
7 36 192
0 1 173
1 1 21
1 55 159
1 75 186
1 42 179
0 0 47
2 49 155
-1
3 126 179
4 59 215
-1
-1
9 87 112
4 22 128
-1
0 40 165
0 92 178
1 2 155
1 7 64
6 16 132
1 17 157
0 15 215
0 0 48
12 36 132
0 12 198
0 6 53
0 100 166
19 39 207
0 7 124
1 2 129
1 58 180
1 5 130
-1
1 56 129
1 94 176
0 73 130
-1
-1
0 54 209
2 10 14
4 6 118
-1
2 145 147
1 77 173
0 17 45
1 96 199
6 68 88
0 80 151
3 50 212
1 3 222
1 8 123
1 2 189
0 114 170
1 47 88
0 15 138
4 69 134
3 6 44
-1
0 30 162
0 18 212
2 22 158
0 5 133
3 124 161
1 95 146
1 37 48
1 9 84
-1
1 126 161
0 77 175
1 2 4
1 3 19
0 45 201
1 40 86
-1
3 54 109
1 15 180
2 57 167
2 57 123
1 25 190
-1
1 7 209
3 8 33
1 49 214
3 7 102
0 1 149
4 29 131
8 40 104
8 33 33
3 13 81
2 11 176
0 5 65
2 7 99
2 15 197
2 135 171
12 36 124
2 36 129
1 135 147
-1
6 30 76
-1
0 45 113
1 7 174
0 11 85
6 65 147
1 28 200
1 86 136
2 31 202
0 7 26
5 50 86
-1
0 15 193
1 26 95
-1
-1
1 15 207
-1
1 4 117
1 95 106
3 23 95
1 52 112
-1
4 11 164
-1
1 11 194
1 14 172
8 20 32
-1
0 11 211
5 27 207
7 33 117
3 34 195
0 16 219
1 73 182
4 30 114
3 30 211
1 1 149
-1
4 8 221
1 11 118
1 41 46
1 3 42
-1
0 32 120
-1
0 72 162
3 59 153
3 31 184
2 78 140
1 83 203
0 73 152
1 51 159
1 67 163
3 121 159
0 114 120
2 36 166
5 31 170
4 106 174
-1
2 60 162
-1
-1
2 26 64
1 68 209
0 21 88
0 3 111
2 4 10
1 16 221
1 22 38
-1
-1
-1
7 89 193
0 18 30
1 50 53
0 48 167
4 50 160
0 1 51
8 64 212
2 70 167
6 29 45
0 14 102
12 44 196
8 8 168
-1
3 84 184
2 14 55
-1
-1
0 120 162
2 38 120
0 20 80
3 38 187
1 109 115
2 114 114
0 72 200
1 73 152
1 19 208
0 52 98
0 22 159
0 37 90
2 108 195
18 32 120
3 5 132
0 51 100
0 70 172
-1
3 59 215
1 58 210
1 13 124
0 34 216
0 1 207
5 19 149
-1
1 13 199
0 15 41
2 7 131
1 27 209
0 81 202
12 98 192
3 40 93
0 10 86
0 1 201
-1
-1
4 48 144
1 13 51
1 3 138
0 95 138
3 26 144
7 82 167
1 105 159
4 25 79
0 40 116
1 70 107
2 14 138
-1
4 22 44
1 10 206
16 20 166
4 36 166
-1
2 49 191
0 3 83
8 78 200
0 68 125
2 48 67
1 19 144
-1
8 61 170
8 8 162
-1
7 19 103
1 33 167
3 22 171
2 7 217
10 40 158
0 119 161
1 1 22
1 7 27
-1
0 5 112
24 24 40
1 29 105
2 6 132
4 12 92
3 26 165
3 54 100
3 99 181
1 8 137
0 79 160
10 12 210
1 19 203
-1
2 40 132
0 62 178
1 63 87
0 60 133
-1
28 108 192
2 63 197
1 4 193
0 27 141
4 58 90
3 27 199
1 14 56
4 42 198
0 3 135
5 33 202
5 114 171
4 12 140
0 70 183
-1
0 96 184
2 26 176
4 32 40
1 35 152
4 64 89
0 86 155
1 82 178
7 39 144
0 152 160
0 39 176
1 6 116
-1
0 75 137
2 19 209
10 90 198
0 53 206
0 19 65
-1
1 22 109
-1
1 24 179
-1
4 12 220
0 56 146
4 90 184
-1
0 27 98
1 59 177
1 137 150
0 5 132
0 30 197
5 19 221
1 1 79
-1
1 77 162
7 32 182
3 23 87
-1
1 11 101
5 135 167
-1
3 50 117
0 59 136
-1
-1
-1
2 40 134
4 56 146
0 95 102
0 29 145
-1
1 51 141
1 55 88
3 114 176
-1
2 16 187
-1
24 112 120
2 61 179
-1
-1
12 28 220
1 3 11
1 40 193
6 78 188
4 32 173
2 115 158
-1
10 68 88
-1
2 26 131
2 29 40
0 76 150
1 18 187
6 81 134
1 71 177
-1
2 34 121
-1
2 64 186
0 16 200
3 75 202
0 54 144
1 42 187
2 45 54
0 74 176
1 6 161
0 8 141
2 26 135
0 36 145
6 48 82
0 64 110
0 1 142
2 60 166
1 85 117
0 17 105
3 3 167
3 21 74
9 35 135
0 33 144
4 68 166
3 25 159
6 27 146
1 49 69
3 33 170
2 108 153
2 9 186
0 30 206
0 22 102
2 6 106
0 27 52
1 31 123
0 17 91
2 40 101
1 4 44
0 57 105
0 49 190
0 11 196
14 38 196
-1
2 45 183
10 18 192
3 67 157
1 37 188
4 86 120
2 21 81
0 10 26
4 16 172
2 25 118
3 63 196
-1
1 27 104
4 32 204
0 39 55
1 32 168
1 11 140
0 16 39
3 21 219
6 21 217
-1
1 16 42
-1
0 70 211
1 63 113
0 6 84
0 42 58
1 11 99
-1
1 7 109
1 47 55
6 60 208
3 12 181
2 45 63
0 74 198
0 35 61
1 130 178
1 53 132
0 17 164
3 27 59
0 83 140
1 88 103
0 104 129
1 91 174
3 87 105
8 12 204
1 79 158
2 88 197
2 7 202
0 36 129
2 12 207
7 15 57
2 26 190
0 1 67
3 11 169
1 53 75
-1
0 67 97
4 64 160
4 95 149
-1
7 21 135
-1
0 23 73
16 20 166
4 50 118
2 34 204
-1
4 37 95
0 4 130
-1
0 23 81
1 6 73
-1
1 25 114
1 49 216
-1
2 19 175
0 20 49
-1
0 27 211
3 14 193
2 17 221
4 5 185
12 94 150
0 7 26
9 11 129
0 109 154
5 31 125
0 51 105
3 34 44
6 70 82
0 32 64
1 2 178
8 8 16
0 49 175
0 6 29
1 6 50
10 26 102
0 73 195
8 92 140
1 20 85
0 81 95
0 100 148
0 100 101
6 30 122
0 42 75
1 55 199
2 80 202
8 8 62
2 135 159
0 26 138
-1
0 146 155
6 15 116
0 39 106
0 97 165
1 33 90
-1
1 46 199
3 24 41
0 31 200
0 7 92
3 24 155
-1
0 0 126
-1
-1
2 49 70
3 129 175
-1
5 59 193
-1
0 17 111
0 41 141
2 54 126
2 8 32
-1
0 21 106
1 50 201
6 52 184
0 51 156
-1
0 23 103
-1
2 14 80
2 59 123
-1
-1
2 22 44
2 134 166
0 29 205
0 76 149
0 5 173
0 84 136
-1
-1
-1
0 41 191
-1
0 0 94
0 45 148
2 19 211
2 21 129
1 128 142
2 79 171
4 67 107
0 35 104
0 129 165
0 58 67
0 38 136
2 34 214
1 12 17
2 2 128
1 70 107
1 2 75
-1
24 24 208
-1
12 48 156
4 6 130
4 55 68
3 122 172
1 144 159
1 21 69
4 104 170
6 50 162
2 110 124
0 0 184
-1
-1
0 87 147
8 24 182
0 14 172
5 103 155
0 103 155
0 127 173
24 112 168
1 130 141
1 85 173
5 24 36
-1
0 97 145
1 85 117
3 36 51
0 115 122
2 81 162
2 48 165
1 15 146
1 57 145
1 1 156
2 15 19
3 21 155
4 96 199
-1
8 28 92
-1
-1
4 30 126
1 39 59
2 12 116
-1
0 120 172
2 5 160
12 28 198
1 136 156
1 25 37
0 70 183
12 98 198
0 19 19
1 22 86
0 0 91
1 1 146
0 10 167
2 18 86
1 39 103
0 8 39
2 102 148
1 75 177
3 48 173
6 33 176
-1
9 9 101
4 8 50
4 70 202
6 26 138
0 65 126
4 26 92
5 30 134
1 5 113
1 127 183
2 25 203
3 18 194
0 34 120
1 116 180
-1
1 26 41
0 10 210
3 7 159
2 9 175
0 56 74
0 112 143
1 85 161
4 47 184
-1
4 119 160
3 27 214
0 48 96
2 70 74
1 29 131
0 8 193
3 86 206
4 30 153
1 119 129
1 40 116
-1
0 60 72
-1
2 10 48
-1
8 20 116
0 55 154
5 79 119
-1
-1
-1
7 82 194
-1
3 25 103
0 68 118
-1
1 5 42
0 48 50
-1
2 15 39
0 8 158
1 22 200
0 84 86
3 30 167
1 105 123
0 31 181
12 52 204
2 46 218
0 33 159
0 93 93
0 11 114
2 7 122
2 2 22
1 84 206
6 82 103
1 52 88
2 39 205
2 10 131
1 37 144
3 13 159
1 26 190
0 43 210
1 11 174
0 21 96
1 11 189
-1
0 79 205
4 98 157
0 26 34
4 6 105
12 50 186
0 43 180
2 6 119
3 27 131
0 5 15
4 58 166
2 28 35
-1
7 14 55
6 29 221
4 56 154
0 85 97
1 1 19
4 114 186
5 91 149
3 30 148
1 84 206
6 97 168
4 36 172
2 36 126
-1
5 6 150
6 27 106
2 4 176
0 6 129
4 8 78
2 69 116
4 39 192
7 26 175
-1
6 72 130
-1
0 20 146
12 120 148
0 11 82
6 100 126
0 114 120
4 9 174
12 40 48
4 74 80
-1
2 24 60
3 97 102
0 4 102
-1
1 65 179
-1
0 14 135
4 88 108
5 57 137
1 106 189
3 10 33
1 31 93
0 118 147
3 5 115
0 32 151
-1
3 31 123
2 20 93
1 13 132
-1
1 43 140
6 6 46
3 19 93
5 50 158
5 117 135
-1
-1
2 44 186
1 41 184
0 33 72
3 17 125
5 17 181
0 115 122
2 75 202
-1
0 7 76
0 18 164
4 38 155
4 38 133
0 35 196
3 33 209
0 24 96
5 67 199
0 37 53
0 41 138
-1
2 15 17
4 18 54
-1
