1
11
12
5
9
7
1
11
9
7
0
11
12
14
13
7
14
3
5
1
16
10
6
5
16
5
6
5
5
10
9
14
9
8
3
6
9
3
6
15
10
12
4
2
1
7
10
16
7
7
3
6
17
12
6
13
7
8
9
2
10
7
18
17
5
6
5
5
3
10
11
14
3
9
3
17
5
8
4
4
16
3
14
12
9
2
17
8
4
5
8
7
5
10
2
13
2
2
19
8
5
5
2
1
7
9
9
1
4
4
1
3
6
14
6
13
9
4
15
14
15
2
0
4
8
21
12
11
6
9
10
7
5
4
2
5
14
15
5
6
2
11
0
3
14
4
10
8
9
18
3
0
9
14
6
21
14
11
11
4
7
4
11
6
4
4
2
10
2
13
8
15
11
2
2
5
5
0
9
11
2
9
2
3
1
13
4
1
3
8
10
7
0
13
15
10
16
1
11
18
14
9
17
4
12
11
0
7
9
15
8
14
17
4
3
3
3
5
8
11
17
6
6
4
2
0
5
5
4
3
0
8
5
12
8
7
1
0
5
3
2
6
15
1
11
10
3
3
12
8
1
0
7
18
5
11
7
6
7
13
5
6
12
14
15
10
5
2
7
2
10
8
0
9
8
12
9
11
6
12
4
9
11
2
8
5
20
7
3
11
12
6
13
1
6
2
6
2
15
4
3
4
3
2
3
1
13
17
0
3
6
4
0
6
7
9
17
19
11
10
1
10
6
9
16
6
6
11
8
13
5
11
7
12
12
10
4
13
10
2
21
16
7
11
17
17
2
12
5
2
4
8
15
18
0
4
13
5
7
5
5
7
0
5
2
13
10
17
4
1
6
0
2
14
5
5
5
8
1
14
3
7
1
4
10
10
9
14
8
3
9
2
16
12
6
8
0
10
9
16
11
7
4
12
1
16
2
7
16
3
11
6
2
6
15
1
11
14
9
8
9
11
0
11
16
5
17
8
7
3
1
1
4
17
3
4
2
15
11
0
5
3
3
7
10
17
11
6
4
5
14
9
10
8
11
13
1
4
3
9
10
3
3
4
18
1
3
3
9
7
12
3
0
3
7
14
3
12
2
5
14
6
6
13
8
5
3
0
7
16
2
11
2
13
6
2
6
13
15
8
