Case #1: 20 1
Case #2: 22 2
Case #3: 14 1
Case #4: 15 1
Case #5: 18 1
Case #6: 17 1
Case #7: 20 1
Case #8: 19 1
Case #9: 16 1
Case #10: 18 1
Case #11: 17 1
Case #12: 14 1
Case #13: 23 1
Case #14: 19 1
Case #15: 16 1
Case #16: 18 1
Case #17: 17 1
Case #18: 20 1
Case #19: 20 1
Case #20: 16 1
Case #21: 19 2
Case #22: 20 1
Case #23: 18 1
Case #24: 14 1
Case #25: 19 2
Case #26: 17 1
Case #27: 20 2
Case #28: 20 1
Case #29: 19 2
Case #30: 16 1
Case #31: 17 2
Case #32: 16 1
Case #33: 19 1
Case #34: 18 1
Case #35: 19 1
Case #36: 19 1
Case #37: 18 1
Case #38: 17 1
Case #39: 16 1
Case #40: 18 2
Case #41: 17 1
Case #42: 20 1
Case #43: 19 1
Case #44: 18 1
Case #45: 21 1
Case #46: 11 1
Case #47: 16 1
Case #48: 20 1
Case #49: 19 1
Case #50: 17 1
Case #51: 19 1
Case #52: 18 1
Case #53: 18 1
Case #54: 21 1
Case #55: 20 1
Case #56: 21 2
Case #57: 17 1
Case #58: 14 1
Case #59: 20 2
Case #60: 19 1
Case #61: 17 1
Case #62: 19 1
Case #63: 22 1
Case #64: 20 1
Case #65: 18 1
Case #66: 22 1
Case #67: 22 1
Case #68: 21 1
Case #69: 20 1
Case #70: 19 1
